# JRE version: Java(TM) SE Runtime Environment (8.0_25-b18) (build 1.8.0_25-b18)
# Java VM: Java HotSpot(TM) 64-Bit Server VM (25.25-b02 mixed mode windows-amd64 compressed oops)
Heap:
 PSYoungGen      total 289280K, used 151947K [0x00000000e0400000, 0x00000000f7280000, 0x0000000100000000)
  eden space 231936K, 61% used [0x00000000e0400000,0x00000000e8f930f8,0x00000000ee680000)
  from space 57344K, 15% used [0x00000000ee680000,0x00000000eef4fb40,0x00000000f1e80000)
  to   space 55808K, 0% used [0x00000000f3c00000,0x00000000f3c00000,0x00000000f7280000)
 ParOldGen       total 226816K, used 145295K [0x00000000a0c00000, 0x00000000ae980000, 0x00000000e0400000)
  object space 226816K, 64% used [0x00000000a0c00000,0x00000000a99e3f50,0x00000000ae980000)
 Metaspace       used 17639K, capacity 17865K, committed 17920K, reserved 1064960K
  class space    used 1716K, capacity 1761K, committed 1792K, reserved 1048576K
GC Heap History (10 events):
Event: 3.819 GC heap before
{Heap before GC invocations=14 (full 3):
 PSYoungGen      total 217088K, used 155059K [0x00000000e0400000, 0x00000000f1880000, 0x0000000100000000)
  eden space 160256K, 96% used [0x00000000e0400000,0x00000000e9b6cc18,0x00000000ea080000)
  from space 56832K, 0% used [0x00000000ee100000,0x00000000ee100000,0x00000000f1880000)
  to   space 61440K, 0% used [0x00000000ea080000,0x00000000ea080000,0x00000000edc80000)
 ParOldGen       total 226816K, used 145255K [0x00000000a0c00000, 0x00000000ae980000, 0x00000000e0400000)
  object space 226816K, 64% used [0x00000000a0c00000,0x00000000a99d9f50,0x00000000ae980000)
 Metaspace       used 17399K, capacity 17601K, committed 17664K, reserved 1064960K
  class space    used 1705K, capacity 1761K, committed 1792K, reserved 1048576K
Event: 3.821 GC heap after
Heap after GC invocations=14 (full 3):
 PSYoungGen      total 221696K, used 9022K [0x00000000e0400000, 0x00000000f4300000, 0x0000000100000000)
  eden space 160256K, 0% used [0x00000000e0400000,0x00000000e0400000,0x00000000ea080000)
  from space 61440K, 14% used [0x00000000ea080000,0x00000000ea94fb40,0x00000000edc80000)
  to   space 60928K, 0% used [0x00000000f0780000,0x00000000f0780000,0x00000000f4300000)
 ParOldGen       total 226816K, used 145263K [0x00000000a0c00000, 0x00000000ae980000, 0x00000000e0400000)
  object space 226816K, 64% used [0x00000000a0c00000,0x00000000a99dbf50,0x00000000ae980000)
 Metaspace       used 17399K, capacity 17601K, committed 17664K, reserved 1064960K
  class space    used 1705K, capacity 1761K, committed 1792K, reserved 1048576K
}
Event: 4.452 GC heap before
{Heap before GC invocations=15 (full 3):
 PSYoungGen      total 221696K, used 167288K [0x00000000e0400000, 0x00000000f4300000, 0x0000000100000000)
  eden space 160256K, 98% used [0x00000000e0400000,0x00000000e9e8e810,0x00000000ea080000)
  from space 61440K, 14% used [0x00000000ea080000,0x00000000ea94fb40,0x00000000edc80000)
  to   space 60928K, 0% used [0x00000000f0780000,0x00000000f0780000,0x00000000f4300000)
 ParOldGen       total 226816K, used 145263K [0x00000000a0c00000, 0x00000000ae980000, 0x00000000e0400000)
  object space 226816K, 64% used [0x00000000a0c00000,0x00000000a99dbf50,0x00000000ae980000)
 Metaspace       used 17462K, capacity 17665K, committed 17920K, reserved 1064960K
  class space    used 1705K, capacity 1761K, committed 1792K, reserved 1048576K
Event: 4.457 GC heap after
Heap after GC invocations=15 (full 3):
 PSYoungGen      total 252416K, used 9006K [0x00000000e0400000, 0x00000000f3c00000, 0x0000000100000000)
  eden space 198656K, 0% used [0x00000000e0400000,0x00000000e0400000,0x00000000ec600000)
  from space 53760K, 16% used [0x00000000f0780000,0x00000000f104bb50,0x00000000f3c00000)
  to   space 60416K, 0% used [0x00000000ec600000,0x00000000ec600000,0x00000000f0100000)
 ParOldGen       total 226816K, used 145271K [0x00000000a0c00000, 0x00000000ae980000, 0x00000000e0400000)
  object space 226816K, 64% used [0x00000000a0c00000,0x00000000a99ddf50,0x00000000ae980000)
 Metaspace       used 17462K, capacity 17665K, committed 17920K, reserved 1064960K
  class space    used 1705K, capacity 1761K, committed 1792K, reserved 1048576K
}
Event: 5.219 GC heap before
{Heap before GC invocations=16 (full 3):
 PSYoungGen      total 252416K, used 201517K [0x00000000e0400000, 0x00000000f3c00000, 0x0000000100000000)
  eden space 198656K, 96% used [0x00000000e0400000,0x00000000ebfff8b0,0x00000000ec600000)
  from space 53760K, 16% used [0x00000000f0780000,0x00000000f104bb50,0x00000000f3c00000)
  to   space 60416K, 0% used [0x00000000ec600000,0x00000000ec600000,0x00000000f0100000)
 ParOldGen       total 226816K, used 145271K [0x00000000a0c00000, 0x00000000ae980000, 0x00000000e0400000)
  object space 226816K, 64% used [0x00000000a0c00000,0x00000000a99ddf50,0x00000000ae980000)
 Metaspace       used 17548K, capacity 17729K, committed 17920K, reserved 1064960K
  class space    used 1716K, capacity 1761K, committed 1792K, reserved 1048576K
Event: 5.222 GC heap after
Heap after GC invocations=16 (full 3):
 PSYoungGen      total 259072K, used 9006K [0x00000000e0400000, 0x00000000f6000000, 0x0000000100000000)
  eden space 198656K, 0% used [0x00000000e0400000,0x00000000e0400000,0x00000000ec600000)
  from space 60416K, 14% used [0x00000000ec600000,0x00000000ececbb50,0x00000000f0100000)
  to   space 58880K, 0% used [0x00000000f2680000,0x00000000f2680000,0x00000000f6000000)
 ParOldGen       total 226816K, used 145279K [0x00000000a0c00000, 0x00000000ae980000, 0x00000000e0400000)
  object space 226816K, 64% used [0x00000000a0c00000,0x00000000a99dff50,0x00000000ae980000)
 Metaspace       used 17548K, capacity 17729K, committed 17920K, reserved 1064960K
  class space    used 1716K, capacity 1761K, committed 1792K, reserved 1048576K
}
Event: 5.988 GC heap before
{Heap before GC invocations=17 (full 3):
 PSYoungGen      total 259072K, used 200693K [0x00000000e0400000, 0x00000000f6000000, 0x0000000100000000)
  eden space 198656K, 96% used [0x00000000e0400000,0x00000000ebf31918,0x00000000ec600000)
  from space 60416K, 14% used [0x00000000ec600000,0x00000000ececbb50,0x00000000f0100000)
  to   space 58880K, 0% used [0x00000000f2680000,0x00000000f2680000,0x00000000f6000000)
 ParOldGen       total 226816K, used 145279K [0x00000000a0c00000, 0x00000000ae980000, 0x00000000e0400000)
  object space 226816K, 64% used [0x00000000a0c00000,0x00000000a99dff50,0x00000000ae980000)
 Metaspace       used 17580K, capacity 17793K, committed 17920K, reserved 1064960K
  class space    used 1716K, capacity 1761K, committed 1792K, reserved 1048576K
Event: 5.993 GC heap after
Heap after GC invocations=17 (full 3):
 PSYoungGen      total 281088K, used 9022K [0x00000000e0400000, 0x00000000f5680000, 0x0000000100000000)
  eden space 231936K, 0% used [0x00000000e0400000,0x00000000e0400000,0x00000000ee680000)
  from space 49152K, 18% used [0x00000000f2680000,0x00000000f2f4fb40,0x00000000f5680000)
  to   space 57344K, 0% used [0x00000000ee680000,0x00000000ee680000,0x00000000f1e80000)
 ParOldGen       total 226816K, used 145287K [0x00000000a0c00000, 0x00000000ae980000, 0x00000000e0400000)
  object space 226816K, 64% used [0x00000000a0c00000,0x00000000a99e1f50,0x00000000ae980000)
 Metaspace       used 17580K, capacity 17793K, committed 17920K, reserved 1064960K
  class space    used 1716K, capacity 1761K, committed 1792K, reserved 1048576K
}
Event: 6.887 GC heap before
{Heap before GC invocations=18 (full 3):
 PSYoungGen      total 281088K, used 233392K [0x00000000e0400000, 0x00000000f5680000, 0x0000000100000000)
  eden space 231936K, 96% used [0x00000000e0400000,0x00000000edf1c7e0,0x00000000ee680000)
  from space 49152K, 18% used [0x00000000f2680000,0x00000000f2f4fb40,0x00000000f5680000)
  to   space 57344K, 0% used [0x00000000ee680000,0x00000000ee680000,0x00000000f1e80000)
 ParOldGen       total 226816K, used 145287K [0x00000000a0c00000, 0x00000000ae980000, 0x00000000e0400000)
  object space 226816K, 64% used [0x00000000a0c00000,0x00000000a99e1f50,0x00000000ae980000)
 Metaspace       used 17622K, capacity 17857K, committed 17920K, reserved 1064960K
  class space    used 1716K, capacity 1761K, committed 1792K, reserved 1048576K
Event: 6.889 GC heap after
Heap after GC invocations=18 (full 3):
 PSYoungGen      total 289280K, used 9022K [0x00000000e0400000, 0x00000000f7280000, 0x0000000100000000)
  eden space 231936K, 0% used [0x00000000e0400000,0x00000000e0400000,0x00000000ee680000)
  from space 57344K, 15% used [0x00000000ee680000,0x00000000eef4fb40,0x00000000f1e80000)
  to   space 55808K, 0% used [0x00000000f3c00000,0x00000000f3c00000,0x00000000f7280000)
 ParOldGen       total 226816K, used 145295K [0x00000000a0c00000, 0x00000000ae980000, 0x00000000e0400000)
  object space 226816K, 64% used [0x00000000a0c00000,0x00000000a99e3f50,0x00000000ae980000)
 Metaspace       used 17622K, capacity 17857K, committed 17920K, reserved 1064960K
  class space    used 1716K, capacity 1761K, committed 1792K, reserved 1048576K
}

