# JRE version: Java(TM) SE Runtime Environment (8.0_25-b18) (build 1.8.0_25-b18)
# Java VM: Java HotSpot(TM) 64-Bit Server VM (25.25-b02 mixed mode windows-amd64 compressed oops)
Heap:
 PSYoungGen      total 339456K, used 55879K [0x00000000e0400000, 0x00000000f8f00000, 0x0000000100000000)
  eden space 291840K, 19% used [0x00000000e0400000,0x00000000e3a59fa0,0x00000000f2100000)
  from space 47616K, 0% used [0x00000000f6080000,0x00000000f60b8000,0x00000000f8f00000)
  to   space 56320K, 0% used [0x00000000f2100000,0x00000000f2100000,0x00000000f5800000)
 ParOldGen       total 224256K, used 155426K [0x00000000a0c00000, 0x00000000ae700000, 0x00000000e0400000)
  object space 224256K, 69% used [0x00000000a0c00000,0x00000000aa3c8ac0,0x00000000ae700000)
 Metaspace       used 18290K, capacity 18473K, committed 18816K, reserved 1067008K
  class space    used 1756K, capacity 1793K, committed 1920K, reserved 1048576K
GC Heap History (10 events):
Event: 5.571 GC heap before
{Heap before GC invocations=15 (full 3):
 PSYoungGen      total 238592K, used 172992K [0x00000000e0400000, 0x00000000f5b80000, 0x0000000100000000)
  eden space 179200K, 96% used [0x00000000e0400000,0x00000000eac40050,0x00000000eb300000)
  from space 59392K, 1% used [0x00000000eb300000,0x00000000eb3b0000,0x00000000eed00000)
  to   space 60416K, 0% used [0x00000000f2080000,0x00000000f2080000,0x00000000f5b80000)
 ParOldGen       total 224256K, used 154834K [0x00000000a0c00000, 0x00000000ae700000, 0x00000000e0400000)
  object space 224256K, 69% used [0x00000000a0c00000,0x00000000aa334aa0,0x00000000ae700000)
 Metaspace       used 18039K, capacity 18209K, committed 18560K, reserved 1067008K
  class space    used 1756K, capacity 1793K, committed 1920K, reserved 1048576K
Event: 5.572 GC heap after
Heap after GC invocations=15 (full 3):
 PSYoungGen      total 276992K, used 96K [0x00000000e0400000, 0x00000000f5480000, 0x0000000100000000)
  eden space 223744K, 0% used [0x00000000e0400000,0x00000000e0400000,0x00000000ede80000)
  from space 53248K, 0% used [0x00000000f2080000,0x00000000f2098000,0x00000000f5480000)
  to   space 60416K, 0% used [0x00000000ede80000,0x00000000ede80000,0x00000000f1980000)
 ParOldGen       total 224256K, used 155402K [0x00000000a0c00000, 0x00000000ae700000, 0x00000000e0400000)
  object space 224256K, 69% used [0x00000000a0c00000,0x00000000aa3c2ac0,0x00000000ae700000)
 Metaspace       used 18039K, capacity 18209K, committed 18560K, reserved 1067008K
  class space    used 1756K, capacity 1793K, committed 1920K, reserved 1048576K
}
Event: 6.370 GC heap before
{Heap before GC invocations=16 (full 3):
 PSYoungGen      total 276992K, used 216549K [0x00000000e0400000, 0x00000000f5480000, 0x0000000100000000)
  eden space 223744K, 96% used [0x00000000e0400000,0x00000000ed7616e8,0x00000000ede80000)
  from space 53248K, 0% used [0x00000000f2080000,0x00000000f2098000,0x00000000f5480000)
  to   space 60416K, 0% used [0x00000000ede80000,0x00000000ede80000,0x00000000f1980000)
 ParOldGen       total 224256K, used 155402K [0x00000000a0c00000, 0x00000000ae700000, 0x00000000e0400000)
  object space 224256K, 69% used [0x00000000a0c00000,0x00000000aa3c2ac0,0x00000000ae700000)
 Metaspace       used 18079K, capacity 18273K, committed 18560K, reserved 1067008K
  class space    used 1756K, capacity 1793K, committed 1920K, reserved 1048576K
Event: 6.371 GC heap after
Heap after GC invocations=16 (full 3):
 PSYoungGen      total 284160K, used 128K [0x00000000e0400000, 0x00000000f8100000, 0x0000000100000000)
  eden space 223744K, 0% used [0x00000000e0400000,0x00000000e0400000,0x00000000ede80000)
  from space 60416K, 0% used [0x00000000ede80000,0x00000000edea0000,0x00000000f1980000)
  to   space 59904K, 0% used [0x00000000f4680000,0x00000000f4680000,0x00000000f8100000)
 ParOldGen       total 224256K, used 155410K [0x00000000a0c00000, 0x00000000ae700000, 0x00000000e0400000)
  object space 224256K, 69% used [0x00000000a0c00000,0x00000000aa3c4ac0,0x00000000ae700000)
 Metaspace       used 18079K, capacity 18273K, committed 18560K, reserved 1067008K
  class space    used 1756K, capacity 1793K, committed 1920K, reserved 1048576K
}
Event: 7.172 GC heap before
{Heap before GC invocations=17 (full 3):
 PSYoungGen      total 284160K, used 216983K [0x00000000e0400000, 0x00000000f8100000, 0x0000000100000000)
  eden space 223744K, 96% used [0x00000000e0400000,0x00000000ed7c5ee8,0x00000000ede80000)
  from space 60416K, 0% used [0x00000000ede80000,0x00000000edea0000,0x00000000f1980000)
  to   space 59904K, 0% used [0x00000000f4680000,0x00000000f4680000,0x00000000f8100000)
 ParOldGen       total 224256K, used 155410K [0x00000000a0c00000, 0x00000000ae700000, 0x00000000e0400000)
  object space 224256K, 69% used [0x00000000a0c00000,0x00000000aa3c4ac0,0x00000000ae700000)
 Metaspace       used 18120K, capacity 18337K, committed 18560K, reserved 1067008K
  class space    used 1756K, capacity 1793K, committed 1920K, reserved 1048576K
Event: 7.173 GC heap after
Heap after GC invocations=17 (full 3):
 PSYoungGen      total 312832K, used 128K [0x00000000e0400000, 0x00000000f7800000, 0x0000000100000000)
  eden space 262144K, 0% used [0x00000000e0400000,0x00000000e0400000,0x00000000f0400000)
  from space 50688K, 0% used [0x00000000f4680000,0x00000000f46a0000,0x00000000f7800000)
  to   space 59392K, 0% used [0x00000000f0400000,0x00000000f0400000,0x00000000f3e00000)
 ParOldGen       total 224256K, used 155410K [0x00000000a0c00000, 0x00000000ae700000, 0x00000000e0400000)
  object space 224256K, 69% used [0x00000000a0c00000,0x00000000aa3c4ac0,0x00000000ae700000)
 Metaspace       used 18120K, capacity 18337K, committed 18560K, reserved 1067008K
  class space    used 1756K, capacity 1793K, committed 1920K, reserved 1048576K
}
Event: 8.139 GC heap before
{Heap before GC invocations=18 (full 3):
 PSYoungGen      total 312832K, used 261456K [0x00000000e0400000, 0x00000000f7800000, 0x0000000100000000)
  eden space 262144K, 99% used [0x00000000e0400000,0x00000000f0334278,0x00000000f0400000)
  from space 50688K, 0% used [0x00000000f4680000,0x00000000f46a0000,0x00000000f7800000)
  to   space 59392K, 0% used [0x00000000f0400000,0x00000000f0400000,0x00000000f3e00000)
 ParOldGen       total 224256K, used 155410K [0x00000000a0c00000, 0x00000000ae700000, 0x00000000e0400000)
  object space 224256K, 69% used [0x00000000a0c00000,0x00000000aa3c4ac0,0x00000000ae700000)
 Metaspace       used 18178K, capacity 18345K, committed 18560K, reserved 1067008K
  class space    used 1756K, capacity 1793K, committed 1920K, reserved 1048576K
Event: 8.140 GC heap after
Heap after GC invocations=18 (full 3):
 PSYoungGen      total 321536K, used 160K [0x00000000e0400000, 0x00000000f9900000, 0x0000000100000000)
  eden space 262144K, 0% used [0x00000000e0400000,0x00000000e0400000,0x00000000f0400000)
  from space 59392K, 0% used [0x00000000f0400000,0x00000000f0428000,0x00000000f3e00000)
  to   space 57856K, 0% used [0x00000000f6080000,0x00000000f6080000,0x00000000f9900000)
 ParOldGen       total 224256K, used 155418K [0x00000000a0c00000, 0x00000000ae700000, 0x00000000e0400000)
  object space 224256K, 69% used [0x00000000a0c00000,0x00000000aa3c6ac0,0x00000000ae700000)
 Metaspace       used 18178K, capacity 18345K, committed 18560K, reserved 1067008K
  class space    used 1756K, capacity 1793K, committed 1920K, reserved 1048576K
}
Event: 9.103 GC heap before
{Heap before GC invocations=19 (full 3):
 PSYoungGen      total 321536K, used 261180K [0x00000000e0400000, 0x00000000f9900000, 0x0000000100000000)
  eden space 262144K, 99% used [0x00000000e0400000,0x00000000f02e7250,0x00000000f0400000)
  from space 59392K, 0% used [0x00000000f0400000,0x00000000f0428000,0x00000000f3e00000)
  to   space 57856K, 0% used [0x00000000f6080000,0x00000000f6080000,0x00000000f9900000)
 ParOldGen       total 224256K, used 155418K [0x00000000a0c00000, 0x00000000ae700000, 0x00000000e0400000)
  object space 224256K, 69% used [0x00000000a0c00000,0x00000000aa3c6ac0,0x00000000ae700000)
 Metaspace       used 18281K, capacity 18473K, committed 18816K, reserved 1067008K
  class space    used 1756K, capacity 1793K, committed 1920K, reserved 1048576K
Event: 9.104 GC heap after
Heap after GC invocations=19 (full 3):
 PSYoungGen      total 339456K, used 224K [0x00000000e0400000, 0x00000000f8f00000, 0x0000000100000000)
  eden space 291840K, 0% used [0x00000000e0400000,0x00000000e0400000,0x00000000f2100000)
  from space 47616K, 0% used [0x00000000f6080000,0x00000000f60b8000,0x00000000f8f00000)
  to   space 56320K, 0% used [0x00000000f2100000,0x00000000f2100000,0x00000000f5800000)
 ParOldGen       total 224256K, used 155426K [0x00000000a0c00000, 0x00000000ae700000, 0x00000000e0400000)
  object space 224256K, 69% used [0x00000000a0c00000,0x00000000aa3c8ac0,0x00000000ae700000)
 Metaspace       used 18281K, capacity 18473K, committed 18816K, reserved 1067008K
  class space    used 1756K, capacity 1793K, committed 1920K, reserved 1048576K
}

