# JRE version: Java(TM) SE Runtime Environment (8.0_25-b18) (build 1.8.0_25-b18)
# Java VM: Java HotSpot(TM) 64-Bit Server VM (25.25-b02 mixed mode windows-amd64 compressed oops)
Heap:
 PSYoungGen      total 442368K, used 318836K [0x00000000e0400000, 0x00000000fd400000, 0x0000000100000000)
  eden space 413696K, 77% used [0x00000000e0400000,0x00000000f3b25340,0x00000000f9800000)
  from space 28672K, 0% used [0x00000000fb800000,0x00000000fb838000,0x00000000fd400000)
  to   space 30720K, 0% used [0x00000000f9800000,0x00000000f9800000,0x00000000fb600000)
 ParOldGen       total 207360K, used 156415K [0x00000000a0c00000, 0x00000000ad680000, 0x00000000e0400000)
  object space 207360K, 75% used [0x00000000a0c00000,0x00000000aa4bfef0,0x00000000ad680000)
 Metaspace       used 18041K, capacity 18221K, committed 18560K, reserved 1067008K
  class space    used 1733K, capacity 1793K, committed 1920K, reserved 1048576K
GC Heap History (10 events):
Event: 20.374 GC heap before
{Heap before GC invocations=40 (full 2):
 PSYoungGen      total 451072K, used 406688K [0x00000000e0400000, 0x00000000fe580000, 0x0000000100000000)
  eden space 406528K, 100% used [0x00000000e0400000,0x00000000f9100000,0x00000000f9100000)
  from space 44544K, 0% used [0x00000000f9100000,0x00000000f9128000,0x00000000fbc80000)
  to   space 41984K, 0% used [0x00000000fbc80000,0x00000000fbc80000,0x00000000fe580000)
 ParOldGen       total 207360K, used 156367K [0x00000000a0c00000, 0x00000000ad680000, 0x00000000e0400000)
  object space 207360K, 75% used [0x00000000a0c00000,0x00000000aa4b3ef0,0x00000000ad680000)
 Metaspace       used 18006K, capacity 18221K, committed 18560K, reserved 1067008K
  class space    used 1722K, capacity 1793K, committed 1920K, reserved 1048576K
Event: 20.376 GC heap after
Heap after GC invocations=40 (full 2):
 PSYoungGen      total 445952K, used 256K [0x00000000e0400000, 0x00000000fe080000, 0x0000000100000000)
  eden space 409088K, 0% used [0x00000000e0400000,0x00000000e0400000,0x00000000f9380000)
  from space 36864K, 0% used [0x00000000fbc80000,0x00000000fbcc0000,0x00000000fe080000)
  to   space 39424K, 0% used [0x00000000f9380000,0x00000000f9380000,0x00000000fba00000)
 ParOldGen       total 207360K, used 156367K [0x00000000a0c00000, 0x00000000ad680000, 0x00000000e0400000)
  object space 207360K, 75% used [0x00000000a0c00000,0x00000000aa4b3ef0,0x00000000ad680000)
 Metaspace       used 18006K, capacity 18221K, committed 18560K, reserved 1067008K
  class space    used 1722K, capacity 1793K, committed 1920K, reserved 1048576K
}
Event: 20.925 GC heap before
{Heap before GC invocations=41 (full 2):
 PSYoungGen      total 445952K, used 409344K [0x00000000e0400000, 0x00000000fe080000, 0x0000000100000000)
  eden space 409088K, 100% used [0x00000000e0400000,0x00000000f9380000,0x00000000f9380000)
  from space 36864K, 0% used [0x00000000fbc80000,0x00000000fbcc0000,0x00000000fe080000)
  to   space 39424K, 0% used [0x00000000f9380000,0x00000000f9380000,0x00000000fba00000)
 ParOldGen       total 207360K, used 156367K [0x00000000a0c00000, 0x00000000ad680000, 0x00000000e0400000)
  object space 207360K, 75% used [0x00000000a0c00000,0x00000000aa4b3ef0,0x00000000ad680000)
 Metaspace       used 18006K, capacity 18221K, committed 18560K, reserved 1067008K
  class space    used 1722K, capacity 1793K, committed 1920K, reserved 1048576K
Event: 20.926 GC heap after
Heap after GC invocations=41 (full 2):
 PSYoungGen      total 448512K, used 192K [0x00000000e0400000, 0x00000000fde80000, 0x0000000100000000)
  eden space 409088K, 0% used [0x00000000e0400000,0x00000000e0400000,0x00000000f9380000)
  from space 39424K, 0% used [0x00000000f9380000,0x00000000f93b0000,0x00000000fba00000)
  to   space 37376K, 0% used [0x00000000fba00000,0x00000000fba00000,0x00000000fde80000)
 ParOldGen       total 207360K, used 156407K [0x00000000a0c00000, 0x00000000ad680000, 0x00000000e0400000)
  object space 207360K, 75% used [0x00000000a0c00000,0x00000000aa4bdef0,0x00000000ad680000)
 Metaspace       used 18006K, capacity 18221K, committed 18560K, reserved 1067008K
  class space    used 1722K, capacity 1793K, committed 1920K, reserved 1048576K
}
Event: 21.477 GC heap before
{Heap before GC invocations=42 (full 2):
 PSYoungGen      total 448512K, used 409280K [0x00000000e0400000, 0x00000000fde80000, 0x0000000100000000)
  eden space 409088K, 100% used [0x00000000e0400000,0x00000000f9380000,0x00000000f9380000)
  from space 39424K, 0% used [0x00000000f9380000,0x00000000f93b0000,0x00000000fba00000)
  to   space 37376K, 0% used [0x00000000fba00000,0x00000000fba00000,0x00000000fde80000)
 ParOldGen       total 207360K, used 156407K [0x00000000a0c00000, 0x00000000ad680000, 0x00000000e0400000)
  object space 207360K, 75% used [0x00000000a0c00000,0x00000000aa4bdef0,0x00000000ad680000)
 Metaspace       used 18006K, capacity 18221K, committed 18560K, reserved 1067008K
  class space    used 1722K, capacity 1793K, committed 1920K, reserved 1048576K
Event: 21.480 GC heap after
Heap after GC invocations=42 (full 2):
 PSYoungGen      total 445440K, used 160K [0x00000000e0400000, 0x00000000fdb00000, 0x0000000100000000)
  eden space 411648K, 0% used [0x00000000e0400000,0x00000000e0400000,0x00000000f9600000)
  from space 33792K, 0% used [0x00000000fba00000,0x00000000fba28000,0x00000000fdb00000)
  to   space 35328K, 0% used [0x00000000f9600000,0x00000000f9600000,0x00000000fb880000)
 ParOldGen       total 207360K, used 156407K [0x00000000a0c00000, 0x00000000ad680000, 0x00000000e0400000)
  object space 207360K, 75% used [0x00000000a0c00000,0x00000000aa4bdef0,0x00000000ad680000)
 Metaspace       used 18006K, capacity 18221K, committed 18560K, reserved 1067008K
  class space    used 1722K, capacity 1793K, committed 1920K, reserved 1048576K
}
Event: 22.016 GC heap before
{Heap before GC invocations=43 (full 2):
 PSYoungGen      total 445440K, used 411808K [0x00000000e0400000, 0x00000000fdb00000, 0x0000000100000000)
  eden space 411648K, 100% used [0x00000000e0400000,0x00000000f9600000,0x00000000f9600000)
  from space 33792K, 0% used [0x00000000fba00000,0x00000000fba28000,0x00000000fdb00000)
  to   space 35328K, 0% used [0x00000000f9600000,0x00000000f9600000,0x00000000fb880000)
 ParOldGen       total 207360K, used 156407K [0x00000000a0c00000, 0x00000000ad680000, 0x00000000e0400000)
  object space 207360K, 75% used [0x00000000a0c00000,0x00000000aa4bdef0,0x00000000ad680000)
 Metaspace       used 18006K, capacity 18221K, committed 18560K, reserved 1067008K
  class space    used 1722K, capacity 1793K, committed 1920K, reserved 1048576K
Event: 22.018 GC heap after
Heap after GC invocations=43 (full 2):
 PSYoungGen      total 412160K, used 160K [0x00000000e0400000, 0x00000000fd800000, 0x0000000100000000)
  eden space 411648K, 0% used [0x00000000e0400000,0x00000000e0400000,0x00000000f9600000)
  from space 512K, 31% used [0x00000000f9600000,0x00000000f9628000,0x00000000f9680000)
  to   space 32768K, 0% used [0x00000000fb800000,0x00000000fb800000,0x00000000fd800000)
 ParOldGen       total 207360K, used 156415K [0x00000000a0c00000, 0x00000000ad680000, 0x00000000e0400000)
  object space 207360K, 75% used [0x00000000a0c00000,0x00000000aa4bfef0,0x00000000ad680000)
 Metaspace       used 18006K, capacity 18221K, committed 18560K, reserved 1067008K
  class space    used 1722K, capacity 1793K, committed 1920K, reserved 1048576K
}
Event: 22.543 GC heap before
{Heap before GC invocations=44 (full 2):
 PSYoungGen      total 412160K, used 411808K [0x00000000e0400000, 0x00000000fd800000, 0x0000000100000000)
  eden space 411648K, 100% used [0x00000000e0400000,0x00000000f9600000,0x00000000f9600000)
  from space 512K, 31% used [0x00000000f9600000,0x00000000f9628000,0x00000000f9680000)
  to   space 32768K, 0% used [0x00000000fb800000,0x00000000fb800000,0x00000000fd800000)
 ParOldGen       total 207360K, used 156415K [0x00000000a0c00000, 0x00000000ad680000, 0x00000000e0400000)
  object space 207360K, 75% used [0x00000000a0c00000,0x00000000aa4bfef0,0x00000000ad680000)
 Metaspace       used 18006K, capacity 18221K, committed 18560K, reserved 1067008K
  class space    used 1722K, capacity 1793K, committed 1920K, reserved 1048576K
Event: 22.545 GC heap after
Heap after GC invocations=44 (full 2):
 PSYoungGen      total 442368K, used 224K [0x00000000e0400000, 0x00000000fd400000, 0x0000000100000000)
  eden space 413696K, 0% used [0x00000000e0400000,0x00000000e0400000,0x00000000f9800000)
  from space 28672K, 0% used [0x00000000fb800000,0x00000000fb838000,0x00000000fd400000)
  to   space 30720K, 0% used [0x00000000f9800000,0x00000000f9800000,0x00000000fb600000)
 ParOldGen       total 207360K, used 156415K [0x00000000a0c00000, 0x00000000ad680000, 0x00000000e0400000)
  object space 207360K, 75% used [0x00000000a0c00000,0x00000000aa4bfef0,0x00000000ad680000)
 Metaspace       used 18006K, capacity 18221K, committed 18560K, reserved 1067008K
  class space    used 1722K, capacity 1793K, committed 1920K, reserved 1048576K
}

