# JRE version: Java(TM) SE Runtime Environment (8.0_25-b18) (build 1.8.0_25-b18)
# Java VM: Java HotSpot(TM) 64-Bit Server VM (25.25-b02 mixed mode windows-amd64 compressed oops)
Heap:
 PSYoungGen      total 423936K, used 268437K [0x00000000e0400000, 0x00000000fbb00000, 0x0000000100000000)
  eden space 402432K, 66% used [0x00000000e0400000,0x00000000f09f57c0,0x00000000f8d00000)
  from space 21504K, 0% used [0x00000000fa600000,0x00000000fa630000,0x00000000fbb00000)
  to   space 23552K, 0% used [0x00000000f8d00000,0x00000000f8d00000,0x00000000fa400000)
 ParOldGen       total 221696K, used 155645K [0x00000000a0c00000, 0x00000000ae480000, 0x00000000e0400000)
  object space 221696K, 70% used [0x00000000a0c00000,0x00000000aa3ff498,0x00000000ae480000)
 Metaspace       used 18663K, capacity 18863K, committed 19072K, reserved 1067008K
  class space    used 1762K, capacity 1794K, committed 1920K, reserved 1048576K
GC Heap History (10 events):
Event: 25.901 GC heap before
{Heap before GC invocations=31 (full 3):
 PSYoungGen      total 430592K, used 395008K [0x00000000e0400000, 0x00000000fc880000, 0x0000000100000000)
  eden space 396288K, 99% used [0x00000000e0400000,0x00000000f85802f0,0x00000000f8700000)
  from space 34304K, 0% used [0x00000000f8700000,0x00000000f8740000,0x00000000fa880000)
  to   space 32256K, 0% used [0x00000000fa900000,0x00000000fa900000,0x00000000fc880000)
 ParOldGen       total 221696K, used 155549K [0x00000000a0c00000, 0x00000000ae480000, 0x00000000e0400000)
  object space 221696K, 70% used [0x00000000a0c00000,0x00000000aa3e7498,0x00000000ae480000)
 Metaspace       used 18662K, capacity 18863K, committed 19072K, reserved 1067008K
  class space    used 1762K, capacity 1794K, committed 1920K, reserved 1048576K
Event: 25.902 GC heap after
Heap after GC invocations=31 (full 3):
 PSYoungGen      total 427008K, used 192K [0x00000000e0400000, 0x00000000fc480000, 0x0000000100000000)
  eden space 398848K, 0% used [0x00000000e0400000,0x00000000e0400000,0x00000000f8980000)
  from space 28160K, 0% used [0x00000000fa900000,0x00000000fa930000,0x00000000fc480000)
  to   space 30208K, 0% used [0x00000000f8980000,0x00000000f8980000,0x00000000fa700000)
 ParOldGen       total 221696K, used 155573K [0x00000000a0c00000, 0x00000000ae480000, 0x00000000e0400000)
  object space 221696K, 70% used [0x00000000a0c00000,0x00000000aa3ed498,0x00000000ae480000)
 Metaspace       used 18662K, capacity 18863K, committed 19072K, reserved 1067008K
  class space    used 1762K, capacity 1794K, committed 1920K, reserved 1048576K
}
Event: 27.331 GC heap before
{Heap before GC invocations=32 (full 3):
 PSYoungGen      total 427008K, used 392872K [0x00000000e0400000, 0x00000000fc480000, 0x0000000100000000)
  eden space 398848K, 98% used [0x00000000e0400000,0x00000000f837a238,0x00000000f8980000)
  from space 28160K, 0% used [0x00000000fa900000,0x00000000fa930000,0x00000000fc480000)
  to   space 30208K, 0% used [0x00000000f8980000,0x00000000f8980000,0x00000000fa700000)
 ParOldGen       total 221696K, used 155573K [0x00000000a0c00000, 0x00000000ae480000, 0x00000000e0400000)
  object space 221696K, 70% used [0x00000000a0c00000,0x00000000aa3ed498,0x00000000ae480000)
 Metaspace       used 18662K, capacity 18863K, committed 19072K, reserved 1067008K
  class space    used 1762K, capacity 1794K, committed 1920K, reserved 1048576K
Event: 27.333 GC heap after
Heap after GC invocations=32 (full 3):
 PSYoungGen      total 429056K, used 224K [0x00000000e0400000, 0x00000000fc380000, 0x0000000100000000)
  eden space 398848K, 0% used [0x00000000e0400000,0x00000000e0400000,0x00000000f8980000)
  from space 30208K, 0% used [0x00000000f8980000,0x00000000f89b8000,0x00000000fa700000)
  to   space 28672K, 0% used [0x00000000fa780000,0x00000000fa780000,0x00000000fc380000)
 ParOldGen       total 221696K, used 155589K [0x00000000a0c00000, 0x00000000ae480000, 0x00000000e0400000)
  object space 221696K, 70% used [0x00000000a0c00000,0x00000000aa3f1498,0x00000000ae480000)
 Metaspace       used 18662K, capacity 18863K, committed 19072K, reserved 1067008K
  class space    used 1762K, capacity 1794K, committed 1920K, reserved 1048576K
}
Event: 28.799 GC heap before
{Heap before GC invocations=33 (full 3):
 PSYoungGen      total 429056K, used 394917K [0x00000000e0400000, 0x00000000fc380000, 0x0000000100000000)
  eden space 398848K, 98% used [0x00000000e0400000,0x00000000f85715e0,0x00000000f8980000)
  from space 30208K, 0% used [0x00000000f8980000,0x00000000f89b8000,0x00000000fa700000)
  to   space 28672K, 0% used [0x00000000fa780000,0x00000000fa780000,0x00000000fc380000)
 ParOldGen       total 221696K, used 155589K [0x00000000a0c00000, 0x00000000ae480000, 0x00000000e0400000)
  object space 221696K, 70% used [0x00000000a0c00000,0x00000000aa3f1498,0x00000000ae480000)
 Metaspace       used 18662K, capacity 18863K, committed 19072K, reserved 1067008K
  class space    used 1762K, capacity 1794K, committed 1920K, reserved 1048576K
Event: 28.800 GC heap after
Heap after GC invocations=33 (full 3):
 PSYoungGen      total 425472K, used 224K [0x00000000e0400000, 0x00000000fbf80000, 0x0000000100000000)
  eden space 400896K, 0% used [0x00000000e0400000,0x00000000e0400000,0x00000000f8b80000)
  from space 24576K, 0% used [0x00000000fa780000,0x00000000fa7b8000,0x00000000fbf80000)
  to   space 26624K, 0% used [0x00000000f8b80000,0x00000000f8b80000,0x00000000fa580000)
 ParOldGen       total 221696K, used 155605K [0x00000000a0c00000, 0x00000000ae480000, 0x00000000e0400000)
  object space 221696K, 70% used [0x00000000a0c00000,0x00000000aa3f5498,0x00000000ae480000)
 Metaspace       used 18662K, capacity 18863K, committed 19072K, reserved 1067008K
  class space    used 1762K, capacity 1794K, committed 1920K, reserved 1048576K
}
Event: 30.266 GC heap before
{Heap before GC invocations=34 (full 3):
 PSYoungGen      total 425472K, used 394941K [0x00000000e0400000, 0x00000000fbf80000, 0x0000000100000000)
  eden space 400896K, 98% used [0x00000000e0400000,0x00000000f8577648,0x00000000f8b80000)
  from space 24576K, 0% used [0x00000000fa780000,0x00000000fa7b8000,0x00000000fbf80000)
  to   space 26624K, 0% used [0x00000000f8b80000,0x00000000f8b80000,0x00000000fa580000)
 ParOldGen       total 221696K, used 155605K [0x00000000a0c00000, 0x00000000ae480000, 0x00000000e0400000)
  object space 221696K, 70% used [0x00000000a0c00000,0x00000000aa3f5498,0x00000000ae480000)
 Metaspace       used 18662K, capacity 18863K, committed 19072K, reserved 1067008K
  class space    used 1762K, capacity 1794K, committed 1920K, reserved 1048576K
Event: 30.268 GC heap after
Heap after GC invocations=34 (full 3):
 PSYoungGen      total 427520K, used 192K [0x00000000e0400000, 0x00000000fbe80000, 0x0000000100000000)
  eden space 400896K, 0% used [0x00000000e0400000,0x00000000e0400000,0x00000000f8b80000)
  from space 26624K, 0% used [0x00000000f8b80000,0x00000000f8bb0000,0x00000000fa580000)
  to   space 25088K, 0% used [0x00000000fa600000,0x00000000fa600000,0x00000000fbe80000)
 ParOldGen       total 221696K, used 155629K [0x00000000a0c00000, 0x00000000ae480000, 0x00000000e0400000)
  object space 221696K, 70% used [0x00000000a0c00000,0x00000000aa3fb498,0x00000000ae480000)
 Metaspace       used 18662K, capacity 18863K, committed 19072K, reserved 1067008K
  class space    used 1762K, capacity 1794K, committed 1920K, reserved 1048576K
}
Event: 31.733 GC heap before
{Heap before GC invocations=35 (full 3):
 PSYoungGen      total 427520K, used 394971K [0x00000000e0400000, 0x00000000fbe80000, 0x0000000100000000)
  eden space 400896K, 98% used [0x00000000e0400000,0x00000000f8586f80,0x00000000f8b80000)
  from space 26624K, 0% used [0x00000000f8b80000,0x00000000f8bb0000,0x00000000fa580000)
  to   space 25088K, 0% used [0x00000000fa600000,0x00000000fa600000,0x00000000fbe80000)
 ParOldGen       total 221696K, used 155629K [0x00000000a0c00000, 0x00000000ae480000, 0x00000000e0400000)
  object space 221696K, 70% used [0x00000000a0c00000,0x00000000aa3fb498,0x00000000ae480000)
 Metaspace       used 18662K, capacity 18863K, committed 19072K, reserved 1067008K
  class space    used 1762K, capacity 1794K, committed 1920K, reserved 1048576K
Event: 31.734 GC heap after
Heap after GC invocations=35 (full 3):
 PSYoungGen      total 423936K, used 192K [0x00000000e0400000, 0x00000000fbb00000, 0x0000000100000000)
  eden space 402432K, 0% used [0x00000000e0400000,0x00000000e0400000,0x00000000f8d00000)
  from space 21504K, 0% used [0x00000000fa600000,0x00000000fa630000,0x00000000fbb00000)
  to   space 23552K, 0% used [0x00000000f8d00000,0x00000000f8d00000,0x00000000fa400000)
 ParOldGen       total 221696K, used 155645K [0x00000000a0c00000, 0x00000000ae480000, 0x00000000e0400000)
  object space 221696K, 70% used [0x00000000a0c00000,0x00000000aa3ff498,0x00000000ae480000)
 Metaspace       used 18662K, capacity 18863K, committed 19072K, reserved 1067008K
  class space    used 1762K, capacity 1794K, committed 1920K, reserved 1048576K
}

