# JRE version: Java(TM) SE Runtime Environment (8.0_25-b18) (build 1.8.0_25-b18)
# Java VM: Java HotSpot(TM) 64-Bit Server VM (25.25-b02 mixed mode windows-amd64 compressed oops)
Heap:
 PSYoungGen      total 452096K, used 282682K [0x00000000e0400000, 0x00000000fc900000, 0x0000000100000000)
  eden space 439808K, 64% used [0x00000000e0400000,0x00000000f17e6850,0x00000000fb180000)
  from space 12288K, 1% used [0x00000000fb180000,0x00000000fb1a8000,0x00000000fbd80000)
  to   space 11264K, 0% used [0x00000000fbe00000,0x00000000fbe00000,0x00000000fc900000)
 ParOldGen       total 223232K, used 155452K [0x00000000a0c00000, 0x00000000ae600000, 0x00000000e0400000)
  object space 223232K, 69% used [0x00000000a0c00000,0x00000000aa3cf2f8,0x00000000ae600000)
 Metaspace       used 18041K, capacity 18217K, committed 18560K, reserved 1067008K
  class space    used 1735K, capacity 1793K, committed 1920K, reserved 1048576K
GC Heap History (10 events):
Event: 32.511 GC heap before
{Heap before GC invocations=60 (full 3):
 PSYoungGen      total 450048K, used 431196K [0x00000000e0400000, 0x00000000fcb00000, 0x0000000100000000)
  eden space 436224K, 98% used [0x00000000e0400000,0x00000000fa8f72d0,0x00000000fae00000)
  from space 13824K, 0% used [0x00000000fbd80000,0x00000000fbda0000,0x00000000fcb00000)
  to   space 14848K, 0% used [0x00000000fae00000,0x00000000fae00000,0x00000000fbc80000)
 ParOldGen       total 223232K, used 155420K [0x00000000a0c00000, 0x00000000ae600000, 0x00000000e0400000)
  object space 223232K, 69% used [0x00000000a0c00000,0x00000000aa3c72f8,0x00000000ae600000)
 Metaspace       used 18006K, capacity 18217K, committed 18560K, reserved 1067008K
  class space    used 1723K, capacity 1793K, committed 1920K, reserved 1048576K
Event: 32.512 GC heap after
Heap after GC invocations=60 (full 3):
 PSYoungGen      total 451072K, used 160K [0x00000000e0400000, 0x00000000fcc00000, 0x0000000100000000)
  eden space 436224K, 0% used [0x00000000e0400000,0x00000000e0400000,0x00000000fae00000)
  from space 14848K, 1% used [0x00000000fae00000,0x00000000fae28000,0x00000000fbc80000)
  to   space 14336K, 0% used [0x00000000fbe00000,0x00000000fbe00000,0x00000000fcc00000)
 ParOldGen       total 223232K, used 155420K [0x00000000a0c00000, 0x00000000ae600000, 0x00000000e0400000)
  object space 223232K, 69% used [0x00000000a0c00000,0x00000000aa3c72f8,0x00000000ae600000)
 Metaspace       used 18006K, capacity 18217K, committed 18560K, reserved 1067008K
  class space    used 1723K, capacity 1793K, committed 1920K, reserved 1048576K
}
Event: 33.177 GC heap before
{Heap before GC invocations=61 (full 3):
 PSYoungGen      total 451072K, used 431039K [0x00000000e0400000, 0x00000000fcc00000, 0x0000000100000000)
  eden space 436224K, 98% used [0x00000000e0400000,0x00000000fa8c7d30,0x00000000fae00000)
  from space 14848K, 1% used [0x00000000fae00000,0x00000000fae28000,0x00000000fbc80000)
  to   space 14336K, 0% used [0x00000000fbe00000,0x00000000fbe00000,0x00000000fcc00000)
 ParOldGen       total 223232K, used 155420K [0x00000000a0c00000, 0x00000000ae600000, 0x00000000e0400000)
  object space 223232K, 69% used [0x00000000a0c00000,0x00000000aa3c72f8,0x00000000ae600000)
 Metaspace       used 18006K, capacity 18217K, committed 18560K, reserved 1067008K
  class space    used 1723K, capacity 1793K, committed 1920K, reserved 1048576K
Event: 33.178 GC heap after
Heap after GC invocations=61 (full 3):
 PSYoungGen      total 451584K, used 128K [0x00000000e0400000, 0x00000000fcb00000, 0x0000000100000000)
  eden space 438272K, 0% used [0x00000000e0400000,0x00000000e0400000,0x00000000fb000000)
  from space 13312K, 0% used [0x00000000fbe00000,0x00000000fbe20000,0x00000000fcb00000)
  to   space 13824K, 0% used [0x00000000fb000000,0x00000000fb000000,0x00000000fbd80000)
 ParOldGen       total 223232K, used 155420K [0x00000000a0c00000, 0x00000000ae600000, 0x00000000e0400000)
  object space 223232K, 69% used [0x00000000a0c00000,0x00000000aa3c72f8,0x00000000ae600000)
 Metaspace       used 18006K, capacity 18217K, committed 18560K, reserved 1067008K
  class space    used 1723K, capacity 1793K, committed 1920K, reserved 1048576K
}
Event: 33.844 GC heap before
{Heap before GC invocations=62 (full 3):
 PSYoungGen      total 451584K, used 431706K [0x00000000e0400000, 0x00000000fcb00000, 0x0000000100000000)
  eden space 438272K, 98% used [0x00000000e0400000,0x00000000fa9769d0,0x00000000fb000000)
  from space 13312K, 0% used [0x00000000fbe00000,0x00000000fbe20000,0x00000000fcb00000)
  to   space 13824K, 0% used [0x00000000fb000000,0x00000000fb000000,0x00000000fbd80000)
 ParOldGen       total 223232K, used 155420K [0x00000000a0c00000, 0x00000000ae600000, 0x00000000e0400000)
  object space 223232K, 69% used [0x00000000a0c00000,0x00000000aa3c72f8,0x00000000ae600000)
 Metaspace       used 18006K, capacity 18217K, committed 18560K, reserved 1067008K
  class space    used 1723K, capacity 1793K, committed 1920K, reserved 1048576K
Event: 33.845 GC heap after
Heap after GC invocations=62 (full 3):
 PSYoungGen      total 452096K, used 192K [0x00000000e0400000, 0x00000000fca80000, 0x0000000100000000)
  eden space 438272K, 0% used [0x00000000e0400000,0x00000000e0400000,0x00000000fb000000)
  from space 13824K, 1% used [0x00000000fb000000,0x00000000fb030000,0x00000000fbd80000)
  to   space 12800K, 0% used [0x00000000fbe00000,0x00000000fbe00000,0x00000000fca80000)
 ParOldGen       total 223232K, used 155436K [0x00000000a0c00000, 0x00000000ae600000, 0x00000000e0400000)
  object space 223232K, 69% used [0x00000000a0c00000,0x00000000aa3cb2f8,0x00000000ae600000)
 Metaspace       used 18006K, capacity 18217K, committed 18560K, reserved 1067008K
  class space    used 1723K, capacity 1793K, committed 1920K, reserved 1048576K
}
Event: 34.511 GC heap before
{Heap before GC invocations=63 (full 3):
 PSYoungGen      total 452096K, used 438464K [0x00000000e0400000, 0x00000000fca80000, 0x0000000100000000)
  eden space 438272K, 100% used [0x00000000e0400000,0x00000000fb000000,0x00000000fb000000)
  from space 13824K, 1% used [0x00000000fb000000,0x00000000fb030000,0x00000000fbd80000)
  to   space 12800K, 0% used [0x00000000fbe00000,0x00000000fbe00000,0x00000000fca80000)
 ParOldGen       total 223232K, used 155436K [0x00000000a0c00000, 0x00000000ae600000, 0x00000000e0400000)
  object space 223232K, 69% used [0x00000000a0c00000,0x00000000aa3cb2f8,0x00000000ae600000)
 Metaspace       used 18006K, capacity 18217K, committed 18560K, reserved 1067008K
  class space    used 1723K, capacity 1793K, committed 1920K, reserved 1048576K
Event: 34.512 GC heap after
Heap after GC invocations=63 (full 3):
 PSYoungGen      total 451584K, used 192K [0x00000000e0400000, 0x00000000fc980000, 0x0000000100000000)
  eden space 439808K, 0% used [0x00000000e0400000,0x00000000e0400000,0x00000000fb180000)
  from space 11776K, 1% used [0x00000000fbe00000,0x00000000fbe30000,0x00000000fc980000)
  to   space 12288K, 0% used [0x00000000fb180000,0x00000000fb180000,0x00000000fbd80000)
 ParOldGen       total 223232K, used 155452K [0x00000000a0c00000, 0x00000000ae600000, 0x00000000e0400000)
  object space 223232K, 69% used [0x00000000a0c00000,0x00000000aa3cf2f8,0x00000000ae600000)
 Metaspace       used 18006K, capacity 18217K, committed 18560K, reserved 1067008K
  class space    used 1723K, capacity 1793K, committed 1920K, reserved 1048576K
}
Event: 35.209 GC heap before
{Heap before GC invocations=64 (full 3):
 PSYoungGen      total 451584K, used 439394K [0x00000000e0400000, 0x00000000fc980000, 0x0000000100000000)
  eden space 439808K, 99% used [0x00000000e0400000,0x00000000fb0e8948,0x00000000fb180000)
  from space 11776K, 1% used [0x00000000fbe00000,0x00000000fbe30000,0x00000000fc980000)
  to   space 12288K, 0% used [0x00000000fb180000,0x00000000fb180000,0x00000000fbd80000)
 ParOldGen       total 223232K, used 155452K [0x00000000a0c00000, 0x00000000ae600000, 0x00000000e0400000)
  object space 223232K, 69% used [0x00000000a0c00000,0x00000000aa3cf2f8,0x00000000ae600000)
 Metaspace       used 18006K, capacity 18217K, committed 18560K, reserved 1067008K
  class space    used 1723K, capacity 1793K, committed 1920K, reserved 1048576K
Event: 35.210 GC heap after
Heap after GC invocations=64 (full 3):
 PSYoungGen      total 452096K, used 160K [0x00000000e0400000, 0x00000000fc900000, 0x0000000100000000)
  eden space 439808K, 0% used [0x00000000e0400000,0x00000000e0400000,0x00000000fb180000)
  from space 12288K, 1% used [0x00000000fb180000,0x00000000fb1a8000,0x00000000fbd80000)
  to   space 11264K, 0% used [0x00000000fbe00000,0x00000000fbe00000,0x00000000fc900000)
 ParOldGen       total 223232K, used 155452K [0x00000000a0c00000, 0x00000000ae600000, 0x00000000e0400000)
  object space 223232K, 69% used [0x00000000a0c00000,0x00000000aa3cf2f8,0x00000000ae600000)
 Metaspace       used 18006K, capacity 18217K, committed 18560K, reserved 1067008K
  class space    used 1723K, capacity 1793K, committed 1920K, reserved 1048576K
}

