# JRE version: Java(TM) SE Runtime Environment (8.0_25-b18) (build 1.8.0_25-b18)
# Java VM: Java HotSpot(TM) 64-Bit Server VM (25.25-b02 mixed mode windows-amd64 compressed oops)
Heap:
 PSYoungGen      total 384512K, used 257221K [0x00000000e0400000, 0x00000000fa500000, 0x0000000100000000)
  eden space 350208K, 73% used [0x00000000e0400000,0x00000000efef9690,0x00000000f5a00000)
  from space 34304K, 0% used [0x00000000f5a00000,0x00000000f5a38000,0x00000000f7b80000)
  to   space 34304K, 0% used [0x00000000f8380000,0x00000000f8380000,0x00000000fa500000)
 ParOldGen       total 226304K, used 154976K [0x00000000a0c00000, 0x00000000ae900000, 0x00000000e0400000)
  object space 226304K, 68% used [0x00000000a0c00000,0x00000000aa3583f0,0x00000000ae900000)
 Metaspace       used 17795K, capacity 18021K, committed 18304K, reserved 1064960K
  class space    used 1732K, capacity 1793K, committed 1920K, reserved 1048576K
GC Heap History (10 events):
Event: 8.947 GC heap before
{Heap before GC invocations=26 (full 3):
 PSYoungGen      total 367104K, used 338388K [0x00000000e0400000, 0x00000000f9580000, 0x0000000100000000)
  eden space 329216K, 100% used [0x00000000e0400000,0x00000000f4580000,0x00000000f4580000)
  from space 37888K, 24% used [0x00000000f7080000,0x00000000f7975020,0x00000000f9580000)
  to   space 40960K, 0% used [0x00000000f4580000,0x00000000f4580000,0x00000000f6d80000)
 ParOldGen       total 226304K, used 145932K [0x00000000a0c00000, 0x00000000ae900000, 0x00000000e0400000)
  object space 226304K, 64% used [0x00000000a0c00000,0x00000000a9a833d0,0x00000000ae900000)
 Metaspace       used 17637K, capacity 17893K, committed 18048K, reserved 1064960K
  class space    used 1721K, capacity 1793K, committed 1920K, reserved 1048576K
Event: 8.953 GC heap after
Heap after GC invocations=26 (full 3):
 PSYoungGen      total 370176K, used 9076K [0x00000000e0400000, 0x00000000f9f00000, 0x0000000100000000)
  eden space 329216K, 0% used [0x00000000e0400000,0x00000000e0400000,0x00000000f4580000)
  from space 40960K, 22% used [0x00000000f4580000,0x00000000f4e5d020,0x00000000f6d80000)
  to   space 38912K, 0% used [0x00000000f7900000,0x00000000f7900000,0x00000000f9f00000)
 ParOldGen       total 226304K, used 145932K [0x00000000a0c00000, 0x00000000ae900000, 0x00000000e0400000)
  object space 226304K, 64% used [0x00000000a0c00000,0x00000000a9a833d0,0x00000000ae900000)
 Metaspace       used 17637K, capacity 17893K, committed 18048K, reserved 1064960K
  class space    used 1721K, capacity 1793K, committed 1920K, reserved 1048576K
}
Event: 9.480 GC heap before
{Heap before GC invocations=27 (full 3):
 PSYoungGen      total 370176K, used 338292K [0x00000000e0400000, 0x00000000f9f00000, 0x0000000100000000)
  eden space 329216K, 100% used [0x00000000e0400000,0x00000000f4580000,0x00000000f4580000)
  from space 40960K, 22% used [0x00000000f4580000,0x00000000f4e5d020,0x00000000f6d80000)
  to   space 38912K, 0% used [0x00000000f7900000,0x00000000f7900000,0x00000000f9f00000)
 ParOldGen       total 226304K, used 145932K [0x00000000a0c00000, 0x00000000ae900000, 0x00000000e0400000)
  object space 226304K, 64% used [0x00000000a0c00000,0x00000000a9a833d0,0x00000000ae900000)
 Metaspace       used 17726K, capacity 17957K, committed 18304K, reserved 1064960K
  class space    used 1721K, capacity 1793K, committed 1920K, reserved 1048576K
Event: 9.485 GC heap after
Heap after GC invocations=27 (full 3):
 PSYoungGen      total 376832K, used 9140K [0x00000000e0400000, 0x00000000f9b00000, 0x0000000100000000)
  eden space 342016K, 0% used [0x00000000e0400000,0x00000000e0400000,0x00000000f5200000)
  from space 34816K, 26% used [0x00000000f7900000,0x00000000f81ed020,0x00000000f9b00000)
  to   space 37376K, 0% used [0x00000000f5200000,0x00000000f5200000,0x00000000f7680000)
 ParOldGen       total 226304K, used 145940K [0x00000000a0c00000, 0x00000000ae900000, 0x00000000e0400000)
  object space 226304K, 64% used [0x00000000a0c00000,0x00000000a9a853d0,0x00000000ae900000)
 Metaspace       used 17726K, capacity 17957K, committed 18304K, reserved 1064960K
  class space    used 1721K, capacity 1793K, committed 1920K, reserved 1048576K
}
Event: 10.012 GC heap before
{Heap before GC invocations=28 (full 3):
 PSYoungGen      total 376832K, used 351156K [0x00000000e0400000, 0x00000000f9b00000, 0x0000000100000000)
  eden space 342016K, 100% used [0x00000000e0400000,0x00000000f5200000,0x00000000f5200000)
  from space 34816K, 26% used [0x00000000f7900000,0x00000000f81ed020,0x00000000f9b00000)
  to   space 37376K, 0% used [0x00000000f5200000,0x00000000f5200000,0x00000000f7680000)
 ParOldGen       total 226304K, used 145940K [0x00000000a0c00000, 0x00000000ae900000, 0x00000000e0400000)
  object space 226304K, 64% used [0x00000000a0c00000,0x00000000a9a853d0,0x00000000ae900000)
 Metaspace       used 17732K, capacity 17957K, committed 18304K, reserved 1064960K
  class space    used 1721K, capacity 1793K, committed 1920K, reserved 1048576K
Event: 10.015 GC heap after
Heap after GC invocations=28 (full 3):
 PSYoungGen      total 379392K, used 9172K [0x00000000e0400000, 0x00000000fa100000, 0x0000000100000000)
  eden space 342016K, 0% used [0x00000000e0400000,0x00000000e0400000,0x00000000f5200000)
  from space 37376K, 24% used [0x00000000f5200000,0x00000000f5af5020,0x00000000f7680000)
  to   space 35840K, 0% used [0x00000000f7e00000,0x00000000f7e00000,0x00000000fa100000)
 ParOldGen       total 226304K, used 145940K [0x00000000a0c00000, 0x00000000ae900000, 0x00000000e0400000)
  object space 226304K, 64% used [0x00000000a0c00000,0x00000000a9a853d0,0x00000000ae900000)
 Metaspace       used 17732K, capacity 17957K, committed 18304K, reserved 1064960K
  class space    used 1721K, capacity 1793K, committed 1920K, reserved 1048576K
}
Event: 10.559 GC heap before
{Heap before GC invocations=29 (full 3):
 PSYoungGen      total 379392K, used 351188K [0x00000000e0400000, 0x00000000fa100000, 0x0000000100000000)
  eden space 342016K, 100% used [0x00000000e0400000,0x00000000f5200000,0x00000000f5200000)
  from space 37376K, 24% used [0x00000000f5200000,0x00000000f5af5020,0x00000000f7680000)
  to   space 35840K, 0% used [0x00000000f7e00000,0x00000000f7e00000,0x00000000fa100000)
 ParOldGen       total 226304K, used 145940K [0x00000000a0c00000, 0x00000000ae900000, 0x00000000e0400000)
  object space 226304K, 64% used [0x00000000a0c00000,0x00000000a9a853d0,0x00000000ae900000)
 Metaspace       used 17735K, capacity 17957K, committed 18304K, reserved 1064960K
  class space    used 1721K, capacity 1793K, committed 1920K, reserved 1048576K
Event: 10.563 GC heap after
Heap after GC invocations=29 (full 3):
 PSYoungGen      total 381952K, used 9108K [0x00000000e0400000, 0x00000000f9d00000, 0x0000000100000000)
  eden space 350208K, 0% used [0x00000000e0400000,0x00000000e0400000,0x00000000f5a00000)
  from space 31744K, 28% used [0x00000000f7e00000,0x00000000f86e5020,0x00000000f9d00000)
  to   space 34304K, 0% used [0x00000000f5a00000,0x00000000f5a00000,0x00000000f7b80000)
 ParOldGen       total 226304K, used 145988K [0x00000000a0c00000, 0x00000000ae900000, 0x00000000e0400000)
  object space 226304K, 64% used [0x00000000a0c00000,0x00000000a9a913d0,0x00000000ae900000)
 Metaspace       used 17735K, capacity 17957K, committed 18304K, reserved 1064960K
  class space    used 1721K, capacity 1793K, committed 1920K, reserved 1048576K
}
Event: 11.093 GC heap before
{Heap before GC invocations=30 (full 3):
 PSYoungGen      total 381952K, used 356658K [0x00000000e0400000, 0x00000000f9d00000, 0x0000000100000000)
  eden space 350208K, 99% used [0x00000000e0400000,0x00000000f5767a28,0x00000000f5a00000)
  from space 31744K, 28% used [0x00000000f7e00000,0x00000000f86e5020,0x00000000f9d00000)
  to   space 34304K, 0% used [0x00000000f5a00000,0x00000000f5a00000,0x00000000f7b80000)
 ParOldGen       total 226304K, used 145988K [0x00000000a0c00000, 0x00000000ae900000, 0x00000000e0400000)
  object space 226304K, 64% used [0x00000000a0c00000,0x00000000a9a913d0,0x00000000ae900000)
 Metaspace       used 17738K, capacity 17957K, committed 18304K, reserved 1064960K
  class space    used 1721K, capacity 1793K, committed 1920K, reserved 1048576K
Event: 11.097 GC heap after
Heap after GC invocations=30 (full 3):
 PSYoungGen      total 384512K, used 224K [0x00000000e0400000, 0x00000000fa500000, 0x0000000100000000)
  eden space 350208K, 0% used [0x00000000e0400000,0x00000000e0400000,0x00000000f5a00000)
  from space 34304K, 0% used [0x00000000f5a00000,0x00000000f5a38000,0x00000000f7b80000)
  to   space 34304K, 0% used [0x00000000f8380000,0x00000000f8380000,0x00000000fa500000)
 ParOldGen       total 226304K, used 154976K [0x00000000a0c00000, 0x00000000ae900000, 0x00000000e0400000)
  object space 226304K, 68% used [0x00000000a0c00000,0x00000000aa3583f0,0x00000000ae900000)
 Metaspace       used 17738K, capacity 17957K, committed 18304K, reserved 1064960K
  class space    used 1721K, capacity 1793K, committed 1920K, reserved 1048576K
}

