# JRE version: Java(TM) SE Runtime Environment (8.0_31-b13) (build 1.8.0_31-b13)
# Java VM: Java HotSpot(TM) 64-Bit Server VM (25.31-b07 mixed mode windows-amd64 compressed oops)
Heap:
 PSYoungGen      total 555008K, used 132933K [0x000000076b300000, 0x0000000799a80000, 0x00000007c0000000)
  eden space 482304K, 25% used [0x000000076b300000,0x0000000772cd8648,0x0000000788a00000)
  from space 72704K, 11% used [0x0000000788a00000,0x00000007891f9010,0x000000078d100000)
  to   space 71168K, 0% used [0x0000000795500000,0x0000000795500000,0x0000000799a80000)
 ParOldGen       total 302080K, used 161931K [0x00000006c1800000, 0x00000006d3f00000, 0x000000076b300000)
  object space 302080K, 53% used [0x00000006c1800000,0x00000006cb622dc8,0x00000006d3f00000)
 Metaspace       used 17680K, capacity 17899K, committed 18048K, reserved 1064960K
  class space    used 1729K, capacity 1794K, committed 1920K, reserved 1048576K
GC Heap History (10 events):
Event: 4.660 GC heap before
{Heap before GC invocations=8 (full 1):
 PSYoungGen      total 274944K, used 226154K [0x000000076b300000, 0x0000000783200000, 0x00000007c0000000)
  eden space 225280K, 100% used [0x000000076b300000,0x0000000778f00000,0x0000000778f00000)
  from space 49664K, 1% used [0x0000000780180000,0x000000078025ab40,0x0000000783200000)
  to   space 83456K, 0% used [0x0000000778f00000,0x0000000778f00000,0x000000077e080000)
 ParOldGen       total 302080K, used 151908K [0x00000006c1800000, 0x00000006d3f00000, 0x000000076b300000)
  object space 302080K, 50% used [0x00000006c1800000,0x00000006cac59068,0x00000006d3f00000)
 Metaspace       used 17538K, capacity 17771K, committed 18048K, reserved 1064960K
  class space    used 1717K, capacity 1794K, committed 1920K, reserved 1048576K
Event: 4.669 GC heap after
Heap after GC invocations=8 (full 1):
 PSYoungGen      total 308736K, used 10126K [0x000000076b300000, 0x000000078c000000, 0x00000007c0000000)
  eden space 225280K, 0% used [0x000000076b300000,0x000000076b300000,0x0000000778f00000)
  from space 83456K, 12% used [0x0000000778f00000,0x00000007798e3b90,0x000000077e080000)
  to   space 81408K, 0% used [0x0000000787080000,0x0000000787080000,0x000000078c000000)
 ParOldGen       total 302080K, used 151916K [0x00000006c1800000, 0x00000006d3f00000, 0x000000076b300000)
  object space 302080K, 50% used [0x00000006c1800000,0x00000006cac5b068,0x00000006d3f00000)
 Metaspace       used 17538K, capacity 17771K, committed 18048K, reserved 1064960K
  class space    used 1717K, capacity 1794K, committed 1920K, reserved 1048576K
}
Event: 5.002 GC heap before
{Heap before GC invocations=9 (full 1):
 PSYoungGen      total 308736K, used 234736K [0x000000076b300000, 0x000000078c000000, 0x00000007c0000000)
  eden space 225280K, 99% used [0x000000076b300000,0x0000000778e58560,0x0000000778f00000)
  from space 83456K, 12% used [0x0000000778f00000,0x00000007798e3b90,0x000000077e080000)
  to   space 81408K, 0% used [0x0000000787080000,0x0000000787080000,0x000000078c000000)
 ParOldGen       total 302080K, used 151916K [0x00000006c1800000, 0x00000006d3f00000, 0x000000076b300000)
  object space 302080K, 50% used [0x00000006c1800000,0x00000006cac5b068,0x00000006d3f00000)
 Metaspace       used 17576K, capacity 17835K, committed 18048K, reserved 1064960K
  class space    used 1717K, capacity 1794K, committed 1920K, reserved 1048576K
Event: 5.013 GC heap after
Heap after GC invocations=9 (full 1):
 PSYoungGen      total 430592K, used 19026K [0x000000076b300000, 0x000000078af80000, 0x00000007c0000000)
  eden space 366080K, 0% used [0x000000076b300000,0x000000076b300000,0x0000000781880000)
  from space 64512K, 29% used [0x0000000787080000,0x0000000788314bc0,0x000000078af80000)
  to   space 77312K, 0% used [0x0000000781880000,0x0000000781880000,0x0000000786400000)
 ParOldGen       total 302080K, used 151924K [0x00000006c1800000, 0x00000006d3f00000, 0x000000076b300000)
  object space 302080K, 50% used [0x00000006c1800000,0x00000006cac5d068,0x00000006d3f00000)
 Metaspace       used 17576K, capacity 17835K, committed 18048K, reserved 1064960K
  class space    used 1717K, capacity 1794K, committed 1920K, reserved 1048576K
}
Event: 5.595 GC heap before
{Heap before GC invocations=10 (full 1):
 PSYoungGen      total 430592K, used 385106K [0x000000076b300000, 0x000000078af80000, 0x00000007c0000000)
  eden space 366080K, 100% used [0x000000076b300000,0x0000000781880000,0x0000000781880000)
  from space 64512K, 29% used [0x0000000787080000,0x0000000788314bc0,0x000000078af80000)
  to   space 77312K, 0% used [0x0000000781880000,0x0000000781880000,0x0000000786400000)
 ParOldGen       total 302080K, used 151924K [0x00000006c1800000, 0x00000006d3f00000, 0x000000076b300000)
  object space 302080K, 50% used [0x00000006c1800000,0x00000006cac5d068,0x00000006d3f00000)
 Metaspace       used 17601K, capacity 17835K, committed 18048K, reserved 1064960K
  class space    used 1717K, capacity 1794K, committed 1920K, reserved 1048576K
Event: 5.605 GC heap after
Heap after GC invocations=10 (full 1):
 PSYoungGen      total 443392K, used 17416K [0x000000076b300000, 0x0000000792500000, 0x00000007c0000000)
  eden space 366080K, 0% used [0x000000076b300000,0x000000076b300000,0x0000000781880000)
  from space 77312K, 22% used [0x0000000781880000,0x0000000782982060,0x0000000786400000)
  to   space 74240K, 0% used [0x000000078dc80000,0x000000078dc80000,0x0000000792500000)
 ParOldGen       total 302080K, used 152711K [0x00000006c1800000, 0x00000006d3f00000, 0x000000076b300000)
  object space 302080K, 50% used [0x00000006c1800000,0x00000006cad21cd8,0x00000006d3f00000)
 Metaspace       used 17601K, capacity 17835K, committed 18048K, reserved 1064960K
  class space    used 1717K, capacity 1794K, committed 1920K, reserved 1048576K
}
Event: 6.166 GC heap before
{Heap before GC invocations=11 (full 1):
 PSYoungGen      total 443392K, used 382832K [0x000000076b300000, 0x0000000792500000, 0x00000007c0000000)
  eden space 366080K, 99% used [0x000000076b300000,0x00000007817da138,0x0000000781880000)
  from space 77312K, 22% used [0x0000000781880000,0x0000000782982060,0x0000000786400000)
  to   space 74240K, 0% used [0x000000078dc80000,0x000000078dc80000,0x0000000792500000)
 ParOldGen       total 302080K, used 152711K [0x00000006c1800000, 0x00000006d3f00000, 0x000000076b300000)
  object space 302080K, 50% used [0x00000006c1800000,0x00000006cad21cd8,0x00000006d3f00000)
 Metaspace       used 17613K, capacity 17835K, committed 18048K, reserved 1064960K
  class space    used 1717K, capacity 1794K, committed 1920K, reserved 1048576K
Event: 6.176 GC heap after
Heap after GC invocations=11 (full 1):
 PSYoungGen      total 543232K, used 8260K [0x000000076b300000, 0x0000000791800000, 0x00000007c0000000)
  eden space 482304K, 0% used [0x000000076b300000,0x000000076b300000,0x0000000788a00000)
  from space 60928K, 13% used [0x000000078dc80000,0x000000078e491010,0x0000000791800000)
  to   space 72704K, 0% used [0x0000000788a00000,0x0000000788a00000,0x000000078d100000)
 ParOldGen       total 302080K, used 161923K [0x00000006c1800000, 0x00000006d3f00000, 0x000000076b300000)
  object space 302080K, 53% used [0x00000006c1800000,0x00000006cb620dc8,0x00000006d3f00000)
 Metaspace       used 17613K, capacity 17835K, committed 18048K, reserved 1064960K
  class space    used 1717K, capacity 1794K, committed 1920K, reserved 1048576K
}
Event: 6.933 GC heap before
{Heap before GC invocations=12 (full 1):
 PSYoungGen      total 543232K, used 490564K [0x000000076b300000, 0x0000000791800000, 0x00000007c0000000)
  eden space 482304K, 100% used [0x000000076b300000,0x0000000788a00000,0x0000000788a00000)
  from space 60928K, 13% used [0x000000078dc80000,0x000000078e491010,0x0000000791800000)
  to   space 72704K, 0% used [0x0000000788a00000,0x0000000788a00000,0x000000078d100000)
 ParOldGen       total 302080K, used 161923K [0x00000006c1800000, 0x00000006d3f00000, 0x000000076b300000)
  object space 302080K, 53% used [0x00000006c1800000,0x00000006cb620dc8,0x00000006d3f00000)
 Metaspace       used 17643K, capacity 17899K, committed 18048K, reserved 1064960K
  class space    used 1717K, capacity 1794K, committed 1920K, reserved 1048576K
Event: 6.939 GC heap after
Heap after GC invocations=12 (full 1):
 PSYoungGen      total 555008K, used 8164K [0x000000076b300000, 0x0000000799a80000, 0x00000007c0000000)
  eden space 482304K, 0% used [0x000000076b300000,0x000000076b300000,0x0000000788a00000)
  from space 72704K, 11% used [0x0000000788a00000,0x00000007891f9010,0x000000078d100000)
  to   space 71168K, 0% used [0x0000000795500000,0x0000000795500000,0x0000000799a80000)
 ParOldGen       total 302080K, used 161931K [0x00000006c1800000, 0x00000006d3f00000, 0x000000076b300000)
  object space 302080K, 53% used [0x00000006c1800000,0x00000006cb622dc8,0x00000006d3f00000)
 Metaspace       used 17643K, capacity 17899K, committed 18048K, reserved 1064960K
  class space    used 1717K, capacity 1794K, committed 1920K, reserved 1048576K
}

