# JRE version: Java(TM) SE Runtime Environment (8.0_25-b18) (build 1.8.0_25-b18)
# Java VM: Java HotSpot(TM) 64-Bit Server VM (25.25-b02 mixed mode windows-amd64 compressed oops)
Heap:
 PSYoungGen      total 398336K, used 347447K [0x00000000e0400000, 0x00000000f8a80000, 0x0000000100000000)
  eden space 397824K, 87% used [0x00000000e0400000,0x00000000f5725e78,0x00000000f8880000)
  from space 512K, 31% used [0x00000000f8a00000,0x00000000f8a28000,0x00000000f8a80000)
  to   space 1024K, 0% used [0x00000000f8880000,0x00000000f8880000,0x00000000f8980000)
 ParOldGen       total 248320K, used 171365K [0x00000000a0c00000, 0x00000000afe80000, 0x00000000e0400000)
  object space 248320K, 69% used [0x00000000a0c00000,0x00000000ab359718,0x00000000afe80000)
 Metaspace       used 18014K, capacity 18185K, committed 18432K, reserved 1067008K
  class space    used 1723K, capacity 1761K, committed 1792K, reserved 1048576K
GC Heap History (10 events):
Event: 46.600 GC heap before
{Heap before GC invocations=124 (full 4):
 PSYoungGen      total 391680K, used 390816K [0x00000000e0400000, 0x00000000f8600000, 0x0000000100000000)
  eden space 390656K, 100% used [0x00000000e0400000,0x00000000f8180000,0x00000000f8180000)
  from space 1024K, 15% used [0x00000000f8180000,0x00000000f81a8000,0x00000000f8280000)
  to   space 1024K, 0% used [0x00000000f8500000,0x00000000f8500000,0x00000000f8600000)
 ParOldGen       total 248320K, used 171365K [0x00000000a0c00000, 0x00000000afe80000, 0x00000000e0400000)
  object space 248320K, 69% used [0x00000000a0c00000,0x00000000ab359718,0x00000000afe80000)
 Metaspace       used 17965K, capacity 18185K, committed 18432K, reserved 1067008K
  class space    used 1712K, capacity 1761K, committed 1792K, reserved 1048576K
Event: 46.601 GC heap after
Heap after GC invocations=124 (full 4):
 PSYoungGen      total 394240K, used 128K [0x00000000e0400000, 0x00000000f8600000, 0x0000000100000000)
  eden space 393216K, 0% used [0x00000000e0400000,0x00000000e0400000,0x00000000f8400000)
  from space 1024K, 12% used [0x00000000f8500000,0x00000000f8520000,0x00000000f8600000)
  to   space 1024K, 0% used [0x00000000f8400000,0x00000000f8400000,0x00000000f8500000)
 ParOldGen       total 248320K, used 171365K [0x00000000a0c00000, 0x00000000afe80000, 0x00000000e0400000)
  object space 248320K, 69% used [0x00000000a0c00000,0x00000000ab359718,0x00000000afe80000)
 Metaspace       used 17965K, capacity 18185K, committed 18432K, reserved 1067008K
  class space    used 1712K, capacity 1761K, committed 1792K, reserved 1048576K
}
Event: 47.055 GC heap before
{Heap before GC invocations=125 (full 4):
 PSYoungGen      total 394240K, used 393344K [0x00000000e0400000, 0x00000000f8600000, 0x0000000100000000)
  eden space 393216K, 100% used [0x00000000e0400000,0x00000000f8400000,0x00000000f8400000)
  from space 1024K, 12% used [0x00000000f8500000,0x00000000f8520000,0x00000000f8600000)
  to   space 1024K, 0% used [0x00000000f8400000,0x00000000f8400000,0x00000000f8500000)
 ParOldGen       total 248320K, used 171365K [0x00000000a0c00000, 0x00000000afe80000, 0x00000000e0400000)
  object space 248320K, 69% used [0x00000000a0c00000,0x00000000ab359718,0x00000000afe80000)
 Metaspace       used 17965K, capacity 18185K, committed 18432K, reserved 1067008K
  class space    used 1712K, capacity 1761K, committed 1792K, reserved 1048576K
Event: 47.056 GC heap after
Heap after GC invocations=125 (full 4):
 PSYoungGen      total 394240K, used 128K [0x00000000e0400000, 0x00000000f8880000, 0x0000000100000000)
  eden space 393216K, 0% used [0x00000000e0400000,0x00000000e0400000,0x00000000f8400000)
  from space 1024K, 12% used [0x00000000f8400000,0x00000000f8420000,0x00000000f8500000)
  to   space 1024K, 0% used [0x00000000f8780000,0x00000000f8780000,0x00000000f8880000)
 ParOldGen       total 248320K, used 171365K [0x00000000a0c00000, 0x00000000afe80000, 0x00000000e0400000)
  object space 248320K, 69% used [0x00000000a0c00000,0x00000000ab359718,0x00000000afe80000)
 Metaspace       used 17965K, capacity 18185K, committed 18432K, reserved 1067008K
  class space    used 1712K, capacity 1761K, committed 1792K, reserved 1048576K
}
Event: 47.519 GC heap before
{Heap before GC invocations=126 (full 4):
 PSYoungGen      total 394240K, used 393344K [0x00000000e0400000, 0x00000000f8880000, 0x0000000100000000)
  eden space 393216K, 100% used [0x00000000e0400000,0x00000000f8400000,0x00000000f8400000)
  from space 1024K, 12% used [0x00000000f8400000,0x00000000f8420000,0x00000000f8500000)
  to   space 1024K, 0% used [0x00000000f8780000,0x00000000f8780000,0x00000000f8880000)
 ParOldGen       total 248320K, used 171365K [0x00000000a0c00000, 0x00000000afe80000, 0x00000000e0400000)
  object space 248320K, 69% used [0x00000000a0c00000,0x00000000ab359718,0x00000000afe80000)
 Metaspace       used 17966K, capacity 18185K, committed 18432K, reserved 1067008K
  class space    used 1712K, capacity 1761K, committed 1792K, reserved 1048576K
Event: 47.521 GC heap after
Heap after GC invocations=126 (full 4):
 PSYoungGen      total 396800K, used 128K [0x00000000e0400000, 0x00000000f8880000, 0x0000000100000000)
  eden space 395776K, 0% used [0x00000000e0400000,0x00000000e0400000,0x00000000f8680000)
  from space 1024K, 12% used [0x00000000f8780000,0x00000000f87a0000,0x00000000f8880000)
  to   space 1024K, 0% used [0x00000000f8680000,0x00000000f8680000,0x00000000f8780000)
 ParOldGen       total 248320K, used 171365K [0x00000000a0c00000, 0x00000000afe80000, 0x00000000e0400000)
  object space 248320K, 69% used [0x00000000a0c00000,0x00000000ab359718,0x00000000afe80000)
 Metaspace       used 17966K, capacity 18185K, committed 18432K, reserved 1067008K
  class space    used 1712K, capacity 1761K, committed 1792K, reserved 1048576K
}
Event: 47.972 GC heap before
{Heap before GC invocations=127 (full 4):
 PSYoungGen      total 396800K, used 395904K [0x00000000e0400000, 0x00000000f8880000, 0x0000000100000000)
  eden space 395776K, 100% used [0x00000000e0400000,0x00000000f8680000,0x00000000f8680000)
  from space 1024K, 12% used [0x00000000f8780000,0x00000000f87a0000,0x00000000f8880000)
  to   space 1024K, 0% used [0x00000000f8680000,0x00000000f8680000,0x00000000f8780000)
 ParOldGen       total 248320K, used 171365K [0x00000000a0c00000, 0x00000000afe80000, 0x00000000e0400000)
  object space 248320K, 69% used [0x00000000a0c00000,0x00000000ab359718,0x00000000afe80000)
 Metaspace       used 17970K, capacity 18185K, committed 18432K, reserved 1067008K
  class space    used 1712K, capacity 1761K, committed 1792K, reserved 1048576K
Event: 47.974 GC heap after
Heap after GC invocations=127 (full 4):
 PSYoungGen      total 396800K, used 160K [0x00000000e0400000, 0x00000000f8b00000, 0x0000000100000000)
  eden space 395776K, 0% used [0x00000000e0400000,0x00000000e0400000,0x00000000f8680000)
  from space 1024K, 15% used [0x00000000f8680000,0x00000000f86a8000,0x00000000f8780000)
  to   space 1024K, 0% used [0x00000000f8a00000,0x00000000f8a00000,0x00000000f8b00000)
 ParOldGen       total 248320K, used 171365K [0x00000000a0c00000, 0x00000000afe80000, 0x00000000e0400000)
  object space 248320K, 69% used [0x00000000a0c00000,0x00000000ab359718,0x00000000afe80000)
 Metaspace       used 17970K, capacity 18185K, committed 18432K, reserved 1067008K
  class space    used 1712K, capacity 1761K, committed 1792K, reserved 1048576K
}
Event: 49.294 GC heap before
{Heap before GC invocations=128 (full 4):
 PSYoungGen      total 396800K, used 388494K [0x00000000e0400000, 0x00000000f8b00000, 0x0000000100000000)
  eden space 395776K, 98% used [0x00000000e0400000,0x00000000f7f3b950,0x00000000f8680000)
  from space 1024K, 15% used [0x00000000f8680000,0x00000000f86a8000,0x00000000f8780000)
  to   space 1024K, 0% used [0x00000000f8a00000,0x00000000f8a00000,0x00000000f8b00000)
 ParOldGen       total 248320K, used 171365K [0x00000000a0c00000, 0x00000000afe80000, 0x00000000e0400000)
  object space 248320K, 69% used [0x00000000a0c00000,0x00000000ab359718,0x00000000afe80000)
 Metaspace       used 17978K, capacity 18185K, committed 18432K, reserved 1067008K
  class space    used 1712K, capacity 1761K, committed 1792K, reserved 1048576K
Event: 49.295 GC heap after
Heap after GC invocations=128 (full 4):
 PSYoungGen      total 398336K, used 160K [0x00000000e0400000, 0x00000000f8a80000, 0x0000000100000000)
  eden space 397824K, 0% used [0x00000000e0400000,0x00000000e0400000,0x00000000f8880000)
  from space 512K, 31% used [0x00000000f8a00000,0x00000000f8a28000,0x00000000f8a80000)
  to   space 1024K, 0% used [0x00000000f8880000,0x00000000f8880000,0x00000000f8980000)
 ParOldGen       total 248320K, used 171365K [0x00000000a0c00000, 0x00000000afe80000, 0x00000000e0400000)
  object space 248320K, 69% used [0x00000000a0c00000,0x00000000ab359718,0x00000000afe80000)
 Metaspace       used 17978K, capacity 18185K, committed 18432K, reserved 1067008K
  class space    used 1712K, capacity 1761K, committed 1792K, reserved 1048576K
}

