# JRE version: Java(TM) SE Runtime Environment (8.0_25-b18) (build 1.8.0_25-b18)
# Java VM: Java HotSpot(TM) 64-Bit Server VM (25.25-b02 mixed mode windows-amd64 compressed oops)
Heap:
 PSYoungGen      total 434688K, used 89341K [0x00000000e0400000, 0x00000000fc580000, 0x0000000100000000)
  eden space 412160K, 21% used [0x00000000e0400000,0x00000000e5b0f660,0x00000000f9680000)
  from space 22528K, 0% used [0x00000000faf80000,0x00000000fafb0000,0x00000000fc580000)
  to   space 24064K, 0% used [0x00000000f9680000,0x00000000f9680000,0x00000000fae00000)
 ParOldGen       total 220672K, used 154322K [0x00000000a0c00000, 0x00000000ae380000, 0x00000000e0400000)
  object space 220672K, 69% used [0x00000000a0c00000,0x00000000aa2b4828,0x00000000ae380000)
 Metaspace       used 18100K, capacity 18345K, committed 18560K, reserved 1067008K
  class space    used 1729K, capacity 1793K, committed 1920K, reserved 1048576K
GC Heap History (10 events):
Event: 29.106 GC heap before
{Heap before GC invocations=31 (full 3):
 PSYoungGen      total 441344K, used 405506K [0x00000000e0400000, 0x00000000fd400000, 0x0000000100000000)
  eden space 405504K, 99% used [0x00000000e0400000,0x00000000f8fc0bc0,0x00000000f9000000)
  from space 35840K, 0% used [0x00000000f9000000,0x00000000f9040000,0x00000000fb300000)
  to   space 33280K, 0% used [0x00000000fb380000,0x00000000fb380000,0x00000000fd400000)
 ParOldGen       total 220672K, used 154130K [0x00000000a0c00000, 0x00000000ae380000, 0x00000000e0400000)
  object space 220672K, 69% used [0x00000000a0c00000,0x00000000aa284828,0x00000000ae380000)
 Metaspace       used 18099K, capacity 18345K, committed 18560K, reserved 1067008K
  class space    used 1729K, capacity 1793K, committed 1920K, reserved 1048576K
Event: 29.107 GC heap after
Heap after GC invocations=31 (full 3):
 PSYoungGen      total 436736K, used 192K [0x00000000e0400000, 0x00000000fcf80000, 0x0000000100000000)
  eden space 408064K, 0% used [0x00000000e0400000,0x00000000e0400000,0x00000000f9280000)
  from space 28672K, 0% used [0x00000000fb380000,0x00000000fb3b0000,0x00000000fcf80000)
  to   space 31232K, 0% used [0x00000000f9280000,0x00000000f9280000,0x00000000fb100000)
 ParOldGen       total 220672K, used 154178K [0x00000000a0c00000, 0x00000000ae380000, 0x00000000e0400000)
  object space 220672K, 69% used [0x00000000a0c00000,0x00000000aa290828,0x00000000ae380000)
 Metaspace       used 18099K, capacity 18345K, committed 18560K, reserved 1067008K
  class space    used 1729K, capacity 1793K, committed 1920K, reserved 1048576K
}
Event: 30.740 GC heap before
{Heap before GC invocations=32 (full 3):
 PSYoungGen      total 436736K, used 405489K [0x00000000e0400000, 0x00000000fcf80000, 0x0000000100000000)
  eden space 408064K, 99% used [0x00000000e0400000,0x00000000f8fcc7a0,0x00000000f9280000)
  from space 28672K, 0% used [0x00000000fb380000,0x00000000fb3b0000,0x00000000fcf80000)
  to   space 31232K, 0% used [0x00000000f9280000,0x00000000f9280000,0x00000000fb100000)
 ParOldGen       total 220672K, used 154178K [0x00000000a0c00000, 0x00000000ae380000, 0x00000000e0400000)
  object space 220672K, 69% used [0x00000000a0c00000,0x00000000aa290828,0x00000000ae380000)
 Metaspace       used 18099K, capacity 18345K, committed 18560K, reserved 1067008K
  class space    used 1729K, capacity 1793K, committed 1920K, reserved 1048576K
Event: 30.741 GC heap after
Heap after GC invocations=32 (full 3):
 PSYoungGen      total 439296K, used 224K [0x00000000e0400000, 0x00000000fce00000, 0x0000000100000000)
  eden space 408064K, 0% used [0x00000000e0400000,0x00000000e0400000,0x00000000f9280000)
  from space 31232K, 0% used [0x00000000f9280000,0x00000000f92b8000,0x00000000fb100000)
  to   space 29184K, 0% used [0x00000000fb180000,0x00000000fb180000,0x00000000fce00000)
 ParOldGen       total 220672K, used 154226K [0x00000000a0c00000, 0x00000000ae380000, 0x00000000e0400000)
  object space 220672K, 69% used [0x00000000a0c00000,0x00000000aa29c828,0x00000000ae380000)
 Metaspace       used 18099K, capacity 18345K, committed 18560K, reserved 1067008K
  class space    used 1729K, capacity 1793K, committed 1920K, reserved 1048576K
}
Event: 32.373 GC heap before
{Heap before GC invocations=33 (full 3):
 PSYoungGen      total 439296K, used 405476K [0x00000000e0400000, 0x00000000fce00000, 0x0000000100000000)
  eden space 408064K, 99% used [0x00000000e0400000,0x00000000f8fc11f0,0x00000000f9280000)
  from space 31232K, 0% used [0x00000000f9280000,0x00000000f92b8000,0x00000000fb100000)
  to   space 29184K, 0% used [0x00000000fb180000,0x00000000fb180000,0x00000000fce00000)
 ParOldGen       total 220672K, used 154226K [0x00000000a0c00000, 0x00000000ae380000, 0x00000000e0400000)
  object space 220672K, 69% used [0x00000000a0c00000,0x00000000aa29c828,0x00000000ae380000)
 Metaspace       used 18099K, capacity 18345K, committed 18560K, reserved 1067008K
  class space    used 1729K, capacity 1793K, committed 1920K, reserved 1048576K
Event: 32.374 GC heap after
Heap after GC invocations=33 (full 3):
 PSYoungGen      total 435712K, used 224K [0x00000000e0400000, 0x00000000fca80000, 0x0000000100000000)
  eden space 410112K, 0% used [0x00000000e0400000,0x00000000e0400000,0x00000000f9480000)
  from space 25600K, 0% used [0x00000000fb180000,0x00000000fb1b8000,0x00000000fca80000)
  to   space 27648K, 0% used [0x00000000f9480000,0x00000000f9480000,0x00000000faf80000)
 ParOldGen       total 220672K, used 154250K [0x00000000a0c00000, 0x00000000ae380000, 0x00000000e0400000)
  object space 220672K, 69% used [0x00000000a0c00000,0x00000000aa2a2828,0x00000000ae380000)
 Metaspace       used 18099K, capacity 18345K, committed 18560K, reserved 1067008K
  class space    used 1729K, capacity 1793K, committed 1920K, reserved 1048576K
}
Event: 34.007 GC heap before
{Heap before GC invocations=34 (full 3):
 PSYoungGen      total 435712K, used 405570K [0x00000000e0400000, 0x00000000fca80000, 0x0000000100000000)
  eden space 410112K, 98% used [0x00000000e0400000,0x00000000f8fd8ac0,0x00000000f9480000)
  from space 25600K, 0% used [0x00000000fb180000,0x00000000fb1b8000,0x00000000fca80000)
  to   space 27648K, 0% used [0x00000000f9480000,0x00000000f9480000,0x00000000faf80000)
 ParOldGen       total 220672K, used 154250K [0x00000000a0c00000, 0x00000000ae380000, 0x00000000e0400000)
  object space 220672K, 69% used [0x00000000a0c00000,0x00000000aa2a2828,0x00000000ae380000)
 Metaspace       used 18099K, capacity 18345K, committed 18560K, reserved 1067008K
  class space    used 1729K, capacity 1793K, committed 1920K, reserved 1048576K
Event: 34.008 GC heap after
Heap after GC invocations=34 (full 3):
 PSYoungGen      total 437760K, used 224K [0x00000000e0400000, 0x00000000fc880000, 0x0000000100000000)
  eden space 410112K, 0% used [0x00000000e0400000,0x00000000e0400000,0x00000000f9480000)
  from space 27648K, 0% used [0x00000000f9480000,0x00000000f94b8000,0x00000000faf80000)
  to   space 25600K, 0% used [0x00000000faf80000,0x00000000faf80000,0x00000000fc880000)
 ParOldGen       total 220672K, used 154282K [0x00000000a0c00000, 0x00000000ae380000, 0x00000000e0400000)
  object space 220672K, 69% used [0x00000000a0c00000,0x00000000aa2aa828,0x00000000ae380000)
 Metaspace       used 18099K, capacity 18345K, committed 18560K, reserved 1067008K
  class space    used 1729K, capacity 1793K, committed 1920K, reserved 1048576K
}
Event: 35.640 GC heap before
{Heap before GC invocations=35 (full 3):
 PSYoungGen      total 437760K, used 405533K [0x00000000e0400000, 0x00000000fc880000, 0x0000000100000000)
  eden space 410112K, 98% used [0x00000000e0400000,0x00000000f8fcf4e8,0x00000000f9480000)
  from space 27648K, 0% used [0x00000000f9480000,0x00000000f94b8000,0x00000000faf80000)
  to   space 25600K, 0% used [0x00000000faf80000,0x00000000faf80000,0x00000000fc880000)
 ParOldGen       total 220672K, used 154282K [0x00000000a0c00000, 0x00000000ae380000, 0x00000000e0400000)
  object space 220672K, 69% used [0x00000000a0c00000,0x00000000aa2aa828,0x00000000ae380000)
 Metaspace       used 18099K, capacity 18345K, committed 18560K, reserved 1067008K
  class space    used 1729K, capacity 1793K, committed 1920K, reserved 1048576K
Event: 35.641 GC heap after
Heap after GC invocations=35 (full 3):
 PSYoungGen      total 434688K, used 192K [0x00000000e0400000, 0x00000000fc580000, 0x0000000100000000)
  eden space 412160K, 0% used [0x00000000e0400000,0x00000000e0400000,0x00000000f9680000)
  from space 22528K, 0% used [0x00000000faf80000,0x00000000fafb0000,0x00000000fc580000)
  to   space 24064K, 0% used [0x00000000f9680000,0x00000000f9680000,0x00000000fae00000)
 ParOldGen       total 220672K, used 154322K [0x00000000a0c00000, 0x00000000ae380000, 0x00000000e0400000)
  object space 220672K, 69% used [0x00000000a0c00000,0x00000000aa2b4828,0x00000000ae380000)
 Metaspace       used 18099K, capacity 18345K, committed 18560K, reserved 1067008K
  class space    used 1729K, capacity 1793K, committed 1920K, reserved 1048576K
}

