# JRE version: Java(TM) SE Runtime Environment (8.0_25-b18) (build 1.8.0_25-b18)
# Java VM: Java HotSpot(TM) 64-Bit Server VM (25.25-b02 mixed mode windows-amd64 compressed oops)
Heap:
 PSYoungGen      total 465920K, used 147869K [0x00000000e0400000, 0x00000000fcd00000, 0x0000000100000000)
  eden space 465408K, 31% used [0x00000000e0400000,0x00000000e9437538,0x00000000fca80000)
  from space 512K, 37% used [0x00000000fca80000,0x00000000fcab0000,0x00000000fcb00000)
  to   space 512K, 0% used [0x00000000fcc80000,0x00000000fcc80000,0x00000000fcd00000)
 ParOldGen       total 224256K, used 163931K [0x00000000a0c00000, 0x00000000ae700000, 0x00000000e0400000)
  object space 224256K, 73% used [0x00000000a0c00000,0x00000000aac16d48,0x00000000ae700000)
 Metaspace       used 18023K, capacity 18185K, committed 18432K, reserved 1067008K
  class space    used 1718K, capacity 1761K, committed 1792K, reserved 1048576K
GC Heap History (10 events):
Event: 65.795 GC heap before
{Heap before GC invocations=112 (full 3):
 PSYoungGen      total 461312K, used 460992K [0x00000000e0400000, 0x00000000fc700000, 0x0000000100000000)
  eden space 460800K, 100% used [0x00000000e0400000,0x00000000fc600000,0x00000000fc600000)
  from space 512K, 37% used [0x00000000fc680000,0x00000000fc6b0000,0x00000000fc700000)
  to   space 512K, 0% used [0x00000000fc600000,0x00000000fc600000,0x00000000fc680000)
 ParOldGen       total 224256K, used 163891K [0x00000000a0c00000, 0x00000000ae700000, 0x00000000e0400000)
  object space 224256K, 73% used [0x00000000a0c00000,0x00000000aac0cd48,0x00000000ae700000)
 Metaspace       used 18022K, capacity 18185K, committed 18432K, reserved 1067008K
  class space    used 1718K, capacity 1761K, committed 1792K, reserved 1048576K
Event: 65.796 GC heap after
Heap after GC invocations=112 (full 3):
 PSYoungGen      total 461312K, used 128K [0x00000000e0400000, 0x00000000fc900000, 0x0000000100000000)
  eden space 460800K, 0% used [0x00000000e0400000,0x00000000e0400000,0x00000000fc600000)
  from space 512K, 25% used [0x00000000fc600000,0x00000000fc620000,0x00000000fc680000)
  to   space 512K, 0% used [0x00000000fc880000,0x00000000fc880000,0x00000000fc900000)
 ParOldGen       total 224256K, used 163891K [0x00000000a0c00000, 0x00000000ae700000, 0x00000000e0400000)
  object space 224256K, 73% used [0x00000000a0c00000,0x00000000aac0cd48,0x00000000ae700000)
 Metaspace       used 18022K, capacity 18185K, committed 18432K, reserved 1067008K
  class space    used 1718K, capacity 1761K, committed 1792K, reserved 1048576K
}
Event: 66.491 GC heap before
{Heap before GC invocations=113 (full 3):
 PSYoungGen      total 461312K, used 460928K [0x00000000e0400000, 0x00000000fc900000, 0x0000000100000000)
  eden space 460800K, 100% used [0x00000000e0400000,0x00000000fc600000,0x00000000fc600000)
  from space 512K, 25% used [0x00000000fc600000,0x00000000fc620000,0x00000000fc680000)
  to   space 512K, 0% used [0x00000000fc880000,0x00000000fc880000,0x00000000fc900000)
 ParOldGen       total 224256K, used 163891K [0x00000000a0c00000, 0x00000000ae700000, 0x00000000e0400000)
  object space 224256K, 73% used [0x00000000a0c00000,0x00000000aac0cd48,0x00000000ae700000)
 Metaspace       used 18022K, capacity 18185K, committed 18432K, reserved 1067008K
  class space    used 1718K, capacity 1761K, committed 1792K, reserved 1048576K
Event: 66.494 GC heap after
Heap after GC invocations=113 (full 3):
 PSYoungGen      total 463360K, used 192K [0x00000000e0400000, 0x00000000fc980000, 0x0000000100000000)
  eden space 462848K, 0% used [0x00000000e0400000,0x00000000e0400000,0x00000000fc800000)
  from space 512K, 37% used [0x00000000fc880000,0x00000000fc8b0000,0x00000000fc900000)
  to   space 512K, 0% used [0x00000000fc800000,0x00000000fc800000,0x00000000fc880000)
 ParOldGen       total 224256K, used 163931K [0x00000000a0c00000, 0x00000000ae700000, 0x00000000e0400000)
  object space 224256K, 73% used [0x00000000a0c00000,0x00000000aac16d48,0x00000000ae700000)
 Metaspace       used 18022K, capacity 18185K, committed 18432K, reserved 1067008K
  class space    used 1718K, capacity 1761K, committed 1792K, reserved 1048576K
}
Event: 67.196 GC heap before
{Heap before GC invocations=114 (full 3):
 PSYoungGen      total 463360K, used 463040K [0x00000000e0400000, 0x00000000fc980000, 0x0000000100000000)
  eden space 462848K, 100% used [0x00000000e0400000,0x00000000fc800000,0x00000000fc800000)
  from space 512K, 37% used [0x00000000fc880000,0x00000000fc8b0000,0x00000000fc900000)
  to   space 512K, 0% used [0x00000000fc800000,0x00000000fc800000,0x00000000fc880000)
 ParOldGen       total 224256K, used 163931K [0x00000000a0c00000, 0x00000000ae700000, 0x00000000e0400000)
  object space 224256K, 73% used [0x00000000a0c00000,0x00000000aac16d48,0x00000000ae700000)
 Metaspace       used 18022K, capacity 18185K, committed 18432K, reserved 1067008K
  class space    used 1718K, capacity 1761K, committed 1792K, reserved 1048576K
Event: 67.197 GC heap after
Heap after GC invocations=114 (full 3):
 PSYoungGen      total 463360K, used 224K [0x00000000e0400000, 0x00000000fcb80000, 0x0000000100000000)
  eden space 462848K, 0% used [0x00000000e0400000,0x00000000e0400000,0x00000000fc800000)
  from space 512K, 43% used [0x00000000fc800000,0x00000000fc838000,0x00000000fc880000)
  to   space 512K, 0% used [0x00000000fcb00000,0x00000000fcb00000,0x00000000fcb80000)
 ParOldGen       total 224256K, used 163931K [0x00000000a0c00000, 0x00000000ae700000, 0x00000000e0400000)
  object space 224256K, 73% used [0x00000000a0c00000,0x00000000aac16d48,0x00000000ae700000)
 Metaspace       used 18022K, capacity 18185K, committed 18432K, reserved 1067008K
  class space    used 1718K, capacity 1761K, committed 1792K, reserved 1048576K
}
Event: 67.884 GC heap before
{Heap before GC invocations=115 (full 3):
 PSYoungGen      total 463360K, used 456001K [0x00000000e0400000, 0x00000000fcb80000, 0x0000000100000000)
  eden space 462848K, 98% used [0x00000000e0400000,0x00000000fc1185b0,0x00000000fc800000)
  from space 512K, 43% used [0x00000000fc800000,0x00000000fc838000,0x00000000fc880000)
  to   space 512K, 0% used [0x00000000fcb00000,0x00000000fcb00000,0x00000000fcb80000)
 ParOldGen       total 224256K, used 163931K [0x00000000a0c00000, 0x00000000ae700000, 0x00000000e0400000)
  object space 224256K, 73% used [0x00000000a0c00000,0x00000000aac16d48,0x00000000ae700000)
 Metaspace       used 18022K, capacity 18185K, committed 18432K, reserved 1067008K
  class space    used 1718K, capacity 1761K, committed 1792K, reserved 1048576K
Event: 67.885 GC heap after
Heap after GC invocations=115 (full 3):
 PSYoungGen      total 465408K, used 128K [0x00000000e0400000, 0x00000000fcb80000, 0x0000000100000000)
  eden space 464896K, 0% used [0x00000000e0400000,0x00000000e0400000,0x00000000fca00000)
  from space 512K, 25% used [0x00000000fcb00000,0x00000000fcb20000,0x00000000fcb80000)
  to   space 512K, 0% used [0x00000000fca80000,0x00000000fca80000,0x00000000fcb00000)
 ParOldGen       total 224256K, used 163931K [0x00000000a0c00000, 0x00000000ae700000, 0x00000000e0400000)
  object space 224256K, 73% used [0x00000000a0c00000,0x00000000aac16d48,0x00000000ae700000)
 Metaspace       used 18022K, capacity 18185K, committed 18432K, reserved 1067008K
  class space    used 1718K, capacity 1761K, committed 1792K, reserved 1048576K
}
Event: 68.599 GC heap before
{Heap before GC invocations=116 (full 3):
 PSYoungGen      total 465408K, used 465024K [0x00000000e0400000, 0x00000000fcb80000, 0x0000000100000000)
  eden space 464896K, 100% used [0x00000000e0400000,0x00000000fca00000,0x00000000fca00000)
  from space 512K, 25% used [0x00000000fcb00000,0x00000000fcb20000,0x00000000fcb80000)
  to   space 512K, 0% used [0x00000000fca80000,0x00000000fca80000,0x00000000fcb00000)
 ParOldGen       total 224256K, used 163931K [0x00000000a0c00000, 0x00000000ae700000, 0x00000000e0400000)
  object space 224256K, 73% used [0x00000000a0c00000,0x00000000aac16d48,0x00000000ae700000)
 Metaspace       used 18022K, capacity 18185K, committed 18432K, reserved 1067008K
  class space    used 1718K, capacity 1761K, committed 1792K, reserved 1048576K
Event: 68.601 GC heap after
Heap after GC invocations=116 (full 3):
 PSYoungGen      total 465920K, used 192K [0x00000000e0400000, 0x00000000fcd00000, 0x0000000100000000)
  eden space 465408K, 0% used [0x00000000e0400000,0x00000000e0400000,0x00000000fca80000)
  from space 512K, 37% used [0x00000000fca80000,0x00000000fcab0000,0x00000000fcb00000)
  to   space 512K, 0% used [0x00000000fcc80000,0x00000000fcc80000,0x00000000fcd00000)
 ParOldGen       total 224256K, used 163931K [0x00000000a0c00000, 0x00000000ae700000, 0x00000000e0400000)
  object space 224256K, 73% used [0x00000000a0c00000,0x00000000aac16d48,0x00000000ae700000)
 Metaspace       used 18022K, capacity 18185K, committed 18432K, reserved 1067008K
  class space    used 1718K, capacity 1761K, committed 1792K, reserved 1048576K
}

