# JRE version: Java(TM) SE Runtime Environment (8.0_25-b18) (build 1.8.0_25-b18)
# Java VM: Java HotSpot(TM) 64-Bit Server VM (25.25-b02 mixed mode windows-amd64 compressed oops)
Heap:
 PSYoungGen      total 455680K, used 305567K [0x00000000e0400000, 0x00000000fce80000, 0x0000000100000000)
  eden space 441856K, 69% used [0x00000000e0400000,0x00000000f2e2fe80,0x00000000fb380000)
  from space 13824K, 1% used [0x00000000fb380000,0x00000000fb3b8000,0x00000000fc100000)
  to   space 12800K, 0% used [0x00000000fc200000,0x00000000fc200000,0x00000000fce80000)
 ParOldGen       total 222720K, used 155620K [0x00000000a0c00000, 0x00000000ae580000, 0x00000000e0400000)
  object space 222720K, 69% used [0x00000000a0c00000,0x00000000aa3f9110,0x00000000ae580000)
 Metaspace       used 18025K, capacity 18249K, committed 18432K, reserved 1067008K
  class space    used 1723K, capacity 1761K, committed 1792K, reserved 1048576K
GC Heap History (10 events):
Event: 41.988 GC heap before
{Heap before GC invocations=78 (full 3):
 PSYoungGen      total 449024K, used 437920K [0x00000000e0400000, 0x00000000fc780000, 0x0000000100000000)
  eden space 437760K, 100% used [0x00000000e0400000,0x00000000faf80000,0x00000000faf80000)
  from space 11264K, 1% used [0x00000000fbc80000,0x00000000fbca8000,0x00000000fc780000)
  to   space 12288K, 0% used [0x00000000faf80000,0x00000000faf80000,0x00000000fbb80000)
 ParOldGen       total 222720K, used 155620K [0x00000000a0c00000, 0x00000000ae580000, 0x00000000e0400000)
  object space 222720K, 69% used [0x00000000a0c00000,0x00000000aa3f9110,0x00000000ae580000)
 Metaspace       used 17990K, capacity 18185K, committed 18432K, reserved 1067008K
  class space    used 1711K, capacity 1761K, committed 1792K, reserved 1048576K
Event: 41.990 GC heap after
Heap after GC invocations=78 (full 3):
 PSYoungGen      total 450048K, used 8324K [0x00000000e0400000, 0x00000000fcc80000, 0x0000000100000000)
  eden space 437760K, 0% used [0x00000000e0400000,0x00000000e0400000,0x00000000faf80000)
  from space 12288K, 67% used [0x00000000faf80000,0x00000000fb7a1010,0x00000000fbb80000)
  to   space 13824K, 0% used [0x00000000fbf00000,0x00000000fbf00000,0x00000000fcc80000)
 ParOldGen       total 222720K, used 155620K [0x00000000a0c00000, 0x00000000ae580000, 0x00000000e0400000)
  object space 222720K, 69% used [0x00000000a0c00000,0x00000000aa3f9110,0x00000000ae580000)
 Metaspace       used 17990K, capacity 18185K, committed 18432K, reserved 1067008K
  class space    used 1711K, capacity 1761K, committed 1792K, reserved 1048576K
}
Event: 42.682 GC heap before
{Heap before GC invocations=79 (full 3):
 PSYoungGen      total 450048K, used 440212K [0x00000000e0400000, 0x00000000fcc80000, 0x0000000100000000)
  eden space 437760K, 98% used [0x00000000e0400000,0x00000000fa9c4140,0x00000000faf80000)
  from space 12288K, 67% used [0x00000000faf80000,0x00000000fb7a1010,0x00000000fbb80000)
  to   space 13824K, 0% used [0x00000000fbf00000,0x00000000fbf00000,0x00000000fcc80000)
 ParOldGen       total 222720K, used 155620K [0x00000000a0c00000, 0x00000000ae580000, 0x00000000e0400000)
  object space 222720K, 69% used [0x00000000a0c00000,0x00000000aa3f9110,0x00000000ae580000)
 Metaspace       used 17990K, capacity 18185K, committed 18432K, reserved 1067008K
  class space    used 1711K, capacity 1761K, committed 1792K, reserved 1048576K
Event: 42.684 GC heap after
Heap after GC invocations=79 (full 3):
 PSYoungGen      total 452608K, used 160K [0x00000000e0400000, 0x00000000fcb80000, 0x0000000100000000)
  eden space 439808K, 0% used [0x00000000e0400000,0x00000000e0400000,0x00000000fb180000)
  from space 12800K, 1% used [0x00000000fbf00000,0x00000000fbf28000,0x00000000fcb80000)
  to   space 13312K, 0% used [0x00000000fb180000,0x00000000fb180000,0x00000000fbe80000)
 ParOldGen       total 222720K, used 155620K [0x00000000a0c00000, 0x00000000ae580000, 0x00000000e0400000)
  object space 222720K, 69% used [0x00000000a0c00000,0x00000000aa3f9110,0x00000000ae580000)
 Metaspace       used 17990K, capacity 18185K, committed 18432K, reserved 1067008K
  class space    used 1711K, capacity 1761K, committed 1792K, reserved 1048576K
}
Event: 43.354 GC heap before
{Heap before GC invocations=80 (full 3):
 PSYoungGen      total 452608K, used 439968K [0x00000000e0400000, 0x00000000fcb80000, 0x0000000100000000)
  eden space 439808K, 100% used [0x00000000e0400000,0x00000000fb180000,0x00000000fb180000)
  from space 12800K, 1% used [0x00000000fbf00000,0x00000000fbf28000,0x00000000fcb80000)
  to   space 13312K, 0% used [0x00000000fb180000,0x00000000fb180000,0x00000000fbe80000)
 ParOldGen       total 222720K, used 155620K [0x00000000a0c00000, 0x00000000ae580000, 0x00000000e0400000)
  object space 222720K, 69% used [0x00000000a0c00000,0x00000000aa3f9110,0x00000000ae580000)
 Metaspace       used 17990K, capacity 18185K, committed 18432K, reserved 1067008K
  class space    used 1711K, capacity 1761K, committed 1792K, reserved 1048576K
Event: 43.356 GC heap after
Heap after GC invocations=80 (full 3):
 PSYoungGen      total 453120K, used 8164K [0x00000000e0400000, 0x00000000fcf80000, 0x0000000100000000)
  eden space 439808K, 0% used [0x00000000e0400000,0x00000000e0400000,0x00000000fb180000)
  from space 13312K, 61% used [0x00000000fb180000,0x00000000fb979010,0x00000000fbe80000)
  to   space 14336K, 0% used [0x00000000fc180000,0x00000000fc180000,0x00000000fcf80000)
 ParOldGen       total 222720K, used 155620K [0x00000000a0c00000, 0x00000000ae580000, 0x00000000e0400000)
  object space 222720K, 69% used [0x00000000a0c00000,0x00000000aa3f9110,0x00000000ae580000)
 Metaspace       used 17990K, capacity 18185K, committed 18432K, reserved 1067008K
  class space    used 1711K, capacity 1761K, committed 1792K, reserved 1048576K
}
Event: 44.048 GC heap before
{Heap before GC invocations=81 (full 3):
 PSYoungGen      total 453120K, used 447972K [0x00000000e0400000, 0x00000000fcf80000, 0x0000000100000000)
  eden space 439808K, 100% used [0x00000000e0400000,0x00000000fb180000,0x00000000fb180000)
  from space 13312K, 61% used [0x00000000fb180000,0x00000000fb979010,0x00000000fbe80000)
  to   space 14336K, 0% used [0x00000000fc180000,0x00000000fc180000,0x00000000fcf80000)
 ParOldGen       total 222720K, used 155620K [0x00000000a0c00000, 0x00000000ae580000, 0x00000000e0400000)
  object space 222720K, 69% used [0x00000000a0c00000,0x00000000aa3f9110,0x00000000ae580000)
 Metaspace       used 17990K, capacity 18185K, committed 18432K, reserved 1067008K
  class space    used 1711K, capacity 1761K, committed 1792K, reserved 1048576K
Event: 44.050 GC heap after
Heap after GC invocations=81 (full 3):
 PSYoungGen      total 455168K, used 160K [0x00000000e0400000, 0x00000000fce80000, 0x0000000100000000)
  eden space 441856K, 0% used [0x00000000e0400000,0x00000000e0400000,0x00000000fb380000)
  from space 13312K, 1% used [0x00000000fc180000,0x00000000fc1a8000,0x00000000fce80000)
  to   space 13824K, 0% used [0x00000000fb380000,0x00000000fb380000,0x00000000fc100000)
 ParOldGen       total 222720K, used 155620K [0x00000000a0c00000, 0x00000000ae580000, 0x00000000e0400000)
  object space 222720K, 69% used [0x00000000a0c00000,0x00000000aa3f9110,0x00000000ae580000)
 Metaspace       used 17990K, capacity 18185K, committed 18432K, reserved 1067008K
  class space    used 1711K, capacity 1761K, committed 1792K, reserved 1048576K
}
Event: 44.748 GC heap before
{Heap before GC invocations=82 (full 3):
 PSYoungGen      total 455168K, used 442016K [0x00000000e0400000, 0x00000000fce80000, 0x0000000100000000)
  eden space 441856K, 100% used [0x00000000e0400000,0x00000000fb380000,0x00000000fb380000)
  from space 13312K, 1% used [0x00000000fc180000,0x00000000fc1a8000,0x00000000fce80000)
  to   space 13824K, 0% used [0x00000000fb380000,0x00000000fb380000,0x00000000fc100000)
 ParOldGen       total 222720K, used 155620K [0x00000000a0c00000, 0x00000000ae580000, 0x00000000e0400000)
  object space 222720K, 69% used [0x00000000a0c00000,0x00000000aa3f9110,0x00000000ae580000)
 Metaspace       used 17990K, capacity 18185K, committed 18432K, reserved 1067008K
  class space    used 1711K, capacity 1761K, committed 1792K, reserved 1048576K
Event: 44.749 GC heap after
Heap after GC invocations=82 (full 3):
 PSYoungGen      total 455680K, used 224K [0x00000000e0400000, 0x00000000fce80000, 0x0000000100000000)
  eden space 441856K, 0% used [0x00000000e0400000,0x00000000e0400000,0x00000000fb380000)
  from space 13824K, 1% used [0x00000000fb380000,0x00000000fb3b8000,0x00000000fc100000)
  to   space 12800K, 0% used [0x00000000fc200000,0x00000000fc200000,0x00000000fce80000)
 ParOldGen       total 222720K, used 155620K [0x00000000a0c00000, 0x00000000ae580000, 0x00000000e0400000)
  object space 222720K, 69% used [0x00000000a0c00000,0x00000000aa3f9110,0x00000000ae580000)
 Metaspace       used 17990K, capacity 18185K, committed 18432K, reserved 1067008K
  class space    used 1711K, capacity 1761K, committed 1792K, reserved 1048576K
}

