# JRE version: Java(TM) SE Runtime Environment (8.0_25-b18) (build 1.8.0_25-b18)
# Java VM: Java HotSpot(TM) 64-Bit Server VM (25.25-b02 mixed mode windows-amd64 compressed oops)
Heap:
 PSYoungGen      total 507392K, used 447434K [0x00000000e0400000, 0x00000000fff00000, 0x0000000100000000)
  eden space 498688K, 89% used [0x00000000e0400000,0x00000000fb8c2b80,0x00000000feb00000)
  from space 8704K, 2% used [0x00000000feb00000,0x00000000feb30000,0x00000000ff380000)
  to   space 8192K, 0% used [0x00000000ff700000,0x00000000ff700000,0x00000000fff00000)
 ParOldGen       total 207360K, used 156106K [0x00000000a0c00000, 0x00000000ad680000, 0x00000000e0400000)
  object space 207360K, 75% used [0x00000000a0c00000,0x00000000aa472a80,0x00000000ad680000)
 Metaspace       used 18604K, capacity 18825K, committed 19072K, reserved 1067008K
  class space    used 1769K, capacity 1825K, committed 1920K, reserved 1048576K
GC Heap History (10 events):
Event: 28.298 GC heap before
{Heap before GC invocations=54 (full 3):
 PSYoungGen      total 503296K, used 486236K [0x00000000e0400000, 0x00000000ffb80000, 0x0000000100000000)
  eden space 492032K, 98% used [0x00000000e0400000,0x00000000fde9f2c8,0x00000000fe480000)
  from space 11264K, 1% used [0x00000000ff080000,0x00000000ff0b8000,0x00000000ffb80000)
  to   space 11776K, 0% used [0x00000000fe480000,0x00000000fe480000,0x00000000ff000000)
 ParOldGen       total 207360K, used 156066K [0x00000000a0c00000, 0x00000000ad680000, 0x00000000e0400000)
  object space 207360K, 75% used [0x00000000a0c00000,0x00000000aa468a80,0x00000000ad680000)
 Metaspace       used 18603K, capacity 18825K, committed 19072K, reserved 1067008K
  class space    used 1769K, capacity 1825K, committed 1920K, reserved 1048576K
Event: 28.301 GC heap after
Heap after GC invocations=54 (full 3):
 PSYoungGen      total 503808K, used 224K [0x00000000e0400000, 0x00000000ffd00000, 0x0000000100000000)
  eden space 492032K, 0% used [0x00000000e0400000,0x00000000e0400000,0x00000000fe480000)
  from space 11776K, 1% used [0x00000000fe480000,0x00000000fe4b8000,0x00000000ff000000)
  to   space 10752K, 0% used [0x00000000ff280000,0x00000000ff280000,0x00000000ffd00000)
 ParOldGen       total 207360K, used 156082K [0x00000000a0c00000, 0x00000000ad680000, 0x00000000e0400000)
  object space 207360K, 75% used [0x00000000a0c00000,0x00000000aa46ca80,0x00000000ad680000)
 Metaspace       used 18603K, capacity 18825K, committed 19072K, reserved 1067008K
  class space    used 1769K, capacity 1825K, committed 1920K, reserved 1048576K
}
Event: 28.923 GC heap before
{Heap before GC invocations=55 (full 3):
 PSYoungGen      total 503808K, used 492256K [0x00000000e0400000, 0x00000000ffd00000, 0x0000000100000000)
  eden space 492032K, 100% used [0x00000000e0400000,0x00000000fe480000,0x00000000fe480000)
  from space 11776K, 1% used [0x00000000fe480000,0x00000000fe4b8000,0x00000000ff000000)
  to   space 10752K, 0% used [0x00000000ff280000,0x00000000ff280000,0x00000000ffd00000)
 ParOldGen       total 207360K, used 156082K [0x00000000a0c00000, 0x00000000ad680000, 0x00000000e0400000)
  object space 207360K, 75% used [0x00000000a0c00000,0x00000000aa46ca80,0x00000000ad680000)
 Metaspace       used 18603K, capacity 18825K, committed 19072K, reserved 1067008K
  class space    used 1769K, capacity 1825K, committed 1920K, reserved 1048576K
Event: 28.925 GC heap after
Heap after GC invocations=55 (full 3):
 PSYoungGen      total 504320K, used 192K [0x00000000e0400000, 0x00000000ffb80000, 0x0000000100000000)
  eden space 495104K, 0% used [0x00000000e0400000,0x00000000e0400000,0x00000000fe780000)
  from space 9216K, 2% used [0x00000000ff280000,0x00000000ff2b0000,0x00000000ffb80000)
  to   space 10240K, 0% used [0x00000000fe780000,0x00000000fe780000,0x00000000ff180000)
 ParOldGen       total 207360K, used 156106K [0x00000000a0c00000, 0x00000000ad680000, 0x00000000e0400000)
  object space 207360K, 75% used [0x00000000a0c00000,0x00000000aa472a80,0x00000000ad680000)
 Metaspace       used 18603K, capacity 18825K, committed 19072K, reserved 1067008K
  class space    used 1769K, capacity 1825K, committed 1920K, reserved 1048576K
}
Event: 29.559 GC heap before
{Heap before GC invocations=56 (full 3):
 PSYoungGen      total 504320K, used 495296K [0x00000000e0400000, 0x00000000ffb80000, 0x0000000100000000)
  eden space 495104K, 100% used [0x00000000e0400000,0x00000000fe780000,0x00000000fe780000)
  from space 9216K, 2% used [0x00000000ff280000,0x00000000ff2b0000,0x00000000ffb80000)
  to   space 10240K, 0% used [0x00000000fe780000,0x00000000fe780000,0x00000000ff180000)
 ParOldGen       total 207360K, used 156106K [0x00000000a0c00000, 0x00000000ad680000, 0x00000000e0400000)
  object space 207360K, 75% used [0x00000000a0c00000,0x00000000aa472a80,0x00000000ad680000)
 Metaspace       used 18603K, capacity 18825K, committed 19072K, reserved 1067008K
  class space    used 1769K, capacity 1825K, committed 1920K, reserved 1048576K
Event: 29.560 GC heap after
Heap after GC invocations=56 (full 3):
 PSYoungGen      total 505344K, used 224K [0x00000000e0400000, 0x00000000ffd80000, 0x0000000100000000)
  eden space 495104K, 0% used [0x00000000e0400000,0x00000000e0400000,0x00000000fe780000)
  from space 10240K, 2% used [0x00000000fe780000,0x00000000fe7b8000,0x00000000ff180000)
  to   space 9728K, 0% used [0x00000000ff400000,0x00000000ff400000,0x00000000ffd80000)
 ParOldGen       total 207360K, used 156106K [0x00000000a0c00000, 0x00000000ad680000, 0x00000000e0400000)
  object space 207360K, 75% used [0x00000000a0c00000,0x00000000aa472a80,0x00000000ad680000)
 Metaspace       used 18603K, capacity 18825K, committed 19072K, reserved 1067008K
  class space    used 1769K, capacity 1825K, committed 1920K, reserved 1048576K
}
Event: 30.213 GC heap before
{Heap before GC invocations=57 (full 3):
 PSYoungGen      total 505344K, used 495328K [0x00000000e0400000, 0x00000000ffd80000, 0x0000000100000000)
  eden space 495104K, 100% used [0x00000000e0400000,0x00000000fe780000,0x00000000fe780000)
  from space 10240K, 2% used [0x00000000fe780000,0x00000000fe7b8000,0x00000000ff180000)
  to   space 9728K, 0% used [0x00000000ff400000,0x00000000ff400000,0x00000000ffd80000)
 ParOldGen       total 207360K, used 156106K [0x00000000a0c00000, 0x00000000ad680000, 0x00000000e0400000)
  object space 207360K, 75% used [0x00000000a0c00000,0x00000000aa472a80,0x00000000ad680000)
 Metaspace       used 18603K, capacity 18825K, committed 19072K, reserved 1067008K
  class space    used 1769K, capacity 1825K, committed 1920K, reserved 1048576K
Event: 30.216 GC heap after
Heap after GC invocations=57 (full 3):
 PSYoungGen      total 506880K, used 224K [0x00000000e0400000, 0x00000000ffc00000, 0x0000000100000000)
  eden space 498688K, 0% used [0x00000000e0400000,0x00000000e0400000,0x00000000feb00000)
  from space 8192K, 2% used [0x00000000ff400000,0x00000000ff438000,0x00000000ffc00000)
  to   space 8704K, 0% used [0x00000000feb00000,0x00000000feb00000,0x00000000ff380000)
 ParOldGen       total 207360K, used 156106K [0x00000000a0c00000, 0x00000000ad680000, 0x00000000e0400000)
  object space 207360K, 75% used [0x00000000a0c00000,0x00000000aa472a80,0x00000000ad680000)
 Metaspace       used 18603K, capacity 18825K, committed 19072K, reserved 1067008K
  class space    used 1769K, capacity 1825K, committed 1920K, reserved 1048576K
}
Event: 30.921 GC heap before
{Heap before GC invocations=58 (full 3):
 PSYoungGen      total 506880K, used 498912K [0x00000000e0400000, 0x00000000ffc00000, 0x0000000100000000)
  eden space 498688K, 100% used [0x00000000e0400000,0x00000000feb00000,0x00000000feb00000)
  from space 8192K, 2% used [0x00000000ff400000,0x00000000ff438000,0x00000000ffc00000)
  to   space 8704K, 0% used [0x00000000feb00000,0x00000000feb00000,0x00000000ff380000)
 ParOldGen       total 207360K, used 156106K [0x00000000a0c00000, 0x00000000ad680000, 0x00000000e0400000)
  object space 207360K, 75% used [0x00000000a0c00000,0x00000000aa472a80,0x00000000ad680000)
 Metaspace       used 18603K, capacity 18825K, committed 19072K, reserved 1067008K
  class space    used 1769K, capacity 1825K, committed 1920K, reserved 1048576K
Event: 30.924 GC heap after
Heap after GC invocations=58 (full 3):
 PSYoungGen      total 507392K, used 192K [0x00000000e0400000, 0x00000000fff00000, 0x0000000100000000)
  eden space 498688K, 0% used [0x00000000e0400000,0x00000000e0400000,0x00000000feb00000)
  from space 8704K, 2% used [0x00000000feb00000,0x00000000feb30000,0x00000000ff380000)
  to   space 8192K, 0% used [0x00000000ff700000,0x00000000ff700000,0x00000000fff00000)
 ParOldGen       total 207360K, used 156106K [0x00000000a0c00000, 0x00000000ad680000, 0x00000000e0400000)
  object space 207360K, 75% used [0x00000000a0c00000,0x00000000aa472a80,0x00000000ad680000)
 Metaspace       used 18603K, capacity 18825K, committed 19072K, reserved 1067008K
  class space    used 1769K, capacity 1825K, committed 1920K, reserved 1048576K
}

