# JRE version: Java(TM) SE Runtime Environment (8.0_25-b18) (build 1.8.0_25-b18)
# Java VM: Java HotSpot(TM) 64-Bit Server VM (25.25-b02 mixed mode windows-amd64 compressed oops)
Heap:
 PSYoungGen      total 380416K, used 346367K [0x00000000e0400000, 0x00000000f9480000, 0x0000000100000000)
  eden space 349696K, 99% used [0x00000000e0400000,0x00000000f5617cb0,0x00000000f5980000)
  from space 30720K, 0% used [0x00000000f5980000,0x00000000f59a8000,0x00000000f7780000)
  to   space 28672K, 0% used [0x00000000f7880000,0x00000000f7880000,0x00000000f9480000)
 ParOldGen       total 223232K, used 155207K [0x00000000a0c00000, 0x00000000ae600000, 0x00000000e0400000)
  object space 223232K, 69% used [0x00000000a0c00000,0x00000000aa391d00,0x00000000ae600000)
 Metaspace       used 17871K, capacity 18057K, committed 18176K, reserved 1064960K
  class space    used 1723K, capacity 1761K, committed 1792K, reserved 1048576K
GC Heap History (10 events):
Event: 9.985 GC heap before
{Heap before GC invocations=28 (full 3):
 PSYoungGen      total 378368K, used 342720K [0x00000000e0400000, 0x00000000f9e80000, 0x0000000100000000)
  eden space 342528K, 100% used [0x00000000e0400000,0x00000000f5280000,0x00000000f5280000)
  from space 35840K, 0% used [0x00000000f7b80000,0x00000000f7bb0000,0x00000000f9e80000)
  to   space 38912K, 0% used [0x00000000f5280000,0x00000000f5280000,0x00000000f7880000)
 ParOldGen       total 223232K, used 155119K [0x00000000a0c00000, 0x00000000ae600000, 0x00000000e0400000)
  object space 223232K, 69% used [0x00000000a0c00000,0x00000000aa37bd00,0x00000000ae600000)
 Metaspace       used 17717K, capacity 17921K, committed 18176K, reserved 1064960K
  class space    used 1711K, capacity 1761K, committed 1792K, reserved 1048576K
Event: 9.986 GC heap after
Heap after GC invocations=28 (full 3):
 PSYoungGen      total 381440K, used 224K [0x00000000e0400000, 0x00000000f9e80000, 0x0000000100000000)
  eden space 342528K, 0% used [0x00000000e0400000,0x00000000e0400000,0x00000000f5280000)
  from space 38912K, 0% used [0x00000000f5280000,0x00000000f52b8000,0x00000000f7880000)
  to   space 36864K, 0% used [0x00000000f7a80000,0x00000000f7a80000,0x00000000f9e80000)
 ParOldGen       total 223232K, used 155127K [0x00000000a0c00000, 0x00000000ae600000, 0x00000000e0400000)
  object space 223232K, 69% used [0x00000000a0c00000,0x00000000aa37dd00,0x00000000ae600000)
 Metaspace       used 17717K, capacity 17921K, committed 18176K, reserved 1064960K
  class space    used 1711K, capacity 1761K, committed 1792K, reserved 1048576K
}
Event: 10.450 GC heap before
{Heap before GC invocations=29 (full 3):
 PSYoungGen      total 381440K, used 342752K [0x00000000e0400000, 0x00000000f9e80000, 0x0000000100000000)
  eden space 342528K, 100% used [0x00000000e0400000,0x00000000f5280000,0x00000000f5280000)
  from space 38912K, 0% used [0x00000000f5280000,0x00000000f52b8000,0x00000000f7880000)
  to   space 36864K, 0% used [0x00000000f7a80000,0x00000000f7a80000,0x00000000f9e80000)
 ParOldGen       total 223232K, used 155127K [0x00000000a0c00000, 0x00000000ae600000, 0x00000000e0400000)
  object space 223232K, 69% used [0x00000000a0c00000,0x00000000aa37dd00,0x00000000ae600000)
 Metaspace       used 17727K, capacity 17929K, committed 18176K, reserved 1064960K
  class space    used 1711K, capacity 1761K, committed 1792K, reserved 1048576K
Event: 10.451 GC heap after
Heap after GC invocations=29 (full 3):
 PSYoungGen      total 379392K, used 192K [0x00000000e0400000, 0x00000000f9a80000, 0x0000000100000000)
  eden space 346624K, 0% used [0x00000000e0400000,0x00000000e0400000,0x00000000f5680000)
  from space 32768K, 0% used [0x00000000f7a80000,0x00000000f7ab0000,0x00000000f9a80000)
  to   space 34816K, 0% used [0x00000000f5680000,0x00000000f5680000,0x00000000f7880000)
 ParOldGen       total 223232K, used 155127K [0x00000000a0c00000, 0x00000000ae600000, 0x00000000e0400000)
  object space 223232K, 69% used [0x00000000a0c00000,0x00000000aa37dd00,0x00000000ae600000)
 Metaspace       used 17727K, capacity 17929K, committed 18176K, reserved 1064960K
  class space    used 1711K, capacity 1761K, committed 1792K, reserved 1048576K
}
Event: 10.916 GC heap before
{Heap before GC invocations=30 (full 3):
 PSYoungGen      total 379392K, used 343037K [0x00000000e0400000, 0x00000000f9a80000, 0x0000000100000000)
  eden space 346624K, 98% used [0x00000000e0400000,0x00000000f52cf4f8,0x00000000f5680000)
  from space 32768K, 0% used [0x00000000f7a80000,0x00000000f7ab0000,0x00000000f9a80000)
  to   space 34816K, 0% used [0x00000000f5680000,0x00000000f5680000,0x00000000f7880000)
 ParOldGen       total 223232K, used 155127K [0x00000000a0c00000, 0x00000000ae600000, 0x00000000e0400000)
  object space 223232K, 69% used [0x00000000a0c00000,0x00000000aa37dd00,0x00000000ae600000)
 Metaspace       used 17775K, capacity 17993K, committed 18176K, reserved 1064960K
  class space    used 1711K, capacity 1761K, committed 1792K, reserved 1048576K
Event: 10.917 GC heap after
Heap after GC invocations=30 (full 3):
 PSYoungGen      total 381440K, used 192K [0x00000000e0400000, 0x00000000f9a00000, 0x0000000100000000)
  eden space 346624K, 0% used [0x00000000e0400000,0x00000000e0400000,0x00000000f5680000)
  from space 34816K, 0% used [0x00000000f5680000,0x00000000f56b0000,0x00000000f7880000)
  to   space 32768K, 0% used [0x00000000f7a00000,0x00000000f7a00000,0x00000000f9a00000)
 ParOldGen       total 223232K, used 155151K [0x00000000a0c00000, 0x00000000ae600000, 0x00000000e0400000)
  object space 223232K, 69% used [0x00000000a0c00000,0x00000000aa383d00,0x00000000ae600000)
 Metaspace       used 17775K, capacity 17993K, committed 18176K, reserved 1064960K
  class space    used 1711K, capacity 1761K, committed 1792K, reserved 1048576K
}
Event: 11.449 GC heap before
{Heap before GC invocations=31 (full 3):
 PSYoungGen      total 381440K, used 346816K [0x00000000e0400000, 0x00000000f9a00000, 0x0000000100000000)
  eden space 346624K, 100% used [0x00000000e0400000,0x00000000f5680000,0x00000000f5680000)
  from space 34816K, 0% used [0x00000000f5680000,0x00000000f56b0000,0x00000000f7880000)
  to   space 32768K, 0% used [0x00000000f7a00000,0x00000000f7a00000,0x00000000f9a00000)
 ParOldGen       total 223232K, used 155151K [0x00000000a0c00000, 0x00000000ae600000, 0x00000000e0400000)
  object space 223232K, 69% used [0x00000000a0c00000,0x00000000aa383d00,0x00000000ae600000)
 Metaspace       used 17831K, capacity 18057K, committed 18176K, reserved 1064960K
  class space    used 1711K, capacity 1761K, committed 1792K, reserved 1048576K
Event: 11.451 GC heap after
Heap after GC invocations=31 (full 3):
 PSYoungGen      total 377856K, used 224K [0x00000000e0400000, 0x00000000f9580000, 0x0000000100000000)
  eden space 349696K, 0% used [0x00000000e0400000,0x00000000e0400000,0x00000000f5980000)
  from space 28160K, 0% used [0x00000000f7a00000,0x00000000f7a38000,0x00000000f9580000)
  to   space 30720K, 0% used [0x00000000f5980000,0x00000000f5980000,0x00000000f7780000)
 ParOldGen       total 223232K, used 155175K [0x00000000a0c00000, 0x00000000ae600000, 0x00000000e0400000)
  object space 223232K, 69% used [0x00000000a0c00000,0x00000000aa389d00,0x00000000ae600000)
 Metaspace       used 17831K, capacity 18057K, committed 18176K, reserved 1064960K
  class space    used 1711K, capacity 1761K, committed 1792K, reserved 1048576K
}
Event: 11.917 GC heap before
{Heap before GC invocations=32 (full 3):
 PSYoungGen      total 377856K, used 349092K [0x00000000e0400000, 0x00000000f9580000, 0x0000000100000000)
  eden space 349696K, 99% used [0x00000000e0400000,0x00000000f58b11e0,0x00000000f5980000)
  from space 28160K, 0% used [0x00000000f7a00000,0x00000000f7a38000,0x00000000f9580000)
  to   space 30720K, 0% used [0x00000000f5980000,0x00000000f5980000,0x00000000f7780000)
 ParOldGen       total 223232K, used 155175K [0x00000000a0c00000, 0x00000000ae600000, 0x00000000e0400000)
  object space 223232K, 69% used [0x00000000a0c00000,0x00000000aa389d00,0x00000000ae600000)
 Metaspace       used 17835K, capacity 18057K, committed 18176K, reserved 1064960K
  class space    used 1711K, capacity 1761K, committed 1792K, reserved 1048576K
Event: 11.919 GC heap after
Heap after GC invocations=32 (full 3):
 PSYoungGen      total 380416K, used 160K [0x00000000e0400000, 0x00000000f9480000, 0x0000000100000000)
  eden space 349696K, 0% used [0x00000000e0400000,0x00000000e0400000,0x00000000f5980000)
  from space 30720K, 0% used [0x00000000f5980000,0x00000000f59a8000,0x00000000f7780000)
  to   space 28672K, 0% used [0x00000000f7880000,0x00000000f7880000,0x00000000f9480000)
 ParOldGen       total 223232K, used 155207K [0x00000000a0c00000, 0x00000000ae600000, 0x00000000e0400000)
  object space 223232K, 69% used [0x00000000a0c00000,0x00000000aa391d00,0x00000000ae600000)
 Metaspace       used 17835K, capacity 18057K, committed 18176K, reserved 1064960K
  class space    used 1711K, capacity 1761K, committed 1792K, reserved 1048576K
}

