# JRE version: Java(TM) SE Runtime Environment (8.0_25-b18) (build 1.8.0_25-b18)
# Java VM: Java HotSpot(TM) 64-Bit Server VM (25.25-b02 mixed mode windows-amd64 compressed oops)
Heap:
 PSYoungGen      total 380928K, used 240994K [0x00000000e0400000, 0x00000000f8c00000, 0x0000000100000000)
  eden space 359424K, 66% used [0x00000000e0400000,0x00000000eef18890,0x00000000f6300000)
  from space 21504K, 1% used [0x00000000f6300000,0x00000000f6340000,0x00000000f7800000)
  to   space 19968K, 0% used [0x00000000f7880000,0x00000000f7880000,0x00000000f8c00000)
 ParOldGen       total 227840K, used 155442K [0x00000000a0c00000, 0x00000000aea80000, 0x00000000e0400000)
  object space 227840K, 68% used [0x00000000a0c00000,0x00000000aa3cc9a8,0x00000000aea80000)
 Metaspace       used 18028K, capacity 18281K, committed 18560K, reserved 1067008K
  class space    used 1735K, capacity 1793K, committed 1920K, reserved 1048576K
GC Heap History (10 events):
Event: 15.090 GC heap before
{Heap before GC invocations=38 (full 3):
 PSYoungGen      total 379392K, used 354944K [0x00000000e0400000, 0x00000000f9080000, 0x0000000100000000)
  eden space 354816K, 100% used [0x00000000e0400000,0x00000000f5e80000,0x00000000f5e80000)
  from space 24576K, 0% used [0x00000000f7880000,0x00000000f78a0000,0x00000000f9080000)
  to   space 25600K, 0% used [0x00000000f5e80000,0x00000000f5e80000,0x00000000f7780000)
 ParOldGen       total 227840K, used 155386K [0x00000000a0c00000, 0x00000000aea80000, 0x00000000e0400000)
  object space 227840K, 68% used [0x00000000a0c00000,0x00000000aa3be9a8,0x00000000aea80000)
 Metaspace       used 17930K, capacity 18153K, committed 18304K, reserved 1064960K
  class space    used 1723K, capacity 1793K, committed 1920K, reserved 1048576K
Event: 15.092 GC heap after
Heap after GC invocations=38 (full 3):
 PSYoungGen      total 380416K, used 160K [0x00000000e0400000, 0x00000000f9100000, 0x0000000100000000)
  eden space 354816K, 0% used [0x00000000e0400000,0x00000000e0400000,0x00000000f5e80000)
  from space 25600K, 0% used [0x00000000f5e80000,0x00000000f5ea8000,0x00000000f7780000)
  to   space 24576K, 0% used [0x00000000f7900000,0x00000000f7900000,0x00000000f9100000)
 ParOldGen       total 227840K, used 155410K [0x00000000a0c00000, 0x00000000aea80000, 0x00000000e0400000)
  object space 227840K, 68% used [0x00000000a0c00000,0x00000000aa3c49a8,0x00000000aea80000)
 Metaspace       used 17930K, capacity 18153K, committed 18304K, reserved 1064960K
  class space    used 1723K, capacity 1793K, committed 1920K, reserved 1048576K
}
Event: 15.625 GC heap before
{Heap before GC invocations=39 (full 3):
 PSYoungGen      total 380416K, used 354976K [0x00000000e0400000, 0x00000000f9100000, 0x0000000100000000)
  eden space 354816K, 100% used [0x00000000e0400000,0x00000000f5e80000,0x00000000f5e80000)
  from space 25600K, 0% used [0x00000000f5e80000,0x00000000f5ea8000,0x00000000f7780000)
  to   space 24576K, 0% used [0x00000000f7900000,0x00000000f7900000,0x00000000f9100000)
 ParOldGen       total 227840K, used 155410K [0x00000000a0c00000, 0x00000000aea80000, 0x00000000e0400000)
  object space 227840K, 68% used [0x00000000a0c00000,0x00000000aa3c49a8,0x00000000aea80000)
 Metaspace       used 18017K, capacity 18217K, committed 18560K, reserved 1067008K
  class space    used 1735K, capacity 1793K, committed 1920K, reserved 1048576K
Event: 15.626 GC heap after
Heap after GC invocations=39 (full 3):
 PSYoungGen      total 379904K, used 224K [0x00000000e0400000, 0x00000000f8f00000, 0x0000000100000000)
  eden space 357376K, 0% used [0x00000000e0400000,0x00000000e0400000,0x00000000f6100000)
  from space 22528K, 0% used [0x00000000f7900000,0x00000000f7938000,0x00000000f8f00000)
  to   space 23552K, 0% used [0x00000000f6100000,0x00000000f6100000,0x00000000f7800000)
 ParOldGen       total 227840K, used 155418K [0x00000000a0c00000, 0x00000000aea80000, 0x00000000e0400000)
  object space 227840K, 68% used [0x00000000a0c00000,0x00000000aa3c69a8,0x00000000aea80000)
 Metaspace       used 18017K, capacity 18217K, committed 18560K, reserved 1067008K
  class space    used 1735K, capacity 1793K, committed 1920K, reserved 1048576K
}
Event: 16.159 GC heap before
{Heap before GC invocations=40 (full 3):
 PSYoungGen      total 379904K, used 355912K [0x00000000e0400000, 0x00000000f8f00000, 0x0000000100000000)
  eden space 357376K, 99% used [0x00000000e0400000,0x00000000f5f5a060,0x00000000f6100000)
  from space 22528K, 0% used [0x00000000f7900000,0x00000000f7938000,0x00000000f8f00000)
  to   space 23552K, 0% used [0x00000000f6100000,0x00000000f6100000,0x00000000f7800000)
 ParOldGen       total 227840K, used 155418K [0x00000000a0c00000, 0x00000000aea80000, 0x00000000e0400000)
  object space 227840K, 68% used [0x00000000a0c00000,0x00000000aa3c69a8,0x00000000aea80000)
 Metaspace       used 18020K, capacity 18217K, committed 18560K, reserved 1067008K
  class space    used 1735K, capacity 1793K, committed 1920K, reserved 1048576K
Event: 16.161 GC heap after
Heap after GC invocations=40 (full 3):
 PSYoungGen      total 380928K, used 160K [0x00000000e0400000, 0x00000000f8f00000, 0x0000000100000000)
  eden space 357376K, 0% used [0x00000000e0400000,0x00000000e0400000,0x00000000f6100000)
  from space 23552K, 0% used [0x00000000f6100000,0x00000000f6128000,0x00000000f7800000)
  to   space 22528K, 0% used [0x00000000f7900000,0x00000000f7900000,0x00000000f8f00000)
 ParOldGen       total 227840K, used 155434K [0x00000000a0c00000, 0x00000000aea80000, 0x00000000e0400000)
  object space 227840K, 68% used [0x00000000a0c00000,0x00000000aa3ca9a8,0x00000000aea80000)
 Metaspace       used 18020K, capacity 18217K, committed 18560K, reserved 1067008K
  class space    used 1735K, capacity 1793K, committed 1920K, reserved 1048576K
}
Event: 16.724 GC heap before
{Heap before GC invocations=41 (full 3):
 PSYoungGen      total 380928K, used 357536K [0x00000000e0400000, 0x00000000f8f00000, 0x0000000100000000)
  eden space 357376K, 100% used [0x00000000e0400000,0x00000000f6100000,0x00000000f6100000)
  from space 23552K, 0% used [0x00000000f6100000,0x00000000f6128000,0x00000000f7800000)
  to   space 22528K, 0% used [0x00000000f7900000,0x00000000f7900000,0x00000000f8f00000)
 ParOldGen       total 227840K, used 155434K [0x00000000a0c00000, 0x00000000aea80000, 0x00000000e0400000)
  object space 227840K, 68% used [0x00000000a0c00000,0x00000000aa3ca9a8,0x00000000aea80000)
 Metaspace       used 18022K, capacity 18217K, committed 18560K, reserved 1067008K
  class space    used 1735K, capacity 1793K, committed 1920K, reserved 1048576K
Event: 16.725 GC heap after
Heap after GC invocations=41 (full 3):
 PSYoungGen      total 379904K, used 256K [0x00000000e0400000, 0x00000000f8d00000, 0x0000000100000000)
  eden space 359424K, 0% used [0x00000000e0400000,0x00000000e0400000,0x00000000f6300000)
  from space 20480K, 1% used [0x00000000f7900000,0x00000000f7940000,0x00000000f8d00000)
  to   space 21504K, 0% used [0x00000000f6300000,0x00000000f6300000,0x00000000f7800000)
 ParOldGen       total 227840K, used 155442K [0x00000000a0c00000, 0x00000000aea80000, 0x00000000e0400000)
  object space 227840K, 68% used [0x00000000a0c00000,0x00000000aa3cc9a8,0x00000000aea80000)
 Metaspace       used 18022K, capacity 18217K, committed 18560K, reserved 1067008K
  class space    used 1735K, capacity 1793K, committed 1920K, reserved 1048576K
}
Event: 17.257 GC heap before
{Heap before GC invocations=42 (full 3):
 PSYoungGen      total 379904K, used 359680K [0x00000000e0400000, 0x00000000f8d00000, 0x0000000100000000)
  eden space 359424K, 100% used [0x00000000e0400000,0x00000000f6300000,0x00000000f6300000)
  from space 20480K, 1% used [0x00000000f7900000,0x00000000f7940000,0x00000000f8d00000)
  to   space 21504K, 0% used [0x00000000f6300000,0x00000000f6300000,0x00000000f7800000)
 ParOldGen       total 227840K, used 155442K [0x00000000a0c00000, 0x00000000aea80000, 0x00000000e0400000)
  object space 227840K, 68% used [0x00000000a0c00000,0x00000000aa3cc9a8,0x00000000aea80000)
 Metaspace       used 18024K, capacity 18217K, committed 18560K, reserved 1067008K
  class space    used 1735K, capacity 1793K, committed 1920K, reserved 1048576K
Event: 17.258 GC heap after
Heap after GC invocations=42 (full 3):
 PSYoungGen      total 380928K, used 256K [0x00000000e0400000, 0x00000000f8c00000, 0x0000000100000000)
  eden space 359424K, 0% used [0x00000000e0400000,0x00000000e0400000,0x00000000f6300000)
  from space 21504K, 1% used [0x00000000f6300000,0x00000000f6340000,0x00000000f7800000)
  to   space 19968K, 0% used [0x00000000f7880000,0x00000000f7880000,0x00000000f8c00000)
 ParOldGen       total 227840K, used 155442K [0x00000000a0c00000, 0x00000000aea80000, 0x00000000e0400000)
  object space 227840K, 68% used [0x00000000a0c00000,0x00000000aa3cc9a8,0x00000000aea80000)
 Metaspace       used 18024K, capacity 18217K, committed 18560K, reserved 1067008K
  class space    used 1735K, capacity 1793K, committed 1920K, reserved 1048576K
}

