# JRE version: Java(TM) SE Runtime Environment (8.0_31-b13) (build 1.8.0_31-b13)
# Java VM: Java HotSpot(TM) 64-Bit Server VM (25.31-b07 mixed mode windows-amd64 compressed oops)
Heap:
 PSYoungGen      total 549376K, used 364676K [0x000000076b300000, 0x0000000791180000, 0x00000007c0000000)
  eden space 495104K, 70% used [0x000000076b300000,0x000000078062f208,0x0000000789680000)
  from space 54272K, 31% used [0x000000078dc80000,0x000000078ed72060,0x0000000791180000)
  to   space 62976K, 0% used [0x0000000789680000,0x0000000789680000,0x000000078d400000)
 ParOldGen       total 296448K, used 155370K [0x00000006c1800000, 0x00000006d3980000, 0x000000076b300000)
  object space 296448K, 52% used [0x00000006c1800000,0x00000006cafba8c8,0x00000006d3980000)
 Metaspace       used 17666K, capacity 17863K, committed 17920K, reserved 1064960K
  class space    used 1718K, capacity 1762K, committed 1792K, reserved 1048576K
GC Heap History (10 events):
Event: 5.292 GC heap before
{Heap before GC invocations=9 (full 1):
 PSYoungGen      total 281600K, used 220356K [0x000000076b300000, 0x0000000787f00000, 0x00000007c0000000)
  eden space 210944K, 100% used [0x000000076b300000,0x0000000778100000,0x0000000778100000)
  from space 70656K, 13% used [0x0000000778100000,0x0000000778a31050,0x000000077c600000)
  to   space 71680K, 0% used [0x0000000783900000,0x0000000783900000,0x0000000787f00000)
 ParOldGen       total 296448K, used 155338K [0x00000006c1800000, 0x00000006d3980000, 0x000000076b300000)
  object space 296448K, 52% used [0x00000006c1800000,0x00000006cafb28c8,0x00000006d3980000)
 Metaspace       used 17578K, capacity 17799K, committed 17920K, reserved 1064960K
  class space    used 1706K, capacity 1762K, committed 1792K, reserved 1048576K
Event: 5.299 GC heap after
Heap after GC invocations=9 (full 1):
 PSYoungGen      total 382976K, used 9348K [0x000000076b300000, 0x0000000787680000, 0x00000007c0000000)
  eden space 320000K, 0% used [0x000000076b300000,0x000000076b300000,0x000000077eb80000)
  from space 62976K, 14% used [0x0000000783900000,0x0000000784221050,0x0000000787680000)
  to   space 71168K, 0% used [0x000000077eb80000,0x000000077eb80000,0x0000000783100000)
 ParOldGen       total 296448K, used 155346K [0x00000006c1800000, 0x00000006d3980000, 0x000000076b300000)
  object space 296448K, 52% used [0x00000006c1800000,0x00000006cafb48c8,0x00000006d3980000)
 Metaspace       used 17578K, capacity 17799K, committed 17920K, reserved 1064960K
  class space    used 1706K, capacity 1762K, committed 1792K, reserved 1048576K
}
Event: 5.796 GC heap before
{Heap before GC invocations=10 (full 1):
 PSYoungGen      total 382976K, used 329348K [0x000000076b300000, 0x0000000787680000, 0x00000007c0000000)
  eden space 320000K, 100% used [0x000000076b300000,0x000000077eb80000,0x000000077eb80000)
  from space 62976K, 14% used [0x0000000783900000,0x0000000784221050,0x0000000787680000)
  to   space 71168K, 0% used [0x000000077eb80000,0x000000077eb80000,0x0000000783100000)
 ParOldGen       total 296448K, used 155346K [0x00000006c1800000, 0x00000006d3980000, 0x000000076b300000)
  object space 296448K, 52% used [0x00000006c1800000,0x00000006cafb48c8,0x00000006d3980000)
 Metaspace       used 17589K, capacity 17799K, committed 17920K, reserved 1064960K
  class space    used 1706K, capacity 1762K, committed 1792K, reserved 1048576K
Event: 5.806 GC heap after
Heap after GC invocations=10 (full 1):
 PSYoungGen      total 391168K, used 17384K [0x000000076b300000, 0x000000078cb80000, 0x00000007c0000000)
  eden space 320000K, 0% used [0x000000076b300000,0x000000076b300000,0x000000077eb80000)
  from space 71168K, 24% used [0x000000077eb80000,0x000000077fc7a060,0x0000000783100000)
  to   space 68608K, 0% used [0x0000000788880000,0x0000000788880000,0x000000078cb80000)
 ParOldGen       total 296448K, used 155354K [0x00000006c1800000, 0x00000006d3980000, 0x000000076b300000)
  object space 296448K, 52% used [0x00000006c1800000,0x00000006cafb68c8,0x00000006d3980000)
 Metaspace       used 17589K, capacity 17799K, committed 17920K, reserved 1064960K
  class space    used 1706K, capacity 1762K, committed 1792K, reserved 1048576K
}
Event: 6.320 GC heap before
{Heap before GC invocations=11 (full 1):
 PSYoungGen      total 391168K, used 337384K [0x000000076b300000, 0x000000078cb80000, 0x00000007c0000000)
  eden space 320000K, 100% used [0x000000076b300000,0x000000077eb80000,0x000000077eb80000)
  from space 71168K, 24% used [0x000000077eb80000,0x000000077fc7a060,0x0000000783100000)
  to   space 68608K, 0% used [0x0000000788880000,0x0000000788880000,0x000000078cb80000)
 ParOldGen       total 296448K, used 155354K [0x00000006c1800000, 0x00000006d3980000, 0x000000076b300000)
  object space 296448K, 52% used [0x00000006c1800000,0x00000006cafb68c8,0x00000006d3980000)
 Metaspace       used 17596K, capacity 17799K, committed 17920K, reserved 1064960K
  class space    used 1706K, capacity 1762K, committed 1792K, reserved 1048576K
Event: 6.329 GC heap after
Heap after GC invocations=11 (full 1):
 PSYoungGen      total 465408K, used 9332K [0x000000076b300000, 0x000000078c300000, 0x00000007c0000000)
  eden space 405504K, 0% used [0x000000076b300000,0x000000076b300000,0x0000000783f00000)
  from space 59904K, 15% used [0x0000000788880000,0x000000078919d060,0x000000078c300000)
  to   space 67584K, 0% used [0x0000000783f00000,0x0000000783f00000,0x0000000788100000)
 ParOldGen       total 296448K, used 155362K [0x00000006c1800000, 0x00000006d3980000, 0x000000076b300000)
  object space 296448K, 52% used [0x00000006c1800000,0x00000006cafb88c8,0x00000006d3980000)
 Metaspace       used 17596K, capacity 17799K, committed 17920K, reserved 1064960K
  class space    used 1706K, capacity 1762K, committed 1792K, reserved 1048576K
}
Event: 6.961 GC heap before
{Heap before GC invocations=12 (full 1):
 PSYoungGen      total 465408K, used 412589K [0x000000076b300000, 0x000000078c300000, 0x00000007c0000000)
  eden space 405504K, 99% used [0x000000076b300000,0x0000000783cce520,0x0000000783f00000)
  from space 59904K, 15% used [0x0000000788880000,0x000000078919d060,0x000000078c300000)
  to   space 67584K, 0% used [0x0000000783f00000,0x0000000783f00000,0x0000000788100000)
 ParOldGen       total 296448K, used 155362K [0x00000006c1800000, 0x00000006d3980000, 0x000000076b300000)
  object space 296448K, 52% used [0x00000006c1800000,0x00000006cafb88c8,0x00000006d3980000)
 Metaspace       used 17622K, capacity 17863K, committed 17920K, reserved 1064960K
  class space    used 1706K, capacity 1762K, committed 1792K, reserved 1048576K
Event: 6.965 GC heap after
Heap after GC invocations=12 (full 1):
 PSYoungGen      total 473088K, used 9332K [0x000000076b300000, 0x0000000791d00000, 0x00000007c0000000)
  eden space 405504K, 0% used [0x000000076b300000,0x000000076b300000,0x0000000783f00000)
  from space 67584K, 13% used [0x0000000783f00000,0x000000078481d040,0x0000000788100000)
  to   space 66048K, 0% used [0x000000078dc80000,0x000000078dc80000,0x0000000791d00000)
 ParOldGen       total 296448K, used 155370K [0x00000006c1800000, 0x00000006d3980000, 0x000000076b300000)
  object space 296448K, 52% used [0x00000006c1800000,0x00000006cafba8c8,0x00000006d3980000)
 Metaspace       used 17622K, capacity 17863K, committed 17920K, reserved 1064960K
  class space    used 1706K, capacity 1762K, committed 1792K, reserved 1048576K
}
Event: 7.593 GC heap before
{Heap before GC invocations=13 (full 1):
 PSYoungGen      total 473088K, used 414836K [0x000000076b300000, 0x0000000791d00000, 0x00000007c0000000)
  eden space 405504K, 100% used [0x000000076b300000,0x0000000783f00000,0x0000000783f00000)
  from space 67584K, 13% used [0x0000000783f00000,0x000000078481d040,0x0000000788100000)
  to   space 66048K, 0% used [0x000000078dc80000,0x000000078dc80000,0x0000000791d00000)
 ParOldGen       total 296448K, used 155370K [0x00000006c1800000, 0x00000006d3980000, 0x000000076b300000)
  object space 296448K, 52% used [0x00000006c1800000,0x00000006cafba8c8,0x00000006d3980000)
 Metaspace       used 17624K, capacity 17863K, committed 17920K, reserved 1064960K
  class space    used 1706K, capacity 1762K, committed 1792K, reserved 1048576K
Event: 7.603 GC heap after
Heap after GC invocations=13 (full 1):
 PSYoungGen      total 549376K, used 17352K [0x000000076b300000, 0x0000000791180000, 0x00000007c0000000)
  eden space 495104K, 0% used [0x000000076b300000,0x000000076b300000,0x0000000789680000)
  from space 54272K, 31% used [0x000000078dc80000,0x000000078ed72060,0x0000000791180000)
  to   space 62976K, 0% used [0x0000000789680000,0x0000000789680000,0x000000078d400000)
 ParOldGen       total 296448K, used 155370K [0x00000006c1800000, 0x00000006d3980000, 0x000000076b300000)
  object space 296448K, 52% used [0x00000006c1800000,0x00000006cafba8c8,0x00000006d3980000)
 Metaspace       used 17624K, capacity 17863K, committed 17920K, reserved 1064960K
  class space    used 1706K, capacity 1762K, committed 1792K, reserved 1048576K
}

