# JRE version: Java(TM) SE Runtime Environment (8.0_31-b13) (build 1.8.0_31-b13)
# Java VM: Java HotSpot(TM) 64-Bit Server VM (25.31-b07 mixed mode windows-amd64 compressed oops)
Heap:
 PSYoungGen      total 1097728K, used 1045846K [0x000000076b300000, 0x00000007ae900000, 0x00000007c0000000)
  eden space 1091584K, 95% used [0x000000076b300000,0x00000007aafc7af8,0x00000007add00000)
  from space 6144K, 9% used [0x00000007ae300000,0x00000007ae38e070,0x00000007ae900000)
  to   space 6144K, 0% used [0x00000007add00000,0x00000007add00000,0x00000007ae300000)
 ParOldGen       total 307200K, used 162441K [0x00000006c1800000, 0x00000006d4400000, 0x000000076b300000)
  object space 307200K, 52% used [0x00000006c1800000,0x00000006cb6a25d8,0x00000006d4400000)
 Metaspace       used 18011K, capacity 18223K, committed 18560K, reserved 1067008K
  class space    used 1729K, capacity 1794K, committed 1920K, reserved 1048576K
GC Heap History (10 events):
Event: 68.972 GC heap before
{Heap before GC invocations=49 (full 1):
 PSYoungGen      total 1082880K, used 1073280K [0x000000076b300000, 0x00000007ae180000, 0x00000007c0000000)
  eden space 1073152K, 100% used [0x000000076b300000,0x00000007acb00000,0x00000007acb00000)
  from space 9728K, 1% used [0x00000007acb00000,0x00000007acb20000,0x00000007ad480000)
  to   space 9216K, 0% used [0x00000007ad880000,0x00000007ad880000,0x00000007ae180000)
 ParOldGen       total 307200K, used 162425K [0x00000006c1800000, 0x00000006d4400000, 0x000000076b300000)
  object space 307200K, 52% used [0x00000006c1800000,0x00000006cb69e5d8,0x00000006d4400000)
 Metaspace       used 17976K, capacity 18223K, committed 18560K, reserved 1067008K
  class space    used 1718K, capacity 1794K, committed 1920K, reserved 1048576K
Event: 68.974 GC heap after
Heap after GC invocations=49 (full 1):
 PSYoungGen      total 1086976K, used 488K [0x000000076b300000, 0x00000007ae080000, 0x00000007c0000000)
  eden space 1078784K, 0% used [0x000000076b300000,0x000000076b300000,0x00000007ad080000)
  from space 8192K, 5% used [0x00000007ad880000,0x00000007ad8fa060,0x00000007ae080000)
  to   space 8192K, 0% used [0x00000007ad080000,0x00000007ad080000,0x00000007ad880000)
 ParOldGen       total 307200K, used 162425K [0x00000006c1800000, 0x00000006d4400000, 0x000000076b300000)
  object space 307200K, 52% used [0x00000006c1800000,0x00000006cb69e5d8,0x00000006d4400000)
 Metaspace       used 17976K, capacity 18223K, committed 18560K, reserved 1067008K
  class space    used 1718K, capacity 1794K, committed 1920K, reserved 1048576K
}
Event: 70.677 GC heap before
{Heap before GC invocations=50 (full 1):
 PSYoungGen      total 1086976K, used 1072780K [0x000000076b300000, 0x00000007ae080000, 0x00000007c0000000)
  eden space 1078784K, 99% used [0x000000076b300000,0x00000007aca29230,0x00000007ad080000)
  from space 8192K, 5% used [0x00000007ad880000,0x00000007ad8fa060,0x00000007ae080000)
  to   space 8192K, 0% used [0x00000007ad080000,0x00000007ad080000,0x00000007ad880000)
 ParOldGen       total 307200K, used 162425K [0x00000006c1800000, 0x00000006d4400000, 0x000000076b300000)
  object space 307200K, 52% used [0x00000006c1800000,0x00000006cb69e5d8,0x00000006d4400000)
 Metaspace       used 17976K, capacity 18223K, committed 18560K, reserved 1067008K
  class space    used 1718K, capacity 1794K, committed 1920K, reserved 1048576K
Event: 70.678 GC heap after
Heap after GC invocations=50 (full 1):
 PSYoungGen      total 1086976K, used 584K [0x000000076b300000, 0x00000007ae500000, 0x00000007c0000000)
  eden space 1078784K, 0% used [0x000000076b300000,0x000000076b300000,0x00000007ad080000)
  from space 8192K, 7% used [0x00000007ad080000,0x00000007ad112060,0x00000007ad880000)
  to   space 7680K, 0% used [0x00000007add80000,0x00000007add80000,0x00000007ae500000)
 ParOldGen       total 307200K, used 162425K [0x00000006c1800000, 0x00000006d4400000, 0x000000076b300000)
  object space 307200K, 52% used [0x00000006c1800000,0x00000006cb69e5d8,0x00000006d4400000)
 Metaspace       used 17976K, capacity 18223K, committed 18560K, reserved 1067008K
  class space    used 1718K, capacity 1794K, committed 1920K, reserved 1048576K
}
Event: 72.377 GC heap before
{Heap before GC invocations=51 (full 1):
 PSYoungGen      total 1086976K, used 1073012K [0x000000076b300000, 0x00000007ae500000, 0x00000007c0000000)
  eden space 1078784K, 99% used [0x000000076b300000,0x00000007aca4afb8,0x00000007ad080000)
  from space 8192K, 7% used [0x00000007ad080000,0x00000007ad112060,0x00000007ad880000)
  to   space 7680K, 0% used [0x00000007add80000,0x00000007add80000,0x00000007ae500000)
 ParOldGen       total 307200K, used 162425K [0x00000006c1800000, 0x00000006d4400000, 0x000000076b300000)
  object space 307200K, 52% used [0x00000006c1800000,0x00000006cb69e5d8,0x00000006d4400000)
 Metaspace       used 17976K, capacity 18223K, committed 18560K, reserved 1067008K
  class space    used 1718K, capacity 1794K, committed 1920K, reserved 1048576K
Event: 72.379 GC heap after
Heap after GC invocations=51 (full 1):
 PSYoungGen      total 1092096K, used 536K [0x000000076b300000, 0x00000007ae480000, 0x00000007c0000000)
  eden space 1084928K, 0% used [0x000000076b300000,0x000000076b300000,0x00000007ad680000)
  from space 7168K, 7% used [0x00000007add80000,0x00000007ade06070,0x00000007ae480000)
  to   space 7168K, 0% used [0x00000007ad680000,0x00000007ad680000,0x00000007add80000)
 ParOldGen       total 307200K, used 162425K [0x00000006c1800000, 0x00000006d4400000, 0x000000076b300000)
  object space 307200K, 52% used [0x00000006c1800000,0x00000006cb69e5d8,0x00000006d4400000)
 Metaspace       used 17976K, capacity 18223K, committed 18560K, reserved 1067008K
  class space    used 1718K, capacity 1794K, committed 1920K, reserved 1048576K
}
Event: 74.044 GC heap before
{Heap before GC invocations=52 (full 1):
 PSYoungGen      total 1092096K, used 1078971K [0x000000076b300000, 0x00000007ae480000, 0x00000007c0000000)
  eden space 1084928K, 99% used [0x000000076b300000,0x00000007ad028e20,0x00000007ad680000)
  from space 7168K, 7% used [0x00000007add80000,0x00000007ade06070,0x00000007ae480000)
  to   space 7168K, 0% used [0x00000007ad680000,0x00000007ad680000,0x00000007add80000)
 ParOldGen       total 307200K, used 162425K [0x00000006c1800000, 0x00000006d4400000, 0x000000076b300000)
  object space 307200K, 52% used [0x00000006c1800000,0x00000006cb69e5d8,0x00000006d4400000)
 Metaspace       used 17976K, capacity 18223K, committed 18560K, reserved 1067008K
  class space    used 1718K, capacity 1794K, committed 1920K, reserved 1048576K
Event: 74.045 GC heap after
Heap after GC invocations=52 (full 1):
 PSYoungGen      total 1092096K, used 552K [0x000000076b300000, 0x00000007ae980000, 0x00000007c0000000)
  eden space 1084928K, 0% used [0x000000076b300000,0x000000076b300000,0x00000007ad680000)
  from space 7168K, 7% used [0x00000007ad680000,0x00000007ad70a060,0x00000007add80000)
  to   space 6656K, 0% used [0x00000007ae300000,0x00000007ae300000,0x00000007ae980000)
 ParOldGen       total 307200K, used 162433K [0x00000006c1800000, 0x00000006d4400000, 0x000000076b300000)
  object space 307200K, 52% used [0x00000006c1800000,0x00000006cb6a05d8,0x00000006d4400000)
 Metaspace       used 17976K, capacity 18223K, committed 18560K, reserved 1067008K
  class space    used 1718K, capacity 1794K, committed 1920K, reserved 1048576K
}
Event: 75.711 GC heap before
{Heap before GC invocations=53 (full 1):
 PSYoungGen      total 1092096K, used 1085480K [0x000000076b300000, 0x00000007ae980000, 0x00000007c0000000)
  eden space 1084928K, 100% used [0x000000076b300000,0x00000007ad680000,0x00000007ad680000)
  from space 7168K, 7% used [0x00000007ad680000,0x00000007ad70a060,0x00000007add80000)
  to   space 6656K, 0% used [0x00000007ae300000,0x00000007ae300000,0x00000007ae980000)
 ParOldGen       total 307200K, used 162433K [0x00000006c1800000, 0x00000006d4400000, 0x000000076b300000)
  object space 307200K, 52% used [0x00000006c1800000,0x00000006cb6a05d8,0x00000006d4400000)
 Metaspace       used 17976K, capacity 18223K, committed 18560K, reserved 1067008K
  class space    used 1718K, capacity 1794K, committed 1920K, reserved 1048576K
Event: 75.713 GC heap after
Heap after GC invocations=53 (full 1):
 PSYoungGen      total 1097728K, used 568K [0x000000076b300000, 0x00000007ae900000, 0x00000007c0000000)
  eden space 1091584K, 0% used [0x000000076b300000,0x000000076b300000,0x00000007add00000)
  from space 6144K, 9% used [0x00000007ae300000,0x00000007ae38e070,0x00000007ae900000)
  to   space 6144K, 0% used [0x00000007add00000,0x00000007add00000,0x00000007ae300000)
 ParOldGen       total 307200K, used 162441K [0x00000006c1800000, 0x00000006d4400000, 0x000000076b300000)
  object space 307200K, 52% used [0x00000006c1800000,0x00000006cb6a25d8,0x00000006d4400000)
 Metaspace       used 17976K, capacity 18223K, committed 18560K, reserved 1067008K
  class space    used 1718K, capacity 1794K, committed 1920K, reserved 1048576K
}

