# JRE version: Java(TM) SE Runtime Environment (8.0_25-b18) (build 1.8.0_25-b18)
# Java VM: Java HotSpot(TM) 64-Bit Server VM (25.25-b02 mixed mode windows-amd64 compressed oops)
Heap:
 PSYoungGen      total 304128K, used 199496K [0x00000000e0400000, 0x00000000f2d80000, 0x0000000100000000)
  eden space 303616K, 65% used [0x00000000e0400000,0x00000000ec6aa148,0x00000000f2c80000)
  from space 512K, 31% used [0x00000000f2d00000,0x00000000f2d28000,0x00000000f2d80000)
  to   space 512K, 0% used [0x00000000f2c80000,0x00000000f2c80000,0x00000000f2d00000)
 ParOldGen       total 225792K, used 148558K [0x00000000a0c00000, 0x00000000ae880000, 0x00000000e0400000)
  object space 225792K, 65% used [0x00000000a0c00000,0x00000000a9d13ad8,0x00000000ae880000)
 Metaspace       used 18657K, capacity 18863K, committed 19072K, reserved 1067008K
  class space    used 1758K, capacity 1794K, committed 1920K, reserved 1048576K
GC Heap History (10 events):
Event: 33.319 GC heap before
{Heap before GC invocations=111 (full 3):
 PSYoungGen      total 299520K, used 299200K [0x00000000e0400000, 0x00000000f2a80000, 0x0000000100000000)
  eden space 299008K, 100% used [0x00000000e0400000,0x00000000f2800000,0x00000000f2800000)
  from space 512K, 37% used [0x00000000f2800000,0x00000000f2830000,0x00000000f2880000)
  to   space 512K, 0% used [0x00000000f2a00000,0x00000000f2a00000,0x00000000f2a80000)
 ParOldGen       total 225792K, used 148502K [0x00000000a0c00000, 0x00000000ae880000, 0x00000000e0400000)
  object space 225792K, 65% used [0x00000000a0c00000,0x00000000a9d05ad8,0x00000000ae880000)
 Metaspace       used 18650K, capacity 18857K, committed 19072K, reserved 1067008K
  class space    used 1756K, capacity 1793K, committed 1920K, reserved 1048576K
Event: 33.321 GC heap after
Heap after GC invocations=111 (full 3):
 PSYoungGen      total 301056K, used 224K [0x00000000e0400000, 0x00000000f2a80000, 0x0000000100000000)
  eden space 300544K, 0% used [0x00000000e0400000,0x00000000e0400000,0x00000000f2980000)
  from space 512K, 43% used [0x00000000f2a00000,0x00000000f2a38000,0x00000000f2a80000)
  to   space 512K, 0% used [0x00000000f2980000,0x00000000f2980000,0x00000000f2a00000)
 ParOldGen       total 225792K, used 148502K [0x00000000a0c00000, 0x00000000ae880000, 0x00000000e0400000)
  object space 225792K, 65% used [0x00000000a0c00000,0x00000000a9d05ad8,0x00000000ae880000)
 Metaspace       used 18650K, capacity 18857K, committed 19072K, reserved 1067008K
  class space    used 1756K, capacity 1793K, committed 1920K, reserved 1048576K
}
Event: 33.654 GC heap before
{Heap before GC invocations=112 (full 3):
 PSYoungGen      total 301056K, used 300768K [0x00000000e0400000, 0x00000000f2a80000, 0x0000000100000000)
  eden space 300544K, 100% used [0x00000000e0400000,0x00000000f2980000,0x00000000f2980000)
  from space 512K, 43% used [0x00000000f2a00000,0x00000000f2a38000,0x00000000f2a80000)
  to   space 512K, 0% used [0x00000000f2980000,0x00000000f2980000,0x00000000f2a00000)
 ParOldGen       total 225792K, used 148502K [0x00000000a0c00000, 0x00000000ae880000, 0x00000000e0400000)
  object space 225792K, 65% used [0x00000000a0c00000,0x00000000a9d05ad8,0x00000000ae880000)
 Metaspace       used 18650K, capacity 18857K, committed 19072K, reserved 1067008K
  class space    used 1756K, capacity 1793K, committed 1920K, reserved 1048576K
Event: 33.656 GC heap after
Heap after GC invocations=112 (full 3):
 PSYoungGen      total 301056K, used 192K [0x00000000e0400000, 0x00000000f2c00000, 0x0000000100000000)
  eden space 300544K, 0% used [0x00000000e0400000,0x00000000e0400000,0x00000000f2980000)
  from space 512K, 37% used [0x00000000f2980000,0x00000000f29b0000,0x00000000f2a00000)
  to   space 512K, 0% used [0x00000000f2b80000,0x00000000f2b80000,0x00000000f2c00000)
 ParOldGen       total 225792K, used 148502K [0x00000000a0c00000, 0x00000000ae880000, 0x00000000e0400000)
  object space 225792K, 65% used [0x00000000a0c00000,0x00000000a9d05ad8,0x00000000ae880000)
 Metaspace       used 18650K, capacity 18857K, committed 19072K, reserved 1067008K
  class space    used 1756K, capacity 1793K, committed 1920K, reserved 1048576K
}
Event: 33.985 GC heap before
{Heap before GC invocations=113 (full 3):
 PSYoungGen      total 301056K, used 300736K [0x00000000e0400000, 0x00000000f2c00000, 0x0000000100000000)
  eden space 300544K, 100% used [0x00000000e0400000,0x00000000f2980000,0x00000000f2980000)
  from space 512K, 37% used [0x00000000f2980000,0x00000000f29b0000,0x00000000f2a00000)
  to   space 512K, 0% used [0x00000000f2b80000,0x00000000f2b80000,0x00000000f2c00000)
 ParOldGen       total 225792K, used 148502K [0x00000000a0c00000, 0x00000000ae880000, 0x00000000e0400000)
  object space 225792K, 65% used [0x00000000a0c00000,0x00000000a9d05ad8,0x00000000ae880000)
 Metaspace       used 18650K, capacity 18857K, committed 19072K, reserved 1067008K
  class space    used 1756K, capacity 1793K, committed 1920K, reserved 1048576K
Event: 33.987 GC heap after
Heap after GC invocations=113 (full 3):
 PSYoungGen      total 302592K, used 224K [0x00000000e0400000, 0x00000000f2c00000, 0x0000000100000000)
  eden space 302080K, 0% used [0x00000000e0400000,0x00000000e0400000,0x00000000f2b00000)
  from space 512K, 43% used [0x00000000f2b80000,0x00000000f2bb8000,0x00000000f2c00000)
  to   space 512K, 0% used [0x00000000f2b00000,0x00000000f2b00000,0x00000000f2b80000)
 ParOldGen       total 225792K, used 148534K [0x00000000a0c00000, 0x00000000ae880000, 0x00000000e0400000)
  object space 225792K, 65% used [0x00000000a0c00000,0x00000000a9d0dad8,0x00000000ae880000)
 Metaspace       used 18650K, capacity 18857K, committed 19072K, reserved 1067008K
  class space    used 1756K, capacity 1793K, committed 1920K, reserved 1048576K
}
Event: 34.319 GC heap before
{Heap before GC invocations=114 (full 3):
 PSYoungGen      total 302592K, used 302304K [0x00000000e0400000, 0x00000000f2c00000, 0x0000000100000000)
  eden space 302080K, 100% used [0x00000000e0400000,0x00000000f2b00000,0x00000000f2b00000)
  from space 512K, 43% used [0x00000000f2b80000,0x00000000f2bb8000,0x00000000f2c00000)
  to   space 512K, 0% used [0x00000000f2b00000,0x00000000f2b00000,0x00000000f2b80000)
 ParOldGen       total 225792K, used 148534K [0x00000000a0c00000, 0x00000000ae880000, 0x00000000e0400000)
  object space 225792K, 65% used [0x00000000a0c00000,0x00000000a9d0dad8,0x00000000ae880000)
 Metaspace       used 18650K, capacity 18857K, committed 19072K, reserved 1067008K
  class space    used 1756K, capacity 1793K, committed 1920K, reserved 1048576K
Event: 34.321 GC heap after
Heap after GC invocations=114 (full 3):
 PSYoungGen      total 302592K, used 96K [0x00000000e0400000, 0x00000000f2d80000, 0x0000000100000000)
  eden space 302080K, 0% used [0x00000000e0400000,0x00000000e0400000,0x00000000f2b00000)
  from space 512K, 18% used [0x00000000f2b00000,0x00000000f2b18000,0x00000000f2b80000)
  to   space 512K, 0% used [0x00000000f2d00000,0x00000000f2d00000,0x00000000f2d80000)
 ParOldGen       total 225792K, used 148558K [0x00000000a0c00000, 0x00000000ae880000, 0x00000000e0400000)
  object space 225792K, 65% used [0x00000000a0c00000,0x00000000a9d13ad8,0x00000000ae880000)
 Metaspace       used 18650K, capacity 18857K, committed 19072K, reserved 1067008K
  class space    used 1756K, capacity 1793K, committed 1920K, reserved 1048576K
}
Event: 34.654 GC heap before
{Heap before GC invocations=115 (full 3):
 PSYoungGen      total 302592K, used 302176K [0x00000000e0400000, 0x00000000f2d80000, 0x0000000100000000)
  eden space 302080K, 100% used [0x00000000e0400000,0x00000000f2b00000,0x00000000f2b00000)
  from space 512K, 18% used [0x00000000f2b00000,0x00000000f2b18000,0x00000000f2b80000)
  to   space 512K, 0% used [0x00000000f2d00000,0x00000000f2d00000,0x00000000f2d80000)
 ParOldGen       total 225792K, used 148558K [0x00000000a0c00000, 0x00000000ae880000, 0x00000000e0400000)
  object space 225792K, 65% used [0x00000000a0c00000,0x00000000a9d13ad8,0x00000000ae880000)
 Metaspace       used 18650K, capacity 18857K, committed 19072K, reserved 1067008K
  class space    used 1756K, capacity 1793K, committed 1920K, reserved 1048576K
Event: 34.655 GC heap after
Heap after GC invocations=115 (full 3):
 PSYoungGen      total 304128K, used 160K [0x00000000e0400000, 0x00000000f2d80000, 0x0000000100000000)
  eden space 303616K, 0% used [0x00000000e0400000,0x00000000e0400000,0x00000000f2c80000)
  from space 512K, 31% used [0x00000000f2d00000,0x00000000f2d28000,0x00000000f2d80000)
  to   space 512K, 0% used [0x00000000f2c80000,0x00000000f2c80000,0x00000000f2d00000)
 ParOldGen       total 225792K, used 148558K [0x00000000a0c00000, 0x00000000ae880000, 0x00000000e0400000)
  object space 225792K, 65% used [0x00000000a0c00000,0x00000000a9d13ad8,0x00000000ae880000)
 Metaspace       used 18650K, capacity 18857K, committed 19072K, reserved 1067008K
  class space    used 1756K, capacity 1793K, committed 1920K, reserved 1048576K
}

