# JRE version: Java(TM) SE Runtime Environment (8.0_25-b18) (build 1.8.0_25-b18)
# Java VM: Java HotSpot(TM) 64-Bit Server VM (25.25-b02 mixed mode windows-amd64 compressed oops)
Heap:
 PSYoungGen      total 439808K, used 374259K [0x00000000e0400000, 0x00000000fc800000, 0x0000000100000000)
  eden space 417280K, 87% used [0x00000000e0400000,0x00000000f697bc28,0x00000000f9b80000)
  from space 22528K, 36% used [0x00000000fb180000,0x00000000fb981010,0x00000000fc780000)
  to   space 22528K, 0% used [0x00000000f9b80000,0x00000000f9b80000,0x00000000fb180000)
 ParOldGen       total 203264K, used 156481K [0x00000000a0c00000, 0x00000000ad280000, 0x00000000e0400000)
  object space 203264K, 76% used [0x00000000a0c00000,0x00000000aa4d0560,0x00000000ad280000)
 Metaspace       used 18040K, capacity 18217K, committed 18560K, reserved 1067008K
  class space    used 1733K, capacity 1793K, committed 1920K, reserved 1048576K
GC Heap History (10 events):
Event: 26.065 GC heap before
{Heap before GC invocations=46 (full 2):
 PSYoungGen      total 442368K, used 411264K [0x00000000e0400000, 0x00000000fd080000, 0x0000000100000000)
  eden space 411136K, 100% used [0x00000000e0400000,0x00000000f9580000,0x00000000f9580000)
  from space 31232K, 0% used [0x00000000f9580000,0x00000000f95a0000,0x00000000fb400000)
  to   space 29184K, 0% used [0x00000000fb400000,0x00000000fb400000,0x00000000fd080000)
 ParOldGen       total 203264K, used 156465K [0x00000000a0c00000, 0x00000000ad280000, 0x00000000e0400000)
  object space 203264K, 76% used [0x00000000a0c00000,0x00000000aa4cc560,0x00000000ad280000)
 Metaspace       used 18010K, capacity 18217K, committed 18560K, reserved 1067008K
  class space    used 1723K, capacity 1793K, committed 1920K, reserved 1048576K
Event: 26.067 GC heap after
Heap after GC invocations=46 (full 2):
 PSYoungGen      total 439296K, used 128K [0x00000000e0400000, 0x00000000fcd80000, 0x0000000100000000)
  eden space 413184K, 0% used [0x00000000e0400000,0x00000000e0400000,0x00000000f9780000)
  from space 26112K, 0% used [0x00000000fb400000,0x00000000fb420000,0x00000000fcd80000)
  to   space 27648K, 0% used [0x00000000f9780000,0x00000000f9780000,0x00000000fb280000)
 ParOldGen       total 203264K, used 156481K [0x00000000a0c00000, 0x00000000ad280000, 0x00000000e0400000)
  object space 203264K, 76% used [0x00000000a0c00000,0x00000000aa4d0560,0x00000000ad280000)
 Metaspace       used 18010K, capacity 18217K, committed 18560K, reserved 1067008K
  class space    used 1723K, capacity 1793K, committed 1920K, reserved 1048576K
}
Event: 26.710 GC heap before
{Heap before GC invocations=47 (full 2):
 PSYoungGen      total 439296K, used 413312K [0x00000000e0400000, 0x00000000fcd80000, 0x0000000100000000)
  eden space 413184K, 100% used [0x00000000e0400000,0x00000000f9780000,0x00000000f9780000)
  from space 26112K, 0% used [0x00000000fb400000,0x00000000fb420000,0x00000000fcd80000)
  to   space 27648K, 0% used [0x00000000f9780000,0x00000000f9780000,0x00000000fb280000)
 ParOldGen       total 203264K, used 156481K [0x00000000a0c00000, 0x00000000ad280000, 0x00000000e0400000)
  object space 203264K, 76% used [0x00000000a0c00000,0x00000000aa4d0560,0x00000000ad280000)
 Metaspace       used 18010K, capacity 18217K, committed 18560K, reserved 1067008K
  class space    used 1723K, capacity 1793K, committed 1920K, reserved 1048576K
Event: 26.711 GC heap after
Heap after GC invocations=47 (full 2):
 PSYoungGen      total 440832K, used 160K [0x00000000e0400000, 0x00000000fcb80000, 0x0000000100000000)
  eden space 413184K, 0% used [0x00000000e0400000,0x00000000e0400000,0x00000000f9780000)
  from space 27648K, 0% used [0x00000000f9780000,0x00000000f97a8000,0x00000000fb280000)
  to   space 25600K, 0% used [0x00000000fb280000,0x00000000fb280000,0x00000000fcb80000)
 ParOldGen       total 203264K, used 156481K [0x00000000a0c00000, 0x00000000ad280000, 0x00000000e0400000)
  object space 203264K, 76% used [0x00000000a0c00000,0x00000000aa4d0560,0x00000000ad280000)
 Metaspace       used 18010K, capacity 18217K, committed 18560K, reserved 1067008K
  class space    used 1723K, capacity 1793K, committed 1920K, reserved 1048576K
}
Event: 27.355 GC heap before
{Heap before GC invocations=48 (full 2):
 PSYoungGen      total 440832K, used 413344K [0x00000000e0400000, 0x00000000fcb80000, 0x0000000100000000)
  eden space 413184K, 100% used [0x00000000e0400000,0x00000000f9780000,0x00000000f9780000)
  from space 27648K, 0% used [0x00000000f9780000,0x00000000f97a8000,0x00000000fb280000)
  to   space 25600K, 0% used [0x00000000fb280000,0x00000000fb280000,0x00000000fcb80000)
 ParOldGen       total 203264K, used 156481K [0x00000000a0c00000, 0x00000000ad280000, 0x00000000e0400000)
  object space 203264K, 76% used [0x00000000a0c00000,0x00000000aa4d0560,0x00000000ad280000)
 Metaspace       used 18010K, capacity 18217K, committed 18560K, reserved 1067008K
  class space    used 1723K, capacity 1793K, committed 1920K, reserved 1048576K
Event: 27.357 GC heap after
Heap after GC invocations=48 (full 2):
 PSYoungGen      total 437760K, used 128K [0x00000000e0400000, 0x00000000fc880000, 0x0000000100000000)
  eden space 415232K, 0% used [0x00000000e0400000,0x00000000e0400000,0x00000000f9980000)
  from space 22528K, 0% used [0x00000000fb280000,0x00000000fb2a0000,0x00000000fc880000)
  to   space 24064K, 0% used [0x00000000f9980000,0x00000000f9980000,0x00000000fb100000)
 ParOldGen       total 203264K, used 156481K [0x00000000a0c00000, 0x00000000ad280000, 0x00000000e0400000)
  object space 203264K, 76% used [0x00000000a0c00000,0x00000000aa4d0560,0x00000000ad280000)
 Metaspace       used 18010K, capacity 18217K, committed 18560K, reserved 1067008K
  class space    used 1723K, capacity 1793K, committed 1920K, reserved 1048576K
}
Event: 28.001 GC heap before
{Heap before GC invocations=49 (full 2):
 PSYoungGen      total 437760K, used 415360K [0x00000000e0400000, 0x00000000fc880000, 0x0000000100000000)
  eden space 415232K, 100% used [0x00000000e0400000,0x00000000f9980000,0x00000000f9980000)
  from space 22528K, 0% used [0x00000000fb280000,0x00000000fb2a0000,0x00000000fc880000)
  to   space 24064K, 0% used [0x00000000f9980000,0x00000000f9980000,0x00000000fb100000)
 ParOldGen       total 203264K, used 156481K [0x00000000a0c00000, 0x00000000ad280000, 0x00000000e0400000)
  object space 203264K, 76% used [0x00000000a0c00000,0x00000000aa4d0560,0x00000000ad280000)
 Metaspace       used 18010K, capacity 18217K, committed 18560K, reserved 1067008K
  class space    used 1723K, capacity 1793K, committed 1920K, reserved 1048576K
Event: 28.002 GC heap after
Heap after GC invocations=49 (full 2):
 PSYoungGen      total 439296K, used 160K [0x00000000e0400000, 0x00000000fc780000, 0x0000000100000000)
  eden space 415232K, 0% used [0x00000000e0400000,0x00000000e0400000,0x00000000f9980000)
  from space 24064K, 0% used [0x00000000f9980000,0x00000000f99a8000,0x00000000fb100000)
  to   space 22528K, 0% used [0x00000000fb180000,0x00000000fb180000,0x00000000fc780000)
 ParOldGen       total 203264K, used 156481K [0x00000000a0c00000, 0x00000000ad280000, 0x00000000e0400000)
  object space 203264K, 76% used [0x00000000a0c00000,0x00000000aa4d0560,0x00000000ad280000)
 Metaspace       used 18010K, capacity 18217K, committed 18560K, reserved 1067008K
  class space    used 1723K, capacity 1793K, committed 1920K, reserved 1048576K
}
Event: 28.647 GC heap before
{Heap before GC invocations=50 (full 2):
 PSYoungGen      total 439296K, used 414965K [0x00000000e0400000, 0x00000000fc780000, 0x0000000100000000)
  eden space 415232K, 99% used [0x00000000e0400000,0x00000000f9915670,0x00000000f9980000)
  from space 24064K, 0% used [0x00000000f9980000,0x00000000f99a8000,0x00000000fb100000)
  to   space 22528K, 0% used [0x00000000fb180000,0x00000000fb180000,0x00000000fc780000)
 ParOldGen       total 203264K, used 156481K [0x00000000a0c00000, 0x00000000ad280000, 0x00000000e0400000)
  object space 203264K, 76% used [0x00000000a0c00000,0x00000000aa4d0560,0x00000000ad280000)
 Metaspace       used 18010K, capacity 18217K, committed 18560K, reserved 1067008K
  class space    used 1723K, capacity 1793K, committed 1920K, reserved 1048576K
Event: 28.650 GC heap after
Heap after GC invocations=50 (full 2):
 PSYoungGen      total 439808K, used 8196K [0x00000000e0400000, 0x00000000fc800000, 0x0000000100000000)
  eden space 417280K, 0% used [0x00000000e0400000,0x00000000e0400000,0x00000000f9b80000)
  from space 22528K, 36% used [0x00000000fb180000,0x00000000fb981010,0x00000000fc780000)
  to   space 22528K, 0% used [0x00000000f9b80000,0x00000000f9b80000,0x00000000fb180000)
 ParOldGen       total 203264K, used 156481K [0x00000000a0c00000, 0x00000000ad280000, 0x00000000e0400000)
  object space 203264K, 76% used [0x00000000a0c00000,0x00000000aa4d0560,0x00000000ad280000)
 Metaspace       used 18010K, capacity 18217K, committed 18560K, reserved 1067008K
  class space    used 1723K, capacity 1793K, committed 1920K, reserved 1048576K
}

