# JRE version: Java(TM) SE Runtime Environment (8.0_25-b18) (build 1.8.0_25-b18)
# Java VM: Java HotSpot(TM) 64-Bit Server VM (25.25-b02 mixed mode windows-amd64 compressed oops)
Heap:
 PSYoungGen      total 318464K, used 40386K [0x00000000e0400000, 0x00000000f9180000, 0x0000000100000000)
  eden space 263680K, 11% used [0x00000000e0400000,0x00000000e21fbb00,0x00000000f0580000)
  from space 54784K, 17% used [0x00000000f0580000,0x00000000f0ef5020,0x00000000f3b00000)
  to   space 53248K, 0% used [0x00000000f5d80000,0x00000000f5d80000,0x00000000f9180000)
 ParOldGen       total 223744K, used 145916K [0x00000000a0c00000, 0x00000000ae680000, 0x00000000e0400000)
  object space 223744K, 65% used [0x00000000a0c00000,0x00000000a9a7f038,0x00000000ae680000)
 Metaspace       used 18150K, capacity 18337K, committed 18560K, reserved 1067008K
  class space    used 1758K, capacity 1793K, committed 1920K, reserved 1048576K
GC Heap History (10 events):
Event: 4.631 GC heap before
{Heap before GC invocations=14 (full 3):
 PSYoungGen      total 241664K, used 181298K [0x00000000e0400000, 0x00000000f2d80000, 0x0000000100000000)
  eden space 181760K, 99% used [0x00000000e0400000,0x00000000eb50c8d0,0x00000000eb580000)
  from space 59904K, 0% used [0x00000000ef300000,0x00000000ef300000,0x00000000f2d80000)
  to   space 61440K, 0% used [0x00000000eb580000,0x00000000eb580000,0x00000000ef180000)
 ParOldGen       total 223744K, used 145876K [0x00000000a0c00000, 0x00000000ae680000, 0x00000000e0400000)
  object space 223744K, 65% used [0x00000000a0c00000,0x00000000a9a75038,0x00000000ae680000)
 Metaspace       used 17452K, capacity 17665K, committed 17920K, reserved 1064960K
  class space    used 1707K, capacity 1761K, committed 1792K, reserved 1048576K
Event: 4.635 GC heap after
Heap after GC invocations=14 (full 3):
 PSYoungGen      total 243200K, used 9172K [0x00000000e0400000, 0x00000000f5d00000, 0x0000000100000000)
  eden space 181760K, 0% used [0x00000000e0400000,0x00000000e0400000,0x00000000eb580000)
  from space 61440K, 14% used [0x00000000eb580000,0x00000000ebe75020,0x00000000ef180000)
  to   space 60416K, 0% used [0x00000000f2200000,0x00000000f2200000,0x00000000f5d00000)
 ParOldGen       total 223744K, used 145884K [0x00000000a0c00000, 0x00000000ae680000, 0x00000000e0400000)
  object space 223744K, 65% used [0x00000000a0c00000,0x00000000a9a77038,0x00000000ae680000)
 Metaspace       used 17452K, capacity 17665K, committed 17920K, reserved 1064960K
  class space    used 1707K, capacity 1761K, committed 1792K, reserved 1048576K
}
Event: 5.266 GC heap before
{Heap before GC invocations=15 (full 3):
 PSYoungGen      total 243200K, used 183624K [0x00000000e0400000, 0x00000000f5d00000, 0x0000000100000000)
  eden space 181760K, 95% used [0x00000000e0400000,0x00000000eae5d1e0,0x00000000eb580000)
  from space 61440K, 14% used [0x00000000eb580000,0x00000000ebe75020,0x00000000ef180000)
  to   space 60416K, 0% used [0x00000000f2200000,0x00000000f2200000,0x00000000f5d00000)
 ParOldGen       total 223744K, used 145884K [0x00000000a0c00000, 0x00000000ae680000, 0x00000000e0400000)
  object space 223744K, 65% used [0x00000000a0c00000,0x00000000a9a77038,0x00000000ae680000)
 Metaspace       used 17759K, capacity 17953K, committed 18304K, reserved 1064960K
  class space    used 1737K, capacity 1793K, committed 1920K, reserved 1048576K
Event: 5.271 GC heap after
Heap after GC invocations=15 (full 3):
 PSYoungGen      total 276480K, used 9588K [0x00000000e0400000, 0x00000000f5400000, 0x0000000100000000)
  eden space 225280K, 0% used [0x00000000e0400000,0x00000000e0400000,0x00000000ee000000)
  from space 51200K, 18% used [0x00000000f2200000,0x00000000f2b5d020,0x00000000f5400000)
  to   space 59392K, 0% used [0x00000000ee000000,0x00000000ee000000,0x00000000f1a00000)
 ParOldGen       total 223744K, used 145892K [0x00000000a0c00000, 0x00000000ae680000, 0x00000000e0400000)
  object space 223744K, 65% used [0x00000000a0c00000,0x00000000a9a79038,0x00000000ae680000)
 Metaspace       used 17759K, capacity 17953K, committed 18304K, reserved 1064960K
  class space    used 1737K, capacity 1793K, committed 1920K, reserved 1048576K
}
Event: 6.066 GC heap before
{Heap before GC invocations=16 (full 3):
 PSYoungGen      total 276480K, used 230428K [0x00000000e0400000, 0x00000000f5400000, 0x0000000100000000)
  eden space 225280K, 98% used [0x00000000e0400000,0x00000000edbaa130,0x00000000ee000000)
  from space 51200K, 18% used [0x00000000f2200000,0x00000000f2b5d020,0x00000000f5400000)
  to   space 59392K, 0% used [0x00000000ee000000,0x00000000ee000000,0x00000000f1a00000)
 ParOldGen       total 223744K, used 145892K [0x00000000a0c00000, 0x00000000ae680000, 0x00000000e0400000)
  object space 223744K, 65% used [0x00000000a0c00000,0x00000000a9a79038,0x00000000ae680000)
 Metaspace       used 18037K, capacity 18209K, committed 18560K, reserved 1067008K
  class space    used 1758K, capacity 1793K, committed 1920K, reserved 1048576K
Event: 6.070 GC heap after
Heap after GC invocations=16 (full 3):
 PSYoungGen      total 284672K, used 9684K [0x00000000e0400000, 0x00000000f7d80000, 0x0000000100000000)
  eden space 225280K, 0% used [0x00000000e0400000,0x00000000e0400000,0x00000000ee000000)
  from space 59392K, 16% used [0x00000000ee000000,0x00000000ee975020,0x00000000f1a00000)
  to   space 57856K, 0% used [0x00000000f4500000,0x00000000f4500000,0x00000000f7d80000)
 ParOldGen       total 223744K, used 145900K [0x00000000a0c00000, 0x00000000ae680000, 0x00000000e0400000)
  object space 223744K, 65% used [0x00000000a0c00000,0x00000000a9a7b038,0x00000000ae680000)
 Metaspace       used 18037K, capacity 18209K, committed 18560K, reserved 1067008K
  class space    used 1758K, capacity 1793K, committed 1920K, reserved 1048576K
}
Event: 6.869 GC heap before
{Heap before GC invocations=17 (full 3):
 PSYoungGen      total 284672K, used 234306K [0x00000000e0400000, 0x00000000f7d80000, 0x0000000100000000)
  eden space 225280K, 99% used [0x00000000e0400000,0x00000000edf5b8f0,0x00000000ee000000)
  from space 59392K, 16% used [0x00000000ee000000,0x00000000ee975020,0x00000000f1a00000)
  to   space 57856K, 0% used [0x00000000f4500000,0x00000000f4500000,0x00000000f7d80000)
 ParOldGen       total 223744K, used 145900K [0x00000000a0c00000, 0x00000000ae680000, 0x00000000e0400000)
  object space 223744K, 65% used [0x00000000a0c00000,0x00000000a9a7b038,0x00000000ae680000)
 Metaspace       used 18106K, capacity 18337K, committed 18560K, reserved 1067008K
  class space    used 1758K, capacity 1793K, committed 1920K, reserved 1048576K
Event: 6.875 GC heap after
Heap after GC invocations=17 (full 3):
 PSYoungGen      total 308224K, used 17752K [0x00000000e0400000, 0x00000000f7080000, 0x0000000100000000)
  eden space 263680K, 0% used [0x00000000e0400000,0x00000000e0400000,0x00000000f0580000)
  from space 44544K, 39% used [0x00000000f4500000,0x00000000f5656030,0x00000000f7080000)
  to   space 54784K, 0% used [0x00000000f0580000,0x00000000f0580000,0x00000000f3b00000)
 ParOldGen       total 223744K, used 145908K [0x00000000a0c00000, 0x00000000ae680000, 0x00000000e0400000)
  object space 223744K, 65% used [0x00000000a0c00000,0x00000000a9a7d038,0x00000000ae680000)
 Metaspace       used 18106K, capacity 18337K, committed 18560K, reserved 1067008K
  class space    used 1758K, capacity 1793K, committed 1920K, reserved 1048576K
}
Event: 7.865 GC heap before
{Heap before GC invocations=18 (full 3):
 PSYoungGen      total 308224K, used 279612K [0x00000000e0400000, 0x00000000f7080000, 0x0000000100000000)
  eden space 263680K, 99% used [0x00000000e0400000,0x00000000f03b9200,0x00000000f0580000)
  from space 44544K, 39% used [0x00000000f4500000,0x00000000f5656030,0x00000000f7080000)
  to   space 54784K, 0% used [0x00000000f0580000,0x00000000f0580000,0x00000000f3b00000)
 ParOldGen       total 223744K, used 145908K [0x00000000a0c00000, 0x00000000ae680000, 0x00000000e0400000)
  object space 223744K, 65% used [0x00000000a0c00000,0x00000000a9a7d038,0x00000000ae680000)
 Metaspace       used 18142K, capacity 18337K, committed 18560K, reserved 1067008K
  class space    used 1758K, capacity 1793K, committed 1920K, reserved 1048576K
Event: 7.870 GC heap after
Heap after GC invocations=18 (full 3):
 PSYoungGen      total 318464K, used 9684K [0x00000000e0400000, 0x00000000f9180000, 0x0000000100000000)
  eden space 263680K, 0% used [0x00000000e0400000,0x00000000e0400000,0x00000000f0580000)
  from space 54784K, 17% used [0x00000000f0580000,0x00000000f0ef5020,0x00000000f3b00000)
  to   space 53248K, 0% used [0x00000000f5d80000,0x00000000f5d80000,0x00000000f9180000)
 ParOldGen       total 223744K, used 145916K [0x00000000a0c00000, 0x00000000ae680000, 0x00000000e0400000)
  object space 223744K, 65% used [0x00000000a0c00000,0x00000000a9a7f038,0x00000000ae680000)
 Metaspace       used 18142K, capacity 18337K, committed 18560K, reserved 1067008K
  class space    used 1758K, capacity 1793K, committed 1920K, reserved 1048576K
}

