# JRE version: Java(TM) SE Runtime Environment (8.0_31-b13) (build 1.8.0_31-b13)
# Java VM: Java HotSpot(TM) 64-Bit Server VM (25.31-b07 mixed mode windows-amd64 compressed oops)
Heap:
 PSYoungGen      total 759296K, used 575393K [0x000000076b300000, 0x000000079d580000, 0x00000007c0000000)
  eden space 716288K, 80% used [0x000000076b300000,0x000000078e4c8418,0x0000000796e80000)
  from space 43008K, 0% used [0x000000079ab80000,0x000000079aba0000,0x000000079d580000)
  to   space 52736K, 0% used [0x0000000796e80000,0x0000000796e80000,0x000000079a200000)
 ParOldGen       total 285184K, used 161944K [0x00000006c1800000, 0x00000006d2e80000, 0x000000076b300000)
  object space 285184K, 56% used [0x00000006c1800000,0x00000006cb6263d8,0x00000006d2e80000)
 Metaspace       used 17884K, capacity 18131K, committed 18176K, reserved 1064960K
  class space    used 1717K, capacity 1762K, committed 1792K, reserved 1048576K
GC Heap History (10 events):
Event: 9.258 GC heap before
{Heap before GC invocations=15 (full 1):
 PSYoungGen      total 602624K, used 533542K [0x000000076b300000, 0x0000000799a00000, 0x00000007c0000000)
  eden space 537600K, 99% used [0x000000076b300000,0x000000078bbd9880,0x000000078c000000)
  from space 65024K, 0% used [0x000000078c000000,0x000000078c030000,0x000000078ff80000)
  to   space 64000K, 0% used [0x0000000795b80000,0x0000000795b80000,0x0000000799a00000)
 ParOldGen       total 285184K, used 161928K [0x00000006c1800000, 0x00000006d2e80000, 0x000000076b300000)
  object space 285184K, 56% used [0x00000006c1800000,0x00000006cb6223d8,0x00000006d2e80000)
 Metaspace       used 17680K, capacity 17931K, committed 18176K, reserved 1064960K
  class space    used 1706K, capacity 1762K, committed 1792K, reserved 1048576K
Event: 9.260 GC heap after
Heap after GC invocations=15 (full 1):
 PSYoungGen      total 662016K, used 128K [0x000000076b300000, 0x0000000798780000, 0x00000007c0000000)
  eden space 616960K, 0% used [0x000000076b300000,0x000000076b300000,0x0000000790d80000)
  from space 45056K, 0% used [0x0000000795b80000,0x0000000795ba0000,0x0000000798780000)
  to   space 62464K, 0% used [0x0000000790d80000,0x0000000790d80000,0x0000000794a80000)
 ParOldGen       total 285184K, used 161928K [0x00000006c1800000, 0x00000006d2e80000, 0x000000076b300000)
  object space 285184K, 56% used [0x00000006c1800000,0x00000006cb6223d8,0x00000006d2e80000)
 Metaspace       used 17680K, capacity 17931K, committed 18176K, reserved 1064960K
  class space    used 1706K, capacity 1762K, committed 1792K, reserved 1048576K
}
Event: 10.275 GC heap before
{Heap before GC invocations=16 (full 1):
 PSYoungGen      total 662016K, used 617088K [0x000000076b300000, 0x0000000798780000, 0x00000007c0000000)
  eden space 616960K, 100% used [0x000000076b300000,0x0000000790d80000,0x0000000790d80000)
  from space 45056K, 0% used [0x0000000795b80000,0x0000000795ba0000,0x0000000798780000)
  to   space 62464K, 0% used [0x0000000790d80000,0x0000000790d80000,0x0000000794a80000)
 ParOldGen       total 285184K, used 161928K [0x00000006c1800000, 0x00000006d2e80000, 0x000000076b300000)
  object space 285184K, 56% used [0x00000006c1800000,0x00000006cb6223d8,0x00000006d2e80000)
 Metaspace       used 17703K, capacity 17939K, committed 18176K, reserved 1064960K
  class space    used 1706K, capacity 1762K, committed 1792K, reserved 1048576K
Event: 10.277 GC heap after
Heap after GC invocations=16 (full 1):
 PSYoungGen      total 679424K, used 160K [0x000000076b300000, 0x000000079cd00000, 0x00000007c0000000)
  eden space 616960K, 0% used [0x000000076b300000,0x000000076b300000,0x0000000790d80000)
  from space 62464K, 0% used [0x0000000790d80000,0x0000000790da8000,0x0000000794a80000)
  to   space 60416K, 0% used [0x0000000799200000,0x0000000799200000,0x000000079cd00000)
 ParOldGen       total 285184K, used 161928K [0x00000006c1800000, 0x00000006d2e80000, 0x000000076b300000)
  object space 285184K, 56% used [0x00000006c1800000,0x00000006cb6223d8,0x00000006d2e80000)
 Metaspace       used 17703K, capacity 17939K, committed 18176K, reserved 1064960K
  class space    used 1706K, capacity 1762K, committed 1792K, reserved 1048576K
}
Event: 11.225 GC heap before
{Heap before GC invocations=17 (full 1):
 PSYoungGen      total 679424K, used 612211K [0x000000076b300000, 0x000000079cd00000, 0x00000007c0000000)
  eden space 616960K, 99% used [0x000000076b300000,0x00000007908b4c88,0x0000000790d80000)
  from space 62464K, 0% used [0x0000000790d80000,0x0000000790da8000,0x0000000794a80000)
  to   space 60416K, 0% used [0x0000000799200000,0x0000000799200000,0x000000079cd00000)
 ParOldGen       total 285184K, used 161928K [0x00000006c1800000, 0x00000006d2e80000, 0x000000076b300000)
  object space 285184K, 56% used [0x00000006c1800000,0x00000006cb6223d8,0x00000006d2e80000)
 Metaspace       used 17802K, capacity 18003K, committed 18176K, reserved 1064960K
  class space    used 1706K, capacity 1762K, committed 1792K, reserved 1048576K
Event: 11.227 GC heap after
Heap after GC invocations=17 (full 1):
 PSYoungGen      total 722944K, used 128K [0x000000076b300000, 0x000000079bc80000, 0x00000007c0000000)
  eden space 679424K, 0% used [0x000000076b300000,0x000000076b300000,0x0000000794a80000)
  from space 43520K, 0% used [0x0000000799200000,0x0000000799220000,0x000000079bc80000)
  to   space 58368K, 0% used [0x0000000794a80000,0x0000000794a80000,0x0000000798380000)
 ParOldGen       total 285184K, used 161936K [0x00000006c1800000, 0x00000006d2e80000, 0x000000076b300000)
  object space 285184K, 56% used [0x00000006c1800000,0x00000006cb6243d8,0x00000006d2e80000)
 Metaspace       used 17802K, capacity 18003K, committed 18176K, reserved 1064960K
  class space    used 1706K, capacity 1762K, committed 1792K, reserved 1048576K
}
Event: 12.301 GC heap before
{Heap before GC invocations=18 (full 1):
 PSYoungGen      total 722944K, used 679247K [0x000000076b300000, 0x000000079bc80000, 0x00000007c0000000)
  eden space 679424K, 99% used [0x000000076b300000,0x0000000794a33fe8,0x0000000794a80000)
  from space 43520K, 0% used [0x0000000799200000,0x0000000799220000,0x000000079bc80000)
  to   space 58368K, 0% used [0x0000000794a80000,0x0000000794a80000,0x0000000798380000)
 ParOldGen       total 285184K, used 161936K [0x00000006c1800000, 0x00000006d2e80000, 0x000000076b300000)
  object space 285184K, 56% used [0x00000006c1800000,0x00000006cb6243d8,0x00000006d2e80000)
 Metaspace       used 17805K, capacity 18003K, committed 18176K, reserved 1064960K
  class space    used 1706K, capacity 1762K, committed 1792K, reserved 1048576K
Event: 12.308 GC heap after
Heap after GC invocations=18 (full 1):
 PSYoungGen      total 737792K, used 9044K [0x000000076b300000, 0x000000079e100000, 0x00000007c0000000)
  eden space 679424K, 0% used [0x000000076b300000,0x000000076b300000,0x0000000794a80000)
  from space 58368K, 15% used [0x0000000794a80000,0x0000000795355020,0x0000000798380000)
  to   space 54784K, 0% used [0x000000079ab80000,0x000000079ab80000,0x000000079e100000)
 ParOldGen       total 285184K, used 161936K [0x00000006c1800000, 0x00000006d2e80000, 0x000000076b300000)
  object space 285184K, 56% used [0x00000006c1800000,0x00000006cb6243d8,0x00000006d2e80000)
 Metaspace       used 17805K, capacity 18003K, committed 18176K, reserved 1064960K
  class space    used 1706K, capacity 1762K, committed 1792K, reserved 1048576K
}
Event: 13.393 GC heap before
{Heap before GC invocations=19 (full 1):
 PSYoungGen      total 737792K, used 688468K [0x000000076b300000, 0x000000079e100000, 0x00000007c0000000)
  eden space 679424K, 100% used [0x000000076b300000,0x0000000794a80000,0x0000000794a80000)
  from space 58368K, 15% used [0x0000000794a80000,0x0000000795355020,0x0000000798380000)
  to   space 54784K, 0% used [0x000000079ab80000,0x000000079ab80000,0x000000079e100000)
 ParOldGen       total 285184K, used 161936K [0x00000006c1800000, 0x00000006d2e80000, 0x000000076b300000)
  object space 285184K, 56% used [0x00000006c1800000,0x00000006cb6243d8,0x00000006d2e80000)
 Metaspace       used 17837K, capacity 18003K, committed 18176K, reserved 1064960K
  class space    used 1706K, capacity 1762K, committed 1792K, reserved 1048576K
Event: 13.394 GC heap after
Heap after GC invocations=19 (full 1):
 PSYoungGen      total 759296K, used 128K [0x000000076b300000, 0x000000079d580000, 0x00000007c0000000)
  eden space 716288K, 0% used [0x000000076b300000,0x000000076b300000,0x0000000796e80000)
  from space 43008K, 0% used [0x000000079ab80000,0x000000079aba0000,0x000000079d580000)
  to   space 52736K, 0% used [0x0000000796e80000,0x0000000796e80000,0x000000079a200000)
 ParOldGen       total 285184K, used 161944K [0x00000006c1800000, 0x00000006d2e80000, 0x000000076b300000)
  object space 285184K, 56% used [0x00000006c1800000,0x00000006cb6263d8,0x00000006d2e80000)
 Metaspace       used 17837K, capacity 18003K, committed 18176K, reserved 1064960K
  class space    used 1706K, capacity 1762K, committed 1792K, reserved 1048576K
}

