# JRE version: Java(TM) SE Runtime Environment (8.0_25-b18) (build 1.8.0_25-b18)
# Java VM: Java HotSpot(TM) 64-Bit Server VM (25.25-b02 mixed mode windows-amd64 compressed oops)
Heap:
 PSYoungGen      total 420352K, used 358695K [0x00000000e0400000, 0x00000000fce00000, 0x0000000100000000)
  eden space 378880K, 94% used [0x00000000e0400000,0x00000000f61a9dc8,0x00000000f7600000)
  from space 41472K, 1% used [0x00000000f7600000,0x00000000f76a0000,0x00000000f9e80000)
  to   space 39424K, 0% used [0x00000000fa780000,0x00000000fa780000,0x00000000fce00000)
 ParOldGen       total 202752K, used 155069K [0x00000000a0c00000, 0x00000000ad200000, 0x00000000e0400000)
  object space 202752K, 76% used [0x00000000a0c00000,0x00000000aa36f5f0,0x00000000ad200000)
 Metaspace       used 18328K, capacity 18565K, committed 18816K, reserved 1067008K
  class space    used 1771K, capacity 1825K, committed 1920K, reserved 1048576K
GC Heap History (10 events):
Event: 7.739 GC heap before
{Heap before GC invocations=22 (full 3):
 PSYoungGen      total 396288K, used 351392K [0x00000000e0400000, 0x00000000fbf80000, 0x0000000100000000)
  eden space 350720K, 100% used [0x00000000e0400000,0x00000000f5a80000,0x00000000f5a80000)
  from space 45568K, 1% used [0x00000000f9300000,0x00000000f93a8000,0x00000000fbf80000)
  to   space 51712K, 0% used [0x00000000f5a80000,0x00000000f5a80000,0x00000000f8d00000)
 ParOldGen       total 202752K, used 155037K [0x00000000a0c00000, 0x00000000ad200000, 0x00000000e0400000)
  object space 202752K, 76% used [0x00000000a0c00000,0x00000000aa3675f0,0x00000000ad200000)
 Metaspace       used 18150K, capacity 18365K, committed 18560K, reserved 1067008K
  class space    used 1771K, capacity 1825K, committed 1920K, reserved 1048576K
Event: 7.740 GC heap after
Heap after GC invocations=22 (full 3):
 PSYoungGen      total 402432K, used 672K [0x00000000e0400000, 0x00000000fcb00000, 0x0000000100000000)
  eden space 350720K, 0% used [0x00000000e0400000,0x00000000e0400000,0x00000000f5a80000)
  from space 51712K, 1% used [0x00000000f5a80000,0x00000000f5b28000,0x00000000f8d00000)
  to   space 49152K, 0% used [0x00000000f9b00000,0x00000000f9b00000,0x00000000fcb00000)
 ParOldGen       total 202752K, used 155045K [0x00000000a0c00000, 0x00000000ad200000, 0x00000000e0400000)
  object space 202752K, 76% used [0x00000000a0c00000,0x00000000aa3695f0,0x00000000ad200000)
 Metaspace       used 18150K, capacity 18365K, committed 18560K, reserved 1067008K
  class space    used 1771K, capacity 1825K, committed 1920K, reserved 1048576K
}
Event: 8.303 GC heap before
{Heap before GC invocations=23 (full 3):
 PSYoungGen      total 402432K, used 351392K [0x00000000e0400000, 0x00000000fcb00000, 0x0000000100000000)
  eden space 350720K, 100% used [0x00000000e0400000,0x00000000f5a80000,0x00000000f5a80000)
  from space 51712K, 1% used [0x00000000f5a80000,0x00000000f5b28000,0x00000000f8d00000)
  to   space 49152K, 0% used [0x00000000f9b00000,0x00000000f9b00000,0x00000000fcb00000)
 ParOldGen       total 202752K, used 155045K [0x00000000a0c00000, 0x00000000ad200000, 0x00000000e0400000)
  object space 202752K, 76% used [0x00000000a0c00000,0x00000000aa3695f0,0x00000000ad200000)
 Metaspace       used 18172K, capacity 18365K, committed 18560K, reserved 1067008K
  class space    used 1771K, capacity 1825K, committed 1920K, reserved 1048576K
Event: 8.306 GC heap after
Heap after GC invocations=23 (full 3):
 PSYoungGen      total 408576K, used 704K [0x00000000e0400000, 0x00000000fc500000, 0x0000000100000000)
  eden space 365568K, 0% used [0x00000000e0400000,0x00000000e0400000,0x00000000f6900000)
  from space 43008K, 1% used [0x00000000f9b00000,0x00000000f9bb0000,0x00000000fc500000)
  to   space 47104K, 0% used [0x00000000f6900000,0x00000000f6900000,0x00000000f9700000)
 ParOldGen       total 202752K, used 155053K [0x00000000a0c00000, 0x00000000ad200000, 0x00000000e0400000)
  object space 202752K, 76% used [0x00000000a0c00000,0x00000000aa36b5f0,0x00000000ad200000)
 Metaspace       used 18172K, capacity 18365K, committed 18560K, reserved 1067008K
  class space    used 1771K, capacity 1825K, committed 1920K, reserved 1048576K
}
Event: 8.895 GC heap before
{Heap before GC invocations=24 (full 3):
 PSYoungGen      total 408576K, used 366272K [0x00000000e0400000, 0x00000000fc500000, 0x0000000100000000)
  eden space 365568K, 100% used [0x00000000e0400000,0x00000000f6900000,0x00000000f6900000)
  from space 43008K, 1% used [0x00000000f9b00000,0x00000000f9bb0000,0x00000000fc500000)
  to   space 47104K, 0% used [0x00000000f6900000,0x00000000f6900000,0x00000000f9700000)
 ParOldGen       total 202752K, used 155053K [0x00000000a0c00000, 0x00000000ad200000, 0x00000000e0400000)
  object space 202752K, 76% used [0x00000000a0c00000,0x00000000aa36b5f0,0x00000000ad200000)
 Metaspace       used 18192K, capacity 18373K, committed 18560K, reserved 1067008K
  class space    used 1771K, capacity 1825K, committed 1920K, reserved 1048576K
Event: 8.897 GC heap after
Heap after GC invocations=24 (full 3):
 PSYoungGen      total 412672K, used 704K [0x00000000e0400000, 0x00000000fcc80000, 0x0000000100000000)
  eden space 365568K, 0% used [0x00000000e0400000,0x00000000e0400000,0x00000000f6900000)
  from space 47104K, 1% used [0x00000000f6900000,0x00000000f69b0000,0x00000000f9700000)
  to   space 44544K, 0% used [0x00000000fa100000,0x00000000fa100000,0x00000000fcc80000)
 ParOldGen       total 202752K, used 155053K [0x00000000a0c00000, 0x00000000ad200000, 0x00000000e0400000)
  object space 202752K, 76% used [0x00000000a0c00000,0x00000000aa36b5f0,0x00000000ad200000)
 Metaspace       used 18192K, capacity 18373K, committed 18560K, reserved 1067008K
  class space    used 1771K, capacity 1825K, committed 1920K, reserved 1048576K
}
Event: 9.409 GC heap before
{Heap before GC invocations=25 (full 3):
 PSYoungGen      total 412672K, used 366041K [0x00000000e0400000, 0x00000000fcc80000, 0x0000000100000000)
  eden space 365568K, 99% used [0x00000000e0400000,0x00000000f68c67f0,0x00000000f6900000)
  from space 47104K, 1% used [0x00000000f6900000,0x00000000f69b0000,0x00000000f9700000)
  to   space 44544K, 0% used [0x00000000fa100000,0x00000000fa100000,0x00000000fcc80000)
 ParOldGen       total 202752K, used 155053K [0x00000000a0c00000, 0x00000000ad200000, 0x00000000e0400000)
  object space 202752K, 76% used [0x00000000a0c00000,0x00000000aa36b5f0,0x00000000ad200000)
 Metaspace       used 18307K, capacity 18501K, committed 18816K, reserved 1067008K
  class space    used 1771K, capacity 1825K, committed 1920K, reserved 1048576K
Event: 9.414 GC heap after
Heap after GC invocations=25 (full 3):
 PSYoungGen      total 417792K, used 9620K [0x00000000e0400000, 0x00000000fc700000, 0x0000000100000000)
  eden space 378880K, 0% used [0x00000000e0400000,0x00000000e0400000,0x00000000f7600000)
  from space 38912K, 24% used [0x00000000fa100000,0x00000000faa65020,0x00000000fc700000)
  to   space 41472K, 0% used [0x00000000f7600000,0x00000000f7600000,0x00000000f9e80000)
 ParOldGen       total 202752K, used 155061K [0x00000000a0c00000, 0x00000000ad200000, 0x00000000e0400000)
  object space 202752K, 76% used [0x00000000a0c00000,0x00000000aa36d5f0,0x00000000ad200000)
 Metaspace       used 18307K, capacity 18501K, committed 18816K, reserved 1067008K
  class space    used 1771K, capacity 1825K, committed 1920K, reserved 1048576K
}
Event: 10.049 GC heap before
{Heap before GC invocations=26 (full 3):
 PSYoungGen      total 417792K, used 388500K [0x00000000e0400000, 0x00000000fc700000, 0x0000000100000000)
  eden space 378880K, 100% used [0x00000000e0400000,0x00000000f7600000,0x00000000f7600000)
  from space 38912K, 24% used [0x00000000fa100000,0x00000000faa65020,0x00000000fc700000)
  to   space 41472K, 0% used [0x00000000f7600000,0x00000000f7600000,0x00000000f9e80000)
 ParOldGen       total 202752K, used 155061K [0x00000000a0c00000, 0x00000000ad200000, 0x00000000e0400000)
  object space 202752K, 76% used [0x00000000a0c00000,0x00000000aa36d5f0,0x00000000ad200000)
 Metaspace       used 18324K, capacity 18501K, committed 18816K, reserved 1067008K
  class space    used 1771K, capacity 1825K, committed 1920K, reserved 1048576K
Event: 10.051 GC heap after
Heap after GC invocations=26 (full 3):
 PSYoungGen      total 420352K, used 640K [0x00000000e0400000, 0x00000000fce00000, 0x0000000100000000)
  eden space 378880K, 0% used [0x00000000e0400000,0x00000000e0400000,0x00000000f7600000)
  from space 41472K, 1% used [0x00000000f7600000,0x00000000f76a0000,0x00000000f9e80000)
  to   space 39424K, 0% used [0x00000000fa780000,0x00000000fa780000,0x00000000fce00000)
 ParOldGen       total 202752K, used 155069K [0x00000000a0c00000, 0x00000000ad200000, 0x00000000e0400000)
  object space 202752K, 76% used [0x00000000a0c00000,0x00000000aa36f5f0,0x00000000ad200000)
 Metaspace       used 18324K, capacity 18501K, committed 18816K, reserved 1067008K
  class space    used 1771K, capacity 1825K, committed 1920K, reserved 1048576K
}

