# JRE version: Java(TM) SE Runtime Environment (8.0_25-b18) (build 1.8.0_25-b18)
# Java VM: Java HotSpot(TM) 64-Bit Server VM (25.25-b02 mixed mode windows-amd64 compressed oops)
Heap:
 PSYoungGen      total 330240K, used 225873K [0x00000000e0400000, 0x00000000f7b00000, 0x0000000100000000)
  eden space 285696K, 75% used [0x00000000e0400000,0x00000000ed7974a0,0x00000000f1b00000)
  from space 44544K, 20% used [0x00000000f4f80000,0x00000000f587d020,0x00000000f7b00000)
  to   space 49152K, 0% used [0x00000000f1b00000,0x00000000f1b00000,0x00000000f4b00000)
 ParOldGen       total 222720K, used 145939K [0x00000000a0c00000, 0x00000000ae580000, 0x00000000e0400000)
  object space 222720K, 65% used [0x00000000a0c00000,0x00000000a9a84ec8,0x00000000ae580000)
 Metaspace       used 17819K, capacity 18057K, committed 18176K, reserved 1064960K
  class space    used 1717K, capacity 1761K, committed 1792K, reserved 1048576K
GC Heap History (10 events):
Event: 6.326 GC heap before
{Heap before GC invocations=17 (full 3):
 PSYoungGen      total 273408K, used 216372K [0x00000000e0400000, 0x00000000f6e00000, 0x0000000100000000)
  eden space 212992K, 97% used [0x00000000e0400000,0x00000000ece58298,0x00000000ed400000)
  from space 60416K, 15% used [0x00000000ed400000,0x00000000edcf5020,0x00000000f0f00000)
  to   space 58880K, 0% used [0x00000000f3480000,0x00000000f3480000,0x00000000f6e00000)
 ParOldGen       total 222720K, used 145899K [0x00000000a0c00000, 0x00000000ae580000, 0x00000000e0400000)
  object space 222720K, 65% used [0x00000000a0c00000,0x00000000a9a7aec8,0x00000000ae580000)
 Metaspace       used 17533K, capacity 17793K, committed 17920K, reserved 1064960K
  class space    used 1705K, capacity 1761K, committed 1792K, reserved 1048576K
Event: 6.330 GC heap after
Heap after GC invocations=17 (full 3):
 PSYoungGen      total 295424K, used 9172K [0x00000000e0400000, 0x00000000f6480000, 0x0000000100000000)
  eden space 246272K, 0% used [0x00000000e0400000,0x00000000e0400000,0x00000000ef480000)
  from space 49152K, 18% used [0x00000000f3480000,0x00000000f3d75020,0x00000000f6480000)
  to   space 57344K, 0% used [0x00000000ef480000,0x00000000ef480000,0x00000000f2c80000)
 ParOldGen       total 222720K, used 145907K [0x00000000a0c00000, 0x00000000ae580000, 0x00000000e0400000)
  object space 222720K, 65% used [0x00000000a0c00000,0x00000000a9a7cec8,0x00000000ae580000)
 Metaspace       used 17533K, capacity 17793K, committed 17920K, reserved 1064960K
  class space    used 1705K, capacity 1761K, committed 1792K, reserved 1048576K
}
Event: 7.227 GC heap before
{Heap before GC invocations=18 (full 3):
 PSYoungGen      total 295424K, used 255359K [0x00000000e0400000, 0x00000000f6480000, 0x0000000100000000)
  eden space 246272K, 99% used [0x00000000e0400000,0x00000000ef46ad58,0x00000000ef480000)
  from space 49152K, 18% used [0x00000000f3480000,0x00000000f3d75020,0x00000000f6480000)
  to   space 57344K, 0% used [0x00000000ef480000,0x00000000ef480000,0x00000000f2c80000)
 ParOldGen       total 222720K, used 145907K [0x00000000a0c00000, 0x00000000ae580000, 0x00000000e0400000)
  object space 222720K, 65% used [0x00000000a0c00000,0x00000000a9a7cec8,0x00000000ae580000)
 Metaspace       used 17584K, capacity 17793K, committed 17920K, reserved 1064960K
  class space    used 1705K, capacity 1761K, committed 1792K, reserved 1048576K
Event: 7.232 GC heap after
Heap after GC invocations=18 (full 3):
 PSYoungGen      total 303616K, used 9140K [0x00000000e0400000, 0x00000000f7f80000, 0x0000000100000000)
  eden space 246272K, 0% used [0x00000000e0400000,0x00000000e0400000,0x00000000ef480000)
  from space 57344K, 15% used [0x00000000ef480000,0x00000000efd6d020,0x00000000f2c80000)
  to   space 55296K, 0% used [0x00000000f4980000,0x00000000f4980000,0x00000000f7f80000)
 ParOldGen       total 222720K, used 145915K [0x00000000a0c00000, 0x00000000ae580000, 0x00000000e0400000)
  object space 222720K, 65% used [0x00000000a0c00000,0x00000000a9a7eec8,0x00000000ae580000)
 Metaspace       used 17584K, capacity 17793K, committed 17920K, reserved 1064960K
  class space    used 1705K, capacity 1761K, committed 1792K, reserved 1048576K
}
Event: 8.127 GC heap before
{Heap before GC invocations=19 (full 3):
 PSYoungGen      total 303616K, used 251552K [0x00000000e0400000, 0x00000000f7f80000, 0x0000000100000000)
  eden space 246272K, 98% used [0x00000000e0400000,0x00000000ef0bb130,0x00000000ef480000)
  from space 57344K, 15% used [0x00000000ef480000,0x00000000efd6d020,0x00000000f2c80000)
  to   space 55296K, 0% used [0x00000000f4980000,0x00000000f4980000,0x00000000f7f80000)
 ParOldGen       total 222720K, used 145915K [0x00000000a0c00000, 0x00000000ae580000, 0x00000000e0400000)
  object space 222720K, 65% used [0x00000000a0c00000,0x00000000a9a7eec8,0x00000000ae580000)
 Metaspace       used 17715K, capacity 17929K, committed 18176K, reserved 1064960K
  class space    used 1705K, capacity 1761K, committed 1792K, reserved 1048576K
Event: 8.131 GC heap after
Heap after GC invocations=19 (full 3):
 PSYoungGen      total 317952K, used 9172K [0x00000000e0400000, 0x00000000f7600000, 0x0000000100000000)
  eden space 272384K, 0% used [0x00000000e0400000,0x00000000e0400000,0x00000000f0e00000)
  from space 45568K, 20% used [0x00000000f4980000,0x00000000f5275020,0x00000000f7600000)
  to   space 53248K, 0% used [0x00000000f0e00000,0x00000000f0e00000,0x00000000f4200000)
 ParOldGen       total 222720K, used 145923K [0x00000000a0c00000, 0x00000000ae580000, 0x00000000e0400000)
  object space 222720K, 65% used [0x00000000a0c00000,0x00000000a9a80ec8,0x00000000ae580000)
 Metaspace       used 17715K, capacity 17929K, committed 18176K, reserved 1064960K
  class space    used 1705K, capacity 1761K, committed 1792K, reserved 1048576K
}
Event: 9.127 GC heap before
{Heap before GC invocations=20 (full 3):
 PSYoungGen      total 317952K, used 280923K [0x00000000e0400000, 0x00000000f7600000, 0x0000000100000000)
  eden space 272384K, 99% used [0x00000000e0400000,0x00000000f0d61d70,0x00000000f0e00000)
  from space 45568K, 20% used [0x00000000f4980000,0x00000000f5275020,0x00000000f7600000)
  to   space 53248K, 0% used [0x00000000f0e00000,0x00000000f0e00000,0x00000000f4200000)
 ParOldGen       total 222720K, used 145923K [0x00000000a0c00000, 0x00000000ae580000, 0x00000000e0400000)
  object space 222720K, 65% used [0x00000000a0c00000,0x00000000a9a80ec8,0x00000000ae580000)
 Metaspace       used 17726K, capacity 17929K, committed 18176K, reserved 1064960K
  class space    used 1705K, capacity 1761K, committed 1792K, reserved 1048576K
Event: 9.132 GC heap after
Heap after GC invocations=20 (full 3):
 PSYoungGen      total 325632K, used 9140K [0x00000000e0400000, 0x00000000f8180000, 0x0000000100000000)
  eden space 272384K, 0% used [0x00000000e0400000,0x00000000e0400000,0x00000000f0e00000)
  from space 53248K, 17% used [0x00000000f0e00000,0x00000000f16ed020,0x00000000f4200000)
  to   space 51200K, 0% used [0x00000000f4f80000,0x00000000f4f80000,0x00000000f8180000)
 ParOldGen       total 222720K, used 145931K [0x00000000a0c00000, 0x00000000ae580000, 0x00000000e0400000)
  object space 222720K, 65% used [0x00000000a0c00000,0x00000000a9a82ec8,0x00000000ae580000)
 Metaspace       used 17726K, capacity 17929K, committed 18176K, reserved 1064960K
  class space    used 1705K, capacity 1761K, committed 1792K, reserved 1048576K
}
Event: 10.128 GC heap before
{Heap before GC invocations=21 (full 3):
 PSYoungGen      total 325632K, used 279293K [0x00000000e0400000, 0x00000000f8180000, 0x0000000100000000)
  eden space 272384K, 99% used [0x00000000e0400000,0x00000000f0bd27b0,0x00000000f0e00000)
  from space 53248K, 17% used [0x00000000f0e00000,0x00000000f16ed020,0x00000000f4200000)
  to   space 51200K, 0% used [0x00000000f4f80000,0x00000000f4f80000,0x00000000f8180000)
 ParOldGen       total 222720K, used 145931K [0x00000000a0c00000, 0x00000000ae580000, 0x00000000e0400000)
  object space 222720K, 65% used [0x00000000a0c00000,0x00000000a9a82ec8,0x00000000ae580000)
 Metaspace       used 17775K, capacity 17993K, committed 18176K, reserved 1064960K
  class space    used 1705K, capacity 1761K, committed 1792K, reserved 1048576K
Event: 10.132 GC heap after
Heap after GC invocations=21 (full 3):
 PSYoungGen      total 330240K, used 9204K [0x00000000e0400000, 0x00000000f7b00000, 0x0000000100000000)
  eden space 285696K, 0% used [0x00000000e0400000,0x00000000e0400000,0x00000000f1b00000)
  from space 44544K, 20% used [0x00000000f4f80000,0x00000000f587d020,0x00000000f7b00000)
  to   space 49152K, 0% used [0x00000000f1b00000,0x00000000f1b00000,0x00000000f4b00000)
 ParOldGen       total 222720K, used 145939K [0x00000000a0c00000, 0x00000000ae580000, 0x00000000e0400000)
  object space 222720K, 65% used [0x00000000a0c00000,0x00000000a9a84ec8,0x00000000ae580000)
 Metaspace       used 17775K, capacity 17993K, committed 18176K, reserved 1064960K
  class space    used 1705K, capacity 1761K, committed 1792K, reserved 1048576K
}

