# JRE version: Java(TM) SE Runtime Environment (8.0_25-b18) (build 1.8.0_25-b18)
# Java VM: Java HotSpot(TM) 64-Bit Server VM (25.25-b02 mixed mode windows-amd64 compressed oops)
Heap:
 PSYoungGen      total 370688K, used 305972K [0x00000000e0400000, 0x00000000f9e00000, 0x0000000100000000)
  eden space 329728K, 90% used [0x00000000e0400000,0x00000000f25d82c0,0x00000000f4600000)
  from space 40960K, 22% used [0x00000000f4600000,0x00000000f4ef5020,0x00000000f6e00000)
  to   space 39424K, 0% used [0x00000000f7780000,0x00000000f7780000,0x00000000f9e00000)
 ParOldGen       total 224256K, used 145947K [0x00000000a0c00000, 0x00000000ae700000, 0x00000000e0400000)
  object space 224256K, 65% used [0x00000000a0c00000,0x00000000a9a86c90,0x00000000ae700000)
 Metaspace       used 17904K, capacity 18089K, committed 18304K, reserved 1064960K
  class space    used 1736K, capacity 1793K, committed 1920K, reserved 1048576K
GC Heap History (10 events):
Event: 9.607 GC heap before
{Heap before GC invocations=22 (full 3):
 PSYoungGen      total 347648K, used 308564K [0x00000000e0400000, 0x00000000f8b00000, 0x0000000100000000)
  eden space 303104K, 98% used [0x00000000e0400000,0x00000000f28603d0,0x00000000f2c00000)
  from space 44544K, 20% used [0x00000000f5f80000,0x00000000f6875020,0x00000000f8b00000)
  to   space 48640K, 0% used [0x00000000f2c00000,0x00000000f2c00000,0x00000000f5b80000)
 ParOldGen       total 224256K, used 145939K [0x00000000a0c00000, 0x00000000ae700000, 0x00000000e0400000)
  object space 224256K, 65% used [0x00000000a0c00000,0x00000000a9a84c90,0x00000000ae700000)
 Metaspace       used 17766K, capacity 17961K, committed 18304K, reserved 1064960K
  class space    used 1723K, capacity 1793K, committed 1920K, reserved 1048576K
Event: 9.612 GC heap after
Heap after GC invocations=22 (full 3):
 PSYoungGen      total 351744K, used 9140K [0x00000000e0400000, 0x00000000f9580000, 0x0000000100000000)
  eden space 303104K, 0% used [0x00000000e0400000,0x00000000e0400000,0x00000000f2c00000)
  from space 48640K, 18% used [0x00000000f2c00000,0x00000000f34ed020,0x00000000f5b80000)
  to   space 46592K, 0% used [0x00000000f6800000,0x00000000f6800000,0x00000000f9580000)
 ParOldGen       total 224256K, used 145947K [0x00000000a0c00000, 0x00000000ae700000, 0x00000000e0400000)
  object space 224256K, 65% used [0x00000000a0c00000,0x00000000a9a86c90,0x00000000ae700000)
 Metaspace       used 17766K, capacity 17961K, committed 18304K, reserved 1064960K
  class space    used 1723K, capacity 1793K, committed 1920K, reserved 1048576K
}
Event: 10.077 GC heap before
{Heap before GC invocations=23 (full 3):
 PSYoungGen      total 351744K, used 311850K [0x00000000e0400000, 0x00000000f9580000, 0x0000000100000000)
  eden space 303104K, 99% used [0x00000000e0400000,0x00000000f2b9d8e8,0x00000000f2c00000)
  from space 48640K, 18% used [0x00000000f2c00000,0x00000000f34ed020,0x00000000f5b80000)
  to   space 46592K, 0% used [0x00000000f6800000,0x00000000f6800000,0x00000000f9580000)
 ParOldGen       total 224256K, used 145947K [0x00000000a0c00000, 0x00000000ae700000, 0x00000000e0400000)
  object space 224256K, 65% used [0x00000000a0c00000,0x00000000a9a86c90,0x00000000ae700000)
 Metaspace       used 17773K, capacity 18025K, committed 18304K, reserved 1064960K
  class space    used 1723K, capacity 1793K, committed 1920K, reserved 1048576K
Event: 10.084 GC heap after
Heap after GC invocations=23 (full 3):
 PSYoungGen      total 359424K, used 18024K [0x00000000e0400000, 0x00000000f9100000, 0x0000000100000000)
  eden space 317440K, 0% used [0x00000000e0400000,0x00000000e0400000,0x00000000f3a00000)
  from space 41984K, 42% used [0x00000000f6800000,0x00000000f799a040,0x00000000f9100000)
  to   space 44544K, 0% used [0x00000000f3a00000,0x00000000f3a00000,0x00000000f6580000)
 ParOldGen       total 224256K, used 145947K [0x00000000a0c00000, 0x00000000ae700000, 0x00000000e0400000)
  object space 224256K, 65% used [0x00000000a0c00000,0x00000000a9a86c90,0x00000000ae700000)
 Metaspace       used 17773K, capacity 18025K, committed 18304K, reserved 1064960K
  class space    used 1723K, capacity 1793K, committed 1920K, reserved 1048576K
}
Event: 10.584 GC heap before
{Heap before GC invocations=24 (full 3):
 PSYoungGen      total 359424K, used 334919K [0x00000000e0400000, 0x00000000f9100000, 0x0000000100000000)
  eden space 317440K, 99% used [0x00000000e0400000,0x00000000f3977ef0,0x00000000f3a00000)
  from space 41984K, 42% used [0x00000000f6800000,0x00000000f799a040,0x00000000f9100000)
  to   space 44544K, 0% used [0x00000000f3a00000,0x00000000f3a00000,0x00000000f6580000)
 ParOldGen       total 224256K, used 145947K [0x00000000a0c00000, 0x00000000ae700000, 0x00000000e0400000)
  object space 224256K, 65% used [0x00000000a0c00000,0x00000000a9a86c90,0x00000000ae700000)
 Metaspace       used 17789K, capacity 18025K, committed 18304K, reserved 1064960K
  class space    used 1723K, capacity 1793K, committed 1920K, reserved 1048576K
Event: 10.590 GC heap after
Heap after GC invocations=24 (full 3):
 PSYoungGen      total 361984K, used 18056K [0x00000000e0400000, 0x00000000f9a80000, 0x0000000100000000)
  eden space 317440K, 0% used [0x00000000e0400000,0x00000000e0400000,0x00000000f3a00000)
  from space 44544K, 40% used [0x00000000f3a00000,0x00000000f4ba2040,0x00000000f6580000)
  to   space 42496K, 0% used [0x00000000f7100000,0x00000000f7100000,0x00000000f9a80000)
 ParOldGen       total 224256K, used 145947K [0x00000000a0c00000, 0x00000000ae700000, 0x00000000e0400000)
  object space 224256K, 65% used [0x00000000a0c00000,0x00000000a9a86c90,0x00000000ae700000)
 Metaspace       used 17789K, capacity 18025K, committed 18304K, reserved 1064960K
  class space    used 1723K, capacity 1793K, committed 1920K, reserved 1048576K
}
Event: 11.092 GC heap before
{Heap before GC invocations=25 (full 3):
 PSYoungGen      total 361984K, used 335496K [0x00000000e0400000, 0x00000000f9a80000, 0x0000000100000000)
  eden space 317440K, 100% used [0x00000000e0400000,0x00000000f3a00000,0x00000000f3a00000)
  from space 44544K, 40% used [0x00000000f3a00000,0x00000000f4ba2040,0x00000000f6580000)
  to   space 42496K, 0% used [0x00000000f7100000,0x00000000f7100000,0x00000000f9a80000)
 ParOldGen       total 224256K, used 145947K [0x00000000a0c00000, 0x00000000ae700000, 0x00000000e0400000)
  object space 224256K, 65% used [0x00000000a0c00000,0x00000000a9a86c90,0x00000000ae700000)
 Metaspace       used 17791K, capacity 18025K, committed 18304K, reserved 1064960K
  class space    used 1723K, capacity 1793K, committed 1920K, reserved 1048576K
Event: 11.096 GC heap after
Heap after GC invocations=25 (full 3):
 PSYoungGen      total 367616K, used 9172K [0x00000000e0400000, 0x00000000f9600000, 0x0000000100000000)
  eden space 329728K, 0% used [0x00000000e0400000,0x00000000e0400000,0x00000000f4600000)
  from space 37888K, 24% used [0x00000000f7100000,0x00000000f79f5020,0x00000000f9600000)
  to   space 40960K, 0% used [0x00000000f4600000,0x00000000f4600000,0x00000000f6e00000)
 ParOldGen       total 224256K, used 145947K [0x00000000a0c00000, 0x00000000ae700000, 0x00000000e0400000)
  object space 224256K, 65% used [0x00000000a0c00000,0x00000000a9a86c90,0x00000000ae700000)
 Metaspace       used 17791K, capacity 18025K, committed 18304K, reserved 1064960K
  class space    used 1723K, capacity 1793K, committed 1920K, reserved 1048576K
}
Event: 11.624 GC heap before
{Heap before GC invocations=26 (full 3):
 PSYoungGen      total 367616K, used 338900K [0x00000000e0400000, 0x00000000f9600000, 0x0000000100000000)
  eden space 329728K, 100% used [0x00000000e0400000,0x00000000f4600000,0x00000000f4600000)
  from space 37888K, 24% used [0x00000000f7100000,0x00000000f79f5020,0x00000000f9600000)
  to   space 40960K, 0% used [0x00000000f4600000,0x00000000f4600000,0x00000000f6e00000)
 ParOldGen       total 224256K, used 145947K [0x00000000a0c00000, 0x00000000ae700000, 0x00000000e0400000)
  object space 224256K, 65% used [0x00000000a0c00000,0x00000000a9a86c90,0x00000000ae700000)
 Metaspace       used 17800K, capacity 18025K, committed 18304K, reserved 1064960K
  class space    used 1723K, capacity 1793K, committed 1920K, reserved 1048576K
Event: 11.627 GC heap after
Heap after GC invocations=26 (full 3):
 PSYoungGen      total 370688K, used 9172K [0x00000000e0400000, 0x00000000f9e00000, 0x0000000100000000)
  eden space 329728K, 0% used [0x00000000e0400000,0x00000000e0400000,0x00000000f4600000)
  from space 40960K, 22% used [0x00000000f4600000,0x00000000f4ef5020,0x00000000f6e00000)
  to   space 39424K, 0% used [0x00000000f7780000,0x00000000f7780000,0x00000000f9e00000)
 ParOldGen       total 224256K, used 145947K [0x00000000a0c00000, 0x00000000ae700000, 0x00000000e0400000)
  object space 224256K, 65% used [0x00000000a0c00000,0x00000000a9a86c90,0x00000000ae700000)
 Metaspace       used 17800K, capacity 18025K, committed 18304K, reserved 1064960K
  class space    used 1723K, capacity 1793K, committed 1920K, reserved 1048576K
}

