# JRE version: Java(TM) SE Runtime Environment (8.0_25-b18) (build 1.8.0_25-b18)
# Java VM: Java HotSpot(TM) 64-Bit Server VM (25.25-b02 mixed mode windows-amd64 compressed oops)
Heap:
 PSYoungGen      total 436736K, used 211818K [0x00000000e0400000, 0x00000000fb000000, 0x0000000100000000)
  eden space 436224K, 48% used [0x00000000e0400000,0x00000000ed2aaab8,0x00000000fae00000)
  from space 512K, 37% used [0x00000000faf80000,0x00000000fafb0000,0x00000000fb000000)
  to   space 1024K, 0% used [0x00000000fae00000,0x00000000fae00000,0x00000000faf00000)
 ParOldGen       total 225792K, used 188809K [0x00000000a0c00000, 0x00000000ae880000, 0x00000000e0400000)
  object space 225792K, 83% used [0x00000000a0c00000,0x00000000ac4624e8,0x00000000ae880000)
 Metaspace       used 18535K, capacity 18729K, committed 19072K, reserved 1067008K
  class space    used 1751K, capacity 1793K, committed 1920K, reserved 1048576K
GC Heap History (10 events):
Event: 61.134 GC heap before
{Heap before GC invocations=101 (full 3):
 PSYoungGen      total 431616K, used 422852K [0x00000000e0400000, 0x00000000fab80000, 0x0000000100000000)
  eden space 430080K, 98% used [0x00000000e0400000,0x00000000fa0d90e0,0x00000000fa800000)
  from space 1536K, 6% used [0x00000000fa800000,0x00000000fa818000,0x00000000fa980000)
  to   space 1024K, 0% used [0x00000000faa80000,0x00000000faa80000,0x00000000fab80000)
 ParOldGen       total 225792K, used 172577K [0x00000000a0c00000, 0x00000000ae880000, 0x00000000e0400000)
  object space 225792K, 76% used [0x00000000a0c00000,0x00000000ab4884c8,0x00000000ae880000)
 Metaspace       used 18482K, capacity 18729K, committed 19072K, reserved 1067008K
  class space    used 1737K, capacity 1793K, committed 1920K, reserved 1048576K
Event: 61.136 GC heap after
Heap after GC invocations=101 (full 3):
 PSYoungGen      total 432640K, used 160K [0x00000000e0400000, 0x00000000fab80000, 0x0000000100000000)
  eden space 431616K, 0% used [0x00000000e0400000,0x00000000e0400000,0x00000000fa980000)
  from space 1024K, 15% used [0x00000000faa80000,0x00000000faaa8000,0x00000000fab80000)
  to   space 1024K, 0% used [0x00000000fa980000,0x00000000fa980000,0x00000000faa80000)
 ParOldGen       total 225792K, used 172577K [0x00000000a0c00000, 0x00000000ae880000, 0x00000000e0400000)
  object space 225792K, 76% used [0x00000000a0c00000,0x00000000ab4884c8,0x00000000ae880000)
 Metaspace       used 18482K, capacity 18729K, committed 19072K, reserved 1067008K
  class space    used 1737K, capacity 1793K, committed 1920K, reserved 1048576K
}
Event: 61.806 GC heap before
{Heap before GC invocations=102 (full 3):
 PSYoungGen      total 432640K, used 431637K [0x00000000e0400000, 0x00000000fab80000, 0x0000000100000000)
  eden space 431616K, 99% used [0x00000000e0400000,0x00000000fa95d6c8,0x00000000fa980000)
  from space 1024K, 15% used [0x00000000faa80000,0x00000000faaa8000,0x00000000fab80000)
  to   space 1024K, 0% used [0x00000000fa980000,0x00000000fa980000,0x00000000faa80000)
 ParOldGen       total 225792K, used 172577K [0x00000000a0c00000, 0x00000000ae880000, 0x00000000e0400000)
  object space 225792K, 76% used [0x00000000a0c00000,0x00000000ab4884c8,0x00000000ae880000)
 Metaspace       used 18482K, capacity 18729K, committed 19072K, reserved 1067008K
  class space    used 1737K, capacity 1793K, committed 1920K, reserved 1048576K
Event: 61.810 GC heap after
Heap after GC invocations=102 (full 3):
 PSYoungGen      total 432640K, used 944K [0x00000000e0400000, 0x00000000faf00000, 0x0000000100000000)
  eden space 431616K, 0% used [0x00000000e0400000,0x00000000e0400000,0x00000000fa980000)
  from space 1024K, 92% used [0x00000000fa980000,0x00000000faa6c010,0x00000000faa80000)
  to   space 1536K, 0% used [0x00000000fad80000,0x00000000fad80000,0x00000000faf00000)
 ParOldGen       total 225792K, used 180693K [0x00000000a0c00000, 0x00000000ae880000, 0x00000000e0400000)
  object space 225792K, 80% used [0x00000000a0c00000,0x00000000abc754d8,0x00000000ae880000)
 Metaspace       used 18482K, capacity 18729K, committed 19072K, reserved 1067008K
  class space    used 1737K, capacity 1793K, committed 1920K, reserved 1048576K
}
Event: 62.491 GC heap before
{Heap before GC invocations=103 (full 3):
 PSYoungGen      total 432640K, used 432560K [0x00000000e0400000, 0x00000000faf00000, 0x0000000100000000)
  eden space 431616K, 100% used [0x00000000e0400000,0x00000000fa980000,0x00000000fa980000)
  from space 1024K, 92% used [0x00000000fa980000,0x00000000faa6c010,0x00000000faa80000)
  to   space 1536K, 0% used [0x00000000fad80000,0x00000000fad80000,0x00000000faf00000)
 ParOldGen       total 225792K, used 180693K [0x00000000a0c00000, 0x00000000ae880000, 0x00000000e0400000)
  object space 225792K, 80% used [0x00000000a0c00000,0x00000000abc754d8,0x00000000ae880000)
 Metaspace       used 18482K, capacity 18729K, committed 19072K, reserved 1067008K
  class space    used 1737K, capacity 1793K, committed 1920K, reserved 1048576K
Event: 62.493 GC heap after
Heap after GC invocations=103 (full 3):
 PSYoungGen      total 434688K, used 96K [0x00000000e0400000, 0x00000000fae80000, 0x0000000100000000)
  eden space 433664K, 0% used [0x00000000e0400000,0x00000000e0400000,0x00000000fab80000)
  from space 1024K, 9% used [0x00000000fad80000,0x00000000fad98000,0x00000000fae80000)
  to   space 1536K, 0% used [0x00000000fab80000,0x00000000fab80000,0x00000000fad00000)
 ParOldGen       total 225792K, used 180709K [0x00000000a0c00000, 0x00000000ae880000, 0x00000000e0400000)
  object space 225792K, 80% used [0x00000000a0c00000,0x00000000abc794d8,0x00000000ae880000)
 Metaspace       used 18482K, capacity 18729K, committed 19072K, reserved 1067008K
  class space    used 1737K, capacity 1793K, committed 1920K, reserved 1048576K
}
Event: 63.171 GC heap before
{Heap before GC invocations=104 (full 3):
 PSYoungGen      total 434688K, used 433167K [0x00000000e0400000, 0x00000000fae80000, 0x0000000100000000)
  eden space 433664K, 99% used [0x00000000e0400000,0x00000000faaebfb0,0x00000000fab80000)
  from space 1024K, 9% used [0x00000000fad80000,0x00000000fad98000,0x00000000fae80000)
  to   space 1536K, 0% used [0x00000000fab80000,0x00000000fab80000,0x00000000fad00000)
 ParOldGen       total 225792K, used 180709K [0x00000000a0c00000, 0x00000000ae880000, 0x00000000e0400000)
  object space 225792K, 80% used [0x00000000a0c00000,0x00000000abc794d8,0x00000000ae880000)
 Metaspace       used 18482K, capacity 18729K, committed 19072K, reserved 1067008K
  class space    used 1737K, capacity 1793K, committed 1920K, reserved 1048576K
Event: 63.175 GC heap after
Heap after GC invocations=104 (full 3):
 PSYoungGen      total 435200K, used 96K [0x00000000e0400000, 0x00000000fb080000, 0x0000000100000000)
  eden space 433664K, 0% used [0x00000000e0400000,0x00000000e0400000,0x00000000fab80000)
  from space 1536K, 6% used [0x00000000fab80000,0x00000000fab98000,0x00000000fad00000)
  to   space 1024K, 0% used [0x00000000faf80000,0x00000000faf80000,0x00000000fb080000)
 ParOldGen       total 225792K, used 188809K [0x00000000a0c00000, 0x00000000ae880000, 0x00000000e0400000)
  object space 225792K, 83% used [0x00000000a0c00000,0x00000000ac4624e8,0x00000000ae880000)
 Metaspace       used 18482K, capacity 18729K, committed 19072K, reserved 1067008K
  class space    used 1737K, capacity 1793K, committed 1920K, reserved 1048576K
}
Event: 63.859 GC heap before
{Heap before GC invocations=105 (full 3):
 PSYoungGen      total 435200K, used 433760K [0x00000000e0400000, 0x00000000fb080000, 0x0000000100000000)
  eden space 433664K, 100% used [0x00000000e0400000,0x00000000fab80000,0x00000000fab80000)
  from space 1536K, 6% used [0x00000000fab80000,0x00000000fab98000,0x00000000fad00000)
  to   space 1024K, 0% used [0x00000000faf80000,0x00000000faf80000,0x00000000fb080000)
 ParOldGen       total 225792K, used 188809K [0x00000000a0c00000, 0x00000000ae880000, 0x00000000e0400000)
  object space 225792K, 83% used [0x00000000a0c00000,0x00000000ac4624e8,0x00000000ae880000)
 Metaspace       used 18482K, capacity 18729K, committed 19072K, reserved 1067008K
  class space    used 1737K, capacity 1793K, committed 1920K, reserved 1048576K
Event: 63.860 GC heap after
Heap after GC invocations=105 (full 3):
 PSYoungGen      total 436736K, used 192K [0x00000000e0400000, 0x00000000fb000000, 0x0000000100000000)
  eden space 436224K, 0% used [0x00000000e0400000,0x00000000e0400000,0x00000000fae00000)
  from space 512K, 37% used [0x00000000faf80000,0x00000000fafb0000,0x00000000fb000000)
  to   space 1024K, 0% used [0x00000000fae00000,0x00000000fae00000,0x00000000faf00000)
 ParOldGen       total 225792K, used 188809K [0x00000000a0c00000, 0x00000000ae880000, 0x00000000e0400000)
  object space 225792K, 83% used [0x00000000a0c00000,0x00000000ac4624e8,0x00000000ae880000)
 Metaspace       used 18482K, capacity 18729K, committed 19072K, reserved 1067008K
  class space    used 1737K, capacity 1793K, committed 1920K, reserved 1048576K
}

