# JRE version: Java(TM) SE Runtime Environment (8.0_25-b18) (build 1.8.0_25-b18)
# Java VM: Java HotSpot(TM) 64-Bit Server VM (25.25-b02 mixed mode windows-amd64 compressed oops)
Heap:
 PSYoungGen      total 293888K, used 135949K [0x00000000e0400000, 0x00000000f2900000, 0x0000000100000000)
  eden space 288768K, 47% used [0x00000000e0400000,0x00000000e88ab5b0,0x00000000f1e00000)
  from space 5120K, 1% used [0x00000000f2400000,0x00000000f2418000,0x00000000f2900000)
  to   space 5632K, 0% used [0x00000000f1e00000,0x00000000f1e00000,0x00000000f2380000)
 ParOldGen       total 229376K, used 155783K [0x00000000a0c00000, 0x00000000aec00000, 0x00000000e0400000)
  object space 229376K, 67% used [0x00000000a0c00000,0x00000000aa421cc0,0x00000000aec00000)
 Metaspace       used 18012K, capacity 18185K, committed 18432K, reserved 1067008K
  class space    used 1719K, capacity 1761K, committed 1792K, reserved 1048576K
GC Heap History (10 events):
Event: 39.126 GC heap before
{Heap before GC invocations=57 (full 3):
 PSYoungGen      total 287744K, used 284070K [0x00000000e0400000, 0x00000000f2d00000, 0x0000000100000000)
  eden space 287232K, 98% used [0x00000000e0400000,0x00000000f1951970,0x00000000f1c80000)
  from space 512K, 18% used [0x00000000f1c80000,0x00000000f1c98000,0x00000000f1d00000)
  to   space 8192K, 0% used [0x00000000f2500000,0x00000000f2500000,0x00000000f2d00000)
 ParOldGen       total 229376K, used 155751K [0x00000000a0c00000, 0x00000000aec00000, 0x00000000e0400000)
  object space 229376K, 67% used [0x00000000a0c00000,0x00000000aa419cc0,0x00000000aec00000)
 Metaspace       used 17977K, capacity 18185K, committed 18432K, reserved 1067008K
  class space    used 1707K, capacity 1761K, committed 1792K, reserved 1048576K
Event: 39.127 GC heap after
Heap after GC invocations=57 (full 3):
 PSYoungGen      total 294912K, used 192K [0x00000000e0400000, 0x00000000f2c00000, 0x0000000100000000)
  eden space 287744K, 0% used [0x00000000e0400000,0x00000000e0400000,0x00000000f1d00000)
  from space 7168K, 2% used [0x00000000f2500000,0x00000000f2530000,0x00000000f2c00000)
  to   space 7680K, 0% used [0x00000000f1d00000,0x00000000f1d00000,0x00000000f2480000)
 ParOldGen       total 229376K, used 155783K [0x00000000a0c00000, 0x00000000aec00000, 0x00000000e0400000)
  object space 229376K, 67% used [0x00000000a0c00000,0x00000000aa421cc0,0x00000000aec00000)
 Metaspace       used 17977K, capacity 18185K, committed 18432K, reserved 1067008K
  class space    used 1707K, capacity 1761K, committed 1792K, reserved 1048576K
}
Event: 40.792 GC heap before
{Heap before GC invocations=58 (full 3):
 PSYoungGen      total 294912K, used 281275K [0x00000000e0400000, 0x00000000f2c00000, 0x0000000100000000)
  eden space 287744K, 97% used [0x00000000e0400000,0x00000000f167ec48,0x00000000f1d00000)
  from space 7168K, 2% used [0x00000000f2500000,0x00000000f2530000,0x00000000f2c00000)
  to   space 7680K, 0% used [0x00000000f1d00000,0x00000000f1d00000,0x00000000f2480000)
 ParOldGen       total 229376K, used 155783K [0x00000000a0c00000, 0x00000000aec00000, 0x00000000e0400000)
  object space 229376K, 67% used [0x00000000a0c00000,0x00000000aa421cc0,0x00000000aec00000)
 Metaspace       used 17977K, capacity 18185K, committed 18432K, reserved 1067008K
  class space    used 1707K, capacity 1761K, committed 1792K, reserved 1048576K
Event: 40.793 GC heap after
Heap after GC invocations=58 (full 3):
 PSYoungGen      total 295424K, used 160K [0x00000000e0400000, 0x00000000f2b80000, 0x0000000100000000)
  eden space 287744K, 0% used [0x00000000e0400000,0x00000000e0400000,0x00000000f1d00000)
  from space 7680K, 2% used [0x00000000f1d00000,0x00000000f1d28000,0x00000000f2480000)
  to   space 7168K, 0% used [0x00000000f2480000,0x00000000f2480000,0x00000000f2b80000)
 ParOldGen       total 229376K, used 155783K [0x00000000a0c00000, 0x00000000aec00000, 0x00000000e0400000)
  object space 229376K, 67% used [0x00000000a0c00000,0x00000000aa421cc0,0x00000000aec00000)
 Metaspace       used 17977K, capacity 18185K, committed 18432K, reserved 1067008K
  class space    used 1707K, capacity 1761K, committed 1792K, reserved 1048576K
}
Event: 42.461 GC heap before
{Heap before GC invocations=59 (full 3):
 PSYoungGen      total 295424K, used 281629K [0x00000000e0400000, 0x00000000f2b80000, 0x0000000100000000)
  eden space 287744K, 97% used [0x00000000e0400000,0x00000000f16df500,0x00000000f1d00000)
  from space 7680K, 2% used [0x00000000f1d00000,0x00000000f1d28000,0x00000000f2480000)
  to   space 7168K, 0% used [0x00000000f2480000,0x00000000f2480000,0x00000000f2b80000)
 ParOldGen       total 229376K, used 155783K [0x00000000a0c00000, 0x00000000aec00000, 0x00000000e0400000)
  object space 229376K, 67% used [0x00000000a0c00000,0x00000000aa421cc0,0x00000000aec00000)
 Metaspace       used 17977K, capacity 18185K, committed 18432K, reserved 1067008K
  class space    used 1707K, capacity 1761K, committed 1792K, reserved 1048576K
Event: 42.463 GC heap after
Heap after GC invocations=59 (full 3):
 PSYoungGen      total 294400K, used 128K [0x00000000e0400000, 0x00000000f2a80000, 0x0000000100000000)
  eden space 288256K, 0% used [0x00000000e0400000,0x00000000e0400000,0x00000000f1d80000)
  from space 6144K, 2% used [0x00000000f2480000,0x00000000f24a0000,0x00000000f2a80000)
  to   space 6656K, 0% used [0x00000000f1d80000,0x00000000f1d80000,0x00000000f2400000)
 ParOldGen       total 229376K, used 155783K [0x00000000a0c00000, 0x00000000aec00000, 0x00000000e0400000)
  object space 229376K, 67% used [0x00000000a0c00000,0x00000000aa421cc0,0x00000000aec00000)
 Metaspace       used 17977K, capacity 18185K, committed 18432K, reserved 1067008K
  class space    used 1707K, capacity 1761K, committed 1792K, reserved 1048576K
}
Event: 44.125 GC heap before
{Heap before GC invocations=60 (full 3):
 PSYoungGen      total 294400K, used 285223K [0x00000000e0400000, 0x00000000f2a80000, 0x0000000100000000)
  eden space 288256K, 98% used [0x00000000e0400000,0x00000000f1a69ec0,0x00000000f1d80000)
  from space 6144K, 2% used [0x00000000f2480000,0x00000000f24a0000,0x00000000f2a80000)
  to   space 6656K, 0% used [0x00000000f1d80000,0x00000000f1d80000,0x00000000f2400000)
 ParOldGen       total 229376K, used 155783K [0x00000000a0c00000, 0x00000000aec00000, 0x00000000e0400000)
  object space 229376K, 67% used [0x00000000a0c00000,0x00000000aa421cc0,0x00000000aec00000)
 Metaspace       used 17977K, capacity 18185K, committed 18432K, reserved 1067008K
  class space    used 1707K, capacity 1761K, committed 1792K, reserved 1048576K
Event: 44.126 GC heap after
Heap after GC invocations=60 (full 3):
 PSYoungGen      total 294912K, used 160K [0x00000000e0400000, 0x00000000f2a00000, 0x0000000100000000)
  eden space 288256K, 0% used [0x00000000e0400000,0x00000000e0400000,0x00000000f1d80000)
  from space 6656K, 2% used [0x00000000f1d80000,0x00000000f1da8000,0x00000000f2400000)
  to   space 6144K, 0% used [0x00000000f2400000,0x00000000f2400000,0x00000000f2a00000)
 ParOldGen       total 229376K, used 155783K [0x00000000a0c00000, 0x00000000aec00000, 0x00000000e0400000)
  object space 229376K, 67% used [0x00000000a0c00000,0x00000000aa421cc0,0x00000000aec00000)
 Metaspace       used 17977K, capacity 18185K, committed 18432K, reserved 1067008K
  class space    used 1707K, capacity 1761K, committed 1792K, reserved 1048576K
}
Event: 45.791 GC heap before
{Heap before GC invocations=61 (full 3):
 PSYoungGen      total 294912K, used 281609K [0x00000000e0400000, 0x00000000f2a00000, 0x0000000100000000)
  eden space 288256K, 97% used [0x00000000e0400000,0x00000000f16da478,0x00000000f1d80000)
  from space 6656K, 2% used [0x00000000f1d80000,0x00000000f1da8000,0x00000000f2400000)
  to   space 6144K, 0% used [0x00000000f2400000,0x00000000f2400000,0x00000000f2a00000)
 ParOldGen       total 229376K, used 155783K [0x00000000a0c00000, 0x00000000aec00000, 0x00000000e0400000)
  object space 229376K, 67% used [0x00000000a0c00000,0x00000000aa421cc0,0x00000000aec00000)
 Metaspace       used 17977K, capacity 18185K, committed 18432K, reserved 1067008K
  class space    used 1707K, capacity 1761K, committed 1792K, reserved 1048576K
Event: 45.792 GC heap after
Heap after GC invocations=61 (full 3):
 PSYoungGen      total 293888K, used 96K [0x00000000e0400000, 0x00000000f2900000, 0x0000000100000000)
  eden space 288768K, 0% used [0x00000000e0400000,0x00000000e0400000,0x00000000f1e00000)
  from space 5120K, 1% used [0x00000000f2400000,0x00000000f2418000,0x00000000f2900000)
  to   space 5632K, 0% used [0x00000000f1e00000,0x00000000f1e00000,0x00000000f2380000)
 ParOldGen       total 229376K, used 155783K [0x00000000a0c00000, 0x00000000aec00000, 0x00000000e0400000)
  object space 229376K, 67% used [0x00000000a0c00000,0x00000000aa421cc0,0x00000000aec00000)
 Metaspace       used 17977K, capacity 18185K, committed 18432K, reserved 1067008K
  class space    used 1707K, capacity 1761K, committed 1792K, reserved 1048576K
}

