# JRE version: Java(TM) SE Runtime Environment (8.0_25-b18) (build 1.8.0_25-b18)
# Java VM: Java HotSpot(TM) 64-Bit Server VM (25.25-b02 mixed mode windows-amd64 compressed oops)
Heap:
 PSYoungGen      total 354816K, used 183375K [0x00000000e0400000, 0x00000000f8a80000, 0x0000000100000000)
  eden space 309248K, 59% used [0x00000000e0400000,0x00000000eb673e40,0x00000000f3200000)
  from space 45568K, 1% used [0x00000000f3200000,0x00000000f32a0000,0x00000000f5e80000)
  to   space 43008K, 0% used [0x00000000f6080000,0x00000000f6080000,0x00000000f8a80000)
 ParOldGen       total 223232K, used 154899K [0x00000000a0c00000, 0x00000000ae600000, 0x00000000e0400000)
  object space 223232K, 69% used [0x00000000a0c00000,0x00000000aa344c48,0x00000000ae600000)
 Metaspace       used 18504K, capacity 18665K, committed 18816K, reserved 1067008K
  class space    used 1763K, capacity 1793K, committed 1920K, reserved 1048576K
GC Heap History (10 events):
Event: 11.534 GC heap before
{Heap before GC invocations=22 (full 3):
 PSYoungGen      total 344064K, used 288218K [0x00000000e0400000, 0x00000000f8f00000, 0x0000000100000000)
  eden space 294912K, 97% used [0x00000000e0400000,0x00000000f1cd6a58,0x00000000f2400000)
  from space 49152K, 1% used [0x00000000f5f00000,0x00000000f5fa0000,0x00000000f8f00000)
  to   space 54784K, 0% used [0x00000000f2400000,0x00000000f2400000,0x00000000f5980000)
 ParOldGen       total 223232K, used 154891K [0x00000000a0c00000, 0x00000000ae600000, 0x00000000e0400000)
  object space 223232K, 69% used [0x00000000a0c00000,0x00000000aa342c48,0x00000000ae600000)
 Metaspace       used 18419K, capacity 18601K, committed 18816K, reserved 1067008K
  class space    used 1761K, capacity 1793K, committed 1920K, reserved 1048576K
Event: 11.536 GC heap after
Heap after GC invocations=22 (full 3):
 PSYoungGen      total 349696K, used 704K [0x00000000e0400000, 0x00000000f9480000, 0x0000000100000000)
  eden space 294912K, 0% used [0x00000000e0400000,0x00000000e0400000,0x00000000f2400000)
  from space 54784K, 1% used [0x00000000f2400000,0x00000000f24b0000,0x00000000f5980000)
  to   space 52224K, 0% used [0x00000000f6180000,0x00000000f6180000,0x00000000f9480000)
 ParOldGen       total 223232K, used 154899K [0x00000000a0c00000, 0x00000000ae600000, 0x00000000e0400000)
  object space 223232K, 69% used [0x00000000a0c00000,0x00000000aa344c48,0x00000000ae600000)
 Metaspace       used 18419K, capacity 18601K, committed 18816K, reserved 1067008K
  class space    used 1761K, capacity 1793K, committed 1920K, reserved 1048576K
}
Event: 12.603 GC heap before
{Heap before GC invocations=23 (full 3):
 PSYoungGen      total 349696K, used 288136K [0x00000000e0400000, 0x00000000f9480000, 0x0000000100000000)
  eden space 294912K, 97% used [0x00000000e0400000,0x00000000f1cb2170,0x00000000f2400000)
  from space 54784K, 1% used [0x00000000f2400000,0x00000000f24b0000,0x00000000f5980000)
  to   space 52224K, 0% used [0x00000000f6180000,0x00000000f6180000,0x00000000f9480000)
 ParOldGen       total 223232K, used 154899K [0x00000000a0c00000, 0x00000000ae600000, 0x00000000e0400000)
  object space 223232K, 69% used [0x00000000a0c00000,0x00000000aa344c48,0x00000000ae600000)
 Metaspace       used 18419K, capacity 18601K, committed 18816K, reserved 1067008K
  class space    used 1761K, capacity 1793K, committed 1920K, reserved 1048576K
Event: 12.604 GC heap after
Heap after GC invocations=23 (full 3):
 PSYoungGen      total 349696K, used 704K [0x00000000e0400000, 0x00000000f8e80000, 0x0000000100000000)
  eden space 303616K, 0% used [0x00000000e0400000,0x00000000e0400000,0x00000000f2c80000)
  from space 46080K, 1% used [0x00000000f6180000,0x00000000f6230000,0x00000000f8e80000)
  to   space 50176K, 0% used [0x00000000f2c80000,0x00000000f2c80000,0x00000000f5d80000)
 ParOldGen       total 223232K, used 154899K [0x00000000a0c00000, 0x00000000ae600000, 0x00000000e0400000)
  object space 223232K, 69% used [0x00000000a0c00000,0x00000000aa344c48,0x00000000ae600000)
 Metaspace       used 18419K, capacity 18601K, committed 18816K, reserved 1067008K
  class space    used 1761K, capacity 1793K, committed 1920K, reserved 1048576K
}
Event: 13.701 GC heap before
{Heap before GC invocations=24 (full 3):
 PSYoungGen      total 349696K, used 299305K [0x00000000e0400000, 0x00000000f8e80000, 0x0000000100000000)
  eden space 303616K, 98% used [0x00000000e0400000,0x00000000f279a518,0x00000000f2c80000)
  from space 46080K, 1% used [0x00000000f6180000,0x00000000f6230000,0x00000000f8e80000)
  to   space 50176K, 0% used [0x00000000f2c80000,0x00000000f2c80000,0x00000000f5d80000)
 ParOldGen       total 223232K, used 154899K [0x00000000a0c00000, 0x00000000ae600000, 0x00000000e0400000)
  object space 223232K, 69% used [0x00000000a0c00000,0x00000000aa344c48,0x00000000ae600000)
 Metaspace       used 18467K, capacity 18665K, committed 18816K, reserved 1067008K
  class space    used 1761K, capacity 1793K, committed 1920K, reserved 1048576K
Event: 13.702 GC heap after
Heap after GC invocations=24 (full 3):
 PSYoungGen      total 353792K, used 640K [0x00000000e0400000, 0x00000000f9080000, 0x0000000100000000)
  eden space 303616K, 0% used [0x00000000e0400000,0x00000000e0400000,0x00000000f2c80000)
  from space 50176K, 1% used [0x00000000f2c80000,0x00000000f2d20000,0x00000000f5d80000)
  to   space 47616K, 0% used [0x00000000f6200000,0x00000000f6200000,0x00000000f9080000)
 ParOldGen       total 223232K, used 154899K [0x00000000a0c00000, 0x00000000ae600000, 0x00000000e0400000)
  object space 223232K, 69% used [0x00000000a0c00000,0x00000000aa344c48,0x00000000ae600000)
 Metaspace       used 18467K, capacity 18665K, committed 18816K, reserved 1067008K
  class space    used 1761K, capacity 1793K, committed 1920K, reserved 1048576K
}
Event: 14.802 GC heap before
{Heap before GC invocations=25 (full 3):
 PSYoungGen      total 353792K, used 297176K [0x00000000e0400000, 0x00000000f9080000, 0x0000000100000000)
  eden space 303616K, 97% used [0x00000000e0400000,0x00000000f25960d8,0x00000000f2c80000)
  from space 50176K, 1% used [0x00000000f2c80000,0x00000000f2d20000,0x00000000f5d80000)
  to   space 47616K, 0% used [0x00000000f6200000,0x00000000f6200000,0x00000000f9080000)
 ParOldGen       total 223232K, used 154899K [0x00000000a0c00000, 0x00000000ae600000, 0x00000000e0400000)
  object space 223232K, 69% used [0x00000000a0c00000,0x00000000aa344c48,0x00000000ae600000)
 Metaspace       used 18467K, capacity 18665K, committed 18816K, reserved 1067008K
  class space    used 1761K, capacity 1793K, committed 1920K, reserved 1048576K
Event: 14.803 GC heap after
Heap after GC invocations=25 (full 3):
 PSYoungGen      total 351232K, used 672K [0x00000000e0400000, 0x00000000f8b00000, 0x0000000100000000)
  eden space 309248K, 0% used [0x00000000e0400000,0x00000000e0400000,0x00000000f3200000)
  from space 41984K, 1% used [0x00000000f6200000,0x00000000f62a8000,0x00000000f8b00000)
  to   space 45568K, 0% used [0x00000000f3200000,0x00000000f3200000,0x00000000f5e80000)
 ParOldGen       total 223232K, used 154899K [0x00000000a0c00000, 0x00000000ae600000, 0x00000000e0400000)
  object space 223232K, 69% used [0x00000000a0c00000,0x00000000aa344c48,0x00000000ae600000)
 Metaspace       used 18467K, capacity 18665K, committed 18816K, reserved 1067008K
  class space    used 1761K, capacity 1793K, committed 1920K, reserved 1048576K
}
Event: 15.935 GC heap before
{Heap before GC invocations=26 (full 3):
 PSYoungGen      total 351232K, used 308367K [0x00000000e0400000, 0x00000000f8b00000, 0x0000000100000000)
  eden space 309248K, 99% used [0x00000000e0400000,0x00000000f307bd18,0x00000000f3200000)
  from space 41984K, 1% used [0x00000000f6200000,0x00000000f62a8000,0x00000000f8b00000)
  to   space 45568K, 0% used [0x00000000f3200000,0x00000000f3200000,0x00000000f5e80000)
 ParOldGen       total 223232K, used 154899K [0x00000000a0c00000, 0x00000000ae600000, 0x00000000e0400000)
  object space 223232K, 69% used [0x00000000a0c00000,0x00000000aa344c48,0x00000000ae600000)
 Metaspace       used 18485K, capacity 18665K, committed 18816K, reserved 1067008K
  class space    used 1761K, capacity 1793K, committed 1920K, reserved 1048576K
Event: 15.936 GC heap after
Heap after GC invocations=26 (full 3):
 PSYoungGen      total 354816K, used 640K [0x00000000e0400000, 0x00000000f8a80000, 0x0000000100000000)
  eden space 309248K, 0% used [0x00000000e0400000,0x00000000e0400000,0x00000000f3200000)
  from space 45568K, 1% used [0x00000000f3200000,0x00000000f32a0000,0x00000000f5e80000)
  to   space 43008K, 0% used [0x00000000f6080000,0x00000000f6080000,0x00000000f8a80000)
 ParOldGen       total 223232K, used 154899K [0x00000000a0c00000, 0x00000000ae600000, 0x00000000e0400000)
  object space 223232K, 69% used [0x00000000a0c00000,0x00000000aa344c48,0x00000000ae600000)
 Metaspace       used 18485K, capacity 18665K, committed 18816K, reserved 1067008K
  class space    used 1761K, capacity 1793K, committed 1920K, reserved 1048576K
}

