# JRE version: Java(TM) SE Runtime Environment (8.0_25-b18) (build 1.8.0_25-b18)
# Java VM: Java HotSpot(TM) 64-Bit Server VM (25.25-b02 mixed mode windows-amd64 compressed oops)
Heap:
 PSYoungGen      total 360448K, used 276329K [0x00000000e0400000, 0x00000000f7800000, 0x0000000100000000)
  eden space 345088K, 77% used [0x00000000e0400000,0x00000000f09c17b0,0x00000000f5500000)
  from space 15360K, 53% used [0x00000000f5500000,0x00000000f5d19010,0x00000000f6400000)
  to   space 16384K, 0% used [0x00000000f6800000,0x00000000f6800000,0x00000000f7800000)
 ParOldGen       total 224768K, used 155402K [0x00000000a0c00000, 0x00000000ae780000, 0x00000000e0400000)
  object space 224768K, 69% used [0x00000000a0c00000,0x00000000aa3c29f0,0x00000000ae780000)
 Metaspace       used 18107K, capacity 18313K, committed 18432K, reserved 1067008K
  class space    used 1718K, capacity 1761K, committed 1792K, reserved 1048576K
GC Heap History (10 events):
Event: 23.842 GC heap before
{Heap before GC invocations=42 (full 3):
 PSYoungGen      total 358400K, used 347956K [0x00000000e0400000, 0x00000000f7680000, 0x0000000100000000)
  eden space 339456K, 100% used [0x00000000e0400000,0x00000000f4f80000,0x00000000f4f80000)
  from space 18944K, 44% used [0x00000000f6280000,0x00000000f6acd040,0x00000000f7500000)
  to   space 19456K, 0% used [0x00000000f4f80000,0x00000000f4f80000,0x00000000f6280000)
 ParOldGen       total 224768K, used 155114K [0x00000000a0c00000, 0x00000000ae780000, 0x00000000e0400000)
  object space 224768K, 69% used [0x00000000a0c00000,0x00000000aa37a940,0x00000000ae780000)
 Metaspace       used 18023K, capacity 18249K, committed 18432K, reserved 1067008K
  class space    used 1706K, capacity 1761K, committed 1792K, reserved 1048576K
Event: 23.843 GC heap after
Heap after GC invocations=42 (full 3):
 PSYoungGen      total 358912K, used 256K [0x00000000e0400000, 0x00000000f7700000, 0x0000000100000000)
  eden space 339456K, 0% used [0x00000000e0400000,0x00000000e0400000,0x00000000f4f80000)
  from space 19456K, 1% used [0x00000000f4f80000,0x00000000f4fc0000,0x00000000f6280000)
  to   space 18432K, 0% used [0x00000000f6500000,0x00000000f6500000,0x00000000f7700000)
 ParOldGen       total 224768K, used 155370K [0x00000000a0c00000, 0x00000000ae780000, 0x00000000e0400000)
  object space 224768K, 69% used [0x00000000a0c00000,0x00000000aa3ba9f0,0x00000000ae780000)
 Metaspace       used 18023K, capacity 18249K, committed 18432K, reserved 1067008K
  class space    used 1706K, capacity 1761K, committed 1792K, reserved 1048576K
}
Event: 24.342 GC heap before
{Heap before GC invocations=43 (full 3):
 PSYoungGen      total 358912K, used 339712K [0x00000000e0400000, 0x00000000f7700000, 0x0000000100000000)
  eden space 339456K, 100% used [0x00000000e0400000,0x00000000f4f80000,0x00000000f4f80000)
  from space 19456K, 1% used [0x00000000f4f80000,0x00000000f4fc0000,0x00000000f6280000)
  to   space 18432K, 0% used [0x00000000f6500000,0x00000000f6500000,0x00000000f7700000)
 ParOldGen       total 224768K, used 155370K [0x00000000a0c00000, 0x00000000ae780000, 0x00000000e0400000)
  object space 224768K, 69% used [0x00000000a0c00000,0x00000000aa3ba9f0,0x00000000ae780000)
 Metaspace       used 18041K, capacity 18249K, committed 18432K, reserved 1067008K
  class space    used 1706K, capacity 1761K, committed 1792K, reserved 1048576K
Event: 24.343 GC heap after
Heap after GC invocations=43 (full 3):
 PSYoungGen      total 358400K, used 160K [0x00000000e0400000, 0x00000000f7480000, 0x0000000100000000)
  eden space 342528K, 0% used [0x00000000e0400000,0x00000000e0400000,0x00000000f5280000)
  from space 15872K, 1% used [0x00000000f6500000,0x00000000f6528000,0x00000000f7480000)
  to   space 17408K, 0% used [0x00000000f5280000,0x00000000f5280000,0x00000000f6380000)
 ParOldGen       total 224768K, used 155386K [0x00000000a0c00000, 0x00000000ae780000, 0x00000000e0400000)
  object space 224768K, 69% used [0x00000000a0c00000,0x00000000aa3be9f0,0x00000000ae780000)
 Metaspace       used 18041K, capacity 18249K, committed 18432K, reserved 1067008K
  class space    used 1706K, capacity 1761K, committed 1792K, reserved 1048576K
}
Event: 24.811 GC heap before
{Heap before GC invocations=44 (full 3):
 PSYoungGen      total 358400K, used 342688K [0x00000000e0400000, 0x00000000f7480000, 0x0000000100000000)
  eden space 342528K, 100% used [0x00000000e0400000,0x00000000f5280000,0x00000000f5280000)
  from space 15872K, 1% used [0x00000000f6500000,0x00000000f6528000,0x00000000f7480000)
  to   space 17408K, 0% used [0x00000000f5280000,0x00000000f5280000,0x00000000f6380000)
 ParOldGen       total 224768K, used 155386K [0x00000000a0c00000, 0x00000000ae780000, 0x00000000e0400000)
  object space 224768K, 69% used [0x00000000a0c00000,0x00000000aa3be9f0,0x00000000ae780000)
 Metaspace       used 18072K, capacity 18249K, committed 18432K, reserved 1067008K
  class space    used 1706K, capacity 1761K, committed 1792K, reserved 1048576K
Event: 24.812 GC heap after
Heap after GC invocations=44 (full 3):
 PSYoungGen      total 359936K, used 224K [0x00000000e0400000, 0x00000000f7500000, 0x0000000100000000)
  eden space 342528K, 0% used [0x00000000e0400000,0x00000000e0400000,0x00000000f5280000)
  from space 17408K, 1% used [0x00000000f5280000,0x00000000f52b8000,0x00000000f6380000)
  to   space 16384K, 0% used [0x00000000f6500000,0x00000000f6500000,0x00000000f7500000)
 ParOldGen       total 224768K, used 155394K [0x00000000a0c00000, 0x00000000ae780000, 0x00000000e0400000)
  object space 224768K, 69% used [0x00000000a0c00000,0x00000000aa3c09f0,0x00000000ae780000)
 Metaspace       used 18072K, capacity 18249K, committed 18432K, reserved 1067008K
  class space    used 1706K, capacity 1761K, committed 1792K, reserved 1048576K
}
Event: 25.306 GC heap before
{Heap before GC invocations=45 (full 3):
 PSYoungGen      total 359936K, used 342752K [0x00000000e0400000, 0x00000000f7500000, 0x0000000100000000)
  eden space 342528K, 100% used [0x00000000e0400000,0x00000000f5280000,0x00000000f5280000)
  from space 17408K, 1% used [0x00000000f5280000,0x00000000f52b8000,0x00000000f6380000)
  to   space 16384K, 0% used [0x00000000f6500000,0x00000000f6500000,0x00000000f7500000)
 ParOldGen       total 224768K, used 155394K [0x00000000a0c00000, 0x00000000ae780000, 0x00000000e0400000)
  object space 224768K, 69% used [0x00000000a0c00000,0x00000000aa3c09f0,0x00000000ae780000)
 Metaspace       used 18072K, capacity 18249K, committed 18432K, reserved 1067008K
  class space    used 1706K, capacity 1761K, committed 1792K, reserved 1048576K
Event: 25.307 GC heap after
Heap after GC invocations=45 (full 3):
 PSYoungGen      total 359424K, used 256K [0x00000000e0400000, 0x00000000f7300000, 0x0000000100000000)
  eden space 345088K, 0% used [0x00000000e0400000,0x00000000e0400000,0x00000000f5500000)
  from space 14336K, 1% used [0x00000000f6500000,0x00000000f6540000,0x00000000f7300000)
  to   space 15360K, 0% used [0x00000000f5500000,0x00000000f5500000,0x00000000f6400000)
 ParOldGen       total 224768K, used 155402K [0x00000000a0c00000, 0x00000000ae780000, 0x00000000e0400000)
  object space 224768K, 69% used [0x00000000a0c00000,0x00000000aa3c29f0,0x00000000ae780000)
 Metaspace       used 18072K, capacity 18249K, committed 18432K, reserved 1067008K
  class space    used 1706K, capacity 1761K, committed 1792K, reserved 1048576K
}
Event: 25.789 GC heap before
{Heap before GC invocations=46 (full 3):
 PSYoungGen      total 359424K, used 345344K [0x00000000e0400000, 0x00000000f7300000, 0x0000000100000000)
  eden space 345088K, 100% used [0x00000000e0400000,0x00000000f5500000,0x00000000f5500000)
  from space 14336K, 1% used [0x00000000f6500000,0x00000000f6540000,0x00000000f7300000)
  to   space 15360K, 0% used [0x00000000f5500000,0x00000000f5500000,0x00000000f6400000)
 ParOldGen       total 224768K, used 155402K [0x00000000a0c00000, 0x00000000ae780000, 0x00000000e0400000)
  object space 224768K, 69% used [0x00000000a0c00000,0x00000000aa3c29f0,0x00000000ae780000)
 Metaspace       used 18072K, capacity 18249K, committed 18432K, reserved 1067008K
  class space    used 1706K, capacity 1761K, committed 1792K, reserved 1048576K
Event: 25.793 GC heap after
Heap after GC invocations=46 (full 3):
 PSYoungGen      total 360448K, used 8292K [0x00000000e0400000, 0x00000000f7800000, 0x0000000100000000)
  eden space 345088K, 0% used [0x00000000e0400000,0x00000000e0400000,0x00000000f5500000)
  from space 15360K, 53% used [0x00000000f5500000,0x00000000f5d19010,0x00000000f6400000)
  to   space 16384K, 0% used [0x00000000f6800000,0x00000000f6800000,0x00000000f7800000)
 ParOldGen       total 224768K, used 155402K [0x00000000a0c00000, 0x00000000ae780000, 0x00000000e0400000)
  object space 224768K, 69% used [0x00000000a0c00000,0x00000000aa3c29f0,0x00000000ae780000)
 Metaspace       used 18072K, capacity 18249K, committed 18432K, reserved 1067008K
  class space    used 1706K, capacity 1761K, committed 1792K, reserved 1048576K
}

