# JRE version: Java(TM) SE Runtime Environment (8.0_25-b18) (build 1.8.0_25-b18)
# Java VM: Java HotSpot(TM) 64-Bit Server VM (25.25-b02 mixed mode windows-amd64 compressed oops)
Heap:
 PSYoungGen      total 375808K, used 226144K [0x00000000e0400000, 0x00000000f8980000, 0x0000000100000000)
  eden space 352768K, 63% used [0x00000000e0400000,0x00000000ee046160,0x00000000f5c80000)
  from space 23040K, 2% used [0x00000000f5c80000,0x00000000f5d12060,0x00000000f7300000)
  to   space 21504K, 0% used [0x00000000f7480000,0x00000000f7480000,0x00000000f8980000)
 ParOldGen       total 223744K, used 155317K [0x00000000a0c00000, 0x00000000ae680000, 0x00000000e0400000)
  object space 223744K, 69% used [0x00000000a0c00000,0x00000000aa3ad440,0x00000000ae680000)
 Metaspace       used 17989K, capacity 18185K, committed 18432K, reserved 1067008K
  class space    used 1723K, capacity 1761K, committed 1792K, reserved 1048576K
GC Heap History (10 events):
Event: 11.501 GC heap before
{Heap before GC invocations=32 (full 3):
 PSYoungGen      total 373248K, used 342791K [0x00000000e0400000, 0x00000000f8f80000, 0x0000000100000000)
  eden space 344576K, 99% used [0x00000000e0400000,0x00000000f522fc10,0x00000000f5480000)
  from space 28672K, 2% used [0x00000000f7380000,0x00000000f7412060,0x00000000f8f80000)
  to   space 30208K, 0% used [0x00000000f5480000,0x00000000f5480000,0x00000000f7200000)
 ParOldGen       total 223744K, used 155213K [0x00000000a0c00000, 0x00000000ae680000, 0x00000000e0400000)
  object space 223744K, 69% used [0x00000000a0c00000,0x00000000aa393440,0x00000000ae680000)
 Metaspace       used 17887K, capacity 18121K, committed 18176K, reserved 1064960K
  class space    used 1711K, capacity 1761K, committed 1792K, reserved 1048576K
Event: 11.502 GC heap after
Heap after GC invocations=32 (full 3):
 PSYoungGen      total 374784K, used 600K [0x00000000e0400000, 0x00000000f8f80000, 0x0000000100000000)
  eden space 344576K, 0% used [0x00000000e0400000,0x00000000e0400000,0x00000000f5480000)
  from space 30208K, 1% used [0x00000000f5480000,0x00000000f5516050,0x00000000f7200000)
  to   space 28160K, 0% used [0x00000000f7400000,0x00000000f7400000,0x00000000f8f80000)
 ParOldGen       total 223744K, used 155261K [0x00000000a0c00000, 0x00000000ae680000, 0x00000000e0400000)
  object space 223744K, 69% used [0x00000000a0c00000,0x00000000aa39f440,0x00000000ae680000)
 Metaspace       used 17887K, capacity 18121K, committed 18176K, reserved 1064960K
  class space    used 1711K, capacity 1761K, committed 1792K, reserved 1048576K
}
Event: 11.964 GC heap before
{Heap before GC invocations=33 (full 3):
 PSYoungGen      total 374784K, used 345176K [0x00000000e0400000, 0x00000000f8f80000, 0x0000000100000000)
  eden space 344576K, 100% used [0x00000000e0400000,0x00000000f5480000,0x00000000f5480000)
  from space 30208K, 1% used [0x00000000f5480000,0x00000000f5516050,0x00000000f7200000)
  to   space 28160K, 0% used [0x00000000f7400000,0x00000000f7400000,0x00000000f8f80000)
 ParOldGen       total 223744K, used 155261K [0x00000000a0c00000, 0x00000000ae680000, 0x00000000e0400000)
  object space 223744K, 69% used [0x00000000a0c00000,0x00000000aa39f440,0x00000000ae680000)
 Metaspace       used 17891K, capacity 18121K, committed 18176K, reserved 1064960K
  class space    used 1711K, capacity 1761K, committed 1792K, reserved 1048576K
Event: 11.966 GC heap after
Heap after GC invocations=33 (full 3):
 PSYoungGen      total 372736K, used 568K [0x00000000e0400000, 0x00000000f8b80000, 0x0000000100000000)
  eden space 348672K, 0% used [0x00000000e0400000,0x00000000e0400000,0x00000000f5880000)
  from space 24064K, 2% used [0x00000000f7400000,0x00000000f748e050,0x00000000f8b80000)
  to   space 26112K, 0% used [0x00000000f5880000,0x00000000f5880000,0x00000000f7200000)
 ParOldGen       total 223744K, used 155269K [0x00000000a0c00000, 0x00000000ae680000, 0x00000000e0400000)
  object space 223744K, 69% used [0x00000000a0c00000,0x00000000aa3a1440,0x00000000ae680000)
 Metaspace       used 17891K, capacity 18121K, committed 18176K, reserved 1064960K
  class space    used 1711K, capacity 1761K, committed 1792K, reserved 1048576K
}
Event: 12.386 GC heap before
{Heap before GC invocations=34 (full 3):
 PSYoungGen      total 372736K, used 349240K [0x00000000e0400000, 0x00000000f8b80000, 0x0000000100000000)
  eden space 348672K, 100% used [0x00000000e0400000,0x00000000f5880000,0x00000000f5880000)
  from space 24064K, 2% used [0x00000000f7400000,0x00000000f748e050,0x00000000f8b80000)
  to   space 26112K, 0% used [0x00000000f5880000,0x00000000f5880000,0x00000000f7200000)
 ParOldGen       total 223744K, used 155269K [0x00000000a0c00000, 0x00000000ae680000, 0x00000000e0400000)
  object space 223744K, 69% used [0x00000000a0c00000,0x00000000aa3a1440,0x00000000ae680000)
 Metaspace       used 17893K, capacity 18121K, committed 18176K, reserved 1064960K
  class space    used 1711K, capacity 1761K, committed 1792K, reserved 1048576K
Event: 12.387 GC heap after
Heap after GC invocations=34 (full 3):
 PSYoungGen      total 374784K, used 600K [0x00000000e0400000, 0x00000000f8c80000, 0x0000000100000000)
  eden space 348672K, 0% used [0x00000000e0400000,0x00000000e0400000,0x00000000f5880000)
  from space 26112K, 2% used [0x00000000f5880000,0x00000000f5916050,0x00000000f7200000)
  to   space 24576K, 0% used [0x00000000f7480000,0x00000000f7480000,0x00000000f8c80000)
 ParOldGen       total 223744K, used 155301K [0x00000000a0c00000, 0x00000000ae680000, 0x00000000e0400000)
  object space 223744K, 69% used [0x00000000a0c00000,0x00000000aa3a9440,0x00000000ae680000)
 Metaspace       used 17893K, capacity 18121K, committed 18176K, reserved 1064960K
  class space    used 1711K, capacity 1761K, committed 1792K, reserved 1048576K
}
Event: 12.833 GC heap before
{Heap before GC invocations=35 (full 3):
 PSYoungGen      total 374784K, used 349272K [0x00000000e0400000, 0x00000000f8c80000, 0x0000000100000000)
  eden space 348672K, 100% used [0x00000000e0400000,0x00000000f5880000,0x00000000f5880000)
  from space 26112K, 2% used [0x00000000f5880000,0x00000000f5916050,0x00000000f7200000)
  to   space 24576K, 0% used [0x00000000f7480000,0x00000000f7480000,0x00000000f8c80000)
 ParOldGen       total 223744K, used 155301K [0x00000000a0c00000, 0x00000000ae680000, 0x00000000e0400000)
  object space 223744K, 69% used [0x00000000a0c00000,0x00000000aa3a9440,0x00000000ae680000)
 Metaspace       used 17893K, capacity 18121K, committed 18176K, reserved 1064960K
  class space    used 1711K, capacity 1761K, committed 1792K, reserved 1048576K
Event: 12.835 GC heap after
Heap after GC invocations=35 (full 3):
 PSYoungGen      total 374272K, used 616K [0x00000000e0400000, 0x00000000f8980000, 0x0000000100000000)
  eden space 352768K, 0% used [0x00000000e0400000,0x00000000e0400000,0x00000000f5c80000)
  from space 21504K, 2% used [0x00000000f7480000,0x00000000f751a060,0x00000000f8980000)
  to   space 23040K, 0% used [0x00000000f5c80000,0x00000000f5c80000,0x00000000f7300000)
 ParOldGen       total 223744K, used 155309K [0x00000000a0c00000, 0x00000000ae680000, 0x00000000e0400000)
  object space 223744K, 69% used [0x00000000a0c00000,0x00000000aa3ab440,0x00000000ae680000)
 Metaspace       used 17893K, capacity 18121K, committed 18176K, reserved 1064960K
  class space    used 1711K, capacity 1761K, committed 1792K, reserved 1048576K
}
Event: 13.280 GC heap before
{Heap before GC invocations=36 (full 3):
 PSYoungGen      total 374272K, used 353384K [0x00000000e0400000, 0x00000000f8980000, 0x0000000100000000)
  eden space 352768K, 100% used [0x00000000e0400000,0x00000000f5c80000,0x00000000f5c80000)
  from space 21504K, 2% used [0x00000000f7480000,0x00000000f751a060,0x00000000f8980000)
  to   space 23040K, 0% used [0x00000000f5c80000,0x00000000f5c80000,0x00000000f7300000)
 ParOldGen       total 223744K, used 155309K [0x00000000a0c00000, 0x00000000ae680000, 0x00000000e0400000)
  object space 223744K, 69% used [0x00000000a0c00000,0x00000000aa3ab440,0x00000000ae680000)
 Metaspace       used 17894K, capacity 18121K, committed 18176K, reserved 1064960K
  class space    used 1711K, capacity 1761K, committed 1792K, reserved 1048576K
Event: 13.282 GC heap after
Heap after GC invocations=36 (full 3):
 PSYoungGen      total 375808K, used 584K [0x00000000e0400000, 0x00000000f8980000, 0x0000000100000000)
  eden space 352768K, 0% used [0x00000000e0400000,0x00000000e0400000,0x00000000f5c80000)
  from space 23040K, 2% used [0x00000000f5c80000,0x00000000f5d12060,0x00000000f7300000)
  to   space 21504K, 0% used [0x00000000f7480000,0x00000000f7480000,0x00000000f8980000)
 ParOldGen       total 223744K, used 155317K [0x00000000a0c00000, 0x00000000ae680000, 0x00000000e0400000)
  object space 223744K, 69% used [0x00000000a0c00000,0x00000000aa3ad440,0x00000000ae680000)
 Metaspace       used 17894K, capacity 18121K, committed 18176K, reserved 1064960K
  class space    used 1711K, capacity 1761K, committed 1792K, reserved 1048576K
}

