# JRE version: Java(TM) SE Runtime Environment (8.0_25-b18) (build 1.8.0_25-b18)
# Java VM: Java HotSpot(TM) 64-Bit Server VM (25.25-b02 mixed mode windows-amd64 compressed oops)
Heap:
 PSYoungGen      total 478208K, used 61219K [0x00000000e0400000, 0x00000000fd980000, 0x0000000100000000)
  eden space 477696K, 12% used [0x00000000e0400000,0x00000000e3fa8c48,0x00000000fd680000)
  from space 512K, 25% used [0x00000000fd680000,0x00000000fd6a0000,0x00000000fd700000)
  to   space 512K, 0% used [0x00000000fd900000,0x00000000fd900000,0x00000000fd980000)
 ParOldGen       total 225280K, used 172008K [0x00000000a0c00000, 0x00000000ae800000, 0x00000000e0400000)
  object space 225280K, 76% used [0x00000000a0c00000,0x00000000ab3fa288,0x00000000ae800000)
 Metaspace       used 18029K, capacity 18253K, committed 18432K, reserved 1067008K
  class space    used 1722K, capacity 1761K, committed 1792K, reserved 1048576K
GC Heap History (10 events):
Event: 47.845 GC heap before
{Heap before GC invocations=94 (full 3):
 PSYoungGen      total 474624K, used 473792K [0x00000000e0400000, 0x00000000fd480000, 0x0000000100000000)
  eden space 473600K, 100% used [0x00000000e0400000,0x00000000fd280000,0x00000000fd280000)
  from space 1024K, 18% used [0x00000000fd380000,0x00000000fd3b0000,0x00000000fd480000)
  to   space 1024K, 0% used [0x00000000fd280000,0x00000000fd280000,0x00000000fd380000)
 ParOldGen       total 225280K, used 172008K [0x00000000a0c00000, 0x00000000ae800000, 0x00000000e0400000)
  object space 225280K, 76% used [0x00000000a0c00000,0x00000000ab3fa288,0x00000000ae800000)
 Metaspace       used 17990K, capacity 18189K, committed 18432K, reserved 1067008K
  class space    used 1710K, capacity 1761K, committed 1792K, reserved 1048576K
Event: 47.846 GC heap after
Heap after GC invocations=94 (full 3):
 PSYoungGen      total 474624K, used 160K [0x00000000e0400000, 0x00000000fd580000, 0x0000000100000000)
  eden space 473600K, 0% used [0x00000000e0400000,0x00000000e0400000,0x00000000fd280000)
  from space 1024K, 15% used [0x00000000fd280000,0x00000000fd2a8000,0x00000000fd380000)
  to   space 512K, 0% used [0x00000000fd500000,0x00000000fd500000,0x00000000fd580000)
 ParOldGen       total 225280K, used 172008K [0x00000000a0c00000, 0x00000000ae800000, 0x00000000e0400000)
  object space 225280K, 76% used [0x00000000a0c00000,0x00000000ab3fa288,0x00000000ae800000)
 Metaspace       used 17990K, capacity 18189K, committed 18432K, reserved 1067008K
  class space    used 1710K, capacity 1761K, committed 1792K, reserved 1048576K
}
Event: 48.469 GC heap before
{Heap before GC invocations=95 (full 3):
 PSYoungGen      total 474624K, used 473760K [0x00000000e0400000, 0x00000000fd580000, 0x0000000100000000)
  eden space 473600K, 100% used [0x00000000e0400000,0x00000000fd280000,0x00000000fd280000)
  from space 1024K, 15% used [0x00000000fd280000,0x00000000fd2a8000,0x00000000fd380000)
  to   space 512K, 0% used [0x00000000fd500000,0x00000000fd500000,0x00000000fd580000)
 ParOldGen       total 225280K, used 172008K [0x00000000a0c00000, 0x00000000ae800000, 0x00000000e0400000)
  object space 225280K, 76% used [0x00000000a0c00000,0x00000000ab3fa288,0x00000000ae800000)
 Metaspace       used 17990K, capacity 18189K, committed 18432K, reserved 1067008K
  class space    used 1710K, capacity 1761K, committed 1792K, reserved 1048576K
Event: 48.471 GC heap after
Heap after GC invocations=95 (full 3):
 PSYoungGen      total 476160K, used 160K [0x00000000e0400000, 0x00000000fd580000, 0x0000000100000000)
  eden space 475648K, 0% used [0x00000000e0400000,0x00000000e0400000,0x00000000fd480000)
  from space 512K, 31% used [0x00000000fd500000,0x00000000fd528000,0x00000000fd580000)
  to   space 512K, 0% used [0x00000000fd480000,0x00000000fd480000,0x00000000fd500000)
 ParOldGen       total 225280K, used 172008K [0x00000000a0c00000, 0x00000000ae800000, 0x00000000e0400000)
  object space 225280K, 76% used [0x00000000a0c00000,0x00000000ab3fa288,0x00000000ae800000)
 Metaspace       used 17990K, capacity 18189K, committed 18432K, reserved 1067008K
  class space    used 1710K, capacity 1761K, committed 1792K, reserved 1048576K
}
Event: 49.081 GC heap before
{Heap before GC invocations=96 (full 3):
 PSYoungGen      total 476160K, used 474207K [0x00000000e0400000, 0x00000000fd580000, 0x0000000100000000)
  eden space 475648K, 99% used [0x00000000e0400000,0x00000000fd2efc60,0x00000000fd480000)
  from space 512K, 31% used [0x00000000fd500000,0x00000000fd528000,0x00000000fd580000)
  to   space 512K, 0% used [0x00000000fd480000,0x00000000fd480000,0x00000000fd500000)
 ParOldGen       total 225280K, used 172008K [0x00000000a0c00000, 0x00000000ae800000, 0x00000000e0400000)
  object space 225280K, 76% used [0x00000000a0c00000,0x00000000ab3fa288,0x00000000ae800000)
 Metaspace       used 17990K, capacity 18189K, committed 18432K, reserved 1067008K
  class space    used 1710K, capacity 1761K, committed 1792K, reserved 1048576K
Event: 49.082 GC heap after
Heap after GC invocations=96 (full 3):
 PSYoungGen      total 476160K, used 224K [0x00000000e0400000, 0x00000000fd780000, 0x0000000100000000)
  eden space 475648K, 0% used [0x00000000e0400000,0x00000000e0400000,0x00000000fd480000)
  from space 512K, 43% used [0x00000000fd480000,0x00000000fd4b8000,0x00000000fd500000)
  to   space 512K, 0% used [0x00000000fd700000,0x00000000fd700000,0x00000000fd780000)
 ParOldGen       total 225280K, used 172008K [0x00000000a0c00000, 0x00000000ae800000, 0x00000000e0400000)
  object space 225280K, 76% used [0x00000000a0c00000,0x00000000ab3fa288,0x00000000ae800000)
 Metaspace       used 17990K, capacity 18189K, committed 18432K, reserved 1067008K
  class space    used 1710K, capacity 1761K, committed 1792K, reserved 1048576K
}
Event: 49.710 GC heap before
{Heap before GC invocations=97 (full 3):
 PSYoungGen      total 476160K, used 475872K [0x00000000e0400000, 0x00000000fd780000, 0x0000000100000000)
  eden space 475648K, 100% used [0x00000000e0400000,0x00000000fd480000,0x00000000fd480000)
  from space 512K, 43% used [0x00000000fd480000,0x00000000fd4b8000,0x00000000fd500000)
  to   space 512K, 0% used [0x00000000fd700000,0x00000000fd700000,0x00000000fd780000)
 ParOldGen       total 225280K, used 172008K [0x00000000a0c00000, 0x00000000ae800000, 0x00000000e0400000)
  object space 225280K, 76% used [0x00000000a0c00000,0x00000000ab3fa288,0x00000000ae800000)
 Metaspace       used 17990K, capacity 18189K, committed 18432K, reserved 1067008K
  class space    used 1710K, capacity 1761K, committed 1792K, reserved 1048576K
Event: 49.711 GC heap after
Heap after GC invocations=97 (full 3):
 PSYoungGen      total 478208K, used 96K [0x00000000e0400000, 0x00000000fd780000, 0x0000000100000000)
  eden space 477696K, 0% used [0x00000000e0400000,0x00000000e0400000,0x00000000fd680000)
  from space 512K, 18% used [0x00000000fd700000,0x00000000fd718000,0x00000000fd780000)
  to   space 512K, 0% used [0x00000000fd680000,0x00000000fd680000,0x00000000fd700000)
 ParOldGen       total 225280K, used 172008K [0x00000000a0c00000, 0x00000000ae800000, 0x00000000e0400000)
  object space 225280K, 76% used [0x00000000a0c00000,0x00000000ab3fa288,0x00000000ae800000)
 Metaspace       used 17990K, capacity 18189K, committed 18432K, reserved 1067008K
  class space    used 1710K, capacity 1761K, committed 1792K, reserved 1048576K
}
Event: 50.347 GC heap before
{Heap before GC invocations=98 (full 3):
 PSYoungGen      total 478208K, used 471856K [0x00000000e0400000, 0x00000000fd780000, 0x0000000100000000)
  eden space 477696K, 98% used [0x00000000e0400000,0x00000000fd0b4188,0x00000000fd680000)
  from space 512K, 18% used [0x00000000fd700000,0x00000000fd718000,0x00000000fd780000)
  to   space 512K, 0% used [0x00000000fd680000,0x00000000fd680000,0x00000000fd700000)
 ParOldGen       total 225280K, used 172008K [0x00000000a0c00000, 0x00000000ae800000, 0x00000000e0400000)
  object space 225280K, 76% used [0x00000000a0c00000,0x00000000ab3fa288,0x00000000ae800000)
 Metaspace       used 17990K, capacity 18189K, committed 18432K, reserved 1067008K
  class space    used 1710K, capacity 1761K, committed 1792K, reserved 1048576K
Event: 50.349 GC heap after
Heap after GC invocations=98 (full 3):
 PSYoungGen      total 478208K, used 128K [0x00000000e0400000, 0x00000000fd980000, 0x0000000100000000)
  eden space 477696K, 0% used [0x00000000e0400000,0x00000000e0400000,0x00000000fd680000)
  from space 512K, 25% used [0x00000000fd680000,0x00000000fd6a0000,0x00000000fd700000)
  to   space 512K, 0% used [0x00000000fd900000,0x00000000fd900000,0x00000000fd980000)
 ParOldGen       total 225280K, used 172008K [0x00000000a0c00000, 0x00000000ae800000, 0x00000000e0400000)
  object space 225280K, 76% used [0x00000000a0c00000,0x00000000ab3fa288,0x00000000ae800000)
 Metaspace       used 17990K, capacity 18189K, committed 18432K, reserved 1067008K
  class space    used 1710K, capacity 1761K, committed 1792K, reserved 1048576K
}

