# JRE version: Java(TM) SE Runtime Environment (8.0_25-b18) (build 1.8.0_25-b18)
# Java VM: Java HotSpot(TM) 64-Bit Server VM (25.25-b02 mixed mode windows-amd64 compressed oops)
Heap:
 PSYoungGen      total 518656K, used 241753K [0x00000000e0400000, 0x0000000100000000, 0x0000000100000000)
  eden space 517120K, 46% used [0x00000000e0400000,0x00000000eef224c8,0x00000000ffd00000)
  from space 1536K, 63% used [0x00000000ffd00000,0x00000000ffdf4010,0x00000000ffe80000)
  to   space 1536K, 0% used [0x00000000ffe80000,0x00000000ffe80000,0x0000000100000000)
 ParOldGen       total 203264K, used 186586K [0x00000000a0c00000, 0x00000000ad280000, 0x00000000e0400000)
  object space 203264K, 91% used [0x00000000a0c00000,0x00000000ac236b00,0x00000000ad280000)
 Metaspace       used 17992K, capacity 18185K, committed 18432K, reserved 1067008K
  class space    used 1717K, capacity 1761K, committed 1792K, reserved 1048576K
GC Heap History (10 events):
Event: 49.110 GC heap before
{Heap before GC invocations=76 (full 3):
 PSYoungGen      total 518144K, used 516224K [0x00000000e0400000, 0x0000000100000000, 0x0000000100000000)
  eden space 516096K, 100% used [0x00000000e0400000,0x00000000ffc00000,0x00000000ffc00000)
  from space 2048K, 6% used [0x00000000ffe00000,0x00000000ffe20000,0x0000000100000000)
  to   space 2048K, 0% used [0x00000000ffc00000,0x00000000ffc00000,0x00000000ffe00000)
 ParOldGen       total 203264K, used 170386K [0x00000000a0c00000, 0x00000000ad280000, 0x00000000e0400000)
  object space 203264K, 83% used [0x00000000a0c00000,0x00000000ab264ae0,0x00000000ad280000)
 Metaspace       used 17958K, capacity 18185K, committed 18432K, reserved 1067008K
  class space    used 1705K, capacity 1761K, committed 1792K, reserved 1048576K
Event: 49.112 GC heap after
Heap after GC invocations=76 (full 3):
 PSYoungGen      total 518144K, used 160K [0x00000000e0400000, 0x0000000100000000, 0x0000000100000000)
  eden space 516096K, 0% used [0x00000000e0400000,0x00000000e0400000,0x00000000ffc00000)
  from space 2048K, 7% used [0x00000000ffc00000,0x00000000ffc28000,0x00000000ffe00000)
  to   space 2048K, 0% used [0x00000000ffe00000,0x00000000ffe00000,0x0000000100000000)
 ParOldGen       total 203264K, used 170386K [0x00000000a0c00000, 0x00000000ad280000, 0x00000000e0400000)
  object space 203264K, 83% used [0x00000000a0c00000,0x00000000ab264ae0,0x00000000ad280000)
 Metaspace       used 17958K, capacity 18185K, committed 18432K, reserved 1067008K
  class space    used 1705K, capacity 1761K, committed 1792K, reserved 1048576K
}
Event: 49.919 GC heap before
{Heap before GC invocations=77 (full 3):
 PSYoungGen      total 518144K, used 515790K [0x00000000e0400000, 0x0000000100000000, 0x0000000100000000)
  eden space 516096K, 99% used [0x00000000e0400000,0x00000000ffb8ba70,0x00000000ffc00000)
  from space 2048K, 7% used [0x00000000ffc00000,0x00000000ffc28000,0x00000000ffe00000)
  to   space 2048K, 0% used [0x00000000ffe00000,0x00000000ffe00000,0x0000000100000000)
 ParOldGen       total 203264K, used 170386K [0x00000000a0c00000, 0x00000000ad280000, 0x00000000e0400000)
  object space 203264K, 83% used [0x00000000a0c00000,0x00000000ab264ae0,0x00000000ad280000)
 Metaspace       used 17958K, capacity 18185K, committed 18432K, reserved 1067008K
  class space    used 1705K, capacity 1761K, committed 1792K, reserved 1048576K
Event: 49.923 GC heap after
Heap after GC invocations=77 (full 3):
 PSYoungGen      total 517120K, used 192K [0x00000000e0400000, 0x00000000fff00000, 0x0000000100000000)
  eden space 516096K, 0% used [0x00000000e0400000,0x00000000e0400000,0x00000000ffc00000)
  from space 1024K, 18% used [0x00000000ffe00000,0x00000000ffe30000,0x00000000fff00000)
  to   space 1536K, 0% used [0x00000000ffc00000,0x00000000ffc00000,0x00000000ffd80000)
 ParOldGen       total 203264K, used 178486K [0x00000000a0c00000, 0x00000000ad280000, 0x00000000e0400000)
  object space 203264K, 87% used [0x00000000a0c00000,0x00000000aba4daf0,0x00000000ad280000)
 Metaspace       used 17958K, capacity 18185K, committed 18432K, reserved 1067008K
  class space    used 1705K, capacity 1761K, committed 1792K, reserved 1048576K
}
Event: 50.885 GC heap before
{Heap before GC invocations=78 (full 3):
 PSYoungGen      total 517120K, used 508941K [0x00000000e0400000, 0x00000000fff00000, 0x0000000100000000)
  eden space 516096K, 98% used [0x00000000e0400000,0x00000000ff4d3548,0x00000000ffc00000)
  from space 1024K, 18% used [0x00000000ffe00000,0x00000000ffe30000,0x00000000fff00000)
  to   space 1536K, 0% used [0x00000000ffc00000,0x00000000ffc00000,0x00000000ffd80000)
 ParOldGen       total 203264K, used 178486K [0x00000000a0c00000, 0x00000000ad280000, 0x00000000e0400000)
  object space 203264K, 87% used [0x00000000a0c00000,0x00000000aba4daf0,0x00000000ad280000)
 Metaspace       used 17958K, capacity 18185K, committed 18432K, reserved 1067008K
  class space    used 1705K, capacity 1761K, committed 1792K, reserved 1048576K
Event: 50.886 GC heap after
Heap after GC invocations=78 (full 3):
 PSYoungGen      total 517632K, used 160K [0x00000000e0400000, 0x0000000100000000, 0x0000000100000000)
  eden space 516096K, 0% used [0x00000000e0400000,0x00000000e0400000,0x00000000ffc00000)
  from space 1536K, 10% used [0x00000000ffc00000,0x00000000ffc28000,0x00000000ffd80000)
  to   space 1536K, 0% used [0x00000000ffe80000,0x00000000ffe80000,0x0000000100000000)
 ParOldGen       total 203264K, used 178486K [0x00000000a0c00000, 0x00000000ad280000, 0x00000000e0400000)
  object space 203264K, 87% used [0x00000000a0c00000,0x00000000aba4daf0,0x00000000ad280000)
 Metaspace       used 17958K, capacity 18185K, committed 18432K, reserved 1067008K
  class space    used 1705K, capacity 1761K, committed 1792K, reserved 1048576K
}
Event: 52.617 GC heap before
{Heap before GC invocations=79 (full 3):
 PSYoungGen      total 517632K, used 515716K [0x00000000e0400000, 0x0000000100000000, 0x0000000100000000)
  eden space 516096K, 99% used [0x00000000e0400000,0x00000000ffb790d0,0x00000000ffc00000)
  from space 1536K, 10% used [0x00000000ffc00000,0x00000000ffc28000,0x00000000ffd80000)
  to   space 1536K, 0% used [0x00000000ffe80000,0x00000000ffe80000,0x0000000100000000)
 ParOldGen       total 203264K, used 178486K [0x00000000a0c00000, 0x00000000ad280000, 0x00000000e0400000)
  object space 203264K, 87% used [0x00000000a0c00000,0x00000000aba4daf0,0x00000000ad280000)
 Metaspace       used 17958K, capacity 18185K, committed 18432K, reserved 1067008K
  class space    used 1705K, capacity 1761K, committed 1792K, reserved 1048576K
Event: 52.619 GC heap after
Heap after GC invocations=79 (full 3):
 PSYoungGen      total 518656K, used 128K [0x00000000e0400000, 0x0000000100000000, 0x0000000100000000)
  eden space 517120K, 0% used [0x00000000e0400000,0x00000000e0400000,0x00000000ffd00000)
  from space 1536K, 8% used [0x00000000ffe80000,0x00000000ffea0000,0x0000000100000000)
  to   space 1536K, 0% used [0x00000000ffd00000,0x00000000ffd00000,0x00000000ffe80000)
 ParOldGen       total 203264K, used 178486K [0x00000000a0c00000, 0x00000000ad280000, 0x00000000e0400000)
  object space 203264K, 87% used [0x00000000a0c00000,0x00000000aba4daf0,0x00000000ad280000)
 Metaspace       used 17958K, capacity 18185K, committed 18432K, reserved 1067008K
  class space    used 1705K, capacity 1761K, committed 1792K, reserved 1048576K
}
Event: 54.316 GC heap before
{Heap before GC invocations=80 (full 3):
 PSYoungGen      total 518656K, used 516761K [0x00000000e0400000, 0x0000000100000000, 0x0000000100000000)
  eden space 517120K, 99% used [0x00000000e0400000,0x00000000ffc865b0,0x00000000ffd00000)
  from space 1536K, 8% used [0x00000000ffe80000,0x00000000ffea0000,0x0000000100000000)
  to   space 1536K, 0% used [0x00000000ffd00000,0x00000000ffd00000,0x00000000ffe80000)
 ParOldGen       total 203264K, used 178486K [0x00000000a0c00000, 0x00000000ad280000, 0x00000000e0400000)
  object space 203264K, 87% used [0x00000000a0c00000,0x00000000aba4daf0,0x00000000ad280000)
 Metaspace       used 17958K, capacity 18185K, committed 18432K, reserved 1067008K
  class space    used 1705K, capacity 1761K, committed 1792K, reserved 1048576K
Event: 54.323 GC heap after
Heap after GC invocations=80 (full 3):
 PSYoungGen      total 518656K, used 976K [0x00000000e0400000, 0x0000000100000000, 0x0000000100000000)
  eden space 517120K, 0% used [0x00000000e0400000,0x00000000e0400000,0x00000000ffd00000)
  from space 1536K, 63% used [0x00000000ffd00000,0x00000000ffdf4010,0x00000000ffe80000)
  to   space 1536K, 0% used [0x00000000ffe80000,0x00000000ffe80000,0x0000000100000000)
 ParOldGen       total 203264K, used 186586K [0x00000000a0c00000, 0x00000000ad280000, 0x00000000e0400000)
  object space 203264K, 91% used [0x00000000a0c00000,0x00000000ac236b00,0x00000000ad280000)
 Metaspace       used 17958K, capacity 18185K, committed 18432K, reserved 1067008K
  class space    used 1705K, capacity 1761K, committed 1792K, reserved 1048576K
}

