# JRE version: Java(TM) SE Runtime Environment (8.0_25-b18) (build 1.8.0_25-b18)
# Java VM: Java HotSpot(TM) 64-Bit Server VM (25.25-b02 mixed mode windows-amd64 compressed oops)
Heap:
 PSYoungGen      total 308736K, used 207716K [0x00000000e0400000, 0x00000000f6100000, 0x0000000100000000)
  eden space 267264K, 74% used [0x00000000e0400000,0x00000000ec5dc2c8,0x00000000f0900000)
  from space 41472K, 22% used [0x00000000f3880000,0x00000000f417d020,0x00000000f6100000)
  to   space 45056K, 0% used [0x00000000f0900000,0x00000000f0900000,0x00000000f3500000)
 ParOldGen       total 226816K, used 145955K [0x00000000a0c00000, 0x00000000ae980000, 0x00000000e0400000)
  object space 226816K, 64% used [0x00000000a0c00000,0x00000000a9a88e20,0x00000000ae980000)
 Metaspace       used 17887K, capacity 18089K, committed 18304K, reserved 1064960K
  class space    used 1729K, capacity 1793K, committed 1920K, reserved 1048576K
GC Heap History (10 events):
Event: 7.681 GC heap before
{Heap before GC invocations=19 (full 3):
 PSYoungGen      total 272384K, used 235391K [0x00000000e0400000, 0x00000000f5c00000, 0x0000000100000000)
  eden space 217600K, 99% used [0x00000000e0400000,0x00000000ed84de28,0x00000000ed880000)
  from space 54784K, 32% used [0x00000000ed880000,0x00000000eea12040,0x00000000f0e00000)
  to   space 52224K, 0% used [0x00000000f2900000,0x00000000f2900000,0x00000000f5c00000)
 ParOldGen       total 226816K, used 145915K [0x00000000a0c00000, 0x00000000ae980000, 0x00000000e0400000)
  object space 226816K, 64% used [0x00000000a0c00000,0x00000000a9a7ee20,0x00000000ae980000)
 Metaspace       used 17762K, capacity 17961K, committed 18304K, reserved 1064960K
  class space    used 1729K, capacity 1793K, committed 1920K, reserved 1048576K
Event: 7.686 GC heap after
Heap after GC invocations=19 (full 3):
 PSYoungGen      total 287744K, used 9140K [0x00000000e0400000, 0x00000000f5500000, 0x0000000100000000)
  eden space 242688K, 0% used [0x00000000e0400000,0x00000000e0400000,0x00000000ef100000)
  from space 45056K, 20% used [0x00000000f2900000,0x00000000f31ed020,0x00000000f5500000)
  to   space 51200K, 0% used [0x00000000ef100000,0x00000000ef100000,0x00000000f2300000)
 ParOldGen       total 226816K, used 145923K [0x00000000a0c00000, 0x00000000ae980000, 0x00000000e0400000)
  object space 226816K, 64% used [0x00000000a0c00000,0x00000000a9a80e20,0x00000000ae980000)
 Metaspace       used 17762K, capacity 17961K, committed 18304K, reserved 1064960K
  class space    used 1729K, capacity 1793K, committed 1920K, reserved 1048576K
}
Event: 8.478 GC heap before
{Heap before GC invocations=20 (full 3):
 PSYoungGen      total 287744K, used 245141K [0x00000000e0400000, 0x00000000f5500000, 0x0000000100000000)
  eden space 242688K, 97% used [0x00000000e0400000,0x00000000eea783e0,0x00000000ef100000)
  from space 45056K, 20% used [0x00000000f2900000,0x00000000f31ed020,0x00000000f5500000)
  to   space 51200K, 0% used [0x00000000ef100000,0x00000000ef100000,0x00000000f2300000)
 ParOldGen       total 226816K, used 145923K [0x00000000a0c00000, 0x00000000ae980000, 0x00000000e0400000)
  object space 226816K, 64% used [0x00000000a0c00000,0x00000000a9a80e20,0x00000000ae980000)
 Metaspace       used 17793K, capacity 18025K, committed 18304K, reserved 1064960K
  class space    used 1729K, capacity 1793K, committed 1920K, reserved 1048576K
Event: 8.484 GC heap after
Heap after GC invocations=20 (full 3):
 PSYoungGen      total 293888K, used 9172K [0x00000000e0400000, 0x00000000f6180000, 0x0000000100000000)
  eden space 242688K, 0% used [0x00000000e0400000,0x00000000e0400000,0x00000000ef100000)
  from space 51200K, 17% used [0x00000000ef100000,0x00000000ef9f5020,0x00000000f2300000)
  to   space 49664K, 0% used [0x00000000f3100000,0x00000000f3100000,0x00000000f6180000)
 ParOldGen       total 226816K, used 145931K [0x00000000a0c00000, 0x00000000ae980000, 0x00000000e0400000)
  object space 226816K, 64% used [0x00000000a0c00000,0x00000000a9a82e20,0x00000000ae980000)
 Metaspace       used 17793K, capacity 18025K, committed 18304K, reserved 1064960K
  class space    used 1729K, capacity 1793K, committed 1920K, reserved 1048576K
}
Event: 9.280 GC heap before
{Heap before GC invocations=21 (full 3):
 PSYoungGen      total 293888K, used 245214K [0x00000000e0400000, 0x00000000f6180000, 0x0000000100000000)
  eden space 242688K, 97% used [0x00000000e0400000,0x00000000eea82a28,0x00000000ef100000)
  from space 51200K, 17% used [0x00000000ef100000,0x00000000ef9f5020,0x00000000f2300000)
  to   space 49664K, 0% used [0x00000000f3100000,0x00000000f3100000,0x00000000f6180000)
 ParOldGen       total 226816K, used 145931K [0x00000000a0c00000, 0x00000000ae980000, 0x00000000e0400000)
  object space 226816K, 64% used [0x00000000a0c00000,0x00000000a9a82e20,0x00000000ae980000)
 Metaspace       used 17816K, capacity 18025K, committed 18304K, reserved 1064960K
  class space    used 1729K, capacity 1793K, committed 1920K, reserved 1048576K
Event: 9.288 GC heap after
Heap after GC invocations=21 (full 3):
 PSYoungGen      total 302080K, used 9172K [0x00000000e0400000, 0x00000000f5d80000, 0x0000000100000000)
  eden space 256512K, 0% used [0x00000000e0400000,0x00000000e0400000,0x00000000efe80000)
  from space 45568K, 20% used [0x00000000f3100000,0x00000000f39f5020,0x00000000f5d80000)
  to   space 48640K, 0% used [0x00000000efe80000,0x00000000efe80000,0x00000000f2e00000)
 ParOldGen       total 226816K, used 145939K [0x00000000a0c00000, 0x00000000ae980000, 0x00000000e0400000)
  object space 226816K, 64% used [0x00000000a0c00000,0x00000000a9a84e20,0x00000000ae980000)
 Metaspace       used 17816K, capacity 18025K, committed 18304K, reserved 1064960K
  class space    used 1729K, capacity 1793K, committed 1920K, reserved 1048576K
}
Event: 10.148 GC heap before
{Heap before GC invocations=22 (full 3):
 PSYoungGen      total 302080K, used 265093K [0x00000000e0400000, 0x00000000f5d80000, 0x0000000100000000)
  eden space 256512K, 99% used [0x00000000e0400000,0x00000000efdec7d0,0x00000000efe80000)
  from space 45568K, 20% used [0x00000000f3100000,0x00000000f39f5020,0x00000000f5d80000)
  to   space 48640K, 0% used [0x00000000efe80000,0x00000000efe80000,0x00000000f2e00000)
 ParOldGen       total 226816K, used 145939K [0x00000000a0c00000, 0x00000000ae980000, 0x00000000e0400000)
  object space 226816K, 64% used [0x00000000a0c00000,0x00000000a9a84e20,0x00000000ae980000)
 Metaspace       used 17877K, capacity 18089K, committed 18304K, reserved 1064960K
  class space    used 1729K, capacity 1793K, committed 1920K, reserved 1048576K
Event: 10.153 GC heap after
Heap after GC invocations=22 (full 3):
 PSYoungGen      total 305152K, used 9140K [0x00000000e0400000, 0x00000000f6680000, 0x0000000100000000)
  eden space 256512K, 0% used [0x00000000e0400000,0x00000000e0400000,0x00000000efe80000)
  from space 48640K, 18% used [0x00000000efe80000,0x00000000f076d020,0x00000000f2e00000)
  to   space 47104K, 0% used [0x00000000f3880000,0x00000000f3880000,0x00000000f6680000)
 ParOldGen       total 226816K, used 145947K [0x00000000a0c00000, 0x00000000ae980000, 0x00000000e0400000)
  object space 226816K, 64% used [0x00000000a0c00000,0x00000000a9a86e20,0x00000000ae980000)
 Metaspace       used 17877K, capacity 18089K, committed 18304K, reserved 1064960K
  class space    used 1729K, capacity 1793K, committed 1920K, reserved 1048576K
}
Event: 11.012 GC heap before
{Heap before GC invocations=23 (full 3):
 PSYoungGen      total 305152K, used 265085K [0x00000000e0400000, 0x00000000f6680000, 0x0000000100000000)
  eden space 256512K, 99% used [0x00000000e0400000,0x00000000efdf2418,0x00000000efe80000)
  from space 48640K, 18% used [0x00000000efe80000,0x00000000f076d020,0x00000000f2e00000)
  to   space 47104K, 0% used [0x00000000f3880000,0x00000000f3880000,0x00000000f6680000)
 ParOldGen       total 226816K, used 145947K [0x00000000a0c00000, 0x00000000ae980000, 0x00000000e0400000)
  object space 226816K, 64% used [0x00000000a0c00000,0x00000000a9a86e20,0x00000000ae980000)
 Metaspace       used 17885K, capacity 18089K, committed 18304K, reserved 1064960K
  class space    used 1729K, capacity 1793K, committed 1920K, reserved 1048576K
Event: 11.019 GC heap after
Heap after GC invocations=23 (full 3):
 PSYoungGen      total 308736K, used 9204K [0x00000000e0400000, 0x00000000f6100000, 0x0000000100000000)
  eden space 267264K, 0% used [0x00000000e0400000,0x00000000e0400000,0x00000000f0900000)
  from space 41472K, 22% used [0x00000000f3880000,0x00000000f417d020,0x00000000f6100000)
  to   space 45056K, 0% used [0x00000000f0900000,0x00000000f0900000,0x00000000f3500000)
 ParOldGen       total 226816K, used 145955K [0x00000000a0c00000, 0x00000000ae980000, 0x00000000e0400000)
  object space 226816K, 64% used [0x00000000a0c00000,0x00000000a9a88e20,0x00000000ae980000)
 Metaspace       used 17885K, capacity 18089K, committed 18304K, reserved 1064960K
  class space    used 1729K, capacity 1793K, committed 1920K, reserved 1048576K
}

