# JRE version: Java(TM) SE Runtime Environment (8.0_25-b18) (build 1.8.0_25-b18)
# Java VM: Java HotSpot(TM) 64-Bit Server VM (25.25-b02 mixed mode windows-amd64 compressed oops)
Heap:
 PSYoungGen      total 491520K, used 32140K [0x00000000e0400000, 0x00000000ffd00000, 0x0000000100000000)
  eden space 467968K, 6% used [0x00000000e0400000,0x00000000e233b0d8,0x00000000fcd00000)
  from space 23552K, 0% used [0x00000000fe600000,0x00000000fe628000,0x00000000ffd00000)
  to   space 24576K, 0% used [0x00000000fcd00000,0x00000000fcd00000,0x00000000fe500000)
 ParOldGen       total 205312K, used 155752K [0x00000000a0c00000, 0x00000000ad480000, 0x00000000e0400000)
  object space 205312K, 75% used [0x00000000a0c00000,0x00000000aa41a088,0x00000000ad480000)
 Metaspace       used 18503K, capacity 18757K, committed 19072K, reserved 1067008K
  class space    used 1771K, capacity 1825K, committed 1920K, reserved 1048576K
GC Heap History (10 events):
Event: 16.600 GC heap before
{Heap before GC invocations=35 (full 3):
 PSYoungGen      total 487936K, used 457920K [0x00000000e0400000, 0x00000000fff00000, 0x0000000100000000)
  eden space 457216K, 100% used [0x00000000e0400000,0x00000000fc280000,0x00000000fc280000)
  from space 30720K, 2% used [0x00000000fc280000,0x00000000fc330000,0x00000000fe080000)
  to   space 29696K, 0% used [0x00000000fe200000,0x00000000fe200000,0x00000000fff00000)
 ParOldGen       total 205312K, used 155107K [0x00000000a0c00000, 0x00000000ad480000, 0x00000000e0400000)
  object space 205312K, 75% used [0x00000000a0c00000,0x00000000aa378c38,0x00000000ad480000)
 Metaspace       used 18486K, capacity 18693K, committed 18816K, reserved 1067008K
  class space    used 1771K, capacity 1825K, committed 1920K, reserved 1048576K
Event: 16.601 GC heap after
Heap after GC invocations=35 (full 3):
 PSYoungGen      total 487424K, used 704K [0x00000000e0400000, 0x00000000ffd00000, 0x0000000100000000)
  eden space 459776K, 0% used [0x00000000e0400000,0x00000000e0400000,0x00000000fc500000)
  from space 27648K, 2% used [0x00000000fe200000,0x00000000fe2b0000,0x00000000ffd00000)
  to   space 28672K, 0% used [0x00000000fc500000,0x00000000fc500000,0x00000000fe100000)
 ParOldGen       total 205312K, used 155123K [0x00000000a0c00000, 0x00000000ad480000, 0x00000000e0400000)
  object space 205312K, 75% used [0x00000000a0c00000,0x00000000aa37cc38,0x00000000ad480000)
 Metaspace       used 18486K, capacity 18693K, committed 18816K, reserved 1067008K
  class space    used 1771K, capacity 1825K, committed 1920K, reserved 1048576K
}
Event: 17.295 GC heap before
{Heap before GC invocations=36 (full 3):
 PSYoungGen      total 487424K, used 460304K [0x00000000e0400000, 0x00000000ffd00000, 0x0000000100000000)
  eden space 459776K, 99% used [0x00000000e0400000,0x00000000fc4d4388,0x00000000fc500000)
  from space 27648K, 2% used [0x00000000fe200000,0x00000000fe2b0000,0x00000000ffd00000)
  to   space 28672K, 0% used [0x00000000fc500000,0x00000000fc500000,0x00000000fe100000)
 ParOldGen       total 205312K, used 155123K [0x00000000a0c00000, 0x00000000ad480000, 0x00000000e0400000)
  object space 205312K, 75% used [0x00000000a0c00000,0x00000000aa37cc38,0x00000000ad480000)
 Metaspace       used 18486K, capacity 18693K, committed 18816K, reserved 1067008K
  class space    used 1771K, capacity 1825K, committed 1920K, reserved 1048576K
Event: 17.299 GC heap after
Heap after GC invocations=36 (full 3):
 PSYoungGen      total 488448K, used 9620K [0x00000000e0400000, 0x00000000fff00000, 0x0000000100000000)
  eden space 459776K, 0% used [0x00000000e0400000,0x00000000e0400000,0x00000000fc500000)
  from space 28672K, 33% used [0x00000000fc500000,0x00000000fce65020,0x00000000fe100000)
  to   space 27648K, 0% used [0x00000000fe400000,0x00000000fe400000,0x00000000fff00000)
 ParOldGen       total 205312K, used 155139K [0x00000000a0c00000, 0x00000000ad480000, 0x00000000e0400000)
  object space 205312K, 75% used [0x00000000a0c00000,0x00000000aa380c38,0x00000000ad480000)
 Metaspace       used 18486K, capacity 18693K, committed 18816K, reserved 1067008K
  class space    used 1771K, capacity 1825K, committed 1920K, reserved 1048576K
}
Event: 18.047 GC heap before
{Heap before GC invocations=37 (full 3):
 PSYoungGen      total 488448K, used 469396K [0x00000000e0400000, 0x00000000fff00000, 0x0000000100000000)
  eden space 459776K, 100% used [0x00000000e0400000,0x00000000fc500000,0x00000000fc500000)
  from space 28672K, 33% used [0x00000000fc500000,0x00000000fce65020,0x00000000fe100000)
  to   space 27648K, 0% used [0x00000000fe400000,0x00000000fe400000,0x00000000fff00000)
 ParOldGen       total 205312K, used 155139K [0x00000000a0c00000, 0x00000000ad480000, 0x00000000e0400000)
  object space 205312K, 75% used [0x00000000a0c00000,0x00000000aa380c38,0x00000000ad480000)
 Metaspace       used 18500K, capacity 18757K, committed 19072K, reserved 1067008K
  class space    used 1771K, capacity 1825K, committed 1920K, reserved 1048576K
Event: 18.049 GC heap after
Heap after GC invocations=37 (full 3):
 PSYoungGen      total 489472K, used 256K [0x00000000e0400000, 0x00000000ffd00000, 0x0000000100000000)
  eden space 463872K, 0% used [0x00000000e0400000,0x00000000e0400000,0x00000000fc900000)
  from space 25600K, 1% used [0x00000000fe400000,0x00000000fe440000,0x00000000ffd00000)
  to   space 26624K, 0% used [0x00000000fc900000,0x00000000fc900000,0x00000000fe300000)
 ParOldGen       total 205312K, used 155704K [0x00000000a0c00000, 0x00000000ad480000, 0x00000000e0400000)
  object space 205312K, 75% used [0x00000000a0c00000,0x00000000aa40e088,0x00000000ad480000)
 Metaspace       used 18500K, capacity 18757K, committed 19072K, reserved 1067008K
  class space    used 1771K, capacity 1825K, committed 1920K, reserved 1048576K
}
Event: 18.758 GC heap before
{Heap before GC invocations=38 (full 3):
 PSYoungGen      total 489472K, used 460434K [0x00000000e0400000, 0x00000000ffd00000, 0x0000000100000000)
  eden space 463872K, 99% used [0x00000000e0400000,0x00000000fc564af8,0x00000000fc900000)
  from space 25600K, 1% used [0x00000000fe400000,0x00000000fe440000,0x00000000ffd00000)
  to   space 26624K, 0% used [0x00000000fc900000,0x00000000fc900000,0x00000000fe300000)
 ParOldGen       total 205312K, used 155704K [0x00000000a0c00000, 0x00000000ad480000, 0x00000000e0400000)
  object space 205312K, 75% used [0x00000000a0c00000,0x00000000aa40e088,0x00000000ad480000)
 Metaspace       used 18500K, capacity 18757K, committed 19072K, reserved 1067008K
  class space    used 1771K, capacity 1825K, committed 1920K, reserved 1048576K
Event: 18.759 GC heap after
Heap after GC invocations=38 (full 3):
 PSYoungGen      total 490496K, used 160K [0x00000000e0400000, 0x00000000fff00000, 0x0000000100000000)
  eden space 463872K, 0% used [0x00000000e0400000,0x00000000e0400000,0x00000000fc900000)
  from space 26624K, 0% used [0x00000000fc900000,0x00000000fc928000,0x00000000fe300000)
  to   space 25600K, 0% used [0x00000000fe600000,0x00000000fe600000,0x00000000fff00000)
 ParOldGen       total 205312K, used 155728K [0x00000000a0c00000, 0x00000000ad480000, 0x00000000e0400000)
  object space 205312K, 75% used [0x00000000a0c00000,0x00000000aa414088,0x00000000ad480000)
 Metaspace       used 18500K, capacity 18757K, committed 19072K, reserved 1067008K
  class space    used 1771K, capacity 1825K, committed 1920K, reserved 1048576K
}
Event: 19.487 GC heap before
{Heap before GC invocations=39 (full 3):
 PSYoungGen      total 490496K, used 464032K [0x00000000e0400000, 0x00000000fff00000, 0x0000000100000000)
  eden space 463872K, 100% used [0x00000000e0400000,0x00000000fc900000,0x00000000fc900000)
  from space 26624K, 0% used [0x00000000fc900000,0x00000000fc928000,0x00000000fe300000)
  to   space 25600K, 0% used [0x00000000fe600000,0x00000000fe600000,0x00000000fff00000)
 ParOldGen       total 205312K, used 155728K [0x00000000a0c00000, 0x00000000ad480000, 0x00000000e0400000)
  object space 205312K, 75% used [0x00000000a0c00000,0x00000000aa414088,0x00000000ad480000)
 Metaspace       used 18503K, capacity 18757K, committed 19072K, reserved 1067008K
  class space    used 1771K, capacity 1825K, committed 1920K, reserved 1048576K
Event: 19.488 GC heap after
Heap after GC invocations=39 (full 3):
 PSYoungGen      total 491520K, used 160K [0x00000000e0400000, 0x00000000ffd00000, 0x0000000100000000)
  eden space 467968K, 0% used [0x00000000e0400000,0x00000000e0400000,0x00000000fcd00000)
  from space 23552K, 0% used [0x00000000fe600000,0x00000000fe628000,0x00000000ffd00000)
  to   space 24576K, 0% used [0x00000000fcd00000,0x00000000fcd00000,0x00000000fe500000)
 ParOldGen       total 205312K, used 155752K [0x00000000a0c00000, 0x00000000ad480000, 0x00000000e0400000)
  object space 205312K, 75% used [0x00000000a0c00000,0x00000000aa41a088,0x00000000ad480000)
 Metaspace       used 18503K, capacity 18757K, committed 19072K, reserved 1067008K
  class space    used 1771K, capacity 1825K, committed 1920K, reserved 1048576K
}

