# JRE version: Java(TM) SE Runtime Environment (8.0_25-b18) (build 1.8.0_25-b18)
# Java VM: Java HotSpot(TM) 64-Bit Server VM (25.25-b02 mixed mode windows-amd64 compressed oops)
Heap:
 PSYoungGen      total 413696K, used 220165K [0x00000000e0400000, 0x00000000fba00000, 0x0000000100000000)
  eden space 381952K, 57% used [0x00000000e0400000,0x00000000edad1768,0x00000000f7900000)
  from space 31744K, 0% used [0x00000000f7900000,0x00000000f7930000,0x00000000f9800000)
  to   space 30208K, 0% used [0x00000000f9c80000,0x00000000f9c80000,0x00000000fba00000)
 ParOldGen       total 210944K, used 171913K [0x00000000a0c00000, 0x00000000ada00000, 0x00000000e0400000)
  object space 210944K, 81% used [0x00000000a0c00000,0x00000000ab3e2508,0x00000000ada00000)
 Metaspace       used 17823K, capacity 18057K, committed 18176K, reserved 1064960K
  class space    used 1718K, capacity 1761K, committed 1792K, reserved 1048576K
GC Heap History (10 events):
Event: 11.849 GC heap before
{Heap before GC invocations=28 (full 3):
 PSYoungGen      total 406528K, used 364928K [0x00000000e0400000, 0x00000000fbb80000, 0x0000000100000000)
  eden space 370176K, 98% used [0x00000000e0400000,0x00000000f68481e8,0x00000000f6d80000)
  from space 36352K, 0% used [0x00000000f9800000,0x00000000f9818000,0x00000000fbb80000)
  to   space 39936K, 0% used [0x00000000f6d80000,0x00000000f6d80000,0x00000000f9480000)
 ParOldGen       total 210944K, used 171857K [0x00000000a0c00000, 0x00000000ada00000, 0x00000000e0400000)
  object space 210944K, 81% used [0x00000000a0c00000,0x00000000ab3d4508,0x00000000ada00000)
 Metaspace       used 17696K, capacity 17929K, committed 18176K, reserved 1064960K
  class space    used 1706K, capacity 1761K, committed 1792K, reserved 1048576K
Event: 11.851 GC heap after
Heap after GC invocations=28 (full 3):
 PSYoungGen      total 410112K, used 192K [0x00000000e0400000, 0x00000000fbe00000, 0x0000000100000000)
  eden space 370176K, 0% used [0x00000000e0400000,0x00000000e0400000,0x00000000f6d80000)
  from space 39936K, 0% used [0x00000000f6d80000,0x00000000f6db0000,0x00000000f9480000)
  to   space 37888K, 0% used [0x00000000f9900000,0x00000000f9900000,0x00000000fbe00000)
 ParOldGen       total 210944K, used 171865K [0x00000000a0c00000, 0x00000000ada00000, 0x00000000e0400000)
  object space 210944K, 81% used [0x00000000a0c00000,0x00000000ab3d6508,0x00000000ada00000)
 Metaspace       used 17696K, capacity 17929K, committed 18176K, reserved 1064960K
  class space    used 1706K, capacity 1761K, committed 1792K, reserved 1048576K
}
Event: 12.446 GC heap before
{Heap before GC invocations=29 (full 3):
 PSYoungGen      total 410112K, used 370368K [0x00000000e0400000, 0x00000000fbe00000, 0x0000000100000000)
  eden space 370176K, 100% used [0x00000000e0400000,0x00000000f6d80000,0x00000000f6d80000)
  from space 39936K, 0% used [0x00000000f6d80000,0x00000000f6db0000,0x00000000f9480000)
  to   space 37888K, 0% used [0x00000000f9900000,0x00000000f9900000,0x00000000fbe00000)
 ParOldGen       total 210944K, used 171865K [0x00000000a0c00000, 0x00000000ada00000, 0x00000000e0400000)
  object space 210944K, 81% used [0x00000000a0c00000,0x00000000ab3d6508,0x00000000ada00000)
 Metaspace       used 17764K, capacity 17993K, committed 18176K, reserved 1064960K
  class space    used 1706K, capacity 1761K, committed 1792K, reserved 1048576K
Event: 12.448 GC heap after
Heap after GC invocations=29 (full 3):
 PSYoungGen      total 409600K, used 96K [0x00000000e0400000, 0x00000000fb980000, 0x0000000100000000)
  eden space 376320K, 0% used [0x00000000e0400000,0x00000000e0400000,0x00000000f7380000)
  from space 33280K, 0% used [0x00000000f9900000,0x00000000f9918000,0x00000000fb980000)
  to   space 35840K, 0% used [0x00000000f7380000,0x00000000f7380000,0x00000000f9680000)
 ParOldGen       total 210944K, used 171873K [0x00000000a0c00000, 0x00000000ada00000, 0x00000000e0400000)
  object space 210944K, 81% used [0x00000000a0c00000,0x00000000ab3d8508,0x00000000ada00000)
 Metaspace       used 17764K, capacity 17993K, committed 18176K, reserved 1064960K
  class space    used 1706K, capacity 1761K, committed 1792K, reserved 1048576K
}
Event: 13.043 GC heap before
{Heap before GC invocations=30 (full 3):
 PSYoungGen      total 409600K, used 376416K [0x00000000e0400000, 0x00000000fb980000, 0x0000000100000000)
  eden space 376320K, 100% used [0x00000000e0400000,0x00000000f7380000,0x00000000f7380000)
  from space 33280K, 0% used [0x00000000f9900000,0x00000000f9918000,0x00000000fb980000)
  to   space 35840K, 0% used [0x00000000f7380000,0x00000000f7380000,0x00000000f9680000)
 ParOldGen       total 210944K, used 171873K [0x00000000a0c00000, 0x00000000ada00000, 0x00000000e0400000)
  object space 210944K, 81% used [0x00000000a0c00000,0x00000000ab3d8508,0x00000000ada00000)
 Metaspace       used 17767K, capacity 17993K, committed 18176K, reserved 1064960K
  class space    used 1706K, capacity 1761K, committed 1792K, reserved 1048576K
Event: 13.046 GC heap after
Heap after GC invocations=30 (full 3):
 PSYoungGen      total 412160K, used 160K [0x00000000e0400000, 0x00000000fbb80000, 0x0000000100000000)
  eden space 376320K, 0% used [0x00000000e0400000,0x00000000e0400000,0x00000000f7380000)
  from space 35840K, 0% used [0x00000000f7380000,0x00000000f73a8000,0x00000000f9680000)
  to   space 33792K, 0% used [0x00000000f9a80000,0x00000000f9a80000,0x00000000fbb80000)
 ParOldGen       total 210944K, used 171889K [0x00000000a0c00000, 0x00000000ada00000, 0x00000000e0400000)
  object space 210944K, 81% used [0x00000000a0c00000,0x00000000ab3dc508,0x00000000ada00000)
 Metaspace       used 17767K, capacity 17993K, committed 18176K, reserved 1064960K
  class space    used 1706K, capacity 1761K, committed 1792K, reserved 1048576K
}
Event: 13.683 GC heap before
{Heap before GC invocations=31 (full 3):
 PSYoungGen      total 412160K, used 376480K [0x00000000e0400000, 0x00000000fbb80000, 0x0000000100000000)
  eden space 376320K, 100% used [0x00000000e0400000,0x00000000f7380000,0x00000000f7380000)
  from space 35840K, 0% used [0x00000000f7380000,0x00000000f73a8000,0x00000000f9680000)
  to   space 33792K, 0% used [0x00000000f9a80000,0x00000000f9a80000,0x00000000fbb80000)
 ParOldGen       total 210944K, used 171889K [0x00000000a0c00000, 0x00000000ada00000, 0x00000000e0400000)
  object space 210944K, 81% used [0x00000000a0c00000,0x00000000ab3dc508,0x00000000ada00000)
 Metaspace       used 17788K, capacity 17993K, committed 18176K, reserved 1064960K
  class space    used 1706K, capacity 1761K, committed 1792K, reserved 1048576K
Event: 13.686 GC heap after
Heap after GC invocations=31 (full 3):
 PSYoungGen      total 411136K, used 192K [0x00000000e0400000, 0x00000000fb700000, 0x0000000100000000)
  eden space 381952K, 0% used [0x00000000e0400000,0x00000000e0400000,0x00000000f7900000)
  from space 29184K, 0% used [0x00000000f9a80000,0x00000000f9ab0000,0x00000000fb700000)
  to   space 31744K, 0% used [0x00000000f7900000,0x00000000f7900000,0x00000000f9800000)
 ParOldGen       total 210944K, used 171905K [0x00000000a0c00000, 0x00000000ada00000, 0x00000000e0400000)
  object space 210944K, 81% used [0x00000000a0c00000,0x00000000ab3e0508,0x00000000ada00000)
 Metaspace       used 17788K, capacity 17993K, committed 18176K, reserved 1064960K
  class space    used 1706K, capacity 1761K, committed 1792K, reserved 1048576K
}
Event: 14.324 GC heap before
{Heap before GC invocations=32 (full 3):
 PSYoungGen      total 411136K, used 380765K [0x00000000e0400000, 0x00000000fb700000, 0x0000000100000000)
  eden space 381952K, 99% used [0x00000000e0400000,0x00000000f77a7538,0x00000000f7900000)
  from space 29184K, 0% used [0x00000000f9a80000,0x00000000f9ab0000,0x00000000fb700000)
  to   space 31744K, 0% used [0x00000000f7900000,0x00000000f7900000,0x00000000f9800000)
 ParOldGen       total 210944K, used 171905K [0x00000000a0c00000, 0x00000000ada00000, 0x00000000e0400000)
  object space 210944K, 81% used [0x00000000a0c00000,0x00000000ab3e0508,0x00000000ada00000)
 Metaspace       used 17788K, capacity 17993K, committed 18176K, reserved 1064960K
  class space    used 1706K, capacity 1761K, committed 1792K, reserved 1048576K
Event: 14.327 GC heap after
Heap after GC invocations=32 (full 3):
 PSYoungGen      total 413696K, used 192K [0x00000000e0400000, 0x00000000fba00000, 0x0000000100000000)
  eden space 381952K, 0% used [0x00000000e0400000,0x00000000e0400000,0x00000000f7900000)
  from space 31744K, 0% used [0x00000000f7900000,0x00000000f7930000,0x00000000f9800000)
  to   space 30208K, 0% used [0x00000000f9c80000,0x00000000f9c80000,0x00000000fba00000)
 ParOldGen       total 210944K, used 171913K [0x00000000a0c00000, 0x00000000ada00000, 0x00000000e0400000)
  object space 210944K, 81% used [0x00000000a0c00000,0x00000000ab3e2508,0x00000000ada00000)
 Metaspace       used 17788K, capacity 17993K, committed 18176K, reserved 1064960K
  class space    used 1706K, capacity 1761K, committed 1792K, reserved 1048576K
}

