# JRE version: Java(TM) SE Runtime Environment (8.0_25-b18) (build 1.8.0_25-b18)
# Java VM: Java HotSpot(TM) 64-Bit Server VM (25.25-b02 mixed mode windows-amd64 compressed oops)
Heap:
 PSYoungGen      total 327168K, used 163133K [0x00000000e0400000, 0x00000000f4580000, 0x0000000100000000)
  eden space 326656K, 49% used [0x00000000e0400000,0x00000000ea327568,0x00000000f4300000)
  from space 512K, 31% used [0x00000000f4300000,0x00000000f4328000,0x00000000f4380000)
  to   space 512K, 0% used [0x00000000f4500000,0x00000000f4500000,0x00000000f4580000)
 ParOldGen       total 228864K, used 204705K [0x00000000a0c00000, 0x00000000aeb80000, 0x00000000e0400000)
  object space 228864K, 89% used [0x00000000a0c00000,0x00000000ad3e86f0,0x00000000aeb80000)
 Metaspace       used 18043K, capacity 18281K, committed 18560K, reserved 1067008K
  class space    used 1735K, capacity 1793K, committed 1920K, reserved 1048576K
GC Heap History (10 events):
Event: 90.151 GC heap before
{Heap before GC invocations=136 (full 3):
 PSYoungGen      total 324096K, used 323744K [0x00000000e0400000, 0x00000000f4100000, 0x0000000100000000)
  eden space 323584K, 100% used [0x00000000e0400000,0x00000000f4000000,0x00000000f4000000)
  from space 512K, 31% used [0x00000000f4080000,0x00000000f40a8000,0x00000000f4100000)
  to   space 512K, 0% used [0x00000000f4000000,0x00000000f4000000,0x00000000f4080000)
 ParOldGen       total 228864K, used 204673K [0x00000000a0c00000, 0x00000000aeb80000, 0x00000000e0400000)
  object space 228864K, 89% used [0x00000000a0c00000,0x00000000ad3e06f0,0x00000000aeb80000)
 Metaspace       used 18008K, capacity 18217K, committed 18560K, reserved 1067008K
  class space    used 1724K, capacity 1793K, committed 1920K, reserved 1048576K
Event: 90.153 GC heap after
Heap after GC invocations=136 (full 3):
 PSYoungGen      total 324096K, used 192K [0x00000000e0400000, 0x00000000f4280000, 0x0000000100000000)
  eden space 323584K, 0% used [0x00000000e0400000,0x00000000e0400000,0x00000000f4000000)
  from space 512K, 37% used [0x00000000f4000000,0x00000000f4030000,0x00000000f4080000)
  to   space 512K, 0% used [0x00000000f4200000,0x00000000f4200000,0x00000000f4280000)
 ParOldGen       total 228864K, used 204673K [0x00000000a0c00000, 0x00000000aeb80000, 0x00000000e0400000)
  object space 228864K, 89% used [0x00000000a0c00000,0x00000000ad3e06f0,0x00000000aeb80000)
 Metaspace       used 18008K, capacity 18217K, committed 18560K, reserved 1067008K
  class space    used 1724K, capacity 1793K, committed 1920K, reserved 1048576K
}
Event: 90.598 GC heap before
{Heap before GC invocations=137 (full 3):
 PSYoungGen      total 324096K, used 323776K [0x00000000e0400000, 0x00000000f4280000, 0x0000000100000000)
  eden space 323584K, 100% used [0x00000000e0400000,0x00000000f4000000,0x00000000f4000000)
  from space 512K, 37% used [0x00000000f4000000,0x00000000f4030000,0x00000000f4080000)
  to   space 512K, 0% used [0x00000000f4200000,0x00000000f4200000,0x00000000f4280000)
 ParOldGen       total 228864K, used 204673K [0x00000000a0c00000, 0x00000000aeb80000, 0x00000000e0400000)
  object space 228864K, 89% used [0x00000000a0c00000,0x00000000ad3e06f0,0x00000000aeb80000)
 Metaspace       used 18008K, capacity 18217K, committed 18560K, reserved 1067008K
  class space    used 1724K, capacity 1793K, committed 1920K, reserved 1048576K
Event: 90.599 GC heap after
Heap after GC invocations=137 (full 3):
 PSYoungGen      total 325632K, used 128K [0x00000000e0400000, 0x00000000f4280000, 0x0000000100000000)
  eden space 325120K, 0% used [0x00000000e0400000,0x00000000e0400000,0x00000000f4180000)
  from space 512K, 25% used [0x00000000f4200000,0x00000000f4220000,0x00000000f4280000)
  to   space 512K, 0% used [0x00000000f4180000,0x00000000f4180000,0x00000000f4200000)
 ParOldGen       total 228864K, used 204689K [0x00000000a0c00000, 0x00000000aeb80000, 0x00000000e0400000)
  object space 228864K, 89% used [0x00000000a0c00000,0x00000000ad3e46f0,0x00000000aeb80000)
 Metaspace       used 18008K, capacity 18217K, committed 18560K, reserved 1067008K
  class space    used 1724K, capacity 1793K, committed 1920K, reserved 1048576K
}
Event: 91.055 GC heap before
{Heap before GC invocations=138 (full 3):
 PSYoungGen      total 325632K, used 325248K [0x00000000e0400000, 0x00000000f4280000, 0x0000000100000000)
  eden space 325120K, 100% used [0x00000000e0400000,0x00000000f4180000,0x00000000f4180000)
  from space 512K, 25% used [0x00000000f4200000,0x00000000f4220000,0x00000000f4280000)
  to   space 512K, 0% used [0x00000000f4180000,0x00000000f4180000,0x00000000f4200000)
 ParOldGen       total 228864K, used 204689K [0x00000000a0c00000, 0x00000000aeb80000, 0x00000000e0400000)
  object space 228864K, 89% used [0x00000000a0c00000,0x00000000ad3e46f0,0x00000000aeb80000)
 Metaspace       used 18008K, capacity 18217K, committed 18560K, reserved 1067008K
  class space    used 1724K, capacity 1793K, committed 1920K, reserved 1048576K
Event: 91.056 GC heap after
Heap after GC invocations=138 (full 3):
 PSYoungGen      total 325632K, used 96K [0x00000000e0400000, 0x00000000f4400000, 0x0000000100000000)
  eden space 325120K, 0% used [0x00000000e0400000,0x00000000e0400000,0x00000000f4180000)
  from space 512K, 18% used [0x00000000f4180000,0x00000000f4198000,0x00000000f4200000)
  to   space 512K, 0% used [0x00000000f4380000,0x00000000f4380000,0x00000000f4400000)
 ParOldGen       total 228864K, used 204689K [0x00000000a0c00000, 0x00000000aeb80000, 0x00000000e0400000)
  object space 228864K, 89% used [0x00000000a0c00000,0x00000000ad3e46f0,0x00000000aeb80000)
 Metaspace       used 18008K, capacity 18217K, committed 18560K, reserved 1067008K
  class space    used 1724K, capacity 1793K, committed 1920K, reserved 1048576K
}
Event: 91.458 GC heap before
{Heap before GC invocations=139 (full 3):
 PSYoungGen      total 325632K, used 325216K [0x00000000e0400000, 0x00000000f4400000, 0x0000000100000000)
  eden space 325120K, 100% used [0x00000000e0400000,0x00000000f4180000,0x00000000f4180000)
  from space 512K, 18% used [0x00000000f4180000,0x00000000f4198000,0x00000000f4200000)
  to   space 512K, 0% used [0x00000000f4380000,0x00000000f4380000,0x00000000f4400000)
 ParOldGen       total 228864K, used 204689K [0x00000000a0c00000, 0x00000000aeb80000, 0x00000000e0400000)
  object space 228864K, 89% used [0x00000000a0c00000,0x00000000ad3e46f0,0x00000000aeb80000)
 Metaspace       used 18008K, capacity 18217K, committed 18560K, reserved 1067008K
  class space    used 1724K, capacity 1793K, committed 1920K, reserved 1048576K
Event: 91.459 GC heap after
Heap after GC invocations=139 (full 3):
 PSYoungGen      total 327168K, used 96K [0x00000000e0400000, 0x00000000f4400000, 0x0000000100000000)
  eden space 326656K, 0% used [0x00000000e0400000,0x00000000e0400000,0x00000000f4300000)
  from space 512K, 18% used [0x00000000f4380000,0x00000000f4398000,0x00000000f4400000)
  to   space 512K, 0% used [0x00000000f4300000,0x00000000f4300000,0x00000000f4380000)
 ParOldGen       total 228864K, used 204705K [0x00000000a0c00000, 0x00000000aeb80000, 0x00000000e0400000)
  object space 228864K, 89% used [0x00000000a0c00000,0x00000000ad3e86f0,0x00000000aeb80000)
 Metaspace       used 18008K, capacity 18217K, committed 18560K, reserved 1067008K
  class space    used 1724K, capacity 1793K, committed 1920K, reserved 1048576K
}
Event: 91.961 GC heap before
{Heap before GC invocations=140 (full 3):
 PSYoungGen      total 327168K, used 321017K [0x00000000e0400000, 0x00000000f4400000, 0x0000000100000000)
  eden space 326656K, 98% used [0x00000000e0400000,0x00000000f3d66708,0x00000000f4300000)
  from space 512K, 18% used [0x00000000f4380000,0x00000000f4398000,0x00000000f4400000)
  to   space 512K, 0% used [0x00000000f4300000,0x00000000f4300000,0x00000000f4380000)
 ParOldGen       total 228864K, used 204705K [0x00000000a0c00000, 0x00000000aeb80000, 0x00000000e0400000)
  object space 228864K, 89% used [0x00000000a0c00000,0x00000000ad3e86f0,0x00000000aeb80000)
 Metaspace       used 18008K, capacity 18217K, committed 18560K, reserved 1067008K
  class space    used 1724K, capacity 1793K, committed 1920K, reserved 1048576K
Event: 91.963 GC heap after
Heap after GC invocations=140 (full 3):
 PSYoungGen      total 327168K, used 160K [0x00000000e0400000, 0x00000000f4580000, 0x0000000100000000)
  eden space 326656K, 0% used [0x00000000e0400000,0x00000000e0400000,0x00000000f4300000)
  from space 512K, 31% used [0x00000000f4300000,0x00000000f4328000,0x00000000f4380000)
  to   space 512K, 0% used [0x00000000f4500000,0x00000000f4500000,0x00000000f4580000)
 ParOldGen       total 228864K, used 204705K [0x00000000a0c00000, 0x00000000aeb80000, 0x00000000e0400000)
  object space 228864K, 89% used [0x00000000a0c00000,0x00000000ad3e86f0,0x00000000aeb80000)
 Metaspace       used 18008K, capacity 18217K, committed 18560K, reserved 1067008K
  class space    used 1724K, capacity 1793K, committed 1920K, reserved 1048576K
}

