# JRE version: Java(TM) SE Runtime Environment (8.0_25-b18) (build 1.8.0_25-b18)
# Java VM: Java HotSpot(TM) 64-Bit Server VM (25.25-b02 mixed mode windows-amd64 compressed oops)
Heap:
 PSYoungGen      total 269312K, used 76852K [0x00000000e0400000, 0x00000000f4600000, 0x0000000100000000)
  eden space 222208K, 30% used [0x00000000e0400000,0x00000000e46200f0,0x00000000edd00000)
  from space 47104K, 19% used [0x00000000edd00000,0x00000000ee5ed020,0x00000000f0b00000)
  to   space 45568K, 0% used [0x00000000f1980000,0x00000000f1980000,0x00000000f4600000)
 ParOldGen       total 231424K, used 145915K [0x00000000a0c00000, 0x00000000aee00000, 0x00000000e0400000)
  object space 231424K, 63% used [0x00000000a0c00000,0x00000000a9a7ef98,0x00000000aee00000)
 Metaspace       used 17564K, capacity 17729K, committed 17920K, reserved 1064960K
  class space    used 1720K, capacity 1761K, committed 1792K, reserved 1048576K
GC Heap History (10 events):
Event: 4.020 GC heap before
{Heap before GC invocations=16 (full 3):
 PSYoungGen      total 214528K, used 186568K [0x00000000e0400000, 0x00000000f0e80000, 0x0000000100000000)
  eden space 168448K, 100% used [0x00000000e0400000,0x00000000ea880000,0x00000000ea880000)
  from space 46080K, 39% used [0x00000000ee180000,0x00000000ef332040,0x00000000f0e80000)
  to   space 52224K, 0% used [0x00000000ea880000,0x00000000ea880000,0x00000000edb80000)
 ParOldGen       total 231424K, used 145883K [0x00000000a0c00000, 0x00000000aee00000, 0x00000000e0400000)
  object space 231424K, 63% used [0x00000000a0c00000,0x00000000a9a76f98,0x00000000aee00000)
 Metaspace       used 17442K, capacity 17665K, committed 17920K, reserved 1064960K
  class space    used 1707K, capacity 1761K, committed 1792K, reserved 1048576K
Event: 4.022 GC heap after
Heap after GC invocations=16 (full 3):
 PSYoungGen      total 220672K, used 9140K [0x00000000e0400000, 0x00000000f2c80000, 0x0000000100000000)
  eden space 168448K, 0% used [0x00000000e0400000,0x00000000e0400000,0x00000000ea880000)
  from space 52224K, 17% used [0x00000000ea880000,0x00000000eb16d020,0x00000000edb80000)
  to   space 51200K, 0% used [0x00000000efa80000,0x00000000efa80000,0x00000000f2c80000)
 ParOldGen       total 231424K, used 145891K [0x00000000a0c00000, 0x00000000aee00000, 0x00000000e0400000)
  object space 231424K, 63% used [0x00000000a0c00000,0x00000000a9a78f98,0x00000000aee00000)
 Metaspace       used 17442K, capacity 17665K, committed 17920K, reserved 1064960K
  class space    used 1707K, capacity 1761K, committed 1792K, reserved 1048576K
}
Event: 4.222 GC heap before
{Heap before GC invocations=17 (full 3):
 PSYoungGen      total 220672K, used 177588K [0x00000000e0400000, 0x00000000f2c80000, 0x0000000100000000)
  eden space 168448K, 100% used [0x00000000e0400000,0x00000000ea880000,0x00000000ea880000)
  from space 52224K, 17% used [0x00000000ea880000,0x00000000eb16d020,0x00000000edb80000)
  to   space 51200K, 0% used [0x00000000efa80000,0x00000000efa80000,0x00000000f2c80000)
 ParOldGen       total 231424K, used 145891K [0x00000000a0c00000, 0x00000000aee00000, 0x00000000e0400000)
  object space 231424K, 63% used [0x00000000a0c00000,0x00000000a9a78f98,0x00000000aee00000)
 Metaspace       used 17467K, capacity 17665K, committed 17920K, reserved 1064960K
  class space    used 1707K, capacity 1761K, committed 1792K, reserved 1048576K
Event: 4.227 GC heap after
Heap after GC invocations=17 (full 3):
 PSYoungGen      total 242176K, used 9172K [0x00000000e0400000, 0x00000000f2680000, 0x0000000100000000)
  eden space 197120K, 0% used [0x00000000e0400000,0x00000000e0400000,0x00000000ec480000)
  from space 45056K, 20% used [0x00000000efa80000,0x00000000f0375020,0x00000000f2680000)
  to   space 50176K, 0% used [0x00000000ec480000,0x00000000ec480000,0x00000000ef580000)
 ParOldGen       total 231424K, used 145899K [0x00000000a0c00000, 0x00000000aee00000, 0x00000000e0400000)
  object space 231424K, 63% used [0x00000000a0c00000,0x00000000a9a7af98,0x00000000aee00000)
 Metaspace       used 17467K, capacity 17665K, committed 17920K, reserved 1064960K
  class space    used 1707K, capacity 1761K, committed 1792K, reserved 1048576K
}
Event: 4.503 GC heap before
{Heap before GC invocations=18 (full 3):
 PSYoungGen      total 242176K, used 206292K [0x00000000e0400000, 0x00000000f2680000, 0x0000000100000000)
  eden space 197120K, 100% used [0x00000000e0400000,0x00000000ec480000,0x00000000ec480000)
  from space 45056K, 20% used [0x00000000efa80000,0x00000000f0375020,0x00000000f2680000)
  to   space 50176K, 0% used [0x00000000ec480000,0x00000000ec480000,0x00000000ef580000)
 ParOldGen       total 231424K, used 145899K [0x00000000a0c00000, 0x00000000aee00000, 0x00000000e0400000)
  object space 231424K, 63% used [0x00000000a0c00000,0x00000000a9a7af98,0x00000000aee00000)
 Metaspace       used 17482K, capacity 17665K, committed 17920K, reserved 1064960K
  class space    used 1707K, capacity 1761K, committed 1792K, reserved 1048576K
Event: 4.506 GC heap after
Heap after GC invocations=18 (full 3):
 PSYoungGen      total 247296K, used 9172K [0x00000000e0400000, 0x00000000f3f00000, 0x0000000100000000)
  eden space 197120K, 0% used [0x00000000e0400000,0x00000000e0400000,0x00000000ec480000)
  from space 50176K, 18% used [0x00000000ec480000,0x00000000ecd75020,0x00000000ef580000)
  to   space 48640K, 0% used [0x00000000f0f80000,0x00000000f0f80000,0x00000000f3f00000)
 ParOldGen       total 231424K, used 145899K [0x00000000a0c00000, 0x00000000aee00000, 0x00000000e0400000)
  object space 231424K, 63% used [0x00000000a0c00000,0x00000000a9a7af98,0x00000000aee00000)
 Metaspace       used 17482K, capacity 17665K, committed 17920K, reserved 1064960K
  class space    used 1707K, capacity 1761K, committed 1792K, reserved 1048576K
}
Event: 4.744 GC heap before
{Heap before GC invocations=19 (full 3):
 PSYoungGen      total 247296K, used 206292K [0x00000000e0400000, 0x00000000f3f00000, 0x0000000100000000)
  eden space 197120K, 100% used [0x00000000e0400000,0x00000000ec480000,0x00000000ec480000)
  from space 50176K, 18% used [0x00000000ec480000,0x00000000ecd75020,0x00000000ef580000)
  to   space 48640K, 0% used [0x00000000f0f80000,0x00000000f0f80000,0x00000000f3f00000)
 ParOldGen       total 231424K, used 145899K [0x00000000a0c00000, 0x00000000aee00000, 0x00000000e0400000)
  object space 231424K, 63% used [0x00000000a0c00000,0x00000000a9a7af98,0x00000000aee00000)
 Metaspace       used 17503K, capacity 17729K, committed 17920K, reserved 1064960K
  class space    used 1707K, capacity 1761K, committed 1792K, reserved 1048576K
Event: 4.749 GC heap after
Heap after GC invocations=19 (full 3):
 PSYoungGen      total 264704K, used 9172K [0x00000000e0400000, 0x00000000f3900000, 0x0000000100000000)
  eden space 222208K, 0% used [0x00000000e0400000,0x00000000e0400000,0x00000000edd00000)
  from space 42496K, 21% used [0x00000000f0f80000,0x00000000f1875020,0x00000000f3900000)
  to   space 47104K, 0% used [0x00000000edd00000,0x00000000edd00000,0x00000000f0b00000)
 ParOldGen       total 231424K, used 145907K [0x00000000a0c00000, 0x00000000aee00000, 0x00000000e0400000)
  object space 231424K, 63% used [0x00000000a0c00000,0x00000000a9a7cf98,0x00000000aee00000)
 Metaspace       used 17503K, capacity 17729K, committed 17920K, reserved 1064960K
  class space    used 1707K, capacity 1761K, committed 1792K, reserved 1048576K
}
Event: 5.050 GC heap before
{Heap before GC invocations=20 (full 3):
 PSYoungGen      total 264704K, used 229602K [0x00000000e0400000, 0x00000000f3900000, 0x0000000100000000)
  eden space 222208K, 99% used [0x00000000e0400000,0x00000000edb43808,0x00000000edd00000)
  from space 42496K, 21% used [0x00000000f0f80000,0x00000000f1875020,0x00000000f3900000)
  to   space 47104K, 0% used [0x00000000edd00000,0x00000000edd00000,0x00000000f0b00000)
 ParOldGen       total 231424K, used 145907K [0x00000000a0c00000, 0x00000000aee00000, 0x00000000e0400000)
  object space 231424K, 63% used [0x00000000a0c00000,0x00000000a9a7cf98,0x00000000aee00000)
 Metaspace       used 17518K, capacity 17729K, committed 17920K, reserved 1064960K
  class space    used 1707K, capacity 1761K, committed 1792K, reserved 1048576K
Event: 5.053 GC heap after
Heap after GC invocations=20 (full 3):
 PSYoungGen      total 269312K, used 9140K [0x00000000e0400000, 0x00000000f4600000, 0x0000000100000000)
  eden space 222208K, 0% used [0x00000000e0400000,0x00000000e0400000,0x00000000edd00000)
  from space 47104K, 19% used [0x00000000edd00000,0x00000000ee5ed020,0x00000000f0b00000)
  to   space 45568K, 0% used [0x00000000f1980000,0x00000000f1980000,0x00000000f4600000)
 ParOldGen       total 231424K, used 145915K [0x00000000a0c00000, 0x00000000aee00000, 0x00000000e0400000)
  object space 231424K, 63% used [0x00000000a0c00000,0x00000000a9a7ef98,0x00000000aee00000)
 Metaspace       used 17518K, capacity 17729K, committed 17920K, reserved 1064960K
  class space    used 1707K, capacity 1761K, committed 1792K, reserved 1048576K
}

