# JRE version: Java(TM) SE Runtime Environment (8.0_25-b18) (build 1.8.0_25-b18)
# Java VM: Java HotSpot(TM) 64-Bit Server VM (25.25-b02 mixed mode windows-amd64 compressed oops)
Heap:
 PSYoungGen      total 376832K, used 104704K [0x00000000e0400000, 0x00000000f7500000, 0x0000000100000000)
  eden space 376320K, 27% used [0x00000000e0400000,0x00000000e6a10340,0x00000000f7380000)
  from space 512K, 37% used [0x00000000f7400000,0x00000000f7430000,0x00000000f7480000)
  to   space 512K, 0% used [0x00000000f7380000,0x00000000f7380000,0x00000000f7400000)
 ParOldGen       total 226816K, used 196928K [0x00000000a0c00000, 0x00000000ae980000, 0x00000000e0400000)
  object space 226816K, 86% used [0x00000000a0c00000,0x00000000acc50008,0x00000000ae980000)
 Metaspace       used 18504K, capacity 18761K, committed 19072K, reserved 1067008K
  class space    used 1774K, capacity 1825K, committed 1920K, reserved 1048576K
GC Heap History (10 events):
Event: 71.428 GC heap before
{Heap before GC invocations=137 (full 3):
 PSYoungGen      total 373760K, used 373408K [0x00000000e0400000, 0x00000000f7280000, 0x0000000100000000)
  eden space 373248K, 100% used [0x00000000e0400000,0x00000000f7080000,0x00000000f7080000)
  from space 512K, 31% used [0x00000000f7080000,0x00000000f70a8000,0x00000000f7100000)
  to   space 512K, 0% used [0x00000000f7200000,0x00000000f7200000,0x00000000f7280000)
 ParOldGen       total 226816K, used 196928K [0x00000000a0c00000, 0x00000000ae980000, 0x00000000e0400000)
  object space 226816K, 86% used [0x00000000a0c00000,0x00000000acc50008,0x00000000ae980000)
 Metaspace       used 18503K, capacity 18761K, committed 19072K, reserved 1067008K
  class space    used 1774K, capacity 1825K, committed 1920K, reserved 1048576K
Event: 71.430 GC heap after
Heap after GC invocations=137 (full 3):
 PSYoungGen      total 374784K, used 192K [0x00000000e0400000, 0x00000000f7280000, 0x0000000100000000)
  eden space 374272K, 0% used [0x00000000e0400000,0x00000000e0400000,0x00000000f7180000)
  from space 512K, 37% used [0x00000000f7200000,0x00000000f7230000,0x00000000f7280000)
  to   space 512K, 0% used [0x00000000f7180000,0x00000000f7180000,0x00000000f7200000)
 ParOldGen       total 226816K, used 196928K [0x00000000a0c00000, 0x00000000ae980000, 0x00000000e0400000)
  object space 226816K, 86% used [0x00000000a0c00000,0x00000000acc50008,0x00000000ae980000)
 Metaspace       used 18503K, capacity 18761K, committed 19072K, reserved 1067008K
  class space    used 1774K, capacity 1825K, committed 1920K, reserved 1048576K
}
Event: 72.037 GC heap before
{Heap before GC invocations=138 (full 3):
 PSYoungGen      total 374784K, used 374464K [0x00000000e0400000, 0x00000000f7280000, 0x0000000100000000)
  eden space 374272K, 100% used [0x00000000e0400000,0x00000000f7180000,0x00000000f7180000)
  from space 512K, 37% used [0x00000000f7200000,0x00000000f7230000,0x00000000f7280000)
  to   space 512K, 0% used [0x00000000f7180000,0x00000000f7180000,0x00000000f7200000)
 ParOldGen       total 226816K, used 196928K [0x00000000a0c00000, 0x00000000ae980000, 0x00000000e0400000)
  object space 226816K, 86% used [0x00000000a0c00000,0x00000000acc50008,0x00000000ae980000)
 Metaspace       used 18503K, capacity 18761K, committed 19072K, reserved 1067008K
  class space    used 1774K, capacity 1825K, committed 1920K, reserved 1048576K
Event: 72.038 GC heap after
Heap after GC invocations=138 (full 3):
 PSYoungGen      total 374784K, used 160K [0x00000000e0400000, 0x00000000f7380000, 0x0000000100000000)
  eden space 374272K, 0% used [0x00000000e0400000,0x00000000e0400000,0x00000000f7180000)
  from space 512K, 31% used [0x00000000f7180000,0x00000000f71a8000,0x00000000f7200000)
  to   space 512K, 0% used [0x00000000f7300000,0x00000000f7300000,0x00000000f7380000)
 ParOldGen       total 226816K, used 196928K [0x00000000a0c00000, 0x00000000ae980000, 0x00000000e0400000)
  object space 226816K, 86% used [0x00000000a0c00000,0x00000000acc50008,0x00000000ae980000)
 Metaspace       used 18503K, capacity 18761K, committed 19072K, reserved 1067008K
  class space    used 1774K, capacity 1825K, committed 1920K, reserved 1048576K
}
Event: 72.636 GC heap before
{Heap before GC invocations=139 (full 3):
 PSYoungGen      total 374784K, used 374432K [0x00000000e0400000, 0x00000000f7380000, 0x0000000100000000)
  eden space 374272K, 100% used [0x00000000e0400000,0x00000000f7180000,0x00000000f7180000)
  from space 512K, 31% used [0x00000000f7180000,0x00000000f71a8000,0x00000000f7200000)
  to   space 512K, 0% used [0x00000000f7300000,0x00000000f7300000,0x00000000f7380000)
 ParOldGen       total 226816K, used 196928K [0x00000000a0c00000, 0x00000000ae980000, 0x00000000e0400000)
  object space 226816K, 86% used [0x00000000a0c00000,0x00000000acc50008,0x00000000ae980000)
 Metaspace       used 18503K, capacity 18761K, committed 19072K, reserved 1067008K
  class space    used 1774K, capacity 1825K, committed 1920K, reserved 1048576K
Event: 72.637 GC heap after
Heap after GC invocations=139 (full 3):
 PSYoungGen      total 375808K, used 128K [0x00000000e0400000, 0x00000000f7380000, 0x0000000100000000)
  eden space 375296K, 0% used [0x00000000e0400000,0x00000000e0400000,0x00000000f7280000)
  from space 512K, 25% used [0x00000000f7300000,0x00000000f7320000,0x00000000f7380000)
  to   space 512K, 0% used [0x00000000f7280000,0x00000000f7280000,0x00000000f7300000)
 ParOldGen       total 226816K, used 196928K [0x00000000a0c00000, 0x00000000ae980000, 0x00000000e0400000)
  object space 226816K, 86% used [0x00000000a0c00000,0x00000000acc50008,0x00000000ae980000)
 Metaspace       used 18503K, capacity 18761K, committed 19072K, reserved 1067008K
  class space    used 1774K, capacity 1825K, committed 1920K, reserved 1048576K
}
Event: 73.234 GC heap before
{Heap before GC invocations=140 (full 3):
 PSYoungGen      total 375808K, used 375424K [0x00000000e0400000, 0x00000000f7380000, 0x0000000100000000)
  eden space 375296K, 100% used [0x00000000e0400000,0x00000000f7280000,0x00000000f7280000)
  from space 512K, 25% used [0x00000000f7300000,0x00000000f7320000,0x00000000f7380000)
  to   space 512K, 0% used [0x00000000f7280000,0x00000000f7280000,0x00000000f7300000)
 ParOldGen       total 226816K, used 196928K [0x00000000a0c00000, 0x00000000ae980000, 0x00000000e0400000)
  object space 226816K, 86% used [0x00000000a0c00000,0x00000000acc50008,0x00000000ae980000)
 Metaspace       used 18503K, capacity 18761K, committed 19072K, reserved 1067008K
  class space    used 1774K, capacity 1825K, committed 1920K, reserved 1048576K
Event: 73.235 GC heap after
Heap after GC invocations=140 (full 3):
 PSYoungGen      total 375808K, used 192K [0x00000000e0400000, 0x00000000f7480000, 0x0000000100000000)
  eden space 375296K, 0% used [0x00000000e0400000,0x00000000e0400000,0x00000000f7280000)
  from space 512K, 37% used [0x00000000f7280000,0x00000000f72b0000,0x00000000f7300000)
  to   space 512K, 0% used [0x00000000f7400000,0x00000000f7400000,0x00000000f7480000)
 ParOldGen       total 226816K, used 196928K [0x00000000a0c00000, 0x00000000ae980000, 0x00000000e0400000)
  object space 226816K, 86% used [0x00000000a0c00000,0x00000000acc50008,0x00000000ae980000)
 Metaspace       used 18503K, capacity 18761K, committed 19072K, reserved 1067008K
  class space    used 1774K, capacity 1825K, committed 1920K, reserved 1048576K
}
Event: 73.834 GC heap before
{Heap before GC invocations=141 (full 3):
 PSYoungGen      total 375808K, used 373832K [0x00000000e0400000, 0x00000000f7480000, 0x0000000100000000)
  eden space 375296K, 99% used [0x00000000e0400000,0x00000000f70e21b8,0x00000000f7280000)
  from space 512K, 37% used [0x00000000f7280000,0x00000000f72b0000,0x00000000f7300000)
  to   space 512K, 0% used [0x00000000f7400000,0x00000000f7400000,0x00000000f7480000)
 ParOldGen       total 226816K, used 196928K [0x00000000a0c00000, 0x00000000ae980000, 0x00000000e0400000)
  object space 226816K, 86% used [0x00000000a0c00000,0x00000000acc50008,0x00000000ae980000)
 Metaspace       used 18503K, capacity 18761K, committed 19072K, reserved 1067008K
  class space    used 1774K, capacity 1825K, committed 1920K, reserved 1048576K
Event: 73.835 GC heap after
Heap after GC invocations=141 (full 3):
 PSYoungGen      total 376832K, used 192K [0x00000000e0400000, 0x00000000f7500000, 0x0000000100000000)
  eden space 376320K, 0% used [0x00000000e0400000,0x00000000e0400000,0x00000000f7380000)
  from space 512K, 37% used [0x00000000f7400000,0x00000000f7430000,0x00000000f7480000)
  to   space 512K, 0% used [0x00000000f7380000,0x00000000f7380000,0x00000000f7400000)
 ParOldGen       total 226816K, used 196928K [0x00000000a0c00000, 0x00000000ae980000, 0x00000000e0400000)
  object space 226816K, 86% used [0x00000000a0c00000,0x00000000acc50008,0x00000000ae980000)
 Metaspace       used 18503K, capacity 18761K, committed 19072K, reserved 1067008K
  class space    used 1774K, capacity 1825K, committed 1920K, reserved 1048576K
}

