# JRE version: Java(TM) SE Runtime Environment (8.0_31-b13) (build 1.8.0_31-b13)
# Java VM: Java HotSpot(TM) 64-Bit Server VM (25.31-b07 mixed mode windows-amd64 compressed oops)
Heap:
 PSYoungGen      total 903168K, used 669068K [0x000000076b300000, 0x00000007a5880000, 0x00000007c0000000)
  eden space 866816K, 77% used [0x000000076b300000,0x0000000794023178,0x00000007a0180000)
  from space 36352K, 0% used [0x00000007a3500000,0x00000007a3540000,0x00000007a5880000)
  to   space 44544K, 0% used [0x00000007a0180000,0x00000007a0180000,0x00000007a2d00000)
 ParOldGen       total 273408K, used 153030K [0x00000006c1800000, 0x00000006d2300000, 0x000000076b300000)
  object space 273408K, 55% used [0x00000006c1800000,0x00000006cad71a80,0x00000006d2300000)
 Metaspace       used 17992K, capacity 18195K, committed 18432K, reserved 1067008K
  class space    used 1716K, capacity 1762K, committed 1792K, reserved 1048576K
GC Heap History (10 events):
Event: 13.287 GC heap before
{Heap before GC invocations=17 (full 1):
 PSYoungGen      total 767488K, used 710272K [0x000000076b300000, 0x00000007a3780000, 0x00000007c0000000)
  eden space 710144K, 100% used [0x000000076b300000,0x0000000796880000,0x0000000796880000)
  from space 57344K, 0% used [0x0000000796880000,0x00000007968a0000,0x000000079a080000)
  to   space 55808K, 0% used [0x00000007a0100000,0x00000007a0100000,0x00000007a3780000)
 ParOldGen       total 273408K, used 153006K [0x00000006c1800000, 0x00000006d2300000, 0x000000076b300000)
  object space 273408K, 55% used [0x00000006c1800000,0x00000006cad6ba80,0x00000006d2300000)
 Metaspace       used 17884K, capacity 18131K, committed 18176K, reserved 1064960K
  class space    used 1705K, capacity 1762K, committed 1792K, reserved 1048576K
Event: 13.289 GC heap after
Heap after GC invocations=17 (full 1):
 PSYoungGen      total 827392K, used 128K [0x000000076b300000, 0x00000007a2280000, 0x00000007c0000000)
  eden space 793088K, 0% used [0x000000076b300000,0x000000076b300000,0x000000079b980000)
  from space 34304K, 0% used [0x00000007a0100000,0x00000007a0120000,0x00000007a2280000)
  to   space 53760K, 0% used [0x000000079b980000,0x000000079b980000,0x000000079ee00000)
 ParOldGen       total 273408K, used 153014K [0x00000006c1800000, 0x00000006d2300000, 0x000000076b300000)
  object space 273408K, 55% used [0x00000006c1800000,0x00000006cad6da80,0x00000006d2300000)
 Metaspace       used 17884K, capacity 18131K, committed 18176K, reserved 1064960K
  class space    used 1705K, capacity 1762K, committed 1792K, reserved 1048576K
}
Event: 14.551 GC heap before
{Heap before GC invocations=18 (full 1):
 PSYoungGen      total 827392K, used 793216K [0x000000076b300000, 0x00000007a2280000, 0x00000007c0000000)
  eden space 793088K, 100% used [0x000000076b300000,0x000000079b980000,0x000000079b980000)
  from space 34304K, 0% used [0x00000007a0100000,0x00000007a0120000,0x00000007a2280000)
  to   space 53760K, 0% used [0x000000079b980000,0x000000079b980000,0x000000079ee00000)
 ParOldGen       total 273408K, used 153014K [0x00000006c1800000, 0x00000006d2300000, 0x000000076b300000)
  object space 273408K, 55% used [0x00000006c1800000,0x00000006cad6da80,0x00000006d2300000)
 Metaspace       used 17890K, capacity 18131K, committed 18176K, reserved 1064960K
  class space    used 1705K, capacity 1762K, committed 1792K, reserved 1048576K
Event: 14.553 GC heap after
Heap after GC invocations=18 (full 1):
 PSYoungGen      total 846848K, used 160K [0x000000076b300000, 0x00000007a5000000, 0x00000007c0000000)
  eden space 793088K, 0% used [0x000000076b300000,0x000000076b300000,0x000000079b980000)
  from space 53760K, 0% used [0x000000079b980000,0x000000079b9a8000,0x000000079ee00000)
  to   space 51712K, 0% used [0x00000007a1d80000,0x00000007a1d80000,0x00000007a5000000)
 ParOldGen       total 273408K, used 153014K [0x00000006c1800000, 0x00000006d2300000, 0x000000076b300000)
  object space 273408K, 55% used [0x00000006c1800000,0x00000006cad6da80,0x00000006d2300000)
 Metaspace       used 17890K, capacity 18131K, committed 18176K, reserved 1064960K
  class space    used 1705K, capacity 1762K, committed 1792K, reserved 1048576K
}
Event: 15.787 GC heap before
{Heap before GC invocations=19 (full 1):
 PSYoungGen      total 846848K, used 789762K [0x000000076b300000, 0x00000007a5000000, 0x00000007c0000000)
  eden space 793088K, 99% used [0x000000076b300000,0x000000079b618920,0x000000079b980000)
  from space 53760K, 0% used [0x000000079b980000,0x000000079b9a8000,0x000000079ee00000)
  to   space 51712K, 0% used [0x00000007a1d80000,0x00000007a1d80000,0x00000007a5000000)
 ParOldGen       total 273408K, used 153014K [0x00000006c1800000, 0x00000006d2300000, 0x000000076b300000)
  object space 273408K, 55% used [0x00000006c1800000,0x00000006cad6da80,0x00000006d2300000)
 Metaspace       used 17905K, capacity 18131K, committed 18176K, reserved 1064960K
  class space    used 1705K, capacity 1762K, committed 1792K, reserved 1048576K
Event: 15.788 GC heap after
Heap after GC invocations=19 (full 1):
 PSYoungGen      total 872960K, used 160K [0x000000076b300000, 0x00000007a4280000, 0x00000007c0000000)
  eden space 835072K, 0% used [0x000000076b300000,0x000000076b300000,0x000000079e280000)
  from space 37888K, 0% used [0x00000007a1d80000,0x00000007a1da8000,0x00000007a4280000)
  to   space 49152K, 0% used [0x000000079e280000,0x000000079e280000,0x00000007a1280000)
 ParOldGen       total 273408K, used 153014K [0x00000006c1800000, 0x00000006d2300000, 0x000000076b300000)
  object space 273408K, 55% used [0x00000006c1800000,0x00000006cad6da80,0x00000006d2300000)
 Metaspace       used 17905K, capacity 18131K, committed 18176K, reserved 1064960K
  class space    used 1705K, capacity 1762K, committed 1792K, reserved 1048576K
}
Event: 17.119 GC heap before
{Heap before GC invocations=20 (full 1):
 PSYoungGen      total 872960K, used 835232K [0x000000076b300000, 0x00000007a4280000, 0x00000007c0000000)
  eden space 835072K, 100% used [0x000000076b300000,0x000000079e280000,0x000000079e280000)
  from space 37888K, 0% used [0x00000007a1d80000,0x00000007a1da8000,0x00000007a4280000)
  to   space 49152K, 0% used [0x000000079e280000,0x000000079e280000,0x00000007a1280000)
 ParOldGen       total 273408K, used 153014K [0x00000006c1800000, 0x00000006d2300000, 0x000000076b300000)
  object space 273408K, 55% used [0x00000006c1800000,0x00000006cad6da80,0x00000006d2300000)
 Metaspace       used 17955K, capacity 18195K, committed 18432K, reserved 1067008K
  class space    used 1705K, capacity 1762K, committed 1792K, reserved 1048576K
Event: 17.121 GC heap after
Heap after GC invocations=20 (full 1):
 PSYoungGen      total 884224K, used 128K [0x000000076b300000, 0x00000007a6300000, 0x00000007c0000000)
  eden space 835072K, 0% used [0x000000076b300000,0x000000076b300000,0x000000079e280000)
  from space 49152K, 0% used [0x000000079e280000,0x000000079e2a0000,0x00000007a1280000)
  to   space 47104K, 0% used [0x00000007a3500000,0x00000007a3500000,0x00000007a6300000)
 ParOldGen       total 273408K, used 153022K [0x00000006c1800000, 0x00000006d2300000, 0x000000076b300000)
  object space 273408K, 55% used [0x00000006c1800000,0x00000006cad6fa80,0x00000006d2300000)
 Metaspace       used 17955K, capacity 18195K, committed 18432K, reserved 1067008K
  class space    used 1705K, capacity 1762K, committed 1792K, reserved 1048576K
}
Event: 18.452 GC heap before
{Heap before GC invocations=21 (full 1):
 PSYoungGen      total 884224K, used 835200K [0x000000076b300000, 0x00000007a6300000, 0x00000007c0000000)
  eden space 835072K, 100% used [0x000000076b300000,0x000000079e280000,0x000000079e280000)
  from space 49152K, 0% used [0x000000079e280000,0x000000079e2a0000,0x00000007a1280000)
  to   space 47104K, 0% used [0x00000007a3500000,0x00000007a3500000,0x00000007a6300000)
 ParOldGen       total 273408K, used 153022K [0x00000006c1800000, 0x00000006d2300000, 0x000000076b300000)
  object space 273408K, 55% used [0x00000006c1800000,0x00000006cad6fa80,0x00000006d2300000)
 Metaspace       used 17957K, capacity 18195K, committed 18432K, reserved 1067008K
  class space    used 1705K, capacity 1762K, committed 1792K, reserved 1048576K
Event: 18.454 GC heap after
Heap after GC invocations=21 (full 1):
 PSYoungGen      total 903168K, used 256K [0x000000076b300000, 0x00000007a5880000, 0x00000007c0000000)
  eden space 866816K, 0% used [0x000000076b300000,0x000000076b300000,0x00000007a0180000)
  from space 36352K, 0% used [0x00000007a3500000,0x00000007a3540000,0x00000007a5880000)
  to   space 44544K, 0% used [0x00000007a0180000,0x00000007a0180000,0x00000007a2d00000)
 ParOldGen       total 273408K, used 153030K [0x00000006c1800000, 0x00000006d2300000, 0x000000076b300000)
  object space 273408K, 55% used [0x00000006c1800000,0x00000006cad71a80,0x00000006d2300000)
 Metaspace       used 17957K, capacity 18195K, committed 18432K, reserved 1067008K
  class space    used 1705K, capacity 1762K, committed 1792K, reserved 1048576K
}

