# JRE version: Java(TM) SE Runtime Environment (8.0_25-b18) (build 1.8.0_25-b18)
# Java VM: Java HotSpot(TM) 64-Bit Server VM (25.25-b02 mixed mode windows-amd64 compressed oops)
Heap:
 PSYoungGen      total 291328K, used 155233K [0x00000000e0400000, 0x00000000f3c80000, 0x0000000100000000)
  eden space 263680K, 58% used [0x00000000e0400000,0x00000000e9af0760,0x00000000f0580000)
  from space 27648K, 2% used [0x00000000f2180000,0x00000000f2228000,0x00000000f3c80000)
  to   space 28160K, 0% used [0x00000000f0580000,0x00000000f0580000,0x00000000f2100000)
 ParOldGen       total 237056K, used 163340K [0x00000000a0c00000, 0x00000000af380000, 0x00000000e0400000)
  object space 237056K, 68% used [0x00000000a0c00000,0x00000000aab83320,0x00000000af380000)
 Metaspace       used 18458K, capacity 18697K, committed 18816K, reserved 1067008K
  class space    used 1774K, capacity 1825K, committed 1920K, reserved 1048576K
GC Heap History (10 events):
Event: 17.593 GC heap before
{Heap before GC invocations=31 (full 3):
 PSYoungGen      total 289792K, used 252346K [0x00000000e0400000, 0x00000000f4180000, 0x0000000100000000)
  eden space 257536K, 97% used [0x00000000e0400000,0x00000000ef9b6ab8,0x00000000eff80000)
  from space 32256K, 2% used [0x00000000eff80000,0x00000000f0038000,0x00000000f1f00000)
  to   space 32256K, 0% used [0x00000000f2200000,0x00000000f2200000,0x00000000f4180000)
 ParOldGen       total 237056K, used 163228K [0x00000000a0c00000, 0x00000000af380000, 0x00000000e0400000)
  object space 237056K, 68% used [0x00000000a0c00000,0x00000000aab67320,0x00000000af380000)
 Metaspace       used 18397K, capacity 18633K, committed 18816K, reserved 1067008K
  class space    used 1773K, capacity 1825K, committed 1920K, reserved 1048576K
Event: 17.594 GC heap after
Heap after GC invocations=31 (full 3):
 PSYoungGen      total 291840K, used 704K [0x00000000e0400000, 0x00000000f4100000, 0x0000000100000000)
  eden space 260096K, 0% used [0x00000000e0400000,0x00000000e0400000,0x00000000f0200000)
  from space 31744K, 2% used [0x00000000f2200000,0x00000000f22b0000,0x00000000f4100000)
  to   space 32256K, 0% used [0x00000000f0200000,0x00000000f0200000,0x00000000f2180000)
 ParOldGen       total 237056K, used 163268K [0x00000000a0c00000, 0x00000000af380000, 0x00000000e0400000)
  object space 237056K, 68% used [0x00000000a0c00000,0x00000000aab71320,0x00000000af380000)
 Metaspace       used 18397K, capacity 18633K, committed 18816K, reserved 1067008K
  class space    used 1773K, capacity 1825K, committed 1920K, reserved 1048576K
}
Event: 18.529 GC heap before
{Heap before GC invocations=32 (full 3):
 PSYoungGen      total 291840K, used 257390K [0x00000000e0400000, 0x00000000f4100000, 0x0000000100000000)
  eden space 260096K, 98% used [0x00000000e0400000,0x00000000efeab9c0,0x00000000f0200000)
  from space 31744K, 2% used [0x00000000f2200000,0x00000000f22b0000,0x00000000f4100000)
  to   space 32256K, 0% used [0x00000000f0200000,0x00000000f0200000,0x00000000f2180000)
 ParOldGen       total 237056K, used 163268K [0x00000000a0c00000, 0x00000000af380000, 0x00000000e0400000)
  object space 237056K, 68% used [0x00000000a0c00000,0x00000000aab71320,0x00000000af380000)
 Metaspace       used 18424K, capacity 18633K, committed 18816K, reserved 1067008K
  class space    used 1773K, capacity 1825K, committed 1920K, reserved 1048576K
Event: 18.531 GC heap after
Heap after GC invocations=32 (full 3):
 PSYoungGen      total 292352K, used 672K [0x00000000e0400000, 0x00000000f4200000, 0x0000000100000000)
  eden space 260096K, 0% used [0x00000000e0400000,0x00000000e0400000,0x00000000f0200000)
  from space 32256K, 2% used [0x00000000f0200000,0x00000000f02a8000,0x00000000f2180000)
  to   space 31744K, 0% used [0x00000000f2300000,0x00000000f2300000,0x00000000f4200000)
 ParOldGen       total 237056K, used 163284K [0x00000000a0c00000, 0x00000000af380000, 0x00000000e0400000)
  object space 237056K, 68% used [0x00000000a0c00000,0x00000000aab75320,0x00000000af380000)
 Metaspace       used 18424K, capacity 18633K, committed 18816K, reserved 1067008K
  class space    used 1773K, capacity 1825K, committed 1920K, reserved 1048576K
}
Event: 19.463 GC heap before
{Heap before GC invocations=33 (full 3):
 PSYoungGen      total 292352K, used 260376K [0x00000000e0400000, 0x00000000f4200000, 0x0000000100000000)
  eden space 260096K, 99% used [0x00000000e0400000,0x00000000f019e248,0x00000000f0200000)
  from space 32256K, 2% used [0x00000000f0200000,0x00000000f02a8000,0x00000000f2180000)
  to   space 31744K, 0% used [0x00000000f2300000,0x00000000f2300000,0x00000000f4200000)
 ParOldGen       total 237056K, used 163284K [0x00000000a0c00000, 0x00000000af380000, 0x00000000e0400000)
  object space 237056K, 68% used [0x00000000a0c00000,0x00000000aab75320,0x00000000af380000)
 Metaspace       used 18433K, capacity 18633K, committed 18816K, reserved 1067008K
  class space    used 1773K, capacity 1825K, committed 1920K, reserved 1048576K
Event: 19.466 GC heap after
Heap after GC invocations=33 (full 3):
 PSYoungGen      total 288768K, used 8740K [0x00000000e0400000, 0x00000000f3d00000, 0x0000000100000000)
  eden space 262144K, 0% used [0x00000000e0400000,0x00000000e0400000,0x00000000f0400000)
  from space 26624K, 32% used [0x00000000f2300000,0x00000000f2b89010,0x00000000f3d00000)
  to   space 29184K, 0% used [0x00000000f0400000,0x00000000f0400000,0x00000000f2080000)
 ParOldGen       total 237056K, used 163308K [0x00000000a0c00000, 0x00000000af380000, 0x00000000e0400000)
  object space 237056K, 68% used [0x00000000a0c00000,0x00000000aab7b320,0x00000000af380000)
 Metaspace       used 18433K, capacity 18633K, committed 18816K, reserved 1067008K
  class space    used 1773K, capacity 1825K, committed 1920K, reserved 1048576K
}
Event: 20.459 GC heap before
{Heap before GC invocations=34 (full 3):
 PSYoungGen      total 288768K, used 270551K [0x00000000e0400000, 0x00000000f3d00000, 0x0000000100000000)
  eden space 262144K, 99% used [0x00000000e0400000,0x00000000f03acf90,0x00000000f0400000)
  from space 26624K, 32% used [0x00000000f2300000,0x00000000f2b89010,0x00000000f3d00000)
  to   space 29184K, 0% used [0x00000000f0400000,0x00000000f0400000,0x00000000f2080000)
 ParOldGen       total 237056K, used 163308K [0x00000000a0c00000, 0x00000000af380000, 0x00000000e0400000)
  object space 237056K, 68% used [0x00000000a0c00000,0x00000000aab7b320,0x00000000af380000)
 Metaspace       used 18443K, capacity 18633K, committed 18816K, reserved 1067008K
  class space    used 1773K, capacity 1825K, committed 1920K, reserved 1048576K
Event: 20.461 GC heap after
Heap after GC invocations=34 (full 3):
 PSYoungGen      total 291328K, used 704K [0x00000000e0400000, 0x00000000f3d80000, 0x0000000100000000)
  eden space 262144K, 0% used [0x00000000e0400000,0x00000000e0400000,0x00000000f0400000)
  from space 29184K, 2% used [0x00000000f0400000,0x00000000f04b0000,0x00000000f2080000)
  to   space 28672K, 0% used [0x00000000f2180000,0x00000000f2180000,0x00000000f3d80000)
 ParOldGen       total 237056K, used 163324K [0x00000000a0c00000, 0x00000000af380000, 0x00000000e0400000)
  object space 237056K, 68% used [0x00000000a0c00000,0x00000000aab7f320,0x00000000af380000)
 Metaspace       used 18443K, capacity 18633K, committed 18816K, reserved 1067008K
  class space    used 1773K, capacity 1825K, committed 1920K, reserved 1048576K
}
Event: 21.427 GC heap before
{Heap before GC invocations=35 (full 3):
 PSYoungGen      total 291328K, used 262346K [0x00000000e0400000, 0x00000000f3d80000, 0x0000000100000000)
  eden space 262144K, 99% used [0x00000000e0400000,0x00000000f0382b70,0x00000000f0400000)
  from space 29184K, 2% used [0x00000000f0400000,0x00000000f04b0000,0x00000000f2080000)
  to   space 28672K, 0% used [0x00000000f2180000,0x00000000f2180000,0x00000000f3d80000)
 ParOldGen       total 237056K, used 163324K [0x00000000a0c00000, 0x00000000af380000, 0x00000000e0400000)
  object space 237056K, 68% used [0x00000000a0c00000,0x00000000aab7f320,0x00000000af380000)
 Metaspace       used 18451K, capacity 18697K, committed 18816K, reserved 1067008K
  class space    used 1773K, capacity 1825K, committed 1920K, reserved 1048576K
Event: 21.428 GC heap after
Heap after GC invocations=35 (full 3):
 PSYoungGen      total 291328K, used 672K [0x00000000e0400000, 0x00000000f3c80000, 0x0000000100000000)
  eden space 263680K, 0% used [0x00000000e0400000,0x00000000e0400000,0x00000000f0580000)
  from space 27648K, 2% used [0x00000000f2180000,0x00000000f2228000,0x00000000f3c80000)
  to   space 28160K, 0% used [0x00000000f0580000,0x00000000f0580000,0x00000000f2100000)
 ParOldGen       total 237056K, used 163340K [0x00000000a0c00000, 0x00000000af380000, 0x00000000e0400000)
  object space 237056K, 68% used [0x00000000a0c00000,0x00000000aab83320,0x00000000af380000)
 Metaspace       used 18451K, capacity 18697K, committed 18816K, reserved 1067008K
  class space    used 1773K, capacity 1825K, committed 1920K, reserved 1048576K
}

