# JRE version: Java(TM) SE Runtime Environment (8.0_25-b18) (build 1.8.0_25-b18)
# Java VM: Java HotSpot(TM) 64-Bit Server VM (25.25-b02 mixed mode windows-amd64 compressed oops)
Heap:
 PSYoungGen      total 235008K, used 149084K [0x00000000e0400000, 0x00000000eff80000, 0x0000000100000000)
  eden space 214528K, 69% used [0x00000000e0400000,0x00000000e9567168,0x00000000ed580000)
  from space 20480K, 0% used [0x00000000eeb80000,0x00000000eebb0000,0x00000000eff80000)
  to   space 21504K, 0% used [0x00000000ed580000,0x00000000ed580000,0x00000000eea80000)
 ParOldGen       total 227328K, used 155155K [0x00000000a0c00000, 0x00000000aea00000, 0x00000000e0400000)
  object space 227328K, 68% used [0x00000000a0c00000,0x00000000aa384e80,0x00000000aea00000)
 Metaspace       used 17622K, capacity 17825K, committed 18048K, reserved 1064960K
  class space    used 1735K, capacity 1793K, committed 1920K, reserved 1048576K
GC Heap History (10 events):
Event: 19.347 GC heap before
{Heap before GC invocations=39 (full 3):
 PSYoungGen      total 240640K, used 206538K [0x00000000e0400000, 0x00000000f0a00000, 0x0000000100000000)
  eden space 211968K, 97% used [0x00000000e0400000,0x00000000ecd928a0,0x00000000ed300000)
  from space 28672K, 0% used [0x00000000ed300000,0x00000000ed320000,0x00000000eef00000)
  to   space 27648K, 0% used [0x00000000eef00000,0x00000000eef00000,0x00000000f0a00000)
 ParOldGen       total 227328K, used 155107K [0x00000000a0c00000, 0x00000000aea00000, 0x00000000e0400000)
  object space 227328K, 68% used [0x00000000a0c00000,0x00000000aa378e80,0x00000000aea00000)
 Metaspace       used 17579K, capacity 17825K, committed 18048K, reserved 1064960K
  class space    used 1723K, capacity 1793K, committed 1920K, reserved 1048576K
Event: 19.348 GC heap after
Heap after GC invocations=39 (full 3):
 PSYoungGen      total 237568K, used 128K [0x00000000e0400000, 0x00000000f0700000, 0x0000000100000000)
  eden space 212992K, 0% used [0x00000000e0400000,0x00000000e0400000,0x00000000ed400000)
  from space 24576K, 0% used [0x00000000eef00000,0x00000000eef20000,0x00000000f0700000)
  to   space 26112K, 0% used [0x00000000ed400000,0x00000000ed400000,0x00000000eed80000)
 ParOldGen       total 227328K, used 155107K [0x00000000a0c00000, 0x00000000aea00000, 0x00000000e0400000)
  object space 227328K, 68% used [0x00000000a0c00000,0x00000000aa378e80,0x00000000aea00000)
 Metaspace       used 17579K, capacity 17825K, committed 18048K, reserved 1064960K
  class space    used 1723K, capacity 1793K, committed 1920K, reserved 1048576K
}
Event: 20.014 GC heap before
{Heap before GC invocations=40 (full 3):
 PSYoungGen      total 237568K, used 208205K [0x00000000e0400000, 0x00000000f0700000, 0x0000000100000000)
  eden space 212992K, 97% used [0x00000000e0400000,0x00000000ecf33600,0x00000000ed400000)
  from space 24576K, 0% used [0x00000000eef00000,0x00000000eef20000,0x00000000f0700000)
  to   space 26112K, 0% used [0x00000000ed400000,0x00000000ed400000,0x00000000eed80000)
 ParOldGen       total 227328K, used 155107K [0x00000000a0c00000, 0x00000000aea00000, 0x00000000e0400000)
  object space 227328K, 68% used [0x00000000a0c00000,0x00000000aa378e80,0x00000000aea00000)
 Metaspace       used 17584K, capacity 17825K, committed 18048K, reserved 1064960K
  class space    used 1723K, capacity 1793K, committed 1920K, reserved 1048576K
Event: 20.015 GC heap after
Heap after GC invocations=40 (full 3):
 PSYoungGen      total 239104K, used 128K [0x00000000e0400000, 0x00000000f0600000, 0x0000000100000000)
  eden space 212992K, 0% used [0x00000000e0400000,0x00000000e0400000,0x00000000ed400000)
  from space 26112K, 0% used [0x00000000ed400000,0x00000000ed420000,0x00000000eed80000)
  to   space 25088K, 0% used [0x00000000eed80000,0x00000000eed80000,0x00000000f0600000)
 ParOldGen       total 227328K, used 155115K [0x00000000a0c00000, 0x00000000aea00000, 0x00000000e0400000)
  object space 227328K, 68% used [0x00000000a0c00000,0x00000000aa37ae80,0x00000000aea00000)
 Metaspace       used 17584K, capacity 17825K, committed 18048K, reserved 1064960K
  class space    used 1723K, capacity 1793K, committed 1920K, reserved 1048576K
}
Event: 20.682 GC heap before
{Heap before GC invocations=41 (full 3):
 PSYoungGen      total 239104K, used 208124K [0x00000000e0400000, 0x00000000f0600000, 0x0000000100000000)
  eden space 212992K, 97% used [0x00000000e0400000,0x00000000ecf1f118,0x00000000ed400000)
  from space 26112K, 0% used [0x00000000ed400000,0x00000000ed420000,0x00000000eed80000)
  to   space 25088K, 0% used [0x00000000eed80000,0x00000000eed80000,0x00000000f0600000)
 ParOldGen       total 227328K, used 155115K [0x00000000a0c00000, 0x00000000aea00000, 0x00000000e0400000)
  object space 227328K, 68% used [0x00000000a0c00000,0x00000000aa37ae80,0x00000000aea00000)
 Metaspace       used 17584K, capacity 17825K, committed 18048K, reserved 1064960K
  class space    used 1723K, capacity 1793K, committed 1920K, reserved 1048576K
Event: 20.683 GC heap after
Heap after GC invocations=41 (full 3):
 PSYoungGen      total 237056K, used 192K [0x00000000e0400000, 0x00000000f0400000, 0x0000000100000000)
  eden space 214016K, 0% used [0x00000000e0400000,0x00000000e0400000,0x00000000ed500000)
  from space 23040K, 0% used [0x00000000eed80000,0x00000000eedb0000,0x00000000f0400000)
  to   space 24064K, 0% used [0x00000000ed500000,0x00000000ed500000,0x00000000eec80000)
 ParOldGen       total 227328K, used 155131K [0x00000000a0c00000, 0x00000000aea00000, 0x00000000e0400000)
  object space 227328K, 68% used [0x00000000a0c00000,0x00000000aa37ee80,0x00000000aea00000)
 Metaspace       used 17584K, capacity 17825K, committed 18048K, reserved 1064960K
  class space    used 1723K, capacity 1793K, committed 1920K, reserved 1048576K
}
Event: 21.917 GC heap before
{Heap before GC invocations=42 (full 3):
 PSYoungGen      total 237056K, used 209683K [0x00000000e0400000, 0x00000000f0400000, 0x0000000100000000)
  eden space 214016K, 97% used [0x00000000e0400000,0x00000000ed094fa0,0x00000000ed500000)
  from space 23040K, 0% used [0x00000000eed80000,0x00000000eedb0000,0x00000000f0400000)
  to   space 24064K, 0% used [0x00000000ed500000,0x00000000ed500000,0x00000000eec80000)
 ParOldGen       total 227328K, used 155131K [0x00000000a0c00000, 0x00000000aea00000, 0x00000000e0400000)
  object space 227328K, 68% used [0x00000000a0c00000,0x00000000aa37ee80,0x00000000aea00000)
 Metaspace       used 17584K, capacity 17825K, committed 18048K, reserved 1064960K
  class space    used 1723K, capacity 1793K, committed 1920K, reserved 1048576K
Event: 21.918 GC heap after
Heap after GC invocations=42 (full 3):
 PSYoungGen      total 214528K, used 224K [0x00000000e0400000, 0x00000000f0180000, 0x0000000100000000)
  eden space 214016K, 0% used [0x00000000e0400000,0x00000000e0400000,0x00000000ed500000)
  from space 512K, 43% used [0x00000000ed500000,0x00000000ed538000,0x00000000ed580000)
  to   space 22528K, 0% used [0x00000000eeb80000,0x00000000eeb80000,0x00000000f0180000)
 ParOldGen       total 227328K, used 155155K [0x00000000a0c00000, 0x00000000aea00000, 0x00000000e0400000)
  object space 227328K, 68% used [0x00000000a0c00000,0x00000000aa384e80,0x00000000aea00000)
 Metaspace       used 17584K, capacity 17825K, committed 18048K, reserved 1064960K
  class space    used 1723K, capacity 1793K, committed 1920K, reserved 1048576K
}
Event: 23.047 GC heap before
{Heap before GC invocations=43 (full 3):
 PSYoungGen      total 214528K, used 209157K [0x00000000e0400000, 0x00000000f0180000, 0x0000000100000000)
  eden space 214016K, 97% used [0x00000000e0400000,0x00000000ed0094f8,0x00000000ed500000)
  from space 512K, 43% used [0x00000000ed500000,0x00000000ed538000,0x00000000ed580000)
  to   space 22528K, 0% used [0x00000000eeb80000,0x00000000eeb80000,0x00000000f0180000)
 ParOldGen       total 227328K, used 155155K [0x00000000a0c00000, 0x00000000aea00000, 0x00000000e0400000)
  object space 227328K, 68% used [0x00000000a0c00000,0x00000000aa384e80,0x00000000aea00000)
 Metaspace       used 17618K, capacity 17825K, committed 18048K, reserved 1064960K
  class space    used 1735K, capacity 1793K, committed 1920K, reserved 1048576K
Event: 23.049 GC heap after
Heap after GC invocations=43 (full 3):
 PSYoungGen      total 235008K, used 192K [0x00000000e0400000, 0x00000000eff80000, 0x0000000100000000)
  eden space 214528K, 0% used [0x00000000e0400000,0x00000000e0400000,0x00000000ed580000)
  from space 20480K, 0% used [0x00000000eeb80000,0x00000000eebb0000,0x00000000eff80000)
  to   space 21504K, 0% used [0x00000000ed580000,0x00000000ed580000,0x00000000eea80000)
 ParOldGen       total 227328K, used 155155K [0x00000000a0c00000, 0x00000000aea00000, 0x00000000e0400000)
  object space 227328K, 68% used [0x00000000a0c00000,0x00000000aa384e80,0x00000000aea00000)
 Metaspace       used 17618K, capacity 17825K, committed 18048K, reserved 1064960K
  class space    used 1735K, capacity 1793K, committed 1920K, reserved 1048576K
}

