# JRE version: Java(TM) SE Runtime Environment (8.0_25-b18) (build 1.8.0_25-b18)
# Java VM: Java HotSpot(TM) 64-Bit Server VM (25.25-b02 mixed mode windows-amd64 compressed oops)
Heap:
 PSYoungGen      total 260096K, used 147917K [0x00000000e0400000, 0x00000000f4100000, 0x0000000100000000)
  eden space 208896K, 62% used [0x00000000e0400000,0x00000000e8334f70,0x00000000ed000000)
  from space 51200K, 34% used [0x00000000f0f00000,0x00000000f203e750,0x00000000f4100000)
  to   space 57856K, 0% used [0x00000000ed000000,0x00000000ed000000,0x00000000f0880000)
 ParOldGen       total 167936K, used 129463K [0x00000000a0c00000, 0x00000000ab000000, 0x00000000e0400000)
  object space 167936K, 77% used [0x00000000a0c00000,0x00000000a8a6deb0,0x00000000ab000000)
 Metaspace       used 17485K, capacity 17729K, committed 17920K, reserved 1064960K
  class space    used 1716K, capacity 1761K, committed 1792K, reserved 1048576K
GC Heap History (10 events):
Event: 2.061 GC heap before
{Heap before GC invocations=8 (full 1):
 PSYoungGen      total 120320K, used 118540K [0x00000000e0400000, 0x00000000ea980000, 0x0000000100000000)
  eden space 89600K, 100% used [0x00000000e0400000,0x00000000e5b80000,0x00000000e5b80000)
  from space 30720K, 94% used [0x00000000e7f80000,0x00000000e9bc3060,0x00000000e9d80000)
  to   space 36864K, 0% used [0x00000000e5b80000,0x00000000e5b80000,0x00000000e7f80000)
 ParOldGen       total 101376K, used 70784K [0x00000000a0c00000, 0x00000000a6f00000, 0x00000000e0400000)
  object space 101376K, 69% used [0x00000000a0c00000,0x00000000a5120278,0x00000000a6f00000)
 Metaspace       used 16830K, capacity 16987K, committed 17152K, reserved 1064960K
  class space    used 1675K, capacity 1728K, committed 1792K, reserved 1048576K
Event: 2.072 GC heap after
Heap after GC invocations=8 (full 1):
 PSYoungGen      total 126464K, used 26066K [0x00000000e0400000, 0x00000000ef900000, 0x0000000100000000)
  eden space 89600K, 0% used [0x00000000e0400000,0x00000000e0400000,0x00000000e5b80000)
  from space 36864K, 70% used [0x00000000e5b80000,0x00000000e74f49a0,0x00000000e7f80000)
  to   space 38912K, 0% used [0x00000000ed300000,0x00000000ed300000,0x00000000ef900000)
 ParOldGen       total 101376K, used 70792K [0x00000000a0c00000, 0x00000000a6f00000, 0x00000000e0400000)
  object space 101376K, 69% used [0x00000000a0c00000,0x00000000a5122278,0x00000000a6f00000)
 Metaspace       used 16830K, capacity 16987K, committed 17152K, reserved 1064960K
  class space    used 1675K, capacity 1728K, committed 1792K, reserved 1048576K
}
Event: 2.328 GC heap before
{Heap before GC invocations=9 (full 1):
 PSYoungGen      total 126464K, used 115666K [0x00000000e0400000, 0x00000000ef900000, 0x0000000100000000)
  eden space 89600K, 100% used [0x00000000e0400000,0x00000000e5b80000,0x00000000e5b80000)
  from space 36864K, 70% used [0x00000000e5b80000,0x00000000e74f49a0,0x00000000e7f80000)
  to   space 38912K, 0% used [0x00000000ed300000,0x00000000ed300000,0x00000000ef900000)
 ParOldGen       total 101376K, used 70792K [0x00000000a0c00000, 0x00000000a6f00000, 0x00000000e0400000)
  object space 101376K, 69% used [0x00000000a0c00000,0x00000000a5122278,0x00000000a6f00000)
 Metaspace       used 16873K, capacity 17115K, committed 17408K, reserved 1064960K
  class space    used 1675K, capacity 1728K, committed 1792K, reserved 1048576K
Event: 2.353 GC heap after
Heap after GC invocations=9 (full 1):
 PSYoungGen      total 196096K, used 38891K [0x00000000e0400000, 0x00000000f1700000, 0x0000000100000000)
  eden space 157184K, 0% used [0x00000000e0400000,0x00000000e0400000,0x00000000e9d80000)
  from space 38912K, 99% used [0x00000000ed300000,0x00000000ef8fadc0,0x00000000ef900000)
  to   space 54784K, 0% used [0x00000000e9d80000,0x00000000e9d80000,0x00000000ed300000)
 ParOldGen       total 101376K, used 90608K [0x00000000a0c00000, 0x00000000a6f00000, 0x00000000e0400000)
  object space 101376K, 89% used [0x00000000a0c00000,0x00000000a647c278,0x00000000a6f00000)
 Metaspace       used 16873K, capacity 17115K, committed 17408K, reserved 1064960K
  class space    used 1675K, capacity 1728K, committed 1792K, reserved 1048576K
}
Event: 2.353 GC heap before
{Heap before GC invocations=10 (full 2):
 PSYoungGen      total 196096K, used 38891K [0x00000000e0400000, 0x00000000f1700000, 0x0000000100000000)
  eden space 157184K, 0% used [0x00000000e0400000,0x00000000e0400000,0x00000000e9d80000)
  from space 38912K, 99% used [0x00000000ed300000,0x00000000ef8fadc0,0x00000000ef900000)
  to   space 54784K, 0% used [0x00000000e9d80000,0x00000000e9d80000,0x00000000ed300000)
 ParOldGen       total 101376K, used 90608K [0x00000000a0c00000, 0x00000000a6f00000, 0x00000000e0400000)
  object space 101376K, 89% used [0x00000000a0c00000,0x00000000a647c278,0x00000000a6f00000)
 Metaspace       used 16873K, capacity 17115K, committed 17408K, reserved 1064960K
  class space    used 1675K, capacity 1728K, committed 1792K, reserved 1048576K
Event: 2.549 GC heap after
Heap after GC invocations=10 (full 2):
 PSYoungGen      total 196096K, used 28075K [0x00000000e0400000, 0x00000000f1700000, 0x0000000100000000)
  eden space 157184K, 0% used [0x00000000e0400000,0x00000000e0400000,0x00000000e9d80000)
  from space 38912K, 72% used [0x00000000ed300000,0x00000000eee6ac70,0x00000000ef900000)
  to   space 54784K, 0% used [0x00000000e9d80000,0x00000000e9d80000,0x00000000ed300000)
 ParOldGen       total 167936K, used 101106K [0x00000000a0c00000, 0x00000000ab000000, 0x00000000e0400000)
  object space 167936K, 60% used [0x00000000a0c00000,0x00000000a6ebc920,0x00000000ab000000)
 Metaspace       used 16873K, capacity 17115K, committed 17408K, reserved 1064960K
  class space    used 1675K, capacity 1728K, committed 1792K, reserved 1048576K
}
Event: 3.097 GC heap before
{Heap before GC invocations=11 (full 2):
 PSYoungGen      total 196096K, used 184920K [0x00000000e0400000, 0x00000000f1700000, 0x0000000100000000)
  eden space 157184K, 99% used [0x00000000e0400000,0x00000000e9d2b5b8,0x00000000e9d80000)
  from space 38912K, 72% used [0x00000000ed300000,0x00000000eee6ac70,0x00000000ef900000)
  to   space 54784K, 0% used [0x00000000e9d80000,0x00000000e9d80000,0x00000000ed300000)
 ParOldGen       total 167936K, used 101106K [0x00000000a0c00000, 0x00000000ab000000, 0x00000000e0400000)
  object space 167936K, 60% used [0x00000000a0c00000,0x00000000a6ebc920,0x00000000ab000000)
 Metaspace       used 17265K, capacity 17499K, committed 17664K, reserved 1064960K
  class space    used 1698K, capacity 1728K, committed 1792K, reserved 1048576K
Event: 3.115 GC heap after
Heap after GC invocations=11 (full 2):
 PSYoungGen      total 211968K, used 45155K [0x00000000e0400000, 0x00000000f4a00000, 0x0000000100000000)
  eden space 157184K, 0% used [0x00000000e0400000,0x00000000e0400000,0x00000000e9d80000)
  from space 54784K, 82% used [0x00000000e9d80000,0x00000000ec998cb0,0x00000000ed300000)
  to   space 60416K, 0% used [0x00000000f0f00000,0x00000000f0f00000,0x00000000f4a00000)
 ParOldGen       total 167936K, used 101146K [0x00000000a0c00000, 0x00000000ab000000, 0x00000000e0400000)
  object space 167936K, 60% used [0x00000000a0c00000,0x00000000a6ec6920,0x00000000ab000000)
 Metaspace       used 17265K, capacity 17499K, committed 17664K, reserved 1064960K
  class space    used 1698K, capacity 1728K, committed 1792K, reserved 1048576K
}
Event: 3.386 GC heap before
{Heap before GC invocations=12 (full 2):
 PSYoungGen      total 211968K, used 202215K [0x00000000e0400000, 0x00000000f4a00000, 0x0000000100000000)
  eden space 157184K, 99% used [0x00000000e0400000,0x00000000e9d61270,0x00000000e9d80000)
  from space 54784K, 82% used [0x00000000e9d80000,0x00000000ec998cb0,0x00000000ed300000)
  to   space 60416K, 0% used [0x00000000f0f00000,0x00000000f0f00000,0x00000000f4a00000)
 ParOldGen       total 167936K, used 101146K [0x00000000a0c00000, 0x00000000ab000000, 0x00000000e0400000)
  object space 167936K, 60% used [0x00000000a0c00000,0x00000000a6ec6920,0x00000000ab000000)
 Metaspace       used 17369K, capacity 17537K, committed 17664K, reserved 1064960K
  class space    used 1705K, capacity 1761K, committed 1792K, reserved 1048576K
Event: 3.404 GC heap after
Heap after GC invocations=12 (full 2):
 PSYoungGen      total 260096K, used 17657K [0x00000000e0400000, 0x00000000f4100000, 0x0000000100000000)
  eden space 208896K, 0% used [0x00000000e0400000,0x00000000e0400000,0x00000000ed000000)
  from space 51200K, 34% used [0x00000000f0f00000,0x00000000f203e750,0x00000000f4100000)
  to   space 57856K, 0% used [0x00000000ed000000,0x00000000ed000000,0x00000000f0880000)
 ParOldGen       total 167936K, used 129463K [0x00000000a0c00000, 0x00000000ab000000, 0x00000000e0400000)
  object space 167936K, 77% used [0x00000000a0c00000,0x00000000a8a6deb0,0x00000000ab000000)
 Metaspace       used 17369K, capacity 17537K, committed 17664K, reserved 1064960K
  class space    used 1705K, capacity 1761K, committed 1792K, reserved 1048576K
}

