# JRE version: Java(TM) SE Runtime Environment (8.0_25-b18) (build 1.8.0_25-b18)
# Java VM: Java HotSpot(TM) 64-Bit Server VM (25.25-b02 mixed mode windows-amd64 compressed oops)
Heap:
 PSYoungGen      total 330752K, used 40094K [0x00000000e0400000, 0x00000000f4c00000, 0x0000000100000000)
  eden space 328704K, 11% used [0x00000000e0400000,0x00000000e2a339e0,0x00000000f4500000)
  from space 2048K, 47% used [0x00000000f4500000,0x00000000f45f4010,0x00000000f4700000)
  to   space 2048K, 0% used [0x00000000f4a00000,0x00000000f4a00000,0x00000000f4c00000)
 ParOldGen       total 227840K, used 171768K [0x00000000a0c00000, 0x00000000aea80000, 0x00000000e0400000)
  object space 227840K, 75% used [0x00000000a0c00000,0x00000000ab3be258,0x00000000aea80000)
 Metaspace       used 18003K, capacity 18185K, committed 18432K, reserved 1067008K
  class space    used 1724K, capacity 1761K, committed 1792K, reserved 1048576K
GC Heap History (10 events):
Event: 29.524 GC heap before
{Heap before GC invocations=72 (full 3):
 PSYoungGen      total 327680K, used 325248K [0x00000000e0400000, 0x00000000f4680000, 0x0000000100000000)
  eden space 325120K, 100% used [0x00000000e0400000,0x00000000f4180000,0x00000000f4180000)
  from space 2560K, 5% used [0x00000000f4400000,0x00000000f4420000,0x00000000f4680000)
  to   space 2560K, 0% used [0x00000000f4180000,0x00000000f4180000,0x00000000f4400000)
 ParOldGen       total 227840K, used 155568K [0x00000000a0c00000, 0x00000000aea80000, 0x00000000e0400000)
  object space 227840K, 68% used [0x00000000a0c00000,0x00000000aa3ec238,0x00000000aea80000)
 Metaspace       used 17963K, capacity 18185K, committed 18432K, reserved 1067008K
  class space    used 1712K, capacity 1761K, committed 1792K, reserved 1048576K
Event: 29.525 GC heap after
Heap after GC invocations=72 (full 3):
 PSYoungGen      total 327680K, used 192K [0x00000000e0400000, 0x00000000f4800000, 0x0000000100000000)
  eden space 325120K, 0% used [0x00000000e0400000,0x00000000e0400000,0x00000000f4180000)
  from space 2560K, 7% used [0x00000000f4180000,0x00000000f41b0000,0x00000000f4400000)
  to   space 2560K, 0% used [0x00000000f4580000,0x00000000f4580000,0x00000000f4800000)
 ParOldGen       total 227840K, used 155568K [0x00000000a0c00000, 0x00000000aea80000, 0x00000000e0400000)
  object space 227840K, 68% used [0x00000000a0c00000,0x00000000aa3ec238,0x00000000aea80000)
 Metaspace       used 17963K, capacity 18185K, committed 18432K, reserved 1067008K
  class space    used 1712K, capacity 1761K, committed 1792K, reserved 1048576K
}
Event: 30.016 GC heap before
{Heap before GC invocations=73 (full 3):
 PSYoungGen      total 327680K, used 325312K [0x00000000e0400000, 0x00000000f4800000, 0x0000000100000000)
  eden space 325120K, 100% used [0x00000000e0400000,0x00000000f4180000,0x00000000f4180000)
  from space 2560K, 7% used [0x00000000f4180000,0x00000000f41b0000,0x00000000f4400000)
  to   space 2560K, 0% used [0x00000000f4580000,0x00000000f4580000,0x00000000f4800000)
 ParOldGen       total 227840K, used 155568K [0x00000000a0c00000, 0x00000000aea80000, 0x00000000e0400000)
  object space 227840K, 68% used [0x00000000a0c00000,0x00000000aa3ec238,0x00000000aea80000)
 Metaspace       used 17963K, capacity 18185K, committed 18432K, reserved 1067008K
  class space    used 1712K, capacity 1761K, committed 1792K, reserved 1048576K
Event: 30.017 GC heap after
Heap after GC invocations=73 (full 3):
 PSYoungGen      total 328192K, used 160K [0x00000000e0400000, 0x00000000f4700000, 0x0000000100000000)
  eden space 326656K, 0% used [0x00000000e0400000,0x00000000e0400000,0x00000000f4300000)
  from space 1536K, 10% used [0x00000000f4580000,0x00000000f45a8000,0x00000000f4700000)
  to   space 2048K, 0% used [0x00000000f4300000,0x00000000f4300000,0x00000000f4500000)
 ParOldGen       total 227840K, used 155568K [0x00000000a0c00000, 0x00000000aea80000, 0x00000000e0400000)
  object space 227840K, 68% used [0x00000000a0c00000,0x00000000aa3ec238,0x00000000aea80000)
 Metaspace       used 17963K, capacity 18185K, committed 18432K, reserved 1067008K
  class space    used 1712K, capacity 1761K, committed 1792K, reserved 1048576K
}
Event: 30.443 GC heap before
{Heap before GC invocations=74 (full 3):
 PSYoungGen      total 328192K, used 326483K [0x00000000e0400000, 0x00000000f4700000, 0x0000000100000000)
  eden space 326656K, 99% used [0x00000000e0400000,0x00000000f42ace40,0x00000000f4300000)
  from space 1536K, 10% used [0x00000000f4580000,0x00000000f45a8000,0x00000000f4700000)
  to   space 2048K, 0% used [0x00000000f4300000,0x00000000f4300000,0x00000000f4500000)
 ParOldGen       total 227840K, used 155568K [0x00000000a0c00000, 0x00000000aea80000, 0x00000000e0400000)
  object space 227840K, 68% used [0x00000000a0c00000,0x00000000aa3ec238,0x00000000aea80000)
 Metaspace       used 17963K, capacity 18185K, committed 18432K, reserved 1067008K
  class space    used 1712K, capacity 1761K, committed 1792K, reserved 1048576K
Event: 30.447 GC heap after
Heap after GC invocations=74 (full 3):
 PSYoungGen      total 328704K, used 160K [0x00000000e0400000, 0x00000000f4900000, 0x0000000100000000)
  eden space 326656K, 0% used [0x00000000e0400000,0x00000000e0400000,0x00000000f4300000)
  from space 2048K, 7% used [0x00000000f4300000,0x00000000f4328000,0x00000000f4500000)
  to   space 2048K, 0% used [0x00000000f4700000,0x00000000f4700000,0x00000000f4900000)
 ParOldGen       total 227840K, used 163668K [0x00000000a0c00000, 0x00000000aea80000, 0x00000000e0400000)
  object space 227840K, 71% used [0x00000000a0c00000,0x00000000aabd5248,0x00000000aea80000)
 Metaspace       used 17963K, capacity 18185K, committed 18432K, reserved 1067008K
  class space    used 1712K, capacity 1761K, committed 1792K, reserved 1048576K
}
Event: 30.922 GC heap before
{Heap before GC invocations=75 (full 3):
 PSYoungGen      total 328704K, used 326816K [0x00000000e0400000, 0x00000000f4900000, 0x0000000100000000)
  eden space 326656K, 100% used [0x00000000e0400000,0x00000000f4300000,0x00000000f4300000)
  from space 2048K, 7% used [0x00000000f4300000,0x00000000f4328000,0x00000000f4500000)
  to   space 2048K, 0% used [0x00000000f4700000,0x00000000f4700000,0x00000000f4900000)
 ParOldGen       total 227840K, used 163668K [0x00000000a0c00000, 0x00000000aea80000, 0x00000000e0400000)
  object space 227840K, 71% used [0x00000000a0c00000,0x00000000aabd5248,0x00000000aea80000)
 Metaspace       used 17963K, capacity 18185K, committed 18432K, reserved 1067008K
  class space    used 1712K, capacity 1761K, committed 1792K, reserved 1048576K
Event: 30.923 GC heap after
Heap after GC invocations=75 (full 3):
 PSYoungGen      total 330752K, used 128K [0x00000000e0400000, 0x00000000f4900000, 0x0000000100000000)
  eden space 328704K, 0% used [0x00000000e0400000,0x00000000e0400000,0x00000000f4500000)
  from space 2048K, 6% used [0x00000000f4700000,0x00000000f4720000,0x00000000f4900000)
  to   space 2048K, 0% used [0x00000000f4500000,0x00000000f4500000,0x00000000f4700000)
 ParOldGen       total 227840K, used 163668K [0x00000000a0c00000, 0x00000000aea80000, 0x00000000e0400000)
  object space 227840K, 71% used [0x00000000a0c00000,0x00000000aabd5248,0x00000000aea80000)
 Metaspace       used 17963K, capacity 18185K, committed 18432K, reserved 1067008K
  class space    used 1712K, capacity 1761K, committed 1792K, reserved 1048576K
}
Event: 31.381 GC heap before
{Heap before GC invocations=76 (full 3):
 PSYoungGen      total 330752K, used 328300K [0x00000000e0400000, 0x00000000f4900000, 0x0000000100000000)
  eden space 328704K, 99% used [0x00000000e0400000,0x00000000f447b038,0x00000000f4500000)
  from space 2048K, 6% used [0x00000000f4700000,0x00000000f4720000,0x00000000f4900000)
  to   space 2048K, 0% used [0x00000000f4500000,0x00000000f4500000,0x00000000f4700000)
 ParOldGen       total 227840K, used 163668K [0x00000000a0c00000, 0x00000000aea80000, 0x00000000e0400000)
  object space 227840K, 71% used [0x00000000a0c00000,0x00000000aabd5248,0x00000000aea80000)
 Metaspace       used 17963K, capacity 18185K, committed 18432K, reserved 1067008K
  class space    used 1712K, capacity 1761K, committed 1792K, reserved 1048576K
Event: 31.387 GC heap after
Heap after GC invocations=76 (full 3):
 PSYoungGen      total 330752K, used 976K [0x00000000e0400000, 0x00000000f4c00000, 0x0000000100000000)
  eden space 328704K, 0% used [0x00000000e0400000,0x00000000e0400000,0x00000000f4500000)
  from space 2048K, 47% used [0x00000000f4500000,0x00000000f45f4010,0x00000000f4700000)
  to   space 2048K, 0% used [0x00000000f4a00000,0x00000000f4a00000,0x00000000f4c00000)
 ParOldGen       total 227840K, used 171768K [0x00000000a0c00000, 0x00000000aea80000, 0x00000000e0400000)
  object space 227840K, 75% used [0x00000000a0c00000,0x00000000ab3be258,0x00000000aea80000)
 Metaspace       used 17963K, capacity 18185K, committed 18432K, reserved 1067008K
  class space    used 1712K, capacity 1761K, committed 1792K, reserved 1048576K
}

