# JRE version: Java(TM) SE Runtime Environment (8.0_25-b18) (build 1.8.0_25-b18)
# Java VM: Java HotSpot(TM) 64-Bit Server VM (25.25-b02 mixed mode windows-amd64 compressed oops)
Heap:
 PSYoungGen      total 380416K, used 164241K [0x00000000e0400000, 0x00000000f9080000, 0x0000000100000000)
  eden space 356352K, 43% used [0x00000000e0400000,0x00000000e9b6f490,0x00000000f6000000)
  from space 24064K, 38% used [0x00000000f6000000,0x00000000f68f5020,0x00000000f7780000)
  to   space 23040K, 0% used [0x00000000f7a00000,0x00000000f7a00000,0x00000000f9080000)
 ParOldGen       total 231936K, used 162780K [0x00000000a0c00000, 0x00000000aee80000, 0x00000000e0400000)
  object space 231936K, 70% used [0x00000000a0c00000,0x00000000aaaf7098,0x00000000aee80000)
 Metaspace       used 17915K, capacity 18121K, committed 18176K, reserved 1064960K
  class space    used 1723K, capacity 1761K, committed 1792K, reserved 1048576K
GC Heap History (10 events):
Event: 14.964 GC heap before
{Heap before GC invocations=36 (full 3):
 PSYoungGen      total 378368K, used 357380K [0x00000000e0400000, 0x00000000f9500000, 0x0000000100000000)
  eden space 349184K, 100% used [0x00000000e0400000,0x00000000f5900000,0x00000000f5900000)
  from space 29184K, 28% used [0x00000000f7880000,0x00000000f8081010,0x00000000f9500000)
  to   space 30720K, 0% used [0x00000000f5900000,0x00000000f5900000,0x00000000f7700000)
 ParOldGen       total 231936K, used 162732K [0x00000000a0c00000, 0x00000000aee80000, 0x00000000e0400000)
  object space 231936K, 70% used [0x00000000a0c00000,0x00000000aaaeb098,0x00000000aee80000)
 Metaspace       used 17803K, capacity 17993K, committed 18176K, reserved 1064960K
  class space    used 1712K, capacity 1761K, committed 1792K, reserved 1048576K
Event: 14.966 GC heap after
Heap after GC invocations=36 (full 3):
 PSYoungGen      total 379904K, used 128K [0x00000000e0400000, 0x00000000f9780000, 0x0000000100000000)
  eden space 349184K, 0% used [0x00000000e0400000,0x00000000e0400000,0x00000000f5900000)
  from space 30720K, 0% used [0x00000000f5900000,0x00000000f5920000,0x00000000f7700000)
  to   space 30208K, 0% used [0x00000000f7a00000,0x00000000f7a00000,0x00000000f9780000)
 ParOldGen       total 231936K, used 162740K [0x00000000a0c00000, 0x00000000aee80000, 0x00000000e0400000)
  object space 231936K, 70% used [0x00000000a0c00000,0x00000000aaaed098,0x00000000aee80000)
 Metaspace       used 17803K, capacity 17993K, committed 18176K, reserved 1064960K
  class space    used 1712K, capacity 1761K, committed 1792K, reserved 1048576K
}
Event: 15.502 GC heap before
{Heap before GC invocations=37 (full 3):
 PSYoungGen      total 379904K, used 349312K [0x00000000e0400000, 0x00000000f9780000, 0x0000000100000000)
  eden space 349184K, 100% used [0x00000000e0400000,0x00000000f5900000,0x00000000f5900000)
  from space 30720K, 0% used [0x00000000f5900000,0x00000000f5920000,0x00000000f7700000)
  to   space 30208K, 0% used [0x00000000f7a00000,0x00000000f7a00000,0x00000000f9780000)
 ParOldGen       total 231936K, used 162740K [0x00000000a0c00000, 0x00000000aee80000, 0x00000000e0400000)
  object space 231936K, 70% used [0x00000000a0c00000,0x00000000aaaed098,0x00000000aee80000)
 Metaspace       used 17812K, capacity 17993K, committed 18176K, reserved 1064960K
  class space    used 1712K, capacity 1761K, committed 1792K, reserved 1048576K
Event: 15.505 GC heap after
Heap after GC invocations=37 (full 3):
 PSYoungGen      total 377856K, used 8260K [0x00000000e0400000, 0x00000000f9280000, 0x0000000100000000)
  eden space 352768K, 0% used [0x00000000e0400000,0x00000000e0400000,0x00000000f5c80000)
  from space 25088K, 32% used [0x00000000f7a00000,0x00000000f8211010,0x00000000f9280000)
  to   space 27648K, 0% used [0x00000000f5c80000,0x00000000f5c80000,0x00000000f7780000)
 ParOldGen       total 231936K, used 162748K [0x00000000a0c00000, 0x00000000aee80000, 0x00000000e0400000)
  object space 231936K, 70% used [0x00000000a0c00000,0x00000000aaaef098,0x00000000aee80000)
 Metaspace       used 17812K, capacity 17993K, committed 18176K, reserved 1064960K
  class space    used 1712K, capacity 1761K, committed 1792K, reserved 1048576K
}
Event: 16.070 GC heap before
{Heap before GC invocations=38 (full 3):
 PSYoungGen      total 377856K, used 361028K [0x00000000e0400000, 0x00000000f9280000, 0x0000000100000000)
  eden space 352768K, 100% used [0x00000000e0400000,0x00000000f5c80000,0x00000000f5c80000)
  from space 25088K, 32% used [0x00000000f7a00000,0x00000000f8211010,0x00000000f9280000)
  to   space 27648K, 0% used [0x00000000f5c80000,0x00000000f5c80000,0x00000000f7780000)
 ParOldGen       total 231936K, used 162748K [0x00000000a0c00000, 0x00000000aee80000, 0x00000000e0400000)
  object space 231936K, 70% used [0x00000000a0c00000,0x00000000aaaef098,0x00000000aee80000)
 Metaspace       used 17813K, capacity 17993K, committed 18176K, reserved 1064960K
  class space    used 1712K, capacity 1761K, committed 1792K, reserved 1048576K
Event: 16.073 GC heap after
Heap after GC invocations=38 (full 3):
 PSYoungGen      total 380416K, used 8292K [0x00000000e0400000, 0x00000000f9300000, 0x0000000100000000)
  eden space 352768K, 0% used [0x00000000e0400000,0x00000000e0400000,0x00000000f5c80000)
  from space 27648K, 29% used [0x00000000f5c80000,0x00000000f6499010,0x00000000f7780000)
  to   space 26112K, 0% used [0x00000000f7980000,0x00000000f7980000,0x00000000f9300000)
 ParOldGen       total 231936K, used 162756K [0x00000000a0c00000, 0x00000000aee80000, 0x00000000e0400000)
  object space 231936K, 70% used [0x00000000a0c00000,0x00000000aaaf1098,0x00000000aee80000)
 Metaspace       used 17813K, capacity 17993K, committed 18176K, reserved 1064960K
  class space    used 1712K, capacity 1761K, committed 1792K, reserved 1048576K
}
Event: 16.634 GC heap before
{Heap before GC invocations=39 (full 3):
 PSYoungGen      total 380416K, used 361060K [0x00000000e0400000, 0x00000000f9300000, 0x0000000100000000)
  eden space 352768K, 100% used [0x00000000e0400000,0x00000000f5c80000,0x00000000f5c80000)
  from space 27648K, 29% used [0x00000000f5c80000,0x00000000f6499010,0x00000000f7780000)
  to   space 26112K, 0% used [0x00000000f7980000,0x00000000f7980000,0x00000000f9300000)
 ParOldGen       total 231936K, used 162756K [0x00000000a0c00000, 0x00000000aee80000, 0x00000000e0400000)
  object space 231936K, 70% used [0x00000000a0c00000,0x00000000aaaf1098,0x00000000aee80000)
 Metaspace       used 17880K, capacity 18121K, committed 18176K, reserved 1064960K
  class space    used 1712K, capacity 1761K, committed 1792K, reserved 1048576K
Event: 16.636 GC heap after
Heap after GC invocations=39 (full 3):
 PSYoungGen      total 378368K, used 8260K [0x00000000e0400000, 0x00000000f8f00000, 0x0000000100000000)
  eden space 356352K, 0% used [0x00000000e0400000,0x00000000e0400000,0x00000000f6000000)
  from space 22016K, 37% used [0x00000000f7980000,0x00000000f8191010,0x00000000f8f00000)
  to   space 24064K, 0% used [0x00000000f6000000,0x00000000f6000000,0x00000000f7780000)
 ParOldGen       total 231936K, used 162780K [0x00000000a0c00000, 0x00000000aee80000, 0x00000000e0400000)
  object space 231936K, 70% used [0x00000000a0c00000,0x00000000aaaf7098,0x00000000aee80000)
 Metaspace       used 17880K, capacity 18121K, committed 18176K, reserved 1064960K
  class space    used 1712K, capacity 1761K, committed 1792K, reserved 1048576K
}
Event: 17.201 GC heap before
{Heap before GC invocations=40 (full 3):
 PSYoungGen      total 378368K, used 364612K [0x00000000e0400000, 0x00000000f8f00000, 0x0000000100000000)
  eden space 356352K, 100% used [0x00000000e0400000,0x00000000f6000000,0x00000000f6000000)
  from space 22016K, 37% used [0x00000000f7980000,0x00000000f8191010,0x00000000f8f00000)
  to   space 24064K, 0% used [0x00000000f6000000,0x00000000f6000000,0x00000000f7780000)
 ParOldGen       total 231936K, used 162780K [0x00000000a0c00000, 0x00000000aee80000, 0x00000000e0400000)
  object space 231936K, 70% used [0x00000000a0c00000,0x00000000aaaf7098,0x00000000aee80000)
 Metaspace       used 17880K, capacity 18121K, committed 18176K, reserved 1064960K
  class space    used 1712K, capacity 1761K, committed 1792K, reserved 1048576K
Event: 17.203 GC heap after
Heap after GC invocations=40 (full 3):
 PSYoungGen      total 380416K, used 9172K [0x00000000e0400000, 0x00000000f9080000, 0x0000000100000000)
  eden space 356352K, 0% used [0x00000000e0400000,0x00000000e0400000,0x00000000f6000000)
  from space 24064K, 38% used [0x00000000f6000000,0x00000000f68f5020,0x00000000f7780000)
  to   space 23040K, 0% used [0x00000000f7a00000,0x00000000f7a00000,0x00000000f9080000)
 ParOldGen       total 231936K, used 162780K [0x00000000a0c00000, 0x00000000aee80000, 0x00000000e0400000)
  object space 231936K, 70% used [0x00000000a0c00000,0x00000000aaaf7098,0x00000000aee80000)
 Metaspace       used 17880K, capacity 18121K, committed 18176K, reserved 1064960K
  class space    used 1712K, capacity 1761K, committed 1792K, reserved 1048576K
}

