# JRE version: Java(TM) SE Runtime Environment (8.0_25-b18) (build 1.8.0_25-b18)
# Java VM: Java HotSpot(TM) 64-Bit Server VM (25.25-b02 mixed mode windows-amd64 compressed oops)
Heap:
 PSYoungGen      total 435200K, used 160395K [0x00000000e0400000, 0x00000000fb580000, 0x0000000100000000)
  eden space 428032K, 37% used [0x00000000e0400000,0x00000000ea07af28,0x00000000fa600000)
  from space 7168K, 2% used [0x00000000fa600000,0x00000000fa628000,0x00000000fad00000)
  to   space 6656K, 0% used [0x00000000faf00000,0x00000000faf00000,0x00000000fb580000)
 ParOldGen       total 224768K, used 156198K [0x00000000a0c00000, 0x00000000ae780000, 0x00000000e0400000)
  object space 224768K, 69% used [0x00000000a0c00000,0x00000000aa4899c8,0x00000000ae780000)
 Metaspace       used 18579K, capacity 18793K, committed 19072K, reserved 1067008K
  class space    used 1762K, capacity 1793K, committed 1920K, reserved 1048576K
GC Heap History (10 events):
Event: 36.114 GC heap before
{Heap before GC invocations=68 (full 3):
 PSYoungGen      total 432640K, used 420871K [0x00000000e0400000, 0x00000000fb400000, 0x0000000100000000)
  eden space 423936K, 99% used [0x00000000e0400000,0x00000000f9ec1d00,0x00000000fa200000)
  from space 8704K, 2% used [0x00000000fab80000,0x00000000fabc0000,0x00000000fb400000)
  to   space 9216K, 0% used [0x00000000fa200000,0x00000000fa200000,0x00000000fab00000)
 ParOldGen       total 224768K, used 156150K [0x00000000a0c00000, 0x00000000ae780000, 0x00000000e0400000)
  object space 224768K, 69% used [0x00000000a0c00000,0x00000000aa47d9c8,0x00000000ae780000)
 Metaspace       used 18578K, capacity 18793K, committed 19072K, reserved 1067008K
  class space    used 1762K, capacity 1793K, committed 1920K, reserved 1048576K
Event: 36.117 GC heap after
Heap after GC invocations=68 (full 3):
 PSYoungGen      total 433152K, used 256K [0x00000000e0400000, 0x00000000fb480000, 0x0000000100000000)
  eden space 423936K, 0% used [0x00000000e0400000,0x00000000e0400000,0x00000000fa200000)
  from space 9216K, 2% used [0x00000000fa200000,0x00000000fa240000,0x00000000fab00000)
  to   space 8192K, 0% used [0x00000000fac80000,0x00000000fac80000,0x00000000fb480000)
 ParOldGen       total 224768K, used 156166K [0x00000000a0c00000, 0x00000000ae780000, 0x00000000e0400000)
  object space 224768K, 69% used [0x00000000a0c00000,0x00000000aa4819c8,0x00000000ae780000)
 Metaspace       used 18578K, capacity 18793K, committed 19072K, reserved 1067008K
  class space    used 1762K, capacity 1793K, committed 1920K, reserved 1048576K
}
Event: 36.773 GC heap before
{Heap before GC invocations=69 (full 3):
 PSYoungGen      total 433152K, used 420093K [0x00000000e0400000, 0x00000000fb480000, 0x0000000100000000)
  eden space 423936K, 99% used [0x00000000e0400000,0x00000000f9dff498,0x00000000fa200000)
  from space 9216K, 2% used [0x00000000fa200000,0x00000000fa240000,0x00000000fab00000)
  to   space 8192K, 0% used [0x00000000fac80000,0x00000000fac80000,0x00000000fb480000)
 ParOldGen       total 224768K, used 156166K [0x00000000a0c00000, 0x00000000ae780000, 0x00000000e0400000)
  object space 224768K, 69% used [0x00000000a0c00000,0x00000000aa4819c8,0x00000000ae780000)
 Metaspace       used 18578K, capacity 18793K, committed 19072K, reserved 1067008K
  class space    used 1762K, capacity 1793K, committed 1920K, reserved 1048576K
Event: 36.774 GC heap after
Heap after GC invocations=69 (full 3):
 PSYoungGen      total 432640K, used 192K [0x00000000e0400000, 0x00000000fb300000, 0x0000000100000000)
  eden space 425984K, 0% used [0x00000000e0400000,0x00000000e0400000,0x00000000fa400000)
  from space 6656K, 2% used [0x00000000fac80000,0x00000000facb0000,0x00000000fb300000)
  to   space 7680K, 0% used [0x00000000fa400000,0x00000000fa400000,0x00000000fab80000)
 ParOldGen       total 224768K, used 156166K [0x00000000a0c00000, 0x00000000ae780000, 0x00000000e0400000)
  object space 224768K, 69% used [0x00000000a0c00000,0x00000000aa4819c8,0x00000000ae780000)
 Metaspace       used 18578K, capacity 18793K, committed 19072K, reserved 1067008K
  class space    used 1762K, capacity 1793K, committed 1920K, reserved 1048576K
}
Event: 37.440 GC heap before
{Heap before GC invocations=70 (full 3):
 PSYoungGen      total 432640K, used 426176K [0x00000000e0400000, 0x00000000fb300000, 0x0000000100000000)
  eden space 425984K, 100% used [0x00000000e0400000,0x00000000fa400000,0x00000000fa400000)
  from space 6656K, 2% used [0x00000000fac80000,0x00000000facb0000,0x00000000fb300000)
  to   space 7680K, 0% used [0x00000000fa400000,0x00000000fa400000,0x00000000fab80000)
 ParOldGen       total 224768K, used 156166K [0x00000000a0c00000, 0x00000000ae780000, 0x00000000e0400000)
  object space 224768K, 69% used [0x00000000a0c00000,0x00000000aa4819c8,0x00000000ae780000)
 Metaspace       used 18578K, capacity 18793K, committed 19072K, reserved 1067008K
  class space    used 1762K, capacity 1793K, committed 1920K, reserved 1048576K
Event: 37.441 GC heap after
Heap after GC invocations=70 (full 3):
 PSYoungGen      total 433664K, used 224K [0x00000000e0400000, 0x00000000fb500000, 0x0000000100000000)
  eden space 425984K, 0% used [0x00000000e0400000,0x00000000e0400000,0x00000000fa400000)
  from space 7680K, 2% used [0x00000000fa400000,0x00000000fa438000,0x00000000fab80000)
  to   space 7680K, 0% used [0x00000000fad80000,0x00000000fad80000,0x00000000fb500000)
 ParOldGen       total 224768K, used 156166K [0x00000000a0c00000, 0x00000000ae780000, 0x00000000e0400000)
  object space 224768K, 69% used [0x00000000a0c00000,0x00000000aa4819c8,0x00000000ae780000)
 Metaspace       used 18578K, capacity 18793K, committed 19072K, reserved 1067008K
  class space    used 1762K, capacity 1793K, committed 1920K, reserved 1048576K
}
Event: 38.111 GC heap before
{Heap before GC invocations=71 (full 3):
 PSYoungGen      total 433664K, used 426208K [0x00000000e0400000, 0x00000000fb500000, 0x0000000100000000)
  eden space 425984K, 100% used [0x00000000e0400000,0x00000000fa400000,0x00000000fa400000)
  from space 7680K, 2% used [0x00000000fa400000,0x00000000fa438000,0x00000000fab80000)
  to   space 7680K, 0% used [0x00000000fad80000,0x00000000fad80000,0x00000000fb500000)
 ParOldGen       total 224768K, used 156166K [0x00000000a0c00000, 0x00000000ae780000, 0x00000000e0400000)
  object space 224768K, 69% used [0x00000000a0c00000,0x00000000aa4819c8,0x00000000ae780000)
 Metaspace       used 18578K, capacity 18793K, committed 19072K, reserved 1067008K
  class space    used 1762K, capacity 1793K, committed 1920K, reserved 1048576K
Event: 38.113 GC heap after
Heap after GC invocations=71 (full 3):
 PSYoungGen      total 434688K, used 192K [0x00000000e0400000, 0x00000000fb400000, 0x0000000100000000)
  eden space 428032K, 0% used [0x00000000e0400000,0x00000000e0400000,0x00000000fa600000)
  from space 6656K, 2% used [0x00000000fad80000,0x00000000fadb0000,0x00000000fb400000)
  to   space 7168K, 0% used [0x00000000fa600000,0x00000000fa600000,0x00000000fad00000)
 ParOldGen       total 224768K, used 156198K [0x00000000a0c00000, 0x00000000ae780000, 0x00000000e0400000)
  object space 224768K, 69% used [0x00000000a0c00000,0x00000000aa4899c8,0x00000000ae780000)
 Metaspace       used 18578K, capacity 18793K, committed 19072K, reserved 1067008K
  class space    used 1762K, capacity 1793K, committed 1920K, reserved 1048576K
}
Event: 38.776 GC heap before
{Heap before GC invocations=72 (full 3):
 PSYoungGen      total 434688K, used 426750K [0x00000000e0400000, 0x00000000fb400000, 0x0000000100000000)
  eden space 428032K, 99% used [0x00000000e0400000,0x00000000fa48fae0,0x00000000fa600000)
  from space 6656K, 2% used [0x00000000fad80000,0x00000000fadb0000,0x00000000fb400000)
  to   space 7168K, 0% used [0x00000000fa600000,0x00000000fa600000,0x00000000fad00000)
 ParOldGen       total 224768K, used 156198K [0x00000000a0c00000, 0x00000000ae780000, 0x00000000e0400000)
  object space 224768K, 69% used [0x00000000a0c00000,0x00000000aa4899c8,0x00000000ae780000)
 Metaspace       used 18578K, capacity 18793K, committed 19072K, reserved 1067008K
  class space    used 1762K, capacity 1793K, committed 1920K, reserved 1048576K
Event: 38.779 GC heap after
Heap after GC invocations=72 (full 3):
 PSYoungGen      total 435200K, used 160K [0x00000000e0400000, 0x00000000fb580000, 0x0000000100000000)
  eden space 428032K, 0% used [0x00000000e0400000,0x00000000e0400000,0x00000000fa600000)
  from space 7168K, 2% used [0x00000000fa600000,0x00000000fa628000,0x00000000fad00000)
  to   space 6656K, 0% used [0x00000000faf00000,0x00000000faf00000,0x00000000fb580000)
 ParOldGen       total 224768K, used 156198K [0x00000000a0c00000, 0x00000000ae780000, 0x00000000e0400000)
  object space 224768K, 69% used [0x00000000a0c00000,0x00000000aa4899c8,0x00000000ae780000)
 Metaspace       used 18578K, capacity 18793K, committed 19072K, reserved 1067008K
  class space    used 1762K, capacity 1793K, committed 1920K, reserved 1048576K
}

