# JRE version: Java(TM) SE Runtime Environment (8.0_25-b18) (build 1.8.0_25-b18)
# Java VM: Java HotSpot(TM) 64-Bit Server VM (25.25-b02 mixed mode windows-amd64 compressed oops)
Heap:
 PSYoungGen      total 435712K, used 187942K [0x00000000e0400000, 0x00000000fbf00000, 0x0000000100000000)
  eden space 420864K, 44% used [0x00000000e0400000,0x00000000ebb498f8,0x00000000f9f00000)
  from space 14848K, 1% used [0x00000000fb080000,0x00000000fb0c0000,0x00000000fbf00000)
  to   space 16384K, 0% used [0x00000000f9f00000,0x00000000f9f00000,0x00000000faf00000)
 ParOldGen       total 221184K, used 155649K [0x00000000a0c00000, 0x00000000ae400000, 0x00000000e0400000)
  object space 221184K, 70% used [0x00000000a0c00000,0x00000000aa400478,0x00000000ae400000)
 Metaspace       used 17985K, capacity 18185K, committed 18432K, reserved 1067008K
  class space    used 1722K, capacity 1761K, committed 1792K, reserved 1048576K
GC Heap History (10 events):
Event: 39.486 GC heap before
{Heap before GC invocations=41 (full 3):
 PSYoungGen      total 439296K, used 413128K [0x00000000e0400000, 0x00000000fc680000, 0x0000000100000000)
  eden space 416768K, 99% used [0x00000000e0400000,0x00000000f97320a8,0x00000000f9b00000)
  from space 22528K, 1% used [0x00000000f9b00000,0x00000000f9b40000,0x00000000fb100000)
  to   space 21504K, 0% used [0x00000000fb180000,0x00000000fb180000,0x00000000fc680000)
 ParOldGen       total 221184K, used 155385K [0x00000000a0c00000, 0x00000000ae400000, 0x00000000e0400000)
  object space 221184K, 70% used [0x00000000a0c00000,0x00000000aa3be478,0x00000000ae400000)
 Metaspace       used 17984K, capacity 18185K, committed 18432K, reserved 1067008K
  class space    used 1722K, capacity 1761K, committed 1792K, reserved 1048576K
Event: 39.488 GC heap after
Heap after GC invocations=41 (full 3):
 PSYoungGen      total 437760K, used 256K [0x00000000e0400000, 0x00000000fc480000, 0x0000000100000000)
  eden space 418304K, 0% used [0x00000000e0400000,0x00000000e0400000,0x00000000f9c80000)
  from space 19456K, 1% used [0x00000000fb180000,0x00000000fb1c0000,0x00000000fc480000)
  to   space 20480K, 0% used [0x00000000f9c80000,0x00000000f9c80000,0x00000000fb080000)
 ParOldGen       total 221184K, used 155433K [0x00000000a0c00000, 0x00000000ae400000, 0x00000000e0400000)
  object space 221184K, 70% used [0x00000000a0c00000,0x00000000aa3ca478,0x00000000ae400000)
 Metaspace       used 17984K, capacity 18185K, committed 18432K, reserved 1067008K
  class space    used 1722K, capacity 1761K, committed 1792K, reserved 1048576K
}
Event: 40.886 GC heap before
{Heap before GC invocations=42 (full 3):
 PSYoungGen      total 437760K, used 413178K [0x00000000e0400000, 0x00000000fc480000, 0x0000000100000000)
  eden space 418304K, 98% used [0x00000000e0400000,0x00000000f973e9e0,0x00000000f9c80000)
  from space 19456K, 1% used [0x00000000fb180000,0x00000000fb1c0000,0x00000000fc480000)
  to   space 20480K, 0% used [0x00000000f9c80000,0x00000000f9c80000,0x00000000fb080000)
 ParOldGen       total 221184K, used 155433K [0x00000000a0c00000, 0x00000000ae400000, 0x00000000e0400000)
  object space 221184K, 70% used [0x00000000a0c00000,0x00000000aa3ca478,0x00000000ae400000)
 Metaspace       used 17984K, capacity 18185K, committed 18432K, reserved 1067008K
  class space    used 1722K, capacity 1761K, committed 1792K, reserved 1048576K
Event: 40.887 GC heap after
Heap after GC invocations=42 (full 3):
 PSYoungGen      total 438784K, used 256K [0x00000000e0400000, 0x00000000fc300000, 0x0000000100000000)
  eden space 418304K, 0% used [0x00000000e0400000,0x00000000e0400000,0x00000000f9c80000)
  from space 20480K, 1% used [0x00000000f9c80000,0x00000000f9cc0000,0x00000000fb080000)
  to   space 18944K, 0% used [0x00000000fb080000,0x00000000fb080000,0x00000000fc300000)
 ParOldGen       total 221184K, used 155481K [0x00000000a0c00000, 0x00000000ae400000, 0x00000000e0400000)
  object space 221184K, 70% used [0x00000000a0c00000,0x00000000aa3d6478,0x00000000ae400000)
 Metaspace       used 17984K, capacity 18185K, committed 18432K, reserved 1067008K
  class space    used 1722K, capacity 1761K, committed 1792K, reserved 1048576K
}
Event: 42.292 GC heap before
{Heap before GC invocations=43 (full 3):
 PSYoungGen      total 438784K, used 413184K [0x00000000e0400000, 0x00000000fc300000, 0x0000000100000000)
  eden space 418304K, 98% used [0x00000000e0400000,0x00000000f9740108,0x00000000f9c80000)
  from space 20480K, 1% used [0x00000000f9c80000,0x00000000f9cc0000,0x00000000fb080000)
  to   space 18944K, 0% used [0x00000000fb080000,0x00000000fb080000,0x00000000fc300000)
 ParOldGen       total 221184K, used 155481K [0x00000000a0c00000, 0x00000000ae400000, 0x00000000e0400000)
  object space 221184K, 70% used [0x00000000a0c00000,0x00000000aa3d6478,0x00000000ae400000)
 Metaspace       used 17984K, capacity 18185K, committed 18432K, reserved 1067008K
  class space    used 1722K, capacity 1761K, committed 1792K, reserved 1048576K
Event: 42.293 GC heap after
Heap after GC invocations=43 (full 3):
 PSYoungGen      total 436736K, used 256K [0x00000000e0400000, 0x00000000fc100000, 0x0000000100000000)
  eden space 419840K, 0% used [0x00000000e0400000,0x00000000e0400000,0x00000000f9e00000)
  from space 16896K, 1% used [0x00000000fb080000,0x00000000fb0c0000,0x00000000fc100000)
  to   space 17920K, 0% used [0x00000000f9e00000,0x00000000f9e00000,0x00000000faf80000)
 ParOldGen       total 221184K, used 155537K [0x00000000a0c00000, 0x00000000ae400000, 0x00000000e0400000)
  object space 221184K, 70% used [0x00000000a0c00000,0x00000000aa3e4478,0x00000000ae400000)
 Metaspace       used 17984K, capacity 18185K, committed 18432K, reserved 1067008K
  class space    used 1722K, capacity 1761K, committed 1792K, reserved 1048576K
}
Event: 43.691 GC heap before
{Heap before GC invocations=44 (full 3):
 PSYoungGen      total 436736K, used 413203K [0x00000000e0400000, 0x00000000fc100000, 0x0000000100000000)
  eden space 419840K, 98% used [0x00000000e0400000,0x00000000f9744e58,0x00000000f9e00000)
  from space 16896K, 1% used [0x00000000fb080000,0x00000000fb0c0000,0x00000000fc100000)
  to   space 17920K, 0% used [0x00000000f9e00000,0x00000000f9e00000,0x00000000faf80000)
 ParOldGen       total 221184K, used 155537K [0x00000000a0c00000, 0x00000000ae400000, 0x00000000e0400000)
  object space 221184K, 70% used [0x00000000a0c00000,0x00000000aa3e4478,0x00000000ae400000)
 Metaspace       used 17984K, capacity 18185K, committed 18432K, reserved 1067008K
  class space    used 1722K, capacity 1761K, committed 1792K, reserved 1048576K
Event: 43.692 GC heap after
Heap after GC invocations=44 (full 3):
 PSYoungGen      total 437760K, used 224K [0x00000000e0400000, 0x00000000fc180000, 0x0000000100000000)
  eden space 419840K, 0% used [0x00000000e0400000,0x00000000e0400000,0x00000000f9e00000)
  from space 17920K, 1% used [0x00000000f9e00000,0x00000000f9e38000,0x00000000faf80000)
  to   space 17408K, 0% used [0x00000000fb080000,0x00000000fb080000,0x00000000fc180000)
 ParOldGen       total 221184K, used 155601K [0x00000000a0c00000, 0x00000000ae400000, 0x00000000e0400000)
  object space 221184K, 70% used [0x00000000a0c00000,0x00000000aa3f4478,0x00000000ae400000)
 Metaspace       used 17984K, capacity 18185K, committed 18432K, reserved 1067008K
  class space    used 1722K, capacity 1761K, committed 1792K, reserved 1048576K
}
Event: 45.752 GC heap before
{Heap before GC invocations=45 (full 3):
 PSYoungGen      total 437760K, used 413542K [0x00000000e0400000, 0x00000000fc180000, 0x0000000100000000)
  eden space 419840K, 98% used [0x00000000e0400000,0x00000000f97a1a28,0x00000000f9e00000)
  from space 17920K, 1% used [0x00000000f9e00000,0x00000000f9e38000,0x00000000faf80000)
  to   space 17408K, 0% used [0x00000000fb080000,0x00000000fb080000,0x00000000fc180000)
 ParOldGen       total 221184K, used 155601K [0x00000000a0c00000, 0x00000000ae400000, 0x00000000e0400000)
  object space 221184K, 70% used [0x00000000a0c00000,0x00000000aa3f4478,0x00000000ae400000)
 Metaspace       used 17984K, capacity 18185K, committed 18432K, reserved 1067008K
  class space    used 1722K, capacity 1761K, committed 1792K, reserved 1048576K
Event: 45.753 GC heap after
Heap after GC invocations=45 (full 3):
 PSYoungGen      total 435712K, used 256K [0x00000000e0400000, 0x00000000fbf00000, 0x0000000100000000)
  eden space 420864K, 0% used [0x00000000e0400000,0x00000000e0400000,0x00000000f9f00000)
  from space 14848K, 1% used [0x00000000fb080000,0x00000000fb0c0000,0x00000000fbf00000)
  to   space 16384K, 0% used [0x00000000f9f00000,0x00000000f9f00000,0x00000000faf00000)
 ParOldGen       total 221184K, used 155649K [0x00000000a0c00000, 0x00000000ae400000, 0x00000000e0400000)
  object space 221184K, 70% used [0x00000000a0c00000,0x00000000aa400478,0x00000000ae400000)
 Metaspace       used 17984K, capacity 18185K, committed 18432K, reserved 1067008K
  class space    used 1722K, capacity 1761K, committed 1792K, reserved 1048576K
}

