# JRE version: Java(TM) SE Runtime Environment (8.0_25-b18) (build 1.8.0_25-b18)
# Java VM: Java HotSpot(TM) 64-Bit Server VM (25.25-b02 mixed mode windows-amd64 compressed oops)
Heap:
 PSYoungGen      total 289280K, used 226914K [0x00000000e0400000, 0x00000000f4880000, 0x0000000100000000)
  eden space 253440K, 85% used [0x00000000e0400000,0x00000000ed7b1228,0x00000000efb80000)
  from space 35840K, 28% used [0x00000000f2580000,0x00000000f2f67740,0x00000000f4880000)
  to   space 39424K, 0% used [0x00000000efb80000,0x00000000efb80000,0x00000000f2200000)
 ParOldGen       total 228864K, used 145055K [0x00000000a0c00000, 0x00000000aeb80000, 0x00000000e0400000)
  object space 228864K, 63% used [0x00000000a0c00000,0x00000000a99a7d78,0x00000000aeb80000)
 Metaspace       used 17835K, capacity 18057K, committed 18176K, reserved 1064960K
  class space    used 1722K, capacity 1761K, committed 1792K, reserved 1048576K
GC Heap History (10 events):
Event: 6.942 GC heap before
{Heap before GC invocations=19 (full 3):
 PSYoungGen      total 261120K, used 217035K [0x00000000e0400000, 0x00000000f4c00000, 0x0000000100000000)
  eden space 209920K, 98% used [0x00000000e0400000,0x00000000ecdf40f8,0x00000000ed100000)
  from space 51200K, 19% used [0x00000000ed100000,0x00000000edafedc0,0x00000000f0300000)
  to   space 49152K, 0% used [0x00000000f1c00000,0x00000000f1c00000,0x00000000f4c00000)
 ParOldGen       total 228864K, used 145023K [0x00000000a0c00000, 0x00000000aeb80000, 0x00000000e0400000)
  object space 228864K, 63% used [0x00000000a0c00000,0x00000000a999fd78,0x00000000aeb80000)
 Metaspace       used 17585K, capacity 17793K, committed 17920K, reserved 1064960K
  class space    used 1710K, capacity 1761K, committed 1792K, reserved 1048576K
Event: 6.947 GC heap after
Heap after GC invocations=19 (full 3):
 PSYoungGen      total 273408K, used 10198K [0x00000000e0400000, 0x00000000f4380000, 0x0000000100000000)
  eden space 232960K, 0% used [0x00000000e0400000,0x00000000e0400000,0x00000000ee780000)
  from space 40448K, 25% used [0x00000000f1c00000,0x00000000f25f5aa0,0x00000000f4380000)
  to   space 47104K, 0% used [0x00000000ee780000,0x00000000ee780000,0x00000000f1580000)
 ParOldGen       total 228864K, used 145031K [0x00000000a0c00000, 0x00000000aeb80000, 0x00000000e0400000)
  object space 228864K, 63% used [0x00000000a0c00000,0x00000000a99a1d78,0x00000000aeb80000)
 Metaspace       used 17585K, capacity 17793K, committed 17920K, reserved 1064960K
  class space    used 1710K, capacity 1761K, committed 1792K, reserved 1048576K
}
Event: 7.781 GC heap before
{Heap before GC invocations=20 (full 3):
 PSYoungGen      total 273408K, used 235425K [0x00000000e0400000, 0x00000000f4380000, 0x0000000100000000)
  eden space 232960K, 96% used [0x00000000e0400000,0x00000000edff2d28,0x00000000ee780000)
  from space 40448K, 25% used [0x00000000f1c00000,0x00000000f25f5aa0,0x00000000f4380000)
  to   space 47104K, 0% used [0x00000000ee780000,0x00000000ee780000,0x00000000f1580000)
 ParOldGen       total 228864K, used 145031K [0x00000000a0c00000, 0x00000000aeb80000, 0x00000000e0400000)
  object space 228864K, 63% used [0x00000000a0c00000,0x00000000a99a1d78,0x00000000aeb80000)
 Metaspace       used 17636K, capacity 17865K, committed 17920K, reserved 1064960K
  class space    used 1710K, capacity 1761K, committed 1792K, reserved 1048576K
Event: 7.786 GC heap after
Heap after GC invocations=20 (full 3):
 PSYoungGen      total 280064K, used 10173K [0x00000000e0400000, 0x00000000f4e80000, 0x0000000100000000)
  eden space 232960K, 0% used [0x00000000e0400000,0x00000000e0400000,0x00000000ee780000)
  from space 47104K, 21% used [0x00000000ee780000,0x00000000ef16f740,0x00000000f1580000)
  to   space 45568K, 0% used [0x00000000f2200000,0x00000000f2200000,0x00000000f4e80000)
 ParOldGen       total 228864K, used 145031K [0x00000000a0c00000, 0x00000000aeb80000, 0x00000000e0400000)
  object space 228864K, 63% used [0x00000000a0c00000,0x00000000a99a1d78,0x00000000aeb80000)
 Metaspace       used 17636K, capacity 17865K, committed 17920K, reserved 1064960K
  class space    used 1710K, capacity 1761K, committed 1792K, reserved 1048576K
}
Event: 8.610 GC heap before
{Heap before GC invocations=21 (full 3):
 PSYoungGen      total 280064K, used 235479K [0x00000000e0400000, 0x00000000f4e80000, 0x0000000100000000)
  eden space 232960K, 96% used [0x00000000e0400000,0x00000000ee006878,0x00000000ee780000)
  from space 47104K, 21% used [0x00000000ee780000,0x00000000ef16f740,0x00000000f1580000)
  to   space 45568K, 0% used [0x00000000f2200000,0x00000000f2200000,0x00000000f4e80000)
 ParOldGen       total 228864K, used 145031K [0x00000000a0c00000, 0x00000000aeb80000, 0x00000000e0400000)
  object space 228864K, 63% used [0x00000000a0c00000,0x00000000a99a1d78,0x00000000aeb80000)
 Metaspace       used 17702K, capacity 17929K, committed 18176K, reserved 1064960K
  class space    used 1710K, capacity 1761K, committed 1792K, reserved 1048576K
Event: 8.614 GC heap after
Heap after GC invocations=21 (full 3):
 PSYoungGen      total 283648K, used 10173K [0x00000000e0400000, 0x00000000f4800000, 0x0000000100000000)
  eden space 244736K, 0% used [0x00000000e0400000,0x00000000e0400000,0x00000000ef300000)
  from space 38912K, 26% used [0x00000000f2200000,0x00000000f2bef740,0x00000000f4800000)
  to   space 43520K, 0% used [0x00000000ef300000,0x00000000ef300000,0x00000000f1d80000)
 ParOldGen       total 228864K, used 145039K [0x00000000a0c00000, 0x00000000aeb80000, 0x00000000e0400000)
  object space 228864K, 63% used [0x00000000a0c00000,0x00000000a99a3d78,0x00000000aeb80000)
 Metaspace       used 17702K, capacity 17929K, committed 18176K, reserved 1064960K
  class space    used 1710K, capacity 1761K, committed 1792K, reserved 1048576K
}
Event: 9.510 GC heap before
{Heap before GC invocations=22 (full 3):
 PSYoungGen      total 283648K, used 252561K [0x00000000e0400000, 0x00000000f4800000, 0x0000000100000000)
  eden space 244736K, 99% used [0x00000000e0400000,0x00000000ef0b5090,0x00000000ef300000)
  from space 38912K, 26% used [0x00000000f2200000,0x00000000f2bef740,0x00000000f4800000)
  to   space 43520K, 0% used [0x00000000ef300000,0x00000000ef300000,0x00000000f1d80000)
 ParOldGen       total 228864K, used 145039K [0x00000000a0c00000, 0x00000000aeb80000, 0x00000000e0400000)
  object space 228864K, 63% used [0x00000000a0c00000,0x00000000a99a3d78,0x00000000aeb80000)
 Metaspace       used 17713K, capacity 17929K, committed 18176K, reserved 1064960K
  class space    used 1710K, capacity 1761K, committed 1792K, reserved 1048576K
Event: 9.513 GC heap after
Heap after GC invocations=22 (full 3):
 PSYoungGen      total 288256K, used 10185K [0x00000000e0400000, 0x00000000f4e00000, 0x0000000100000000)
  eden space 244736K, 0% used [0x00000000e0400000,0x00000000e0400000,0x00000000ef300000)
  from space 43520K, 23% used [0x00000000ef300000,0x00000000efcf2430,0x00000000f1d80000)
  to   space 41472K, 0% used [0x00000000f2580000,0x00000000f2580000,0x00000000f4e00000)
 ParOldGen       total 228864K, used 145047K [0x00000000a0c00000, 0x00000000aeb80000, 0x00000000e0400000)
  object space 228864K, 63% used [0x00000000a0c00000,0x00000000a99a5d78,0x00000000aeb80000)
 Metaspace       used 17713K, capacity 17929K, committed 18176K, reserved 1064960K
  class space    used 1710K, capacity 1761K, committed 1792K, reserved 1048576K
}
Event: 10.409 GC heap before
{Heap before GC invocations=23 (full 3):
 PSYoungGen      total 288256K, used 252529K [0x00000000e0400000, 0x00000000f4e00000, 0x0000000100000000)
  eden space 244736K, 99% used [0x00000000e0400000,0x00000000ef0aa0f0,0x00000000ef300000)
  from space 43520K, 23% used [0x00000000ef300000,0x00000000efcf2430,0x00000000f1d80000)
  to   space 41472K, 0% used [0x00000000f2580000,0x00000000f2580000,0x00000000f4e00000)
 ParOldGen       total 228864K, used 145047K [0x00000000a0c00000, 0x00000000aeb80000, 0x00000000e0400000)
  object space 228864K, 63% used [0x00000000a0c00000,0x00000000a99a5d78,0x00000000aeb80000)
 Metaspace       used 17791K, capacity 17993K, committed 18176K, reserved 1064960K
  class space    used 1710K, capacity 1761K, committed 1792K, reserved 1048576K
Event: 10.413 GC heap after
Heap after GC invocations=23 (full 3):
 PSYoungGen      total 289280K, used 10141K [0x00000000e0400000, 0x00000000f4880000, 0x0000000100000000)
  eden space 253440K, 0% used [0x00000000e0400000,0x00000000e0400000,0x00000000efb80000)
  from space 35840K, 28% used [0x00000000f2580000,0x00000000f2f67740,0x00000000f4880000)
  to   space 39424K, 0% used [0x00000000efb80000,0x00000000efb80000,0x00000000f2200000)
 ParOldGen       total 228864K, used 145055K [0x00000000a0c00000, 0x00000000aeb80000, 0x00000000e0400000)
  object space 228864K, 63% used [0x00000000a0c00000,0x00000000a99a7d78,0x00000000aeb80000)
 Metaspace       used 17791K, capacity 17993K, committed 18176K, reserved 1064960K
  class space    used 1710K, capacity 1761K, committed 1792K, reserved 1048576K
}

