# JRE version: Java(TM) SE Runtime Environment (8.0_25-b18) (build 1.8.0_25-b18)
# Java VM: Java HotSpot(TM) 64-Bit Server VM (25.25-b02 mixed mode windows-amd64 compressed oops)
Heap:
 PSYoungGen      total 352256K, used 100498K [0x00000000e0400000, 0x00000000f6600000, 0x0000000100000000)
  eden space 342016K, 29% used [0x00000000e0400000,0x00000000e65f4aa8,0x00000000f5200000)
  from space 10240K, 1% used [0x00000000f5200000,0x00000000f5230000,0x00000000f5c00000)
  to   space 9216K, 0% used [0x00000000f5d00000,0x00000000f5d00000,0x00000000f6600000)
 ParOldGen       total 235520K, used 172454K [0x00000000a0c00000, 0x00000000af200000, 0x00000000e0400000)
  object space 235520K, 73% used [0x00000000a0c00000,0x00000000ab469938,0x00000000af200000)
 Metaspace       used 17935K, capacity 18121K, committed 18176K, reserved 1064960K
  class space    used 1717K, capacity 1761K, committed 1792K, reserved 1048576K
GC Heap History (10 events):
Event: 23.380 GC heap before
{Heap before GC invocations=62 (full 3):
 PSYoungGen      total 346112K, used 337536K [0x00000000e0400000, 0x00000000f6080000, 0x0000000100000000)
  eden space 337408K, 100% used [0x00000000e0400000,0x00000000f4d80000,0x00000000f4d80000)
  from space 8704K, 1% used [0x00000000f5800000,0x00000000f5820000,0x00000000f6080000)
  to   space 9728K, 0% used [0x00000000f4d80000,0x00000000f4d80000,0x00000000f5700000)
 ParOldGen       total 235520K, used 172414K [0x00000000a0c00000, 0x00000000af200000, 0x00000000e0400000)
  object space 235520K, 73% used [0x00000000a0c00000,0x00000000ab45f938,0x00000000af200000)
 Metaspace       used 17900K, capacity 18121K, committed 18176K, reserved 1064960K
  class space    used 1706K, capacity 1761K, committed 1792K, reserved 1048576K
Event: 23.381 GC heap after
Heap after GC invocations=62 (full 3):
 PSYoungGen      total 347136K, used 192K [0x00000000e0400000, 0x00000000f6180000, 0x0000000100000000)
  eden space 337408K, 0% used [0x00000000e0400000,0x00000000e0400000,0x00000000f4d80000)
  from space 9728K, 1% used [0x00000000f4d80000,0x00000000f4db0000,0x00000000f5700000)
  to   space 9216K, 0% used [0x00000000f5880000,0x00000000f5880000,0x00000000f6180000)
 ParOldGen       total 235520K, used 172414K [0x00000000a0c00000, 0x00000000af200000, 0x00000000e0400000)
  object space 235520K, 73% used [0x00000000a0c00000,0x00000000ab45f938,0x00000000af200000)
 Metaspace       used 17900K, capacity 18121K, committed 18176K, reserved 1064960K
  class space    used 1706K, capacity 1761K, committed 1792K, reserved 1048576K
}
Event: 23.771 GC heap before
{Heap before GC invocations=63 (full 3):
 PSYoungGen      total 347136K, used 337600K [0x00000000e0400000, 0x00000000f6180000, 0x0000000100000000)
  eden space 337408K, 100% used [0x00000000e0400000,0x00000000f4d80000,0x00000000f4d80000)
  from space 9728K, 1% used [0x00000000f4d80000,0x00000000f4db0000,0x00000000f5700000)
  to   space 9216K, 0% used [0x00000000f5880000,0x00000000f5880000,0x00000000f6180000)
 ParOldGen       total 235520K, used 172414K [0x00000000a0c00000, 0x00000000af200000, 0x00000000e0400000)
  object space 235520K, 73% used [0x00000000a0c00000,0x00000000ab45f938,0x00000000af200000)
 Metaspace       used 17900K, capacity 18121K, committed 18176K, reserved 1064960K
  class space    used 1706K, capacity 1761K, committed 1792K, reserved 1048576K
Event: 23.773 GC heap after
Heap after GC invocations=63 (full 3):
 PSYoungGen      total 347648K, used 128K [0x00000000e0400000, 0x00000000f6080000, 0x0000000100000000)
  eden space 339456K, 0% used [0x00000000e0400000,0x00000000e0400000,0x00000000f4f80000)
  from space 8192K, 1% used [0x00000000f5880000,0x00000000f58a0000,0x00000000f6080000)
  to   space 8704K, 0% used [0x00000000f4f80000,0x00000000f4f80000,0x00000000f5800000)
 ParOldGen       total 235520K, used 172430K [0x00000000a0c00000, 0x00000000af200000, 0x00000000e0400000)
  object space 235520K, 73% used [0x00000000a0c00000,0x00000000ab463938,0x00000000af200000)
 Metaspace       used 17900K, capacity 18121K, committed 18176K, reserved 1064960K
  class space    used 1706K, capacity 1761K, committed 1792K, reserved 1048576K
}
Event: 24.143 GC heap before
{Heap before GC invocations=64 (full 3):
 PSYoungGen      total 347648K, used 339584K [0x00000000e0400000, 0x00000000f6080000, 0x0000000100000000)
  eden space 339456K, 100% used [0x00000000e0400000,0x00000000f4f80000,0x00000000f4f80000)
  from space 8192K, 1% used [0x00000000f5880000,0x00000000f58a0000,0x00000000f6080000)
  to   space 8704K, 0% used [0x00000000f4f80000,0x00000000f4f80000,0x00000000f5800000)
 ParOldGen       total 235520K, used 172430K [0x00000000a0c00000, 0x00000000af200000, 0x00000000e0400000)
  object space 235520K, 73% used [0x00000000a0c00000,0x00000000ab463938,0x00000000af200000)
 Metaspace       used 17900K, capacity 18121K, committed 18176K, reserved 1064960K
  class space    used 1706K, capacity 1761K, committed 1792K, reserved 1048576K
Event: 24.147 GC heap after
Heap after GC invocations=64 (full 3):
 PSYoungGen      total 348160K, used 8292K [0x00000000e0400000, 0x00000000f6780000, 0x0000000100000000)
  eden space 339456K, 0% used [0x00000000e0400000,0x00000000e0400000,0x00000000f4f80000)
  from space 8704K, 95% used [0x00000000f4f80000,0x00000000f5799010,0x00000000f5800000)
  to   space 10752K, 0% used [0x00000000f5d00000,0x00000000f5d00000,0x00000000f6780000)
 ParOldGen       total 235520K, used 172454K [0x00000000a0c00000, 0x00000000af200000, 0x00000000e0400000)
  object space 235520K, 73% used [0x00000000a0c00000,0x00000000ab469938,0x00000000af200000)
 Metaspace       used 17900K, capacity 18121K, committed 18176K, reserved 1064960K
  class space    used 1706K, capacity 1761K, committed 1792K, reserved 1048576K
}
Event: 24.972 GC heap before
{Heap before GC invocations=65 (full 3):
 PSYoungGen      total 348160K, used 343457K [0x00000000e0400000, 0x00000000f6780000, 0x0000000100000000)
  eden space 339456K, 98% used [0x00000000e0400000,0x00000000f4b4f4e0,0x00000000f4f80000)
  from space 8704K, 95% used [0x00000000f4f80000,0x00000000f5799010,0x00000000f5800000)
  to   space 10752K, 0% used [0x00000000f5d00000,0x00000000f5d00000,0x00000000f6780000)
 ParOldGen       total 235520K, used 172454K [0x00000000a0c00000, 0x00000000af200000, 0x00000000e0400000)
  object space 235520K, 73% used [0x00000000a0c00000,0x00000000ab469938,0x00000000af200000)
 Metaspace       used 17900K, capacity 18121K, committed 18176K, reserved 1064960K
  class space    used 1706K, capacity 1761K, committed 1792K, reserved 1048576K
Event: 24.974 GC heap after
Heap after GC invocations=65 (full 3):
 PSYoungGen      total 351232K, used 160K [0x00000000e0400000, 0x00000000f6600000, 0x0000000100000000)
  eden space 342016K, 0% used [0x00000000e0400000,0x00000000e0400000,0x00000000f5200000)
  from space 9216K, 1% used [0x00000000f5d00000,0x00000000f5d28000,0x00000000f6600000)
  to   space 10240K, 0% used [0x00000000f5200000,0x00000000f5200000,0x00000000f5c00000)
 ParOldGen       total 235520K, used 172454K [0x00000000a0c00000, 0x00000000af200000, 0x00000000e0400000)
  object space 235520K, 73% used [0x00000000a0c00000,0x00000000ab469938,0x00000000af200000)
 Metaspace       used 17900K, capacity 18121K, committed 18176K, reserved 1064960K
  class space    used 1706K, capacity 1761K, committed 1792K, reserved 1048576K
}
Event: 26.105 GC heap before
{Heap before GC invocations=66 (full 3):
 PSYoungGen      total 351232K, used 337552K [0x00000000e0400000, 0x00000000f6600000, 0x0000000100000000)
  eden space 342016K, 98% used [0x00000000e0400000,0x00000000f4d7c260,0x00000000f5200000)
  from space 9216K, 1% used [0x00000000f5d00000,0x00000000f5d28000,0x00000000f6600000)
  to   space 10240K, 0% used [0x00000000f5200000,0x00000000f5200000,0x00000000f5c00000)
 ParOldGen       total 235520K, used 172454K [0x00000000a0c00000, 0x00000000af200000, 0x00000000e0400000)
  object space 235520K, 73% used [0x00000000a0c00000,0x00000000ab469938,0x00000000af200000)
 Metaspace       used 17900K, capacity 18121K, committed 18176K, reserved 1064960K
  class space    used 1706K, capacity 1761K, committed 1792K, reserved 1048576K
Event: 26.107 GC heap after
Heap after GC invocations=66 (full 3):
 PSYoungGen      total 352256K, used 192K [0x00000000e0400000, 0x00000000f6600000, 0x0000000100000000)
  eden space 342016K, 0% used [0x00000000e0400000,0x00000000e0400000,0x00000000f5200000)
  from space 10240K, 1% used [0x00000000f5200000,0x00000000f5230000,0x00000000f5c00000)
  to   space 9216K, 0% used [0x00000000f5d00000,0x00000000f5d00000,0x00000000f6600000)
 ParOldGen       total 235520K, used 172454K [0x00000000a0c00000, 0x00000000af200000, 0x00000000e0400000)
  object space 235520K, 73% used [0x00000000a0c00000,0x00000000ab469938,0x00000000af200000)
 Metaspace       used 17900K, capacity 18121K, committed 18176K, reserved 1064960K
  class space    used 1706K, capacity 1761K, committed 1792K, reserved 1048576K
}

