# JRE version: Java(TM) SE Runtime Environment (8.0_25-b18) (build 1.8.0_25-b18)
# Java VM: Java HotSpot(TM) 64-Bit Server VM (25.25-b02 mixed mode windows-amd64 compressed oops)
Heap:
 PSYoungGen      total 432640K, used 89085K [0x00000000e0400000, 0x00000000ff600000, 0x0000000100000000)
  eden space 361472K, 22% used [0x00000000e0400000,0x00000000e52f6760,0x00000000f6500000)
  from space 71168K, 11% used [0x00000000fb080000,0x00000000fb889010,0x00000000ff600000)
  to   space 74240K, 0% used [0x00000000f6500000,0x00000000f6500000,0x00000000fad80000)
 ParOldGen       total 260608K, used 155057K [0x00000000a0c00000, 0x00000000b0a80000, 0x00000000e0400000)
  object space 260608K, 59% used [0x00000000a0c00000,0x00000000aa36c618,0x00000000b0a80000)
 Metaspace       used 17708K, capacity 17921K, committed 18176K, reserved 1064960K
  class space    used 1723K, capacity 1761K, committed 1792K, reserved 1048576K
GC Heap History (10 events):
Event: 6.443 GC heap before
{Heap before GC invocations=17 (full 3):
 PSYoungGen      total 435712K, used 343507K [0x00000000e0400000, 0x0000000100000000, 0x0000000100000000)
  eden space 351232K, 97% used [0x00000000e0400000,0x00000000f534cd08,0x00000000f5b00000)
  from space 84480K, 0% used [0x00000000f5b00000,0x00000000f5b28000,0x00000000fad80000)
  to   space 84480K, 0% used [0x00000000fad80000,0x00000000fad80000,0x0000000100000000)
 ParOldGen       total 260608K, used 155041K [0x00000000a0c00000, 0x00000000b0a80000, 0x00000000e0400000)
  object space 260608K, 59% used [0x00000000a0c00000,0x00000000aa368618,0x00000000b0a80000)
 Metaspace       used 17619K, capacity 17793K, committed 17920K, reserved 1064960K
  class space    used 1711K, capacity 1761K, committed 1792K, reserved 1048576K
Event: 6.444 GC heap after
Heap after GC invocations=17 (full 3):
 PSYoungGen      total 434688K, used 160K [0x00000000e0400000, 0x00000000fff00000, 0x0000000100000000)
  eden space 351232K, 0% used [0x00000000e0400000,0x00000000e0400000,0x00000000f5b00000)
  from space 83456K, 0% used [0x00000000fad80000,0x00000000fada8000,0x00000000fff00000)
  to   space 83968K, 0% used [0x00000000f5b00000,0x00000000f5b00000,0x00000000fad00000)
 ParOldGen       total 260608K, used 155041K [0x00000000a0c00000, 0x00000000b0a80000, 0x00000000e0400000)
  object space 260608K, 59% used [0x00000000a0c00000,0x00000000aa368618,0x00000000b0a80000)
 Metaspace       used 17619K, capacity 17793K, committed 17920K, reserved 1064960K
  class space    used 1711K, capacity 1761K, committed 1792K, reserved 1048576K
}
Event: 6.977 GC heap before
{Heap before GC invocations=18 (full 3):
 PSYoungGen      total 434688K, used 346478K [0x00000000e0400000, 0x00000000fff00000, 0x0000000100000000)
  eden space 351232K, 98% used [0x00000000e0400000,0x00000000f5633a70,0x00000000f5b00000)
  from space 83456K, 0% used [0x00000000fad80000,0x00000000fada8000,0x00000000fff00000)
  to   space 83968K, 0% used [0x00000000f5b00000,0x00000000f5b00000,0x00000000fad00000)
 ParOldGen       total 260608K, used 155041K [0x00000000a0c00000, 0x00000000b0a80000, 0x00000000e0400000)
  object space 260608K, 59% used [0x00000000a0c00000,0x00000000aa368618,0x00000000b0a80000)
 Metaspace       used 17629K, capacity 17793K, committed 17920K, reserved 1064960K
  class space    used 1711K, capacity 1761K, committed 1792K, reserved 1048576K
Event: 6.978 GC heap after
Heap after GC invocations=18 (full 3):
 PSYoungGen      total 435200K, used 160K [0x00000000e0400000, 0x00000000ffd80000, 0x0000000100000000)
  eden space 351232K, 0% used [0x00000000e0400000,0x00000000e0400000,0x00000000f5b00000)
  from space 83968K, 0% used [0x00000000f5b00000,0x00000000f5b28000,0x00000000fad00000)
  to   space 82432K, 0% used [0x00000000fad00000,0x00000000fad00000,0x00000000ffd80000)
 ParOldGen       total 260608K, used 155049K [0x00000000a0c00000, 0x00000000b0a80000, 0x00000000e0400000)
  object space 260608K, 59% used [0x00000000a0c00000,0x00000000aa36a618,0x00000000b0a80000)
 Metaspace       used 17629K, capacity 17793K, committed 17920K, reserved 1064960K
  class space    used 1711K, capacity 1761K, committed 1792K, reserved 1048576K
}
Event: 7.513 GC heap before
{Heap before GC invocations=19 (full 3):
 PSYoungGen      total 435200K, used 345518K [0x00000000e0400000, 0x00000000ffd80000, 0x0000000100000000)
  eden space 351232K, 98% used [0x00000000e0400000,0x00000000f5543968,0x00000000f5b00000)
  from space 83968K, 0% used [0x00000000f5b00000,0x00000000f5b28000,0x00000000fad00000)
  to   space 82432K, 0% used [0x00000000fad00000,0x00000000fad00000,0x00000000ffd80000)
 ParOldGen       total 260608K, used 155049K [0x00000000a0c00000, 0x00000000b0a80000, 0x00000000e0400000)
  object space 260608K, 59% used [0x00000000a0c00000,0x00000000aa36a618,0x00000000b0a80000)
 Metaspace       used 17644K, capacity 17857K, committed 17920K, reserved 1064960K
  class space    used 1711K, capacity 1761K, committed 1792K, reserved 1048576K
Event: 7.514 GC heap after
Heap after GC invocations=19 (full 3):
 PSYoungGen      total 433152K, used 192K [0x00000000e0400000, 0x00000000ffa80000, 0x0000000100000000)
  eden space 353792K, 0% used [0x00000000e0400000,0x00000000e0400000,0x00000000f5d80000)
  from space 79360K, 0% used [0x00000000fad00000,0x00000000fad30000,0x00000000ffa80000)
  to   space 80384K, 0% used [0x00000000f5d80000,0x00000000f5d80000,0x00000000fac00000)
 ParOldGen       total 260608K, used 155049K [0x00000000a0c00000, 0x00000000b0a80000, 0x00000000e0400000)
  object space 260608K, 59% used [0x00000000a0c00000,0x00000000aa36a618,0x00000000b0a80000)
 Metaspace       used 17644K, capacity 17857K, committed 17920K, reserved 1064960K
  class space    used 1711K, capacity 1761K, committed 1792K, reserved 1048576K
}
Event: 8.046 GC heap before
{Heap before GC invocations=20 (full 3):
 PSYoungGen      total 433152K, used 348523K [0x00000000e0400000, 0x00000000ffa80000, 0x0000000100000000)
  eden space 353792K, 98% used [0x00000000e0400000,0x00000000f582ad98,0x00000000f5d80000)
  from space 79360K, 0% used [0x00000000fad00000,0x00000000fad30000,0x00000000ffa80000)
  to   space 80384K, 0% used [0x00000000f5d80000,0x00000000f5d80000,0x00000000fac00000)
 ParOldGen       total 260608K, used 155049K [0x00000000a0c00000, 0x00000000b0a80000, 0x00000000e0400000)
  object space 260608K, 59% used [0x00000000a0c00000,0x00000000aa36a618,0x00000000b0a80000)
 Metaspace       used 17667K, capacity 17857K, committed 17920K, reserved 1064960K
  class space    used 1711K, capacity 1761K, committed 1792K, reserved 1048576K
Event: 8.048 GC heap after
Heap after GC invocations=20 (full 3):
 PSYoungGen      total 434176K, used 192K [0x00000000e0400000, 0x00000000ffd00000, 0x0000000100000000)
  eden space 353792K, 0% used [0x00000000e0400000,0x00000000e0400000,0x00000000f5d80000)
  from space 80384K, 0% used [0x00000000f5d80000,0x00000000f5db0000,0x00000000fac00000)
  to   space 78336K, 0% used [0x00000000fb080000,0x00000000fb080000,0x00000000ffd00000)
 ParOldGen       total 260608K, used 155057K [0x00000000a0c00000, 0x00000000b0a80000, 0x00000000e0400000)
  object space 260608K, 59% used [0x00000000a0c00000,0x00000000aa36c618,0x00000000b0a80000)
 Metaspace       used 17667K, capacity 17857K, committed 17920K, reserved 1064960K
  class space    used 1711K, capacity 1761K, committed 1792K, reserved 1048576K
}
Event: 8.583 GC heap before
{Heap before GC invocations=21 (full 3):
 PSYoungGen      total 434176K, used 353984K [0x00000000e0400000, 0x00000000ffd00000, 0x0000000100000000)
  eden space 353792K, 100% used [0x00000000e0400000,0x00000000f5d80000,0x00000000f5d80000)
  from space 80384K, 0% used [0x00000000f5d80000,0x00000000f5db0000,0x00000000fac00000)
  to   space 78336K, 0% used [0x00000000fb080000,0x00000000fb080000,0x00000000ffd00000)
 ParOldGen       total 260608K, used 155057K [0x00000000a0c00000, 0x00000000b0a80000, 0x00000000e0400000)
  object space 260608K, 59% used [0x00000000a0c00000,0x00000000aa36c618,0x00000000b0a80000)
 Metaspace       used 17672K, capacity 17857K, committed 17920K, reserved 1064960K
  class space    used 1711K, capacity 1761K, committed 1792K, reserved 1048576K
Event: 8.587 GC heap after
Heap after GC invocations=21 (full 3):
 PSYoungGen      total 432640K, used 8228K [0x00000000e0400000, 0x00000000ff600000, 0x0000000100000000)
  eden space 361472K, 0% used [0x00000000e0400000,0x00000000e0400000,0x00000000f6500000)
  from space 71168K, 11% used [0x00000000fb080000,0x00000000fb889010,0x00000000ff600000)
  to   space 74240K, 0% used [0x00000000f6500000,0x00000000f6500000,0x00000000fad80000)
 ParOldGen       total 260608K, used 155057K [0x00000000a0c00000, 0x00000000b0a80000, 0x00000000e0400000)
  object space 260608K, 59% used [0x00000000a0c00000,0x00000000aa36c618,0x00000000b0a80000)
 Metaspace       used 17672K, capacity 17857K, committed 17920K, reserved 1064960K
  class space    used 1711K, capacity 1761K, committed 1792K, reserved 1048576K
}

