# JRE version: Java(TM) SE Runtime Environment (8.0_25-b18) (build 1.8.0_25-b18)
# Java VM: Java HotSpot(TM) 64-Bit Server VM (25.25-b02 mixed mode windows-amd64 compressed oops)
Heap:
 PSYoungGen      total 386560K, used 296750K [0x00000000e0400000, 0x00000000fae80000, 0x0000000100000000)
  eden space 340480K, 76% used [0x00000000e0400000,0x00000000f0289ff0,0x00000000f5080000)
  from space 46080K, 78% used [0x00000000f8180000,0x00000000fa4c1948,0x00000000fae80000)
  to   space 48128K, 0% used [0x00000000f5080000,0x00000000f5080000,0x00000000f7f80000)
 ParOldGen       total 211456K, used 120302K [0x00000000a0c00000, 0x00000000ada80000, 0x00000000e0400000)
  object space 211456K, 56% used [0x00000000a0c00000,0x00000000a817bac8,0x00000000ada80000)
 Metaspace       used 18595K, capacity 18793K, committed 19072K, reserved 1067008K
  class space    used 1761K, capacity 1793K, committed 1920K, reserved 1048576K
GC Heap History (10 events):
Event: 10.737 GC heap before
{Heap before GC invocations=18 (full 2):
 PSYoungGen      total 340480K, used 323613K [0x00000000e0400000, 0x00000000f9b00000, 0x0000000100000000)
  eden space 289792K, 99% used [0x00000000e0400000,0x00000000f1cc9338,0x00000000f1f00000)
  from space 50688K, 71% used [0x00000000f1f00000,0x00000000f423e2d8,0x00000000f5080000)
  to   space 50688K, 0% used [0x00000000f6980000,0x00000000f6980000,0x00000000f9b00000)
 ParOldGen       total 211456K, used 120262K [0x00000000a0c00000, 0x00000000ada80000, 0x00000000e0400000)
  object space 211456K, 56% used [0x00000000a0c00000,0x00000000a8171ac8,0x00000000ada80000)
 Metaspace       used 18379K, capacity 18601K, committed 18816K, reserved 1067008K
  class space    used 1761K, capacity 1793K, committed 1920K, reserved 1048576K
Event: 10.757 GC heap after
Heap after GC invocations=18 (full 2):
 PSYoungGen      total 363008K, used 36088K [0x00000000e0400000, 0x00000000f9900000, 0x0000000100000000)
  eden space 314368K, 0% used [0x00000000e0400000,0x00000000e0400000,0x00000000f3700000)
  from space 48640K, 74% used [0x00000000f6980000,0x00000000f8cbe2d8,0x00000000f9900000)
  to   space 50176K, 0% used [0x00000000f3700000,0x00000000f3700000,0x00000000f6800000)
 ParOldGen       total 211456K, used 120270K [0x00000000a0c00000, 0x00000000ada80000, 0x00000000e0400000)
  object space 211456K, 56% used [0x00000000a0c00000,0x00000000a8173ac8,0x00000000ada80000)
 Metaspace       used 18379K, capacity 18601K, committed 18816K, reserved 1067008K
  class space    used 1761K, capacity 1793K, committed 1920K, reserved 1048576K
}
Event: 11.873 GC heap before
{Heap before GC invocations=19 (full 2):
 PSYoungGen      total 363008K, used 345734K [0x00000000e0400000, 0x00000000f9900000, 0x0000000100000000)
  eden space 314368K, 98% used [0x00000000e0400000,0x00000000f3263768,0x00000000f3700000)
  from space 48640K, 74% used [0x00000000f6980000,0x00000000f8cbe2d8,0x00000000f9900000)
  to   space 50176K, 0% used [0x00000000f3700000,0x00000000f3700000,0x00000000f6800000)
 ParOldGen       total 211456K, used 120270K [0x00000000a0c00000, 0x00000000ada80000, 0x00000000e0400000)
  object space 211456K, 56% used [0x00000000a0c00000,0x00000000a8173ac8,0x00000000ada80000)
 Metaspace       used 18407K, capacity 18601K, committed 18816K, reserved 1067008K
  class space    used 1761K, capacity 1793K, committed 1920K, reserved 1048576K
Event: 11.881 GC heap after
Heap after GC invocations=19 (full 2):
 PSYoungGen      total 364544K, used 36109K [0x00000000e0400000, 0x00000000fa700000, 0x0000000100000000)
  eden space 314368K, 0% used [0x00000000e0400000,0x00000000e0400000,0x00000000f3700000)
  from space 50176K, 71% used [0x00000000f3700000,0x00000000f5a437a0,0x00000000f6800000)
  to   space 49664K, 0% used [0x00000000f7680000,0x00000000f7680000,0x00000000fa700000)
 ParOldGen       total 211456K, used 120278K [0x00000000a0c00000, 0x00000000ada80000, 0x00000000e0400000)
  object space 211456K, 56% used [0x00000000a0c00000,0x00000000a8175ac8,0x00000000ada80000)
 Metaspace       used 18407K, capacity 18601K, committed 18816K, reserved 1067008K
  class space    used 1761K, capacity 1793K, committed 1920K, reserved 1048576K
}
Event: 13.006 GC heap before
{Heap before GC invocations=20 (full 2):
 PSYoungGen      total 364544K, used 345611K [0x00000000e0400000, 0x00000000fa700000, 0x0000000100000000)
  eden space 314368K, 98% used [0x00000000e0400000,0x00000000f323f4f0,0x00000000f3700000)
  from space 50176K, 71% used [0x00000000f3700000,0x00000000f5a437a0,0x00000000f6800000)
  to   space 49664K, 0% used [0x00000000f7680000,0x00000000f7680000,0x00000000fa700000)
 ParOldGen       total 211456K, used 120278K [0x00000000a0c00000, 0x00000000ada80000, 0x00000000e0400000)
  object space 211456K, 56% used [0x00000000a0c00000,0x00000000a8175ac8,0x00000000ada80000)
 Metaspace       used 18455K, capacity 18665K, committed 18816K, reserved 1067008K
  class space    used 1761K, capacity 1793K, committed 1920K, reserved 1048576K
Event: 13.021 GC heap after
Heap after GC invocations=20 (full 2):
 PSYoungGen      total 376320K, used 36102K [0x00000000e0400000, 0x00000000fa500000, 0x0000000100000000)
  eden space 328704K, 0% used [0x00000000e0400000,0x00000000e0400000,0x00000000f4500000)
  from space 47616K, 75% used [0x00000000f7680000,0x00000000f99c1948,0x00000000fa500000)
  to   space 49152K, 0% used [0x00000000f4500000,0x00000000f4500000,0x00000000f7500000)
 ParOldGen       total 211456K, used 120286K [0x00000000a0c00000, 0x00000000ada80000, 0x00000000e0400000)
  object space 211456K, 56% used [0x00000000a0c00000,0x00000000a8177ac8,0x00000000ada80000)
 Metaspace       used 18455K, capacity 18665K, committed 18816K, reserved 1067008K
  class space    used 1761K, capacity 1793K, committed 1920K, reserved 1048576K
}
Event: 14.205 GC heap before
{Heap before GC invocations=21 (full 2):
 PSYoungGen      total 376320K, used 359227K [0x00000000e0400000, 0x00000000fa500000, 0x0000000100000000)
  eden space 328704K, 98% used [0x00000000e0400000,0x00000000f3f8d638,0x00000000f4500000)
  from space 47616K, 75% used [0x00000000f7680000,0x00000000f99c1948,0x00000000fa500000)
  to   space 49152K, 0% used [0x00000000f4500000,0x00000000f4500000,0x00000000f7500000)
 ParOldGen       total 211456K, used 120286K [0x00000000a0c00000, 0x00000000ada80000, 0x00000000e0400000)
  object space 211456K, 56% used [0x00000000a0c00000,0x00000000a8177ac8,0x00000000ada80000)
 Metaspace       used 18477K, capacity 18665K, committed 18816K, reserved 1067008K
  class space    used 1761K, capacity 1793K, committed 1920K, reserved 1048576K
Event: 14.213 GC heap after
Heap after GC invocations=21 (full 2):
 PSYoungGen      total 377856K, used 36134K [0x00000000e0400000, 0x00000000fb100000, 0x0000000100000000)
  eden space 328704K, 0% used [0x00000000e0400000,0x00000000e0400000,0x00000000f4500000)
  from space 49152K, 73% used [0x00000000f4500000,0x00000000f6849948,0x00000000f7500000)
  to   space 48640K, 0% used [0x00000000f8180000,0x00000000f8180000,0x00000000fb100000)
 ParOldGen       total 211456K, used 120294K [0x00000000a0c00000, 0x00000000ada80000, 0x00000000e0400000)
  object space 211456K, 56% used [0x00000000a0c00000,0x00000000a8179ac8,0x00000000ada80000)
 Metaspace       used 18477K, capacity 18665K, committed 18816K, reserved 1067008K
  class space    used 1761K, capacity 1793K, committed 1920K, reserved 1048576K
}
Event: 15.404 GC heap before
{Heap before GC invocations=22 (full 2):
 PSYoungGen      total 377856K, used 359196K [0x00000000e0400000, 0x00000000fb100000, 0x0000000100000000)
  eden space 328704K, 98% used [0x00000000e0400000,0x00000000f3f7d838,0x00000000f4500000)
  from space 49152K, 73% used [0x00000000f4500000,0x00000000f6849948,0x00000000f7500000)
  to   space 48640K, 0% used [0x00000000f8180000,0x00000000f8180000,0x00000000fb100000)
 ParOldGen       total 211456K, used 120294K [0x00000000a0c00000, 0x00000000ada80000, 0x00000000e0400000)
  object space 211456K, 56% used [0x00000000a0c00000,0x00000000a8179ac8,0x00000000ada80000)
 Metaspace       used 18593K, capacity 18793K, committed 19072K, reserved 1067008K
  class space    used 1761K, capacity 1793K, committed 1920K, reserved 1048576K
Event: 15.414 GC heap after
Heap after GC invocations=22 (full 2):
 PSYoungGen      total 386560K, used 36102K [0x00000000e0400000, 0x00000000fae80000, 0x0000000100000000)
  eden space 340480K, 0% used [0x00000000e0400000,0x00000000e0400000,0x00000000f5080000)
  from space 46080K, 78% used [0x00000000f8180000,0x00000000fa4c1948,0x00000000fae80000)
  to   space 48128K, 0% used [0x00000000f5080000,0x00000000f5080000,0x00000000f7f80000)
 ParOldGen       total 211456K, used 120302K [0x00000000a0c00000, 0x00000000ada80000, 0x00000000e0400000)
  object space 211456K, 56% used [0x00000000a0c00000,0x00000000a817bac8,0x00000000ada80000)
 Metaspace       used 18593K, capacity 18793K, committed 19072K, reserved 1067008K
  class space    used 1761K, capacity 1793K, committed 1920K, reserved 1048576K
}

