# JRE version: Java(TM) SE Runtime Environment (8.0_25-b18) (build 1.8.0_25-b18)
# Java VM: Java HotSpot(TM) 64-Bit Server VM (25.25-b02 mixed mode windows-amd64 compressed oops)
Heap:
 PSYoungGen      total 353792K, used 16392K [0x00000000e0400000, 0x00000000fa000000, 0x0000000100000000)
  eden space 303104K, 2% used [0x00000000e0400000,0x00000000e0be9010,0x00000000f2c00000)
  from space 50688K, 16% used [0x00000000f2c00000,0x00000000f3419010,0x00000000f5d80000)
  to   space 48640K, 0% used [0x00000000f7080000,0x00000000f7080000,0x00000000fa000000)
 ParOldGen       total 225280K, used 150799K [0x00000000a0c00000, 0x00000000ae800000, 0x00000000e0400000)
  object space 225280K, 66% used [0x00000000a0c00000,0x00000000a9f43fe8,0x00000000ae800000)
 Metaspace       used 17651K, capacity 17897K, committed 18176K, reserved 1064960K
  class space    used 1693K, capacity 1729K, committed 1792K, reserved 1048576K
GC Heap History (10 events):
Event: 6.862 GC heap before
{Heap before GC invocations=15 (full 3):
 PSYoungGen      total 236032K, used 176539K [0x00000000e0400000, 0x00000000f5900000, 0x0000000100000000)
  eden space 178176K, 98% used [0x00000000e0400000,0x00000000eaf07488,0x00000000eb200000)
  from space 57856K, 2% used [0x00000000eb200000,0x00000000eb35f9c8,0x00000000eea80000)
  to   space 58368K, 0% used [0x00000000f2000000,0x00000000f2000000,0x00000000f5900000)
 ParOldGen       total 225280K, used 149626K [0x00000000a0c00000, 0x00000000ae800000, 0x00000000e0400000)
  object space 225280K, 66% used [0x00000000a0c00000,0x00000000a9e1e908,0x00000000ae800000)
 Metaspace       used 17336K, capacity 17499K, committed 17664K, reserved 1064960K
  class space    used 1681K, capacity 1728K, committed 1792K, reserved 1048576K
Event: 6.867 GC heap after
Heap after GC invocations=15 (full 3):
 PSYoungGen      total 274432K, used 8356K [0x00000000e0400000, 0x00000000f5000000, 0x0000000100000000)
  eden space 225280K, 0% used [0x00000000e0400000,0x00000000e0400000,0x00000000ee000000)
  from space 49152K, 17% used [0x00000000f2000000,0x00000000f2829010,0x00000000f5000000)
  to   space 57344K, 0% used [0x00000000ee000000,0x00000000ee000000,0x00000000f1800000)
 ParOldGen       total 225280K, used 150767K [0x00000000a0c00000, 0x00000000ae800000, 0x00000000e0400000)
  object space 225280K, 66% used [0x00000000a0c00000,0x00000000a9f3bfe8,0x00000000ae800000)
 Metaspace       used 17336K, capacity 17499K, committed 17664K, reserved 1064960K
  class space    used 1681K, capacity 1728K, committed 1792K, reserved 1048576K
}
Event: 7.764 GC heap before
{Heap before GC invocations=16 (full 3):
 PSYoungGen      total 274432K, used 232731K [0x00000000e0400000, 0x00000000f5000000, 0x0000000100000000)
  eden space 225280K, 99% used [0x00000000e0400000,0x00000000edf1df58,0x00000000ee000000)
  from space 49152K, 17% used [0x00000000f2000000,0x00000000f2829010,0x00000000f5000000)
  to   space 57344K, 0% used [0x00000000ee000000,0x00000000ee000000,0x00000000f1800000)
 ParOldGen       total 225280K, used 150767K [0x00000000a0c00000, 0x00000000ae800000, 0x00000000e0400000)
  object space 225280K, 66% used [0x00000000a0c00000,0x00000000a9f3bfe8,0x00000000ae800000)
 Metaspace       used 17425K, capacity 17627K, committed 17920K, reserved 1064960K
  class space    used 1681K, capacity 1728K, committed 1792K, reserved 1048576K
Event: 7.768 GC heap after
Heap after GC invocations=16 (full 3):
 PSYoungGen      total 282624K, used 8292K [0x00000000e0400000, 0x00000000f7e80000, 0x0000000100000000)
  eden space 225280K, 0% used [0x00000000e0400000,0x00000000e0400000,0x00000000ee000000)
  from space 57344K, 14% used [0x00000000ee000000,0x00000000ee819010,0x00000000f1800000)
  to   space 55808K, 0% used [0x00000000f4800000,0x00000000f4800000,0x00000000f7e80000)
 ParOldGen       total 225280K, used 150775K [0x00000000a0c00000, 0x00000000ae800000, 0x00000000e0400000)
  object space 225280K, 66% used [0x00000000a0c00000,0x00000000a9f3dfe8,0x00000000ae800000)
 Metaspace       used 17425K, capacity 17627K, committed 17920K, reserved 1064960K
  class space    used 1681K, capacity 1728K, committed 1792K, reserved 1048576K
}
Event: 8.663 GC heap before
{Heap before GC invocations=17 (full 3):
 PSYoungGen      total 282624K, used 232222K [0x00000000e0400000, 0x00000000f7e80000, 0x0000000100000000)
  eden space 225280K, 99% used [0x00000000e0400000,0x00000000edeae8f8,0x00000000ee000000)
  from space 57344K, 14% used [0x00000000ee000000,0x00000000ee819010,0x00000000f1800000)
  to   space 55808K, 0% used [0x00000000f4800000,0x00000000f4800000,0x00000000f7e80000)
 ParOldGen       total 225280K, used 150775K [0x00000000a0c00000, 0x00000000ae800000, 0x00000000e0400000)
  object space 225280K, 66% used [0x00000000a0c00000,0x00000000a9f3dfe8,0x00000000ae800000)
 Metaspace       used 17462K, capacity 17691K, committed 17920K, reserved 1064960K
  class space    used 1681K, capacity 1728K, committed 1792K, reserved 1048576K
Event: 8.667 GC heap after
Heap after GC invocations=17 (full 3):
 PSYoungGen      total 313344K, used 8260K [0x00000000e0400000, 0x00000000f7400000, 0x0000000100000000)
  eden space 268288K, 0% used [0x00000000e0400000,0x00000000e0400000,0x00000000f0a00000)
  from space 45056K, 18% used [0x00000000f4800000,0x00000000f5011010,0x00000000f7400000)
  to   space 54272K, 0% used [0x00000000f0a00000,0x00000000f0a00000,0x00000000f3f00000)
 ParOldGen       total 225280K, used 150783K [0x00000000a0c00000, 0x00000000ae800000, 0x00000000e0400000)
  object space 225280K, 66% used [0x00000000a0c00000,0x00000000a9f3ffe8,0x00000000ae800000)
 Metaspace       used 17462K, capacity 17691K, committed 17920K, reserved 1064960K
  class space    used 1681K, capacity 1728K, committed 1792K, reserved 1048576K
}
Event: 9.729 GC heap before
{Heap before GC invocations=18 (full 3):
 PSYoungGen      total 313344K, used 273291K [0x00000000e0400000, 0x00000000f7400000, 0x0000000100000000)
  eden space 268288K, 98% used [0x00000000e0400000,0x00000000f06d1fe0,0x00000000f0a00000)
  from space 45056K, 18% used [0x00000000f4800000,0x00000000f5011010,0x00000000f7400000)
  to   space 54272K, 0% used [0x00000000f0a00000,0x00000000f0a00000,0x00000000f3f00000)
 ParOldGen       total 225280K, used 150783K [0x00000000a0c00000, 0x00000000ae800000, 0x00000000e0400000)
  object space 225280K, 66% used [0x00000000a0c00000,0x00000000a9f3ffe8,0x00000000ae800000)
 Metaspace       used 17518K, capacity 17691K, committed 17920K, reserved 1064960K
  class space    used 1692K, capacity 1728K, committed 1792K, reserved 1048576K
Event: 9.733 GC heap after
Heap after GC invocations=18 (full 3):
 PSYoungGen      total 322560K, used 8260K [0x00000000e0400000, 0x00000000f9a00000, 0x0000000100000000)
  eden space 268288K, 0% used [0x00000000e0400000,0x00000000e0400000,0x00000000f0a00000)
  from space 54272K, 15% used [0x00000000f0a00000,0x00000000f1211010,0x00000000f3f00000)
  to   space 52736K, 0% used [0x00000000f6680000,0x00000000f6680000,0x00000000f9a00000)
 ParOldGen       total 225280K, used 150783K [0x00000000a0c00000, 0x00000000ae800000, 0x00000000e0400000)
  object space 225280K, 66% used [0x00000000a0c00000,0x00000000a9f3ffe8,0x00000000ae800000)
 Metaspace       used 17518K, capacity 17691K, committed 17920K, reserved 1064960K
  class space    used 1692K, capacity 1728K, committed 1792K, reserved 1048576K
}
Event: 10.796 GC heap before
{Heap before GC invocations=19 (full 3):
 PSYoungGen      total 322560K, used 273148K [0x00000000e0400000, 0x00000000f9a00000, 0x0000000100000000)
  eden space 268288K, 98% used [0x00000000e0400000,0x00000000f06adff0,0x00000000f0a00000)
  from space 54272K, 15% used [0x00000000f0a00000,0x00000000f1211010,0x00000000f3f00000)
  to   space 52736K, 0% used [0x00000000f6680000,0x00000000f6680000,0x00000000f9a00000)
 ParOldGen       total 225280K, used 150783K [0x00000000a0c00000, 0x00000000ae800000, 0x00000000e0400000)
  object space 225280K, 66% used [0x00000000a0c00000,0x00000000a9f3ffe8,0x00000000ae800000)
 Metaspace       used 17638K, capacity 17891K, committed 18176K, reserved 1064960K
  class space    used 1692K, capacity 1728K, committed 1792K, reserved 1048576K
Event: 10.800 GC heap after
Heap after GC invocations=19 (full 3):
 PSYoungGen      total 344576K, used 8356K [0x00000000e0400000, 0x00000000f8f00000, 0x0000000100000000)
  eden space 303104K, 0% used [0x00000000e0400000,0x00000000e0400000,0x00000000f2c00000)
  from space 41472K, 20% used [0x00000000f6680000,0x00000000f6ea9010,0x00000000f8f00000)
  to   space 50688K, 0% used [0x00000000f2c00000,0x00000000f2c00000,0x00000000f5d80000)
 ParOldGen       total 225280K, used 150791K [0x00000000a0c00000, 0x00000000ae800000, 0x00000000e0400000)
  object space 225280K, 66% used [0x00000000a0c00000,0x00000000a9f41fe8,0x00000000ae800000)
 Metaspace       used 17638K, capacity 17891K, committed 18176K, reserved 1064960K
  class space    used 1692K, capacity 1728K, committed 1792K, reserved 1048576K
}

