# JRE version: Java(TM) SE Runtime Environment (8.0_31-b13) (build 1.8.0_31-b13)
# Java VM: Java HotSpot(TM) 64-Bit Server VM (25.31-b07 mixed mode windows-amd64 compressed oops)
Heap:
 PSYoungGen      total 1077760K, used 765491K [0x000000076b300000, 0x00000007af180000, 0x00000007c0000000)
  eden space 1050112K, 72% used [0x000000076b300000,0x0000000799e28550,0x00000007ab480000)
  from space 27648K, 1% used [0x00000007ad680000,0x00000007ad6e46f0,0x00000007af180000)
  to   space 31232K, 0% used [0x00000007ab480000,0x00000007ab480000,0x00000007ad300000)
 ParOldGen       total 284672K, used 161970K [0x00000006c1800000, 0x00000006d2e00000, 0x000000076b300000)
  object space 284672K, 56% used [0x00000006c1800000,0x00000006cb62ca88,0x00000006d2e00000)
 Metaspace       used 18008K, capacity 18195K, committed 18432K, reserved 1067008K
  class space    used 1716K, capacity 1762K, committed 1792K, reserved 1048576K
GC Heap History (10 events):
Event: 24.876 GC heap before
{Heap before GC invocations=25 (full 1):
 PSYoungGen      total 1035264K, used 992145K [0x000000076b300000, 0x00000007aec80000, 0x00000007c0000000)
  eden space 991744K, 100% used [0x000000076b300000,0x00000007a7b80000,0x00000007a7b80000)
  from space 43520K, 0% used [0x00000007a7b80000,0x00000007a7be46f0,0x00000007aa600000)
  to   space 41472K, 0% used [0x00000007ac400000,0x00000007ac400000,0x00000007aec80000)
 ParOldGen       total 284672K, used 161938K [0x00000006c1800000, 0x00000006d2e00000, 0x000000076b300000)
  object space 284672K, 56% used [0x00000006c1800000,0x00000006cb624a88,0x00000006d2e00000)
 Metaspace       used 18004K, capacity 18195K, committed 18432K, reserved 1067008K
  class space    used 1716K, capacity 1762K, committed 1792K, reserved 1048576K
Event: 24.878 GC heap after
Heap after GC invocations=25 (full 1):
 PSYoungGen      total 1052672K, used 401K [0x000000076b300000, 0x00000007ae400000, 0x00000007c0000000)
  eden space 1019904K, 0% used [0x000000076b300000,0x000000076b300000,0x00000007a9700000)
  from space 32768K, 1% used [0x00000007ac400000,0x00000007ac4646f0,0x00000007ae400000)
  to   space 39424K, 0% used [0x00000007a9700000,0x00000007a9700000,0x00000007abd80000)
 ParOldGen       total 284672K, used 161938K [0x00000006c1800000, 0x00000006d2e00000, 0x000000076b300000)
  object space 284672K, 56% used [0x00000006c1800000,0x00000006cb624a88,0x00000006d2e00000)
 Metaspace       used 18004K, capacity 18195K, committed 18432K, reserved 1067008K
  class space    used 1716K, capacity 1762K, committed 1792K, reserved 1048576K
}
Event: 26.610 GC heap before
{Heap before GC invocations=26 (full 1):
 PSYoungGen      total 1052672K, used 1020305K [0x000000076b300000, 0x00000007ae400000, 0x00000007c0000000)
  eden space 1019904K, 100% used [0x000000076b300000,0x00000007a9700000,0x00000007a9700000)
  from space 32768K, 1% used [0x00000007ac400000,0x00000007ac4646f0,0x00000007ae400000)
  to   space 39424K, 0% used [0x00000007a9700000,0x00000007a9700000,0x00000007abd80000)
 ParOldGen       total 284672K, used 161938K [0x00000006c1800000, 0x00000006d2e00000, 0x000000076b300000)
  object space 284672K, 56% used [0x00000006c1800000,0x00000006cb624a88,0x00000006d2e00000)
 Metaspace       used 18004K, capacity 18195K, committed 18432K, reserved 1067008K
  class space    used 1716K, capacity 1762K, committed 1792K, reserved 1048576K
Event: 26.612 GC heap after
Heap after GC invocations=26 (full 1):
 PSYoungGen      total 1059328K, used 401K [0x000000076b300000, 0x00000007af280000, 0x00000007c0000000)
  eden space 1019904K, 0% used [0x000000076b300000,0x000000076b300000,0x00000007a9700000)
  from space 39424K, 1% used [0x00000007a9700000,0x00000007a97646f0,0x00000007abd80000)
  to   space 37376K, 0% used [0x00000007ace00000,0x00000007ace00000,0x00000007af280000)
 ParOldGen       total 284672K, used 161938K [0x00000006c1800000, 0x00000006d2e00000, 0x000000076b300000)
  object space 284672K, 56% used [0x00000006c1800000,0x00000006cb624a88,0x00000006d2e00000)
 Metaspace       used 18004K, capacity 18195K, committed 18432K, reserved 1067008K
  class space    used 1716K, capacity 1762K, committed 1792K, reserved 1048576K
}
Event: 28.345 GC heap before
{Heap before GC invocations=27 (full 1):
 PSYoungGen      total 1059328K, used 1018363K [0x000000076b300000, 0x00000007af280000, 0x00000007c0000000)
  eden space 1019904K, 99% used [0x000000076b300000,0x00000007a951a848,0x00000007a9700000)
  from space 39424K, 1% used [0x00000007a9700000,0x00000007a97646f0,0x00000007abd80000)
  to   space 37376K, 0% used [0x00000007ace00000,0x00000007ace00000,0x00000007af280000)
 ParOldGen       total 284672K, used 161938K [0x00000006c1800000, 0x00000006d2e00000, 0x000000076b300000)
  object space 284672K, 56% used [0x00000006c1800000,0x00000006cb624a88,0x00000006d2e00000)
 Metaspace       used 18006K, capacity 18195K, committed 18432K, reserved 1067008K
  class space    used 1716K, capacity 1762K, committed 1792K, reserved 1048576K
Event: 28.347 GC heap after
Heap after GC invocations=27 (full 1):
 PSYoungGen      total 1067008K, used 401K [0x000000076b300000, 0x00000007aec00000, 0x00000007c0000000)
  eden space 1036288K, 0% used [0x000000076b300000,0x000000076b300000,0x00000007aa700000)
  from space 30720K, 1% used [0x00000007ace00000,0x00000007ace646f0,0x00000007aec00000)
  to   space 35328K, 0% used [0x00000007aa700000,0x00000007aa700000,0x00000007ac980000)
 ParOldGen       total 284672K, used 161938K [0x00000006c1800000, 0x00000006d2e00000, 0x000000076b300000)
  object space 284672K, 56% used [0x00000006c1800000,0x00000006cb624a88,0x00000006d2e00000)
 Metaspace       used 18006K, capacity 18195K, committed 18432K, reserved 1067008K
  class space    used 1716K, capacity 1762K, committed 1792K, reserved 1048576K
}
Event: 30.109 GC heap before
{Heap before GC invocations=28 (full 1):
 PSYoungGen      total 1067008K, used 1033844K [0x000000076b300000, 0x00000007aec00000, 0x00000007c0000000)
  eden space 1036288K, 99% used [0x000000076b300000,0x00000007aa438b50,0x00000007aa700000)
  from space 30720K, 1% used [0x00000007ace00000,0x00000007ace646f0,0x00000007aec00000)
  to   space 35328K, 0% used [0x00000007aa700000,0x00000007aa700000,0x00000007ac980000)
 ParOldGen       total 284672K, used 161938K [0x00000006c1800000, 0x00000006d2e00000, 0x000000076b300000)
  object space 284672K, 56% used [0x00000006c1800000,0x00000006cb624a88,0x00000006d2e00000)
 Metaspace       used 18006K, capacity 18195K, committed 18432K, reserved 1067008K
  class space    used 1716K, capacity 1762K, committed 1792K, reserved 1048576K
Event: 30.111 GC heap after
Heap after GC invocations=28 (full 1):
 PSYoungGen      total 1071616K, used 401K [0x000000076b300000, 0x00000007af700000, 0x00000007c0000000)
  eden space 1036288K, 0% used [0x000000076b300000,0x000000076b300000,0x00000007aa700000)
  from space 35328K, 1% used [0x00000007aa700000,0x00000007aa7646f0,0x00000007ac980000)
  to   space 33280K, 0% used [0x00000007ad680000,0x00000007ad680000,0x00000007af700000)
 ParOldGen       total 284672K, used 161954K [0x00000006c1800000, 0x00000006d2e00000, 0x000000076b300000)
  object space 284672K, 56% used [0x00000006c1800000,0x00000006cb628a88,0x00000006d2e00000)
 Metaspace       used 18006K, capacity 18195K, committed 18432K, reserved 1067008K
  class space    used 1716K, capacity 1762K, committed 1792K, reserved 1048576K
}
Event: 31.877 GC heap before
{Heap before GC invocations=29 (full 1):
 PSYoungGen      total 1071616K, used 1036689K [0x000000076b300000, 0x00000007af700000, 0x00000007c0000000)
  eden space 1036288K, 100% used [0x000000076b300000,0x00000007aa700000,0x00000007aa700000)
  from space 35328K, 1% used [0x00000007aa700000,0x00000007aa7646f0,0x00000007ac980000)
  to   space 33280K, 0% used [0x00000007ad680000,0x00000007ad680000,0x00000007af700000)
 ParOldGen       total 284672K, used 161954K [0x00000006c1800000, 0x00000006d2e00000, 0x000000076b300000)
  object space 284672K, 56% used [0x00000006c1800000,0x00000006cb628a88,0x00000006d2e00000)
 Metaspace       used 18007K, capacity 18195K, committed 18432K, reserved 1067008K
  class space    used 1716K, capacity 1762K, committed 1792K, reserved 1048576K
Event: 31.879 GC heap after
Heap after GC invocations=29 (full 1):
 PSYoungGen      total 1077760K, used 401K [0x000000076b300000, 0x00000007af180000, 0x00000007c0000000)
  eden space 1050112K, 0% used [0x000000076b300000,0x000000076b300000,0x00000007ab480000)
  from space 27648K, 1% used [0x00000007ad680000,0x00000007ad6e46f0,0x00000007af180000)
  to   space 31232K, 0% used [0x00000007ab480000,0x00000007ab480000,0x00000007ad300000)
 ParOldGen       total 284672K, used 161970K [0x00000006c1800000, 0x00000006d2e00000, 0x000000076b300000)
  object space 284672K, 56% used [0x00000006c1800000,0x00000006cb62ca88,0x00000006d2e00000)
 Metaspace       used 18007K, capacity 18195K, committed 18432K, reserved 1067008K
  class space    used 1716K, capacity 1762K, committed 1792K, reserved 1048576K
}

