# JRE version: Java(TM) SE Runtime Environment (8.0_25-b18) (build 1.8.0_25-b18)
# Java VM: Java HotSpot(TM) 64-Bit Server VM (25.25-b02 mixed mode windows-amd64 compressed oops)
Heap:
 PSYoungGen      total 393728K, used 151955K [0x00000000e0400000, 0x00000000fa780000, 0x0000000100000000)
  eden space 360960K, 39% used [0x00000000e0400000,0x00000000e8f77e48,0x00000000f6480000)
  from space 32768K, 27% used [0x00000000f8780000,0x00000000f906d020,0x00000000fa780000)
  to   space 34304K, 0% used [0x00000000f6480000,0x00000000f6480000,0x00000000f8600000)
 ParOldGen       total 226816K, used 146185K [0x00000000a0c00000, 0x00000000ae980000, 0x00000000e0400000)
  object space 226816K, 64% used [0x00000000a0c00000,0x00000000a9ac25a0,0x00000000ae980000)
 Metaspace       used 17867K, capacity 18089K, committed 18304K, reserved 1064960K
  class space    used 1735K, capacity 1793K, committed 1920K, reserved 1048576K
GC Heap History (10 events):
Event: 8.338 GC heap before
{Heap before GC invocations=25 (full 3):
 PSYoungGen      total 367104K, used 330930K [0x00000000e0400000, 0x00000000fa280000, 0x0000000100000000)
  eden space 322048K, 99% used [0x00000000e0400000,0x00000000f3e4fa40,0x00000000f3e80000)
  from space 45056K, 20% used [0x00000000f3e80000,0x00000000f475d020,0x00000000f6a80000)
  to   space 43008K, 0% used [0x00000000f7880000,0x00000000f7880000,0x00000000fa280000)
 ParOldGen       total 226816K, used 146145K [0x00000000a0c00000, 0x00000000ae980000, 0x00000000e0400000)
  object space 226816K, 64% used [0x00000000a0c00000,0x00000000a9ab85a0,0x00000000ae980000)
 Metaspace       used 17719K, capacity 17953K, committed 18304K, reserved 1064960K
  class space    used 1723K, capacity 1793K, committed 1920K, reserved 1048576K
Event: 8.343 GC heap after
Heap after GC invocations=25 (full 3):
 PSYoungGen      total 376320K, used 9108K [0x00000000e0400000, 0x00000000f9e80000, 0x0000000100000000)
  eden space 337408K, 0% used [0x00000000e0400000,0x00000000e0400000,0x00000000f4d80000)
  from space 38912K, 23% used [0x00000000f7880000,0x00000000f8165020,0x00000000f9e80000)
  to   space 41472K, 0% used [0x00000000f4d80000,0x00000000f4d80000,0x00000000f7600000)
 ParOldGen       total 226816K, used 146153K [0x00000000a0c00000, 0x00000000ae980000, 0x00000000e0400000)
  object space 226816K, 64% used [0x00000000a0c00000,0x00000000a9aba5a0,0x00000000ae980000)
 Metaspace       used 17719K, capacity 17953K, committed 18304K, reserved 1064960K
  class space    used 1723K, capacity 1793K, committed 1920K, reserved 1048576K
}
Event: 8.832 GC heap before
{Heap before GC invocations=26 (full 3):
 PSYoungGen      total 376320K, used 346516K [0x00000000e0400000, 0x00000000f9e80000, 0x0000000100000000)
  eden space 337408K, 100% used [0x00000000e0400000,0x00000000f4d80000,0x00000000f4d80000)
  from space 38912K, 23% used [0x00000000f7880000,0x00000000f8165020,0x00000000f9e80000)
  to   space 41472K, 0% used [0x00000000f4d80000,0x00000000f4d80000,0x00000000f7600000)
 ParOldGen       total 226816K, used 146153K [0x00000000a0c00000, 0x00000000ae980000, 0x00000000e0400000)
  object space 226816K, 64% used [0x00000000a0c00000,0x00000000a9aba5a0,0x00000000ae980000)
 Metaspace       used 17733K, capacity 17961K, committed 18304K, reserved 1064960K
  class space    used 1723K, capacity 1793K, committed 1920K, reserved 1048576K
Event: 8.836 GC heap after
Heap after GC invocations=26 (full 3):
 PSYoungGen      total 378880K, used 9108K [0x00000000e0400000, 0x00000000fa880000, 0x0000000100000000)
  eden space 337408K, 0% used [0x00000000e0400000,0x00000000e0400000,0x00000000f4d80000)
  from space 41472K, 21% used [0x00000000f4d80000,0x00000000f5665020,0x00000000f7600000)
  to   space 39424K, 0% used [0x00000000f8200000,0x00000000f8200000,0x00000000fa880000)
 ParOldGen       total 226816K, used 146161K [0x00000000a0c00000, 0x00000000ae980000, 0x00000000e0400000)
  object space 226816K, 64% used [0x00000000a0c00000,0x00000000a9abc5a0,0x00000000ae980000)
 Metaspace       used 17733K, capacity 17961K, committed 18304K, reserved 1064960K
  class space    used 1723K, capacity 1793K, committed 1920K, reserved 1048576K
}
Event: 9.338 GC heap before
{Heap before GC invocations=27 (full 3):
 PSYoungGen      total 378880K, used 343459K [0x00000000e0400000, 0x00000000fa880000, 0x0000000100000000)
  eden space 337408K, 99% used [0x00000000e0400000,0x00000000f4a83cb0,0x00000000f4d80000)
  from space 41472K, 21% used [0x00000000f4d80000,0x00000000f5665020,0x00000000f7600000)
  to   space 39424K, 0% used [0x00000000f8200000,0x00000000f8200000,0x00000000fa880000)
 ParOldGen       total 226816K, used 146161K [0x00000000a0c00000, 0x00000000ae980000, 0x00000000e0400000)
  object space 226816K, 64% used [0x00000000a0c00000,0x00000000a9abc5a0,0x00000000ae980000)
 Metaspace       used 17782K, capacity 18025K, committed 18304K, reserved 1064960K
  class space    used 1723K, capacity 1793K, committed 1920K, reserved 1048576K
Event: 9.343 GC heap after
Heap after GC invocations=27 (full 3):
 PSYoungGen      total 385024K, used 9108K [0x00000000e0400000, 0x00000000fa380000, 0x0000000100000000)
  eden space 350720K, 0% used [0x00000000e0400000,0x00000000e0400000,0x00000000f5a80000)
  from space 34304K, 26% used [0x00000000f8200000,0x00000000f8ae5020,0x00000000fa380000)
  to   space 37376K, 0% used [0x00000000f5a80000,0x00000000f5a80000,0x00000000f7f00000)
 ParOldGen       total 226816K, used 146169K [0x00000000a0c00000, 0x00000000ae980000, 0x00000000e0400000)
  object space 226816K, 64% used [0x00000000a0c00000,0x00000000a9abe5a0,0x00000000ae980000)
 Metaspace       used 17782K, capacity 18025K, committed 18304K, reserved 1064960K
  class space    used 1723K, capacity 1793K, committed 1920K, reserved 1048576K
}
Event: 9.863 GC heap before
{Heap before GC invocations=28 (full 3):
 PSYoungGen      total 385024K, used 359828K [0x00000000e0400000, 0x00000000fa380000, 0x0000000100000000)
  eden space 350720K, 100% used [0x00000000e0400000,0x00000000f5a80000,0x00000000f5a80000)
  from space 34304K, 26% used [0x00000000f8200000,0x00000000f8ae5020,0x00000000fa380000)
  to   space 37376K, 0% used [0x00000000f5a80000,0x00000000f5a80000,0x00000000f7f00000)
 ParOldGen       total 226816K, used 146169K [0x00000000a0c00000, 0x00000000ae980000, 0x00000000e0400000)
  object space 226816K, 64% used [0x00000000a0c00000,0x00000000a9abe5a0,0x00000000ae980000)
 Metaspace       used 17832K, capacity 18089K, committed 18304K, reserved 1064960K
  class space    used 1723K, capacity 1793K, committed 1920K, reserved 1048576K
Event: 9.869 GC heap after
Heap after GC invocations=28 (full 3):
 PSYoungGen      total 388096K, used 9140K [0x00000000e0400000, 0x00000000faa80000, 0x0000000100000000)
  eden space 350720K, 0% used [0x00000000e0400000,0x00000000e0400000,0x00000000f5a80000)
  from space 37376K, 24% used [0x00000000f5a80000,0x00000000f636d020,0x00000000f7f00000)
  to   space 35840K, 0% used [0x00000000f8780000,0x00000000f8780000,0x00000000faa80000)
 ParOldGen       total 226816K, used 146177K [0x00000000a0c00000, 0x00000000ae980000, 0x00000000e0400000)
  object space 226816K, 64% used [0x00000000a0c00000,0x00000000a9ac05a0,0x00000000ae980000)
 Metaspace       used 17832K, capacity 18089K, committed 18304K, reserved 1064960K
  class space    used 1723K, capacity 1793K, committed 1920K, reserved 1048576K
}
Event: 10.397 GC heap before
{Heap before GC invocations=29 (full 3):
 PSYoungGen      total 388096K, used 359860K [0x00000000e0400000, 0x00000000faa80000, 0x0000000100000000)
  eden space 350720K, 100% used [0x00000000e0400000,0x00000000f5a80000,0x00000000f5a80000)
  from space 37376K, 24% used [0x00000000f5a80000,0x00000000f636d020,0x00000000f7f00000)
  to   space 35840K, 0% used [0x00000000f8780000,0x00000000f8780000,0x00000000faa80000)
 ParOldGen       total 226816K, used 146177K [0x00000000a0c00000, 0x00000000ae980000, 0x00000000e0400000)
  object space 226816K, 64% used [0x00000000a0c00000,0x00000000a9ac05a0,0x00000000ae980000)
 Metaspace       used 17832K, capacity 18089K, committed 18304K, reserved 1064960K
  class space    used 1723K, capacity 1793K, committed 1920K, reserved 1048576K
Event: 10.402 GC heap after
Heap after GC invocations=29 (full 3):
 PSYoungGen      total 393728K, used 9140K [0x00000000e0400000, 0x00000000fa780000, 0x0000000100000000)
  eden space 360960K, 0% used [0x00000000e0400000,0x00000000e0400000,0x00000000f6480000)
  from space 32768K, 27% used [0x00000000f8780000,0x00000000f906d020,0x00000000fa780000)
  to   space 34304K, 0% used [0x00000000f6480000,0x00000000f6480000,0x00000000f8600000)
 ParOldGen       total 226816K, used 146185K [0x00000000a0c00000, 0x00000000ae980000, 0x00000000e0400000)
  object space 226816K, 64% used [0x00000000a0c00000,0x00000000a9ac25a0,0x00000000ae980000)
 Metaspace       used 17832K, capacity 18089K, committed 18304K, reserved 1064960K
  class space    used 1723K, capacity 1793K, committed 1920K, reserved 1048576K
}

