# JRE version: Java(TM) SE Runtime Environment (8.0_25-b18) (build 1.8.0_25-b18)
# Java VM: Java HotSpot(TM) 64-Bit Server VM (25.25-b02 mixed mode windows-amd64 compressed oops)
Heap:
 PSYoungGen      total 327680K, used 117716K [0x00000000e0400000, 0x00000000f7a00000, 0x0000000100000000)
  eden space 326656K, 35% used [0x00000000e0400000,0x00000000e7645098,0x00000000f4300000)
  from space 1024K, 68% used [0x00000000f4300000,0x00000000f43b0000,0x00000000f4400000)
  to   space 27648K, 0% used [0x00000000f5f00000,0x00000000f5f00000,0x00000000f7a00000)
 ParOldGen       total 224768K, used 155095K [0x00000000a0c00000, 0x00000000ae780000, 0x00000000e0400000)
  object space 224768K, 69% used [0x00000000a0c00000,0x00000000aa375fc0,0x00000000ae780000)
 Metaspace       used 18485K, capacity 18697K, committed 18816K, reserved 1067008K
  class space    used 1773K, capacity 1825K, committed 1920K, reserved 1048576K
GC Heap History (10 events):
Event: 22.649 GC heap before
{Heap before GC invocations=32 (full 3):
 PSYoungGen      total 354816K, used 323587K [0x00000000e0400000, 0x00000000f8080000, 0x0000000100000000)
  eden space 323072K, 99% used [0x00000000e0400000,0x00000000f3f50f38,0x00000000f3f80000)
  from space 31744K, 2% used [0x00000000f6180000,0x00000000f6230000,0x00000000f8080000)
  to   space 33280K, 0% used [0x00000000f3f80000,0x00000000f3f80000,0x00000000f6000000)
 ParOldGen       total 224768K, used 155007K [0x00000000a0c00000, 0x00000000ae780000, 0x00000000e0400000)
  object space 224768K, 68% used [0x00000000a0c00000,0x00000000aa35ffc0,0x00000000ae780000)
 Metaspace       used 18460K, capacity 18697K, committed 18816K, reserved 1067008K
  class space    used 1773K, capacity 1825K, committed 1920K, reserved 1048576K
Event: 22.650 GC heap after
Heap after GC invocations=32 (full 3):
 PSYoungGen      total 356352K, used 672K [0x00000000e0400000, 0x00000000f8100000, 0x0000000100000000)
  eden space 323072K, 0% used [0x00000000e0400000,0x00000000e0400000,0x00000000f3f80000)
  from space 33280K, 2% used [0x00000000f3f80000,0x00000000f4028000,0x00000000f6000000)
  to   space 32256K, 0% used [0x00000000f6180000,0x00000000f6180000,0x00000000f8100000)
 ParOldGen       total 224768K, used 155031K [0x00000000a0c00000, 0x00000000ae780000, 0x00000000e0400000)
  object space 224768K, 68% used [0x00000000a0c00000,0x00000000aa365fc0,0x00000000ae780000)
 Metaspace       used 18460K, capacity 18697K, committed 18816K, reserved 1067008K
  class space    used 1773K, capacity 1825K, committed 1920K, reserved 1048576K
}
Event: 23.849 GC heap before
{Heap before GC invocations=33 (full 3):
 PSYoungGen      total 356352K, used 323541K [0x00000000e0400000, 0x00000000f8100000, 0x0000000100000000)
  eden space 323072K, 99% used [0x00000000e0400000,0x00000000f3f4d4d8,0x00000000f3f80000)
  from space 33280K, 2% used [0x00000000f3f80000,0x00000000f4028000,0x00000000f6000000)
  to   space 32256K, 0% used [0x00000000f6180000,0x00000000f6180000,0x00000000f8100000)
 ParOldGen       total 224768K, used 155031K [0x00000000a0c00000, 0x00000000ae780000, 0x00000000e0400000)
  object space 224768K, 68% used [0x00000000a0c00000,0x00000000aa365fc0,0x00000000ae780000)
 Metaspace       used 18466K, capacity 18697K, committed 18816K, reserved 1067008K
  class space    used 1773K, capacity 1825K, committed 1920K, reserved 1048576K
Event: 23.850 GC heap after
Heap after GC invocations=33 (full 3):
 PSYoungGen      total 354816K, used 640K [0x00000000e0400000, 0x00000000f7e80000, 0x0000000100000000)
  eden space 325120K, 0% used [0x00000000e0400000,0x00000000e0400000,0x00000000f4180000)
  from space 29696K, 2% used [0x00000000f6180000,0x00000000f6220000,0x00000000f7e80000)
  to   space 31232K, 0% used [0x00000000f4180000,0x00000000f4180000,0x00000000f6000000)
 ParOldGen       total 224768K, used 155039K [0x00000000a0c00000, 0x00000000ae780000, 0x00000000e0400000)
  object space 224768K, 68% used [0x00000000a0c00000,0x00000000aa367fc0,0x00000000ae780000)
 Metaspace       used 18466K, capacity 18697K, committed 18816K, reserved 1067008K
  class space    used 1773K, capacity 1825K, committed 1920K, reserved 1048576K
}
Event: 25.049 GC heap before
{Heap before GC invocations=34 (full 3):
 PSYoungGen      total 354816K, used 323564K [0x00000000e0400000, 0x00000000f7e80000, 0x0000000100000000)
  eden space 325120K, 99% used [0x00000000e0400000,0x00000000f3f5b1c8,0x00000000f4180000)
  from space 29696K, 2% used [0x00000000f6180000,0x00000000f6220000,0x00000000f7e80000)
  to   space 31232K, 0% used [0x00000000f4180000,0x00000000f4180000,0x00000000f6000000)
 ParOldGen       total 224768K, used 155039K [0x00000000a0c00000, 0x00000000ae780000, 0x00000000e0400000)
  object space 224768K, 68% used [0x00000000a0c00000,0x00000000aa367fc0,0x00000000ae780000)
 Metaspace       used 18482K, capacity 18697K, committed 18816K, reserved 1067008K
  class space    used 1773K, capacity 1825K, committed 1920K, reserved 1048576K
Event: 25.051 GC heap after
Heap after GC invocations=34 (full 3):
 PSYoungGen      total 356352K, used 608K [0x00000000e0400000, 0x00000000f7e00000, 0x0000000100000000)
  eden space 325120K, 0% used [0x00000000e0400000,0x00000000e0400000,0x00000000f4180000)
  from space 31232K, 1% used [0x00000000f4180000,0x00000000f4218000,0x00000000f6000000)
  to   space 30208K, 0% used [0x00000000f6080000,0x00000000f6080000,0x00000000f7e00000)
 ParOldGen       total 224768K, used 155071K [0x00000000a0c00000, 0x00000000ae780000, 0x00000000e0400000)
  object space 224768K, 68% used [0x00000000a0c00000,0x00000000aa36ffc0,0x00000000ae780000)
 Metaspace       used 18482K, capacity 18697K, committed 18816K, reserved 1067008K
  class space    used 1773K, capacity 1825K, committed 1920K, reserved 1048576K
}
Event: 26.248 GC heap before
{Heap before GC invocations=35 (full 3):
 PSYoungGen      total 356352K, used 323537K [0x00000000e0400000, 0x00000000f7e00000, 0x0000000100000000)
  eden space 325120K, 99% used [0x00000000e0400000,0x00000000f3f5c648,0x00000000f4180000)
  from space 31232K, 1% used [0x00000000f4180000,0x00000000f4218000,0x00000000f6000000)
  to   space 30208K, 0% used [0x00000000f6080000,0x00000000f6080000,0x00000000f7e00000)
 ParOldGen       total 224768K, used 155071K [0x00000000a0c00000, 0x00000000ae780000, 0x00000000e0400000)
  object space 224768K, 68% used [0x00000000a0c00000,0x00000000aa36ffc0,0x00000000ae780000)
 Metaspace       used 18482K, capacity 18697K, committed 18816K, reserved 1067008K
  class space    used 1773K, capacity 1825K, committed 1920K, reserved 1048576K
Event: 26.249 GC heap after
Heap after GC invocations=35 (full 3):
 PSYoungGen      total 354816K, used 704K [0x00000000e0400000, 0x00000000f7c00000, 0x0000000100000000)
  eden space 326656K, 0% used [0x00000000e0400000,0x00000000e0400000,0x00000000f4300000)
  from space 28160K, 2% used [0x00000000f6080000,0x00000000f6130000,0x00000000f7c00000)
  to   space 29184K, 0% used [0x00000000f4300000,0x00000000f4300000,0x00000000f5f80000)
 ParOldGen       total 224768K, used 155079K [0x00000000a0c00000, 0x00000000ae780000, 0x00000000e0400000)
  object space 224768K, 68% used [0x00000000a0c00000,0x00000000aa371fc0,0x00000000ae780000)
 Metaspace       used 18482K, capacity 18697K, committed 18816K, reserved 1067008K
  class space    used 1773K, capacity 1825K, committed 1920K, reserved 1048576K
}
Event: 27.449 GC heap before
{Heap before GC invocations=36 (full 3):
 PSYoungGen      total 354816K, used 323664K [0x00000000e0400000, 0x00000000f7c00000, 0x0000000100000000)
  eden space 326656K, 98% used [0x00000000e0400000,0x00000000f3f64040,0x00000000f4300000)
  from space 28160K, 2% used [0x00000000f6080000,0x00000000f6130000,0x00000000f7c00000)
  to   space 29184K, 0% used [0x00000000f4300000,0x00000000f4300000,0x00000000f5f80000)
 ParOldGen       total 224768K, used 155079K [0x00000000a0c00000, 0x00000000ae780000, 0x00000000e0400000)
  object space 224768K, 68% used [0x00000000a0c00000,0x00000000aa371fc0,0x00000000ae780000)
 Metaspace       used 18484K, capacity 18697K, committed 18816K, reserved 1067008K
  class space    used 1773K, capacity 1825K, committed 1920K, reserved 1048576K
Event: 27.451 GC heap after
Heap after GC invocations=36 (full 3):
 PSYoungGen      total 327680K, used 704K [0x00000000e0400000, 0x00000000f7a00000, 0x0000000100000000)
  eden space 326656K, 0% used [0x00000000e0400000,0x00000000e0400000,0x00000000f4300000)
  from space 1024K, 68% used [0x00000000f4300000,0x00000000f43b0000,0x00000000f4400000)
  to   space 27648K, 0% used [0x00000000f5f00000,0x00000000f5f00000,0x00000000f7a00000)
 ParOldGen       total 224768K, used 155095K [0x00000000a0c00000, 0x00000000ae780000, 0x00000000e0400000)
  object space 224768K, 69% used [0x00000000a0c00000,0x00000000aa375fc0,0x00000000ae780000)
 Metaspace       used 18484K, capacity 18697K, committed 18816K, reserved 1067008K
  class space    used 1773K, capacity 1825K, committed 1920K, reserved 1048576K
}

