# JRE version: Java(TM) SE Runtime Environment (8.0_25-b18) (build 1.8.0_25-b18)
# Java VM: Java HotSpot(TM) 64-Bit Server VM (25.25-b02 mixed mode windows-amd64 compressed oops)
Heap:
 PSYoungGen      total 339456K, used 260699K [0x00000000e0400000, 0x00000000f5d00000, 0x0000000100000000)
  eden space 326656K, 79% used [0x00000000e0400000,0x00000000f0276fe8,0x00000000f4300000)
  from space 12800K, 1% used [0x00000000f5080000,0x00000000f50a0000,0x00000000f5d00000)
  to   space 13312K, 0% used [0x00000000f4300000,0x00000000f4300000,0x00000000f5000000)
 ParOldGen       total 227328K, used 155515K [0x00000000a0c00000, 0x00000000aea00000, 0x00000000e0400000)
  object space 227328K, 68% used [0x00000000a0c00000,0x00000000aa3def20,0x00000000aea00000)
 Metaspace       used 17957K, capacity 18217K, committed 18560K, reserved 1067008K
  class space    used 1735K, capacity 1793K, committed 1920K, reserved 1048576K
GC Heap History (10 events):
Event: 30.796 GC heap before
{Heap before GC invocations=69 (full 3):
 PSYoungGen      total 332800K, used 316700K [0x00000000e0400000, 0x00000000f5600000, 0x0000000100000000)
  eden space 320512K, 98% used [0x00000000e0400000,0x00000000f39272e8,0x00000000f3d00000)
  from space 12288K, 1% used [0x00000000f3d00000,0x00000000f3d20000,0x00000000f4900000)
  to   space 11776K, 0% used [0x00000000f4a80000,0x00000000f4a80000,0x00000000f5600000)
 ParOldGen       total 227328K, used 155451K [0x00000000a0c00000, 0x00000000aea00000, 0x00000000e0400000)
  object space 227328K, 68% used [0x00000000a0c00000,0x00000000aa3cef20,0x00000000aea00000)
 Metaspace       used 17921K, capacity 18217K, committed 18560K, reserved 1067008K
  class space    used 1723K, capacity 1793K, committed 1920K, reserved 1048576K
Event: 30.797 GC heap after
Heap after GC invocations=69 (full 3):
 PSYoungGen      total 333312K, used 128K [0x00000000e0400000, 0x00000000f5500000, 0x0000000100000000)
  eden space 322560K, 0% used [0x00000000e0400000,0x00000000e0400000,0x00000000f3f00000)
  from space 10752K, 1% used [0x00000000f4a80000,0x00000000f4aa0000,0x00000000f5500000)
  to   space 11264K, 0% used [0x00000000f3f00000,0x00000000f3f00000,0x00000000f4a00000)
 ParOldGen       total 227328K, used 155451K [0x00000000a0c00000, 0x00000000aea00000, 0x00000000e0400000)
  object space 227328K, 68% used [0x00000000a0c00000,0x00000000aa3cef20,0x00000000aea00000)
 Metaspace       used 17921K, capacity 18217K, committed 18560K, reserved 1067008K
  class space    used 1723K, capacity 1793K, committed 1920K, reserved 1048576K
}
Event: 31.169 GC heap before
{Heap before GC invocations=70 (full 3):
 PSYoungGen      total 333312K, used 322688K [0x00000000e0400000, 0x00000000f5500000, 0x0000000100000000)
  eden space 322560K, 100% used [0x00000000e0400000,0x00000000f3f00000,0x00000000f3f00000)
  from space 10752K, 1% used [0x00000000f4a80000,0x00000000f4aa0000,0x00000000f5500000)
  to   space 11264K, 0% used [0x00000000f3f00000,0x00000000f3f00000,0x00000000f4a00000)
 ParOldGen       total 227328K, used 155451K [0x00000000a0c00000, 0x00000000aea00000, 0x00000000e0400000)
  object space 227328K, 68% used [0x00000000a0c00000,0x00000000aa3cef20,0x00000000aea00000)
 Metaspace       used 17921K, capacity 18217K, committed 18560K, reserved 1067008K
  class space    used 1723K, capacity 1793K, committed 1920K, reserved 1048576K
Event: 31.171 GC heap after
Heap after GC invocations=70 (full 3):
 PSYoungGen      total 333824K, used 9076K [0x00000000e0400000, 0x00000000f5a80000, 0x0000000100000000)
  eden space 322560K, 0% used [0x00000000e0400000,0x00000000e0400000,0x00000000f3f00000)
  from space 11264K, 80% used [0x00000000f3f00000,0x00000000f47dd020,0x00000000f4a00000)
  to   space 12800K, 0% used [0x00000000f4e00000,0x00000000f4e00000,0x00000000f5a80000)
 ParOldGen       total 227328K, used 155451K [0x00000000a0c00000, 0x00000000aea00000, 0x00000000e0400000)
  object space 227328K, 68% used [0x00000000a0c00000,0x00000000aa3cef20,0x00000000aea00000)
 Metaspace       used 17921K, capacity 18217K, committed 18560K, reserved 1067008K
  class space    used 1723K, capacity 1793K, committed 1920K, reserved 1048576K
}
Event: 31.532 GC heap before
{Heap before GC invocations=71 (full 3):
 PSYoungGen      total 333824K, used 331636K [0x00000000e0400000, 0x00000000f5a80000, 0x0000000100000000)
  eden space 322560K, 100% used [0x00000000e0400000,0x00000000f3f00000,0x00000000f3f00000)
  from space 11264K, 80% used [0x00000000f3f00000,0x00000000f47dd020,0x00000000f4a00000)
  to   space 12800K, 0% used [0x00000000f4e00000,0x00000000f4e00000,0x00000000f5a80000)
 ParOldGen       total 227328K, used 155451K [0x00000000a0c00000, 0x00000000aea00000, 0x00000000e0400000)
  object space 227328K, 68% used [0x00000000a0c00000,0x00000000aa3cef20,0x00000000aea00000)
 Metaspace       used 17921K, capacity 18217K, committed 18560K, reserved 1067008K
  class space    used 1723K, capacity 1793K, committed 1920K, reserved 1048576K
Event: 31.533 GC heap after
Heap after GC invocations=71 (full 3):
 PSYoungGen      total 335872K, used 128K [0x00000000e0400000, 0x00000000f5900000, 0x0000000100000000)
  eden space 324608K, 0% used [0x00000000e0400000,0x00000000e0400000,0x00000000f4100000)
  from space 11264K, 1% used [0x00000000f4e00000,0x00000000f4e20000,0x00000000f5900000)
  to   space 12288K, 0% used [0x00000000f4100000,0x00000000f4100000,0x00000000f4d00000)
 ParOldGen       total 227328K, used 155451K [0x00000000a0c00000, 0x00000000aea00000, 0x00000000e0400000)
  object space 227328K, 68% used [0x00000000a0c00000,0x00000000aa3cef20,0x00000000aea00000)
 Metaspace       used 17921K, capacity 18217K, committed 18560K, reserved 1067008K
  class space    used 1723K, capacity 1793K, committed 1920K, reserved 1048576K
}
Event: 32.367 GC heap before
{Heap before GC invocations=72 (full 3):
 PSYoungGen      total 335872K, used 324243K [0x00000000e0400000, 0x00000000f5900000, 0x0000000100000000)
  eden space 324608K, 99% used [0x00000000e0400000,0x00000000f4084f50,0x00000000f4100000)
  from space 11264K, 1% used [0x00000000f4e00000,0x00000000f4e20000,0x00000000f5900000)
  to   space 12288K, 0% used [0x00000000f4100000,0x00000000f4100000,0x00000000f4d00000)
 ParOldGen       total 227328K, used 155451K [0x00000000a0c00000, 0x00000000aea00000, 0x00000000e0400000)
  object space 227328K, 68% used [0x00000000a0c00000,0x00000000aa3cef20,0x00000000aea00000)
 Metaspace       used 17922K, capacity 18217K, committed 18560K, reserved 1067008K
  class space    used 1723K, capacity 1793K, committed 1920K, reserved 1048576K
Event: 32.370 GC heap after
Heap after GC invocations=72 (full 3):
 PSYoungGen      total 336896K, used 9076K [0x00000000e0400000, 0x00000000f5e00000, 0x0000000100000000)
  eden space 324608K, 0% used [0x00000000e0400000,0x00000000e0400000,0x00000000f4100000)
  from space 12288K, 73% used [0x00000000f4100000,0x00000000f49dd020,0x00000000f4d00000)
  to   space 13824K, 0% used [0x00000000f5080000,0x00000000f5080000,0x00000000f5e00000)
 ParOldGen       total 227328K, used 155483K [0x00000000a0c00000, 0x00000000aea00000, 0x00000000e0400000)
  object space 227328K, 68% used [0x00000000a0c00000,0x00000000aa3d6f20,0x00000000aea00000)
 Metaspace       used 17922K, capacity 18217K, committed 18560K, reserved 1067008K
  class space    used 1723K, capacity 1793K, committed 1920K, reserved 1048576K
}
Event: 33.462 GC heap before
{Heap before GC invocations=73 (full 3):
 PSYoungGen      total 336896K, used 327350K [0x00000000e0400000, 0x00000000f5e00000, 0x0000000100000000)
  eden space 324608K, 98% used [0x00000000e0400000,0x00000000f3ad0b00,0x00000000f4100000)
  from space 12288K, 73% used [0x00000000f4100000,0x00000000f49dd020,0x00000000f4d00000)
  to   space 13824K, 0% used [0x00000000f5080000,0x00000000f5080000,0x00000000f5e00000)
 ParOldGen       total 227328K, used 155483K [0x00000000a0c00000, 0x00000000aea00000, 0x00000000e0400000)
  object space 227328K, 68% used [0x00000000a0c00000,0x00000000aa3d6f20,0x00000000aea00000)
 Metaspace       used 17922K, capacity 18217K, committed 18560K, reserved 1067008K
  class space    used 1723K, capacity 1793K, committed 1920K, reserved 1048576K
Event: 33.463 GC heap after
Heap after GC invocations=73 (full 3):
 PSYoungGen      total 339456K, used 128K [0x00000000e0400000, 0x00000000f5d00000, 0x0000000100000000)
  eden space 326656K, 0% used [0x00000000e0400000,0x00000000e0400000,0x00000000f4300000)
  from space 12800K, 1% used [0x00000000f5080000,0x00000000f50a0000,0x00000000f5d00000)
  to   space 13312K, 0% used [0x00000000f4300000,0x00000000f4300000,0x00000000f5000000)
 ParOldGen       total 227328K, used 155515K [0x00000000a0c00000, 0x00000000aea00000, 0x00000000e0400000)
  object space 227328K, 68% used [0x00000000a0c00000,0x00000000aa3def20,0x00000000aea00000)
 Metaspace       used 17922K, capacity 18217K, committed 18560K, reserved 1067008K
  class space    used 1723K, capacity 1793K, committed 1920K, reserved 1048576K
}

