# JRE version: Java(TM) SE Runtime Environment (8.0_25-b18) (build 1.8.0_25-b18)
# Java VM: Java HotSpot(TM) 64-Bit Server VM (25.25-b02 mixed mode windows-amd64 compressed oops)
Heap:
 PSYoungGen      total 423424K, used 331618K [0x00000000e0400000, 0x00000000fa580000, 0x0000000100000000)
  eden space 421888K, 78% used [0x00000000e0400000,0x00000000f47b0b80,0x00000000fa000000)
  from space 1536K, 10% used [0x00000000fa000000,0x00000000fa028000,0x00000000fa180000)
  to   space 1536K, 0% used [0x00000000fa400000,0x00000000fa400000,0x00000000fa580000)
 ParOldGen       total 234496K, used 212373K [0x00000000a0c00000, 0x00000000af100000, 0x00000000e0400000)
  object space 234496K, 90% used [0x00000000a0c00000,0x00000000adb655c0,0x00000000af100000)
 Metaspace       used 18006K, capacity 18185K, committed 18432K, reserved 1067008K
  class space    used 1723K, capacity 1761K, committed 1792K, reserved 1048576K
GC Heap History (10 events):
Event: 41.141 GC heap before
{Heap before GC invocations=82 (full 3):
 PSYoungGen      total 418304K, used 416384K [0x00000000e0400000, 0x00000000f9e80000, 0x0000000100000000)
  eden space 416256K, 100% used [0x00000000e0400000,0x00000000f9a80000,0x00000000f9a80000)
  from space 2048K, 6% used [0x00000000f9c80000,0x00000000f9ca0000,0x00000000f9e80000)
  to   space 2048K, 0% used [0x00000000f9a80000,0x00000000f9a80000,0x00000000f9c80000)
 ParOldGen       total 234496K, used 204273K [0x00000000a0c00000, 0x00000000af100000, 0x00000000e0400000)
  object space 234496K, 87% used [0x00000000a0c00000,0x00000000ad37c5b0,0x00000000af100000)
 Metaspace       used 17971K, capacity 18185K, committed 18432K, reserved 1067008K
  class space    used 1712K, capacity 1761K, committed 1792K, reserved 1048576K
Event: 41.145 GC heap after
Heap after GC invocations=82 (full 3):
 PSYoungGen      total 418304K, used 160K [0x00000000e0400000, 0x00000000fa180000, 0x0000000100000000)
  eden space 416256K, 0% used [0x00000000e0400000,0x00000000e0400000,0x00000000f9a80000)
  from space 2048K, 7% used [0x00000000f9a80000,0x00000000f9aa8000,0x00000000f9c80000)
  to   space 2048K, 0% used [0x00000000f9f80000,0x00000000f9f80000,0x00000000fa180000)
 ParOldGen       total 234496K, used 212373K [0x00000000a0c00000, 0x00000000af100000, 0x00000000e0400000)
  object space 234496K, 90% used [0x00000000a0c00000,0x00000000adb655c0,0x00000000af100000)
 Metaspace       used 17971K, capacity 18185K, committed 18432K, reserved 1067008K
  class space    used 1712K, capacity 1761K, committed 1792K, reserved 1048576K
}
Event: 41.737 GC heap before
{Heap before GC invocations=83 (full 3):
 PSYoungGen      total 418304K, used 416416K [0x00000000e0400000, 0x00000000fa180000, 0x0000000100000000)
  eden space 416256K, 100% used [0x00000000e0400000,0x00000000f9a80000,0x00000000f9a80000)
  from space 2048K, 7% used [0x00000000f9a80000,0x00000000f9aa8000,0x00000000f9c80000)
  to   space 2048K, 0% used [0x00000000f9f80000,0x00000000f9f80000,0x00000000fa180000)
 ParOldGen       total 234496K, used 212373K [0x00000000a0c00000, 0x00000000af100000, 0x00000000e0400000)
  object space 234496K, 90% used [0x00000000a0c00000,0x00000000adb655c0,0x00000000af100000)
 Metaspace       used 17971K, capacity 18185K, committed 18432K, reserved 1067008K
  class space    used 1712K, capacity 1761K, committed 1792K, reserved 1048576K
Event: 41.738 GC heap after
Heap after GC invocations=83 (full 3):
 PSYoungGen      total 420352K, used 192K [0x00000000e0400000, 0x00000000fa080000, 0x0000000100000000)
  eden space 419328K, 0% used [0x00000000e0400000,0x00000000e0400000,0x00000000f9d80000)
  from space 1024K, 18% used [0x00000000f9f80000,0x00000000f9fb0000,0x00000000fa080000)
  to   space 1536K, 0% used [0x00000000f9d80000,0x00000000f9d80000,0x00000000f9f00000)
 ParOldGen       total 234496K, used 212373K [0x00000000a0c00000, 0x00000000af100000, 0x00000000e0400000)
  object space 234496K, 90% used [0x00000000a0c00000,0x00000000adb655c0,0x00000000af100000)
 Metaspace       used 17971K, capacity 18185K, committed 18432K, reserved 1067008K
  class space    used 1712K, capacity 1761K, committed 1792K, reserved 1048576K
}
Event: 42.322 GC heap before
{Heap before GC invocations=84 (full 3):
 PSYoungGen      total 420352K, used 419520K [0x00000000e0400000, 0x00000000fa080000, 0x0000000100000000)
  eden space 419328K, 100% used [0x00000000e0400000,0x00000000f9d80000,0x00000000f9d80000)
  from space 1024K, 18% used [0x00000000f9f80000,0x00000000f9fb0000,0x00000000fa080000)
  to   space 1536K, 0% used [0x00000000f9d80000,0x00000000f9d80000,0x00000000f9f00000)
 ParOldGen       total 234496K, used 212373K [0x00000000a0c00000, 0x00000000af100000, 0x00000000e0400000)
  object space 234496K, 90% used [0x00000000a0c00000,0x00000000adb655c0,0x00000000af100000)
 Metaspace       used 17971K, capacity 18185K, committed 18432K, reserved 1067008K
  class space    used 1712K, capacity 1761K, committed 1792K, reserved 1048576K
Event: 42.323 GC heap after
Heap after GC invocations=84 (full 3):
 PSYoungGen      total 420864K, used 96K [0x00000000e0400000, 0x00000000fa300000, 0x0000000100000000)
  eden space 419328K, 0% used [0x00000000e0400000,0x00000000e0400000,0x00000000f9d80000)
  from space 1536K, 6% used [0x00000000f9d80000,0x00000000f9d98000,0x00000000f9f00000)
  to   space 1536K, 0% used [0x00000000fa180000,0x00000000fa180000,0x00000000fa300000)
 ParOldGen       total 234496K, used 212373K [0x00000000a0c00000, 0x00000000af100000, 0x00000000e0400000)
  object space 234496K, 90% used [0x00000000a0c00000,0x00000000adb655c0,0x00000000af100000)
 Metaspace       used 17971K, capacity 18185K, committed 18432K, reserved 1067008K
  class space    used 1712K, capacity 1761K, committed 1792K, reserved 1048576K
}
Event: 42.917 GC heap before
{Heap before GC invocations=85 (full 3):
 PSYoungGen      total 420864K, used 419424K [0x00000000e0400000, 0x00000000fa300000, 0x0000000100000000)
  eden space 419328K, 100% used [0x00000000e0400000,0x00000000f9d80000,0x00000000f9d80000)
  from space 1536K, 6% used [0x00000000f9d80000,0x00000000f9d98000,0x00000000f9f00000)
  to   space 1536K, 0% used [0x00000000fa180000,0x00000000fa180000,0x00000000fa300000)
 ParOldGen       total 234496K, used 212373K [0x00000000a0c00000, 0x00000000af100000, 0x00000000e0400000)
  object space 234496K, 90% used [0x00000000a0c00000,0x00000000adb655c0,0x00000000af100000)
 Metaspace       used 17971K, capacity 18185K, committed 18432K, reserved 1067008K
  class space    used 1712K, capacity 1761K, committed 1792K, reserved 1048576K
Event: 42.918 GC heap after
Heap after GC invocations=85 (full 3):
 PSYoungGen      total 423424K, used 192K [0x00000000e0400000, 0x00000000fa300000, 0x0000000100000000)
  eden space 421888K, 0% used [0x00000000e0400000,0x00000000e0400000,0x00000000fa000000)
  from space 1536K, 12% used [0x00000000fa180000,0x00000000fa1b0000,0x00000000fa300000)
  to   space 1536K, 0% used [0x00000000fa000000,0x00000000fa000000,0x00000000fa180000)
 ParOldGen       total 234496K, used 212373K [0x00000000a0c00000, 0x00000000af100000, 0x00000000e0400000)
  object space 234496K, 90% used [0x00000000a0c00000,0x00000000adb655c0,0x00000000af100000)
 Metaspace       used 17971K, capacity 18185K, committed 18432K, reserved 1067008K
  class space    used 1712K, capacity 1761K, committed 1792K, reserved 1048576K
}
Event: 43.538 GC heap before
{Heap before GC invocations=86 (full 3):
 PSYoungGen      total 423424K, used 422080K [0x00000000e0400000, 0x00000000fa300000, 0x0000000100000000)
  eden space 421888K, 100% used [0x00000000e0400000,0x00000000fa000000,0x00000000fa000000)
  from space 1536K, 12% used [0x00000000fa180000,0x00000000fa1b0000,0x00000000fa300000)
  to   space 1536K, 0% used [0x00000000fa000000,0x00000000fa000000,0x00000000fa180000)
 ParOldGen       total 234496K, used 212373K [0x00000000a0c00000, 0x00000000af100000, 0x00000000e0400000)
  object space 234496K, 90% used [0x00000000a0c00000,0x00000000adb655c0,0x00000000af100000)
 Metaspace       used 17971K, capacity 18185K, committed 18432K, reserved 1067008K
  class space    used 1712K, capacity 1761K, committed 1792K, reserved 1048576K
Event: 43.540 GC heap after
Heap after GC invocations=86 (full 3):
 PSYoungGen      total 423424K, used 160K [0x00000000e0400000, 0x00000000fa580000, 0x0000000100000000)
  eden space 421888K, 0% used [0x00000000e0400000,0x00000000e0400000,0x00000000fa000000)
  from space 1536K, 10% used [0x00000000fa000000,0x00000000fa028000,0x00000000fa180000)
  to   space 1536K, 0% used [0x00000000fa400000,0x00000000fa400000,0x00000000fa580000)
 ParOldGen       total 234496K, used 212373K [0x00000000a0c00000, 0x00000000af100000, 0x00000000e0400000)
  object space 234496K, 90% used [0x00000000a0c00000,0x00000000adb655c0,0x00000000af100000)
 Metaspace       used 17971K, capacity 18185K, committed 18432K, reserved 1067008K
  class space    used 1712K, capacity 1761K, committed 1792K, reserved 1048576K
}

