# JRE version: Java(TM) SE Runtime Environment (8.0_25-b18) (build 1.8.0_25-b18)
# Java VM: Java HotSpot(TM) 64-Bit Server VM (25.25-b02 mixed mode windows-amd64 compressed oops)
Heap:
 PSYoungGen      total 300032K, used 149526K [0x00000000e0400000, 0x00000000f4b00000, 0x0000000100000000)
  eden space 270336K, 51% used [0x00000000e0400000,0x00000000e8b5aaf0,0x00000000f0c00000)
  from space 29696K, 36% used [0x00000000f2e00000,0x00000000f38aadf0,0x00000000f4b00000)
  to   space 32256K, 0% used [0x00000000f0c00000,0x00000000f0c00000,0x00000000f2b80000)
 ParOldGen       total 228864K, used 145188K [0x00000000a0c00000, 0x00000000aeb80000, 0x00000000e0400000)
  object space 228864K, 63% used [0x00000000a0c00000,0x00000000a99c9390,0x00000000aeb80000)
 Metaspace       used 18367K, capacity 18633K, committed 18816K, reserved 1067008K
  class space    used 1765K, capacity 1825K, committed 1920K, reserved 1048576K
GC Heap History (10 events):
Event: 9.532 GC heap before
{Heap before GC invocations=23 (full 3):
 PSYoungGen      total 291328K, used 252918K [0x00000000e0400000, 0x00000000f5180000, 0x0000000100000000)
  eden space 248320K, 97% used [0x00000000e0400000,0x00000000ef066198,0x00000000ef680000)
  from space 43008K, 25% used [0x00000000ef680000,0x00000000f0117780,0x00000000f2080000)
  to   space 40960K, 0% used [0x00000000f2980000,0x00000000f2980000,0x00000000f5180000)
 ParOldGen       total 228864K, used 145148K [0x00000000a0c00000, 0x00000000aeb80000, 0x00000000e0400000)
  object space 228864K, 63% used [0x00000000a0c00000,0x00000000a99bf390,0x00000000aeb80000)
 Metaspace       used 18211K, capacity 18441K, committed 18560K, reserved 1067008K
  class space    used 1753K, capacity 1825K, committed 1920K, reserved 1048576K
Event: 9.536 GC heap after
Heap after GC invocations=23 (full 3):
 PSYoungGen      total 293376K, used 10909K [0x00000000e0400000, 0x00000000f4c80000, 0x0000000100000000)
  eden space 257536K, 0% used [0x00000000e0400000,0x00000000e0400000,0x00000000eff80000)
  from space 35840K, 30% used [0x00000000f2980000,0x00000000f3427780,0x00000000f4c80000)
  to   space 39424K, 0% used [0x00000000eff80000,0x00000000eff80000,0x00000000f2600000)
 ParOldGen       total 228864K, used 145156K [0x00000000a0c00000, 0x00000000aeb80000, 0x00000000e0400000)
  object space 228864K, 63% used [0x00000000a0c00000,0x00000000a99c1390,0x00000000aeb80000)
 Metaspace       used 18211K, capacity 18441K, committed 18560K, reserved 1067008K
  class space    used 1753K, capacity 1825K, committed 1920K, reserved 1048576K
}
Event: 10.333 GC heap before
{Heap before GC invocations=24 (full 3):
 PSYoungGen      total 293376K, used 262972K [0x00000000e0400000, 0x00000000f4c80000, 0x0000000100000000)
  eden space 257536K, 97% used [0x00000000e0400000,0x00000000efa27930,0x00000000eff80000)
  from space 35840K, 30% used [0x00000000f2980000,0x00000000f3427780,0x00000000f4c80000)
  to   space 39424K, 0% used [0x00000000eff80000,0x00000000eff80000,0x00000000f2600000)
 ParOldGen       total 228864K, used 145156K [0x00000000a0c00000, 0x00000000aeb80000, 0x00000000e0400000)
  object space 228864K, 63% used [0x00000000a0c00000,0x00000000a99c1390,0x00000000aeb80000)
 Metaspace       used 18258K, capacity 18505K, committed 18816K, reserved 1067008K
  class space    used 1753K, capacity 1825K, committed 1920K, reserved 1048576K
Event: 10.338 GC heap after
Heap after GC invocations=24 (full 3):
 PSYoungGen      total 296960K, used 10896K [0x00000000e0400000, 0x00000000f5100000, 0x0000000100000000)
  eden space 257536K, 0% used [0x00000000e0400000,0x00000000e0400000,0x00000000eff80000)
  from space 39424K, 27% used [0x00000000eff80000,0x00000000f0a24110,0x00000000f2600000)
  to   space 37376K, 0% used [0x00000000f2c80000,0x00000000f2c80000,0x00000000f5100000)
 ParOldGen       total 228864K, used 145164K [0x00000000a0c00000, 0x00000000aeb80000, 0x00000000e0400000)
  object space 228864K, 63% used [0x00000000a0c00000,0x00000000a99c3390,0x00000000aeb80000)
 Metaspace       used 18258K, capacity 18505K, committed 18816K, reserved 1067008K
  class space    used 1753K, capacity 1825K, committed 1920K, reserved 1048576K
}
Event: 11.117 GC heap before
{Heap before GC invocations=25 (full 3):
 PSYoungGen      total 296960K, used 268432K [0x00000000e0400000, 0x00000000f5100000, 0x0000000100000000)
  eden space 257536K, 100% used [0x00000000e0400000,0x00000000eff80000,0x00000000eff80000)
  from space 39424K, 27% used [0x00000000eff80000,0x00000000f0a24110,0x00000000f2600000)
  to   space 37376K, 0% used [0x00000000f2c80000,0x00000000f2c80000,0x00000000f5100000)
 ParOldGen       total 228864K, used 145164K [0x00000000a0c00000, 0x00000000aeb80000, 0x00000000e0400000)
  object space 228864K, 63% used [0x00000000a0c00000,0x00000000a99c3390,0x00000000aeb80000)
 Metaspace       used 18267K, capacity 18505K, committed 18816K, reserved 1067008K
  class space    used 1753K, capacity 1825K, committed 1920K, reserved 1048576K
Event: 11.120 GC heap after
Heap after GC invocations=25 (full 3):
 PSYoungGen      total 297472K, used 10893K [0x00000000e0400000, 0x00000000f4c80000, 0x0000000100000000)
  eden space 264704K, 0% used [0x00000000e0400000,0x00000000e0400000,0x00000000f0680000)
  from space 32768K, 33% used [0x00000000f2c80000,0x00000000f3723770,0x00000000f4c80000)
  to   space 35840K, 0% used [0x00000000f0680000,0x00000000f0680000,0x00000000f2980000)
 ParOldGen       total 228864K, used 145172K [0x00000000a0c00000, 0x00000000aeb80000, 0x00000000e0400000)
  object space 228864K, 63% used [0x00000000a0c00000,0x00000000a99c5390,0x00000000aeb80000)
 Metaspace       used 18267K, capacity 18505K, committed 18816K, reserved 1067008K
  class space    used 1753K, capacity 1825K, committed 1920K, reserved 1048576K
}
Event: 11.965 GC heap before
{Heap before GC invocations=26 (full 3):
 PSYoungGen      total 297472K, used 274773K [0x00000000e0400000, 0x00000000f4c80000, 0x0000000100000000)
  eden space 264704K, 99% used [0x00000000e0400000,0x00000000f05b1d50,0x00000000f0680000)
  from space 32768K, 33% used [0x00000000f2c80000,0x00000000f3723770,0x00000000f4c80000)
  to   space 35840K, 0% used [0x00000000f0680000,0x00000000f0680000,0x00000000f2980000)
 ParOldGen       total 228864K, used 145172K [0x00000000a0c00000, 0x00000000aeb80000, 0x00000000e0400000)
  object space 228864K, 63% used [0x00000000a0c00000,0x00000000a99c5390,0x00000000aeb80000)
 Metaspace       used 18271K, capacity 18505K, committed 18816K, reserved 1067008K
  class space    used 1753K, capacity 1825K, committed 1920K, reserved 1048576K
Event: 11.969 GC heap after
Heap after GC invocations=26 (full 3):
 PSYoungGen      total 300544K, used 10925K [0x00000000e0400000, 0x00000000f4f00000, 0x0000000100000000)
  eden space 264704K, 0% used [0x00000000e0400000,0x00000000e0400000,0x00000000f0680000)
  from space 35840K, 30% used [0x00000000f0680000,0x00000000f112b770,0x00000000f2980000)
  to   space 33792K, 0% used [0x00000000f2e00000,0x00000000f2e00000,0x00000000f4f00000)
 ParOldGen       total 228864K, used 145180K [0x00000000a0c00000, 0x00000000aeb80000, 0x00000000e0400000)
  object space 228864K, 63% used [0x00000000a0c00000,0x00000000a99c7390,0x00000000aeb80000)
 Metaspace       used 18271K, capacity 18505K, committed 18816K, reserved 1067008K
  class space    used 1753K, capacity 1825K, committed 1920K, reserved 1048576K
}
Event: 12.796 GC heap before
{Heap before GC invocations=27 (full 3):
 PSYoungGen      total 300544K, used 274196K [0x00000000e0400000, 0x00000000f4f00000, 0x0000000100000000)
  eden space 264704K, 99% used [0x00000000e0400000,0x00000000f0519b88,0x00000000f0680000)
  from space 35840K, 30% used [0x00000000f0680000,0x00000000f112b770,0x00000000f2980000)
  to   space 33792K, 0% used [0x00000000f2e00000,0x00000000f2e00000,0x00000000f4f00000)
 ParOldGen       total 228864K, used 145180K [0x00000000a0c00000, 0x00000000aeb80000, 0x00000000e0400000)
  object space 228864K, 63% used [0x00000000a0c00000,0x00000000a99c7390,0x00000000aeb80000)
 Metaspace       used 18325K, capacity 18569K, committed 18816K, reserved 1067008K
  class space    used 1753K, capacity 1825K, committed 1920K, reserved 1048576K
Event: 12.800 GC heap after
Heap after GC invocations=27 (full 3):
 PSYoungGen      total 300032K, used 10923K [0x00000000e0400000, 0x00000000f4b00000, 0x0000000100000000)
  eden space 270336K, 0% used [0x00000000e0400000,0x00000000e0400000,0x00000000f0c00000)
  from space 29696K, 36% used [0x00000000f2e00000,0x00000000f38aadf0,0x00000000f4b00000)
  to   space 32256K, 0% used [0x00000000f0c00000,0x00000000f0c00000,0x00000000f2b80000)
 ParOldGen       total 228864K, used 145188K [0x00000000a0c00000, 0x00000000aeb80000, 0x00000000e0400000)
  object space 228864K, 63% used [0x00000000a0c00000,0x00000000a99c9390,0x00000000aeb80000)
 Metaspace       used 18325K, capacity 18569K, committed 18816K, reserved 1067008K
  class space    used 1753K, capacity 1825K, committed 1920K, reserved 1048576K
}

