# JRE version: Java(TM) SE Runtime Environment (8.0_25-b18) (build 1.8.0_25-b18)
# Java VM: Java HotSpot(TM) 64-Bit Server VM (25.25-b02 mixed mode windows-amd64 compressed oops)
Heap:
 PSYoungGen      total 328192K, used 303531K [0x00000000e0400000, 0x00000000f6900000, 0x0000000100000000)
  eden space 294912K, 99% used [0x00000000e0400000,0x00000000f2283f78,0x00000000f2400000)
  from space 33280K, 30% used [0x00000000f2400000,0x00000000f2de6dc0,0x00000000f4480000)
  to   space 31744K, 0% used [0x00000000f4a00000,0x00000000f4a00000,0x00000000f6900000)
 ParOldGen       total 228352K, used 145268K [0x00000000a0c00000, 0x00000000aeb00000, 0x00000000e0400000)
  object space 228352K, 63% used [0x00000000a0c00000,0x00000000a99dd3a0,0x00000000aeb00000)
 Metaspace       used 17639K, capacity 17889K, committed 18048K, reserved 1064960K
  class space    used 1734K, capacity 1793K, committed 1920K, reserved 1048576K
GC Heap History (10 events):
Event: 6.979 GC heap before
{Heap before GC invocations=24 (full 3):
 PSYoungGen      total 310272K, used 282842K [0x00000000e0400000, 0x00000000f5c80000, 0x0000000100000000)
  eden space 272896K, 99% used [0x00000000e0400000,0x00000000f0e5fb90,0x00000000f0e80000)
  from space 37376K, 26% used [0x00000000f3800000,0x00000000f41d6dc0,0x00000000f5c80000)
  to   space 39936K, 0% used [0x00000000f0e80000,0x00000000f0e80000,0x00000000f3580000)
 ParOldGen       total 228352K, used 145260K [0x00000000a0c00000, 0x00000000aeb00000, 0x00000000e0400000)
  object space 228352K, 63% used [0x00000000a0c00000,0x00000000a99db3a0,0x00000000aeb00000)
 Metaspace       used 17563K, capacity 17825K, committed 18048K, reserved 1064960K
  class space    used 1722K, capacity 1793K, committed 1920K, reserved 1048576K
Event: 6.982 GC heap after
Heap after GC invocations=24 (full 3):
 PSYoungGen      total 312832K, used 10093K [0x00000000e0400000, 0x00000000f6580000, 0x0000000100000000)
  eden space 272896K, 0% used [0x00000000e0400000,0x00000000e0400000,0x00000000f0e80000)
  from space 39936K, 25% used [0x00000000f0e80000,0x00000000f185b750,0x00000000f3580000)
  to   space 38400K, 0% used [0x00000000f4000000,0x00000000f4000000,0x00000000f6580000)
 ParOldGen       total 228352K, used 145260K [0x00000000a0c00000, 0x00000000aeb00000, 0x00000000e0400000)
  object space 228352K, 63% used [0x00000000a0c00000,0x00000000a99db3a0,0x00000000aeb00000)
 Metaspace       used 17563K, capacity 17825K, committed 18048K, reserved 1064960K
  class space    used 1722K, capacity 1793K, committed 1920K, reserved 1048576K
}
Event: 7.414 GC heap before
{Heap before GC invocations=25 (full 3):
 PSYoungGen      total 312832K, used 282786K [0x00000000e0400000, 0x00000000f6580000, 0x0000000100000000)
  eden space 272896K, 99% used [0x00000000e0400000,0x00000000f0e4d1a8,0x00000000f0e80000)
  from space 39936K, 25% used [0x00000000f0e80000,0x00000000f185b750,0x00000000f3580000)
  to   space 38400K, 0% used [0x00000000f4000000,0x00000000f4000000,0x00000000f6580000)
 ParOldGen       total 228352K, used 145260K [0x00000000a0c00000, 0x00000000aeb00000, 0x00000000e0400000)
  object space 228352K, 63% used [0x00000000a0c00000,0x00000000a99db3a0,0x00000000aeb00000)
 Metaspace       used 17580K, capacity 17825K, committed 18048K, reserved 1064960K
  class space    used 1722K, capacity 1793K, committed 1920K, reserved 1048576K
Event: 7.419 GC heap after
Heap after GC invocations=25 (full 3):
 PSYoungGen      total 317440K, used 10057K [0x00000000e0400000, 0x00000000f6080000, 0x0000000100000000)
  eden space 284160K, 0% used [0x00000000e0400000,0x00000000e0400000,0x00000000f1980000)
  from space 33280K, 30% used [0x00000000f4000000,0x00000000f49d2430,0x00000000f6080000)
  to   space 36352K, 0% used [0x00000000f1980000,0x00000000f1980000,0x00000000f3d00000)
 ParOldGen       total 228352K, used 145268K [0x00000000a0c00000, 0x00000000aeb00000, 0x00000000e0400000)
  object space 228352K, 63% used [0x00000000a0c00000,0x00000000a99dd3a0,0x00000000aeb00000)
 Metaspace       used 17580K, capacity 17825K, committed 18048K, reserved 1064960K
  class space    used 1722K, capacity 1793K, committed 1920K, reserved 1048576K
}
Event: 7.868 GC heap before
{Heap before GC invocations=26 (full 3):
 PSYoungGen      total 317440K, used 294217K [0x00000000e0400000, 0x00000000f6080000, 0x0000000100000000)
  eden space 284160K, 100% used [0x00000000e0400000,0x00000000f1980000,0x00000000f1980000)
  from space 33280K, 30% used [0x00000000f4000000,0x00000000f49d2430,0x00000000f6080000)
  to   space 36352K, 0% used [0x00000000f1980000,0x00000000f1980000,0x00000000f3d00000)
 ParOldGen       total 228352K, used 145268K [0x00000000a0c00000, 0x00000000aeb00000, 0x00000000e0400000)
  object space 228352K, 63% used [0x00000000a0c00000,0x00000000a99dd3a0,0x00000000aeb00000)
 Metaspace       used 17599K, capacity 17825K, committed 18048K, reserved 1064960K
  class space    used 1722K, capacity 1793K, committed 1920K, reserved 1048576K
Event: 7.875 GC heap after
Heap after GC invocations=26 (full 3):
 PSYoungGen      total 320512K, used 10203K [0x00000000e0400000, 0x00000000f6880000, 0x0000000100000000)
  eden space 284160K, 0% used [0x00000000e0400000,0x00000000e0400000,0x00000000f1980000)
  from space 36352K, 28% used [0x00000000f1980000,0x00000000f2376dc0,0x00000000f3d00000)
  to   space 34816K, 0% used [0x00000000f4680000,0x00000000f4680000,0x00000000f6880000)
 ParOldGen       total 228352K, used 145268K [0x00000000a0c00000, 0x00000000aeb00000, 0x00000000e0400000)
  object space 228352K, 63% used [0x00000000a0c00000,0x00000000a99dd3a0,0x00000000aeb00000)
 Metaspace       used 17599K, capacity 17825K, committed 18048K, reserved 1064960K
  class space    used 1722K, capacity 1793K, committed 1920K, reserved 1048576K
}
Event: 8.326 GC heap before
{Heap before GC invocations=27 (full 3):
 PSYoungGen      total 320512K, used 294363K [0x00000000e0400000, 0x00000000f6880000, 0x0000000100000000)
  eden space 284160K, 100% used [0x00000000e0400000,0x00000000f1980000,0x00000000f1980000)
  from space 36352K, 28% used [0x00000000f1980000,0x00000000f2376dc0,0x00000000f3d00000)
  to   space 34816K, 0% used [0x00000000f4680000,0x00000000f4680000,0x00000000f6880000)
 ParOldGen       total 228352K, used 145268K [0x00000000a0c00000, 0x00000000aeb00000, 0x00000000e0400000)
  object space 228352K, 63% used [0x00000000a0c00000,0x00000000a99dd3a0,0x00000000aeb00000)
 Metaspace       used 17600K, capacity 17825K, committed 18048K, reserved 1064960K
  class space    used 1722K, capacity 1793K, committed 1920K, reserved 1048576K
Event: 8.331 GC heap after
Heap after GC invocations=27 (full 3):
 PSYoungGen      total 326144K, used 10141K [0x00000000e0400000, 0x00000000f6500000, 0x0000000100000000)
  eden space 294912K, 0% used [0x00000000e0400000,0x00000000e0400000,0x00000000f2400000)
  from space 31232K, 32% used [0x00000000f4680000,0x00000000f5067740,0x00000000f6500000)
  to   space 33280K, 0% used [0x00000000f2400000,0x00000000f2400000,0x00000000f4480000)
 ParOldGen       total 228352K, used 145268K [0x00000000a0c00000, 0x00000000aeb00000, 0x00000000e0400000)
  object space 228352K, 63% used [0x00000000a0c00000,0x00000000a99dd3a0,0x00000000aeb00000)
 Metaspace       used 17600K, capacity 17825K, committed 18048K, reserved 1064960K
  class space    used 1722K, capacity 1793K, committed 1920K, reserved 1048576K
}
Event: 8.815 GC heap before
{Heap before GC invocations=28 (full 3):
 PSYoungGen      total 326144K, used 302160K [0x00000000e0400000, 0x00000000f6500000, 0x0000000100000000)
  eden space 294912K, 99% used [0x00000000e0400000,0x00000000f212cae8,0x00000000f2400000)
  from space 31232K, 32% used [0x00000000f4680000,0x00000000f5067740,0x00000000f6500000)
  to   space 33280K, 0% used [0x00000000f2400000,0x00000000f2400000,0x00000000f4480000)
 ParOldGen       total 228352K, used 145268K [0x00000000a0c00000, 0x00000000aeb00000, 0x00000000e0400000)
  object space 228352K, 63% used [0x00000000a0c00000,0x00000000a99dd3a0,0x00000000aeb00000)
 Metaspace       used 17602K, capacity 17825K, committed 18048K, reserved 1064960K
  class space    used 1722K, capacity 1793K, committed 1920K, reserved 1048576K
Event: 8.819 GC heap after
Heap after GC invocations=28 (full 3):
 PSYoungGen      total 328192K, used 10139K [0x00000000e0400000, 0x00000000f6900000, 0x0000000100000000)
  eden space 294912K, 0% used [0x00000000e0400000,0x00000000e0400000,0x00000000f2400000)
  from space 33280K, 30% used [0x00000000f2400000,0x00000000f2de6dc0,0x00000000f4480000)
  to   space 31744K, 0% used [0x00000000f4a00000,0x00000000f4a00000,0x00000000f6900000)
 ParOldGen       total 228352K, used 145268K [0x00000000a0c00000, 0x00000000aeb00000, 0x00000000e0400000)
  object space 228352K, 63% used [0x00000000a0c00000,0x00000000a99dd3a0,0x00000000aeb00000)
 Metaspace       used 17602K, capacity 17825K, committed 18048K, reserved 1064960K
  class space    used 1722K, capacity 1793K, committed 1920K, reserved 1048576K
}

