# JRE version: Java(TM) SE Runtime Environment (8.0_25-b18) (build 1.8.0_25-b18)
# Java VM: Java HotSpot(TM) 64-Bit Server VM (25.25-b02 mixed mode windows-amd64 compressed oops)
Heap:
 PSYoungGen      total 519680K, used 334547K [0x00000000e0400000, 0x0000000100000000, 0x0000000100000000)
  eden space 519168K, 64% used [0x00000000e0400000,0x00000000f4ab4ef8,0x00000000fff00000)
  from space 512K, 0% used [0x00000000fff00000,0x00000000fff00000,0x00000000fff80000)
  to   space 512K, 0% used [0x00000000fff80000,0x00000000fff80000,0x0000000100000000)
 ParOldGen       total 331264K, used 170539K [0x00000000a0c00000, 0x00000000b4f80000, 0x00000000e0400000)
  object space 331264K, 51% used [0x00000000a0c00000,0x00000000ab28aeb8,0x00000000b4f80000)
 Metaspace       used 18019K, capacity 18217K, committed 18560K, reserved 1067008K
  class space    used 1735K, capacity 1793K, committed 1920K, reserved 1048576K
GC Heap History (10 events):
Event: 199.145 GC heap before
{Heap before GC invocations=276 (full 6):
 PSYoungGen      total 519680K, used 518918K [0x00000000e0400000, 0x0000000100000000, 0x0000000100000000)
  eden space 519168K, 99% used [0x00000000e0400000,0x00000000ffe99ae0,0x00000000fff00000)
  from space 512K, 31% used [0x00000000fff00000,0x00000000fff28000,0x00000000fff80000)
  to   space 512K, 0% used [0x00000000fff80000,0x00000000fff80000,0x0000000100000000)
 ParOldGen       total 302592K, used 263061K [0x00000000a0c00000, 0x00000000b3380000, 0x00000000e0400000)
  object space 302592K, 86% used [0x00000000a0c00000,0x00000000b0ce5450,0x00000000b3380000)
 Metaspace       used 18018K, capacity 18217K, committed 18560K, reserved 1067008K
  class space    used 1735K, capacity 1793K, committed 1920K, reserved 1048576K
Event: 199.155 GC heap after
Heap after GC invocations=276 (full 6):
 PSYoungGen      total 519680K, used 160K [0x00000000e0400000, 0x0000000100000000, 0x0000000100000000)
  eden space 519168K, 0% used [0x00000000e0400000,0x00000000e0400000,0x00000000fff00000)
  from space 512K, 31% used [0x00000000fff80000,0x00000000fffa8000,0x0000000100000000)
  to   space 512K, 0% used [0x00000000fff00000,0x00000000fff00000,0x00000000fff80000)
 ParOldGen       total 302592K, used 272025K [0x00000000a0c00000, 0x00000000b3380000, 0x00000000e0400000)
  object space 302592K, 89% used [0x00000000a0c00000,0x00000000b15a6470,0x00000000b3380000)
 Metaspace       used 18018K, capacity 18217K, committed 18560K, reserved 1067008K
  class space    used 1735K, capacity 1793K, committed 1920K, reserved 1048576K
}
Event: 199.937 GC heap before
{Heap before GC invocations=277 (full 6):
 PSYoungGen      total 519680K, used 519328K [0x00000000e0400000, 0x0000000100000000, 0x0000000100000000)
  eden space 519168K, 100% used [0x00000000e0400000,0x00000000fff00000,0x00000000fff00000)
  from space 512K, 31% used [0x00000000fff80000,0x00000000fffa8000,0x0000000100000000)
  to   space 512K, 0% used [0x00000000fff00000,0x00000000fff00000,0x00000000fff80000)
 ParOldGen       total 302592K, used 272025K [0x00000000a0c00000, 0x00000000b3380000, 0x00000000e0400000)
  object space 302592K, 89% used [0x00000000a0c00000,0x00000000b15a6470,0x00000000b3380000)
 Metaspace       used 18018K, capacity 18217K, committed 18560K, reserved 1067008K
  class space    used 1735K, capacity 1793K, committed 1920K, reserved 1048576K
Event: 199.943 GC heap after
Heap after GC invocations=277 (full 6):
 PSYoungGen      total 519680K, used 192K [0x00000000e0400000, 0x0000000100000000, 0x0000000100000000)
  eden space 519168K, 0% used [0x00000000e0400000,0x00000000e0400000,0x00000000fff00000)
  from space 512K, 37% used [0x00000000fff00000,0x00000000fff30000,0x00000000fff80000)
  to   space 512K, 0% used [0x00000000fff80000,0x00000000fff80000,0x0000000100000000)
 ParOldGen       total 302592K, used 280125K [0x00000000a0c00000, 0x00000000b3380000, 0x00000000e0400000)
  object space 302592K, 92% used [0x00000000a0c00000,0x00000000b1d8f480,0x00000000b3380000)
 Metaspace       used 18018K, capacity 18217K, committed 18560K, reserved 1067008K
  class space    used 1735K, capacity 1793K, committed 1920K, reserved 1048576K
}
Event: 200.716 GC heap before
{Heap before GC invocations=278 (full 6):
 PSYoungGen      total 519680K, used 515549K [0x00000000e0400000, 0x0000000100000000, 0x0000000100000000)
  eden space 519168K, 99% used [0x00000000e0400000,0x00000000ffb47570,0x00000000fff00000)
  from space 512K, 37% used [0x00000000fff00000,0x00000000fff30000,0x00000000fff80000)
  to   space 512K, 0% used [0x00000000fff80000,0x00000000fff80000,0x0000000100000000)
 ParOldGen       total 302592K, used 280125K [0x00000000a0c00000, 0x00000000b3380000, 0x00000000e0400000)
  object space 302592K, 92% used [0x00000000a0c00000,0x00000000b1d8f480,0x00000000b3380000)
 Metaspace       used 18018K, capacity 18217K, committed 18560K, reserved 1067008K
  class space    used 1735K, capacity 1793K, committed 1920K, reserved 1048576K
Event: 200.719 GC heap after
Heap after GC invocations=278 (full 6):
 PSYoungGen      total 519680K, used 160K [0x00000000e0400000, 0x0000000100000000, 0x0000000100000000)
  eden space 519168K, 0% used [0x00000000e0400000,0x00000000e0400000,0x00000000fff00000)
  from space 512K, 31% used [0x00000000fff80000,0x00000000fffa8000,0x0000000100000000)
  to   space 512K, 0% used [0x00000000fff00000,0x00000000fff00000,0x00000000fff80000)
 ParOldGen       total 302592K, used 280125K [0x00000000a0c00000, 0x00000000b3380000, 0x00000000e0400000)
  object space 302592K, 92% used [0x00000000a0c00000,0x00000000b1d8f480,0x00000000b3380000)
 Metaspace       used 18018K, capacity 18217K, committed 18560K, reserved 1067008K
  class space    used 1735K, capacity 1793K, committed 1920K, reserved 1048576K
}
Event: 201.474 GC heap before
{Heap before GC invocations=279 (full 6):
 PSYoungGen      total 519680K, used 519328K [0x00000000e0400000, 0x0000000100000000, 0x0000000100000000)
  eden space 519168K, 100% used [0x00000000e0400000,0x00000000fff00000,0x00000000fff00000)
  from space 512K, 31% used [0x00000000fff80000,0x00000000fffa8000,0x0000000100000000)
  to   space 512K, 0% used [0x00000000fff00000,0x00000000fff00000,0x00000000fff80000)
 ParOldGen       total 302592K, used 280125K [0x00000000a0c00000, 0x00000000b3380000, 0x00000000e0400000)
  object space 302592K, 92% used [0x00000000a0c00000,0x00000000b1d8f480,0x00000000b3380000)
 Metaspace       used 18018K, capacity 18217K, committed 18560K, reserved 1067008K
  class space    used 1735K, capacity 1793K, committed 1920K, reserved 1048576K
Event: 201.485 GC heap after
Heap after GC invocations=279 (full 6):
 PSYoungGen      total 519680K, used 160K [0x00000000e0400000, 0x0000000100000000, 0x0000000100000000)
  eden space 519168K, 0% used [0x00000000e0400000,0x00000000e0400000,0x00000000fff00000)
  from space 512K, 31% used [0x00000000fff00000,0x00000000fff28000,0x00000000fff80000)
  to   space 512K, 0% used [0x00000000fff80000,0x00000000fff80000,0x0000000100000000)
 ParOldGen       total 302592K, used 288225K [0x00000000a0c00000, 0x00000000b3380000, 0x00000000e0400000)
  object space 302592K, 95% used [0x00000000a0c00000,0x00000000b2578490,0x00000000b3380000)
 Metaspace       used 18018K, capacity 18217K, committed 18560K, reserved 1067008K
  class space    used 1735K, capacity 1793K, committed 1920K, reserved 1048576K
}
Event: 201.485 GC heap before
{Heap before GC invocations=280 (full 7):
 PSYoungGen      total 519680K, used 160K [0x00000000e0400000, 0x0000000100000000, 0x0000000100000000)
  eden space 519168K, 0% used [0x00000000e0400000,0x00000000e0400000,0x00000000fff00000)
  from space 512K, 31% used [0x00000000fff00000,0x00000000fff28000,0x00000000fff80000)
  to   space 512K, 0% used [0x00000000fff80000,0x00000000fff80000,0x0000000100000000)
 ParOldGen       total 302592K, used 288225K [0x00000000a0c00000, 0x00000000b3380000, 0x00000000e0400000)
  object space 302592K, 95% used [0x00000000a0c00000,0x00000000b2578490,0x00000000b3380000)
 Metaspace       used 18018K, capacity 18217K, committed 18560K, reserved 1067008K
  class space    used 1735K, capacity 1793K, committed 1920K, reserved 1048576K
Event: 201.548 GC heap after
Heap after GC invocations=280 (full 7):
 PSYoungGen      total 519680K, used 0K [0x00000000e0400000, 0x0000000100000000, 0x0000000100000000)
  eden space 519168K, 0% used [0x00000000e0400000,0x00000000e0400000,0x00000000fff00000)
  from space 512K, 0% used [0x00000000fff00000,0x00000000fff00000,0x00000000fff80000)
  to   space 512K, 0% used [0x00000000fff80000,0x00000000fff80000,0x0000000100000000)
 ParOldGen       total 331264K, used 170539K [0x00000000a0c00000, 0x00000000b4f80000, 0x00000000e0400000)
  object space 331264K, 51% used [0x00000000a0c00000,0x00000000ab28aeb8,0x00000000b4f80000)
 Metaspace       used 18018K, capacity 18217K, committed 18560K, reserved 1067008K
  class space    used 1735K, capacity 1793K, committed 1920K, reserved 1048576K
}

