# JRE version: Java(TM) SE Runtime Environment (8.0_25-b18) (build 1.8.0_25-b18)
# Java VM: Java HotSpot(TM) 64-Bit Server VM (25.25-b02 mixed mode windows-amd64 compressed oops)
Heap:
 PSYoungGen      total 441344K, used 27847K [0x00000000e0400000, 0x00000000ff880000, 0x0000000100000000)
  eden space 388608K, 7% used [0x00000000e0400000,0x00000000e1ed9f88,0x00000000f7f80000)
  from space 52736K, 0% used [0x00000000f7f80000,0x00000000f7fd8020,0x00000000fb300000)
  to   space 50688K, 0% used [0x00000000fc700000,0x00000000fc700000,0x00000000ff880000)
 ParOldGen       total 223744K, used 154885K [0x00000000a0c00000, 0x00000000ae680000, 0x00000000e0400000)
  object space 223744K, 69% used [0x00000000a0c00000,0x00000000aa341680,0x00000000ae680000)
 Metaspace       used 17827K, capacity 18089K, committed 18304K, reserved 1064960K
  class space    used 1735K, capacity 1793K, committed 1920K, reserved 1048576K
GC Heap History (10 events):
Event: 7.937 GC heap before
{Heap before GC invocations=18 (full 3):
 PSYoungGen      total 367616K, used 317808K [0x00000000e0400000, 0x00000000fb100000, 0x0000000100000000)
  eden space 317440K, 100% used [0x00000000e0400000,0x00000000f3a00000,0x00000000f3a00000)
  from space 50176K, 0% used [0x00000000f8000000,0x00000000f805c030,0x00000000fb100000)
  to   space 60928K, 0% used [0x00000000f3a00000,0x00000000f3a00000,0x00000000f7580000)
 ParOldGen       total 223744K, used 154877K [0x00000000a0c00000, 0x00000000ae680000, 0x00000000e0400000)
  object space 223744K, 69% used [0x00000000a0c00000,0x00000000aa33f680,0x00000000ae680000)
 Metaspace       used 17695K, capacity 17961K, committed 18304K, reserved 1064960K
  class space    used 1723K, capacity 1793K, committed 1920K, reserved 1048576K
Event: 7.939 GC heap after
Heap after GC invocations=18 (full 3):
 PSYoungGen      total 378368K, used 272K [0x00000000e0400000, 0x00000000fe380000, 0x0000000100000000)
  eden space 317440K, 0% used [0x00000000e0400000,0x00000000e0400000,0x00000000f3a00000)
  from space 60928K, 0% used [0x00000000f3a00000,0x00000000f3a44030,0x00000000f7580000)
  to   space 59392K, 0% used [0x00000000fa980000,0x00000000fa980000,0x00000000fe380000)
 ParOldGen       total 223744K, used 154877K [0x00000000a0c00000, 0x00000000ae680000, 0x00000000e0400000)
  object space 223744K, 69% used [0x00000000a0c00000,0x00000000aa33f680,0x00000000ae680000)
 Metaspace       used 17695K, capacity 17961K, committed 18304K, reserved 1064960K
  class space    used 1723K, capacity 1793K, committed 1920K, reserved 1048576K
}
Event: 8.451 GC heap before
{Heap before GC invocations=19 (full 3):
 PSYoungGen      total 378368K, used 317712K [0x00000000e0400000, 0x00000000fe380000, 0x0000000100000000)
  eden space 317440K, 100% used [0x00000000e0400000,0x00000000f3a00000,0x00000000f3a00000)
  from space 60928K, 0% used [0x00000000f3a00000,0x00000000f3a44030,0x00000000f7580000)
  to   space 59392K, 0% used [0x00000000fa980000,0x00000000fa980000,0x00000000fe380000)
 ParOldGen       total 223744K, used 154877K [0x00000000a0c00000, 0x00000000ae680000, 0x00000000e0400000)
  object space 223744K, 69% used [0x00000000a0c00000,0x00000000aa33f680,0x00000000ae680000)
 Metaspace       used 17729K, capacity 17961K, committed 18304K, reserved 1064960K
  class space    used 1723K, capacity 1793K, committed 1920K, reserved 1048576K
Event: 8.453 GC heap after
Heap after GC invocations=19 (full 3):
 PSYoungGen      total 410112K, used 368K [0x00000000e0400000, 0x00000000fd780000, 0x0000000100000000)
  eden space 363008K, 0% used [0x00000000e0400000,0x00000000e0400000,0x00000000f6680000)
  from space 47104K, 0% used [0x00000000fa980000,0x00000000fa9dc030,0x00000000fd780000)
  to   space 57856K, 0% used [0x00000000f6680000,0x00000000f6680000,0x00000000f9f00000)
 ParOldGen       total 223744K, used 154877K [0x00000000a0c00000, 0x00000000ae680000, 0x00000000e0400000)
  object space 223744K, 69% used [0x00000000a0c00000,0x00000000aa33f680,0x00000000ae680000)
 Metaspace       used 17729K, capacity 17961K, committed 18304K, reserved 1064960K
  class space    used 1723K, capacity 1793K, committed 1920K, reserved 1048576K
}
Event: 9.037 GC heap before
{Heap before GC invocations=20 (full 3):
 PSYoungGen      total 410112K, used 363376K [0x00000000e0400000, 0x00000000fd780000, 0x0000000100000000)
  eden space 363008K, 100% used [0x00000000e0400000,0x00000000f6680000,0x00000000f6680000)
  from space 47104K, 0% used [0x00000000fa980000,0x00000000fa9dc030,0x00000000fd780000)
  to   space 57856K, 0% used [0x00000000f6680000,0x00000000f6680000,0x00000000f9f00000)
 ParOldGen       total 223744K, used 154877K [0x00000000a0c00000, 0x00000000ae680000, 0x00000000e0400000)
  object space 223744K, 69% used [0x00000000a0c00000,0x00000000aa33f680,0x00000000ae680000)
 Metaspace       used 17776K, capacity 18025K, committed 18304K, reserved 1064960K
  class space    used 1723K, capacity 1793K, committed 1920K, reserved 1048576K
Event: 9.043 GC heap after
Heap after GC invocations=20 (full 3):
 PSYoungGen      total 420864K, used 8404K [0x00000000e0400000, 0x00000000fef00000, 0x0000000100000000)
  eden space 363008K, 0% used [0x00000000e0400000,0x00000000e0400000,0x00000000f6680000)
  from space 57856K, 14% used [0x00000000f6680000,0x00000000f6eb5040,0x00000000f9f00000)
  to   space 54272K, 0% used [0x00000000fba00000,0x00000000fba00000,0x00000000fef00000)
 ParOldGen       total 223744K, used 154885K [0x00000000a0c00000, 0x00000000ae680000, 0x00000000e0400000)
  object space 223744K, 69% used [0x00000000a0c00000,0x00000000aa341680,0x00000000ae680000)
 Metaspace       used 17776K, capacity 18025K, committed 18304K, reserved 1064960K
  class space    used 1723K, capacity 1793K, committed 1920K, reserved 1048576K
}
Event: 9.586 GC heap before
{Heap before GC invocations=21 (full 3):
 PSYoungGen      total 420864K, used 371412K [0x00000000e0400000, 0x00000000fef00000, 0x0000000100000000)
  eden space 363008K, 100% used [0x00000000e0400000,0x00000000f6680000,0x00000000f6680000)
  from space 57856K, 14% used [0x00000000f6680000,0x00000000f6eb5040,0x00000000f9f00000)
  to   space 54272K, 0% used [0x00000000fba00000,0x00000000fba00000,0x00000000fef00000)
 ParOldGen       total 223744K, used 154885K [0x00000000a0c00000, 0x00000000ae680000, 0x00000000e0400000)
  object space 223744K, 69% used [0x00000000a0c00000,0x00000000aa341680,0x00000000ae680000)
 Metaspace       used 17781K, capacity 18025K, committed 18304K, reserved 1064960K
  class space    used 1723K, capacity 1793K, committed 1920K, reserved 1048576K
Event: 9.588 GC heap after
Heap after GC invocations=21 (full 3):
 PSYoungGen      total 434176K, used 352K [0x00000000e0400000, 0x00000000fe680000, 0x0000000100000000)
  eden space 388608K, 0% used [0x00000000e0400000,0x00000000e0400000,0x00000000f7f80000)
  from space 45568K, 0% used [0x00000000fba00000,0x00000000fba58020,0x00000000fe680000)
  to   space 52736K, 0% used [0x00000000f7f80000,0x00000000f7f80000,0x00000000fb300000)
 ParOldGen       total 223744K, used 154885K [0x00000000a0c00000, 0x00000000ae680000, 0x00000000e0400000)
  object space 223744K, 69% used [0x00000000a0c00000,0x00000000aa341680,0x00000000ae680000)
 Metaspace       used 17781K, capacity 18025K, committed 18304K, reserved 1064960K
  class space    used 1723K, capacity 1793K, committed 1920K, reserved 1048576K
}
Event: 10.205 GC heap before
{Heap before GC invocations=22 (full 3):
 PSYoungGen      total 434176K, used 388960K [0x00000000e0400000, 0x00000000fe680000, 0x0000000100000000)
  eden space 388608K, 100% used [0x00000000e0400000,0x00000000f7f80000,0x00000000f7f80000)
  from space 45568K, 0% used [0x00000000fba00000,0x00000000fba58020,0x00000000fe680000)
  to   space 52736K, 0% used [0x00000000f7f80000,0x00000000f7f80000,0x00000000fb300000)
 ParOldGen       total 223744K, used 154885K [0x00000000a0c00000, 0x00000000ae680000, 0x00000000e0400000)
  object space 223744K, 69% used [0x00000000a0c00000,0x00000000aa341680,0x00000000ae680000)
 Metaspace       used 17786K, capacity 18025K, committed 18304K, reserved 1064960K
  class space    used 1723K, capacity 1793K, committed 1920K, reserved 1048576K
Event: 10.207 GC heap after
Heap after GC invocations=22 (full 3):
 PSYoungGen      total 441344K, used 352K [0x00000000e0400000, 0x00000000ff880000, 0x0000000100000000)
  eden space 388608K, 0% used [0x00000000e0400000,0x00000000e0400000,0x00000000f7f80000)
  from space 52736K, 0% used [0x00000000f7f80000,0x00000000f7fd8020,0x00000000fb300000)
  to   space 50688K, 0% used [0x00000000fc700000,0x00000000fc700000,0x00000000ff880000)
 ParOldGen       total 223744K, used 154885K [0x00000000a0c00000, 0x00000000ae680000, 0x00000000e0400000)
  object space 223744K, 69% used [0x00000000a0c00000,0x00000000aa341680,0x00000000ae680000)
 Metaspace       used 17786K, capacity 18025K, committed 18304K, reserved 1064960K
  class space    used 1723K, capacity 1793K, committed 1920K, reserved 1048576K
}

