# JRE version: Java(TM) SE Runtime Environment (8.0_25-b18) (build 1.8.0_25-b18)
# Java VM: Java HotSpot(TM) 64-Bit Server VM (25.25-b02 mixed mode windows-amd64 compressed oops)
Heap:
 PSYoungGen      total 400896K, used 203219K [0x00000000e0400000, 0x00000000f9f80000, 0x0000000100000000)
  eden space 380416K, 53% used [0x00000000e0400000,0x00000000eca54e18,0x00000000f7780000)
  from space 20480K, 0% used [0x00000000f7780000,0x00000000f77a0000,0x00000000f8b80000)
  to   space 19456K, 0% used [0x00000000f8c80000,0x00000000f8c80000,0x00000000f9f80000)
 ParOldGen       total 228864K, used 155405K [0x00000000a0c00000, 0x00000000aeb80000, 0x00000000e0400000)
  object space 228864K, 67% used [0x00000000a0c00000,0x00000000aa3c3598,0x00000000aeb80000)
 Metaspace       used 18009K, capacity 18185K, committed 18432K, reserved 1067008K
  class space    used 1723K, capacity 1761K, committed 1792K, reserved 1048576K
GC Heap History (10 events):
Event: 16.391 GC heap before
{Heap before GC invocations=42 (full 3):
 PSYoungGen      total 400384K, used 371677K [0x00000000e0400000, 0x00000000fa500000, 0x0000000100000000)
  eden space 375808K, 98% used [0x00000000e0400000,0x00000000f6ec7748,0x00000000f7300000)
  from space 24576K, 0% used [0x00000000f8d00000,0x00000000f8d30000,0x00000000fa500000)
  to   space 25600K, 0% used [0x00000000f7300000,0x00000000f7300000,0x00000000f8c00000)
 ParOldGen       total 228864K, used 155365K [0x00000000a0c00000, 0x00000000aeb80000, 0x00000000e0400000)
  object space 228864K, 67% used [0x00000000a0c00000,0x00000000aa3b9598,0x00000000aeb80000)
 Metaspace       used 17919K, capacity 18121K, committed 18176K, reserved 1064960K
  class space    used 1711K, capacity 1761K, committed 1792K, reserved 1048576K
Event: 16.392 GC heap after
Heap after GC invocations=42 (full 3):
 PSYoungGen      total 401408K, used 160K [0x00000000e0400000, 0x00000000fa500000, 0x0000000100000000)
  eden space 375808K, 0% used [0x00000000e0400000,0x00000000e0400000,0x00000000f7300000)
  from space 25600K, 0% used [0x00000000f7300000,0x00000000f7328000,0x00000000f8c00000)
  to   space 24064K, 0% used [0x00000000f8d80000,0x00000000f8d80000,0x00000000fa500000)
 ParOldGen       total 228864K, used 155365K [0x00000000a0c00000, 0x00000000aeb80000, 0x00000000e0400000)
  object space 228864K, 67% used [0x00000000a0c00000,0x00000000aa3b9598,0x00000000aeb80000)
 Metaspace       used 17919K, capacity 18121K, committed 18176K, reserved 1064960K
  class space    used 1711K, capacity 1761K, committed 1792K, reserved 1048576K
}
Event: 16.870 GC heap before
{Heap before GC invocations=43 (full 3):
 PSYoungGen      total 401408K, used 375968K [0x00000000e0400000, 0x00000000fa500000, 0x0000000100000000)
  eden space 375808K, 100% used [0x00000000e0400000,0x00000000f7300000,0x00000000f7300000)
  from space 25600K, 0% used [0x00000000f7300000,0x00000000f7328000,0x00000000f8c00000)
  to   space 24064K, 0% used [0x00000000f8d80000,0x00000000f8d80000,0x00000000fa500000)
 ParOldGen       total 228864K, used 155365K [0x00000000a0c00000, 0x00000000aeb80000, 0x00000000e0400000)
  object space 228864K, 67% used [0x00000000a0c00000,0x00000000aa3b9598,0x00000000aeb80000)
 Metaspace       used 17920K, capacity 18121K, committed 18176K, reserved 1064960K
  class space    used 1711K, capacity 1761K, committed 1792K, reserved 1048576K
Event: 16.871 GC heap after
Heap after GC invocations=43 (full 3):
 PSYoungGen      total 399872K, used 160K [0x00000000e0400000, 0x00000000fa280000, 0x0000000100000000)
  eden space 378368K, 0% used [0x00000000e0400000,0x00000000e0400000,0x00000000f7580000)
  from space 21504K, 0% used [0x00000000f8d80000,0x00000000f8da8000,0x00000000fa280000)
  to   space 23040K, 0% used [0x00000000f7580000,0x00000000f7580000,0x00000000f8c00000)
 ParOldGen       total 228864K, used 155365K [0x00000000a0c00000, 0x00000000aeb80000, 0x00000000e0400000)
  object space 228864K, 67% used [0x00000000a0c00000,0x00000000aa3b9598,0x00000000aeb80000)
 Metaspace       used 17920K, capacity 18121K, committed 18176K, reserved 1064960K
  class space    used 1711K, capacity 1761K, committed 1792K, reserved 1048576K
}
Event: 17.355 GC heap before
{Heap before GC invocations=44 (full 3):
 PSYoungGen      total 399872K, used 378528K [0x00000000e0400000, 0x00000000fa280000, 0x0000000100000000)
  eden space 378368K, 100% used [0x00000000e0400000,0x00000000f7580000,0x00000000f7580000)
  from space 21504K, 0% used [0x00000000f8d80000,0x00000000f8da8000,0x00000000fa280000)
  to   space 23040K, 0% used [0x00000000f7580000,0x00000000f7580000,0x00000000f8c00000)
 ParOldGen       total 228864K, used 155365K [0x00000000a0c00000, 0x00000000aeb80000, 0x00000000e0400000)
  object space 228864K, 67% used [0x00000000a0c00000,0x00000000aa3b9598,0x00000000aeb80000)
 Metaspace       used 17920K, capacity 18121K, committed 18176K, reserved 1064960K
  class space    used 1711K, capacity 1761K, committed 1792K, reserved 1048576K
Event: 17.356 GC heap after
Heap after GC invocations=44 (full 3):
 PSYoungGen      total 401408K, used 160K [0x00000000e0400000, 0x00000000fa280000, 0x0000000100000000)
  eden space 378368K, 0% used [0x00000000e0400000,0x00000000e0400000,0x00000000f7580000)
  from space 23040K, 0% used [0x00000000f7580000,0x00000000f75a8000,0x00000000f8c00000)
  to   space 22016K, 0% used [0x00000000f8d00000,0x00000000f8d00000,0x00000000fa280000)
 ParOldGen       total 228864K, used 155373K [0x00000000a0c00000, 0x00000000aeb80000, 0x00000000e0400000)
  object space 228864K, 67% used [0x00000000a0c00000,0x00000000aa3bb598,0x00000000aeb80000)
 Metaspace       used 17920K, capacity 18121K, committed 18176K, reserved 1064960K
  class space    used 1711K, capacity 1761K, committed 1792K, reserved 1048576K
}
Event: 17.802 GC heap before
{Heap before GC invocations=45 (full 3):
 PSYoungGen      total 401408K, used 378528K [0x00000000e0400000, 0x00000000fa280000, 0x0000000100000000)
  eden space 378368K, 100% used [0x00000000e0400000,0x00000000f7580000,0x00000000f7580000)
  from space 23040K, 0% used [0x00000000f7580000,0x00000000f75a8000,0x00000000f8c00000)
  to   space 22016K, 0% used [0x00000000f8d00000,0x00000000f8d00000,0x00000000fa280000)
 ParOldGen       total 228864K, used 155373K [0x00000000a0c00000, 0x00000000aeb80000, 0x00000000e0400000)
  object space 228864K, 67% used [0x00000000a0c00000,0x00000000aa3bb598,0x00000000aeb80000)
 Metaspace       used 17936K, capacity 18121K, committed 18176K, reserved 1064960K
  class space    used 1711K, capacity 1761K, committed 1792K, reserved 1048576K
Event: 17.803 GC heap after
Heap after GC invocations=45 (full 3):
 PSYoungGen      total 399360K, used 192K [0x00000000e0400000, 0x00000000f9f80000, 0x0000000100000000)
  eden space 380416K, 0% used [0x00000000e0400000,0x00000000e0400000,0x00000000f7780000)
  from space 18944K, 1% used [0x00000000f8d00000,0x00000000f8d30000,0x00000000f9f80000)
  to   space 20480K, 0% used [0x00000000f7780000,0x00000000f7780000,0x00000000f8b80000)
 ParOldGen       total 228864K, used 155397K [0x00000000a0c00000, 0x00000000aeb80000, 0x00000000e0400000)
  object space 228864K, 67% used [0x00000000a0c00000,0x00000000aa3c1598,0x00000000aeb80000)
 Metaspace       used 17936K, capacity 18121K, committed 18176K, reserved 1064960K
  class space    used 1711K, capacity 1761K, committed 1792K, reserved 1048576K
}
Event: 18.324 GC heap before
{Heap before GC invocations=46 (full 3):
 PSYoungGen      total 399360K, used 378275K [0x00000000e0400000, 0x00000000f9f80000, 0x0000000100000000)
  eden space 380416K, 99% used [0x00000000e0400000,0x00000000f7538cb8,0x00000000f7780000)
  from space 18944K, 1% used [0x00000000f8d00000,0x00000000f8d30000,0x00000000f9f80000)
  to   space 20480K, 0% used [0x00000000f7780000,0x00000000f7780000,0x00000000f8b80000)
 ParOldGen       total 228864K, used 155397K [0x00000000a0c00000, 0x00000000aeb80000, 0x00000000e0400000)
  object space 228864K, 67% used [0x00000000a0c00000,0x00000000aa3c1598,0x00000000aeb80000)
 Metaspace       used 17974K, capacity 18185K, committed 18432K, reserved 1067008K
  class space    used 1711K, capacity 1761K, committed 1792K, reserved 1048576K
Event: 18.325 GC heap after
Heap after GC invocations=46 (full 3):
 PSYoungGen      total 400896K, used 128K [0x00000000e0400000, 0x00000000f9f80000, 0x0000000100000000)
  eden space 380416K, 0% used [0x00000000e0400000,0x00000000e0400000,0x00000000f7780000)
  from space 20480K, 0% used [0x00000000f7780000,0x00000000f77a0000,0x00000000f8b80000)
  to   space 19456K, 0% used [0x00000000f8c80000,0x00000000f8c80000,0x00000000f9f80000)
 ParOldGen       total 228864K, used 155405K [0x00000000a0c00000, 0x00000000aeb80000, 0x00000000e0400000)
  object space 228864K, 67% used [0x00000000a0c00000,0x00000000aa3c3598,0x00000000aeb80000)
 Metaspace       used 17974K, capacity 18185K, committed 18432K, reserved 1067008K
  class space    used 1711K, capacity 1761K, committed 1792K, reserved 1048576K
}

