# JRE version: Java(TM) SE Runtime Environment (8.0_25-b18) (build 1.8.0_25-b18)
# Java VM: Java HotSpot(TM) 64-Bit Server VM (25.25-b02 mixed mode windows-amd64 compressed oops)
Heap:
 PSYoungGen      total 473600K, used 210019K [0x00000000e0400000, 0x00000000fe300000, 0x0000000100000000)
  eden space 456192K, 46% used [0x00000000e0400000,0x00000000ed0f0fe0,0x00000000fc180000)
  from space 17408K, 0% used [0x00000000fc180000,0x00000000fc1a8000,0x00000000fd280000)
  to   space 15872K, 0% used [0x00000000fd380000,0x00000000fd380000,0x00000000fe300000)
 ParOldGen       total 220160K, used 154412K [0x00000000a0c00000, 0x00000000ae300000, 0x00000000e0400000)
  object space 220160K, 70% used [0x00000000a0c00000,0x00000000aa2cb190,0x00000000ae300000)
 Metaspace       used 18064K, capacity 18255K, committed 18432K, reserved 1067008K
  class space    used 1723K, capacity 1762K, committed 1792K, reserved 1048576K
GC Heap History (10 events):
Event: 17.585 GC heap before
{Heap before GC invocations=36 (full 3):
 PSYoungGen      total 472576K, used 451232K [0x00000000e0400000, 0x00000000fe980000, 0x0000000100000000)
  eden space 451072K, 100% used [0x00000000e0400000,0x00000000fbc80000,0x00000000fbc80000)
  from space 21504K, 0% used [0x00000000fd480000,0x00000000fd4a8000,0x00000000fe980000)
  to   space 23040K, 0% used [0x00000000fbc80000,0x00000000fbc80000,0x00000000fd300000)
 ParOldGen       total 220160K, used 154276K [0x00000000a0c00000, 0x00000000ae300000, 0x00000000e0400000)
  object space 220160K, 70% used [0x00000000a0c00000,0x00000000aa2a9190,0x00000000ae300000)
 Metaspace       used 17981K, capacity 18185K, committed 18432K, reserved 1067008K
  class space    used 1722K, capacity 1761K, committed 1792K, reserved 1048576K
Event: 17.586 GC heap after
Heap after GC invocations=36 (full 3):
 PSYoungGen      total 474112K, used 192K [0x00000000e0400000, 0x00000000fe980000, 0x0000000100000000)
  eden space 451072K, 0% used [0x00000000e0400000,0x00000000e0400000,0x00000000fbc80000)
  from space 23040K, 0% used [0x00000000fbc80000,0x00000000fbcb0000,0x00000000fd300000)
  to   space 21504K, 0% used [0x00000000fd480000,0x00000000fd480000,0x00000000fe980000)
 ParOldGen       total 220160K, used 154292K [0x00000000a0c00000, 0x00000000ae300000, 0x00000000e0400000)
  object space 220160K, 70% used [0x00000000a0c00000,0x00000000aa2ad190,0x00000000ae300000)
 Metaspace       used 17981K, capacity 18185K, committed 18432K, reserved 1067008K
  class space    used 1722K, capacity 1761K, committed 1792K, reserved 1048576K
}
Event: 18.285 GC heap before
{Heap before GC invocations=37 (full 3):
 PSYoungGen      total 474112K, used 451190K [0x00000000e0400000, 0x00000000fe980000, 0x0000000100000000)
  eden space 451072K, 99% used [0x00000000e0400000,0x00000000fbc6db70,0x00000000fbc80000)
  from space 23040K, 0% used [0x00000000fbc80000,0x00000000fbcb0000,0x00000000fd300000)
  to   space 21504K, 0% used [0x00000000fd480000,0x00000000fd480000,0x00000000fe980000)
 ParOldGen       total 220160K, used 154292K [0x00000000a0c00000, 0x00000000ae300000, 0x00000000e0400000)
  object space 220160K, 70% used [0x00000000a0c00000,0x00000000aa2ad190,0x00000000ae300000)
 Metaspace       used 18050K, capacity 18249K, committed 18432K, reserved 1067008K
  class space    used 1722K, capacity 1761K, committed 1792K, reserved 1048576K
Event: 18.287 GC heap after
Heap after GC invocations=37 (full 3):
 PSYoungGen      total 471552K, used 192K [0x00000000e0400000, 0x00000000fe600000, 0x0000000100000000)
  eden space 453632K, 0% used [0x00000000e0400000,0x00000000e0400000,0x00000000fbf00000)
  from space 17920K, 1% used [0x00000000fd480000,0x00000000fd4b0000,0x00000000fe600000)
  to   space 19968K, 0% used [0x00000000fbf00000,0x00000000fbf00000,0x00000000fd280000)
 ParOldGen       total 220160K, used 154308K [0x00000000a0c00000, 0x00000000ae300000, 0x00000000e0400000)
  object space 220160K, 70% used [0x00000000a0c00000,0x00000000aa2b1190,0x00000000ae300000)
 Metaspace       used 18050K, capacity 18249K, committed 18432K, reserved 1067008K
  class space    used 1722K, capacity 1761K, committed 1792K, reserved 1048576K
}
Event: 18.950 GC heap before
{Heap before GC invocations=38 (full 3):
 PSYoungGen      total 471552K, used 452841K [0x00000000e0400000, 0x00000000fe600000, 0x0000000100000000)
  eden space 453632K, 99% used [0x00000000e0400000,0x00000000fbe0a4b8,0x00000000fbf00000)
  from space 17920K, 1% used [0x00000000fd480000,0x00000000fd4b0000,0x00000000fe600000)
  to   space 19968K, 0% used [0x00000000fbf00000,0x00000000fbf00000,0x00000000fd280000)
 ParOldGen       total 220160K, used 154308K [0x00000000a0c00000, 0x00000000ae300000, 0x00000000e0400000)
  object space 220160K, 70% used [0x00000000a0c00000,0x00000000aa2b1190,0x00000000ae300000)
 Metaspace       used 18050K, capacity 18249K, committed 18432K, reserved 1067008K
  class space    used 1722K, capacity 1761K, committed 1792K, reserved 1048576K
Event: 18.951 GC heap after
Heap after GC invocations=38 (full 3):
 PSYoungGen      total 473600K, used 192K [0x00000000e0400000, 0x00000000fe580000, 0x0000000100000000)
  eden space 453632K, 0% used [0x00000000e0400000,0x00000000e0400000,0x00000000fbf00000)
  from space 19968K, 0% used [0x00000000fbf00000,0x00000000fbf30000,0x00000000fd280000)
  to   space 18432K, 0% used [0x00000000fd380000,0x00000000fd380000,0x00000000fe580000)
 ParOldGen       total 220160K, used 154340K [0x00000000a0c00000, 0x00000000ae300000, 0x00000000e0400000)
  object space 220160K, 70% used [0x00000000a0c00000,0x00000000aa2b9190,0x00000000ae300000)
 Metaspace       used 18050K, capacity 18249K, committed 18432K, reserved 1067008K
  class space    used 1722K, capacity 1761K, committed 1792K, reserved 1048576K
}
Event: 19.616 GC heap before
{Heap before GC invocations=39 (full 3):
 PSYoungGen      total 473600K, used 453389K [0x00000000e0400000, 0x00000000fe580000, 0x0000000100000000)
  eden space 453632K, 99% used [0x00000000e0400000,0x00000000fbe93490,0x00000000fbf00000)
  from space 19968K, 0% used [0x00000000fbf00000,0x00000000fbf30000,0x00000000fd280000)
  to   space 18432K, 0% used [0x00000000fd380000,0x00000000fd380000,0x00000000fe580000)
 ParOldGen       total 220160K, used 154340K [0x00000000a0c00000, 0x00000000ae300000, 0x00000000e0400000)
  object space 220160K, 70% used [0x00000000a0c00000,0x00000000aa2b9190,0x00000000ae300000)
 Metaspace       used 18057K, capacity 18249K, committed 18432K, reserved 1067008K
  class space    used 1722K, capacity 1761K, committed 1792K, reserved 1048576K
Event: 19.618 GC heap after
Heap after GC invocations=39 (full 3):
 PSYoungGen      total 472576K, used 160K [0x00000000e0400000, 0x00000000fe380000, 0x0000000100000000)
  eden space 456192K, 0% used [0x00000000e0400000,0x00000000e0400000,0x00000000fc180000)
  from space 16384K, 0% used [0x00000000fd380000,0x00000000fd3a8000,0x00000000fe380000)
  to   space 17408K, 0% used [0x00000000fc180000,0x00000000fc180000,0x00000000fd280000)
 ParOldGen       total 220160K, used 154372K [0x00000000a0c00000, 0x00000000ae300000, 0x00000000e0400000)
  object space 220160K, 70% used [0x00000000a0c00000,0x00000000aa2c1190,0x00000000ae300000)
 Metaspace       used 18057K, capacity 18249K, committed 18432K, reserved 1067008K
  class space    used 1722K, capacity 1761K, committed 1792K, reserved 1048576K
}
Event: 20.286 GC heap before
{Heap before GC invocations=40 (full 3):
 PSYoungGen      total 472576K, used 455859K [0x00000000e0400000, 0x00000000fe380000, 0x0000000100000000)
  eden space 456192K, 99% used [0x00000000e0400000,0x00000000fc104c30,0x00000000fc180000)
  from space 16384K, 0% used [0x00000000fd380000,0x00000000fd3a8000,0x00000000fe380000)
  to   space 17408K, 0% used [0x00000000fc180000,0x00000000fc180000,0x00000000fd280000)
 ParOldGen       total 220160K, used 154372K [0x00000000a0c00000, 0x00000000ae300000, 0x00000000e0400000)
  object space 220160K, 70% used [0x00000000a0c00000,0x00000000aa2c1190,0x00000000ae300000)
 Metaspace       used 18057K, capacity 18249K, committed 18432K, reserved 1067008K
  class space    used 1722K, capacity 1761K, committed 1792K, reserved 1048576K
Event: 20.287 GC heap after
Heap after GC invocations=40 (full 3):
 PSYoungGen      total 473600K, used 160K [0x00000000e0400000, 0x00000000fe300000, 0x0000000100000000)
  eden space 456192K, 0% used [0x00000000e0400000,0x00000000e0400000,0x00000000fc180000)
  from space 17408K, 0% used [0x00000000fc180000,0x00000000fc1a8000,0x00000000fd280000)
  to   space 15872K, 0% used [0x00000000fd380000,0x00000000fd380000,0x00000000fe300000)
 ParOldGen       total 220160K, used 154412K [0x00000000a0c00000, 0x00000000ae300000, 0x00000000e0400000)
  object space 220160K, 70% used [0x00000000a0c00000,0x00000000aa2cb190,0x00000000ae300000)
 Metaspace       used 18057K, capacity 18249K, committed 18432K, reserved 1067008K
  class space    used 1722K, capacity 1761K, committed 1792K, reserved 1048576K
}

