# JRE version: Java(TM) SE Runtime Environment (8.0_25-b18) (build 1.8.0_25-b18)
# Java VM: Java HotSpot(TM) 64-Bit Server VM (25.25-b02 mixed mode windows-amd64 compressed oops)
Heap:
 PSYoungGen      total 342016K, used 26899K [0x00000000e0400000, 0x00000000f5780000, 0x0000000100000000)
  eden space 336896K, 7% used [0x00000000e0400000,0x00000000e1e24c38,0x00000000f4d00000)
  from space 5120K, 2% used [0x00000000f4d00000,0x00000000f4d20000,0x00000000f5200000)
  to   space 4608K, 0% used [0x00000000f5300000,0x00000000f5300000,0x00000000f5780000)
 ParOldGen       total 227328K, used 163608K [0x00000000a0c00000, 0x00000000aea00000, 0x00000000e0400000)
  object space 227328K, 71% used [0x00000000a0c00000,0x00000000aabc6180,0x00000000aea00000)
 Metaspace       used 18008K, capacity 18217K, committed 18560K, reserved 1067008K
  class space    used 1735K, capacity 1793K, committed 1920K, reserved 1048576K
GC Heap History (10 events):
Event: 26.657 GC heap before
{Heap before GC invocations=64 (full 3):
 PSYoungGen      total 338944K, used 332928K [0x00000000e0400000, 0x00000000f5600000, 0x0000000100000000)
  eden space 332800K, 100% used [0x00000000e0400000,0x00000000f4900000,0x00000000f4900000)
  from space 6144K, 2% used [0x00000000f5000000,0x00000000f5020000,0x00000000f5600000)
  to   space 6656K, 0% used [0x00000000f4900000,0x00000000f4900000,0x00000000f4f80000)
 ParOldGen       total 227328K, used 155484K [0x00000000a0c00000, 0x00000000aea00000, 0x00000000e0400000)
  object space 227328K, 68% used [0x00000000a0c00000,0x00000000aa3d7170,0x00000000aea00000)
 Metaspace       used 17972K, capacity 18217K, committed 18560K, reserved 1067008K
  class space    used 1723K, capacity 1793K, committed 1920K, reserved 1048576K
Event: 26.659 GC heap after
Heap after GC invocations=64 (full 3):
 PSYoungGen      total 339456K, used 160K [0x00000000e0400000, 0x00000000f5680000, 0x0000000100000000)
  eden space 332800K, 0% used [0x00000000e0400000,0x00000000e0400000,0x00000000f4900000)
  from space 6656K, 2% used [0x00000000f4900000,0x00000000f4928000,0x00000000f4f80000)
  to   space 6144K, 0% used [0x00000000f5080000,0x00000000f5080000,0x00000000f5680000)
 ParOldGen       total 227328K, used 155484K [0x00000000a0c00000, 0x00000000aea00000, 0x00000000e0400000)
  object space 227328K, 68% used [0x00000000a0c00000,0x00000000aa3d7170,0x00000000aea00000)
 Metaspace       used 17972K, capacity 18217K, committed 18560K, reserved 1067008K
  class space    used 1723K, capacity 1793K, committed 1920K, reserved 1048576K
}
Event: 27.148 GC heap before
{Heap before GC invocations=65 (full 3):
 PSYoungGen      total 339456K, used 332960K [0x00000000e0400000, 0x00000000f5680000, 0x0000000100000000)
  eden space 332800K, 100% used [0x00000000e0400000,0x00000000f4900000,0x00000000f4900000)
  from space 6656K, 2% used [0x00000000f4900000,0x00000000f4928000,0x00000000f4f80000)
  to   space 6144K, 0% used [0x00000000f5080000,0x00000000f5080000,0x00000000f5680000)
 ParOldGen       total 227328K, used 155484K [0x00000000a0c00000, 0x00000000aea00000, 0x00000000e0400000)
  object space 227328K, 68% used [0x00000000a0c00000,0x00000000aa3d7170,0x00000000aea00000)
 Metaspace       used 17972K, capacity 18217K, committed 18560K, reserved 1067008K
  class space    used 1723K, capacity 1793K, committed 1920K, reserved 1048576K
Event: 27.152 GC heap after
Heap after GC invocations=65 (full 3):
 PSYoungGen      total 340480K, used 96K [0x00000000e0400000, 0x00000000f5600000, 0x0000000100000000)
  eden space 334848K, 0% used [0x00000000e0400000,0x00000000e0400000,0x00000000f4b00000)
  from space 5632K, 1% used [0x00000000f5080000,0x00000000f5098000,0x00000000f5600000)
  to   space 5632K, 0% used [0x00000000f4b00000,0x00000000f4b00000,0x00000000f5080000)
 ParOldGen       total 227328K, used 163600K [0x00000000a0c00000, 0x00000000aea00000, 0x00000000e0400000)
  object space 227328K, 71% used [0x00000000a0c00000,0x00000000aabc4180,0x00000000aea00000)
 Metaspace       used 17972K, capacity 18217K, committed 18560K, reserved 1067008K
  class space    used 1723K, capacity 1793K, committed 1920K, reserved 1048576K
}
Event: 27.675 GC heap before
{Heap before GC invocations=66 (full 3):
 PSYoungGen      total 340480K, used 334944K [0x00000000e0400000, 0x00000000f5600000, 0x0000000100000000)
  eden space 334848K, 100% used [0x00000000e0400000,0x00000000f4b00000,0x00000000f4b00000)
  from space 5632K, 1% used [0x00000000f5080000,0x00000000f5098000,0x00000000f5600000)
  to   space 5632K, 0% used [0x00000000f4b00000,0x00000000f4b00000,0x00000000f5080000)
 ParOldGen       total 227328K, used 163600K [0x00000000a0c00000, 0x00000000aea00000, 0x00000000e0400000)
  object space 227328K, 71% used [0x00000000a0c00000,0x00000000aabc4180,0x00000000aea00000)
 Metaspace       used 17972K, capacity 18217K, committed 18560K, reserved 1067008K
  class space    used 1723K, capacity 1793K, committed 1920K, reserved 1048576K
Event: 27.676 GC heap after
Heap after GC invocations=66 (full 3):
 PSYoungGen      total 340480K, used 128K [0x00000000e0400000, 0x00000000f5700000, 0x0000000100000000)
  eden space 334848K, 0% used [0x00000000e0400000,0x00000000e0400000,0x00000000f4b00000)
  from space 5632K, 2% used [0x00000000f4b00000,0x00000000f4b20000,0x00000000f5080000)
  to   space 5120K, 0% used [0x00000000f5200000,0x00000000f5200000,0x00000000f5700000)
 ParOldGen       total 227328K, used 163608K [0x00000000a0c00000, 0x00000000aea00000, 0x00000000e0400000)
  object space 227328K, 71% used [0x00000000a0c00000,0x00000000aabc6180,0x00000000aea00000)
 Metaspace       used 17972K, capacity 18217K, committed 18560K, reserved 1067008K
  class space    used 1723K, capacity 1793K, committed 1920K, reserved 1048576K
}
Event: 28.189 GC heap before
{Heap before GC invocations=67 (full 3):
 PSYoungGen      total 340480K, used 334976K [0x00000000e0400000, 0x00000000f5700000, 0x0000000100000000)
  eden space 334848K, 100% used [0x00000000e0400000,0x00000000f4b00000,0x00000000f4b00000)
  from space 5632K, 2% used [0x00000000f4b00000,0x00000000f4b20000,0x00000000f5080000)
  to   space 5120K, 0% used [0x00000000f5200000,0x00000000f5200000,0x00000000f5700000)
 ParOldGen       total 227328K, used 163608K [0x00000000a0c00000, 0x00000000aea00000, 0x00000000e0400000)
  object space 227328K, 71% used [0x00000000a0c00000,0x00000000aabc6180,0x00000000aea00000)
 Metaspace       used 17973K, capacity 18217K, committed 18560K, reserved 1067008K
  class space    used 1724K, capacity 1793K, committed 1920K, reserved 1048576K
Event: 28.190 GC heap after
Heap after GC invocations=67 (full 3):
 PSYoungGen      total 342016K, used 192K [0x00000000e0400000, 0x00000000f5700000, 0x0000000100000000)
  eden space 336896K, 0% used [0x00000000e0400000,0x00000000e0400000,0x00000000f4d00000)
  from space 5120K, 3% used [0x00000000f5200000,0x00000000f5230000,0x00000000f5700000)
  to   space 5120K, 0% used [0x00000000f4d00000,0x00000000f4d00000,0x00000000f5200000)
 ParOldGen       total 227328K, used 163608K [0x00000000a0c00000, 0x00000000aea00000, 0x00000000e0400000)
  object space 227328K, 71% used [0x00000000a0c00000,0x00000000aabc6180,0x00000000aea00000)
 Metaspace       used 17973K, capacity 18217K, committed 18560K, reserved 1067008K
  class space    used 1724K, capacity 1793K, committed 1920K, reserved 1048576K
}
Event: 29.141 GC heap before
{Heap before GC invocations=68 (full 3):
 PSYoungGen      total 342016K, used 330410K [0x00000000e0400000, 0x00000000f5700000, 0x0000000100000000)
  eden space 336896K, 98% used [0x00000000e0400000,0x00000000f467a810,0x00000000f4d00000)
  from space 5120K, 3% used [0x00000000f5200000,0x00000000f5230000,0x00000000f5700000)
  to   space 5120K, 0% used [0x00000000f4d00000,0x00000000f4d00000,0x00000000f5200000)
 ParOldGen       total 227328K, used 163608K [0x00000000a0c00000, 0x00000000aea00000, 0x00000000e0400000)
  object space 227328K, 71% used [0x00000000a0c00000,0x00000000aabc6180,0x00000000aea00000)
 Metaspace       used 17973K, capacity 18217K, committed 18560K, reserved 1067008K
  class space    used 1724K, capacity 1793K, committed 1920K, reserved 1048576K
Event: 29.143 GC heap after
Heap after GC invocations=68 (full 3):
 PSYoungGen      total 342016K, used 128K [0x00000000e0400000, 0x00000000f5780000, 0x0000000100000000)
  eden space 336896K, 0% used [0x00000000e0400000,0x00000000e0400000,0x00000000f4d00000)
  from space 5120K, 2% used [0x00000000f4d00000,0x00000000f4d20000,0x00000000f5200000)
  to   space 4608K, 0% used [0x00000000f5300000,0x00000000f5300000,0x00000000f5780000)
 ParOldGen       total 227328K, used 163608K [0x00000000a0c00000, 0x00000000aea00000, 0x00000000e0400000)
  object space 227328K, 71% used [0x00000000a0c00000,0x00000000aabc6180,0x00000000aea00000)
 Metaspace       used 17973K, capacity 18217K, committed 18560K, reserved 1067008K
  class space    used 1724K, capacity 1793K, committed 1920K, reserved 1048576K
}

