# JRE version: Java(TM) SE Runtime Environment (8.0_25-b18) (build 1.8.0_25-b18)
# Java VM: Java HotSpot(TM) 64-Bit Server VM (25.25-b02 mixed mode windows-amd64 compressed oops)
Heap:
 PSYoungGen      total 488448K, used 46366K [0x00000000e0400000, 0x00000000fed80000, 0x0000000100000000)
  eden space 478720K, 9% used [0x00000000e0400000,0x00000000e3117980,0x00000000fd780000)
  from space 9728K, 1% used [0x00000000fe400000,0x00000000fe430000,0x00000000fed80000)
  to   space 11264K, 0% used [0x00000000fd780000,0x00000000fd780000,0x00000000fe280000)
 ParOldGen       total 221696K, used 155217K [0x00000000a0c00000, 0x00000000ae480000, 0x00000000e0400000)
  object space 221696K, 70% used [0x00000000a0c00000,0x00000000aa394408,0x00000000ae480000)
 Metaspace       used 17964K, capacity 18185K, committed 18432K, reserved 1067008K
  class space    used 1725K, capacity 1761K, committed 1792K, reserved 1048576K
GC Heap History (10 events):
Event: 25.769 GC heap before
{Heap before GC invocations=55 (full 3):
 PSYoungGen      total 481280K, used 475652K [0x00000000e0400000, 0x00000000fee80000, 0x0000000100000000)
  eden space 467456K, 100% used [0x00000000e0400000,0x00000000fcc80000,0x00000000fcc80000)
  from space 13824K, 59% used [0x00000000fcc80000,0x00000000fd481010,0x00000000fda00000)
  to   space 14848K, 0% used [0x00000000fe000000,0x00000000fe000000,0x00000000fee80000)
 ParOldGen       total 221696K, used 155193K [0x00000000a0c00000, 0x00000000ae480000, 0x00000000e0400000)
  object space 221696K, 70% used [0x00000000a0c00000,0x00000000aa38e408,0x00000000ae480000)
 Metaspace       used 17912K, capacity 18121K, committed 18176K, reserved 1064960K
  class space    used 1711K, capacity 1761K, committed 1792K, reserved 1048576K
Event: 25.770 GC heap after
Heap after GC invocations=55 (full 3):
 PSYoungGen      total 484352K, used 192K [0x00000000e0400000, 0x00000000fec00000, 0x0000000100000000)
  eden space 472064K, 0% used [0x00000000e0400000,0x00000000e0400000,0x00000000fd100000)
  from space 12288K, 1% used [0x00000000fe000000,0x00000000fe030000,0x00000000fec00000)
  to   space 13824K, 0% used [0x00000000fd100000,0x00000000fd100000,0x00000000fde80000)
 ParOldGen       total 221696K, used 155193K [0x00000000a0c00000, 0x00000000ae480000, 0x00000000e0400000)
  object space 221696K, 70% used [0x00000000a0c00000,0x00000000aa38e408,0x00000000ae480000)
 Metaspace       used 17912K, capacity 18121K, committed 18176K, reserved 1064960K
  class space    used 1711K, capacity 1761K, committed 1792K, reserved 1048576K
}
Event: 26.281 GC heap before
{Heap before GC invocations=56 (full 3):
 PSYoungGen      total 484352K, used 467447K [0x00000000e0400000, 0x00000000fec00000, 0x0000000100000000)
  eden space 472064K, 98% used [0x00000000e0400000,0x00000000fcc4dfb8,0x00000000fd100000)
  from space 12288K, 1% used [0x00000000fe000000,0x00000000fe030000,0x00000000fec00000)
  to   space 13824K, 0% used [0x00000000fd100000,0x00000000fd100000,0x00000000fde80000)
 ParOldGen       total 221696K, used 155193K [0x00000000a0c00000, 0x00000000ae480000, 0x00000000e0400000)
  object space 221696K, 70% used [0x00000000a0c00000,0x00000000aa38e408,0x00000000ae480000)
 Metaspace       used 17912K, capacity 18121K, committed 18176K, reserved 1064960K
  class space    used 1711K, capacity 1761K, committed 1792K, reserved 1048576K
Event: 26.282 GC heap after
Heap after GC invocations=56 (full 3):
 PSYoungGen      total 485888K, used 96K [0x00000000e0400000, 0x00000000fef00000, 0x0000000100000000)
  eden space 472064K, 0% used [0x00000000e0400000,0x00000000e0400000,0x00000000fd100000)
  from space 13824K, 0% used [0x00000000fd100000,0x00000000fd118000,0x00000000fde80000)
  to   space 13312K, 0% used [0x00000000fe200000,0x00000000fe200000,0x00000000fef00000)
 ParOldGen       total 221696K, used 155201K [0x00000000a0c00000, 0x00000000ae480000, 0x00000000e0400000)
  object space 221696K, 70% used [0x00000000a0c00000,0x00000000aa390408,0x00000000ae480000)
 Metaspace       used 17912K, capacity 18121K, committed 18176K, reserved 1064960K
  class space    used 1711K, capacity 1761K, committed 1792K, reserved 1048576K
}
Event: 26.814 GC heap before
{Heap before GC invocations=57 (full 3):
 PSYoungGen      total 485888K, used 465594K [0x00000000e0400000, 0x00000000fef00000, 0x0000000100000000)
  eden space 472064K, 98% used [0x00000000e0400000,0x00000000fca96838,0x00000000fd100000)
  from space 13824K, 0% used [0x00000000fd100000,0x00000000fd118000,0x00000000fde80000)
  to   space 13312K, 0% used [0x00000000fe200000,0x00000000fe200000,0x00000000fef00000)
 ParOldGen       total 221696K, used 155201K [0x00000000a0c00000, 0x00000000ae480000, 0x00000000e0400000)
  object space 221696K, 70% used [0x00000000a0c00000,0x00000000aa390408,0x00000000ae480000)
 Metaspace       used 17912K, capacity 18121K, committed 18176K, reserved 1064960K
  class space    used 1711K, capacity 1761K, committed 1792K, reserved 1048576K
Event: 26.816 GC heap after
Heap after GC invocations=57 (full 3):
 PSYoungGen      total 487424K, used 96K [0x00000000e0400000, 0x00000000fed80000, 0x0000000100000000)
  eden space 475648K, 0% used [0x00000000e0400000,0x00000000e0400000,0x00000000fd480000)
  from space 11776K, 0% used [0x00000000fe200000,0x00000000fe218000,0x00000000fed80000)
  to   space 12800K, 0% used [0x00000000fd480000,0x00000000fd480000,0x00000000fe100000)
 ParOldGen       total 221696K, used 155217K [0x00000000a0c00000, 0x00000000ae480000, 0x00000000e0400000)
  object space 221696K, 70% used [0x00000000a0c00000,0x00000000aa394408,0x00000000ae480000)
 Metaspace       used 17912K, capacity 18121K, committed 18176K, reserved 1064960K
  class space    used 1711K, capacity 1761K, committed 1792K, reserved 1048576K
}
Event: 27.348 GC heap before
{Heap before GC invocations=58 (full 3):
 PSYoungGen      total 487424K, used 475744K [0x00000000e0400000, 0x00000000fed80000, 0x0000000100000000)
  eden space 475648K, 100% used [0x00000000e0400000,0x00000000fd480000,0x00000000fd480000)
  from space 11776K, 0% used [0x00000000fe200000,0x00000000fe218000,0x00000000fed80000)
  to   space 12800K, 0% used [0x00000000fd480000,0x00000000fd480000,0x00000000fe100000)
 ParOldGen       total 221696K, used 155217K [0x00000000a0c00000, 0x00000000ae480000, 0x00000000e0400000)
  object space 221696K, 70% used [0x00000000a0c00000,0x00000000aa394408,0x00000000ae480000)
 Metaspace       used 17912K, capacity 18121K, committed 18176K, reserved 1064960K
  class space    used 1711K, capacity 1761K, committed 1792K, reserved 1048576K
Event: 27.350 GC heap after
Heap after GC invocations=58 (full 3):
 PSYoungGen      total 488448K, used 160K [0x00000000e0400000, 0x00000000ff000000, 0x0000000100000000)
  eden space 475648K, 0% used [0x00000000e0400000,0x00000000e0400000,0x00000000fd480000)
  from space 12800K, 1% used [0x00000000fd480000,0x00000000fd4a8000,0x00000000fe100000)
  to   space 12288K, 0% used [0x00000000fe400000,0x00000000fe400000,0x00000000ff000000)
 ParOldGen       total 221696K, used 155217K [0x00000000a0c00000, 0x00000000ae480000, 0x00000000e0400000)
  object space 221696K, 70% used [0x00000000a0c00000,0x00000000aa394408,0x00000000ae480000)
 Metaspace       used 17912K, capacity 18121K, committed 18176K, reserved 1064960K
  class space    used 1711K, capacity 1761K, committed 1792K, reserved 1048576K
}
Event: 27.905 GC heap before
{Heap before GC invocations=59 (full 3):
 PSYoungGen      total 488448K, used 475808K [0x00000000e0400000, 0x00000000ff000000, 0x0000000100000000)
  eden space 475648K, 100% used [0x00000000e0400000,0x00000000fd480000,0x00000000fd480000)
  from space 12800K, 1% used [0x00000000fd480000,0x00000000fd4a8000,0x00000000fe100000)
  to   space 12288K, 0% used [0x00000000fe400000,0x00000000fe400000,0x00000000ff000000)
 ParOldGen       total 221696K, used 155217K [0x00000000a0c00000, 0x00000000ae480000, 0x00000000e0400000)
  object space 221696K, 70% used [0x00000000a0c00000,0x00000000aa394408,0x00000000ae480000)
 Metaspace       used 17946K, capacity 18121K, committed 18176K, reserved 1064960K
  class space    used 1723K, capacity 1761K, committed 1792K, reserved 1048576K
Event: 27.906 GC heap after
Heap after GC invocations=59 (full 3):
 PSYoungGen      total 488448K, used 192K [0x00000000e0400000, 0x00000000fed80000, 0x0000000100000000)
  eden space 478720K, 0% used [0x00000000e0400000,0x00000000e0400000,0x00000000fd780000)
  from space 9728K, 1% used [0x00000000fe400000,0x00000000fe430000,0x00000000fed80000)
  to   space 11264K, 0% used [0x00000000fd780000,0x00000000fd780000,0x00000000fe280000)
 ParOldGen       total 221696K, used 155217K [0x00000000a0c00000, 0x00000000ae480000, 0x00000000e0400000)
  object space 221696K, 70% used [0x00000000a0c00000,0x00000000aa394408,0x00000000ae480000)
 Metaspace       used 17946K, capacity 18121K, committed 18176K, reserved 1064960K
  class space    used 1723K, capacity 1761K, committed 1792K, reserved 1048576K
}

