# JRE version: Java(TM) SE Runtime Environment (8.0_25-b18) (build 1.8.0_25-b18)
# Java VM: Java HotSpot(TM) 64-Bit Server VM (25.25-b02 mixed mode windows-amd64 compressed oops)
Heap:
 PSYoungGen      total 312320K, used 137290K [0x00000000e0400000, 0x00000000f7a80000, 0x0000000100000000)
  eden space 259584K, 52% used [0x00000000e0400000,0x00000000e89ea958,0x00000000f0180000)
  from space 52736K, 0% used [0x00000000f4700000,0x00000000f4728000,0x00000000f7a80000)
  to   space 61952K, 0% used [0x00000000f0180000,0x00000000f0180000,0x00000000f3e00000)
 ParOldGen       total 229376K, used 162991K [0x00000000a0c00000, 0x00000000aec00000, 0x00000000e0400000)
  object space 229376K, 71% used [0x00000000a0c00000,0x00000000aab2bfb0,0x00000000aec00000)
 Metaspace       used 17602K, capacity 17793K, committed 17920K, reserved 1064960K
  class space    used 1722K, capacity 1761K, committed 1792K, reserved 1048576K
GC Heap History (10 events):
Event: 3.659 GC heap before
{Heap before GC invocations=13 (full 3):
 PSYoungGen      total 227328K, used 30161K [0x00000000e0400000, 0x00000000f2280000, 0x0000000100000000)
  eden space 171520K, 0% used [0x00000000e0400000,0x00000000e0400000,0x00000000eab80000)
  from space 55808K, 54% used [0x00000000eec00000,0x00000000f0974780,0x00000000f2280000)
  to   space 60928K, 0% used [0x00000000eab80000,0x00000000eab80000,0x00000000ee700000)
 ParOldGen       total 151552K, used 142871K [0x00000000a0c00000, 0x00000000aa000000, 0x00000000e0400000)
  object space 151552K, 94% used [0x00000000a0c00000,0x00000000a9785db8,0x00000000aa000000)
 Metaspace       used 17381K, capacity 17601K, committed 17664K, reserved 1064960K
  class space    used 1710K, capacity 1761K, committed 1792K, reserved 1048576K
Event: 3.770 GC heap after
Heap after GC invocations=13 (full 3):
 PSYoungGen      total 227328K, used 11546K [0x00000000e0400000, 0x00000000f2280000, 0x0000000100000000)
  eden space 171520K, 0% used [0x00000000e0400000,0x00000000e0400000,0x00000000eab80000)
  from space 55808K, 20% used [0x00000000eec00000,0x00000000ef746870,0x00000000f2280000)
  to   space 60928K, 0% used [0x00000000eab80000,0x00000000eab80000,0x00000000ee700000)
 ParOldGen       total 229376K, used 151367K [0x00000000a0c00000, 0x00000000aec00000, 0x00000000e0400000)
  object space 229376K, 65% used [0x00000000a0c00000,0x00000000a9fd1f80,0x00000000aec00000)
 Metaspace       used 17381K, capacity 17601K, committed 17664K, reserved 1064960K
  class space    used 1710K, capacity 1761K, committed 1792K, reserved 1048576K
}
Event: 4.332 GC heap before
{Heap before GC invocations=14 (full 3):
 PSYoungGen      total 227328K, used 175309K [0x00000000e0400000, 0x00000000f2280000, 0x0000000100000000)
  eden space 171520K, 95% used [0x00000000e0400000,0x00000000ea3ece40,0x00000000eab80000)
  from space 55808K, 20% used [0x00000000eec00000,0x00000000ef746870,0x00000000f2280000)
  to   space 60928K, 0% used [0x00000000eab80000,0x00000000eab80000,0x00000000ee700000)
 ParOldGen       total 229376K, used 151367K [0x00000000a0c00000, 0x00000000aec00000, 0x00000000e0400000)
  object space 229376K, 65% used [0x00000000a0c00000,0x00000000a9fd1f80,0x00000000aec00000)
 Metaspace       used 17459K, capacity 17665K, committed 17920K, reserved 1064960K
  class space    used 1710K, capacity 1761K, committed 1792K, reserved 1048576K
Event: 4.340 GC heap after
Heap after GC invocations=14 (full 3):
 PSYoungGen      total 232448K, used 128K [0x00000000e0400000, 0x00000000f5a80000, 0x0000000100000000)
  eden space 171520K, 0% used [0x00000000e0400000,0x00000000e0400000,0x00000000eab80000)
  from space 60928K, 0% used [0x00000000eab80000,0x00000000eaba0000,0x00000000ee700000)
  to   space 62976K, 0% used [0x00000000f1d00000,0x00000000f1d00000,0x00000000f5a80000)
 ParOldGen       total 229376K, used 162967K [0x00000000a0c00000, 0x00000000aec00000, 0x00000000e0400000)
  object space 229376K, 71% used [0x00000000a0c00000,0x00000000aab25fb0,0x00000000aec00000)
 Metaspace       used 17459K, capacity 17665K, committed 17920K, reserved 1064960K
  class space    used 1710K, capacity 1761K, committed 1792K, reserved 1048576K
}
Event: 4.936 GC heap before
{Heap before GC invocations=15 (full 3):
 PSYoungGen      total 232448K, used 171618K [0x00000000e0400000, 0x00000000f5a80000, 0x0000000100000000)
  eden space 171520K, 99% used [0x00000000e0400000,0x00000000eab78900,0x00000000eab80000)
  from space 60928K, 0% used [0x00000000eab80000,0x00000000eaba0000,0x00000000ee700000)
  to   space 62976K, 0% used [0x00000000f1d00000,0x00000000f1d00000,0x00000000f5a80000)
 ParOldGen       total 229376K, used 162967K [0x00000000a0c00000, 0x00000000aec00000, 0x00000000e0400000)
  object space 229376K, 71% used [0x00000000a0c00000,0x00000000aab25fb0,0x00000000aec00000)
 Metaspace       used 17492K, capacity 17729K, committed 17920K, reserved 1064960K
  class space    used 1710K, capacity 1761K, committed 1792K, reserved 1048576K
Event: 4.940 GC heap after
Heap after GC invocations=15 (full 3):
 PSYoungGen      total 272384K, used 8228K [0x00000000e0400000, 0x00000000f5200000, 0x0000000100000000)
  eden space 218112K, 0% used [0x00000000e0400000,0x00000000e0400000,0x00000000ed900000)
  from space 54272K, 15% used [0x00000000f1d00000,0x00000000f2509010,0x00000000f5200000)
  to   space 61952K, 0% used [0x00000000ed900000,0x00000000ed900000,0x00000000f1580000)
 ParOldGen       total 229376K, used 162983K [0x00000000a0c00000, 0x00000000aec00000, 0x00000000e0400000)
  object space 229376K, 71% used [0x00000000a0c00000,0x00000000aab29fb0,0x00000000aec00000)
 Metaspace       used 17492K, capacity 17729K, committed 17920K, reserved 1064960K
  class space    used 1710K, capacity 1761K, committed 1792K, reserved 1048576K
}
Event: 5.765 GC heap before
{Heap before GC invocations=16 (full 3):
 PSYoungGen      total 272384K, used 226107K [0x00000000e0400000, 0x00000000f5200000, 0x0000000100000000)
  eden space 218112K, 99% used [0x00000000e0400000,0x00000000ed8c5db8,0x00000000ed900000)
  from space 54272K, 15% used [0x00000000f1d00000,0x00000000f2509010,0x00000000f5200000)
  to   space 61952K, 0% used [0x00000000ed900000,0x00000000ed900000,0x00000000f1580000)
 ParOldGen       total 229376K, used 162983K [0x00000000a0c00000, 0x00000000aec00000, 0x00000000e0400000)
  object space 229376K, 71% used [0x00000000a0c00000,0x00000000aab29fb0,0x00000000aec00000)
 Metaspace       used 17533K, capacity 17729K, committed 17920K, reserved 1064960K
  class space    used 1710K, capacity 1761K, committed 1792K, reserved 1048576K
Event: 5.766 GC heap after
Heap after GC invocations=16 (full 3):
 PSYoungGen      total 280064K, used 192K [0x00000000e0400000, 0x00000000f8400000, 0x0000000100000000)
  eden space 218112K, 0% used [0x00000000e0400000,0x00000000e0400000,0x00000000ed900000)
  from space 61952K, 0% used [0x00000000ed900000,0x00000000ed930000,0x00000000f1580000)
  to   space 62464K, 0% used [0x00000000f4700000,0x00000000f4700000,0x00000000f8400000)
 ParOldGen       total 229376K, used 162991K [0x00000000a0c00000, 0x00000000aec00000, 0x00000000e0400000)
  object space 229376K, 71% used [0x00000000a0c00000,0x00000000aab2bfb0,0x00000000aec00000)
 Metaspace       used 17533K, capacity 17729K, committed 17920K, reserved 1064960K
  class space    used 1710K, capacity 1761K, committed 1792K, reserved 1048576K
}
Event: 6.565 GC heap before
{Heap before GC invocations=17 (full 3):
 PSYoungGen      total 280064K, used 216089K [0x00000000e0400000, 0x00000000f8400000, 0x0000000100000000)
  eden space 218112K, 98% used [0x00000000e0400000,0x00000000ed6d6530,0x00000000ed900000)
  from space 61952K, 0% used [0x00000000ed900000,0x00000000ed930000,0x00000000f1580000)
  to   space 62464K, 0% used [0x00000000f4700000,0x00000000f4700000,0x00000000f8400000)
 ParOldGen       total 229376K, used 162991K [0x00000000a0c00000, 0x00000000aec00000, 0x00000000e0400000)
  object space 229376K, 71% used [0x00000000a0c00000,0x00000000aab2bfb0,0x00000000aec00000)
 Metaspace       used 17543K, capacity 17793K, committed 17920K, reserved 1064960K
  class space    used 1710K, capacity 1761K, committed 1792K, reserved 1048576K
Event: 6.566 GC heap after
Heap after GC invocations=17 (full 3):
 PSYoungGen      total 312320K, used 160K [0x00000000e0400000, 0x00000000f7a80000, 0x0000000100000000)
  eden space 259584K, 0% used [0x00000000e0400000,0x00000000e0400000,0x00000000f0180000)
  from space 52736K, 0% used [0x00000000f4700000,0x00000000f4728000,0x00000000f7a80000)
  to   space 61952K, 0% used [0x00000000f0180000,0x00000000f0180000,0x00000000f3e00000)
 ParOldGen       total 229376K, used 162991K [0x00000000a0c00000, 0x00000000aec00000, 0x00000000e0400000)
  object space 229376K, 71% used [0x00000000a0c00000,0x00000000aab2bfb0,0x00000000aec00000)
 Metaspace       used 17543K, capacity 17793K, committed 17920K, reserved 1064960K
  class space    used 1710K, capacity 1761K, committed 1792K, reserved 1048576K
}

