# JRE version: Java(TM) SE Runtime Environment (8.0_25-b18) (build 1.8.0_25-b18)
# Java VM: Java HotSpot(TM) 64-Bit Server VM (25.25-b02 mixed mode windows-amd64 compressed oops)
Heap:
 PSYoungGen      total 380928K, used 151029K [0x00000000e0400000, 0x00000000f9900000, 0x0000000100000000)
  eden space 347648K, 43% used [0x00000000e0400000,0x00000000e974d680,0x00000000f5780000)
  from space 33280K, 0% used [0x00000000f5780000,0x00000000f57b0000,0x00000000f7800000)
  to   space 32256K, 0% used [0x00000000f7980000,0x00000000f7980000,0x00000000f9900000)
 ParOldGen       total 224768K, used 155163K [0x00000000a0c00000, 0x00000000ae780000, 0x00000000e0400000)
  object space 224768K, 69% used [0x00000000a0c00000,0x00000000aa386fb0,0x00000000ae780000)
 Metaspace       used 17991K, capacity 18185K, committed 18432K, reserved 1067008K
  class space    used 1721K, capacity 1761K, committed 1792K, reserved 1048576K
GC Heap History (10 events):
Event: 19.589 GC heap before
{Heap before GC invocations=30 (full 3):
 PSYoungGen      total 374272K, used 344528K [0x00000000e0400000, 0x00000000f9580000, 0x0000000100000000)
  eden space 340480K, 98% used [0x00000000e0400000,0x00000000f4c63340,0x00000000f5080000)
  from space 33792K, 24% used [0x00000000f7480000,0x00000000f7c91010,0x00000000f9580000)
  to   space 35328K, 0% used [0x00000000f5080000,0x00000000f5080000,0x00000000f7300000)
 ParOldGen       total 224768K, used 154995K [0x00000000a0c00000, 0x00000000ae780000, 0x00000000e0400000)
  object space 224768K, 68% used [0x00000000a0c00000,0x00000000aa35cfb0,0x00000000ae780000)
 Metaspace       used 17986K, capacity 18185K, committed 18432K, reserved 1067008K
  class space    used 1721K, capacity 1761K, committed 1792K, reserved 1048576K
Event: 19.591 GC heap after
Heap after GC invocations=30 (full 3):
 PSYoungGen      total 375808K, used 192K [0x00000000e0400000, 0x00000000f9b00000, 0x0000000100000000)
  eden space 340480K, 0% used [0x00000000e0400000,0x00000000e0400000,0x00000000f5080000)
  from space 35328K, 0% used [0x00000000f5080000,0x00000000f50b0000,0x00000000f7300000)
  to   space 35328K, 0% used [0x00000000f7880000,0x00000000f7880000,0x00000000f9b00000)
 ParOldGen       total 224768K, used 155035K [0x00000000a0c00000, 0x00000000ae780000, 0x00000000e0400000)
  object space 224768K, 68% used [0x00000000a0c00000,0x00000000aa366fb0,0x00000000ae780000)
 Metaspace       used 17986K, capacity 18185K, committed 18432K, reserved 1067008K
  class space    used 1721K, capacity 1761K, committed 1792K, reserved 1048576K
}
Event: 21.056 GC heap before
{Heap before GC invocations=31 (full 3):
 PSYoungGen      total 375808K, used 334917K [0x00000000e0400000, 0x00000000f9b00000, 0x0000000100000000)
  eden space 340480K, 98% used [0x00000000e0400000,0x00000000f4ae17e0,0x00000000f5080000)
  from space 35328K, 0% used [0x00000000f5080000,0x00000000f50b0000,0x00000000f7300000)
  to   space 35328K, 0% used [0x00000000f7880000,0x00000000f7880000,0x00000000f9b00000)
 ParOldGen       total 224768K, used 155035K [0x00000000a0c00000, 0x00000000ae780000, 0x00000000e0400000)
  object space 224768K, 68% used [0x00000000a0c00000,0x00000000aa366fb0,0x00000000ae780000)
 Metaspace       used 17986K, capacity 18185K, committed 18432K, reserved 1067008K
  class space    used 1721K, capacity 1761K, committed 1792K, reserved 1048576K
Event: 21.057 GC heap after
Heap after GC invocations=31 (full 3):
 PSYoungGen      total 377344K, used 128K [0x00000000e0400000, 0x00000000f9880000, 0x0000000100000000)
  eden space 344576K, 0% used [0x00000000e0400000,0x00000000e0400000,0x00000000f5480000)
  from space 32768K, 0% used [0x00000000f7880000,0x00000000f78a0000,0x00000000f9880000)
  to   space 34816K, 0% used [0x00000000f5480000,0x00000000f5480000,0x00000000f7680000)
 ParOldGen       total 224768K, used 155067K [0x00000000a0c00000, 0x00000000ae780000, 0x00000000e0400000)
  object space 224768K, 68% used [0x00000000a0c00000,0x00000000aa36efb0,0x00000000ae780000)
 Metaspace       used 17986K, capacity 18185K, committed 18432K, reserved 1067008K
  class space    used 1721K, capacity 1761K, committed 1792K, reserved 1048576K
}
Event: 22.754 GC heap before
{Heap before GC invocations=32 (full 3):
 PSYoungGen      total 377344K, used 343364K [0x00000000e0400000, 0x00000000f9880000, 0x0000000100000000)
  eden space 344576K, 99% used [0x00000000e0400000,0x00000000f5331170,0x00000000f5480000)
  from space 32768K, 0% used [0x00000000f7880000,0x00000000f78a0000,0x00000000f9880000)
  to   space 34816K, 0% used [0x00000000f5480000,0x00000000f5480000,0x00000000f7680000)
 ParOldGen       total 224768K, used 155067K [0x00000000a0c00000, 0x00000000ae780000, 0x00000000e0400000)
  object space 224768K, 68% used [0x00000000a0c00000,0x00000000aa36efb0,0x00000000ae780000)
 Metaspace       used 17986K, capacity 18185K, committed 18432K, reserved 1067008K
  class space    used 1721K, capacity 1761K, committed 1792K, reserved 1048576K
Event: 22.755 GC heap after
Heap after GC invocations=32 (full 3):
 PSYoungGen      total 379392K, used 224K [0x00000000e0400000, 0x00000000f9b00000, 0x0000000100000000)
  eden space 344576K, 0% used [0x00000000e0400000,0x00000000e0400000,0x00000000f5480000)
  from space 34816K, 0% used [0x00000000f5480000,0x00000000f54b8000,0x00000000f7680000)
  to   space 34304K, 0% used [0x00000000f7980000,0x00000000f7980000,0x00000000f9b00000)
 ParOldGen       total 224768K, used 155099K [0x00000000a0c00000, 0x00000000ae780000, 0x00000000e0400000)
  object space 224768K, 69% used [0x00000000a0c00000,0x00000000aa376fb0,0x00000000ae780000)
 Metaspace       used 17986K, capacity 18185K, committed 18432K, reserved 1067008K
  class space    used 1721K, capacity 1761K, committed 1792K, reserved 1048576K
}
Event: 23.920 GC heap before
{Heap before GC invocations=33 (full 3):
 PSYoungGen      total 379392K, used 344593K [0x00000000e0400000, 0x00000000f9b00000, 0x0000000100000000)
  eden space 344576K, 99% used [0x00000000e0400000,0x00000000f544c430,0x00000000f5480000)
  from space 34816K, 0% used [0x00000000f5480000,0x00000000f54b8000,0x00000000f7680000)
  to   space 34304K, 0% used [0x00000000f7980000,0x00000000f7980000,0x00000000f9b00000)
 ParOldGen       total 224768K, used 155099K [0x00000000a0c00000, 0x00000000ae780000, 0x00000000e0400000)
  object space 224768K, 69% used [0x00000000a0c00000,0x00000000aa376fb0,0x00000000ae780000)
 Metaspace       used 17986K, capacity 18185K, committed 18432K, reserved 1067008K
  class space    used 1721K, capacity 1761K, committed 1792K, reserved 1048576K
Event: 23.921 GC heap after
Heap after GC invocations=33 (full 3):
 PSYoungGen      total 379392K, used 224K [0x00000000e0400000, 0x00000000f9880000, 0x0000000100000000)
  eden space 347648K, 0% used [0x00000000e0400000,0x00000000e0400000,0x00000000f5780000)
  from space 31744K, 0% used [0x00000000f7980000,0x00000000f79b8000,0x00000000f9880000)
  to   space 33280K, 0% used [0x00000000f5780000,0x00000000f5780000,0x00000000f7800000)
 ParOldGen       total 224768K, used 155131K [0x00000000a0c00000, 0x00000000ae780000, 0x00000000e0400000)
  object space 224768K, 69% used [0x00000000a0c00000,0x00000000aa37efb0,0x00000000ae780000)
 Metaspace       used 17986K, capacity 18185K, committed 18432K, reserved 1067008K
  class space    used 1721K, capacity 1761K, committed 1792K, reserved 1048576K
}
Event: 25.051 GC heap before
{Heap before GC invocations=34 (full 3):
 PSYoungGen      total 379392K, used 339825K [0x00000000e0400000, 0x00000000f9880000, 0x0000000100000000)
  eden space 347648K, 97% used [0x00000000e0400000,0x00000000f4fa47e0,0x00000000f5780000)
  from space 31744K, 0% used [0x00000000f7980000,0x00000000f79b8000,0x00000000f9880000)
  to   space 33280K, 0% used [0x00000000f5780000,0x00000000f5780000,0x00000000f7800000)
 ParOldGen       total 224768K, used 155131K [0x00000000a0c00000, 0x00000000ae780000, 0x00000000e0400000)
  object space 224768K, 69% used [0x00000000a0c00000,0x00000000aa37efb0,0x00000000ae780000)
 Metaspace       used 17986K, capacity 18185K, committed 18432K, reserved 1067008K
  class space    used 1721K, capacity 1761K, committed 1792K, reserved 1048576K
Event: 25.052 GC heap after
Heap after GC invocations=34 (full 3):
 PSYoungGen      total 380928K, used 192K [0x00000000e0400000, 0x00000000f9900000, 0x0000000100000000)
  eden space 347648K, 0% used [0x00000000e0400000,0x00000000e0400000,0x00000000f5780000)
  from space 33280K, 0% used [0x00000000f5780000,0x00000000f57b0000,0x00000000f7800000)
  to   space 32256K, 0% used [0x00000000f7980000,0x00000000f7980000,0x00000000f9900000)
 ParOldGen       total 224768K, used 155163K [0x00000000a0c00000, 0x00000000ae780000, 0x00000000e0400000)
  object space 224768K, 69% used [0x00000000a0c00000,0x00000000aa386fb0,0x00000000ae780000)
 Metaspace       used 17986K, capacity 18185K, committed 18432K, reserved 1067008K
  class space    used 1721K, capacity 1761K, committed 1792K, reserved 1048576K
}

