# JRE version: Java(TM) SE Runtime Environment (8.0_25-b18) (build 1.8.0_25-b18)
# Java VM: Java HotSpot(TM) 64-Bit Server VM (25.25-b02 mixed mode windows-amd64 compressed oops)
Heap:
 PSYoungGen      total 293888K, used 256114K [0x00000000e0400000, 0x00000000f5880000, 0x0000000100000000)
  eden space 247808K, 99% used [0x00000000e0400000,0x00000000ef4310f8,0x00000000ef600000)
  from space 46080K, 22% used [0x00000000ef600000,0x00000000effeb750,0x00000000f2300000)
  to   space 45056K, 0% used [0x00000000f2c80000,0x00000000f2c80000,0x00000000f5880000)
 ParOldGen       total 226816K, used 145299K [0x00000000a0c00000, 0x00000000ae980000, 0x00000000e0400000)
  object space 226816K, 64% used [0x00000000a0c00000,0x00000000a99e4d78,0x00000000ae980000)
 Metaspace       used 17826K, capacity 18025K, committed 18304K, reserved 1064960K
  class space    used 1734K, capacity 1793K, committed 1920K, reserved 1048576K
GC Heap History (10 events):
Event: 7.288 GC heap before
{Heap before GC invocations=18 (full 3):
 PSYoungGen      total 261632K, used 217223K [0x00000000e0400000, 0x00000000f4180000, 0x0000000100000000)
  eden space 212480K, 97% used [0x00000000e0400000,0x00000000ece3ef08,0x00000000ed380000)
  from space 49152K, 20% used [0x00000000f1180000,0x00000000f1b62db0,0x00000000f4180000)
  to   space 56320K, 0% used [0x00000000ed380000,0x00000000ed380000,0x00000000f0a80000)
 ParOldGen       total 226816K, used 145259K [0x00000000a0c00000, 0x00000000ae980000, 0x00000000e0400000)
  object space 226816K, 64% used [0x00000000a0c00000,0x00000000a99dad78,0x00000000ae980000)
 Metaspace       used 17615K, capacity 17889K, committed 18048K, reserved 1064960K
  class space    used 1723K, capacity 1793K, committed 1920K, reserved 1048576K
Event: 7.291 GC heap after
Heap after GC invocations=18 (full 3):
 PSYoungGen      total 268800K, used 10157K [0x00000000e0400000, 0x00000000f5880000, 0x0000000100000000)
  eden space 212480K, 0% used [0x00000000e0400000,0x00000000e0400000,0x00000000ed380000)
  from space 56320K, 18% used [0x00000000ed380000,0x00000000edd6b750,0x00000000f0a80000)
  to   space 54272K, 0% used [0x00000000f2380000,0x00000000f2380000,0x00000000f5880000)
 ParOldGen       total 226816K, used 145267K [0x00000000a0c00000, 0x00000000ae980000, 0x00000000e0400000)
  object space 226816K, 64% used [0x00000000a0c00000,0x00000000a99dcd78,0x00000000ae980000)
 Metaspace       used 17615K, capacity 17889K, committed 18048K, reserved 1064960K
  class space    used 1723K, capacity 1793K, committed 1920K, reserved 1048576K
}
Event: 7.991 GC heap before
{Heap before GC invocations=19 (full 3):
 PSYoungGen      total 268800K, used 216907K [0x00000000e0400000, 0x00000000f5880000, 0x0000000100000000)
  eden space 212480K, 97% used [0x00000000e0400000,0x00000000ecde75d0,0x00000000ed380000)
  from space 56320K, 18% used [0x00000000ed380000,0x00000000edd6b750,0x00000000f0a80000)
  to   space 54272K, 0% used [0x00000000f2380000,0x00000000f2380000,0x00000000f5880000)
 ParOldGen       total 226816K, used 145267K [0x00000000a0c00000, 0x00000000ae980000, 0x00000000e0400000)
  object space 226816K, 64% used [0x00000000a0c00000,0x00000000a99dcd78,0x00000000ae980000)
 Metaspace       used 17625K, capacity 17889K, committed 18048K, reserved 1064960K
  class space    used 1723K, capacity 1793K, committed 1920K, reserved 1048576K
Event: 7.996 GC heap after
Heap after GC invocations=19 (full 3):
 PSYoungGen      total 281088K, used 10205K [0x00000000e0400000, 0x00000000f5000000, 0x0000000100000000)
  eden space 235520K, 0% used [0x00000000e0400000,0x00000000e0400000,0x00000000eea00000)
  from space 45568K, 22% used [0x00000000f2380000,0x00000000f2d77740,0x00000000f5000000)
  to   space 52224K, 0% used [0x00000000eea00000,0x00000000eea00000,0x00000000f1d00000)
 ParOldGen       total 226816K, used 145275K [0x00000000a0c00000, 0x00000000ae980000, 0x00000000e0400000)
  object space 226816K, 64% used [0x00000000a0c00000,0x00000000a99ded78,0x00000000ae980000)
 Metaspace       used 17625K, capacity 17889K, committed 18048K, reserved 1064960K
  class space    used 1723K, capacity 1793K, committed 1920K, reserved 1048576K
}
Event: 8.766 GC heap before
{Heap before GC invocations=20 (full 3):
 PSYoungGen      total 281088K, used 245714K [0x00000000e0400000, 0x00000000f5000000, 0x0000000100000000)
  eden space 235520K, 99% used [0x00000000e0400000,0x00000000ee9fd0c0,0x00000000eea00000)
  from space 45568K, 22% used [0x00000000f2380000,0x00000000f2d77740,0x00000000f5000000)
  to   space 52224K, 0% used [0x00000000eea00000,0x00000000eea00000,0x00000000f1d00000)
 ParOldGen       total 226816K, used 145275K [0x00000000a0c00000, 0x00000000ae980000, 0x00000000e0400000)
  object space 226816K, 64% used [0x00000000a0c00000,0x00000000a99ded78,0x00000000ae980000)
 Metaspace       used 17663K, capacity 17897K, committed 18048K, reserved 1064960K
  class space    used 1723K, capacity 1793K, committed 1920K, reserved 1048576K
Event: 8.773 GC heap after
Heap after GC invocations=20 (full 3):
 PSYoungGen      total 287744K, used 19087K [0x00000000e0400000, 0x00000000f5800000, 0x0000000100000000)
  eden space 235520K, 0% used [0x00000000e0400000,0x00000000e0400000,0x00000000eea00000)
  from space 52224K, 36% used [0x00000000eea00000,0x00000000efca3de0,0x00000000f1d00000)
  to   space 49152K, 0% used [0x00000000f2800000,0x00000000f2800000,0x00000000f5800000)
 ParOldGen       total 226816K, used 145283K [0x00000000a0c00000, 0x00000000ae980000, 0x00000000e0400000)
  object space 226816K, 64% used [0x00000000a0c00000,0x00000000a99e0d78,0x00000000ae980000)
 Metaspace       used 17663K, capacity 17897K, committed 18048K, reserved 1064960K
  class space    used 1723K, capacity 1793K, committed 1920K, reserved 1048576K
}
Event: 9.561 GC heap before
{Heap before GC invocations=21 (full 3):
 PSYoungGen      total 287744K, used 254189K [0x00000000e0400000, 0x00000000f5800000, 0x0000000100000000)
  eden space 235520K, 99% used [0x00000000e0400000,0x00000000ee9978d8,0x00000000eea00000)
  from space 52224K, 36% used [0x00000000eea00000,0x00000000efca3de0,0x00000000f1d00000)
  to   space 49152K, 0% used [0x00000000f2800000,0x00000000f2800000,0x00000000f5800000)
 ParOldGen       total 226816K, used 145283K [0x00000000a0c00000, 0x00000000ae980000, 0x00000000e0400000)
  object space 226816K, 64% used [0x00000000a0c00000,0x00000000a99e0d78,0x00000000ae980000)
 Metaspace       used 17778K, capacity 18025K, committed 18304K, reserved 1064960K
  class space    used 1723K, capacity 1793K, committed 1920K, reserved 1048576K
Event: 9.567 GC heap after
Heap after GC invocations=21 (full 3):
 PSYoungGen      total 288768K, used 18266K [0x00000000e0400000, 0x00000000f5000000, 0x0000000100000000)
  eden space 247808K, 0% used [0x00000000e0400000,0x00000000e0400000,0x00000000ef600000)
  from space 40960K, 44% used [0x00000000f2800000,0x00000000f39d6ab0,0x00000000f5000000)
  to   space 46080K, 0% used [0x00000000ef600000,0x00000000ef600000,0x00000000f2300000)
 ParOldGen       total 226816K, used 145291K [0x00000000a0c00000, 0x00000000ae980000, 0x00000000e0400000)
  object space 226816K, 64% used [0x00000000a0c00000,0x00000000a99e2d78,0x00000000ae980000)
 Metaspace       used 17778K, capacity 18025K, committed 18304K, reserved 1064960K
  class space    used 1723K, capacity 1793K, committed 1920K, reserved 1048576K
}
Event: 10.423 GC heap before
{Heap before GC invocations=22 (full 3):
 PSYoungGen      total 288768K, used 265849K [0x00000000e0400000, 0x00000000f5000000, 0x0000000100000000)
  eden space 247808K, 99% used [0x00000000e0400000,0x00000000ef5c7958,0x00000000ef600000)
  from space 40960K, 44% used [0x00000000f2800000,0x00000000f39d6ab0,0x00000000f5000000)
  to   space 46080K, 0% used [0x00000000ef600000,0x00000000ef600000,0x00000000f2300000)
 ParOldGen       total 226816K, used 145291K [0x00000000a0c00000, 0x00000000ae980000, 0x00000000e0400000)
  object space 226816K, 64% used [0x00000000a0c00000,0x00000000a99e2d78,0x00000000ae980000)
 Metaspace       used 17786K, capacity 18025K, committed 18304K, reserved 1064960K
  class space    used 1723K, capacity 1793K, committed 1920K, reserved 1048576K
Event: 10.426 GC heap after
Heap after GC invocations=22 (full 3):
 PSYoungGen      total 293888K, used 10157K [0x00000000e0400000, 0x00000000f5880000, 0x0000000100000000)
  eden space 247808K, 0% used [0x00000000e0400000,0x00000000e0400000,0x00000000ef600000)
  from space 46080K, 22% used [0x00000000ef600000,0x00000000effeb750,0x00000000f2300000)
  to   space 45056K, 0% used [0x00000000f2c80000,0x00000000f2c80000,0x00000000f5880000)
 ParOldGen       total 226816K, used 145299K [0x00000000a0c00000, 0x00000000ae980000, 0x00000000e0400000)
  object space 226816K, 64% used [0x00000000a0c00000,0x00000000a99e4d78,0x00000000ae980000)
 Metaspace       used 17786K, capacity 18025K, committed 18304K, reserved 1064960K
  class space    used 1723K, capacity 1793K, committed 1920K, reserved 1048576K
}

