# JRE version: Java(TM) SE Runtime Environment (8.0_25-b18) (build 1.8.0_25-b18)
# Java VM: Java HotSpot(TM) 64-Bit Server VM (25.25-b02 mixed mode windows-amd64 compressed oops)
Heap:
 PSYoungGen      total 310784K, used 234098K [0x00000000e0400000, 0x00000000f4e80000, 0x0000000100000000)
  eden space 283136K, 82% used [0x00000000e0400000,0x00000000ee864948,0x00000000f1880000)
  from space 27648K, 0% used [0x00000000f1880000,0x00000000f18b8000,0x00000000f3380000)
  to   space 26624K, 0% used [0x00000000f3480000,0x00000000f3480000,0x00000000f4e80000)
 ParOldGen       total 229376K, used 154311K [0x00000000a0c00000, 0x00000000aec00000, 0x00000000e0400000)
  object space 229376K, 67% used [0x00000000a0c00000,0x00000000aa2b1f40,0x00000000aec00000)
 Metaspace       used 17924K, capacity 18121K, committed 18176K, reserved 1064960K
  class space    used 1717K, capacity 1761K, committed 1792K, reserved 1048576K
GC Heap History (10 events):
Event: 18.047 GC heap before
{Heap before GC invocations=30 (full 3):
 PSYoungGen      total 309760K, used 277418K [0x00000000e0400000, 0x00000000f5500000, 0x0000000100000000)
  eden space 277504K, 99% used [0x00000000e0400000,0x00000000f12aa968,0x00000000f1300000)
  from space 32256K, 0% used [0x00000000f3580000,0x00000000f35c0000,0x00000000f5500000)
  to   space 33792K, 0% used [0x00000000f1300000,0x00000000f1300000,0x00000000f3400000)
 ParOldGen       total 229376K, used 154143K [0x00000000a0c00000, 0x00000000aec00000, 0x00000000e0400000)
  object space 229376K, 67% used [0x00000000a0c00000,0x00000000aa287f40,0x00000000aec00000)
 Metaspace       used 17923K, capacity 18121K, committed 18176K, reserved 1064960K
  class space    used 1717K, capacity 1761K, committed 1792K, reserved 1048576K
Event: 18.052 GC heap after
Heap after GC invocations=30 (full 3):
 PSYoungGen      total 311296K, used 8292K [0x00000000e0400000, 0x00000000f5380000, 0x0000000100000000)
  eden space 277504K, 0% used [0x00000000e0400000,0x00000000e0400000,0x00000000f1300000)
  from space 33792K, 24% used [0x00000000f1300000,0x00000000f1b19010,0x00000000f3400000)
  to   space 31232K, 0% used [0x00000000f3500000,0x00000000f3500000,0x00000000f5380000)
 ParOldGen       total 229376K, used 154207K [0x00000000a0c00000, 0x00000000aec00000, 0x00000000e0400000)
  object space 229376K, 67% used [0x00000000a0c00000,0x00000000aa297f40,0x00000000aec00000)
 Metaspace       used 17923K, capacity 18121K, committed 18176K, reserved 1064960K
  class space    used 1717K, capacity 1761K, committed 1792K, reserved 1048576K
}
Event: 19.073 GC heap before
{Heap before GC invocations=31 (full 3):
 PSYoungGen      total 311296K, used 278217K [0x00000000e0400000, 0x00000000f5380000, 0x0000000100000000)
  eden space 277504K, 97% used [0x00000000e0400000,0x00000000f0b996b8,0x00000000f1300000)
  from space 33792K, 24% used [0x00000000f1300000,0x00000000f1b19010,0x00000000f3400000)
  to   space 31232K, 0% used [0x00000000f3500000,0x00000000f3500000,0x00000000f5380000)
 ParOldGen       total 229376K, used 154207K [0x00000000a0c00000, 0x00000000aec00000, 0x00000000e0400000)
  object space 229376K, 67% used [0x00000000a0c00000,0x00000000aa297f40,0x00000000aec00000)
 Metaspace       used 17923K, capacity 18121K, committed 18176K, reserved 1064960K
  class space    used 1717K, capacity 1761K, committed 1792K, reserved 1048576K
Event: 19.075 GC heap after
Heap after GC invocations=31 (full 3):
 PSYoungGen      total 309248K, used 192K [0x00000000e0400000, 0x00000000f5100000, 0x0000000100000000)
  eden space 280576K, 0% used [0x00000000e0400000,0x00000000e0400000,0x00000000f1600000)
  from space 28672K, 0% used [0x00000000f3500000,0x00000000f3530000,0x00000000f5100000)
  to   space 30208K, 0% used [0x00000000f1600000,0x00000000f1600000,0x00000000f3380000)
 ParOldGen       total 229376K, used 154223K [0x00000000a0c00000, 0x00000000aec00000, 0x00000000e0400000)
  object space 229376K, 67% used [0x00000000a0c00000,0x00000000aa29bf40,0x00000000aec00000)
 Metaspace       used 17923K, capacity 18121K, committed 18176K, reserved 1064960K
  class space    used 1717K, capacity 1761K, committed 1792K, reserved 1048576K
}
Event: 20.106 GC heap before
{Heap before GC invocations=32 (full 3):
 PSYoungGen      total 309248K, used 278283K [0x00000000e0400000, 0x00000000f5100000, 0x0000000100000000)
  eden space 280576K, 99% used [0x00000000e0400000,0x00000000f1392cf0,0x00000000f1600000)
  from space 28672K, 0% used [0x00000000f3500000,0x00000000f3530000,0x00000000f5100000)
  to   space 30208K, 0% used [0x00000000f1600000,0x00000000f1600000,0x00000000f3380000)
 ParOldGen       total 229376K, used 154223K [0x00000000a0c00000, 0x00000000aec00000, 0x00000000e0400000)
  object space 229376K, 67% used [0x00000000a0c00000,0x00000000aa29bf40,0x00000000aec00000)
 Metaspace       used 17923K, capacity 18121K, committed 18176K, reserved 1064960K
  class space    used 1717K, capacity 1761K, committed 1792K, reserved 1048576K
Event: 20.107 GC heap after
Heap after GC invocations=32 (full 3):
 PSYoungGen      total 310784K, used 128K [0x00000000e0400000, 0x00000000f5180000, 0x0000000100000000)
  eden space 280576K, 0% used [0x00000000e0400000,0x00000000e0400000,0x00000000f1600000)
  from space 30208K, 0% used [0x00000000f1600000,0x00000000f1620000,0x00000000f3380000)
  to   space 29184K, 0% used [0x00000000f3500000,0x00000000f3500000,0x00000000f5180000)
 ParOldGen       total 229376K, used 154247K [0x00000000a0c00000, 0x00000000aec00000, 0x00000000e0400000)
  object space 229376K, 67% used [0x00000000a0c00000,0x00000000aa2a1f40,0x00000000aec00000)
 Metaspace       used 17923K, capacity 18121K, committed 18176K, reserved 1064960K
  class space    used 1717K, capacity 1761K, committed 1792K, reserved 1048576K
}
Event: 21.111 GC heap before
{Heap before GC invocations=33 (full 3):
 PSYoungGen      total 310784K, used 280165K [0x00000000e0400000, 0x00000000f5180000, 0x0000000100000000)
  eden space 280576K, 99% used [0x00000000e0400000,0x00000000f1579518,0x00000000f1600000)
  from space 30208K, 0% used [0x00000000f1600000,0x00000000f1620000,0x00000000f3380000)
  to   space 29184K, 0% used [0x00000000f3500000,0x00000000f3500000,0x00000000f5180000)
 ParOldGen       total 229376K, used 154247K [0x00000000a0c00000, 0x00000000aec00000, 0x00000000e0400000)
  object space 229376K, 67% used [0x00000000a0c00000,0x00000000aa2a1f40,0x00000000aec00000)
 Metaspace       used 17923K, capacity 18121K, committed 18176K, reserved 1064960K
  class space    used 1717K, capacity 1761K, committed 1792K, reserved 1048576K
Event: 21.115 GC heap after
Heap after GC invocations=33 (full 3):
 PSYoungGen      total 309248K, used 8292K [0x00000000e0400000, 0x00000000f4e80000, 0x0000000100000000)
  eden space 283136K, 0% used [0x00000000e0400000,0x00000000e0400000,0x00000000f1880000)
  from space 26112K, 31% used [0x00000000f3500000,0x00000000f3d19010,0x00000000f4e80000)
  to   space 27648K, 0% used [0x00000000f1880000,0x00000000f1880000,0x00000000f3380000)
 ParOldGen       total 229376K, used 154287K [0x00000000a0c00000, 0x00000000aec00000, 0x00000000e0400000)
  object space 229376K, 67% used [0x00000000a0c00000,0x00000000aa2abf40,0x00000000aec00000)
 Metaspace       used 17923K, capacity 18121K, committed 18176K, reserved 1064960K
  class space    used 1717K, capacity 1761K, committed 1792K, reserved 1048576K
}
Event: 22.173 GC heap before
{Heap before GC invocations=34 (full 3):
 PSYoungGen      total 309248K, used 287273K [0x00000000e0400000, 0x00000000f4e80000, 0x0000000100000000)
  eden space 283136K, 98% used [0x00000000e0400000,0x00000000f1471500,0x00000000f1880000)
  from space 26112K, 31% used [0x00000000f3500000,0x00000000f3d19010,0x00000000f4e80000)
  to   space 27648K, 0% used [0x00000000f1880000,0x00000000f1880000,0x00000000f3380000)
 ParOldGen       total 229376K, used 154287K [0x00000000a0c00000, 0x00000000aec00000, 0x00000000e0400000)
  object space 229376K, 67% used [0x00000000a0c00000,0x00000000aa2abf40,0x00000000aec00000)
 Metaspace       used 17923K, capacity 18121K, committed 18176K, reserved 1064960K
  class space    used 1717K, capacity 1761K, committed 1792K, reserved 1048576K
Event: 22.174 GC heap after
Heap after GC invocations=34 (full 3):
 PSYoungGen      total 310784K, used 224K [0x00000000e0400000, 0x00000000f4e80000, 0x0000000100000000)
  eden space 283136K, 0% used [0x00000000e0400000,0x00000000e0400000,0x00000000f1880000)
  from space 27648K, 0% used [0x00000000f1880000,0x00000000f18b8000,0x00000000f3380000)
  to   space 26624K, 0% used [0x00000000f3480000,0x00000000f3480000,0x00000000f4e80000)
 ParOldGen       total 229376K, used 154311K [0x00000000a0c00000, 0x00000000aec00000, 0x00000000e0400000)
  object space 229376K, 67% used [0x00000000a0c00000,0x00000000aa2b1f40,0x00000000aec00000)
 Metaspace       used 17923K, capacity 18121K, committed 18176K, reserved 1064960K
  class space    used 1717K, capacity 1761K, committed 1792K, reserved 1048576K
}

