# JRE version: Java(TM) SE Runtime Environment (8.0_25-b18) (build 1.8.0_25-b18)
# Java VM: Java HotSpot(TM) 64-Bit Server VM (25.25-b02 mixed mode windows-amd64 compressed oops)
Heap:
 PSYoungGen      total 261120K, used 217447K [0x00000000e0400000, 0x00000000f3780000, 0x0000000100000000)
  eden space 219648K, 94% used [0x00000000e0400000,0x00000000ecf8e158,0x00000000eda80000)
  from space 41472K, 21% used [0x00000000f0f00000,0x00000000f17cbb50,0x00000000f3780000)
  to   space 47616K, 0% used [0x00000000eda80000,0x00000000eda80000,0x00000000f0900000)
 ParOldGen       total 228352K, used 145305K [0x00000000a0c00000, 0x00000000aeb00000, 0x00000000e0400000)
  object space 228352K, 63% used [0x00000000a0c00000,0x00000000a99e65b0,0x00000000aeb00000)
 Metaspace       used 17750K, capacity 17961K, committed 18304K, reserved 1064960K
  class space    used 1734K, capacity 1793K, committed 1920K, reserved 1048576K
GC Heap History (10 events):
Event: 4.254 GC heap before
{Heap before GC invocations=15 (full 3):
 PSYoungGen      total 198144K, used 142531K [0x00000000e0400000, 0x00000000f2080000, 0x0000000100000000)
  eden space 142336K, 99% used [0x00000000e0400000,0x00000000e8e4a3e8,0x00000000e8f00000)
  from space 55808K, 1% used [0x00000000e8f00000,0x00000000e8fe6b30,0x00000000ec580000)
  to   space 56320K, 0% used [0x00000000ee980000,0x00000000ee980000,0x00000000f2080000)
 ParOldGen       total 228352K, used 145265K [0x00000000a0c00000, 0x00000000aeb00000, 0x00000000e0400000)
  object space 228352K, 63% used [0x00000000a0c00000,0x00000000a99dc5b0,0x00000000aeb00000)
 Metaspace       used 17458K, capacity 17697K, committed 18048K, reserved 1064960K
  class space    used 1723K, capacity 1793K, committed 1920K, reserved 1048576K
Event: 4.259 GC heap after
Heap after GC invocations=15 (full 3):
 PSYoungGen      total 220672K, used 8990K [0x00000000e0400000, 0x00000000f1800000, 0x0000000100000000)
  eden space 173056K, 0% used [0x00000000e0400000,0x00000000e0400000,0x00000000ead00000)
  from space 47616K, 18% used [0x00000000ee980000,0x00000000ef247b40,0x00000000f1800000)
  to   space 54784K, 0% used [0x00000000ead00000,0x00000000ead00000,0x00000000ee280000)
 ParOldGen       total 228352K, used 145273K [0x00000000a0c00000, 0x00000000aeb00000, 0x00000000e0400000)
  object space 228352K, 63% used [0x00000000a0c00000,0x00000000a99de5b0,0x00000000aeb00000)
 Metaspace       used 17458K, capacity 17697K, committed 18048K, reserved 1064960K
  class space    used 1723K, capacity 1793K, committed 1920K, reserved 1048576K
}
Event: 4.921 GC heap before
{Heap before GC invocations=16 (full 3):
 PSYoungGen      total 220672K, used 175264K [0x00000000e0400000, 0x00000000f1800000, 0x0000000100000000)
  eden space 173056K, 96% used [0x00000000e0400000,0x00000000ea660608,0x00000000ead00000)
  from space 47616K, 18% used [0x00000000ee980000,0x00000000ef247b40,0x00000000f1800000)
  to   space 54784K, 0% used [0x00000000ead00000,0x00000000ead00000,0x00000000ee280000)
 ParOldGen       total 228352K, used 145273K [0x00000000a0c00000, 0x00000000aeb00000, 0x00000000e0400000)
  object space 228352K, 63% used [0x00000000a0c00000,0x00000000a99de5b0,0x00000000aeb00000)
 Metaspace       used 17504K, capacity 17761K, committed 18048K, reserved 1064960K
  class space    used 1723K, capacity 1793K, committed 1920K, reserved 1048576K
Event: 4.924 GC heap after
Heap after GC invocations=16 (full 3):
 PSYoungGen      total 227840K, used 9006K [0x00000000e0400000, 0x00000000f3380000, 0x0000000100000000)
  eden space 173056K, 0% used [0x00000000e0400000,0x00000000e0400000,0x00000000ead00000)
  from space 54784K, 16% used [0x00000000ead00000,0x00000000eb5cbb50,0x00000000ee280000)
  to   space 53248K, 0% used [0x00000000eff80000,0x00000000eff80000,0x00000000f3380000)
 ParOldGen       total 228352K, used 145281K [0x00000000a0c00000, 0x00000000aeb00000, 0x00000000e0400000)
  object space 228352K, 63% used [0x00000000a0c00000,0x00000000a99e05b0,0x00000000aeb00000)
 Metaspace       used 17504K, capacity 17761K, committed 18048K, reserved 1064960K
  class space    used 1723K, capacity 1793K, committed 1920K, reserved 1048576K
}
Event: 5.587 GC heap before
{Heap before GC invocations=17 (full 3):
 PSYoungGen      total 227840K, used 174968K [0x00000000e0400000, 0x00000000f3380000, 0x0000000100000000)
  eden space 173056K, 95% used [0x00000000e0400000,0x00000000ea612728,0x00000000ead00000)
  from space 54784K, 16% used [0x00000000ead00000,0x00000000eb5cbb50,0x00000000ee280000)
  to   space 53248K, 0% used [0x00000000eff80000,0x00000000eff80000,0x00000000f3380000)
 ParOldGen       total 228352K, used 145281K [0x00000000a0c00000, 0x00000000aeb00000, 0x00000000e0400000)
  object space 228352K, 63% used [0x00000000a0c00000,0x00000000a99e05b0,0x00000000aeb00000)
 Metaspace       used 17522K, capacity 17761K, committed 18048K, reserved 1064960K
  class space    used 1723K, capacity 1793K, committed 1920K, reserved 1048576K
Event: 5.592 GC heap after
Heap after GC invocations=17 (full 3):
 PSYoungGen      total 243200K, used 8990K [0x00000000e0400000, 0x00000000f2a80000, 0x0000000100000000)
  eden space 199168K, 0% used [0x00000000e0400000,0x00000000e0400000,0x00000000ec680000)
  from space 44032K, 20% used [0x00000000eff80000,0x00000000f0847b40,0x00000000f2a80000)
  to   space 51200K, 0% used [0x00000000ec680000,0x00000000ec680000,0x00000000ef880000)
 ParOldGen       total 228352K, used 145289K [0x00000000a0c00000, 0x00000000aeb00000, 0x00000000e0400000)
  object space 228352K, 63% used [0x00000000a0c00000,0x00000000a99e25b0,0x00000000aeb00000)
 Metaspace       used 17522K, capacity 17761K, committed 18048K, reserved 1064960K
  class space    used 1723K, capacity 1793K, committed 1920K, reserved 1048576K
}
Event: 6.388 GC heap before
{Heap before GC invocations=18 (full 3):
 PSYoungGen      total 243200K, used 207719K [0x00000000e0400000, 0x00000000f2a80000, 0x0000000100000000)
  eden space 199168K, 99% used [0x00000000e0400000,0x00000000ec6121d0,0x00000000ec680000)
  from space 44032K, 20% used [0x00000000eff80000,0x00000000f0847b40,0x00000000f2a80000)
  to   space 51200K, 0% used [0x00000000ec680000,0x00000000ec680000,0x00000000ef880000)
 ParOldGen       total 228352K, used 145289K [0x00000000a0c00000, 0x00000000aeb00000, 0x00000000e0400000)
  object space 228352K, 63% used [0x00000000a0c00000,0x00000000a99e25b0,0x00000000aeb00000)
 Metaspace       used 17549K, capacity 17825K, committed 18048K, reserved 1064960K
  class space    used 1723K, capacity 1793K, committed 1920K, reserved 1048576K
Event: 6.392 GC heap after
Heap after GC invocations=18 (full 3):
 PSYoungGen      total 250368K, used 8974K [0x00000000e0400000, 0x00000000f3f80000, 0x0000000100000000)
  eden space 199168K, 0% used [0x00000000e0400000,0x00000000e0400000,0x00000000ec680000)
  from space 51200K, 17% used [0x00000000ec680000,0x00000000ecf43b50,0x00000000ef880000)
  to   space 49664K, 0% used [0x00000000f0f00000,0x00000000f0f00000,0x00000000f3f80000)
 ParOldGen       total 228352K, used 145297K [0x00000000a0c00000, 0x00000000aeb00000, 0x00000000e0400000)
  object space 228352K, 63% used [0x00000000a0c00000,0x00000000a99e45b0,0x00000000aeb00000)
 Metaspace       used 17549K, capacity 17825K, committed 18048K, reserved 1064960K
  class space    used 1723K, capacity 1793K, committed 1920K, reserved 1048576K
}
Event: 7.187 GC heap before
{Heap before GC invocations=19 (full 3):
 PSYoungGen      total 250368K, used 207556K [0x00000000e0400000, 0x00000000f3f80000, 0x0000000100000000)
  eden space 199168K, 99% used [0x00000000e0400000,0x00000000ec5ed560,0x00000000ec680000)
  from space 51200K, 17% used [0x00000000ec680000,0x00000000ecf43b50,0x00000000ef880000)
  to   space 49664K, 0% used [0x00000000f0f00000,0x00000000f0f00000,0x00000000f3f80000)
 ParOldGen       total 228352K, used 145297K [0x00000000a0c00000, 0x00000000aeb00000, 0x00000000e0400000)
  object space 228352K, 63% used [0x00000000a0c00000,0x00000000a99e45b0,0x00000000aeb00000)
 Metaspace       used 17600K, capacity 17825K, committed 18048K, reserved 1064960K
  class space    used 1723K, capacity 1793K, committed 1920K, reserved 1048576K
Event: 7.192 GC heap after
Heap after GC invocations=19 (full 3):
 PSYoungGen      total 261120K, used 9006K [0x00000000e0400000, 0x00000000f3780000, 0x0000000100000000)
  eden space 219648K, 0% used [0x00000000e0400000,0x00000000e0400000,0x00000000eda80000)
  from space 41472K, 21% used [0x00000000f0f00000,0x00000000f17cbb50,0x00000000f3780000)
  to   space 47616K, 0% used [0x00000000eda80000,0x00000000eda80000,0x00000000f0900000)
 ParOldGen       total 228352K, used 145305K [0x00000000a0c00000, 0x00000000aeb00000, 0x00000000e0400000)
  object space 228352K, 63% used [0x00000000a0c00000,0x00000000a99e65b0,0x00000000aeb00000)
 Metaspace       used 17600K, capacity 17825K, committed 18048K, reserved 1064960K
  class space    used 1723K, capacity 1793K, committed 1920K, reserved 1048576K
}

