# JRE version: Java(TM) SE Runtime Environment (8.0_25-b18) (build 1.8.0_25-b18)
# Java VM: Java HotSpot(TM) 64-Bit Server VM (25.25-b02 mixed mode windows-amd64 compressed oops)
Heap:
 PSYoungGen      total 329728K, used 260993K [0x00000000e0400000, 0x00000000f8780000, 0x0000000100000000)
  eden space 275968K, 94% used [0x00000000e0400000,0x00000000f02c05d0,0x00000000f1180000)
  from space 53760K, 0% used [0x00000000f5300000,0x00000000f5320000,0x00000000f8780000)
  to   space 60416K, 0% used [0x00000000f1180000,0x00000000f1180000,0x00000000f4c80000)
 ParOldGen       total 205824K, used 154962K [0x00000000a0c00000, 0x00000000ad500000, 0x00000000e0400000)
  object space 205824K, 75% used [0x00000000a0c00000,0x00000000aa3549b0,0x00000000ad500000)
 Metaspace       used 17545K, capacity 17761K, committed 18048K, reserved 1064960K
  class space    used 1732K, capacity 1793K, committed 1920K, reserved 1048576K
GC Heap History (10 events):
Event: 3.471 GC heap before
{Heap before GC invocations=11 (full 2):
 PSYoungGen      total 202752K, used 202730K [0x00000000e0400000, 0x00000000f1280000, 0x0000000100000000)
  eden space 153088K, 100% used [0x00000000e0400000,0x00000000e9980000,0x00000000e9980000)
  from space 49664K, 99% used [0x00000000ed300000,0x00000000f037ab28,0x00000000f0380000)
  to   space 58880K, 0% used [0x00000000e9980000,0x00000000e9980000,0x00000000ed300000)
 ParOldGen       total 139264K, used 96699K [0x00000000a0c00000, 0x00000000a9400000, 0x00000000e0400000)
  object space 139264K, 69% used [0x00000000a0c00000,0x00000000a6a6ef50,0x00000000a9400000)
 Metaspace       used 17324K, capacity 17563K, committed 17792K, reserved 1064960K
  class space    used 1718K, capacity 1792K, committed 1920K, reserved 1048576K
Event: 3.518 GC heap after
Heap after GC invocations=11 (full 2):
 PSYoungGen      total 211968K, used 37653K [0x00000000e0400000, 0x00000000f5300000, 0x0000000100000000)
  eden space 153088K, 0% used [0x00000000e0400000,0x00000000e0400000,0x00000000e9980000)
  from space 58880K, 63% used [0x00000000e9980000,0x00000000ebe45648,0x00000000ed300000)
  to   space 59904K, 0% used [0x00000000f1880000,0x00000000f1880000,0x00000000f5300000)
 ParOldGen       total 139264K, used 109692K [0x00000000a0c00000, 0x00000000a9400000, 0x00000000e0400000)
  object space 139264K, 78% used [0x00000000a0c00000,0x00000000a771f090,0x00000000a9400000)
 Metaspace       used 17324K, capacity 17563K, committed 17792K, reserved 1064960K
  class space    used 1718K, capacity 1792K, committed 1920K, reserved 1048576K
}
Event: 3.518 GC heap before
{Heap before GC invocations=12 (full 3):
 PSYoungGen      total 211968K, used 37653K [0x00000000e0400000, 0x00000000f5300000, 0x0000000100000000)
  eden space 153088K, 0% used [0x00000000e0400000,0x00000000e0400000,0x00000000e9980000)
  from space 58880K, 63% used [0x00000000e9980000,0x00000000ebe45648,0x00000000ed300000)
  to   space 59904K, 0% used [0x00000000f1880000,0x00000000f1880000,0x00000000f5300000)
 ParOldGen       total 139264K, used 109692K [0x00000000a0c00000, 0x00000000a9400000, 0x00000000e0400000)
  object space 139264K, 78% used [0x00000000a0c00000,0x00000000a771f090,0x00000000a9400000)
 Metaspace       used 17324K, capacity 17563K, committed 17792K, reserved 1064960K
  class space    used 1718K, capacity 1792K, committed 1920K, reserved 1048576K
Event: 3.716 GC heap after
Heap after GC invocations=12 (full 3):
 PSYoungGen      total 211968K, used 6817K [0x00000000e0400000, 0x00000000f5300000, 0x0000000100000000)
  eden space 153088K, 0% used [0x00000000e0400000,0x00000000e0400000,0x00000000e9980000)
  from space 58880K, 11% used [0x00000000e9980000,0x00000000ea028490,0x00000000ed300000)
  to   space 59904K, 0% used [0x00000000f1880000,0x00000000f1880000,0x00000000f5300000)
 ParOldGen       total 205824K, used 139054K [0x00000000a0c00000, 0x00000000ad500000, 0x00000000e0400000)
  object space 205824K, 67% used [0x00000000a0c00000,0x00000000a93cba70,0x00000000ad500000)
 Metaspace       used 17324K, capacity 17563K, committed 17792K, reserved 1064960K
  class space    used 1718K, capacity 1792K, committed 1920K, reserved 1048576K
}
Event: 3.893 GC heap before
{Heap before GC invocations=13 (full 3):
 PSYoungGen      total 211968K, used 153419K [0x00000000e0400000, 0x00000000f5300000, 0x0000000100000000)
  eden space 153088K, 95% used [0x00000000e0400000,0x00000000e932a780,0x00000000e9980000)
  from space 58880K, 11% used [0x00000000e9980000,0x00000000ea028490,0x00000000ed300000)
  to   space 59904K, 0% used [0x00000000f1880000,0x00000000f1880000,0x00000000f5300000)
 ParOldGen       total 205824K, used 139054K [0x00000000a0c00000, 0x00000000ad500000, 0x00000000e0400000)
  object space 205824K, 67% used [0x00000000a0c00000,0x00000000a93cba70,0x00000000ad500000)
 Metaspace       used 17362K, capacity 17569K, committed 17792K, reserved 1064960K
  class space    used 1719K, capacity 1793K, committed 1920K, reserved 1048576K
Event: 3.903 GC heap after
Heap after GC invocations=13 (full 3):
 PSYoungGen      total 261632K, used 192K [0x00000000e0400000, 0x00000000f4a00000, 0x0000000100000000)
  eden space 210944K, 0% used [0x00000000e0400000,0x00000000e0400000,0x00000000ed200000)
  from space 50688K, 0% used [0x00000000f1880000,0x00000000f18b0000,0x00000000f4a00000)
  to   space 61440K, 0% used [0x00000000ed200000,0x00000000ed200000,0x00000000f0e00000)
 ParOldGen       total 205824K, used 145942K [0x00000000a0c00000, 0x00000000ad500000, 0x00000000e0400000)
  object space 205824K, 70% used [0x00000000a0c00000,0x00000000a9a85990,0x00000000ad500000)
 Metaspace       used 17362K, capacity 17569K, committed 17792K, reserved 1064960K
  class space    used 1719K, capacity 1793K, committed 1920K, reserved 1048576K
}
Event: 4.209 GC heap before
{Heap before GC invocations=14 (full 3):
 PSYoungGen      total 261632K, used 204979K [0x00000000e0400000, 0x00000000f4a00000, 0x0000000100000000)
  eden space 210944K, 97% used [0x00000000e0400000,0x00000000ecbfcf70,0x00000000ed200000)
  from space 50688K, 0% used [0x00000000f1880000,0x00000000f18b0000,0x00000000f4a00000)
  to   space 61440K, 0% used [0x00000000ed200000,0x00000000ed200000,0x00000000f0e00000)
 ParOldGen       total 205824K, used 145942K [0x00000000a0c00000, 0x00000000ad500000, 0x00000000e0400000)
  object space 205824K, 70% used [0x00000000a0c00000,0x00000000a9a85990,0x00000000ad500000)
 Metaspace       used 17449K, capacity 17697K, committed 18048K, reserved 1064960K
  class space    used 1719K, capacity 1793K, committed 1920K, reserved 1048576K
Event: 4.213 GC heap after
Heap after GC invocations=14 (full 3):
 PSYoungGen      total 272384K, used 9108K [0x00000000e0400000, 0x00000000f8e00000, 0x0000000100000000)
  eden space 210944K, 0% used [0x00000000e0400000,0x00000000e0400000,0x00000000ed200000)
  from space 61440K, 14% used [0x00000000ed200000,0x00000000edae5020,0x00000000f0e00000)
  to   space 60416K, 0% used [0x00000000f5300000,0x00000000f5300000,0x00000000f8e00000)
 ParOldGen       total 205824K, used 145990K [0x00000000a0c00000, 0x00000000ad500000, 0x00000000e0400000)
  object space 205824K, 70% used [0x00000000a0c00000,0x00000000a9a91990,0x00000000ad500000)
 Metaspace       used 17449K, capacity 17697K, committed 18048K, reserved 1064960K
  class space    used 1719K, capacity 1793K, committed 1920K, reserved 1048576K
}
Event: 4.485 GC heap before
{Heap before GC invocations=15 (full 3):
 PSYoungGen      total 272384K, used 220052K [0x00000000e0400000, 0x00000000f8e00000, 0x0000000100000000)
  eden space 210944K, 100% used [0x00000000e0400000,0x00000000ed200000,0x00000000ed200000)
  from space 61440K, 14% used [0x00000000ed200000,0x00000000edae5020,0x00000000f0e00000)
  to   space 60416K, 0% used [0x00000000f5300000,0x00000000f5300000,0x00000000f8e00000)
 ParOldGen       total 205824K, used 145990K [0x00000000a0c00000, 0x00000000ad500000, 0x00000000e0400000)
  object space 205824K, 70% used [0x00000000a0c00000,0x00000000a9a91990,0x00000000ad500000)
 Metaspace       used 17462K, capacity 17697K, committed 18048K, reserved 1064960K
  class space    used 1719K, capacity 1793K, committed 1920K, reserved 1048576K
Event: 4.492 GC heap after
Heap after GC invocations=15 (full 3):
 PSYoungGen      total 329728K, used 128K [0x00000000e0400000, 0x00000000f8780000, 0x0000000100000000)
  eden space 275968K, 0% used [0x00000000e0400000,0x00000000e0400000,0x00000000f1180000)
  from space 53760K, 0% used [0x00000000f5300000,0x00000000f5320000,0x00000000f8780000)
  to   space 60416K, 0% used [0x00000000f1180000,0x00000000f1180000,0x00000000f4c80000)
 ParOldGen       total 205824K, used 154962K [0x00000000a0c00000, 0x00000000ad500000, 0x00000000e0400000)
  object space 205824K, 75% used [0x00000000a0c00000,0x00000000aa3549b0,0x00000000ad500000)
 Metaspace       used 17462K, capacity 17697K, committed 18048K, reserved 1064960K
  class space    used 1719K, capacity 1793K, committed 1920K, reserved 1048576K
}

