# JRE version: Java(TM) SE Runtime Environment (8.0_25-b18) (build 1.8.0_25-b18)
# Java VM: Java HotSpot(TM) 64-Bit Server VM (25.25-b02 mixed mode windows-amd64 compressed oops)
Heap:
 PSYoungGen      total 485376K, used 311991K [0x00000000e0400000, 0x00000000ff200000, 0x0000000100000000)
  eden space 466432K, 66% used [0x00000000e0400000,0x00000000f347def0,0x00000000fcb80000)
  from space 18944K, 1% used [0x00000000fcb80000,0x00000000fcbb0000,0x00000000fde00000)
  to   space 17920K, 0% used [0x00000000fe080000,0x00000000fe080000,0x00000000ff200000)
 ParOldGen       total 205312K, used 155449K [0x00000000a0c00000, 0x00000000ad480000, 0x00000000e0400000)
  object space 205312K, 75% used [0x00000000a0c00000,0x00000000aa3ce7e0,0x00000000ad480000)
 Metaspace       used 18035K, capacity 18217K, committed 18560K, reserved 1067008K
  class space    used 1729K, capacity 1793K, committed 1920K, reserved 1048576K
GC Heap History (10 events):
Event: 17.242 GC heap before
{Heap before GC invocations=36 (full 3):
 PSYoungGen      total 480256K, used 458400K [0x00000000e0400000, 0x00000000ff380000, 0x0000000100000000)
  eden space 458240K, 100% used [0x00000000e0400000,0x00000000fc380000,0x00000000fc380000)
  from space 22016K, 0% used [0x00000000fde00000,0x00000000fde28000,0x00000000ff380000)
  to   space 24576K, 0% used [0x00000000fc380000,0x00000000fc380000,0x00000000fdb80000)
 ParOldGen       total 205312K, used 155385K [0x00000000a0c00000, 0x00000000ad480000, 0x00000000e0400000)
  object space 205312K, 75% used [0x00000000a0c00000,0x00000000aa3be7e0,0x00000000ad480000)
 Metaspace       used 17916K, capacity 18153K, committed 18304K, reserved 1064960K
  class space    used 1718K, capacity 1793K, committed 1920K, reserved 1048576K
Event: 17.244 GC heap after
Heap after GC invocations=36 (full 3):
 PSYoungGen      total 482816K, used 160K [0x00000000e0400000, 0x00000000ff600000, 0x0000000100000000)
  eden space 458240K, 0% used [0x00000000e0400000,0x00000000e0400000,0x00000000fc380000)
  from space 24576K, 0% used [0x00000000fc380000,0x00000000fc3a8000,0x00000000fdb80000)
  to   space 23552K, 0% used [0x00000000fdf00000,0x00000000fdf00000,0x00000000ff600000)
 ParOldGen       total 205312K, used 155401K [0x00000000a0c00000, 0x00000000ad480000, 0x00000000e0400000)
  object space 205312K, 75% used [0x00000000a0c00000,0x00000000aa3c27e0,0x00000000ad480000)
 Metaspace       used 17916K, capacity 18153K, committed 18304K, reserved 1064960K
  class space    used 1718K, capacity 1793K, committed 1920K, reserved 1048576K
}
Event: 17.951 GC heap before
{Heap before GC invocations=37 (full 3):
 PSYoungGen      total 482816K, used 458400K [0x00000000e0400000, 0x00000000ff600000, 0x0000000100000000)
  eden space 458240K, 100% used [0x00000000e0400000,0x00000000fc380000,0x00000000fc380000)
  from space 24576K, 0% used [0x00000000fc380000,0x00000000fc3a8000,0x00000000fdb80000)
  to   space 23552K, 0% used [0x00000000fdf00000,0x00000000fdf00000,0x00000000ff600000)
 ParOldGen       total 205312K, used 155401K [0x00000000a0c00000, 0x00000000ad480000, 0x00000000e0400000)
  object space 205312K, 75% used [0x00000000a0c00000,0x00000000aa3c27e0,0x00000000ad480000)
 Metaspace       used 17972K, capacity 18217K, committed 18560K, reserved 1067008K
  class space    used 1718K, capacity 1793K, committed 1920K, reserved 1048576K
Event: 17.952 GC heap after
Heap after GC invocations=37 (full 3):
 PSYoungGen      total 482304K, used 192K [0x00000000e0400000, 0x00000000ff280000, 0x0000000100000000)
  eden space 462336K, 0% used [0x00000000e0400000,0x00000000e0400000,0x00000000fc780000)
  from space 19968K, 0% used [0x00000000fdf00000,0x00000000fdf30000,0x00000000ff280000)
  to   space 22016K, 0% used [0x00000000fc780000,0x00000000fc780000,0x00000000fdd00000)
 ParOldGen       total 205312K, used 155425K [0x00000000a0c00000, 0x00000000ad480000, 0x00000000e0400000)
  object space 205312K, 75% used [0x00000000a0c00000,0x00000000aa3c87e0,0x00000000ad480000)
 Metaspace       used 17972K, capacity 18217K, committed 18560K, reserved 1067008K
  class space    used 1718K, capacity 1793K, committed 1920K, reserved 1048576K
}
Event: 18.639 GC heap before
{Heap before GC invocations=38 (full 3):
 PSYoungGen      total 482304K, used 462528K [0x00000000e0400000, 0x00000000ff280000, 0x0000000100000000)
  eden space 462336K, 100% used [0x00000000e0400000,0x00000000fc780000,0x00000000fc780000)
  from space 19968K, 0% used [0x00000000fdf00000,0x00000000fdf30000,0x00000000ff280000)
  to   space 22016K, 0% used [0x00000000fc780000,0x00000000fc780000,0x00000000fdd00000)
 ParOldGen       total 205312K, used 155425K [0x00000000a0c00000, 0x00000000ad480000, 0x00000000e0400000)
  object space 205312K, 75% used [0x00000000a0c00000,0x00000000aa3c87e0,0x00000000ad480000)
 Metaspace       used 17972K, capacity 18217K, committed 18560K, reserved 1067008K
  class space    used 1718K, capacity 1793K, committed 1920K, reserved 1048576K
Event: 18.641 GC heap after
Heap after GC invocations=38 (full 3):
 PSYoungGen      total 484352K, used 160K [0x00000000e0400000, 0x00000000ff380000, 0x0000000100000000)
  eden space 462336K, 0% used [0x00000000e0400000,0x00000000e0400000,0x00000000fc780000)
  from space 22016K, 0% used [0x00000000fc780000,0x00000000fc7a8000,0x00000000fdd00000)
  to   space 20480K, 0% used [0x00000000fdf80000,0x00000000fdf80000,0x00000000ff380000)
 ParOldGen       total 205312K, used 155433K [0x00000000a0c00000, 0x00000000ad480000, 0x00000000e0400000)
  object space 205312K, 75% used [0x00000000a0c00000,0x00000000aa3ca7e0,0x00000000ad480000)
 Metaspace       used 17972K, capacity 18217K, committed 18560K, reserved 1067008K
  class space    used 1718K, capacity 1793K, committed 1920K, reserved 1048576K
}
Event: 19.334 GC heap before
{Heap before GC invocations=39 (full 3):
 PSYoungGen      total 484352K, used 462496K [0x00000000e0400000, 0x00000000ff380000, 0x0000000100000000)
  eden space 462336K, 100% used [0x00000000e0400000,0x00000000fc780000,0x00000000fc780000)
  from space 22016K, 0% used [0x00000000fc780000,0x00000000fc7a8000,0x00000000fdd00000)
  to   space 20480K, 0% used [0x00000000fdf80000,0x00000000fdf80000,0x00000000ff380000)
 ParOldGen       total 205312K, used 155433K [0x00000000a0c00000, 0x00000000ad480000, 0x00000000e0400000)
  object space 205312K, 75% used [0x00000000a0c00000,0x00000000aa3ca7e0,0x00000000ad480000)
 Metaspace       used 17972K, capacity 18217K, committed 18560K, reserved 1067008K
  class space    used 1718K, capacity 1793K, committed 1920K, reserved 1048576K
Event: 19.335 GC heap after
Heap after GC invocations=39 (full 3):
 PSYoungGen      total 483840K, used 160K [0x00000000e0400000, 0x00000000ff080000, 0x0000000100000000)
  eden space 466432K, 0% used [0x00000000e0400000,0x00000000e0400000,0x00000000fcb80000)
  from space 17408K, 0% used [0x00000000fdf80000,0x00000000fdfa8000,0x00000000ff080000)
  to   space 18944K, 0% used [0x00000000fcb80000,0x00000000fcb80000,0x00000000fde00000)
 ParOldGen       total 205312K, used 155433K [0x00000000a0c00000, 0x00000000ad480000, 0x00000000e0400000)
  object space 205312K, 75% used [0x00000000a0c00000,0x00000000aa3ca7e0,0x00000000ad480000)
 Metaspace       used 17972K, capacity 18217K, committed 18560K, reserved 1067008K
  class space    used 1718K, capacity 1793K, committed 1920K, reserved 1048576K
}
Event: 21.173 GC heap before
{Heap before GC invocations=40 (full 3):
 PSYoungGen      total 483840K, used 459557K [0x00000000e0400000, 0x00000000ff080000, 0x0000000100000000)
  eden space 466432K, 98% used [0x00000000e0400000,0x00000000fc4a1560,0x00000000fcb80000)
  from space 17408K, 0% used [0x00000000fdf80000,0x00000000fdfa8000,0x00000000ff080000)
  to   space 18944K, 0% used [0x00000000fcb80000,0x00000000fcb80000,0x00000000fde00000)
 ParOldGen       total 205312K, used 155433K [0x00000000a0c00000, 0x00000000ad480000, 0x00000000e0400000)
  object space 205312K, 75% used [0x00000000a0c00000,0x00000000aa3ca7e0,0x00000000ad480000)
 Metaspace       used 17989K, capacity 18217K, committed 18560K, reserved 1067008K
  class space    used 1718K, capacity 1793K, committed 1920K, reserved 1048576K
Event: 21.174 GC heap after
Heap after GC invocations=40 (full 3):
 PSYoungGen      total 485376K, used 192K [0x00000000e0400000, 0x00000000ff200000, 0x0000000100000000)
  eden space 466432K, 0% used [0x00000000e0400000,0x00000000e0400000,0x00000000fcb80000)
  from space 18944K, 1% used [0x00000000fcb80000,0x00000000fcbb0000,0x00000000fde00000)
  to   space 17920K, 0% used [0x00000000fe080000,0x00000000fe080000,0x00000000ff200000)
 ParOldGen       total 205312K, used 155449K [0x00000000a0c00000, 0x00000000ad480000, 0x00000000e0400000)
  object space 205312K, 75% used [0x00000000a0c00000,0x00000000aa3ce7e0,0x00000000ad480000)
 Metaspace       used 17989K, capacity 18217K, committed 18560K, reserved 1067008K
  class space    used 1718K, capacity 1793K, committed 1920K, reserved 1048576K
}

