# JRE version: Java(TM) SE Runtime Environment (8.0_25-b18) (build 1.8.0_25-b18)
# Java VM: Java HotSpot(TM) 64-Bit Server VM (25.25-b02 mixed mode windows-amd64 compressed oops)
Heap:
 PSYoungGen      total 281088K, used 126938K [0x00000000e0400000, 0x00000000f4100000, 0x0000000100000000)
  eden space 243712K, 48% used [0x00000000e0400000,0x00000000e765d830,0x00000000ef200000)
  from space 37376K, 26% used [0x00000000f1c80000,0x00000000f2619050,0x00000000f4100000)
  to   space 40448K, 0% used [0x00000000ef200000,0x00000000ef200000,0x00000000f1980000)
 ParOldGen       total 230400K, used 145952K [0x00000000a0c00000, 0x00000000aed00000, 0x00000000e0400000)
  object space 230400K, 63% used [0x00000000a0c00000,0x00000000a9a880d0,0x00000000aed00000)
 Metaspace       used 18200K, capacity 18405K, committed 18560K, reserved 1067008K
  class space    used 1748K, capacity 1793K, committed 1920K, reserved 1048576K
GC Heap History (10 events):
Event: 6.677 GC heap before
{Heap before GC invocations=19 (full 3):
 PSYoungGen      total 253440K, used 209833K [0x00000000e0400000, 0x00000000f4380000, 0x0000000100000000)
  eden space 202752K, 98% used [0x00000000e0400000,0x00000000ec7495f0,0x00000000eca00000)
  from space 50688K, 19% used [0x00000000eca00000,0x00000000ed3a1050,0x00000000efb80000)
  to   space 49152K, 0% used [0x00000000f1380000,0x00000000f1380000,0x00000000f4380000)
 ParOldGen       total 230400K, used 145912K [0x00000000a0c00000, 0x00000000aed00000, 0x00000000e0400000)
  object space 230400K, 63% used [0x00000000a0c00000,0x00000000a9a7e0d0,0x00000000aed00000)
 Metaspace       used 17979K, capacity 18109K, committed 18176K, reserved 1064960K
  class space    used 1735K, capacity 1761K, committed 1792K, reserved 1048576K
Event: 6.682 GC heap after
Heap after GC invocations=19 (full 3):
 PSYoungGen      total 264704K, used 9844K [0x00000000e0400000, 0x00000000f3b00000, 0x0000000100000000)
  eden space 224256K, 0% used [0x00000000e0400000,0x00000000e0400000,0x00000000edf00000)
  from space 40448K, 24% used [0x00000000f1380000,0x00000000f1d1d040,0x00000000f3b00000)
  to   space 47104K, 0% used [0x00000000edf00000,0x00000000edf00000,0x00000000f0d00000)
 ParOldGen       total 230400K, used 145920K [0x00000000a0c00000, 0x00000000aed00000, 0x00000000e0400000)
  object space 230400K, 63% used [0x00000000a0c00000,0x00000000a9a800d0,0x00000000aed00000)
 Metaspace       used 17979K, capacity 18109K, committed 18176K, reserved 1064960K
  class space    used 1735K, capacity 1761K, committed 1792K, reserved 1048576K
}
Event: 7.377 GC heap before
{Heap before GC invocations=20 (full 3):
 PSYoungGen      total 264704K, used 231254K [0x00000000e0400000, 0x00000000f3b00000, 0x0000000100000000)
  eden space 224256K, 98% used [0x00000000e0400000,0x00000000edc388c0,0x00000000edf00000)
  from space 40448K, 24% used [0x00000000f1380000,0x00000000f1d1d040,0x00000000f3b00000)
  to   space 47104K, 0% used [0x00000000edf00000,0x00000000edf00000,0x00000000f0d00000)
 ParOldGen       total 230400K, used 145920K [0x00000000a0c00000, 0x00000000aed00000, 0x00000000e0400000)
  object space 230400K, 63% used [0x00000000a0c00000,0x00000000a9a800d0,0x00000000aed00000)
 Metaspace       used 18040K, capacity 18245K, committed 18432K, reserved 1067008K
  class space    used 1735K, capacity 1761K, committed 1792K, reserved 1048576K
Event: 7.382 GC heap after
Heap after GC invocations=20 (full 3):
 PSYoungGen      total 271360K, used 9812K [0x00000000e0400000, 0x00000000f4500000, 0x0000000100000000)
  eden space 224256K, 0% used [0x00000000e0400000,0x00000000e0400000,0x00000000edf00000)
  from space 47104K, 20% used [0x00000000edf00000,0x00000000ee895060,0x00000000f0d00000)
  to   space 45568K, 0% used [0x00000000f1880000,0x00000000f1880000,0x00000000f4500000)
 ParOldGen       total 230400K, used 145928K [0x00000000a0c00000, 0x00000000aed00000, 0x00000000e0400000)
  object space 230400K, 63% used [0x00000000a0c00000,0x00000000a9a820d0,0x00000000aed00000)
 Metaspace       used 18040K, capacity 18245K, committed 18432K, reserved 1067008K
  class space    used 1735K, capacity 1761K, committed 1792K, reserved 1048576K
}
Event: 8.075 GC heap before
{Heap before GC invocations=21 (full 3):
 PSYoungGen      total 271360K, used 231589K [0x00000000e0400000, 0x00000000f4500000, 0x0000000100000000)
  eden space 224256K, 98% used [0x00000000e0400000,0x00000000edc94768,0x00000000edf00000)
  from space 47104K, 20% used [0x00000000edf00000,0x00000000ee895060,0x00000000f0d00000)
  to   space 45568K, 0% used [0x00000000f1880000,0x00000000f1880000,0x00000000f4500000)
 ParOldGen       total 230400K, used 145928K [0x00000000a0c00000, 0x00000000aed00000, 0x00000000e0400000)
  object space 230400K, 63% used [0x00000000a0c00000,0x00000000a9a820d0,0x00000000aed00000)
 Metaspace       used 18131K, capacity 18373K, committed 18432K, reserved 1067008K
  class space    used 1735K, capacity 1761K, committed 1792K, reserved 1048576K
Event: 8.079 GC heap after
Heap after GC invocations=21 (full 3):
 PSYoungGen      total 274944K, used 9844K [0x00000000e0400000, 0x00000000f3f00000, 0x0000000100000000)
  eden space 235520K, 0% used [0x00000000e0400000,0x00000000e0400000,0x00000000eea00000)
  from space 39424K, 24% used [0x00000000f1880000,0x00000000f221d060,0x00000000f3f00000)
  to   space 43520K, 0% used [0x00000000eea00000,0x00000000eea00000,0x00000000f1480000)
 ParOldGen       total 230400K, used 145936K [0x00000000a0c00000, 0x00000000aed00000, 0x00000000e0400000)
  object space 230400K, 63% used [0x00000000a0c00000,0x00000000a9a840d0,0x00000000aed00000)
 Metaspace       used 18131K, capacity 18373K, committed 18432K, reserved 1067008K
  class space    used 1735K, capacity 1761K, committed 1792K, reserved 1048576K
}
Event: 8.808 GC heap before
{Heap before GC invocations=22 (full 3):
 PSYoungGen      total 274944K, used 244011K [0x00000000e0400000, 0x00000000f3f00000, 0x0000000100000000)
  eden space 235520K, 99% used [0x00000000e0400000,0x00000000ee8adf18,0x00000000eea00000)
  from space 39424K, 24% used [0x00000000f1880000,0x00000000f221d060,0x00000000f3f00000)
  to   space 43520K, 0% used [0x00000000eea00000,0x00000000eea00000,0x00000000f1480000)
 ParOldGen       total 230400K, used 145936K [0x00000000a0c00000, 0x00000000aed00000, 0x00000000e0400000)
  object space 230400K, 63% used [0x00000000a0c00000,0x00000000a9a840d0,0x00000000aed00000)
 Metaspace       used 18138K, capacity 18373K, committed 18432K, reserved 1067008K
  class space    used 1735K, capacity 1761K, committed 1792K, reserved 1048576K
Event: 8.812 GC heap after
Heap after GC invocations=22 (full 3):
 PSYoungGen      total 279040K, used 9780K [0x00000000e0400000, 0x00000000f4580000, 0x0000000100000000)
  eden space 235520K, 0% used [0x00000000e0400000,0x00000000e0400000,0x00000000eea00000)
  from space 43520K, 22% used [0x00000000eea00000,0x00000000ef38d060,0x00000000f1480000)
  to   space 41984K, 0% used [0x00000000f1c80000,0x00000000f1c80000,0x00000000f4580000)
 ParOldGen       total 230400K, used 145944K [0x00000000a0c00000, 0x00000000aed00000, 0x00000000e0400000)
  object space 230400K, 63% used [0x00000000a0c00000,0x00000000a9a860d0,0x00000000aed00000)
 Metaspace       used 18138K, capacity 18373K, committed 18432K, reserved 1067008K
  class space    used 1735K, capacity 1761K, committed 1792K, reserved 1048576K
}
Event: 9.540 GC heap before
{Heap before GC invocations=23 (full 3):
 PSYoungGen      total 279040K, used 243832K [0x00000000e0400000, 0x00000000f4580000, 0x0000000100000000)
  eden space 235520K, 99% used [0x00000000e0400000,0x00000000ee8912d8,0x00000000eea00000)
  from space 43520K, 22% used [0x00000000eea00000,0x00000000ef38d060,0x00000000f1480000)
  to   space 41984K, 0% used [0x00000000f1c80000,0x00000000f1c80000,0x00000000f4580000)
 ParOldGen       total 230400K, used 145944K [0x00000000a0c00000, 0x00000000aed00000, 0x00000000e0400000)
  object space 230400K, 63% used [0x00000000a0c00000,0x00000000a9a860d0,0x00000000aed00000)
 Metaspace       used 18154K, capacity 18373K, committed 18432K, reserved 1067008K
  class space    used 1735K, capacity 1761K, committed 1792K, reserved 1048576K
Event: 9.544 GC heap after
Heap after GC invocations=23 (full 3):
 PSYoungGen      total 281088K, used 9828K [0x00000000e0400000, 0x00000000f4100000, 0x0000000100000000)
  eden space 243712K, 0% used [0x00000000e0400000,0x00000000e0400000,0x00000000ef200000)
  from space 37376K, 26% used [0x00000000f1c80000,0x00000000f2619050,0x00000000f4100000)
  to   space 40448K, 0% used [0x00000000ef200000,0x00000000ef200000,0x00000000f1980000)
 ParOldGen       total 230400K, used 145952K [0x00000000a0c00000, 0x00000000aed00000, 0x00000000e0400000)
  object space 230400K, 63% used [0x00000000a0c00000,0x00000000a9a880d0,0x00000000aed00000)
 Metaspace       used 18154K, capacity 18373K, committed 18432K, reserved 1067008K
  class space    used 1735K, capacity 1761K, committed 1792K, reserved 1048576K
}

