# JRE version: Java(TM) SE Runtime Environment (8.0_31-b13) (build 1.8.0_31-b13)
# Java VM: Java HotSpot(TM) 64-Bit Server VM (25.31-b07 mixed mode windows-amd64 compressed oops)
Heap:
 PSYoungGen      total 861184K, used 129550K [0x000000076b300000, 0x00000007a4980000, 0x00000007c0000000)
  eden space 824832K, 15% used [0x000000076b300000,0x000000077316b998,0x000000079d880000)
  from space 36352K, 0% used [0x00000007a2600000,0x00000007a2618000,0x00000007a4980000)
  to   space 57856K, 0% used [0x000000079d880000,0x000000079d880000,0x00000007a1100000)
 ParOldGen       total 281600K, used 161925K [0x00000006c1800000, 0x00000006d2b00000, 0x000000076b300000)
  object space 281600K, 57% used [0x00000006c1800000,0x00000006cb621548,0x00000006d2b00000)
 Metaspace       used 17845K, capacity 18067K, committed 18176K, reserved 1064960K
  class space    used 1726K, capacity 1762K, committed 1792K, reserved 1048576K
GC Heap History (10 events):
Event: 7.960 GC heap before
{Heap before GC invocations=13 (full 1):
 PSYoungGen      total 551936K, used 495956K [0x000000076b300000, 0x0000000799900000, 0x00000007c0000000)
  eden space 486912K, 100% used [0x000000076b300000,0x0000000788e80000,0x0000000788e80000)
  from space 65024K, 13% used [0x0000000788e80000,0x0000000789755020,0x000000078ce00000)
  to   space 63488K, 0% used [0x0000000795b00000,0x0000000795b00000,0x0000000799900000)
 ParOldGen       total 281600K, used 161885K [0x00000006c1800000, 0x00000006d2b00000, 0x000000076b300000)
  object space 281600K, 57% used [0x00000006c1800000,0x00000006cb617548,0x00000006d2b00000)
 Metaspace       used 17643K, capacity 17867K, committed 17920K, reserved 1064960K
  class space    used 1712K, capacity 1762K, committed 1792K, reserved 1048576K
Event: 7.962 GC heap after
Heap after GC invocations=13 (full 1):
 PSYoungGen      total 658432K, used 96K [0x000000076b300000, 0x0000000798680000, 0x00000007c0000000)
  eden space 613888K, 0% used [0x000000076b300000,0x000000076b300000,0x0000000790a80000)
  from space 44544K, 0% used [0x0000000795b00000,0x0000000795b18000,0x0000000798680000)
  to   space 63488K, 0% used [0x0000000790a80000,0x0000000790a80000,0x0000000794880000)
 ParOldGen       total 281600K, used 161893K [0x00000006c1800000, 0x00000006d2b00000, 0x000000076b300000)
  object space 281600K, 57% used [0x00000006c1800000,0x00000006cb619548,0x00000006d2b00000)
 Metaspace       used 17643K, capacity 17867K, committed 17920K, reserved 1064960K
  class space    used 1712K, capacity 1762K, committed 1792K, reserved 1048576K
}
Event: 8.938 GC heap before
{Heap before GC invocations=14 (full 1):
 PSYoungGen      total 658432K, used 606132K [0x000000076b300000, 0x0000000798680000, 0x00000007c0000000)
  eden space 613888K, 98% used [0x000000076b300000,0x00000007902d50b0,0x0000000790a80000)
  from space 44544K, 0% used [0x0000000795b00000,0x0000000795b18000,0x0000000798680000)
  to   space 63488K, 0% used [0x0000000790a80000,0x0000000790a80000,0x0000000794880000)
 ParOldGen       total 281600K, used 161893K [0x00000006c1800000, 0x00000006d2b00000, 0x000000076b300000)
  object space 281600K, 57% used [0x00000006c1800000,0x00000006cb619548,0x00000006d2b00000)
 Metaspace       used 17666K, capacity 17867K, committed 17920K, reserved 1064960K
  class space    used 1712K, capacity 1762K, committed 1792K, reserved 1048576K
Event: 8.940 GC heap after
Heap after GC invocations=14 (full 1):
 PSYoungGen      total 677376K, used 160K [0x000000076b300000, 0x00000007a0a00000, 0x00000007c0000000)
  eden space 613888K, 0% used [0x000000076b300000,0x000000076b300000,0x0000000790a80000)
  from space 63488K, 0% used [0x0000000790a80000,0x0000000790aa8000,0x0000000794880000)
  to   space 62464K, 0% used [0x000000079cd00000,0x000000079cd00000,0x00000007a0a00000)
 ParOldGen       total 281600K, used 161901K [0x00000006c1800000, 0x00000006d2b00000, 0x000000076b300000)
  object space 281600K, 57% used [0x00000006c1800000,0x00000006cb61b548,0x00000006d2b00000)
 Metaspace       used 17666K, capacity 17867K, committed 17920K, reserved 1064960K
  class space    used 1712K, capacity 1762K, committed 1792K, reserved 1048576K
}
Event: 9.924 GC heap before
{Heap before GC invocations=15 (full 1):
 PSYoungGen      total 677376K, used 614048K [0x000000076b300000, 0x00000007a0a00000, 0x00000007c0000000)
  eden space 613888K, 100% used [0x000000076b300000,0x0000000790a80000,0x0000000790a80000)
  from space 63488K, 0% used [0x0000000790a80000,0x0000000790aa8000,0x0000000794880000)
  to   space 62464K, 0% used [0x000000079cd00000,0x000000079cd00000,0x00000007a0a00000)
 ParOldGen       total 281600K, used 161901K [0x00000006c1800000, 0x00000006d2b00000, 0x000000076b300000)
  object space 281600K, 57% used [0x00000006c1800000,0x00000006cb61b548,0x00000006d2b00000)
 Metaspace       used 17708K, capacity 17939K, committed 18176K, reserved 1064960K
  class space    used 1712K, capacity 1762K, committed 1792K, reserved 1048576K
Event: 9.926 GC heap after
Heap after GC invocations=15 (full 1):
 PSYoungGen      total 769024K, used 128K [0x000000076b300000, 0x000000079f380000, 0x00000007c0000000)
  eden space 729600K, 0% used [0x000000076b300000,0x000000076b300000,0x0000000797b80000)
  from space 39424K, 0% used [0x000000079cd00000,0x000000079cd20000,0x000000079f380000)
  to   space 61440K, 0% used [0x0000000797b80000,0x0000000797b80000,0x000000079b780000)
 ParOldGen       total 281600K, used 161909K [0x00000006c1800000, 0x00000006d2b00000, 0x000000076b300000)
  object space 281600K, 57% used [0x00000006c1800000,0x00000006cb61d548,0x00000006d2b00000)
 Metaspace       used 17708K, capacity 17939K, committed 18176K, reserved 1064960K
  class space    used 1712K, capacity 1762K, committed 1792K, reserved 1048576K
}
Event: 11.071 GC heap before
{Heap before GC invocations=16 (full 1):
 PSYoungGen      total 769024K, used 729728K [0x000000076b300000, 0x000000079f380000, 0x00000007c0000000)
  eden space 729600K, 100% used [0x000000076b300000,0x0000000797b80000,0x0000000797b80000)
  from space 39424K, 0% used [0x000000079cd00000,0x000000079cd20000,0x000000079f380000)
  to   space 61440K, 0% used [0x0000000797b80000,0x0000000797b80000,0x000000079b780000)
 ParOldGen       total 281600K, used 161909K [0x00000006c1800000, 0x00000006d2b00000, 0x000000076b300000)
  object space 281600K, 57% used [0x00000006c1800000,0x00000006cb61d548,0x00000006d2b00000)
 Metaspace       used 17787K, capacity 18003K, committed 18176K, reserved 1064960K
  class space    used 1712K, capacity 1762K, committed 1792K, reserved 1048576K
Event: 11.073 GC heap after
Heap after GC invocations=16 (full 1):
 PSYoungGen      total 791040K, used 192K [0x000000076b300000, 0x00000007a6080000, 0x00000007c0000000)
  eden space 729600K, 0% used [0x000000076b300000,0x000000076b300000,0x0000000797b80000)
  from space 61440K, 0% used [0x0000000797b80000,0x0000000797bb0000,0x000000079b780000)
  to   space 59904K, 0% used [0x00000007a2600000,0x00000007a2600000,0x00000007a6080000)
 ParOldGen       total 281600K, used 161917K [0x00000006c1800000, 0x00000006d2b00000, 0x000000076b300000)
  object space 281600K, 57% used [0x00000006c1800000,0x00000006cb61f548,0x00000006d2b00000)
 Metaspace       used 17787K, capacity 18003K, committed 18176K, reserved 1064960K
  class space    used 1712K, capacity 1762K, committed 1792K, reserved 1048576K
}
Event: 12.237 GC heap before
{Heap before GC invocations=17 (full 1):
 PSYoungGen      total 791040K, used 729792K [0x000000076b300000, 0x00000007a6080000, 0x00000007c0000000)
  eden space 729600K, 100% used [0x000000076b300000,0x0000000797b80000,0x0000000797b80000)
  from space 61440K, 0% used [0x0000000797b80000,0x0000000797bb0000,0x000000079b780000)
  to   space 59904K, 0% used [0x00000007a2600000,0x00000007a2600000,0x00000007a6080000)
 ParOldGen       total 281600K, used 161917K [0x00000006c1800000, 0x00000006d2b00000, 0x000000076b300000)
  object space 281600K, 57% used [0x00000006c1800000,0x00000006cb61f548,0x00000006d2b00000)
 Metaspace       used 17791K, capacity 18003K, committed 18176K, reserved 1064960K
  class space    used 1712K, capacity 1762K, committed 1792K, reserved 1048576K
Event: 12.238 GC heap after
Heap after GC invocations=17 (full 1):
 PSYoungGen      total 861184K, used 96K [0x000000076b300000, 0x00000007a4980000, 0x00000007c0000000)
  eden space 824832K, 0% used [0x000000076b300000,0x000000076b300000,0x000000079d880000)
  from space 36352K, 0% used [0x00000007a2600000,0x00000007a2618000,0x00000007a4980000)
  to   space 57856K, 0% used [0x000000079d880000,0x000000079d880000,0x00000007a1100000)
 ParOldGen       total 281600K, used 161925K [0x00000006c1800000, 0x00000006d2b00000, 0x000000076b300000)
  object space 281600K, 57% used [0x00000006c1800000,0x00000006cb621548,0x00000006d2b00000)
 Metaspace       used 17791K, capacity 18003K, committed 18176K, reserved 1064960K
  class space    used 1712K, capacity 1762K, committed 1792K, reserved 1048576K
}

