# JRE version: Java(TM) SE Runtime Environment (8.0_25-b18) (build 1.8.0_25-b18)
# Java VM: Java HotSpot(TM) 64-Bit Server VM (25.25-b02 mixed mode windows-amd64 compressed oops)
Heap:
 PSYoungGen      total 258048K, used 185502K [0x00000000e0400000, 0x00000000f7580000, 0x0000000100000000)
  eden space 197120K, 94% used [0x00000000e0400000,0x00000000eb90f910,0x00000000ec480000)
  from space 60928K, 0% used [0x00000000ec480000,0x00000000ec498000,0x00000000f0000000)
  to   space 61440K, 0% used [0x00000000f3980000,0x00000000f3980000,0x00000000f7580000)
 ParOldGen       total 206336K, used 146201K [0x00000000a0c00000, 0x00000000ad580000, 0x00000000e0400000)
  object space 206336K, 70% used [0x00000000a0c00000,0x00000000a9ac67e0,0x00000000ad580000)
 Metaspace       used 17565K, capacity 17729K, committed 17920K, reserved 1064960K
  class space    used 1717K, capacity 1761K, committed 1792K, reserved 1048576K
GC Heap History (10 events):
Event: 3.219 GC heap before
{Heap before GC invocations=10 (full 2):
 PSYoungGen      total 123392K, used 123362K [0x00000000e0400000, 0x00000000efd00000, 0x0000000100000000)
  eden space 89088K, 100% used [0x00000000e0400000,0x00000000e5b00000,0x00000000e5b00000)
  from space 34304K, 99% used [0x00000000e5b00000,0x00000000e7c78bc8,0x00000000e7c80000)
  to   space 48640K, 0% used [0x00000000ecd80000,0x00000000ecd80000,0x00000000efd00000)
 ParOldGen       total 139264K, used 94163K [0x00000000a0c00000, 0x00000000a9400000, 0x00000000e0400000)
  object space 139264K, 67% used [0x00000000a0c00000,0x00000000a67f4d10,0x00000000a9400000)
 Metaspace       used 17324K, capacity 17531K, committed 17664K, reserved 1064960K
  class space    used 1705K, capacity 1760K, committed 1792K, reserved 1048576K
Event: 3.241 GC heap after
Heap after GC invocations=10 (full 2):
 PSYoungGen      total 196096K, used 48635K [0x00000000e0400000, 0x00000000f0d80000, 0x0000000100000000)
  eden space 147456K, 0% used [0x00000000e0400000,0x00000000e0400000,0x00000000e9400000)
  from space 48640K, 99% used [0x00000000ecd80000,0x00000000efcfecb8,0x00000000efd00000)
  to   space 58880K, 0% used [0x00000000e9400000,0x00000000e9400000,0x00000000ecd80000)
 ParOldGen       total 139264K, used 98928K [0x00000000a0c00000, 0x00000000a9400000, 0x00000000e0400000)
  object space 139264K, 71% used [0x00000000a0c00000,0x00000000a6c9c000,0x00000000a9400000)
 Metaspace       used 17324K, capacity 17531K, committed 17664K, reserved 1064960K
  class space    used 1705K, capacity 1760K, committed 1792K, reserved 1048576K
}
Event: 3.526 GC heap before
{Heap before GC invocations=11 (full 2):
 PSYoungGen      total 196096K, used 196091K [0x00000000e0400000, 0x00000000f0d80000, 0x0000000100000000)
  eden space 147456K, 100% used [0x00000000e0400000,0x00000000e9400000,0x00000000e9400000)
  from space 48640K, 99% used [0x00000000ecd80000,0x00000000efcfecb8,0x00000000efd00000)
  to   space 58880K, 0% used [0x00000000e9400000,0x00000000e9400000,0x00000000ecd80000)
 ParOldGen       total 139264K, used 98928K [0x00000000a0c00000, 0x00000000a9400000, 0x00000000e0400000)
  object space 139264K, 71% used [0x00000000a0c00000,0x00000000a6c9c000,0x00000000a9400000)
 Metaspace       used 17411K, capacity 17601K, committed 17664K, reserved 1064960K
  class space    used 1705K, capacity 1761K, committed 1792K, reserved 1048576K
Event: 3.545 GC heap after
Heap after GC invocations=11 (full 2):
 PSYoungGen      total 206336K, used 36015K [0x00000000e0400000, 0x00000000f4400000, 0x0000000100000000)
  eden space 147456K, 0% used [0x00000000e0400000,0x00000000e0400000,0x00000000e9400000)
  from space 58880K, 61% used [0x00000000e9400000,0x00000000eb72bcf0,0x00000000ecd80000)
  to   space 59392K, 0% used [0x00000000f0a00000,0x00000000f0a00000,0x00000000f4400000)
 ParOldGen       total 139264K, used 111813K [0x00000000a0c00000, 0x00000000a9400000, 0x00000000e0400000)
  object space 139264K, 80% used [0x00000000a0c00000,0x00000000a7931498,0x00000000a9400000)
 Metaspace       used 17411K, capacity 17601K, committed 17664K, reserved 1064960K
  class space    used 1705K, capacity 1761K, committed 1792K, reserved 1048576K
}
Event: 3.545 GC heap before
{Heap before GC invocations=12 (full 3):
 PSYoungGen      total 206336K, used 36015K [0x00000000e0400000, 0x00000000f4400000, 0x0000000100000000)
  eden space 147456K, 0% used [0x00000000e0400000,0x00000000e0400000,0x00000000e9400000)
  from space 58880K, 61% used [0x00000000e9400000,0x00000000eb72bcf0,0x00000000ecd80000)
  to   space 59392K, 0% used [0x00000000f0a00000,0x00000000f0a00000,0x00000000f4400000)
 ParOldGen       total 139264K, used 111813K [0x00000000a0c00000, 0x00000000a9400000, 0x00000000e0400000)
  object space 139264K, 80% used [0x00000000a0c00000,0x00000000a7931498,0x00000000a9400000)
 Metaspace       used 17411K, capacity 17601K, committed 17664K, reserved 1064960K
  class space    used 1705K, capacity 1761K, committed 1792K, reserved 1048576K
Event: 3.750 GC heap after
Heap after GC invocations=12 (full 3):
 PSYoungGen      total 206336K, used 7175K [0x00000000e0400000, 0x00000000f4400000, 0x0000000100000000)
  eden space 147456K, 0% used [0x00000000e0400000,0x00000000e0400000,0x00000000e9400000)
  from space 58880K, 12% used [0x00000000e9400000,0x00000000e9b01ce0,0x00000000ecd80000)
  to   space 59392K, 0% used [0x00000000f0a00000,0x00000000f0a00000,0x00000000f4400000)
 ParOldGen       total 206336K, used 138913K [0x00000000a0c00000, 0x00000000ad580000, 0x00000000e0400000)
  object space 206336K, 67% used [0x00000000a0c00000,0x00000000a93a87e0,0x00000000ad580000)
 Metaspace       used 17411K, capacity 17601K, committed 17664K, reserved 1064960K
  class space    used 1705K, capacity 1761K, committed 1792K, reserved 1048576K
}
Event: 4.011 GC heap before
{Heap before GC invocations=13 (full 3):
 PSYoungGen      total 206336K, used 154631K [0x00000000e0400000, 0x00000000f4400000, 0x0000000100000000)
  eden space 147456K, 100% used [0x00000000e0400000,0x00000000e9400000,0x00000000e9400000)
  from space 58880K, 12% used [0x00000000e9400000,0x00000000e9b01ce0,0x00000000ecd80000)
  to   space 59392K, 0% used [0x00000000f0a00000,0x00000000f0a00000,0x00000000f4400000)
 ParOldGen       total 206336K, used 138913K [0x00000000a0c00000, 0x00000000ad580000, 0x00000000e0400000)
  object space 206336K, 67% used [0x00000000a0c00000,0x00000000a93a87e0,0x00000000ad580000)
 Metaspace       used 17468K, capacity 17729K, committed 17920K, reserved 1064960K
  class space    used 1705K, capacity 1761K, committed 1792K, reserved 1048576K
Event: 4.020 GC heap after
Heap after GC invocations=13 (full 3):
 PSYoungGen      total 247808K, used 160K [0x00000000e0400000, 0x00000000f3b80000, 0x0000000100000000)
  eden space 197120K, 0% used [0x00000000e0400000,0x00000000e0400000,0x00000000ec480000)
  from space 50688K, 0% used [0x00000000f0a00000,0x00000000f0a28000,0x00000000f3b80000)
  to   space 60928K, 0% used [0x00000000ec480000,0x00000000ec480000,0x00000000f0000000)
 ParOldGen       total 206336K, used 146185K [0x00000000a0c00000, 0x00000000ad580000, 0x00000000e0400000)
  object space 206336K, 70% used [0x00000000a0c00000,0x00000000a9ac27e0,0x00000000ad580000)
 Metaspace       used 17468K, capacity 17729K, committed 17920K, reserved 1064960K
  class space    used 1705K, capacity 1761K, committed 1792K, reserved 1048576K
}
Event: 4.328 GC heap before
{Heap before GC invocations=14 (full 3):
 PSYoungGen      total 247808K, used 197280K [0x00000000e0400000, 0x00000000f3b80000, 0x0000000100000000)
  eden space 197120K, 100% used [0x00000000e0400000,0x00000000ec480000,0x00000000ec480000)
  from space 50688K, 0% used [0x00000000f0a00000,0x00000000f0a28000,0x00000000f3b80000)
  to   space 60928K, 0% used [0x00000000ec480000,0x00000000ec480000,0x00000000f0000000)
 ParOldGen       total 206336K, used 146185K [0x00000000a0c00000, 0x00000000ad580000, 0x00000000e0400000)
  object space 206336K, 70% used [0x00000000a0c00000,0x00000000a9ac27e0,0x00000000ad580000)
 Metaspace       used 17488K, capacity 17729K, committed 17920K, reserved 1064960K
  class space    used 1705K, capacity 1761K, committed 1792K, reserved 1048576K
Event: 4.330 GC heap after
Heap after GC invocations=14 (full 3):
 PSYoungGen      total 258048K, used 96K [0x00000000e0400000, 0x00000000f7580000, 0x0000000100000000)
  eden space 197120K, 0% used [0x00000000e0400000,0x00000000e0400000,0x00000000ec480000)
  from space 60928K, 0% used [0x00000000ec480000,0x00000000ec498000,0x00000000f0000000)
  to   space 61440K, 0% used [0x00000000f3980000,0x00000000f3980000,0x00000000f7580000)
 ParOldGen       total 206336K, used 146201K [0x00000000a0c00000, 0x00000000ad580000, 0x00000000e0400000)
  object space 206336K, 70% used [0x00000000a0c00000,0x00000000a9ac67e0,0x00000000ad580000)
 Metaspace       used 17488K, capacity 17729K, committed 17920K, reserved 1064960K
  class space    used 1705K, capacity 1761K, committed 1792K, reserved 1048576K
}

