# JRE version: Java(TM) SE Runtime Environment (8.0_25-b18) (build 1.8.0_25-b18)
# Java VM: Java HotSpot(TM) 64-Bit Server VM (25.25-b02 mixed mode windows-amd64 compressed oops)
Heap:
 PSYoungGen      total 517120K, used 150446K [0x00000000e0400000, 0x0000000100000000, 0x0000000100000000)
  eden space 514048K, 29% used [0x00000000e0400000,0x00000000e96bba18,0x00000000ffa00000)
  from space 3072K, 6% used [0x00000000ffd00000,0x00000000ffd30000,0x0000000100000000)
  to   space 3072K, 0% used [0x00000000ffa00000,0x00000000ffa00000,0x00000000ffd00000)
 ParOldGen       total 205312K, used 171725K [0x00000000a0c00000, 0x00000000ad480000, 0x00000000e0400000)
  object space 205312K, 83% used [0x00000000a0c00000,0x00000000ab3b3770,0x00000000ad480000)
 Metaspace       used 18005K, capacity 18217K, committed 18560K, reserved 1067008K
  class space    used 1735K, capacity 1793K, committed 1920K, reserved 1048576K
GC Heap History (10 events):
Event: 37.997 GC heap before
{Heap before GC invocations=61 (full 3):
 PSYoungGen      total 514560K, used 506999K [0x00000000e0400000, 0x0000000100000000, 0x0000000100000000)
  eden space 510464K, 99% used [0x00000000e0400000,0x00000000ff2e5ed8,0x00000000ff680000)
  from space 4096K, 5% used [0x00000000ff680000,0x00000000ff6b8000,0x00000000ffa80000)
  to   space 4096K, 0% used [0x00000000ffc00000,0x00000000ffc00000,0x0000000100000000)
 ParOldGen       total 205312K, used 163593K [0x00000000a0c00000, 0x00000000ad480000, 0x00000000e0400000)
  object space 205312K, 79% used [0x00000000a0c00000,0x00000000aabc2760,0x00000000ad480000)
 Metaspace       used 17970K, capacity 18217K, committed 18560K, reserved 1067008K
  class space    used 1723K, capacity 1793K, committed 1920K, reserved 1048576K
Event: 37.998 GC heap after
Heap after GC invocations=61 (full 3):
 PSYoungGen      total 515072K, used 224K [0x00000000e0400000, 0x00000000fff00000, 0x0000000100000000)
  eden space 512000K, 0% used [0x00000000e0400000,0x00000000e0400000,0x00000000ff800000)
  from space 3072K, 7% used [0x00000000ffc00000,0x00000000ffc38000,0x00000000fff00000)
  to   space 3584K, 0% used [0x00000000ff800000,0x00000000ff800000,0x00000000ffb80000)
 ParOldGen       total 205312K, used 163593K [0x00000000a0c00000, 0x00000000ad480000, 0x00000000e0400000)
  object space 205312K, 79% used [0x00000000a0c00000,0x00000000aabc2760,0x00000000ad480000)
 Metaspace       used 17970K, capacity 18217K, committed 18560K, reserved 1067008K
  class space    used 1723K, capacity 1793K, committed 1920K, reserved 1048576K
}
Event: 38.800 GC heap before
{Heap before GC invocations=62 (full 3):
 PSYoungGen      total 515072K, used 506593K [0x00000000e0400000, 0x00000000fff00000, 0x0000000100000000)
  eden space 512000K, 98% used [0x00000000e0400000,0x00000000ff280458,0x00000000ff800000)
  from space 3072K, 7% used [0x00000000ffc00000,0x00000000ffc38000,0x00000000fff00000)
  to   space 3584K, 0% used [0x00000000ff800000,0x00000000ff800000,0x00000000ffb80000)
 ParOldGen       total 205312K, used 163593K [0x00000000a0c00000, 0x00000000ad480000, 0x00000000e0400000)
  object space 205312K, 79% used [0x00000000a0c00000,0x00000000aabc2760,0x00000000ad480000)
 Metaspace       used 17970K, capacity 18217K, committed 18560K, reserved 1067008K
  class space    used 1723K, capacity 1793K, committed 1920K, reserved 1048576K
Event: 38.802 GC heap after
Heap after GC invocations=62 (full 3):
 PSYoungGen      total 515584K, used 224K [0x00000000e0400000, 0x0000000100000000, 0x0000000100000000)
  eden space 512000K, 0% used [0x00000000e0400000,0x00000000e0400000,0x00000000ff800000)
  from space 3584K, 6% used [0x00000000ff800000,0x00000000ff838000,0x00000000ffb80000)
  to   space 3584K, 0% used [0x00000000ffc80000,0x00000000ffc80000,0x0000000100000000)
 ParOldGen       total 205312K, used 163593K [0x00000000a0c00000, 0x00000000ad480000, 0x00000000e0400000)
  object space 205312K, 79% used [0x00000000a0c00000,0x00000000aabc2760,0x00000000ad480000)
 Metaspace       used 17970K, capacity 18217K, committed 18560K, reserved 1067008K
  class space    used 1723K, capacity 1793K, committed 1920K, reserved 1048576K
}
Event: 39.590 GC heap before
{Heap before GC invocations=63 (full 3):
 PSYoungGen      total 515584K, used 512224K [0x00000000e0400000, 0x0000000100000000, 0x0000000100000000)
  eden space 512000K, 100% used [0x00000000e0400000,0x00000000ff800000,0x00000000ff800000)
  from space 3584K, 6% used [0x00000000ff800000,0x00000000ff838000,0x00000000ffb80000)
  to   space 3584K, 0% used [0x00000000ffc80000,0x00000000ffc80000,0x0000000100000000)
 ParOldGen       total 205312K, used 163593K [0x00000000a0c00000, 0x00000000ad480000, 0x00000000e0400000)
  object space 205312K, 79% used [0x00000000a0c00000,0x00000000aabc2760,0x00000000ad480000)
 Metaspace       used 17970K, capacity 18217K, committed 18560K, reserved 1067008K
  class space    used 1724K, capacity 1793K, committed 1920K, reserved 1048576K
Event: 39.592 GC heap after
Heap after GC invocations=63 (full 3):
 PSYoungGen      total 515584K, used 256K [0x00000000e0400000, 0x00000000fff00000, 0x0000000100000000)
  eden space 513024K, 0% used [0x00000000e0400000,0x00000000e0400000,0x00000000ff900000)
  from space 2560K, 10% used [0x00000000ffc80000,0x00000000ffcc0000,0x00000000fff00000)
  to   space 3072K, 0% used [0x00000000ff900000,0x00000000ff900000,0x00000000ffc00000)
 ParOldGen       total 205312K, used 163601K [0x00000000a0c00000, 0x00000000ad480000, 0x00000000e0400000)
  object space 205312K, 79% used [0x00000000a0c00000,0x00000000aabc4760,0x00000000ad480000)
 Metaspace       used 17970K, capacity 18217K, committed 18560K, reserved 1067008K
  class space    used 1724K, capacity 1793K, committed 1920K, reserved 1048576K
}
Event: 40.370 GC heap before
{Heap before GC invocations=64 (full 3):
 PSYoungGen      total 515584K, used 512898K [0x00000000e0400000, 0x00000000fff00000, 0x0000000100000000)
  eden space 513024K, 99% used [0x00000000e0400000,0x00000000ff8a0a50,0x00000000ff900000)
  from space 2560K, 10% used [0x00000000ffc80000,0x00000000ffcc0000,0x00000000fff00000)
  to   space 3072K, 0% used [0x00000000ff900000,0x00000000ff900000,0x00000000ffc00000)
 ParOldGen       total 205312K, used 163601K [0x00000000a0c00000, 0x00000000ad480000, 0x00000000e0400000)
  object space 205312K, 79% used [0x00000000a0c00000,0x00000000aabc4760,0x00000000ad480000)
 Metaspace       used 17970K, capacity 18217K, committed 18560K, reserved 1067008K
  class space    used 1724K, capacity 1793K, committed 1920K, reserved 1048576K
Event: 40.374 GC heap after
Heap after GC invocations=64 (full 3):
 PSYoungGen      total 516096K, used 1072K [0x00000000e0400000, 0x0000000100000000, 0x0000000100000000)
  eden space 513024K, 0% used [0x00000000e0400000,0x00000000e0400000,0x00000000ff900000)
  from space 3072K, 34% used [0x00000000ff900000,0x00000000ffa0c010,0x00000000ffc00000)
  to   space 3072K, 0% used [0x00000000ffd00000,0x00000000ffd00000,0x0000000100000000)
 ParOldGen       total 205312K, used 171725K [0x00000000a0c00000, 0x00000000ad480000, 0x00000000e0400000)
  object space 205312K, 83% used [0x00000000a0c00000,0x00000000ab3b3770,0x00000000ad480000)
 Metaspace       used 17970K, capacity 18217K, committed 18560K, reserved 1067008K
  class space    used 1724K, capacity 1793K, committed 1920K, reserved 1048576K
}
Event: 41.190 GC heap before
{Heap before GC invocations=65 (full 3):
 PSYoungGen      total 516096K, used 514096K [0x00000000e0400000, 0x0000000100000000, 0x0000000100000000)
  eden space 513024K, 100% used [0x00000000e0400000,0x00000000ff900000,0x00000000ff900000)
  from space 3072K, 34% used [0x00000000ff900000,0x00000000ffa0c010,0x00000000ffc00000)
  to   space 3072K, 0% used [0x00000000ffd00000,0x00000000ffd00000,0x0000000100000000)
 ParOldGen       total 205312K, used 171725K [0x00000000a0c00000, 0x00000000ad480000, 0x00000000e0400000)
  object space 205312K, 83% used [0x00000000a0c00000,0x00000000ab3b3770,0x00000000ad480000)
 Metaspace       used 17970K, capacity 18217K, committed 18560K, reserved 1067008K
  class space    used 1724K, capacity 1793K, committed 1920K, reserved 1048576K
Event: 41.192 GC heap after
Heap after GC invocations=65 (full 3):
 PSYoungGen      total 517120K, used 192K [0x00000000e0400000, 0x0000000100000000, 0x0000000100000000)
  eden space 514048K, 0% used [0x00000000e0400000,0x00000000e0400000,0x00000000ffa00000)
  from space 3072K, 6% used [0x00000000ffd00000,0x00000000ffd30000,0x0000000100000000)
  to   space 3072K, 0% used [0x00000000ffa00000,0x00000000ffa00000,0x00000000ffd00000)
 ParOldGen       total 205312K, used 171725K [0x00000000a0c00000, 0x00000000ad480000, 0x00000000e0400000)
  object space 205312K, 83% used [0x00000000a0c00000,0x00000000ab3b3770,0x00000000ad480000)
 Metaspace       used 17970K, capacity 18217K, committed 18560K, reserved 1067008K
  class space    used 1724K, capacity 1793K, committed 1920K, reserved 1048576K
}

