# JRE version: Java(TM) SE Runtime Environment (8.0_25-b18) (build 1.8.0_25-b18)
# Java VM: Java HotSpot(TM) 64-Bit Server VM (25.25-b02 mixed mode windows-amd64 compressed oops)
Heap:
 PSYoungGen      total 298496K, used 64905K [0x00000000e0400000, 0x00000000f4f80000, 0x0000000100000000)
  eden space 262656K, 21% used [0x00000000e0400000,0x00000000e3a7d688,0x00000000f0480000)
  from space 35840K, 25% used [0x00000000f2c80000,0x00000000f3565020,0x00000000f4f80000)
  to   space 38400K, 0% used [0x00000000f0480000,0x00000000f0480000,0x00000000f2a00000)
 ParOldGen       total 227840K, used 145969K [0x00000000a0c00000, 0x00000000aea80000, 0x00000000e0400000)
  object space 227840K, 64% used [0x00000000a0c00000,0x00000000a9a8c400,0x00000000aea80000)
 Metaspace       used 17908K, capacity 18121K, committed 18176K, reserved 1064960K
  class space    used 1717K, capacity 1761K, committed 1792K, reserved 1048576K
GC Heap History (10 events):
Event: 11.059 GC heap before
{Heap before GC invocations=23 (full 3):
 PSYoungGen      total 292864K, used 251446K [0x00000000e0400000, 0x00000000f5780000, 0x0000000100000000)
  eden space 243712K, 99% used [0x00000000e0400000,0x00000000ef0a8bb0,0x00000000ef200000)
  from space 49152K, 18% used [0x00000000ef200000,0x00000000efae5020,0x00000000f2200000)
  to   space 47104K, 0% used [0x00000000f2980000,0x00000000f2980000,0x00000000f5780000)
 ParOldGen       total 227840K, used 145929K [0x00000000a0c00000, 0x00000000aea80000, 0x00000000e0400000)
  object space 227840K, 64% used [0x00000000a0c00000,0x00000000a9a82400,0x00000000aea80000)
 Metaspace       used 17781K, capacity 17993K, committed 18176K, reserved 1064960K
  class space    used 1705K, capacity 1761K, committed 1792K, reserved 1048576K
Event: 11.062 GC heap after
Heap after GC invocations=23 (full 3):
 PSYoungGen      total 294400K, used 9204K [0x00000000e0400000, 0x00000000f5300000, 0x0000000100000000)
  eden space 251904K, 0% used [0x00000000e0400000,0x00000000e0400000,0x00000000efa00000)
  from space 42496K, 21% used [0x00000000f2980000,0x00000000f327d020,0x00000000f5300000)
  to   space 45568K, 0% used [0x00000000efa00000,0x00000000efa00000,0x00000000f2680000)
 ParOldGen       total 227840K, used 145937K [0x00000000a0c00000, 0x00000000aea80000, 0x00000000e0400000)
  object space 227840K, 64% used [0x00000000a0c00000,0x00000000a9a84400,0x00000000aea80000)
 Metaspace       used 17781K, capacity 17993K, committed 18176K, reserved 1064960K
  class space    used 1705K, capacity 1761K, committed 1792K, reserved 1048576K
}
Event: 11.992 GC heap before
{Heap before GC invocations=24 (full 3):
 PSYoungGen      total 294400K, used 260683K [0x00000000e0400000, 0x00000000f5300000, 0x0000000100000000)
  eden space 251904K, 99% used [0x00000000e0400000,0x00000000ef995f60,0x00000000efa00000)
  from space 42496K, 21% used [0x00000000f2980000,0x00000000f327d020,0x00000000f5300000)
  to   space 45568K, 0% used [0x00000000efa00000,0x00000000efa00000,0x00000000f2680000)
 ParOldGen       total 227840K, used 145937K [0x00000000a0c00000, 0x00000000aea80000, 0x00000000e0400000)
  object space 227840K, 64% used [0x00000000a0c00000,0x00000000a9a84400,0x00000000aea80000)
 Metaspace       used 17781K, capacity 17993K, committed 18176K, reserved 1064960K
  class space    used 1705K, capacity 1761K, committed 1792K, reserved 1048576K
Event: 11.996 GC heap after
Heap after GC invocations=24 (full 3):
 PSYoungGen      total 297472K, used 9108K [0x00000000e0400000, 0x00000000f5600000, 0x0000000100000000)
  eden space 251904K, 0% used [0x00000000e0400000,0x00000000e0400000,0x00000000efa00000)
  from space 45568K, 19% used [0x00000000efa00000,0x00000000f02e5020,0x00000000f2680000)
  to   space 43520K, 0% used [0x00000000f2b80000,0x00000000f2b80000,0x00000000f5600000)
 ParOldGen       total 227840K, used 145945K [0x00000000a0c00000, 0x00000000aea80000, 0x00000000e0400000)
  object space 227840K, 64% used [0x00000000a0c00000,0x00000000a9a86400,0x00000000aea80000)
 Metaspace       used 17781K, capacity 17993K, committed 18176K, reserved 1064960K
  class space    used 1705K, capacity 1761K, committed 1792K, reserved 1048576K
}
Event: 12.926 GC heap before
{Heap before GC invocations=25 (full 3):
 PSYoungGen      total 297472K, used 260581K [0x00000000e0400000, 0x00000000f5600000, 0x0000000100000000)
  eden space 251904K, 99% used [0x00000000e0400000,0x00000000ef9947c8,0x00000000efa00000)
  from space 45568K, 19% used [0x00000000efa00000,0x00000000f02e5020,0x00000000f2680000)
  to   space 43520K, 0% used [0x00000000f2b80000,0x00000000f2b80000,0x00000000f5600000)
 ParOldGen       total 227840K, used 145945K [0x00000000a0c00000, 0x00000000aea80000, 0x00000000e0400000)
  object space 227840K, 64% used [0x00000000a0c00000,0x00000000a9a86400,0x00000000aea80000)
 Metaspace       used 17859K, capacity 18121K, committed 18176K, reserved 1064960K
  class space    used 1705K, capacity 1761K, committed 1792K, reserved 1048576K
Event: 12.929 GC heap after
Heap after GC invocations=25 (full 3):
 PSYoungGen      total 297472K, used 9140K [0x00000000e0400000, 0x00000000f5200000, 0x0000000100000000)
  eden space 258048K, 0% used [0x00000000e0400000,0x00000000e0400000,0x00000000f0000000)
  from space 39424K, 23% used [0x00000000f2b80000,0x00000000f346d020,0x00000000f5200000)
  to   space 41984K, 0% used [0x00000000f0000000,0x00000000f0000000,0x00000000f2900000)
 ParOldGen       total 227840K, used 145953K [0x00000000a0c00000, 0x00000000aea80000, 0x00000000e0400000)
  object space 227840K, 64% used [0x00000000a0c00000,0x00000000a9a88400,0x00000000aea80000)
 Metaspace       used 17859K, capacity 18121K, committed 18176K, reserved 1064960K
  class space    used 1705K, capacity 1761K, committed 1792K, reserved 1048576K
}
Event: 13.859 GC heap before
{Heap before GC invocations=26 (full 3):
 PSYoungGen      total 297472K, used 260738K [0x00000000e0400000, 0x00000000f5200000, 0x0000000100000000)
  eden space 258048K, 97% used [0x00000000e0400000,0x00000000ef9b39e0,0x00000000f0000000)
  from space 39424K, 23% used [0x00000000f2b80000,0x00000000f346d020,0x00000000f5200000)
  to   space 41984K, 0% used [0x00000000f0000000,0x00000000f0000000,0x00000000f2900000)
 ParOldGen       total 227840K, used 145953K [0x00000000a0c00000, 0x00000000aea80000, 0x00000000e0400000)
  object space 227840K, 64% used [0x00000000a0c00000,0x00000000a9a88400,0x00000000aea80000)
 Metaspace       used 17859K, capacity 18121K, committed 18176K, reserved 1064960K
  class space    used 1705K, capacity 1761K, committed 1792K, reserved 1048576K
Event: 13.863 GC heap after
Heap after GC invocations=26 (full 3):
 PSYoungGen      total 300032K, used 9108K [0x00000000e0400000, 0x00000000f5380000, 0x0000000100000000)
  eden space 258048K, 0% used [0x00000000e0400000,0x00000000e0400000,0x00000000f0000000)
  from space 41984K, 21% used [0x00000000f0000000,0x00000000f08e5020,0x00000000f2900000)
  to   space 39936K, 0% used [0x00000000f2c80000,0x00000000f2c80000,0x00000000f5380000)
 ParOldGen       total 227840K, used 145961K [0x00000000a0c00000, 0x00000000aea80000, 0x00000000e0400000)
  object space 227840K, 64% used [0x00000000a0c00000,0x00000000a9a8a400,0x00000000aea80000)
 Metaspace       used 17859K, capacity 18121K, committed 18176K, reserved 1064960K
  class space    used 1705K, capacity 1761K, committed 1792K, reserved 1048576K
}
Event: 14.791 GC heap before
{Heap before GC invocations=27 (full 3):
 PSYoungGen      total 300032K, used 262571K [0x00000000e0400000, 0x00000000f5380000, 0x0000000100000000)
  eden space 258048K, 98% used [0x00000000e0400000,0x00000000efb85bf0,0x00000000f0000000)
  from space 41984K, 21% used [0x00000000f0000000,0x00000000f08e5020,0x00000000f2900000)
  to   space 39936K, 0% used [0x00000000f2c80000,0x00000000f2c80000,0x00000000f5380000)
 ParOldGen       total 227840K, used 145961K [0x00000000a0c00000, 0x00000000aea80000, 0x00000000e0400000)
  object space 227840K, 64% used [0x00000000a0c00000,0x00000000a9a8a400,0x00000000aea80000)
 Metaspace       used 17873K, capacity 18121K, committed 18176K, reserved 1064960K
  class space    used 1705K, capacity 1761K, committed 1792K, reserved 1048576K
Event: 14.794 GC heap after
Heap after GC invocations=27 (full 3):
 PSYoungGen      total 298496K, used 9108K [0x00000000e0400000, 0x00000000f4f80000, 0x0000000100000000)
  eden space 262656K, 0% used [0x00000000e0400000,0x00000000e0400000,0x00000000f0480000)
  from space 35840K, 25% used [0x00000000f2c80000,0x00000000f3565020,0x00000000f4f80000)
  to   space 38400K, 0% used [0x00000000f0480000,0x00000000f0480000,0x00000000f2a00000)
 ParOldGen       total 227840K, used 145969K [0x00000000a0c00000, 0x00000000aea80000, 0x00000000e0400000)
  object space 227840K, 64% used [0x00000000a0c00000,0x00000000a9a8c400,0x00000000aea80000)
 Metaspace       used 17873K, capacity 18121K, committed 18176K, reserved 1064960K
  class space    used 1705K, capacity 1761K, committed 1792K, reserved 1048576K
}

