# JRE version: Java(TM) SE Runtime Environment (8.0_25-b18) (build 1.8.0_25-b18)
# Java VM: Java HotSpot(TM) 64-Bit Server VM (25.25-b02 mixed mode windows-amd64 compressed oops)
Heap:
 PSYoungGen      total 333312K, used 219384K [0x00000000e0400000, 0x00000000f7800000, 0x0000000100000000)
  eden space 293888K, 68% used [0x00000000e0400000,0x00000000ec8e83b0,0x00000000f2300000)
  from space 39424K, 45% used [0x00000000f5180000,0x00000000f62d6030,0x00000000f7800000)
  to   space 43520K, 0% used [0x00000000f2300000,0x00000000f2300000,0x00000000f4d80000)
 ParOldGen       total 225792K, used 145955K [0x00000000a0c00000, 0x00000000ae880000, 0x00000000e0400000)
  object space 225792K, 64% used [0x00000000a0c00000,0x00000000a9a88f80,0x00000000ae880000)
 Metaspace       used 18447K, capacity 18665K, committed 18816K, reserved 1067008K
  class space    used 1757K, capacity 1793K, committed 1920K, reserved 1048576K
GC Heap History (10 events):
Event: 7.883 GC heap before
{Heap before GC invocations=19 (full 3):
 PSYoungGen      total 299520K, used 245381K [0x00000000e0400000, 0x00000000f7c00000, 0x0000000100000000)
  eden space 242688K, 97% used [0x00000000e0400000,0x00000000eea346e0,0x00000000ef100000)
  from space 56832K, 16% used [0x00000000ef100000,0x00000000efa6d020,0x00000000f2880000)
  to   space 54784K, 0% used [0x00000000f4680000,0x00000000f4680000,0x00000000f7c00000)
 ParOldGen       total 225792K, used 145915K [0x00000000a0c00000, 0x00000000ae880000, 0x00000000e0400000)
  object space 225792K, 64% used [0x00000000a0c00000,0x00000000a9a7ef80,0x00000000ae880000)
 Metaspace       used 18264K, capacity 18473K, committed 18816K, reserved 1067008K
  class space    used 1756K, capacity 1793K, committed 1920K, reserved 1048576K
Event: 7.888 GC heap after
Heap after GC invocations=19 (full 3):
 PSYoungGen      total 314880K, used 9620K [0x00000000e0400000, 0x00000000f7280000, 0x0000000100000000)
  eden space 269824K, 0% used [0x00000000e0400000,0x00000000e0400000,0x00000000f0b80000)
  from space 45056K, 21% used [0x00000000f4680000,0x00000000f4fe5020,0x00000000f7280000)
  to   space 52736K, 0% used [0x00000000f0b80000,0x00000000f0b80000,0x00000000f3f00000)
 ParOldGen       total 225792K, used 145923K [0x00000000a0c00000, 0x00000000ae880000, 0x00000000e0400000)
  object space 225792K, 64% used [0x00000000a0c00000,0x00000000a9a80f80,0x00000000ae880000)
 Metaspace       used 18264K, capacity 18473K, committed 18816K, reserved 1067008K
  class space    used 1756K, capacity 1793K, committed 1920K, reserved 1048576K
}
Event: 8.857 GC heap before
{Heap before GC invocations=20 (full 3):
 PSYoungGen      total 314880K, used 278954K [0x00000000e0400000, 0x00000000f7280000, 0x0000000100000000)
  eden space 269824K, 99% used [0x00000000e0400000,0x00000000f0b05858,0x00000000f0b80000)
  from space 45056K, 21% used [0x00000000f4680000,0x00000000f4fe5020,0x00000000f7280000)
  to   space 52736K, 0% used [0x00000000f0b80000,0x00000000f0b80000,0x00000000f3f00000)
 ParOldGen       total 225792K, used 145923K [0x00000000a0c00000, 0x00000000ae880000, 0x00000000e0400000)
  object space 225792K, 64% used [0x00000000a0c00000,0x00000000a9a80f80,0x00000000ae880000)
 Metaspace       used 18310K, capacity 18473K, committed 18816K, reserved 1067008K
  class space    used 1756K, capacity 1793K, committed 1920K, reserved 1048576K
Event: 8.862 GC heap after
Heap after GC invocations=20 (full 3):
 PSYoungGen      total 322560K, used 17720K [0x00000000e0400000, 0x00000000f7c80000, 0x0000000100000000)
  eden space 269824K, 0% used [0x00000000e0400000,0x00000000e0400000,0x00000000f0b80000)
  from space 52736K, 33% used [0x00000000f0b80000,0x00000000f1cce030,0x00000000f3f00000)
  to   space 49664K, 0% used [0x00000000f4c00000,0x00000000f4c00000,0x00000000f7c80000)
 ParOldGen       total 225792K, used 145931K [0x00000000a0c00000, 0x00000000ae880000, 0x00000000e0400000)
  object space 225792K, 64% used [0x00000000a0c00000,0x00000000a9a82f80,0x00000000ae880000)
 Metaspace       used 18310K, capacity 18473K, committed 18816K, reserved 1067008K
  class space    used 1756K, capacity 1793K, committed 1920K, reserved 1048576K
}
Event: 9.851 GC heap before
{Heap before GC invocations=21 (full 3):
 PSYoungGen      total 322560K, used 279646K [0x00000000e0400000, 0x00000000f7c80000, 0x0000000100000000)
  eden space 269824K, 97% used [0x00000000e0400000,0x00000000f03c9af0,0x00000000f0b80000)
  from space 52736K, 33% used [0x00000000f0b80000,0x00000000f1cce030,0x00000000f3f00000)
  to   space 49664K, 0% used [0x00000000f4c00000,0x00000000f4c00000,0x00000000f7c80000)
 ParOldGen       total 225792K, used 145931K [0x00000000a0c00000, 0x00000000ae880000, 0x00000000e0400000)
  object space 225792K, 64% used [0x00000000a0c00000,0x00000000a9a82f80,0x00000000ae880000)
 Metaspace       used 18314K, capacity 18473K, committed 18816K, reserved 1067008K
  class space    used 1756K, capacity 1793K, committed 1920K, reserved 1048576K
Event: 9.855 GC heap after
Heap after GC invocations=21 (full 3):
 PSYoungGen      total 326656K, used 9620K [0x00000000e0400000, 0x00000000f7600000, 0x0000000100000000)
  eden space 283648K, 0% used [0x00000000e0400000,0x00000000e0400000,0x00000000f1900000)
  from space 43008K, 22% used [0x00000000f4c00000,0x00000000f5565020,0x00000000f7600000)
  to   space 47616K, 0% used [0x00000000f1900000,0x00000000f1900000,0x00000000f4780000)
 ParOldGen       total 225792K, used 145939K [0x00000000a0c00000, 0x00000000ae880000, 0x00000000e0400000)
  object space 225792K, 64% used [0x00000000a0c00000,0x00000000a9a84f80,0x00000000ae880000)
 Metaspace       used 18314K, capacity 18473K, committed 18816K, reserved 1067008K
  class space    used 1756K, capacity 1793K, committed 1920K, reserved 1048576K
}
Event: 10.884 GC heap before
{Heap before GC invocations=22 (full 3):
 PSYoungGen      total 326656K, used 287987K [0x00000000e0400000, 0x00000000f7600000, 0x0000000100000000)
  eden space 283648K, 98% used [0x00000000e0400000,0x00000000f13d7d58,0x00000000f1900000)
  from space 43008K, 22% used [0x00000000f4c00000,0x00000000f5565020,0x00000000f7600000)
  to   space 47616K, 0% used [0x00000000f1900000,0x00000000f1900000,0x00000000f4780000)
 ParOldGen       total 225792K, used 145939K [0x00000000a0c00000, 0x00000000ae880000, 0x00000000e0400000)
  object space 225792K, 64% used [0x00000000a0c00000,0x00000000a9a84f80,0x00000000ae880000)
 Metaspace       used 18378K, capacity 18601K, committed 18816K, reserved 1067008K
  class space    used 1756K, capacity 1793K, committed 1920K, reserved 1048576K
Event: 10.888 GC heap after
Heap after GC invocations=22 (full 3):
 PSYoungGen      total 331264K, used 9652K [0x00000000e0400000, 0x00000000f7e80000, 0x0000000100000000)
  eden space 283648K, 0% used [0x00000000e0400000,0x00000000e0400000,0x00000000f1900000)
  from space 47616K, 20% used [0x00000000f1900000,0x00000000f226d020,0x00000000f4780000)
  to   space 46080K, 0% used [0x00000000f5180000,0x00000000f5180000,0x00000000f7e80000)
 ParOldGen       total 225792K, used 145947K [0x00000000a0c00000, 0x00000000ae880000, 0x00000000e0400000)
  object space 225792K, 64% used [0x00000000a0c00000,0x00000000a9a86f80,0x00000000ae880000)
 Metaspace       used 18378K, capacity 18601K, committed 18816K, reserved 1067008K
  class space    used 1756K, capacity 1793K, committed 1920K, reserved 1048576K
}
Event: 11.888 GC heap before
{Heap before GC invocations=23 (full 3):
 PSYoungGen      total 331264K, used 292778K [0x00000000e0400000, 0x00000000f7e80000, 0x0000000100000000)
  eden space 283648K, 99% used [0x00000000e0400000,0x00000000f187db88,0x00000000f1900000)
  from space 47616K, 20% used [0x00000000f1900000,0x00000000f226d020,0x00000000f4780000)
  to   space 46080K, 0% used [0x00000000f5180000,0x00000000f5180000,0x00000000f7e80000)
 ParOldGen       total 225792K, used 145947K [0x00000000a0c00000, 0x00000000ae880000, 0x00000000e0400000)
  object space 225792K, 64% used [0x00000000a0c00000,0x00000000a9a86f80,0x00000000ae880000)
 Metaspace       used 18383K, capacity 18601K, committed 18816K, reserved 1067008K
  class space    used 1756K, capacity 1793K, committed 1920K, reserved 1048576K
Event: 11.894 GC heap after
Heap after GC invocations=23 (full 3):
 PSYoungGen      total 333312K, used 17752K [0x00000000e0400000, 0x00000000f7800000, 0x0000000100000000)
  eden space 293888K, 0% used [0x00000000e0400000,0x00000000e0400000,0x00000000f2300000)
  from space 39424K, 45% used [0x00000000f5180000,0x00000000f62d6030,0x00000000f7800000)
  to   space 43520K, 0% used [0x00000000f2300000,0x00000000f2300000,0x00000000f4d80000)
 ParOldGen       total 225792K, used 145955K [0x00000000a0c00000, 0x00000000ae880000, 0x00000000e0400000)
  object space 225792K, 64% used [0x00000000a0c00000,0x00000000a9a88f80,0x00000000ae880000)
 Metaspace       used 18383K, capacity 18601K, committed 18816K, reserved 1067008K
  class space    used 1756K, capacity 1793K, committed 1920K, reserved 1048576K
}

