# JRE version: Java(TM) SE Runtime Environment (8.0_25-b18) (build 1.8.0_25-b18)
# Java VM: Java HotSpot(TM) 64-Bit Server VM (25.25-b02 mixed mode windows-amd64 compressed oops)
Heap:
 PSYoungGen      total 311296K, used 117832K [0x00000000e0400000, 0x00000000f5d80000, 0x0000000100000000)
  eden space 271360K, 40% used [0x00000000e0400000,0x00000000e6e252e8,0x00000000f0d00000)
  from space 39936K, 22% used [0x00000000f0d00000,0x00000000f15ed020,0x00000000f3400000)
  to   space 38912K, 0% used [0x00000000f3780000,0x00000000f3780000,0x00000000f5d80000)
 ParOldGen       total 235520K, used 154173K [0x00000000a0c00000, 0x00000000af200000, 0x00000000e0400000)
  object space 235520K, 65% used [0x00000000a0c00000,0x00000000aa28f5d8,0x00000000af200000)
 Metaspace       used 17951K, capacity 18121K, committed 18176K, reserved 1064960K
  class space    used 1721K, capacity 1761K, committed 1792K, reserved 1048576K
GC Heap History (10 events):
Event: 10.794 GC heap before
{Heap before GC invocations=24 (full 3):
 PSYoungGen      total 302080K, used 265207K [0x00000000e0400000, 0x00000000f5d00000, 0x0000000100000000)
  eden space 258048K, 99% used [0x00000000e0400000,0x00000000efe08f88,0x00000000f0000000)
  from space 44032K, 20% used [0x00000000f3200000,0x00000000f3af5020,0x00000000f5d00000)
  to   space 47616K, 0% used [0x00000000f0000000,0x00000000f0000000,0x00000000f2e80000)
 ParOldGen       total 235520K, used 154149K [0x00000000a0c00000, 0x00000000af200000, 0x00000000e0400000)
  object space 235520K, 65% used [0x00000000a0c00000,0x00000000aa2895d8,0x00000000af200000)
 Metaspace       used 17879K, capacity 18057K, committed 18176K, reserved 1064960K
  class space    used 1721K, capacity 1761K, committed 1792K, reserved 1048576K
Event: 10.797 GC heap after
Heap after GC invocations=24 (full 3):
 PSYoungGen      total 305664K, used 9108K [0x00000000e0400000, 0x00000000f6100000, 0x0000000100000000)
  eden space 258048K, 0% used [0x00000000e0400000,0x00000000e0400000,0x00000000f0000000)
  from space 47616K, 19% used [0x00000000f0000000,0x00000000f08e5020,0x00000000f2e80000)
  to   space 45568K, 0% used [0x00000000f3480000,0x00000000f3480000,0x00000000f6100000)
 ParOldGen       total 235520K, used 154157K [0x00000000a0c00000, 0x00000000af200000, 0x00000000e0400000)
  object space 235520K, 65% used [0x00000000a0c00000,0x00000000aa28b5d8,0x00000000af200000)
 Metaspace       used 17879K, capacity 18057K, committed 18176K, reserved 1064960K
  class space    used 1721K, capacity 1761K, committed 1792K, reserved 1048576K
}
Event: 11.662 GC heap before
{Heap before GC invocations=25 (full 3):
 PSYoungGen      total 305664K, used 265129K [0x00000000e0400000, 0x00000000f6100000, 0x0000000100000000)
  eden space 258048K, 99% used [0x00000000e0400000,0x00000000efe057b8,0x00000000f0000000)
  from space 47616K, 19% used [0x00000000f0000000,0x00000000f08e5020,0x00000000f2e80000)
  to   space 45568K, 0% used [0x00000000f3480000,0x00000000f3480000,0x00000000f6100000)
 ParOldGen       total 235520K, used 154157K [0x00000000a0c00000, 0x00000000af200000, 0x00000000e0400000)
  object space 235520K, 65% used [0x00000000a0c00000,0x00000000aa28b5d8,0x00000000af200000)
 Metaspace       used 17889K, capacity 18057K, committed 18176K, reserved 1064960K
  class space    used 1721K, capacity 1761K, committed 1792K, reserved 1048576K
Event: 11.665 GC heap after
Heap after GC invocations=25 (full 3):
 PSYoungGen      total 304640K, used 9172K [0x00000000e0400000, 0x00000000f5b80000, 0x0000000100000000)
  eden space 264704K, 0% used [0x00000000e0400000,0x00000000e0400000,0x00000000f0680000)
  from space 39936K, 22% used [0x00000000f3480000,0x00000000f3d75020,0x00000000f5b80000)
  to   space 43520K, 0% used [0x00000000f0680000,0x00000000f0680000,0x00000000f3100000)
 ParOldGen       total 235520K, used 154157K [0x00000000a0c00000, 0x00000000af200000, 0x00000000e0400000)
  object space 235520K, 65% used [0x00000000a0c00000,0x00000000aa28b5d8,0x00000000af200000)
 Metaspace       used 17889K, capacity 18057K, committed 18176K, reserved 1064960K
  class space    used 1721K, capacity 1761K, committed 1792K, reserved 1048576K
}
Event: 12.532 GC heap before
{Heap before GC invocations=26 (full 3):
 PSYoungGen      total 304640K, used 273876K [0x00000000e0400000, 0x00000000f5b80000, 0x0000000100000000)
  eden space 264704K, 100% used [0x00000000e0400000,0x00000000f0680000,0x00000000f0680000)
  from space 39936K, 22% used [0x00000000f3480000,0x00000000f3d75020,0x00000000f5b80000)
  to   space 43520K, 0% used [0x00000000f0680000,0x00000000f0680000,0x00000000f3100000)
 ParOldGen       total 235520K, used 154157K [0x00000000a0c00000, 0x00000000af200000, 0x00000000e0400000)
  object space 235520K, 65% used [0x00000000a0c00000,0x00000000aa28b5d8,0x00000000af200000)
 Metaspace       used 17891K, capacity 18057K, committed 18176K, reserved 1064960K
  class space    used 1721K, capacity 1761K, committed 1792K, reserved 1048576K
Event: 12.539 GC heap after
Heap after GC invocations=26 (full 3):
 PSYoungGen      total 308224K, used 18120K [0x00000000e0400000, 0x00000000f5f00000, 0x0000000100000000)
  eden space 264704K, 0% used [0x00000000e0400000,0x00000000e0400000,0x00000000f0680000)
  from space 43520K, 41% used [0x00000000f0680000,0x00000000f1832040,0x00000000f3100000)
  to   space 41984K, 0% used [0x00000000f3600000,0x00000000f3600000,0x00000000f5f00000)
 ParOldGen       total 235520K, used 154157K [0x00000000a0c00000, 0x00000000af200000, 0x00000000e0400000)
  object space 235520K, 65% used [0x00000000a0c00000,0x00000000aa28b5d8,0x00000000af200000)
 Metaspace       used 17891K, capacity 18057K, committed 18176K, reserved 1064960K
  class space    used 1721K, capacity 1761K, committed 1792K, reserved 1048576K
}
Event: 13.432 GC heap before
{Heap before GC invocations=27 (full 3):
 PSYoungGen      total 308224K, used 282666K [0x00000000e0400000, 0x00000000f5f00000, 0x0000000100000000)
  eden space 264704K, 99% used [0x00000000e0400000,0x00000000f06588e8,0x00000000f0680000)
  from space 43520K, 41% used [0x00000000f0680000,0x00000000f1832040,0x00000000f3100000)
  to   space 41984K, 0% used [0x00000000f3600000,0x00000000f3600000,0x00000000f5f00000)
 ParOldGen       total 235520K, used 154157K [0x00000000a0c00000, 0x00000000af200000, 0x00000000e0400000)
  object space 235520K, 65% used [0x00000000a0c00000,0x00000000aa28b5d8,0x00000000af200000)
 Metaspace       used 17949K, capacity 18121K, committed 18176K, reserved 1064960K
  class space    used 1721K, capacity 1761K, committed 1792K, reserved 1048576K
Event: 13.440 GC heap after
Heap after GC invocations=27 (full 3):
 PSYoungGen      total 309248K, used 17240K [0x00000000e0400000, 0x00000000f5b00000, 0x0000000100000000)
  eden space 271360K, 0% used [0x00000000e0400000,0x00000000e0400000,0x00000000f0d00000)
  from space 37888K, 45% used [0x00000000f3600000,0x00000000f46d6030,0x00000000f5b00000)
  to   space 39936K, 0% used [0x00000000f0d00000,0x00000000f0d00000,0x00000000f3400000)
 ParOldGen       total 235520K, used 154165K [0x00000000a0c00000, 0x00000000af200000, 0x00000000e0400000)
  object space 235520K, 65% used [0x00000000a0c00000,0x00000000aa28d5d8,0x00000000af200000)
 Metaspace       used 17949K, capacity 18121K, committed 18176K, reserved 1064960K
  class space    used 1721K, capacity 1761K, committed 1792K, reserved 1048576K
}
Event: 14.362 GC heap before
{Heap before GC invocations=28 (full 3):
 PSYoungGen      total 309248K, used 284186K [0x00000000e0400000, 0x00000000f5b00000, 0x0000000100000000)
  eden space 271360K, 98% used [0x00000000e0400000,0x00000000f08b0828,0x00000000f0d00000)
  from space 37888K, 45% used [0x00000000f3600000,0x00000000f46d6030,0x00000000f5b00000)
  to   space 39936K, 0% used [0x00000000f0d00000,0x00000000f0d00000,0x00000000f3400000)
 ParOldGen       total 235520K, used 154165K [0x00000000a0c00000, 0x00000000af200000, 0x00000000e0400000)
  object space 235520K, 65% used [0x00000000a0c00000,0x00000000aa28d5d8,0x00000000af200000)
 Metaspace       used 17950K, capacity 18121K, committed 18176K, reserved 1064960K
  class space    used 1721K, capacity 1761K, committed 1792K, reserved 1048576K
Event: 14.364 GC heap after
Heap after GC invocations=28 (full 3):
 PSYoungGen      total 311296K, used 9140K [0x00000000e0400000, 0x00000000f5d80000, 0x0000000100000000)
  eden space 271360K, 0% used [0x00000000e0400000,0x00000000e0400000,0x00000000f0d00000)
  from space 39936K, 22% used [0x00000000f0d00000,0x00000000f15ed020,0x00000000f3400000)
  to   space 38912K, 0% used [0x00000000f3780000,0x00000000f3780000,0x00000000f5d80000)
 ParOldGen       total 235520K, used 154173K [0x00000000a0c00000, 0x00000000af200000, 0x00000000e0400000)
  object space 235520K, 65% used [0x00000000a0c00000,0x00000000aa28f5d8,0x00000000af200000)
 Metaspace       used 17950K, capacity 18121K, committed 18176K, reserved 1064960K
  class space    used 1721K, capacity 1761K, committed 1792K, reserved 1048576K
}

