# JRE version: Java(TM) SE Runtime Environment (8.0_25-b18) (build 1.8.0_25-b18)
# Java VM: Java HotSpot(TM) 64-Bit Server VM (25.25-b02 mixed mode windows-amd64 compressed oops)
Heap:
 PSYoungGen      total 411136K, used 65100K [0x00000000e0400000, 0x00000000fa880000, 0x0000000100000000)
  eden space 394752K, 14% used [0x00000000e0400000,0x00000000e3b82050,0x00000000f8580000)
  from space 16384K, 50% used [0x00000000f8580000,0x00000000f8d91010,0x00000000f9580000)
  to   space 16384K, 0% used [0x00000000f9880000,0x00000000f9880000,0x00000000fa880000)
 ParOldGen       total 232960K, used 162473K [0x00000000a0c00000, 0x00000000aef80000, 0x00000000e0400000)
  object space 232960K, 69% used [0x00000000a0c00000,0x00000000aaaaa750,0x00000000aef80000)
 Metaspace       used 17996K, capacity 18185K, committed 18432K, reserved 1067008K
  class space    used 1723K, capacity 1761K, committed 1792K, reserved 1048576K
GC Heap History (10 events):
Event: 47.450 GC heap before
{Heap before GC invocations=92 (full 3):
 PSYoungGen      total 406528K, used 394811K [0x00000000e0400000, 0x00000000fa280000, 0x0000000100000000)
  eden space 390656K, 98% used [0x00000000e0400000,0x00000000f7d85e68,0x00000000f8180000)
  from space 15872K, 51% used [0x00000000f9180000,0x00000000f9989010,0x00000000fa100000)
  to   space 16384K, 0% used [0x00000000f8180000,0x00000000f8180000,0x00000000f9180000)
 ParOldGen       total 232960K, used 162473K [0x00000000a0c00000, 0x00000000aef80000, 0x00000000e0400000)
  object space 232960K, 69% used [0x00000000a0c00000,0x00000000aaaaa750,0x00000000aef80000)
 Metaspace       used 17961K, capacity 18185K, committed 18432K, reserved 1067008K
  class space    used 1712K, capacity 1761K, committed 1792K, reserved 1048576K
Event: 47.452 GC heap after
Heap after GC invocations=92 (full 3):
 PSYoungGen      total 407040K, used 160K [0x00000000e0400000, 0x00000000fa280000, 0x0000000100000000)
  eden space 390656K, 0% used [0x00000000e0400000,0x00000000e0400000,0x00000000f8180000)
  from space 16384K, 0% used [0x00000000f8180000,0x00000000f81a8000,0x00000000f9180000)
  to   space 15872K, 0% used [0x00000000f9300000,0x00000000f9300000,0x00000000fa280000)
 ParOldGen       total 232960K, used 162473K [0x00000000a0c00000, 0x00000000aef80000, 0x00000000e0400000)
  object space 232960K, 69% used [0x00000000a0c00000,0x00000000aaaaa750,0x00000000aef80000)
 Metaspace       used 17961K, capacity 18185K, committed 18432K, reserved 1067008K
  class space    used 1712K, capacity 1761K, committed 1792K, reserved 1048576K
}
Event: 48.057 GC heap before
{Heap before GC invocations=93 (full 3):
 PSYoungGen      total 407040K, used 390816K [0x00000000e0400000, 0x00000000fa280000, 0x0000000100000000)
  eden space 390656K, 100% used [0x00000000e0400000,0x00000000f8180000,0x00000000f8180000)
  from space 16384K, 0% used [0x00000000f8180000,0x00000000f81a8000,0x00000000f9180000)
  to   space 15872K, 0% used [0x00000000f9300000,0x00000000f9300000,0x00000000fa280000)
 ParOldGen       total 232960K, used 162473K [0x00000000a0c00000, 0x00000000aef80000, 0x00000000e0400000)
  object space 232960K, 69% used [0x00000000a0c00000,0x00000000aaaaa750,0x00000000aef80000)
 Metaspace       used 17961K, capacity 18185K, committed 18432K, reserved 1067008K
  class space    used 1712K, capacity 1761K, committed 1792K, reserved 1048576K
Event: 48.060 GC heap after
Heap after GC invocations=93 (full 3):
 PSYoungGen      total 408064K, used 8196K [0x00000000e0400000, 0x00000000fa400000, 0x0000000100000000)
  eden space 392192K, 0% used [0x00000000e0400000,0x00000000e0400000,0x00000000f8300000)
  from space 15872K, 51% used [0x00000000f9300000,0x00000000f9b01010,0x00000000fa280000)
  to   space 16384K, 0% used [0x00000000f8300000,0x00000000f8300000,0x00000000f9300000)
 ParOldGen       total 232960K, used 162473K [0x00000000a0c00000, 0x00000000aef80000, 0x00000000e0400000)
  object space 232960K, 69% used [0x00000000a0c00000,0x00000000aaaaa750,0x00000000aef80000)
 Metaspace       used 17961K, capacity 18185K, committed 18432K, reserved 1067008K
  class space    used 1712K, capacity 1761K, committed 1792K, reserved 1048576K
}
Event: 48.686 GC heap before
{Heap before GC invocations=94 (full 3):
 PSYoungGen      total 408064K, used 400388K [0x00000000e0400000, 0x00000000fa400000, 0x0000000100000000)
  eden space 392192K, 100% used [0x00000000e0400000,0x00000000f8300000,0x00000000f8300000)
  from space 15872K, 51% used [0x00000000f9300000,0x00000000f9b01010,0x00000000fa280000)
  to   space 16384K, 0% used [0x00000000f8300000,0x00000000f8300000,0x00000000f9300000)
 ParOldGen       total 232960K, used 162473K [0x00000000a0c00000, 0x00000000aef80000, 0x00000000e0400000)
  object space 232960K, 69% used [0x00000000a0c00000,0x00000000aaaaa750,0x00000000aef80000)
 Metaspace       used 17961K, capacity 18185K, committed 18432K, reserved 1067008K
  class space    used 1712K, capacity 1761K, committed 1792K, reserved 1048576K
Event: 48.689 GC heap after
Heap after GC invocations=94 (full 3):
 PSYoungGen      total 408576K, used 8292K [0x00000000e0400000, 0x00000000fa580000, 0x0000000100000000)
  eden space 392192K, 0% used [0x00000000e0400000,0x00000000e0400000,0x00000000f8300000)
  from space 16384K, 50% used [0x00000000f8300000,0x00000000f8b19010,0x00000000f9300000)
  to   space 16384K, 0% used [0x00000000f9580000,0x00000000f9580000,0x00000000fa580000)
 ParOldGen       total 232960K, used 162473K [0x00000000a0c00000, 0x00000000aef80000, 0x00000000e0400000)
  object space 232960K, 69% used [0x00000000a0c00000,0x00000000aaaaa750,0x00000000aef80000)
 Metaspace       used 17961K, capacity 18185K, committed 18432K, reserved 1067008K
  class space    used 1712K, capacity 1761K, committed 1792K, reserved 1048576K
}
Event: 49.316 GC heap before
{Heap before GC invocations=95 (full 3):
 PSYoungGen      total 408576K, used 393150K [0x00000000e0400000, 0x00000000fa580000, 0x0000000100000000)
  eden space 392192K, 98% used [0x00000000e0400000,0x00000000f7bd69d0,0x00000000f8300000)
  from space 16384K, 50% used [0x00000000f8300000,0x00000000f8b19010,0x00000000f9300000)
  to   space 16384K, 0% used [0x00000000f9580000,0x00000000f9580000,0x00000000fa580000)
 ParOldGen       total 232960K, used 162473K [0x00000000a0c00000, 0x00000000aef80000, 0x00000000e0400000)
  object space 232960K, 69% used [0x00000000a0c00000,0x00000000aaaaa750,0x00000000aef80000)
 Metaspace       used 17961K, capacity 18185K, committed 18432K, reserved 1067008K
  class space    used 1712K, capacity 1761K, committed 1792K, reserved 1048576K
Event: 49.317 GC heap after
Heap after GC invocations=95 (full 3):
 PSYoungGen      total 411136K, used 192K [0x00000000e0400000, 0x00000000fa580000, 0x0000000100000000)
  eden space 394752K, 0% used [0x00000000e0400000,0x00000000e0400000,0x00000000f8580000)
  from space 16384K, 1% used [0x00000000f9580000,0x00000000f95b0000,0x00000000fa580000)
  to   space 16384K, 0% used [0x00000000f8580000,0x00000000f8580000,0x00000000f9580000)
 ParOldGen       total 232960K, used 162473K [0x00000000a0c00000, 0x00000000aef80000, 0x00000000e0400000)
  object space 232960K, 69% used [0x00000000a0c00000,0x00000000aaaaa750,0x00000000aef80000)
 Metaspace       used 17961K, capacity 18185K, committed 18432K, reserved 1067008K
  class space    used 1712K, capacity 1761K, committed 1792K, reserved 1048576K
}
Event: 49.969 GC heap before
{Heap before GC invocations=96 (full 3):
 PSYoungGen      total 411136K, used 394186K [0x00000000e0400000, 0x00000000fa580000, 0x0000000100000000)
  eden space 394752K, 99% used [0x00000000e0400000,0x00000000f84c2a60,0x00000000f8580000)
  from space 16384K, 1% used [0x00000000f9580000,0x00000000f95b0000,0x00000000fa580000)
  to   space 16384K, 0% used [0x00000000f8580000,0x00000000f8580000,0x00000000f9580000)
 ParOldGen       total 232960K, used 162473K [0x00000000a0c00000, 0x00000000aef80000, 0x00000000e0400000)
  object space 232960K, 69% used [0x00000000a0c00000,0x00000000aaaaa750,0x00000000aef80000)
 Metaspace       used 17961K, capacity 18185K, committed 18432K, reserved 1067008K
  class space    used 1712K, capacity 1761K, committed 1792K, reserved 1048576K
Event: 49.974 GC heap after
Heap after GC invocations=96 (full 3):
 PSYoungGen      total 411136K, used 8260K [0x00000000e0400000, 0x00000000fa880000, 0x0000000100000000)
  eden space 394752K, 0% used [0x00000000e0400000,0x00000000e0400000,0x00000000f8580000)
  from space 16384K, 50% used [0x00000000f8580000,0x00000000f8d91010,0x00000000f9580000)
  to   space 16384K, 0% used [0x00000000f9880000,0x00000000f9880000,0x00000000fa880000)
 ParOldGen       total 232960K, used 162473K [0x00000000a0c00000, 0x00000000aef80000, 0x00000000e0400000)
  object space 232960K, 69% used [0x00000000a0c00000,0x00000000aaaaa750,0x00000000aef80000)
 Metaspace       used 17961K, capacity 18185K, committed 18432K, reserved 1067008K
  class space    used 1712K, capacity 1761K, committed 1792K, reserved 1048576K
}

