# JRE version: Java(TM) SE Runtime Environment (8.0_25-b18) (build 1.8.0_25-b18)
# Java VM: Java HotSpot(TM) 64-Bit Server VM (25.25-b02 mixed mode windows-amd64 compressed oops)
Heap:
 PSYoungGen      total 435200K, used 119444K [0x00000000e0400000, 0x00000000fad80000, 0x0000000100000000)
  eden space 434688K, 27% used [0x00000000e0400000,0x00000000e7875070,0x00000000fac80000)
  from space 512K, 37% used [0x00000000fad00000,0x00000000fad30000,0x00000000fad80000)
  to   space 512K, 0% used [0x00000000fac80000,0x00000000fac80000,0x00000000fad00000)
 ParOldGen       total 224256K, used 164508K [0x00000000a0c00000, 0x00000000ae700000, 0x00000000e0400000)
  object space 224256K, 73% used [0x00000000a0c00000,0x00000000aaca7318,0x00000000ae700000)
 Metaspace       used 18673K, capacity 18857K, committed 19072K, reserved 1067008K
  class space    used 1763K, capacity 1793K, committed 1920K, reserved 1048576K
GC Heap History (10 events):
Event: 80.780 GC heap before
{Heap before GC invocations=121 (full 3):
 PSYoungGen      total 430592K, used 425306K [0x00000000e0400000, 0x00000000faa80000, 0x0000000100000000)
  eden space 430080K, 98% used [0x00000000e0400000,0x00000000fa32e9b0,0x00000000fa800000)
  from space 512K, 31% used [0x00000000fa800000,0x00000000fa828000,0x00000000fa880000)
  to   space 512K, 0% used [0x00000000faa00000,0x00000000faa00000,0x00000000faa80000)
 ParOldGen       total 224256K, used 164468K [0x00000000a0c00000, 0x00000000ae700000, 0x00000000e0400000)
  object space 224256K, 73% used [0x00000000a0c00000,0x00000000aac9d318,0x00000000ae700000)
 Metaspace       used 18673K, capacity 18857K, committed 19072K, reserved 1067008K
  class space    used 1763K, capacity 1793K, committed 1920K, reserved 1048576K
Event: 80.782 GC heap after
Heap after GC invocations=121 (full 3):
 PSYoungGen      total 432128K, used 192K [0x00000000e0400000, 0x00000000faa80000, 0x0000000100000000)
  eden space 431616K, 0% used [0x00000000e0400000,0x00000000e0400000,0x00000000fa980000)
  from space 512K, 37% used [0x00000000faa00000,0x00000000faa30000,0x00000000faa80000)
  to   space 512K, 0% used [0x00000000fa980000,0x00000000fa980000,0x00000000faa00000)
 ParOldGen       total 224256K, used 164508K [0x00000000a0c00000, 0x00000000ae700000, 0x00000000e0400000)
  object space 224256K, 73% used [0x00000000a0c00000,0x00000000aaca7318,0x00000000ae700000)
 Metaspace       used 18673K, capacity 18857K, committed 19072K, reserved 1067008K
  class space    used 1763K, capacity 1793K, committed 1920K, reserved 1048576K
}
Event: 81.444 GC heap before
{Heap before GC invocations=122 (full 3):
 PSYoungGen      total 432128K, used 425888K [0x00000000e0400000, 0x00000000faa80000, 0x0000000100000000)
  eden space 431616K, 98% used [0x00000000e0400000,0x00000000fa3b83a8,0x00000000fa980000)
  from space 512K, 37% used [0x00000000faa00000,0x00000000faa30000,0x00000000faa80000)
  to   space 512K, 0% used [0x00000000fa980000,0x00000000fa980000,0x00000000faa00000)
 ParOldGen       total 224256K, used 164508K [0x00000000a0c00000, 0x00000000ae700000, 0x00000000e0400000)
  object space 224256K, 73% used [0x00000000a0c00000,0x00000000aaca7318,0x00000000ae700000)
 Metaspace       used 18673K, capacity 18857K, committed 19072K, reserved 1067008K
  class space    used 1763K, capacity 1793K, committed 1920K, reserved 1048576K
Event: 81.446 GC heap after
Heap after GC invocations=122 (full 3):
 PSYoungGen      total 432128K, used 128K [0x00000000e0400000, 0x00000000fac00000, 0x0000000100000000)
  eden space 431616K, 0% used [0x00000000e0400000,0x00000000e0400000,0x00000000fa980000)
  from space 512K, 25% used [0x00000000fa980000,0x00000000fa9a0000,0x00000000faa00000)
  to   space 512K, 0% used [0x00000000fab80000,0x00000000fab80000,0x00000000fac00000)
 ParOldGen       total 224256K, used 164508K [0x00000000a0c00000, 0x00000000ae700000, 0x00000000e0400000)
  object space 224256K, 73% used [0x00000000a0c00000,0x00000000aaca7318,0x00000000ae700000)
 Metaspace       used 18673K, capacity 18857K, committed 19072K, reserved 1067008K
  class space    used 1763K, capacity 1793K, committed 1920K, reserved 1048576K
}
Event: 82.113 GC heap before
{Heap before GC invocations=123 (full 3):
 PSYoungGen      total 432128K, used 425757K [0x00000000e0400000, 0x00000000fac00000, 0x0000000100000000)
  eden space 431616K, 98% used [0x00000000e0400000,0x00000000fa3a7610,0x00000000fa980000)
  from space 512K, 25% used [0x00000000fa980000,0x00000000fa9a0000,0x00000000faa00000)
  to   space 512K, 0% used [0x00000000fab80000,0x00000000fab80000,0x00000000fac00000)
 ParOldGen       total 224256K, used 164508K [0x00000000a0c00000, 0x00000000ae700000, 0x00000000e0400000)
  object space 224256K, 73% used [0x00000000a0c00000,0x00000000aaca7318,0x00000000ae700000)
 Metaspace       used 18673K, capacity 18857K, committed 19072K, reserved 1067008K
  class space    used 1763K, capacity 1793K, committed 1920K, reserved 1048576K
Event: 82.114 GC heap after
Heap after GC invocations=123 (full 3):
 PSYoungGen      total 433664K, used 160K [0x00000000e0400000, 0x00000000fac00000, 0x0000000100000000)
  eden space 433152K, 0% used [0x00000000e0400000,0x00000000e0400000,0x00000000fab00000)
  from space 512K, 31% used [0x00000000fab80000,0x00000000faba8000,0x00000000fac00000)
  to   space 512K, 0% used [0x00000000fab00000,0x00000000fab00000,0x00000000fab80000)
 ParOldGen       total 224256K, used 164508K [0x00000000a0c00000, 0x00000000ae700000, 0x00000000e0400000)
  object space 224256K, 73% used [0x00000000a0c00000,0x00000000aaca7318,0x00000000ae700000)
 Metaspace       used 18673K, capacity 18857K, committed 19072K, reserved 1067008K
  class space    used 1763K, capacity 1793K, committed 1920K, reserved 1048576K
}
Event: 82.780 GC heap before
{Heap before GC invocations=124 (full 3):
 PSYoungGen      total 433664K, used 426392K [0x00000000e0400000, 0x00000000fac00000, 0x0000000100000000)
  eden space 433152K, 98% used [0x00000000e0400000,0x00000000fa43e0e8,0x00000000fab00000)
  from space 512K, 31% used [0x00000000fab80000,0x00000000faba8000,0x00000000fac00000)
  to   space 512K, 0% used [0x00000000fab00000,0x00000000fab00000,0x00000000fab80000)
 ParOldGen       total 224256K, used 164508K [0x00000000a0c00000, 0x00000000ae700000, 0x00000000e0400000)
  object space 224256K, 73% used [0x00000000a0c00000,0x00000000aaca7318,0x00000000ae700000)
 Metaspace       used 18673K, capacity 18857K, committed 19072K, reserved 1067008K
  class space    used 1763K, capacity 1793K, committed 1920K, reserved 1048576K
Event: 82.781 GC heap after
Heap after GC invocations=124 (full 3):
 PSYoungGen      total 433664K, used 160K [0x00000000e0400000, 0x00000000fad80000, 0x0000000100000000)
  eden space 433152K, 0% used [0x00000000e0400000,0x00000000e0400000,0x00000000fab00000)
  from space 512K, 31% used [0x00000000fab00000,0x00000000fab28000,0x00000000fab80000)
  to   space 512K, 0% used [0x00000000fad00000,0x00000000fad00000,0x00000000fad80000)
 ParOldGen       total 224256K, used 164508K [0x00000000a0c00000, 0x00000000ae700000, 0x00000000e0400000)
  object space 224256K, 73% used [0x00000000a0c00000,0x00000000aaca7318,0x00000000ae700000)
 Metaspace       used 18673K, capacity 18857K, committed 19072K, reserved 1067008K
  class space    used 1763K, capacity 1793K, committed 1920K, reserved 1048576K
}
Event: 83.446 GC heap before
{Heap before GC invocations=125 (full 3):
 PSYoungGen      total 433664K, used 426337K [0x00000000e0400000, 0x00000000fad80000, 0x0000000100000000)
  eden space 433152K, 98% used [0x00000000e0400000,0x00000000fa430558,0x00000000fab00000)
  from space 512K, 31% used [0x00000000fab00000,0x00000000fab28000,0x00000000fab80000)
  to   space 512K, 0% used [0x00000000fad00000,0x00000000fad00000,0x00000000fad80000)
 ParOldGen       total 224256K, used 164508K [0x00000000a0c00000, 0x00000000ae700000, 0x00000000e0400000)
  object space 224256K, 73% used [0x00000000a0c00000,0x00000000aaca7318,0x00000000ae700000)
 Metaspace       used 18673K, capacity 18857K, committed 19072K, reserved 1067008K
  class space    used 1763K, capacity 1793K, committed 1920K, reserved 1048576K
Event: 83.447 GC heap after
Heap after GC invocations=125 (full 3):
 PSYoungGen      total 435200K, used 192K [0x00000000e0400000, 0x00000000fad80000, 0x0000000100000000)
  eden space 434688K, 0% used [0x00000000e0400000,0x00000000e0400000,0x00000000fac80000)
  from space 512K, 37% used [0x00000000fad00000,0x00000000fad30000,0x00000000fad80000)
  to   space 512K, 0% used [0x00000000fac80000,0x00000000fac80000,0x00000000fad00000)
 ParOldGen       total 224256K, used 164508K [0x00000000a0c00000, 0x00000000ae700000, 0x00000000e0400000)
  object space 224256K, 73% used [0x00000000a0c00000,0x00000000aaca7318,0x00000000ae700000)
 Metaspace       used 18673K, capacity 18857K, committed 19072K, reserved 1067008K
  class space    used 1763K, capacity 1793K, committed 1920K, reserved 1048576K
}

