# JRE version: Java(TM) SE Runtime Environment (8.0_25-b18) (build 1.8.0_25-b18)
# Java VM: Java HotSpot(TM) 64-Bit Server VM (25.25-b02 mixed mode windows-amd64 compressed oops)
Heap:
 PSYoungGen      total 389632K, used 16847K [0x00000000e0400000, 0x00000000f8300000, 0x0000000100000000)
  eden space 389120K, 4% used [0x00000000e0400000,0x00000000e144bc90,0x00000000f8000000)
  from space 512K, 31% used [0x00000000f8000000,0x00000000f8028000,0x00000000f8080000)
  to   space 512K, 0% used [0x00000000f8280000,0x00000000f8280000,0x00000000f8300000)
 ParOldGen       total 228352K, used 171879K [0x00000000a0c00000, 0x00000000aeb00000, 0x00000000e0400000)
  object space 228352K, 75% used [0x00000000a0c00000,0x00000000ab3d9e18,0x00000000aeb00000)
 Metaspace       used 18003K, capacity 18185K, committed 18432K, reserved 1067008K
  class space    used 1723K, capacity 1761K, committed 1792K, reserved 1048576K
GC Heap History (10 events):
Event: 61.891 GC heap before
{Heap before GC invocations=102 (full 3):
 PSYoungGen      total 385536K, used 385152K [0x00000000e0400000, 0x00000000f7d00000, 0x0000000100000000)
  eden space 385024K, 100% used [0x00000000e0400000,0x00000000f7c00000,0x00000000f7c00000)
  from space 512K, 25% used [0x00000000f7c80000,0x00000000f7ca0000,0x00000000f7d00000)
  to   space 512K, 0% used [0x00000000f7c00000,0x00000000f7c00000,0x00000000f7c80000)
 ParOldGen       total 228352K, used 171879K [0x00000000a0c00000, 0x00000000aeb00000, 0x00000000e0400000)
  object space 228352K, 75% used [0x00000000a0c00000,0x00000000ab3d9e18,0x00000000aeb00000)
 Metaspace       used 17968K, capacity 18185K, committed 18432K, reserved 1067008K
  class space    used 1712K, capacity 1761K, committed 1792K, reserved 1048576K
Event: 61.893 GC heap after
Heap after GC invocations=102 (full 3):
 PSYoungGen      total 385536K, used 96K [0x00000000e0400000, 0x00000000f7f00000, 0x0000000100000000)
  eden space 385024K, 0% used [0x00000000e0400000,0x00000000e0400000,0x00000000f7c00000)
  from space 512K, 18% used [0x00000000f7c00000,0x00000000f7c18000,0x00000000f7c80000)
  to   space 512K, 0% used [0x00000000f7e80000,0x00000000f7e80000,0x00000000f7f00000)
 ParOldGen       total 228352K, used 171879K [0x00000000a0c00000, 0x00000000aeb00000, 0x00000000e0400000)
  object space 228352K, 75% used [0x00000000a0c00000,0x00000000ab3d9e18,0x00000000aeb00000)
 Metaspace       used 17968K, capacity 18185K, committed 18432K, reserved 1067008K
  class space    used 1712K, capacity 1761K, committed 1792K, reserved 1048576K
}
Event: 62.492 GC heap before
{Heap before GC invocations=103 (full 3):
 PSYoungGen      total 385536K, used 385120K [0x00000000e0400000, 0x00000000f7f00000, 0x0000000100000000)
  eden space 385024K, 100% used [0x00000000e0400000,0x00000000f7c00000,0x00000000f7c00000)
  from space 512K, 18% used [0x00000000f7c00000,0x00000000f7c18000,0x00000000f7c80000)
  to   space 512K, 0% used [0x00000000f7e80000,0x00000000f7e80000,0x00000000f7f00000)
 ParOldGen       total 228352K, used 171879K [0x00000000a0c00000, 0x00000000aeb00000, 0x00000000e0400000)
  object space 228352K, 75% used [0x00000000a0c00000,0x00000000ab3d9e18,0x00000000aeb00000)
 Metaspace       used 17968K, capacity 18185K, committed 18432K, reserved 1067008K
  class space    used 1712K, capacity 1761K, committed 1792K, reserved 1048576K
Event: 62.494 GC heap after
Heap after GC invocations=103 (full 3):
 PSYoungGen      total 387584K, used 96K [0x00000000e0400000, 0x00000000f7f00000, 0x0000000100000000)
  eden space 387072K, 0% used [0x00000000e0400000,0x00000000e0400000,0x00000000f7e00000)
  from space 512K, 18% used [0x00000000f7e80000,0x00000000f7e98000,0x00000000f7f00000)
  to   space 512K, 0% used [0x00000000f7e00000,0x00000000f7e00000,0x00000000f7e80000)
 ParOldGen       total 228352K, used 171879K [0x00000000a0c00000, 0x00000000aeb00000, 0x00000000e0400000)
  object space 228352K, 75% used [0x00000000a0c00000,0x00000000ab3d9e18,0x00000000aeb00000)
 Metaspace       used 17968K, capacity 18185K, committed 18432K, reserved 1067008K
  class space    used 1712K, capacity 1761K, committed 1792K, reserved 1048576K
}
Event: 63.112 GC heap before
{Heap before GC invocations=104 (full 3):
 PSYoungGen      total 387584K, used 387168K [0x00000000e0400000, 0x00000000f7f00000, 0x0000000100000000)
  eden space 387072K, 100% used [0x00000000e0400000,0x00000000f7e00000,0x00000000f7e00000)
  from space 512K, 18% used [0x00000000f7e80000,0x00000000f7e98000,0x00000000f7f00000)
  to   space 512K, 0% used [0x00000000f7e00000,0x00000000f7e00000,0x00000000f7e80000)
 ParOldGen       total 228352K, used 171879K [0x00000000a0c00000, 0x00000000aeb00000, 0x00000000e0400000)
  object space 228352K, 75% used [0x00000000a0c00000,0x00000000ab3d9e18,0x00000000aeb00000)
 Metaspace       used 17968K, capacity 18185K, committed 18432K, reserved 1067008K
  class space    used 1712K, capacity 1761K, committed 1792K, reserved 1048576K
Event: 63.113 GC heap after
Heap after GC invocations=104 (full 3):
 PSYoungGen      total 387584K, used 96K [0x00000000e0400000, 0x00000000f8100000, 0x0000000100000000)
  eden space 387072K, 0% used [0x00000000e0400000,0x00000000e0400000,0x00000000f7e00000)
  from space 512K, 18% used [0x00000000f7e00000,0x00000000f7e18000,0x00000000f7e80000)
  to   space 512K, 0% used [0x00000000f8080000,0x00000000f8080000,0x00000000f8100000)
 ParOldGen       total 228352K, used 171879K [0x00000000a0c00000, 0x00000000aeb00000, 0x00000000e0400000)
  object space 228352K, 75% used [0x00000000a0c00000,0x00000000ab3d9e18,0x00000000aeb00000)
 Metaspace       used 17968K, capacity 18185K, committed 18432K, reserved 1067008K
  class space    used 1712K, capacity 1761K, committed 1792K, reserved 1048576K
}
Event: 63.725 GC heap before
{Heap before GC invocations=105 (full 3):
 PSYoungGen      total 387584K, used 387168K [0x00000000e0400000, 0x00000000f8100000, 0x0000000100000000)
  eden space 387072K, 100% used [0x00000000e0400000,0x00000000f7e00000,0x00000000f7e00000)
  from space 512K, 18% used [0x00000000f7e00000,0x00000000f7e18000,0x00000000f7e80000)
  to   space 512K, 0% used [0x00000000f8080000,0x00000000f8080000,0x00000000f8100000)
 ParOldGen       total 228352K, used 171879K [0x00000000a0c00000, 0x00000000aeb00000, 0x00000000e0400000)
  object space 228352K, 75% used [0x00000000a0c00000,0x00000000ab3d9e18,0x00000000aeb00000)
 Metaspace       used 17968K, capacity 18185K, committed 18432K, reserved 1067008K
  class space    used 1712K, capacity 1761K, committed 1792K, reserved 1048576K
Event: 63.726 GC heap after
Heap after GC invocations=105 (full 3):
 PSYoungGen      total 389632K, used 160K [0x00000000e0400000, 0x00000000f8100000, 0x0000000100000000)
  eden space 389120K, 0% used [0x00000000e0400000,0x00000000e0400000,0x00000000f8000000)
  from space 512K, 31% used [0x00000000f8080000,0x00000000f80a8000,0x00000000f8100000)
  to   space 512K, 0% used [0x00000000f8000000,0x00000000f8000000,0x00000000f8080000)
 ParOldGen       total 228352K, used 171879K [0x00000000a0c00000, 0x00000000aeb00000, 0x00000000e0400000)
  object space 228352K, 75% used [0x00000000a0c00000,0x00000000ab3d9e18,0x00000000aeb00000)
 Metaspace       used 17968K, capacity 18185K, committed 18432K, reserved 1067008K
  class space    used 1712K, capacity 1761K, committed 1792K, reserved 1048576K
}
Event: 64.334 GC heap before
{Heap before GC invocations=106 (full 3):
 PSYoungGen      total 389632K, used 382585K [0x00000000e0400000, 0x00000000f8100000, 0x0000000100000000)
  eden space 389120K, 98% used [0x00000000e0400000,0x00000000f79764b8,0x00000000f8000000)
  from space 512K, 31% used [0x00000000f8080000,0x00000000f80a8000,0x00000000f8100000)
  to   space 512K, 0% used [0x00000000f8000000,0x00000000f8000000,0x00000000f8080000)
 ParOldGen       total 228352K, used 171879K [0x00000000a0c00000, 0x00000000aeb00000, 0x00000000e0400000)
  object space 228352K, 75% used [0x00000000a0c00000,0x00000000ab3d9e18,0x00000000aeb00000)
 Metaspace       used 18002K, capacity 18185K, committed 18432K, reserved 1067008K
  class space    used 1723K, capacity 1761K, committed 1792K, reserved 1048576K
Event: 64.335 GC heap after
Heap after GC invocations=106 (full 3):
 PSYoungGen      total 389632K, used 160K [0x00000000e0400000, 0x00000000f8300000, 0x0000000100000000)
  eden space 389120K, 0% used [0x00000000e0400000,0x00000000e0400000,0x00000000f8000000)
  from space 512K, 31% used [0x00000000f8000000,0x00000000f8028000,0x00000000f8080000)
  to   space 512K, 0% used [0x00000000f8280000,0x00000000f8280000,0x00000000f8300000)
 ParOldGen       total 228352K, used 171879K [0x00000000a0c00000, 0x00000000aeb00000, 0x00000000e0400000)
  object space 228352K, 75% used [0x00000000a0c00000,0x00000000ab3d9e18,0x00000000aeb00000)
 Metaspace       used 18002K, capacity 18185K, committed 18432K, reserved 1067008K
  class space    used 1723K, capacity 1761K, committed 1792K, reserved 1048576K
}

