# JRE version: Java(TM) SE Runtime Environment (8.0_25-b18) (build 1.8.0_25-b18)
# Java VM: Java HotSpot(TM) 64-Bit Server VM (25.25-b02 mixed mode windows-amd64 compressed oops)
Heap:
 PSYoungGen      total 308736K, used 162199K [0x00000000e0400000, 0x00000000f4000000, 0x0000000100000000)
  eden space 293888K, 55% used [0x00000000e0400000,0x00000000ea24df60,0x00000000f2300000)
  from space 14848K, 0% used [0x00000000f2300000,0x00000000f2318000,0x00000000f3180000)
  to   space 13824K, 0% used [0x00000000f3280000,0x00000000f3280000,0x00000000f4000000)
 ParOldGen       total 236544K, used 155280K [0x00000000a0c00000, 0x00000000af300000, 0x00000000e0400000)
  object space 236544K, 65% used [0x00000000a0c00000,0x00000000aa3a4018,0x00000000af300000)
 Metaspace       used 17944K, capacity 18121K, committed 18176K, reserved 1064960K
  class space    used 1722K, capacity 1761K, committed 1792K, reserved 1048576K
GC Heap History (10 events):
Event: 14.789 GC heap before
{Heap before GC invocations=38 (full 3):
 PSYoungGen      total 307200K, used 288910K [0x00000000e0400000, 0x00000000f4500000, 0x0000000100000000)
  eden space 289792K, 99% used [0x00000000e0400000,0x00000000f1dfbb48,0x00000000f1f00000)
  from space 17408K, 0% used [0x00000000f3400000,0x00000000f3428000,0x00000000f4500000)
  to   space 19456K, 0% used [0x00000000f1f00000,0x00000000f1f00000,0x00000000f3200000)
 ParOldGen       total 236544K, used 155224K [0x00000000a0c00000, 0x00000000af300000, 0x00000000e0400000)
  object space 236544K, 65% used [0x00000000a0c00000,0x00000000aa396018,0x00000000af300000)
 Metaspace       used 17890K, capacity 18121K, committed 18176K, reserved 1064960K
  class space    used 1710K, capacity 1761K, committed 1792K, reserved 1048576K
Event: 14.790 GC heap after
Heap after GC invocations=38 (full 3):
 PSYoungGen      total 309248K, used 128K [0x00000000e0400000, 0x00000000f4500000, 0x0000000100000000)
  eden space 289792K, 0% used [0x00000000e0400000,0x00000000e0400000,0x00000000f1f00000)
  from space 19456K, 0% used [0x00000000f1f00000,0x00000000f1f20000,0x00000000f3200000)
  to   space 18432K, 0% used [0x00000000f3300000,0x00000000f3300000,0x00000000f4500000)
 ParOldGen       total 236544K, used 155232K [0x00000000a0c00000, 0x00000000af300000, 0x00000000e0400000)
  object space 236544K, 65% used [0x00000000a0c00000,0x00000000aa398018,0x00000000af300000)
 Metaspace       used 17890K, capacity 18121K, committed 18176K, reserved 1064960K
  class space    used 1710K, capacity 1761K, committed 1792K, reserved 1048576K
}
Event: 15.247 GC heap before
{Heap before GC invocations=39 (full 3):
 PSYoungGen      total 309248K, used 289920K [0x00000000e0400000, 0x00000000f4500000, 0x0000000100000000)
  eden space 289792K, 100% used [0x00000000e0400000,0x00000000f1f00000,0x00000000f1f00000)
  from space 19456K, 0% used [0x00000000f1f00000,0x00000000f1f20000,0x00000000f3200000)
  to   space 18432K, 0% used [0x00000000f3300000,0x00000000f3300000,0x00000000f4500000)
 ParOldGen       total 236544K, used 155232K [0x00000000a0c00000, 0x00000000af300000, 0x00000000e0400000)
  object space 236544K, 65% used [0x00000000a0c00000,0x00000000aa398018,0x00000000af300000)
 Metaspace       used 17909K, capacity 18121K, committed 18176K, reserved 1064960K
  class space    used 1710K, capacity 1761K, committed 1792K, reserved 1048576K
Event: 15.248 GC heap after
Heap after GC invocations=39 (full 3):
 PSYoungGen      total 307200K, used 160K [0x00000000e0400000, 0x00000000f4200000, 0x0000000100000000)
  eden space 291840K, 0% used [0x00000000e0400000,0x00000000e0400000,0x00000000f2100000)
  from space 15360K, 1% used [0x00000000f3300000,0x00000000f3328000,0x00000000f4200000)
  to   space 16896K, 0% used [0x00000000f2100000,0x00000000f2100000,0x00000000f3180000)
 ParOldGen       total 236544K, used 155232K [0x00000000a0c00000, 0x00000000af300000, 0x00000000e0400000)
  object space 236544K, 65% used [0x00000000a0c00000,0x00000000aa398018,0x00000000af300000)
 Metaspace       used 17909K, capacity 18121K, committed 18176K, reserved 1064960K
  class space    used 1710K, capacity 1761K, committed 1792K, reserved 1048576K
}
Event: 15.712 GC heap before
{Heap before GC invocations=40 (full 3):
 PSYoungGen      total 307200K, used 292000K [0x00000000e0400000, 0x00000000f4200000, 0x0000000100000000)
  eden space 291840K, 100% used [0x00000000e0400000,0x00000000f2100000,0x00000000f2100000)
  from space 15360K, 1% used [0x00000000f3300000,0x00000000f3328000,0x00000000f4200000)
  to   space 16896K, 0% used [0x00000000f2100000,0x00000000f2100000,0x00000000f3180000)
 ParOldGen       total 236544K, used 155232K [0x00000000a0c00000, 0x00000000af300000, 0x00000000e0400000)
  object space 236544K, 65% used [0x00000000a0c00000,0x00000000aa398018,0x00000000af300000)
 Metaspace       used 17909K, capacity 18121K, committed 18176K, reserved 1064960K
  class space    used 1710K, capacity 1761K, committed 1792K, reserved 1048576K
Event: 15.713 GC heap after
Heap after GC invocations=40 (full 3):
 PSYoungGen      total 308736K, used 160K [0x00000000e0400000, 0x00000000f4200000, 0x0000000100000000)
  eden space 291840K, 0% used [0x00000000e0400000,0x00000000e0400000,0x00000000f2100000)
  from space 16896K, 0% used [0x00000000f2100000,0x00000000f2128000,0x00000000f3180000)
  to   space 15872K, 0% used [0x00000000f3280000,0x00000000f3280000,0x00000000f4200000)
 ParOldGen       total 236544K, used 155264K [0x00000000a0c00000, 0x00000000af300000, 0x00000000e0400000)
  object space 236544K, 65% used [0x00000000a0c00000,0x00000000aa3a0018,0x00000000af300000)
 Metaspace       used 17909K, capacity 18121K, committed 18176K, reserved 1064960K
  class space    used 1710K, capacity 1761K, committed 1792K, reserved 1048576K
}
Event: 16.154 GC heap before
{Heap before GC invocations=41 (full 3):
 PSYoungGen      total 308736K, used 285052K [0x00000000e0400000, 0x00000000f4200000, 0x0000000100000000)
  eden space 291840K, 97% used [0x00000000e0400000,0x00000000f1a37100,0x00000000f2100000)
  from space 16896K, 0% used [0x00000000f2100000,0x00000000f2128000,0x00000000f3180000)
  to   space 15872K, 0% used [0x00000000f3280000,0x00000000f3280000,0x00000000f4200000)
 ParOldGen       total 236544K, used 155264K [0x00000000a0c00000, 0x00000000af300000, 0x00000000e0400000)
  object space 236544K, 65% used [0x00000000a0c00000,0x00000000aa3a0018,0x00000000af300000)
 Metaspace       used 17909K, capacity 18121K, committed 18176K, reserved 1064960K
  class space    used 1710K, capacity 1761K, committed 1792K, reserved 1048576K
Event: 16.155 GC heap after
Heap after GC invocations=41 (full 3):
 PSYoungGen      total 307712K, used 128K [0x00000000e0400000, 0x00000000f4000000, 0x0000000100000000)
  eden space 293888K, 0% used [0x00000000e0400000,0x00000000e0400000,0x00000000f2300000)
  from space 13824K, 0% used [0x00000000f3280000,0x00000000f32a0000,0x00000000f4000000)
  to   space 14848K, 0% used [0x00000000f2300000,0x00000000f2300000,0x00000000f3180000)
 ParOldGen       total 236544K, used 155280K [0x00000000a0c00000, 0x00000000af300000, 0x00000000e0400000)
  object space 236544K, 65% used [0x00000000a0c00000,0x00000000aa3a4018,0x00000000af300000)
 Metaspace       used 17909K, capacity 18121K, committed 18176K, reserved 1064960K
  class space    used 1710K, capacity 1761K, committed 1792K, reserved 1048576K
}
Event: 16.616 GC heap before
{Heap before GC invocations=42 (full 3):
 PSYoungGen      total 307712K, used 294016K [0x00000000e0400000, 0x00000000f4000000, 0x0000000100000000)
  eden space 293888K, 100% used [0x00000000e0400000,0x00000000f2300000,0x00000000f2300000)
  from space 13824K, 0% used [0x00000000f3280000,0x00000000f32a0000,0x00000000f4000000)
  to   space 14848K, 0% used [0x00000000f2300000,0x00000000f2300000,0x00000000f3180000)
 ParOldGen       total 236544K, used 155280K [0x00000000a0c00000, 0x00000000af300000, 0x00000000e0400000)
  object space 236544K, 65% used [0x00000000a0c00000,0x00000000aa3a4018,0x00000000af300000)
 Metaspace       used 17909K, capacity 18121K, committed 18176K, reserved 1064960K
  class space    used 1710K, capacity 1761K, committed 1792K, reserved 1048576K
Event: 16.618 GC heap after
Heap after GC invocations=42 (full 3):
 PSYoungGen      total 308736K, used 96K [0x00000000e0400000, 0x00000000f4000000, 0x0000000100000000)
  eden space 293888K, 0% used [0x00000000e0400000,0x00000000e0400000,0x00000000f2300000)
  from space 14848K, 0% used [0x00000000f2300000,0x00000000f2318000,0x00000000f3180000)
  to   space 13824K, 0% used [0x00000000f3280000,0x00000000f3280000,0x00000000f4000000)
 ParOldGen       total 236544K, used 155280K [0x00000000a0c00000, 0x00000000af300000, 0x00000000e0400000)
  object space 236544K, 65% used [0x00000000a0c00000,0x00000000aa3a4018,0x00000000af300000)
 Metaspace       used 17909K, capacity 18121K, committed 18176K, reserved 1064960K
  class space    used 1710K, capacity 1761K, committed 1792K, reserved 1048576K
}

