# JRE version: Java(TM) SE Runtime Environment (8.0_25-b18) (build 1.8.0_25-b18)
# Java VM: Java HotSpot(TM) 64-Bit Server VM (25.25-b02 mixed mode windows-amd64 compressed oops)
Heap:
 PSYoungGen      total 340480K, used 259729K [0x00000000e0400000, 0x00000000f5100000, 0x0000000100000000)
  eden space 339968K, 76% used [0x00000000e0400000,0x00000000f016c578,0x00000000f5000000)
  from space 512K, 43% used [0x00000000f5080000,0x00000000f50b8000,0x00000000f5100000)
  to   space 512K, 0% used [0x00000000f5000000,0x00000000f5000000,0x00000000f5080000)
 ParOldGen       total 254976K, used 171531K [0x00000000a0c00000, 0x00000000b0500000, 0x00000000e0400000)
  object space 254976K, 67% used [0x00000000a0c00000,0x00000000ab382c70,0x00000000b0500000)
 Metaspace       used 18021K, capacity 18185K, committed 18432K, reserved 1067008K
  class space    used 1717K, capacity 1761K, committed 1792K, reserved 1048576K
GC Heap History (10 events):
Event: 51.540 GC heap before
{Heap before GC invocations=146 (full 4):
 PSYoungGen      total 334336K, used 334016K [0x00000000e0400000, 0x00000000f4d00000, 0x0000000100000000)
  eden space 333824K, 100% used [0x00000000e0400000,0x00000000f4a00000,0x00000000f4a00000)
  from space 512K, 37% used [0x00000000f4a00000,0x00000000f4a30000,0x00000000f4a80000)
  to   space 512K, 0% used [0x00000000f4c80000,0x00000000f4c80000,0x00000000f4d00000)
 ParOldGen       total 254976K, used 163431K [0x00000000a0c00000, 0x00000000b0500000, 0x00000000e0400000)
  object space 254976K, 64% used [0x00000000a0c00000,0x00000000aab99c60,0x00000000b0500000)
 Metaspace       used 17977K, capacity 18185K, committed 18432K, reserved 1067008K
  class space    used 1705K, capacity 1761K, committed 1792K, reserved 1048576K
Event: 51.541 GC heap after
Heap after GC invocations=146 (full 4):
 PSYoungGen      total 336384K, used 160K [0x00000000e0400000, 0x00000000f4d00000, 0x0000000100000000)
  eden space 335872K, 0% used [0x00000000e0400000,0x00000000e0400000,0x00000000f4c00000)
  from space 512K, 31% used [0x00000000f4c80000,0x00000000f4ca8000,0x00000000f4d00000)
  to   space 512K, 0% used [0x00000000f4c00000,0x00000000f4c00000,0x00000000f4c80000)
 ParOldGen       total 254976K, used 163431K [0x00000000a0c00000, 0x00000000b0500000, 0x00000000e0400000)
  object space 254976K, 64% used [0x00000000a0c00000,0x00000000aab99c60,0x00000000b0500000)
 Metaspace       used 17977K, capacity 18185K, committed 18432K, reserved 1067008K
  class space    used 1705K, capacity 1761K, committed 1792K, reserved 1048576K
}
Event: 51.979 GC heap before
{Heap before GC invocations=147 (full 4):
 PSYoungGen      total 336384K, used 336032K [0x00000000e0400000, 0x00000000f4d00000, 0x0000000100000000)
  eden space 335872K, 100% used [0x00000000e0400000,0x00000000f4c00000,0x00000000f4c00000)
  from space 512K, 31% used [0x00000000f4c80000,0x00000000f4ca8000,0x00000000f4d00000)
  to   space 512K, 0% used [0x00000000f4c00000,0x00000000f4c00000,0x00000000f4c80000)
 ParOldGen       total 254976K, used 163431K [0x00000000a0c00000, 0x00000000b0500000, 0x00000000e0400000)
  object space 254976K, 64% used [0x00000000a0c00000,0x00000000aab99c60,0x00000000b0500000)
 Metaspace       used 17977K, capacity 18185K, committed 18432K, reserved 1067008K
  class space    used 1705K, capacity 1761K, committed 1792K, reserved 1048576K
Event: 51.980 GC heap after
Heap after GC invocations=147 (full 4):
 PSYoungGen      total 336384K, used 224K [0x00000000e0400000, 0x00000000f4f00000, 0x0000000100000000)
  eden space 335872K, 0% used [0x00000000e0400000,0x00000000e0400000,0x00000000f4c00000)
  from space 512K, 43% used [0x00000000f4c00000,0x00000000f4c38000,0x00000000f4c80000)
  to   space 512K, 0% used [0x00000000f4e80000,0x00000000f4e80000,0x00000000f4f00000)
 ParOldGen       total 254976K, used 163431K [0x00000000a0c00000, 0x00000000b0500000, 0x00000000e0400000)
  object space 254976K, 64% used [0x00000000a0c00000,0x00000000aab99c60,0x00000000b0500000)
 Metaspace       used 17977K, capacity 18185K, committed 18432K, reserved 1067008K
  class space    used 1705K, capacity 1761K, committed 1792K, reserved 1048576K
}
Event: 52.409 GC heap before
{Heap before GC invocations=148 (full 4):
 PSYoungGen      total 336384K, used 336096K [0x00000000e0400000, 0x00000000f4f00000, 0x0000000100000000)
  eden space 335872K, 100% used [0x00000000e0400000,0x00000000f4c00000,0x00000000f4c00000)
  from space 512K, 43% used [0x00000000f4c00000,0x00000000f4c38000,0x00000000f4c80000)
  to   space 512K, 0% used [0x00000000f4e80000,0x00000000f4e80000,0x00000000f4f00000)
 ParOldGen       total 254976K, used 163431K [0x00000000a0c00000, 0x00000000b0500000, 0x00000000e0400000)
  object space 254976K, 64% used [0x00000000a0c00000,0x00000000aab99c60,0x00000000b0500000)
 Metaspace       used 17977K, capacity 18185K, committed 18432K, reserved 1067008K
  class space    used 1705K, capacity 1761K, committed 1792K, reserved 1048576K
Event: 52.410 GC heap after
Heap after GC invocations=148 (full 4):
 PSYoungGen      total 338432K, used 192K [0x00000000e0400000, 0x00000000f4f00000, 0x0000000100000000)
  eden space 337920K, 0% used [0x00000000e0400000,0x00000000e0400000,0x00000000f4e00000)
  from space 512K, 37% used [0x00000000f4e80000,0x00000000f4eb0000,0x00000000f4f00000)
  to   space 512K, 0% used [0x00000000f4e00000,0x00000000f4e00000,0x00000000f4e80000)
 ParOldGen       total 254976K, used 163431K [0x00000000a0c00000, 0x00000000b0500000, 0x00000000e0400000)
  object space 254976K, 64% used [0x00000000a0c00000,0x00000000aab99c60,0x00000000b0500000)
 Metaspace       used 17977K, capacity 18185K, committed 18432K, reserved 1067008K
  class space    used 1705K, capacity 1761K, committed 1792K, reserved 1048576K
}
Event: 52.826 GC heap before
{Heap before GC invocations=149 (full 4):
 PSYoungGen      total 338432K, used 338112K [0x00000000e0400000, 0x00000000f4f00000, 0x0000000100000000)
  eden space 337920K, 100% used [0x00000000e0400000,0x00000000f4e00000,0x00000000f4e00000)
  from space 512K, 37% used [0x00000000f4e80000,0x00000000f4eb0000,0x00000000f4f00000)
  to   space 512K, 0% used [0x00000000f4e00000,0x00000000f4e00000,0x00000000f4e80000)
 ParOldGen       total 254976K, used 163431K [0x00000000a0c00000, 0x00000000b0500000, 0x00000000e0400000)
  object space 254976K, 64% used [0x00000000a0c00000,0x00000000aab99c60,0x00000000b0500000)
 Metaspace       used 17977K, capacity 18185K, committed 18432K, reserved 1067008K
  class space    used 1705K, capacity 1761K, committed 1792K, reserved 1048576K
Event: 52.828 GC heap after
Heap after GC invocations=149 (full 4):
 PSYoungGen      total 338432K, used 128K [0x00000000e0400000, 0x00000000f5100000, 0x0000000100000000)
  eden space 337920K, 0% used [0x00000000e0400000,0x00000000e0400000,0x00000000f4e00000)
  from space 512K, 25% used [0x00000000f4e00000,0x00000000f4e20000,0x00000000f4e80000)
  to   space 512K, 0% used [0x00000000f5080000,0x00000000f5080000,0x00000000f5100000)
 ParOldGen       total 254976K, used 171531K [0x00000000a0c00000, 0x00000000b0500000, 0x00000000e0400000)
  object space 254976K, 67% used [0x00000000a0c00000,0x00000000ab382c70,0x00000000b0500000)
 Metaspace       used 17977K, capacity 18185K, committed 18432K, reserved 1067008K
  class space    used 1705K, capacity 1761K, committed 1792K, reserved 1048576K
}
Event: 53.254 GC heap before
{Heap before GC invocations=150 (full 4):
 PSYoungGen      total 338432K, used 338048K [0x00000000e0400000, 0x00000000f5100000, 0x0000000100000000)
  eden space 337920K, 100% used [0x00000000e0400000,0x00000000f4e00000,0x00000000f4e00000)
  from space 512K, 25% used [0x00000000f4e00000,0x00000000f4e20000,0x00000000f4e80000)
  to   space 512K, 0% used [0x00000000f5080000,0x00000000f5080000,0x00000000f5100000)
 ParOldGen       total 254976K, used 171531K [0x00000000a0c00000, 0x00000000b0500000, 0x00000000e0400000)
  object space 254976K, 67% used [0x00000000a0c00000,0x00000000ab382c70,0x00000000b0500000)
 Metaspace       used 17977K, capacity 18185K, committed 18432K, reserved 1067008K
  class space    used 1705K, capacity 1761K, committed 1792K, reserved 1048576K
Event: 53.255 GC heap after
Heap after GC invocations=150 (full 4):
 PSYoungGen      total 340480K, used 224K [0x00000000e0400000, 0x00000000f5100000, 0x0000000100000000)
  eden space 339968K, 0% used [0x00000000e0400000,0x00000000e0400000,0x00000000f5000000)
  from space 512K, 43% used [0x00000000f5080000,0x00000000f50b8000,0x00000000f5100000)
  to   space 512K, 0% used [0x00000000f5000000,0x00000000f5000000,0x00000000f5080000)
 ParOldGen       total 254976K, used 171531K [0x00000000a0c00000, 0x00000000b0500000, 0x00000000e0400000)
  object space 254976K, 67% used [0x00000000a0c00000,0x00000000ab382c70,0x00000000b0500000)
 Metaspace       used 17977K, capacity 18185K, committed 18432K, reserved 1067008K
  class space    used 1705K, capacity 1761K, committed 1792K, reserved 1048576K
}

