# JRE version: Java(TM) SE Runtime Environment (8.0_25-b18) (build 1.8.0_25-b18)
# Java VM: Java HotSpot(TM) 64-Bit Server VM (25.25-b02 mixed mode windows-amd64 compressed oops)
Heap:
 PSYoungGen      total 443392K, used 382149K [0x00000000e0400000, 0x0000000100000000, 0x0000000100000000)
  eden space 402432K, 94% used [0x00000000e0400000,0x00000000f79094e0,0x00000000f8d00000)
  from space 40960K, 0% used [0x00000000f8d00000,0x00000000f8d28000,0x00000000fb500000)
  to   space 40960K, 0% used [0x00000000fd800000,0x00000000fd800000,0x0000000100000000)
 ParOldGen       total 224768K, used 159402K [0x00000000a0c00000, 0x00000000ae780000, 0x00000000e0400000)
  object space 224768K, 70% used [0x00000000a0c00000,0x00000000aa7aaaf0,0x00000000ae780000)
 Metaspace       used 17769K, capacity 17999K, committed 18176K, reserved 1064960K
  class space    used 1723K, capacity 1762K, committed 1792K, reserved 1048576K
GC Heap History (10 events):
Event: 4.282 GC heap before
{Heap before GC invocations=9 (full 2):
 PSYoungGen      total 223232K, used 170565K [0x00000000e0400000, 0x00000000f0980000, 0x0000000100000000)
  eden space 178176K, 95% used [0x00000000e0400000,0x00000000eaa916f0,0x00000000eb200000)
  from space 45056K, 0% used [0x00000000edb00000,0x00000000edb00000,0x00000000f0700000)
  to   space 41984K, 0% used [0x00000000eb200000,0x00000000eb200000,0x00000000edb00000)
 ParOldGen       total 224768K, used 150108K [0x00000000a0c00000, 0x00000000ae780000, 0x00000000e0400000)
  object space 224768K, 66% used [0x00000000a0c00000,0x00000000a9e973f0,0x00000000ae780000)
 Metaspace       used 17329K, capacity 17531K, committed 17664K, reserved 1064960K
  class space    used 1710K, capacity 1760K, committed 1792K, reserved 1048576K
Event: 4.284 GC heap after
Heap after GC invocations=9 (full 2):
 PSYoungGen      total 220160K, used 1202K [0x00000000e0400000, 0x00000000f8700000, 0x0000000100000000)
  eden space 178176K, 0% used [0x00000000e0400000,0x00000000e0400000,0x00000000eb200000)
  from space 41984K, 2% used [0x00000000eb200000,0x00000000eb32ca70,0x00000000edb00000)
  to   space 43520K, 0% used [0x00000000f5c80000,0x00000000f5c80000,0x00000000f8700000)
 ParOldGen       total 224768K, used 150116K [0x00000000a0c00000, 0x00000000ae780000, 0x00000000e0400000)
  object space 224768K, 66% used [0x00000000a0c00000,0x00000000a9e993f0,0x00000000ae780000)
 Metaspace       used 17329K, capacity 17531K, committed 17664K, reserved 1064960K
  class space    used 1710K, capacity 1760K, committed 1792K, reserved 1048576K
}
Event: 4.909 GC heap before
{Heap before GC invocations=10 (full 2):
 PSYoungGen      total 220160K, used 176649K [0x00000000e0400000, 0x00000000f8700000, 0x0000000100000000)
  eden space 178176K, 98% used [0x00000000e0400000,0x00000000eaf55a88,0x00000000eb200000)
  from space 41984K, 2% used [0x00000000eb200000,0x00000000eb32ca70,0x00000000edb00000)
  to   space 43520K, 0% used [0x00000000f5c80000,0x00000000f5c80000,0x00000000f8700000)
 ParOldGen       total 224768K, used 150116K [0x00000000a0c00000, 0x00000000ae780000, 0x00000000e0400000)
  object space 224768K, 66% used [0x00000000a0c00000,0x00000000a9e993f0,0x00000000ae780000)
 Metaspace       used 17434K, capacity 17601K, committed 17664K, reserved 1064960K
  class space    used 1710K, capacity 1761K, committed 1792K, reserved 1048576K
Event: 4.918 GC heap after
Heap after GC invocations=10 (full 2):
 PSYoungGen      total 330240K, used 17469K [0x00000000e0400000, 0x00000000f7980000, 0x0000000100000000)
  eden space 300544K, 0% used [0x00000000e0400000,0x00000000e0400000,0x00000000f2980000)
  from space 29696K, 58% used [0x00000000f5c80000,0x00000000f6d8f430,0x00000000f7980000)
  to   space 40960K, 0% used [0x00000000f2980000,0x00000000f2980000,0x00000000f5180000)
 ParOldGen       total 224768K, used 150124K [0x00000000a0c00000, 0x00000000ae780000, 0x00000000e0400000)
  object space 224768K, 66% used [0x00000000a0c00000,0x00000000a9e9b3f0,0x00000000ae780000)
 Metaspace       used 17434K, capacity 17601K, committed 17664K, reserved 1064960K
  class space    used 1710K, capacity 1761K, committed 1792K, reserved 1048576K
}
Event: 6.107 GC heap before
{Heap before GC invocations=11 (full 2):
 PSYoungGen      total 330240K, used 317074K [0x00000000e0400000, 0x00000000f7980000, 0x0000000100000000)
  eden space 300544K, 99% used [0x00000000e0400000,0x00000000f2895638,0x00000000f2980000)
  from space 29696K, 58% used [0x00000000f5c80000,0x00000000f6d8f430,0x00000000f7980000)
  to   space 40960K, 0% used [0x00000000f2980000,0x00000000f2980000,0x00000000f5180000)
 ParOldGen       total 224768K, used 150124K [0x00000000a0c00000, 0x00000000ae780000, 0x00000000e0400000)
  object space 224768K, 66% used [0x00000000a0c00000,0x00000000a9e9b3f0,0x00000000ae780000)
 Metaspace       used 17515K, capacity 17729K, committed 17920K, reserved 1064960K
  class space    used 1710K, capacity 1761K, committed 1792K, reserved 1048576K
Event: 6.116 GC heap after
Heap after GC invocations=11 (full 2):
 PSYoungGen      total 341504K, used 9321K [0x00000000e0400000, 0x00000000fe680000, 0x0000000100000000)
  eden space 300544K, 0% used [0x00000000e0400000,0x00000000e0400000,0x00000000f2980000)
  from space 40960K, 22% used [0x00000000f2980000,0x00000000f329a410,0x00000000f5180000)
  to   space 39936K, 0% used [0x00000000fbf80000,0x00000000fbf80000,0x00000000fe680000)
 ParOldGen       total 224768K, used 150132K [0x00000000a0c00000, 0x00000000ae780000, 0x00000000e0400000)
  object space 224768K, 66% used [0x00000000a0c00000,0x00000000a9e9d3f0,0x00000000ae780000)
 Metaspace       used 17515K, capacity 17729K, committed 17920K, reserved 1064960K
  class space    used 1710K, capacity 1761K, committed 1792K, reserved 1048576K
}
Event: 7.305 GC heap before
{Heap before GC invocations=12 (full 2):
 PSYoungGen      total 341504K, used 309506K [0x00000000e0400000, 0x00000000fe680000, 0x0000000100000000)
  eden space 300544K, 99% used [0x00000000e0400000,0x00000000f2926660,0x00000000f2980000)
  from space 40960K, 22% used [0x00000000f2980000,0x00000000f329a410,0x00000000f5180000)
  to   space 39936K, 0% used [0x00000000fbf80000,0x00000000fbf80000,0x00000000fe680000)
 ParOldGen       total 224768K, used 150132K [0x00000000a0c00000, 0x00000000ae780000, 0x00000000e0400000)
  object space 224768K, 66% used [0x00000000a0c00000,0x00000000a9e9d3f0,0x00000000ae780000)
 Metaspace       used 17582K, capacity 17793K, committed 17920K, reserved 1064960K
  class space    used 1722K, capacity 1761K, committed 1792K, reserved 1048576K
Event: 7.310 GC heap after
Heap after GC invocations=12 (full 2):
 PSYoungGen      total 432640K, used 256K [0x00000000e0400000, 0x00000000fdd00000, 0x0000000100000000)
  eden space 402432K, 0% used [0x00000000e0400000,0x00000000e0400000,0x00000000f8d00000)
  from space 30208K, 0% used [0x00000000fbf80000,0x00000000fbfc0000,0x00000000fdd00000)
  to   space 40960K, 0% used [0x00000000f8d00000,0x00000000f8d00000,0x00000000fb500000)
 ParOldGen       total 224768K, used 159338K [0x00000000a0c00000, 0x00000000ae780000, 0x00000000e0400000)
  object space 224768K, 70% used [0x00000000a0c00000,0x00000000aa79aaf0,0x00000000ae780000)
 Metaspace       used 17582K, capacity 17793K, committed 17920K, reserved 1064960K
  class space    used 1722K, capacity 1761K, committed 1792K, reserved 1048576K
}
Event: 8.908 GC heap before
{Heap before GC invocations=13 (full 2):
 PSYoungGen      total 432640K, used 399270K [0x00000000e0400000, 0x00000000fdd00000, 0x0000000100000000)
  eden space 402432K, 99% used [0x00000000e0400000,0x00000000f89a9800,0x00000000f8d00000)
  from space 30208K, 0% used [0x00000000fbf80000,0x00000000fbfc0000,0x00000000fdd00000)
  to   space 40960K, 0% used [0x00000000f8d00000,0x00000000f8d00000,0x00000000fb500000)
 ParOldGen       total 224768K, used 159338K [0x00000000a0c00000, 0x00000000ae780000, 0x00000000e0400000)
  object space 224768K, 70% used [0x00000000a0c00000,0x00000000aa79aaf0,0x00000000ae780000)
 Metaspace       used 17636K, capacity 17857K, committed 17920K, reserved 1064960K
  class space    used 1722K, capacity 1761K, committed 1792K, reserved 1048576K
Event: 8.909 GC heap after
Heap after GC invocations=13 (full 2):
 PSYoungGen      total 443392K, used 160K [0x00000000e0400000, 0x0000000100000000, 0x0000000100000000)
  eden space 402432K, 0% used [0x00000000e0400000,0x00000000e0400000,0x00000000f8d00000)
  from space 40960K, 0% used [0x00000000f8d00000,0x00000000f8d28000,0x00000000fb500000)
  to   space 40960K, 0% used [0x00000000fd800000,0x00000000fd800000,0x0000000100000000)
 ParOldGen       total 224768K, used 159402K [0x00000000a0c00000, 0x00000000ae780000, 0x00000000e0400000)
  object space 224768K, 70% used [0x00000000a0c00000,0x00000000aa7aaaf0,0x00000000ae780000)
 Metaspace       used 17636K, capacity 17857K, committed 17920K, reserved 1064960K
  class space    used 1722K, capacity 1761K, committed 1792K, reserved 1048576K
}

