# JRE version: Java(TM) SE Runtime Environment (8.0_25-b18) (build 1.8.0_25-b18)
# Java VM: Java HotSpot(TM) 64-Bit Server VM (25.25-b02 mixed mode windows-amd64 compressed oops)
Heap:
 PSYoungGen      total 256000K, used 135957K [0x00000000e0400000, 0x00000000f5d00000, 0x0000000100000000)
  eden space 197120K, 64% used [0x00000000e0400000,0x00000000e7fd0448,0x00000000ec480000)
  from space 58880K, 15% used [0x00000000ec480000,0x00000000ecd75020,0x00000000efe00000)
  to   space 57344K, 0% used [0x00000000f2500000,0x00000000f2500000,0x00000000f5d00000)
 ParOldGen       total 225792K, used 145889K [0x00000000a0c00000, 0x00000000ae880000, 0x00000000e0400000)
  object space 225792K, 64% used [0x00000000a0c00000,0x00000000a9a78538,0x00000000ae880000)
 Metaspace       used 17599K, capacity 17825K, committed 18048K, reserved 1064960K
  class space    used 1734K, capacity 1793K, committed 1920K, reserved 1048576K
GC Heap History (10 events):
Event: 3.875 GC heap before
{Heap before GC invocations=12 (full 2):
 PSYoungGen      total 171008K, used 167757K [0x00000000e0400000, 0x00000000f1600000, 0x0000000100000000)
  eden space 121856K, 97% used [0x00000000e0400000,0x00000000e77d7ec0,0x00000000e7b00000)
  from space 49152K, 99% used [0x00000000e7b00000,0x00000000eaafb830,0x00000000eab00000)
  to   space 60928K, 0% used [0x00000000eda80000,0x00000000eda80000,0x00000000f1600000)
 ParOldGen       total 155136K, used 107474K [0x00000000a0c00000, 0x00000000aa380000, 0x00000000e0400000)
  object space 155136K, 69% used [0x00000000a0c00000,0x00000000a74f4ae8,0x00000000aa380000)
 Metaspace       used 17443K, capacity 17633K, committed 17792K, reserved 1064960K
  class space    used 1723K, capacity 1793K, committed 1920K, reserved 1048576K
Event: 3.905 GC heap after
Heap after GC invocations=12 (full 2):
 PSYoungGen      total 214528K, used 17881K [0x00000000e0400000, 0x00000000f1200000, 0x0000000100000000)
  eden space 157696K, 0% used [0x00000000e0400000,0x00000000e0400000,0x00000000e9e00000)
  from space 56832K, 31% used [0x00000000eda80000,0x00000000eebf6770,0x00000000f1200000)
  to   space 59392K, 0% used [0x00000000e9e00000,0x00000000e9e00000,0x00000000ed800000)
 ParOldGen       total 155136K, used 139065K [0x00000000a0c00000, 0x00000000aa380000, 0x00000000e0400000)
  object space 155136K, 89% used [0x00000000a0c00000,0x00000000a93ce4e8,0x00000000aa380000)
 Metaspace       used 17443K, capacity 17633K, committed 17792K, reserved 1064960K
  class space    used 1723K, capacity 1793K, committed 1920K, reserved 1048576K
}
Event: 3.905 GC heap before
{Heap before GC invocations=13 (full 3):
 PSYoungGen      total 214528K, used 17881K [0x00000000e0400000, 0x00000000f1200000, 0x0000000100000000)
  eden space 157696K, 0% used [0x00000000e0400000,0x00000000e0400000,0x00000000e9e00000)
  from space 56832K, 31% used [0x00000000eda80000,0x00000000eebf6770,0x00000000f1200000)
  to   space 59392K, 0% used [0x00000000e9e00000,0x00000000e9e00000,0x00000000ed800000)
 ParOldGen       total 155136K, used 139065K [0x00000000a0c00000, 0x00000000aa380000, 0x00000000e0400000)
  object space 155136K, 89% used [0x00000000a0c00000,0x00000000a93ce4e8,0x00000000aa380000)
 Metaspace       used 17443K, capacity 17633K, committed 17792K, reserved 1064960K
  class space    used 1723K, capacity 1793K, committed 1920K, reserved 1048576K
Event: 4.018 GC heap after
Heap after GC invocations=13 (full 3):
 PSYoungGen      total 214528K, used 0K [0x00000000e0400000, 0x00000000f1200000, 0x0000000100000000)
  eden space 157696K, 0% used [0x00000000e0400000,0x00000000e0400000,0x00000000e9e00000)
  from space 56832K, 0% used [0x00000000eda80000,0x00000000eda80000,0x00000000f1200000)
  to   space 59392K, 0% used [0x00000000e9e00000,0x00000000e9e00000,0x00000000ed800000)
 ParOldGen       total 225792K, used 145865K [0x00000000a0c00000, 0x00000000ae880000, 0x00000000e0400000)
  object space 225792K, 64% used [0x00000000a0c00000,0x00000000a9a72538,0x00000000ae880000)
 Metaspace       used 17443K, capacity 17633K, committed 17792K, reserved 1064960K
  class space    used 1723K, capacity 1793K, committed 1920K, reserved 1048576K
}
Event: 4.525 GC heap before
{Heap before GC invocations=14 (full 3):
 PSYoungGen      total 214528K, used 154609K [0x00000000e0400000, 0x00000000f1200000, 0x0000000100000000)
  eden space 157696K, 98% used [0x00000000e0400000,0x00000000e9afc728,0x00000000e9e00000)
  from space 56832K, 0% used [0x00000000eda80000,0x00000000eda80000,0x00000000f1200000)
  to   space 59392K, 0% used [0x00000000e9e00000,0x00000000e9e00000,0x00000000ed800000)
 ParOldGen       total 225792K, used 145865K [0x00000000a0c00000, 0x00000000ae880000, 0x00000000e0400000)
  object space 225792K, 64% used [0x00000000a0c00000,0x00000000a9a72538,0x00000000ae880000)
 Metaspace       used 17509K, capacity 17761K, committed 18048K, reserved 1064960K
  class space    used 1723K, capacity 1793K, committed 1920K, reserved 1048576K
Event: 4.528 GC heap after
Heap after GC invocations=14 (full 3):
 PSYoungGen      total 217088K, used 9076K [0x00000000e0400000, 0x00000000f3e80000, 0x0000000100000000)
  eden space 157696K, 0% used [0x00000000e0400000,0x00000000e0400000,0x00000000e9e00000)
  from space 59392K, 15% used [0x00000000e9e00000,0x00000000ea6dd020,0x00000000ed800000)
  to   space 59392K, 0% used [0x00000000f0480000,0x00000000f0480000,0x00000000f3e80000)
 ParOldGen       total 225792K, used 145873K [0x00000000a0c00000, 0x00000000ae880000, 0x00000000e0400000)
  object space 225792K, 64% used [0x00000000a0c00000,0x00000000a9a74538,0x00000000ae880000)
 Metaspace       used 17509K, capacity 17761K, committed 18048K, reserved 1064960K
  class space    used 1723K, capacity 1793K, committed 1920K, reserved 1048576K
}
Event: 5.094 GC heap before
{Heap before GC invocations=15 (full 3):
 PSYoungGen      total 217088K, used 163953K [0x00000000e0400000, 0x00000000f3e80000, 0x0000000100000000)
  eden space 157696K, 98% used [0x00000000e0400000,0x00000000e9b3f708,0x00000000e9e00000)
  from space 59392K, 15% used [0x00000000e9e00000,0x00000000ea6dd020,0x00000000ed800000)
  to   space 59392K, 0% used [0x00000000f0480000,0x00000000f0480000,0x00000000f3e80000)
 ParOldGen       total 225792K, used 145873K [0x00000000a0c00000, 0x00000000ae880000, 0x00000000e0400000)
  object space 225792K, 64% used [0x00000000a0c00000,0x00000000a9a74538,0x00000000ae880000)
 Metaspace       used 17530K, capacity 17761K, committed 18048K, reserved 1064960K
  class space    used 1723K, capacity 1793K, committed 1920K, reserved 1048576K
Event: 5.098 GC heap after
Heap after GC invocations=15 (full 3):
 PSYoungGen      total 249344K, used 9140K [0x00000000e0400000, 0x00000000f3780000, 0x0000000100000000)
  eden space 197120K, 0% used [0x00000000e0400000,0x00000000e0400000,0x00000000ec480000)
  from space 52224K, 17% used [0x00000000f0480000,0x00000000f0d6d020,0x00000000f3780000)
  to   space 58880K, 0% used [0x00000000ec480000,0x00000000ec480000,0x00000000efe00000)
 ParOldGen       total 225792K, used 145881K [0x00000000a0c00000, 0x00000000ae880000, 0x00000000e0400000)
  object space 225792K, 64% used [0x00000000a0c00000,0x00000000a9a76538,0x00000000ae880000)
 Metaspace       used 17530K, capacity 17761K, committed 18048K, reserved 1064960K
  class space    used 1723K, capacity 1793K, committed 1920K, reserved 1048576K
}
Event: 5.792 GC heap before
{Heap before GC invocations=16 (full 3):
 PSYoungGen      total 249344K, used 198825K [0x00000000e0400000, 0x00000000f3780000, 0x0000000100000000)
  eden space 197120K, 96% used [0x00000000e0400000,0x00000000ebd3d678,0x00000000ec480000)
  from space 52224K, 17% used [0x00000000f0480000,0x00000000f0d6d020,0x00000000f3780000)
  to   space 58880K, 0% used [0x00000000ec480000,0x00000000ec480000,0x00000000efe00000)
 ParOldGen       total 225792K, used 145881K [0x00000000a0c00000, 0x00000000ae880000, 0x00000000e0400000)
  object space 225792K, 64% used [0x00000000a0c00000,0x00000000a9a76538,0x00000000ae880000)
 Metaspace       used 17562K, capacity 17825K, committed 18048K, reserved 1064960K
  class space    used 1723K, capacity 1793K, committed 1920K, reserved 1048576K
Event: 5.795 GC heap after
Heap after GC invocations=16 (full 3):
 PSYoungGen      total 256000K, used 9172K [0x00000000e0400000, 0x00000000f5d00000, 0x0000000100000000)
  eden space 197120K, 0% used [0x00000000e0400000,0x00000000e0400000,0x00000000ec480000)
  from space 58880K, 15% used [0x00000000ec480000,0x00000000ecd75020,0x00000000efe00000)
  to   space 57344K, 0% used [0x00000000f2500000,0x00000000f2500000,0x00000000f5d00000)
 ParOldGen       total 225792K, used 145889K [0x00000000a0c00000, 0x00000000ae880000, 0x00000000e0400000)
  object space 225792K, 64% used [0x00000000a0c00000,0x00000000a9a78538,0x00000000ae880000)
 Metaspace       used 17562K, capacity 17825K, committed 18048K, reserved 1064960K
  class space    used 1723K, capacity 1793K, committed 1920K, reserved 1048576K
}

