# JRE version: Java(TM) SE Runtime Environment (8.0_25-b18) (build 1.8.0_25-b18)
# Java VM: Java HotSpot(TM) 64-Bit Server VM (25.25-b02 mixed mode windows-amd64 compressed oops)
Heap:
 PSYoungGen      total 332800K, used 207746K [0x00000000e0400000, 0x00000000f5d00000, 0x0000000100000000)
  eden space 310784K, 66% used [0x00000000e0400000,0x00000000eceb0b98,0x00000000f3380000)
  from space 22016K, 0% used [0x00000000f3380000,0x00000000f33b0000,0x00000000f4900000)
  to   space 20480K, 0% used [0x00000000f4900000,0x00000000f4900000,0x00000000f5d00000)
 ParOldGen       total 225280K, used 155799K [0x00000000a0c00000, 0x00000000ae800000, 0x00000000e0400000)
  object space 225280K, 69% used [0x00000000a0c00000,0x00000000aa425d40,0x00000000ae800000)
 Metaspace       used 18671K, capacity 18921K, committed 19072K, reserved 1067008K
  class space    used 1755K, capacity 1793K, committed 1920K, reserved 1048576K
GC Heap History (10 events):
Event: 28.731 GC heap before
{Heap before GC invocations=34 (full 3):
 PSYoungGen      total 332288K, used 307424K [0x00000000e0400000, 0x00000000f6500000, 0x0000000100000000)
  eden space 307200K, 100% used [0x00000000e0400000,0x00000000f3000000,0x00000000f3000000)
  from space 25088K, 0% used [0x00000000f4c80000,0x00000000f4cb8000,0x00000000f6500000)
  to   space 27136K, 0% used [0x00000000f3000000,0x00000000f3000000,0x00000000f4a80000)
 ParOldGen       total 225280K, used 155679K [0x00000000a0c00000, 0x00000000ae800000, 0x00000000e0400000)
  object space 225280K, 69% used [0x00000000a0c00000,0x00000000aa407d40,0x00000000ae800000)
 Metaspace       used 18637K, capacity 18857K, committed 19072K, reserved 1067008K
  class space    used 1755K, capacity 1793K, committed 1920K, reserved 1048576K
Event: 28.735 GC heap after
Heap after GC invocations=34 (full 3):
 PSYoungGen      total 334336K, used 8324K [0x00000000e0400000, 0x00000000f6600000, 0x0000000100000000)
  eden space 307200K, 0% used [0x00000000e0400000,0x00000000e0400000,0x00000000f3000000)
  from space 27136K, 30% used [0x00000000f3000000,0x00000000f3821010,0x00000000f4a80000)
  to   space 26624K, 0% used [0x00000000f4c00000,0x00000000f4c00000,0x00000000f6600000)
 ParOldGen       total 225280K, used 155719K [0x00000000a0c00000, 0x00000000ae800000, 0x00000000e0400000)
  object space 225280K, 69% used [0x00000000a0c00000,0x00000000aa411d40,0x00000000ae800000)
 Metaspace       used 18637K, capacity 18857K, committed 19072K, reserved 1067008K
  class space    used 1755K, capacity 1793K, committed 1920K, reserved 1048576K
}
Event: 29.787 GC heap before
{Heap before GC invocations=35 (full 3):
 PSYoungGen      total 334336K, used 315524K [0x00000000e0400000, 0x00000000f6600000, 0x0000000100000000)
  eden space 307200K, 100% used [0x00000000e0400000,0x00000000f3000000,0x00000000f3000000)
  from space 27136K, 30% used [0x00000000f3000000,0x00000000f3821010,0x00000000f4a80000)
  to   space 26624K, 0% used [0x00000000f4c00000,0x00000000f4c00000,0x00000000f6600000)
 ParOldGen       total 225280K, used 155719K [0x00000000a0c00000, 0x00000000ae800000, 0x00000000e0400000)
  object space 225280K, 69% used [0x00000000a0c00000,0x00000000aa411d40,0x00000000ae800000)
 Metaspace       used 18654K, capacity 18857K, committed 19072K, reserved 1067008K
  class space    used 1755K, capacity 1793K, committed 1920K, reserved 1048576K
Event: 29.788 GC heap after
Heap after GC invocations=35 (full 3):
 PSYoungGen      total 332800K, used 160K [0x00000000e0400000, 0x00000000f6300000, 0x0000000100000000)
  eden space 309248K, 0% used [0x00000000e0400000,0x00000000e0400000,0x00000000f3200000)
  from space 23552K, 0% used [0x00000000f4c00000,0x00000000f4c28000,0x00000000f6300000)
  to   space 25088K, 0% used [0x00000000f3200000,0x00000000f3200000,0x00000000f4a80000)
 ParOldGen       total 225280K, used 155751K [0x00000000a0c00000, 0x00000000ae800000, 0x00000000e0400000)
  object space 225280K, 69% used [0x00000000a0c00000,0x00000000aa419d40,0x00000000ae800000)
 Metaspace       used 18654K, capacity 18857K, committed 19072K, reserved 1067008K
  class space    used 1755K, capacity 1793K, committed 1920K, reserved 1048576K
}
Event: 30.833 GC heap before
{Heap before GC invocations=36 (full 3):
 PSYoungGen      total 332800K, used 304875K [0x00000000e0400000, 0x00000000f6300000, 0x0000000100000000)
  eden space 309248K, 98% used [0x00000000e0400000,0x00000000f2d92d88,0x00000000f3200000)
  from space 23552K, 0% used [0x00000000f4c00000,0x00000000f4c28000,0x00000000f6300000)
  to   space 25088K, 0% used [0x00000000f3200000,0x00000000f3200000,0x00000000f4a80000)
 ParOldGen       total 225280K, used 155751K [0x00000000a0c00000, 0x00000000ae800000, 0x00000000e0400000)
  object space 225280K, 69% used [0x00000000a0c00000,0x00000000aa419d40,0x00000000ae800000)
 Metaspace       used 18654K, capacity 18857K, committed 19072K, reserved 1067008K
  class space    used 1755K, capacity 1793K, committed 1920K, reserved 1048576K
Event: 30.836 GC heap after
Heap after GC invocations=36 (full 3):
 PSYoungGen      total 334336K, used 224K [0x00000000e0400000, 0x00000000f6200000, 0x0000000100000000)
  eden space 309248K, 0% used [0x00000000e0400000,0x00000000e0400000,0x00000000f3200000)
  from space 25088K, 0% used [0x00000000f3200000,0x00000000f3238000,0x00000000f4a80000)
  to   space 23552K, 0% used [0x00000000f4b00000,0x00000000f4b00000,0x00000000f6200000)
 ParOldGen       total 225280K, used 155775K [0x00000000a0c00000, 0x00000000ae800000, 0x00000000e0400000)
  object space 225280K, 69% used [0x00000000a0c00000,0x00000000aa41fd40,0x00000000ae800000)
 Metaspace       used 18654K, capacity 18857K, committed 19072K, reserved 1067008K
  class space    used 1755K, capacity 1793K, committed 1920K, reserved 1048576K
}
Event: 32.293 GC heap before
{Heap before GC invocations=37 (full 3):
 PSYoungGen      total 334336K, used 306033K [0x00000000e0400000, 0x00000000f6200000, 0x0000000100000000)
  eden space 309248K, 98% used [0x00000000e0400000,0x00000000f2ea4428,0x00000000f3200000)
  from space 25088K, 0% used [0x00000000f3200000,0x00000000f3238000,0x00000000f4a80000)
  to   space 23552K, 0% used [0x00000000f4b00000,0x00000000f4b00000,0x00000000f6200000)
 ParOldGen       total 225280K, used 155775K [0x00000000a0c00000, 0x00000000ae800000, 0x00000000e0400000)
  object space 225280K, 69% used [0x00000000a0c00000,0x00000000aa41fd40,0x00000000ae800000)
 Metaspace       used 18670K, capacity 18921K, committed 19072K, reserved 1067008K
  class space    used 1755K, capacity 1793K, committed 1920K, reserved 1048576K
Event: 32.295 GC heap after
Heap after GC invocations=37 (full 3):
 PSYoungGen      total 330752K, used 160K [0x00000000e0400000, 0x00000000f5e80000, 0x0000000100000000)
  eden space 310784K, 0% used [0x00000000e0400000,0x00000000e0400000,0x00000000f3380000)
  from space 19968K, 0% used [0x00000000f4b00000,0x00000000f4b28000,0x00000000f5e80000)
  to   space 22016K, 0% used [0x00000000f3380000,0x00000000f3380000,0x00000000f4900000)
 ParOldGen       total 225280K, used 155791K [0x00000000a0c00000, 0x00000000ae800000, 0x00000000e0400000)
  object space 225280K, 69% used [0x00000000a0c00000,0x00000000aa423d40,0x00000000ae800000)
 Metaspace       used 18670K, capacity 18921K, committed 19072K, reserved 1067008K
  class space    used 1755K, capacity 1793K, committed 1920K, reserved 1048576K
}
Event: 34.364 GC heap before
{Heap before GC invocations=38 (full 3):
 PSYoungGen      total 330752K, used 305201K [0x00000000e0400000, 0x00000000f5e80000, 0x0000000100000000)
  eden space 310784K, 98% used [0x00000000e0400000,0x00000000f2de4798,0x00000000f3380000)
  from space 19968K, 0% used [0x00000000f4b00000,0x00000000f4b28000,0x00000000f5e80000)
  to   space 22016K, 0% used [0x00000000f3380000,0x00000000f3380000,0x00000000f4900000)
 ParOldGen       total 225280K, used 155791K [0x00000000a0c00000, 0x00000000ae800000, 0x00000000e0400000)
  object space 225280K, 69% used [0x00000000a0c00000,0x00000000aa423d40,0x00000000ae800000)
 Metaspace       used 18670K, capacity 18921K, committed 19072K, reserved 1067008K
  class space    used 1755K, capacity 1793K, committed 1920K, reserved 1048576K
Event: 34.365 GC heap after
Heap after GC invocations=38 (full 3):
 PSYoungGen      total 332800K, used 192K [0x00000000e0400000, 0x00000000f5d00000, 0x0000000100000000)
  eden space 310784K, 0% used [0x00000000e0400000,0x00000000e0400000,0x00000000f3380000)
  from space 22016K, 0% used [0x00000000f3380000,0x00000000f33b0000,0x00000000f4900000)
  to   space 20480K, 0% used [0x00000000f4900000,0x00000000f4900000,0x00000000f5d00000)
 ParOldGen       total 225280K, used 155799K [0x00000000a0c00000, 0x00000000ae800000, 0x00000000e0400000)
  object space 225280K, 69% used [0x00000000a0c00000,0x00000000aa425d40,0x00000000ae800000)
 Metaspace       used 18670K, capacity 18921K, committed 19072K, reserved 1067008K
  class space    used 1755K, capacity 1793K, committed 1920K, reserved 1048576K
}

