# JRE version: Java(TM) SE Runtime Environment (8.0_25-b18) (build 1.8.0_25-b18)
# Java VM: Java HotSpot(TM) 64-Bit Server VM (25.25-b02 mixed mode windows-amd64 compressed oops)
Heap:
 PSYoungGen      total 336896K, used 225343K [0x00000000e0400000, 0x00000000f7f80000, 0x0000000100000000)
  eden space 293376K, 73% used [0x00000000e0400000,0x00000000ed6aac90,0x00000000f2280000)
  from space 43520K, 22% used [0x00000000f5500000,0x00000000f5e65020,0x00000000f7f80000)
  to   space 47616K, 0% used [0x00000000f2280000,0x00000000f2280000,0x00000000f5100000)
 ParOldGen       total 218624K, used 145931K [0x00000000a0c00000, 0x00000000ae180000, 0x00000000e0400000)
  object space 218624K, 66% used [0x00000000a0c00000,0x00000000a9a82fb8,0x00000000ae180000)
 Metaspace       used 18328K, capacity 18537K, committed 18816K, reserved 1067008K
  class space    used 1756K, capacity 1793K, committed 1920K, reserved 1048576K
GC Heap History (10 events):
Event: 6.818 GC heap before
{Heap before GC invocations=17 (full 3):
 PSYoungGen      total 271872K, used 227320K [0x00000000e0400000, 0x00000000f6b80000, 0x0000000100000000)
  eden space 213504K, 98% used [0x00000000e0400000,0x00000000ed0a80d8,0x00000000ed480000)
  from space 58368K, 30% used [0x00000000ed480000,0x00000000ee5d6030,0x00000000f0d80000)
  to   space 55808K, 0% used [0x00000000f3500000,0x00000000f3500000,0x00000000f6b80000)
 ParOldGen       total 218624K, used 145899K [0x00000000a0c00000, 0x00000000ae180000, 0x00000000e0400000)
  object space 218624K, 66% used [0x00000000a0c00000,0x00000000a9a7afb8,0x00000000ae180000)
 Metaspace       used 18050K, capacity 18209K, committed 18560K, reserved 1067008K
  class space    used 1756K, capacity 1793K, committed 1920K, reserved 1048576K
Event: 6.823 GC heap after
Heap after GC invocations=17 (full 3):
 PSYoungGen      total 294912K, used 9652K [0x00000000e0400000, 0x00000000f6180000, 0x0000000100000000)
  eden space 249344K, 0% used [0x00000000e0400000,0x00000000e0400000,0x00000000ef780000)
  from space 45568K, 21% used [0x00000000f3500000,0x00000000f3e6d020,0x00000000f6180000)
  to   space 54272K, 0% used [0x00000000ef780000,0x00000000ef780000,0x00000000f2c80000)
 ParOldGen       total 218624K, used 145907K [0x00000000a0c00000, 0x00000000ae180000, 0x00000000e0400000)
  object space 218624K, 66% used [0x00000000a0c00000,0x00000000a9a7cfb8,0x00000000ae180000)
 Metaspace       used 18050K, capacity 18209K, committed 18560K, reserved 1067008K
  class space    used 1756K, capacity 1793K, committed 1920K, reserved 1048576K
}
Event: 7.721 GC heap before
{Heap before GC invocations=18 (full 3):
 PSYoungGen      total 294912K, used 256432K [0x00000000e0400000, 0x00000000f6180000, 0x0000000100000000)
  eden space 249344K, 98% used [0x00000000e0400000,0x00000000ef4ff348,0x00000000ef780000)
  from space 45568K, 21% used [0x00000000f3500000,0x00000000f3e6d020,0x00000000f6180000)
  to   space 54272K, 0% used [0x00000000ef780000,0x00000000ef780000,0x00000000f2c80000)
 ParOldGen       total 218624K, used 145907K [0x00000000a0c00000, 0x00000000ae180000, 0x00000000e0400000)
  object space 218624K, 66% used [0x00000000a0c00000,0x00000000a9a7cfb8,0x00000000ae180000)
 Metaspace       used 18085K, capacity 18273K, committed 18560K, reserved 1067008K
  class space    used 1756K, capacity 1793K, committed 1920K, reserved 1048576K
Event: 7.726 GC heap after
Heap after GC invocations=18 (full 3):
 PSYoungGen      total 303616K, used 9652K [0x00000000e0400000, 0x00000000f8080000, 0x0000000100000000)
  eden space 249344K, 0% used [0x00000000e0400000,0x00000000e0400000,0x00000000ef780000)
  from space 54272K, 17% used [0x00000000ef780000,0x00000000f00ed020,0x00000000f2c80000)
  to   space 52736K, 0% used [0x00000000f4d00000,0x00000000f4d00000,0x00000000f8080000)
 ParOldGen       total 218624K, used 145915K [0x00000000a0c00000, 0x00000000ae180000, 0x00000000e0400000)
  object space 218624K, 66% used [0x00000000a0c00000,0x00000000a9a7efb8,0x00000000ae180000)
 Metaspace       used 18085K, capacity 18273K, committed 18560K, reserved 1067008K
  class space    used 1756K, capacity 1793K, committed 1920K, reserved 1048576K
}
Event: 8.619 GC heap before
{Heap before GC invocations=19 (full 3):
 PSYoungGen      total 303616K, used 252400K [0x00000000e0400000, 0x00000000f8080000, 0x0000000100000000)
  eden space 249344K, 97% used [0x00000000e0400000,0x00000000ef10f308,0x00000000ef780000)
  from space 54272K, 17% used [0x00000000ef780000,0x00000000f00ed020,0x00000000f2c80000)
  to   space 52736K, 0% used [0x00000000f4d00000,0x00000000f4d00000,0x00000000f8080000)
 ParOldGen       total 218624K, used 145915K [0x00000000a0c00000, 0x00000000ae180000, 0x00000000e0400000)
  object space 218624K, 66% used [0x00000000a0c00000,0x00000000a9a7efb8,0x00000000ae180000)
 Metaspace       used 18150K, capacity 18337K, committed 18560K, reserved 1067008K
  class space    used 1756K, capacity 1793K, committed 1920K, reserved 1048576K
Event: 8.624 GC heap after
Heap after GC invocations=19 (full 3):
 PSYoungGen      total 322560K, used 9620K [0x00000000e0400000, 0x00000000f7800000, 0x0000000100000000)
  eden space 278528K, 0% used [0x00000000e0400000,0x00000000e0400000,0x00000000f1400000)
  from space 44032K, 21% used [0x00000000f4d00000,0x00000000f5665020,0x00000000f7800000)
  to   space 51200K, 0% used [0x00000000f1400000,0x00000000f1400000,0x00000000f4600000)
 ParOldGen       total 218624K, used 145923K [0x00000000a0c00000, 0x00000000ae180000, 0x00000000e0400000)
  object space 218624K, 66% used [0x00000000a0c00000,0x00000000a9a80fb8,0x00000000ae180000)
 Metaspace       used 18150K, capacity 18337K, committed 18560K, reserved 1067008K
  class space    used 1756K, capacity 1793K, committed 1920K, reserved 1048576K
}
Event: 9.619 GC heap before
{Heap before GC invocations=20 (full 3):
 PSYoungGen      total 322560K, used 280809K [0x00000000e0400000, 0x00000000f7800000, 0x0000000100000000)
  eden space 278528K, 97% used [0x00000000e0400000,0x00000000f0cd55b8,0x00000000f1400000)
  from space 44032K, 21% used [0x00000000f4d00000,0x00000000f5665020,0x00000000f7800000)
  to   space 51200K, 0% used [0x00000000f1400000,0x00000000f1400000,0x00000000f4600000)
 ParOldGen       total 218624K, used 145923K [0x00000000a0c00000, 0x00000000ae180000, 0x00000000e0400000)
  object space 218624K, 66% used [0x00000000a0c00000,0x00000000a9a80fb8,0x00000000ae180000)
 Metaspace       used 18184K, capacity 18345K, committed 18560K, reserved 1067008K
  class space    used 1756K, capacity 1793K, committed 1920K, reserved 1048576K
Event: 9.622 GC heap after
Heap after GC invocations=20 (full 3):
 PSYoungGen      total 329728K, used 9652K [0x00000000e0400000, 0x00000000f8500000, 0x0000000100000000)
  eden space 278528K, 0% used [0x00000000e0400000,0x00000000e0400000,0x00000000f1400000)
  from space 51200K, 18% used [0x00000000f1400000,0x00000000f1d6d020,0x00000000f4600000)
  to   space 49152K, 0% used [0x00000000f5500000,0x00000000f5500000,0x00000000f8500000)
 ParOldGen       total 218624K, used 145923K [0x00000000a0c00000, 0x00000000ae180000, 0x00000000e0400000)
  object space 218624K, 66% used [0x00000000a0c00000,0x00000000a9a80fb8,0x00000000ae180000)
 Metaspace       used 18184K, capacity 18345K, committed 18560K, reserved 1067008K
  class space    used 1756K, capacity 1793K, committed 1920K, reserved 1048576K
}
Event: 10.653 GC heap before
{Heap before GC invocations=21 (full 3):
 PSYoungGen      total 329728K, used 288024K [0x00000000e0400000, 0x00000000f8500000, 0x0000000100000000)
  eden space 278528K, 99% used [0x00000000e0400000,0x00000000f13d9238,0x00000000f1400000)
  from space 51200K, 18% used [0x00000000f1400000,0x00000000f1d6d020,0x00000000f4600000)
  to   space 49152K, 0% used [0x00000000f5500000,0x00000000f5500000,0x00000000f8500000)
 ParOldGen       total 218624K, used 145923K [0x00000000a0c00000, 0x00000000ae180000, 0x00000000e0400000)
  object space 218624K, 66% used [0x00000000a0c00000,0x00000000a9a80fb8,0x00000000ae180000)
 Metaspace       used 18326K, capacity 18537K, committed 18816K, reserved 1067008K
  class space    used 1756K, capacity 1793K, committed 1920K, reserved 1048576K
Event: 10.658 GC heap after
Heap after GC invocations=21 (full 3):
 PSYoungGen      total 336896K, used 9620K [0x00000000e0400000, 0x00000000f7f80000, 0x0000000100000000)
  eden space 293376K, 0% used [0x00000000e0400000,0x00000000e0400000,0x00000000f2280000)
  from space 43520K, 22% used [0x00000000f5500000,0x00000000f5e65020,0x00000000f7f80000)
  to   space 47616K, 0% used [0x00000000f2280000,0x00000000f2280000,0x00000000f5100000)
 ParOldGen       total 218624K, used 145931K [0x00000000a0c00000, 0x00000000ae180000, 0x00000000e0400000)
  object space 218624K, 66% used [0x00000000a0c00000,0x00000000a9a82fb8,0x00000000ae180000)
 Metaspace       used 18326K, capacity 18537K, committed 18816K, reserved 1067008K
  class space    used 1756K, capacity 1793K, committed 1920K, reserved 1048576K
}

