# JRE version: Java(TM) SE Runtime Environment (8.0_25-b18) (build 1.8.0_25-b18)
# Java VM: Java HotSpot(TM) 64-Bit Server VM (25.25-b02 mixed mode windows-amd64 compressed oops)
Heap:
 PSYoungGen      total 303616K, used 209294K [0x00000000e0400000, 0x00000000f6400000, 0x0000000100000000)
  eden space 250368K, 82% used [0x00000000e0400000,0x00000000ecee7b30,0x00000000ef880000)
  from space 53248K, 2% used [0x00000000ef880000,0x00000000ef9fc010,0x00000000f2c80000)
  to   space 50688K, 0% used [0x00000000f3280000,0x00000000f3280000,0x00000000f6400000)
 ParOldGen       total 235520K, used 154036K [0x00000000a0c00000, 0x00000000af200000, 0x00000000e0400000)
  object space 235520K, 65% used [0x00000000a0c00000,0x00000000aa26d358,0x00000000af200000)
 Metaspace       used 18364K, capacity 18537K, committed 18816K, reserved 1067008K
  class space    used 1756K, capacity 1793K, committed 1920K, reserved 1048576K
GC Heap History (10 events):
Event: 6.681 GC heap before
{Heap before GC invocations=18 (full 3):
 PSYoungGen      total 268800K, used 217347K [0x00000000e0400000, 0x00000000f4c00000, 0x0000000100000000)
  eden space 217088K, 99% used [0x00000000e0400000,0x00000000ed6c4c28,0x00000000ed800000)
  from space 51712K, 2% used [0x00000000f1980000,0x00000000f1afc010,0x00000000f4c00000)
  to   space 59392K, 0% used [0x00000000ed800000,0x00000000ed800000,0x00000000f1200000)
 ParOldGen       total 235520K, used 153996K [0x00000000a0c00000, 0x00000000af200000, 0x00000000e0400000)
  object space 235520K, 65% used [0x00000000a0c00000,0x00000000aa263358,0x00000000af200000)
 Metaspace       used 18115K, capacity 18337K, committed 18560K, reserved 1067008K
  class space    used 1756K, capacity 1793K, committed 1920K, reserved 1048576K
Event: 6.682 GC heap after
Heap after GC invocations=18 (full 3):
 PSYoungGen      total 276480K, used 1520K [0x00000000e0400000, 0x00000000f6580000, 0x0000000100000000)
  eden space 217088K, 0% used [0x00000000e0400000,0x00000000e0400000,0x00000000ed800000)
  from space 59392K, 2% used [0x00000000ed800000,0x00000000ed97c010,0x00000000f1200000)
  to   space 58368K, 0% used [0x00000000f2c80000,0x00000000f2c80000,0x00000000f6580000)
 ParOldGen       total 235520K, used 154004K [0x00000000a0c00000, 0x00000000af200000, 0x00000000e0400000)
  object space 235520K, 65% used [0x00000000a0c00000,0x00000000aa265358,0x00000000af200000)
 Metaspace       used 18115K, capacity 18337K, committed 18560K, reserved 1067008K
  class space    used 1756K, capacity 1793K, committed 1920K, reserved 1048576K
}
Event: 7.480 GC heap before
{Heap before GC invocations=19 (full 3):
 PSYoungGen      total 276480K, used 217292K [0x00000000e0400000, 0x00000000f6580000, 0x0000000100000000)
  eden space 217088K, 99% used [0x00000000e0400000,0x00000000ed6b7010,0x00000000ed800000)
  from space 59392K, 2% used [0x00000000ed800000,0x00000000ed97c010,0x00000000f1200000)
  to   space 58368K, 0% used [0x00000000f2c80000,0x00000000f2c80000,0x00000000f6580000)
 ParOldGen       total 235520K, used 154004K [0x00000000a0c00000, 0x00000000af200000, 0x00000000e0400000)
  object space 235520K, 65% used [0x00000000a0c00000,0x00000000aa265358,0x00000000af200000)
 Metaspace       used 18178K, capacity 18345K, committed 18560K, reserved 1067008K
  class space    used 1756K, capacity 1793K, committed 1920K, reserved 1048576K
Event: 7.482 GC heap after
Heap after GC invocations=19 (full 3):
 PSYoungGen      total 289280K, used 1520K [0x00000000e0400000, 0x00000000f5d00000, 0x0000000100000000)
  eden space 239616K, 0% used [0x00000000e0400000,0x00000000e0400000,0x00000000eee00000)
  from space 49664K, 3% used [0x00000000f2c80000,0x00000000f2dfc010,0x00000000f5d00000)
  to   space 56832K, 0% used [0x00000000eee00000,0x00000000eee00000,0x00000000f2580000)
 ParOldGen       total 235520K, used 154012K [0x00000000a0c00000, 0x00000000af200000, 0x00000000e0400000)
  object space 235520K, 65% used [0x00000000a0c00000,0x00000000aa267358,0x00000000af200000)
 Metaspace       used 18178K, capacity 18345K, committed 18560K, reserved 1067008K
  class space    used 1756K, capacity 1793K, committed 1920K, reserved 1048576K
}
Event: 8.347 GC heap before
{Heap before GC invocations=20 (full 3):
 PSYoungGen      total 289280K, used 234765K [0x00000000e0400000, 0x00000000f5d00000, 0x0000000100000000)
  eden space 239616K, 97% used [0x00000000e0400000,0x00000000ee7c76f8,0x00000000eee00000)
  from space 49664K, 3% used [0x00000000f2c80000,0x00000000f2dfc010,0x00000000f5d00000)
  to   space 56832K, 0% used [0x00000000eee00000,0x00000000eee00000,0x00000000f2580000)
 ParOldGen       total 235520K, used 154012K [0x00000000a0c00000, 0x00000000af200000, 0x00000000e0400000)
  object space 235520K, 65% used [0x00000000a0c00000,0x00000000aa267358,0x00000000af200000)
 Metaspace       used 18276K, capacity 18473K, committed 18816K, reserved 1067008K
  class space    used 1756K, capacity 1793K, committed 1920K, reserved 1048576K
Event: 8.348 GC heap after
Heap after GC invocations=20 (full 3):
 PSYoungGen      total 296448K, used 1520K [0x00000000e0400000, 0x00000000f6600000, 0x0000000100000000)
  eden space 239616K, 0% used [0x00000000e0400000,0x00000000e0400000,0x00000000eee00000)
  from space 56832K, 2% used [0x00000000eee00000,0x00000000eef7c010,0x00000000f2580000)
  to   space 54784K, 0% used [0x00000000f3080000,0x00000000f3080000,0x00000000f6600000)
 ParOldGen       total 235520K, used 154020K [0x00000000a0c00000, 0x00000000af200000, 0x00000000e0400000)
  object space 235520K, 65% used [0x00000000a0c00000,0x00000000aa269358,0x00000000af200000)
 Metaspace       used 18276K, capacity 18473K, committed 18816K, reserved 1067008K
  class space    used 1756K, capacity 1793K, committed 1920K, reserved 1048576K
}
Event: 9.213 GC heap before
{Heap before GC invocations=21 (full 3):
 PSYoungGen      total 296448K, used 234895K [0x00000000e0400000, 0x00000000f6600000, 0x0000000100000000)
  eden space 239616K, 97% used [0x00000000e0400000,0x00000000ee7e7c38,0x00000000eee00000)
  from space 56832K, 2% used [0x00000000eee00000,0x00000000eef7c010,0x00000000f2580000)
  to   space 54784K, 0% used [0x00000000f3080000,0x00000000f3080000,0x00000000f6600000)
 ParOldGen       total 235520K, used 154020K [0x00000000a0c00000, 0x00000000af200000, 0x00000000e0400000)
  object space 235520K, 65% used [0x00000000a0c00000,0x00000000aa269358,0x00000000af200000)
 Metaspace       used 18292K, capacity 18473K, committed 18816K, reserved 1067008K
  class space    used 1756K, capacity 1793K, committed 1920K, reserved 1048576K
Event: 9.215 GC heap after
Heap after GC invocations=21 (full 3):
 PSYoungGen      total 299520K, used 1520K [0x00000000e0400000, 0x00000000f6080000, 0x0000000100000000)
  eden space 250368K, 0% used [0x00000000e0400000,0x00000000e0400000,0x00000000ef880000)
  from space 49152K, 3% used [0x00000000f3080000,0x00000000f31fc010,0x00000000f6080000)
  to   space 53248K, 0% used [0x00000000ef880000,0x00000000ef880000,0x00000000f2c80000)
 ParOldGen       total 235520K, used 154028K [0x00000000a0c00000, 0x00000000af200000, 0x00000000e0400000)
  object space 235520K, 65% used [0x00000000a0c00000,0x00000000aa26b358,0x00000000af200000)
 Metaspace       used 18292K, capacity 18473K, committed 18816K, reserved 1067008K
  class space    used 1756K, capacity 1793K, committed 1920K, reserved 1048576K
}
Event: 10.113 GC heap before
{Heap before GC invocations=22 (full 3):
 PSYoungGen      total 299520K, used 244110K [0x00000000e0400000, 0x00000000f6080000, 0x0000000100000000)
  eden space 250368K, 96% used [0x00000000e0400000,0x00000000ef0e7810,0x00000000ef880000)
  from space 49152K, 3% used [0x00000000f3080000,0x00000000f31fc010,0x00000000f6080000)
  to   space 53248K, 0% used [0x00000000ef880000,0x00000000ef880000,0x00000000f2c80000)
 ParOldGen       total 235520K, used 154028K [0x00000000a0c00000, 0x00000000af200000, 0x00000000e0400000)
  object space 235520K, 65% used [0x00000000a0c00000,0x00000000aa26b358,0x00000000af200000)
 Metaspace       used 18361K, capacity 18537K, committed 18816K, reserved 1067008K
  class space    used 1756K, capacity 1793K, committed 1920K, reserved 1048576K
Event: 10.115 GC heap after
Heap after GC invocations=22 (full 3):
 PSYoungGen      total 303616K, used 1520K [0x00000000e0400000, 0x00000000f6400000, 0x0000000100000000)
  eden space 250368K, 0% used [0x00000000e0400000,0x00000000e0400000,0x00000000ef880000)
  from space 53248K, 2% used [0x00000000ef880000,0x00000000ef9fc010,0x00000000f2c80000)
  to   space 50688K, 0% used [0x00000000f3280000,0x00000000f3280000,0x00000000f6400000)
 ParOldGen       total 235520K, used 154036K [0x00000000a0c00000, 0x00000000af200000, 0x00000000e0400000)
  object space 235520K, 65% used [0x00000000a0c00000,0x00000000aa26d358,0x00000000af200000)
 Metaspace       used 18361K, capacity 18537K, committed 18816K, reserved 1067008K
  class space    used 1756K, capacity 1793K, committed 1920K, reserved 1048576K
}

