# JRE version: Java(TM) SE Runtime Environment (8.0_25-b18) (build 1.8.0_25-b18)
# Java VM: Java HotSpot(TM) 64-Bit Server VM (25.25-b02 mixed mode windows-amd64 compressed oops)
Heap:
 PSYoungGen      total 415744K, used 128587K [0x00000000e0400000, 0x00000000fb880000, 0x0000000100000000)
  eden space 387584K, 31% used [0x00000000e0400000,0x00000000e7981e70,0x00000000f7e80000)
  from space 28160K, 29% used [0x00000000f9d00000,0x00000000fa511010,0x00000000fb880000)
  to   space 29696K, 0% used [0x00000000f7e80000,0x00000000f7e80000,0x00000000f9b80000)
 ParOldGen       total 223232K, used 155249K [0x00000000a0c00000, 0x00000000ae600000, 0x00000000e0400000)
  object space 223232K, 69% used [0x00000000a0c00000,0x00000000aa39c6e0,0x00000000ae600000)
 Metaspace       used 17843K, capacity 18057K, committed 18176K, reserved 1064960K
  class space    used 1723K, capacity 1761K, committed 1792K, reserved 1048576K
GC Heap History (10 events):
Event: 11.195 GC heap before
{Heap before GC invocations=31 (full 3):
 PSYoungGen      total 407552K, used 370980K [0x00000000e0400000, 0x00000000fbb80000, 0x0000000100000000)
  eden space 371712K, 99% used [0x00000000e0400000,0x00000000f6e212a8,0x00000000f6f00000)
  from space 35840K, 0% used [0x00000000f6f00000,0x00000000f6f28000,0x00000000f9200000)
  to   space 35328K, 0% used [0x00000000f9900000,0x00000000f9900000,0x00000000fbb80000)
 ParOldGen       total 223232K, used 155145K [0x00000000a0c00000, 0x00000000ae600000, 0x00000000e0400000)
  object space 223232K, 69% used [0x00000000a0c00000,0x00000000aa3826e0,0x00000000ae600000)
 Metaspace       used 17795K, capacity 17993K, committed 18176K, reserved 1064960K
  class space    used 1711K, capacity 1761K, committed 1792K, reserved 1048576K
Event: 11.196 GC heap after
Heap after GC invocations=31 (full 3):
 PSYoungGen      total 410624K, used 192K [0x00000000e0400000, 0x00000000fb900000, 0x0000000100000000)
  eden space 377856K, 0% used [0x00000000e0400000,0x00000000e0400000,0x00000000f7500000)
  from space 32768K, 0% used [0x00000000f9900000,0x00000000f9930000,0x00000000fb900000)
  to   space 34816K, 0% used [0x00000000f7500000,0x00000000f7500000,0x00000000f9700000)
 ParOldGen       total 223232K, used 155193K [0x00000000a0c00000, 0x00000000ae600000, 0x00000000e0400000)
  object space 223232K, 69% used [0x00000000a0c00000,0x00000000aa38e6e0,0x00000000ae600000)
 Metaspace       used 17795K, capacity 17993K, committed 18176K, reserved 1064960K
  class space    used 1711K, capacity 1761K, committed 1792K, reserved 1048576K
}
Event: 11.729 GC heap before
{Heap before GC invocations=32 (full 3):
 PSYoungGen      total 410624K, used 373180K [0x00000000e0400000, 0x00000000fb900000, 0x0000000100000000)
  eden space 377856K, 98% used [0x00000000e0400000,0x00000000f703f288,0x00000000f7500000)
  from space 32768K, 0% used [0x00000000f9900000,0x00000000f9930000,0x00000000fb900000)
  to   space 34816K, 0% used [0x00000000f7500000,0x00000000f7500000,0x00000000f9700000)
 ParOldGen       total 223232K, used 155193K [0x00000000a0c00000, 0x00000000ae600000, 0x00000000e0400000)
  object space 223232K, 69% used [0x00000000a0c00000,0x00000000aa38e6e0,0x00000000ae600000)
 Metaspace       used 17798K, capacity 17993K, committed 18176K, reserved 1064960K
  class space    used 1711K, capacity 1761K, committed 1792K, reserved 1048576K
Event: 11.730 GC heap after
Heap after GC invocations=32 (full 3):
 PSYoungGen      total 412672K, used 192K [0x00000000e0400000, 0x00000000fbc80000, 0x0000000100000000)
  eden space 377856K, 0% used [0x00000000e0400000,0x00000000e0400000,0x00000000f7500000)
  from space 34816K, 0% used [0x00000000f7500000,0x00000000f7530000,0x00000000f9700000)
  to   space 33792K, 0% used [0x00000000f9b80000,0x00000000f9b80000,0x00000000fbc80000)
 ParOldGen       total 223232K, used 155217K [0x00000000a0c00000, 0x00000000ae600000, 0x00000000e0400000)
  object space 223232K, 69% used [0x00000000a0c00000,0x00000000aa3946e0,0x00000000ae600000)
 Metaspace       used 17798K, capacity 17993K, committed 18176K, reserved 1064960K
  class space    used 1711K, capacity 1761K, committed 1792K, reserved 1048576K
}
Event: 12.293 GC heap before
{Heap before GC invocations=33 (full 3):
 PSYoungGen      total 412672K, used 378048K [0x00000000e0400000, 0x00000000fbc80000, 0x0000000100000000)
  eden space 377856K, 100% used [0x00000000e0400000,0x00000000f7500000,0x00000000f7500000)
  from space 34816K, 0% used [0x00000000f7500000,0x00000000f7530000,0x00000000f9700000)
  to   space 33792K, 0% used [0x00000000f9b80000,0x00000000f9b80000,0x00000000fbc80000)
 ParOldGen       total 223232K, used 155217K [0x00000000a0c00000, 0x00000000ae600000, 0x00000000e0400000)
  object space 223232K, 69% used [0x00000000a0c00000,0x00000000aa3946e0,0x00000000ae600000)
 Metaspace       used 17798K, capacity 17993K, committed 18176K, reserved 1064960K
  class space    used 1711K, capacity 1761K, committed 1792K, reserved 1048576K
Event: 12.295 GC heap after
Heap after GC invocations=33 (full 3):
 PSYoungGen      total 413184K, used 192K [0x00000000e0400000, 0x00000000fb980000, 0x0000000100000000)
  eden space 382464K, 0% used [0x00000000e0400000,0x00000000e0400000,0x00000000f7980000)
  from space 30720K, 0% used [0x00000000f9b80000,0x00000000f9bb0000,0x00000000fb980000)
  to   space 32768K, 0% used [0x00000000f7980000,0x00000000f7980000,0x00000000f9980000)
 ParOldGen       total 223232K, used 155217K [0x00000000a0c00000, 0x00000000ae600000, 0x00000000e0400000)
  object space 223232K, 69% used [0x00000000a0c00000,0x00000000aa3946e0,0x00000000ae600000)
 Metaspace       used 17798K, capacity 17993K, committed 18176K, reserved 1064960K
  class space    used 1711K, capacity 1761K, committed 1792K, reserved 1048576K
}
Event: 12.791 GC heap before
{Heap before GC invocations=34 (full 3):
 PSYoungGen      total 413184K, used 382656K [0x00000000e0400000, 0x00000000fb980000, 0x0000000100000000)
  eden space 382464K, 100% used [0x00000000e0400000,0x00000000f7980000,0x00000000f7980000)
  from space 30720K, 0% used [0x00000000f9b80000,0x00000000f9bb0000,0x00000000fb980000)
  to   space 32768K, 0% used [0x00000000f7980000,0x00000000f7980000,0x00000000f9980000)
 ParOldGen       total 223232K, used 155217K [0x00000000a0c00000, 0x00000000ae600000, 0x00000000e0400000)
  object space 223232K, 69% used [0x00000000a0c00000,0x00000000aa3946e0,0x00000000ae600000)
 Metaspace       used 17806K, capacity 17993K, committed 18176K, reserved 1064960K
  class space    used 1711K, capacity 1761K, committed 1792K, reserved 1048576K
Event: 12.793 GC heap after
Heap after GC invocations=34 (full 3):
 PSYoungGen      total 415232K, used 224K [0x00000000e0400000, 0x00000000fbc00000, 0x0000000100000000)
  eden space 382464K, 0% used [0x00000000e0400000,0x00000000e0400000,0x00000000f7980000)
  from space 32768K, 0% used [0x00000000f7980000,0x00000000f79b8000,0x00000000f9980000)
  to   space 31744K, 0% used [0x00000000f9d00000,0x00000000f9d00000,0x00000000fbc00000)
 ParOldGen       total 223232K, used 155249K [0x00000000a0c00000, 0x00000000ae600000, 0x00000000e0400000)
  object space 223232K, 69% used [0x00000000a0c00000,0x00000000aa39c6e0,0x00000000ae600000)
 Metaspace       used 17806K, capacity 17993K, committed 18176K, reserved 1064960K
  class space    used 1711K, capacity 1761K, committed 1792K, reserved 1048576K
}
Event: 13.334 GC heap before
{Heap before GC invocations=35 (full 3):
 PSYoungGen      total 415232K, used 382090K [0x00000000e0400000, 0x00000000fbc00000, 0x0000000100000000)
  eden space 382464K, 99% used [0x00000000e0400000,0x00000000f78ea830,0x00000000f7980000)
  from space 32768K, 0% used [0x00000000f7980000,0x00000000f79b8000,0x00000000f9980000)
  to   space 31744K, 0% used [0x00000000f9d00000,0x00000000f9d00000,0x00000000fbc00000)
 ParOldGen       total 223232K, used 155249K [0x00000000a0c00000, 0x00000000ae600000, 0x00000000e0400000)
  object space 223232K, 69% used [0x00000000a0c00000,0x00000000aa39c6e0,0x00000000ae600000)
 Metaspace       used 17807K, capacity 17993K, committed 18176K, reserved 1064960K
  class space    used 1711K, capacity 1761K, committed 1792K, reserved 1048576K
Event: 13.338 GC heap after
Heap after GC invocations=35 (full 3):
 PSYoungGen      total 415744K, used 8260K [0x00000000e0400000, 0x00000000fb880000, 0x0000000100000000)
  eden space 387584K, 0% used [0x00000000e0400000,0x00000000e0400000,0x00000000f7e80000)
  from space 28160K, 29% used [0x00000000f9d00000,0x00000000fa511010,0x00000000fb880000)
  to   space 29696K, 0% used [0x00000000f7e80000,0x00000000f7e80000,0x00000000f9b80000)
 ParOldGen       total 223232K, used 155249K [0x00000000a0c00000, 0x00000000ae600000, 0x00000000e0400000)
  object space 223232K, 69% used [0x00000000a0c00000,0x00000000aa39c6e0,0x00000000ae600000)
 Metaspace       used 17807K, capacity 17993K, committed 18176K, reserved 1064960K
  class space    used 1711K, capacity 1761K, committed 1792K, reserved 1048576K
}

