# JRE version: Java(TM) SE Runtime Environment (8.0_25-b18) (build 1.8.0_25-b18)
# Java VM: Java HotSpot(TM) 64-Bit Server VM (25.25-b02 mixed mode windows-amd64 compressed oops)
Heap:
 PSYoungGen      total 358400K, used 242671K [0x00000000e0400000, 0x00000000f7c00000, 0x0000000100000000)
  eden space 330752K, 73% used [0x00000000e0400000,0x00000000ef0c3e00,0x00000000f4700000)
  from space 27648K, 0% used [0x00000000f4700000,0x00000000f4738000,0x00000000f6200000)
  to   space 26624K, 0% used [0x00000000f6200000,0x00000000f6200000,0x00000000f7c00000)
 ParOldGen       total 224768K, used 155185K [0x00000000a0c00000, 0x00000000ae780000, 0x00000000e0400000)
  object space 224768K, 69% used [0x00000000a0c00000,0x00000000aa38c6c8,0x00000000ae780000)
 Metaspace       used 18021K, capacity 18249K, committed 18432K, reserved 1067008K
  class space    used 1722K, capacity 1761K, committed 1792K, reserved 1048576K
GC Heap History (10 events):
Event: 25.331 GC heap before
{Heap before GC invocations=34 (full 3):
 PSYoungGen      total 358912K, used 323162K [0x00000000e0400000, 0x00000000f8280000, 0x0000000100000000)
  eden space 328192K, 98% used [0x00000000e0400000,0x00000000f3f669e0,0x00000000f4480000)
  from space 30720K, 0% used [0x00000000f6480000,0x00000000f64b0000,0x00000000f8280000)
  to   space 31744K, 0% used [0x00000000f4480000,0x00000000f4480000,0x00000000f6380000)
 ParOldGen       total 224768K, used 155097K [0x00000000a0c00000, 0x00000000ae780000, 0x00000000e0400000)
  object space 224768K, 69% used [0x00000000a0c00000,0x00000000aa3766c8,0x00000000ae780000)
 Metaspace       used 18020K, capacity 18249K, committed 18432K, reserved 1067008K
  class space    used 1722K, capacity 1761K, committed 1792K, reserved 1048576K
Event: 25.332 GC heap after
Heap after GC invocations=34 (full 3):
 PSYoungGen      total 359936K, used 192K [0x00000000e0400000, 0x00000000f8280000, 0x0000000100000000)
  eden space 328192K, 0% used [0x00000000e0400000,0x00000000e0400000,0x00000000f4480000)
  from space 31744K, 0% used [0x00000000f4480000,0x00000000f44b0000,0x00000000f6380000)
  to   space 30720K, 0% used [0x00000000f6480000,0x00000000f6480000,0x00000000f8280000)
 ParOldGen       total 224768K, used 155129K [0x00000000a0c00000, 0x00000000ae780000, 0x00000000e0400000)
  object space 224768K, 69% used [0x00000000a0c00000,0x00000000aa37e6c8,0x00000000ae780000)
 Metaspace       used 18020K, capacity 18249K, committed 18432K, reserved 1067008K
  class space    used 1722K, capacity 1761K, committed 1792K, reserved 1048576K
}
Event: 26.532 GC heap before
{Heap before GC invocations=35 (full 3):
 PSYoungGen      total 359936K, used 323169K [0x00000000e0400000, 0x00000000f8280000, 0x0000000100000000)
  eden space 328192K, 98% used [0x00000000e0400000,0x00000000f3f684e0,0x00000000f4480000)
  from space 31744K, 0% used [0x00000000f4480000,0x00000000f44b0000,0x00000000f6380000)
  to   space 30720K, 0% used [0x00000000f6480000,0x00000000f6480000,0x00000000f8280000)
 ParOldGen       total 224768K, used 155129K [0x00000000a0c00000, 0x00000000ae780000, 0x00000000e0400000)
  object space 224768K, 69% used [0x00000000a0c00000,0x00000000aa37e6c8,0x00000000ae780000)
 Metaspace       used 18020K, capacity 18249K, committed 18432K, reserved 1067008K
  class space    used 1722K, capacity 1761K, committed 1792K, reserved 1048576K
Event: 26.534 GC heap after
Heap after GC invocations=35 (full 3):
 PSYoungGen      total 357888K, used 160K [0x00000000e0400000, 0x00000000f8000000, 0x0000000100000000)
  eden space 329728K, 0% used [0x00000000e0400000,0x00000000e0400000,0x00000000f4600000)
  from space 28160K, 0% used [0x00000000f6480000,0x00000000f64a8000,0x00000000f8000000)
  to   space 29696K, 0% used [0x00000000f4600000,0x00000000f4600000,0x00000000f6300000)
 ParOldGen       total 224768K, used 155145K [0x00000000a0c00000, 0x00000000ae780000, 0x00000000e0400000)
  object space 224768K, 69% used [0x00000000a0c00000,0x00000000aa3826c8,0x00000000ae780000)
 Metaspace       used 18020K, capacity 18249K, committed 18432K, reserved 1067008K
  class space    used 1722K, capacity 1761K, committed 1792K, reserved 1048576K
}
Event: 27.732 GC heap before
{Heap before GC invocations=36 (full 3):
 PSYoungGen      total 357888K, used 323149K [0x00000000e0400000, 0x00000000f8000000, 0x0000000100000000)
  eden space 329728K, 97% used [0x00000000e0400000,0x00000000f3f6b558,0x00000000f4600000)
  from space 28160K, 0% used [0x00000000f6480000,0x00000000f64a8000,0x00000000f8000000)
  to   space 29696K, 0% used [0x00000000f4600000,0x00000000f4600000,0x00000000f6300000)
 ParOldGen       total 224768K, used 155145K [0x00000000a0c00000, 0x00000000ae780000, 0x00000000e0400000)
  object space 224768K, 69% used [0x00000000a0c00000,0x00000000aa3826c8,0x00000000ae780000)
 Metaspace       used 18020K, capacity 18249K, committed 18432K, reserved 1067008K
  class space    used 1722K, capacity 1761K, committed 1792K, reserved 1048576K
Event: 27.733 GC heap after
Heap after GC invocations=36 (full 3):
 PSYoungGen      total 359424K, used 224K [0x00000000e0400000, 0x00000000f7f80000, 0x0000000100000000)
  eden space 329728K, 0% used [0x00000000e0400000,0x00000000e0400000,0x00000000f4600000)
  from space 29696K, 0% used [0x00000000f4600000,0x00000000f4638000,0x00000000f6300000)
  to   space 28672K, 0% used [0x00000000f6380000,0x00000000f6380000,0x00000000f7f80000)
 ParOldGen       total 224768K, used 155169K [0x00000000a0c00000, 0x00000000ae780000, 0x00000000e0400000)
  object space 224768K, 69% used [0x00000000a0c00000,0x00000000aa3886c8,0x00000000ae780000)
 Metaspace       used 18020K, capacity 18249K, committed 18432K, reserved 1067008K
  class space    used 1722K, capacity 1761K, committed 1792K, reserved 1048576K
}
Event: 28.931 GC heap before
{Heap before GC invocations=37 (full 3):
 PSYoungGen      total 359424K, used 323217K [0x00000000e0400000, 0x00000000f7f80000, 0x0000000100000000)
  eden space 329728K, 97% used [0x00000000e0400000,0x00000000f3f6c4c8,0x00000000f4600000)
  from space 29696K, 0% used [0x00000000f4600000,0x00000000f4638000,0x00000000f6300000)
  to   space 28672K, 0% used [0x00000000f6380000,0x00000000f6380000,0x00000000f7f80000)
 ParOldGen       total 224768K, used 155169K [0x00000000a0c00000, 0x00000000ae780000, 0x00000000e0400000)
  object space 224768K, 69% used [0x00000000a0c00000,0x00000000aa3886c8,0x00000000ae780000)
 Metaspace       used 18020K, capacity 18249K, committed 18432K, reserved 1067008K
  class space    used 1722K, capacity 1761K, committed 1792K, reserved 1048576K
Event: 28.932 GC heap after
Heap after GC invocations=37 (full 3):
 PSYoungGen      total 356864K, used 192K [0x00000000e0400000, 0x00000000f7d00000, 0x0000000100000000)
  eden space 330752K, 0% used [0x00000000e0400000,0x00000000e0400000,0x00000000f4700000)
  from space 26112K, 0% used [0x00000000f6380000,0x00000000f63b0000,0x00000000f7d00000)
  to   space 27648K, 0% used [0x00000000f4700000,0x00000000f4700000,0x00000000f6200000)
 ParOldGen       total 224768K, used 155177K [0x00000000a0c00000, 0x00000000ae780000, 0x00000000e0400000)
  object space 224768K, 69% used [0x00000000a0c00000,0x00000000aa38a6c8,0x00000000ae780000)
 Metaspace       used 18020K, capacity 18249K, committed 18432K, reserved 1067008K
  class space    used 1722K, capacity 1761K, committed 1792K, reserved 1048576K
}
Event: 30.133 GC heap before
{Heap before GC invocations=38 (full 3):
 PSYoungGen      total 356864K, used 323230K [0x00000000e0400000, 0x00000000f7d00000, 0x0000000100000000)
  eden space 330752K, 97% used [0x00000000e0400000,0x00000000f3f77a70,0x00000000f4700000)
  from space 26112K, 0% used [0x00000000f6380000,0x00000000f63b0000,0x00000000f7d00000)
  to   space 27648K, 0% used [0x00000000f4700000,0x00000000f4700000,0x00000000f6200000)
 ParOldGen       total 224768K, used 155177K [0x00000000a0c00000, 0x00000000ae780000, 0x00000000e0400000)
  object space 224768K, 69% used [0x00000000a0c00000,0x00000000aa38a6c8,0x00000000ae780000)
 Metaspace       used 18020K, capacity 18249K, committed 18432K, reserved 1067008K
  class space    used 1722K, capacity 1761K, committed 1792K, reserved 1048576K
Event: 30.134 GC heap after
Heap after GC invocations=38 (full 3):
 PSYoungGen      total 358400K, used 224K [0x00000000e0400000, 0x00000000f7c00000, 0x0000000100000000)
  eden space 330752K, 0% used [0x00000000e0400000,0x00000000e0400000,0x00000000f4700000)
  from space 27648K, 0% used [0x00000000f4700000,0x00000000f4738000,0x00000000f6200000)
  to   space 26624K, 0% used [0x00000000f6200000,0x00000000f6200000,0x00000000f7c00000)
 ParOldGen       total 224768K, used 155185K [0x00000000a0c00000, 0x00000000ae780000, 0x00000000e0400000)
  object space 224768K, 69% used [0x00000000a0c00000,0x00000000aa38c6c8,0x00000000ae780000)
 Metaspace       used 18020K, capacity 18249K, committed 18432K, reserved 1067008K
  class space    used 1722K, capacity 1761K, committed 1792K, reserved 1048576K
}

