# JRE version: Java(TM) SE Runtime Environment (8.0_25-b18) (build 1.8.0_25-b18)
# Java VM: Java HotSpot(TM) 64-Bit Server VM (25.25-b02 mixed mode windows-amd64 compressed oops)
Heap:
 PSYoungGen      total 364544K, used 350227K [0x00000000e0400000, 0x00000000f6d00000, 0x0000000100000000)
  eden space 361984K, 96% used [0x00000000e0400000,0x00000000f59e4cc8,0x00000000f6580000)
  from space 2560K, 5% used [0x00000000f6580000,0x00000000f65a0000,0x00000000f6800000)
  to   space 2560K, 0% used [0x00000000f6a80000,0x00000000f6a80000,0x00000000f6d00000)
 ParOldGen       total 228864K, used 204986K [0x00000000a0c00000, 0x00000000aeb80000, 0x00000000e0400000)
  object space 228864K, 89% used [0x00000000a0c00000,0x00000000ad42eaf0,0x00000000aeb80000)
 Metaspace       used 18532K, capacity 18729K, committed 19072K, reserved 1067008K
  class space    used 1762K, capacity 1793K, committed 1920K, reserved 1048576K
GC Heap History (10 events):
Event: 38.833 GC heap before
{Heap before GC invocations=88 (full 3):
 PSYoungGen      total 359936K, used 351045K [0x00000000e0400000, 0x00000000f6700000, 0x0000000100000000)
  eden space 357376K, 98% used [0x00000000e0400000,0x00000000f5aa96b0,0x00000000f6100000)
  from space 2560K, 6% used [0x00000000f6480000,0x00000000f64a8000,0x00000000f6700000)
  to   space 3072K, 0% used [0x00000000f6100000,0x00000000f6100000,0x00000000f6400000)
 ParOldGen       total 228864K, used 188738K [0x00000000a0c00000, 0x00000000aeb80000, 0x00000000e0400000)
  object space 228864K, 82% used [0x00000000a0c00000,0x00000000ac450ad0,0x00000000aeb80000)
 Metaspace       used 18531K, capacity 18729K, committed 19072K, reserved 1067008K
  class space    used 1762K, capacity 1793K, committed 1920K, reserved 1048576K
Event: 38.834 GC heap after
Heap after GC invocations=88 (full 3):
 PSYoungGen      total 360448K, used 160K [0x00000000e0400000, 0x00000000f6900000, 0x0000000100000000)
  eden space 357376K, 0% used [0x00000000e0400000,0x00000000e0400000,0x00000000f6100000)
  from space 3072K, 5% used [0x00000000f6100000,0x00000000f6128000,0x00000000f6400000)
  to   space 3072K, 0% used [0x00000000f6600000,0x00000000f6600000,0x00000000f6900000)
 ParOldGen       total 228864K, used 188738K [0x00000000a0c00000, 0x00000000aeb80000, 0x00000000e0400000)
  object space 228864K, 82% used [0x00000000a0c00000,0x00000000ac450ad0,0x00000000aeb80000)
 Metaspace       used 18531K, capacity 18729K, committed 19072K, reserved 1067008K
  class space    used 1762K, capacity 1793K, committed 1920K, reserved 1048576K
}
Event: 39.366 GC heap before
{Heap before GC invocations=89 (full 3):
 PSYoungGen      total 360448K, used 357536K [0x00000000e0400000, 0x00000000f6900000, 0x0000000100000000)
  eden space 357376K, 100% used [0x00000000e0400000,0x00000000f6100000,0x00000000f6100000)
  from space 3072K, 5% used [0x00000000f6100000,0x00000000f6128000,0x00000000f6400000)
  to   space 3072K, 0% used [0x00000000f6600000,0x00000000f6600000,0x00000000f6900000)
 ParOldGen       total 228864K, used 188738K [0x00000000a0c00000, 0x00000000aeb80000, 0x00000000e0400000)
  object space 228864K, 82% used [0x00000000a0c00000,0x00000000ac450ad0,0x00000000aeb80000)
 Metaspace       used 18531K, capacity 18729K, committed 19072K, reserved 1067008K
  class space    used 1762K, capacity 1793K, committed 1920K, reserved 1048576K
Event: 39.370 GC heap after
Heap after GC invocations=89 (full 3):
 PSYoungGen      total 362496K, used 64K [0x00000000e0400000, 0x00000000f6980000, 0x0000000100000000)
  eden space 359424K, 0% used [0x00000000e0400000,0x00000000e0400000,0x00000000f6300000)
  from space 3072K, 2% used [0x00000000f6600000,0x00000000f6610000,0x00000000f6900000)
  to   space 3072K, 0% used [0x00000000f6300000,0x00000000f6300000,0x00000000f6600000)
 ParOldGen       total 228864K, used 196838K [0x00000000a0c00000, 0x00000000aeb80000, 0x00000000e0400000)
  object space 228864K, 86% used [0x00000000a0c00000,0x00000000acc39ae0,0x00000000aeb80000)
 Metaspace       used 18531K, capacity 18729K, committed 19072K, reserved 1067008K
  class space    used 1762K, capacity 1793K, committed 1920K, reserved 1048576K
}
Event: 39.903 GC heap before
{Heap before GC invocations=90 (full 3):
 PSYoungGen      total 362496K, used 359488K [0x00000000e0400000, 0x00000000f6980000, 0x0000000100000000)
  eden space 359424K, 100% used [0x00000000e0400000,0x00000000f6300000,0x00000000f6300000)
  from space 3072K, 2% used [0x00000000f6600000,0x00000000f6610000,0x00000000f6900000)
  to   space 3072K, 0% used [0x00000000f6300000,0x00000000f6300000,0x00000000f6600000)
 ParOldGen       total 228864K, used 196838K [0x00000000a0c00000, 0x00000000aeb80000, 0x00000000e0400000)
  object space 228864K, 86% used [0x00000000a0c00000,0x00000000acc39ae0,0x00000000aeb80000)
 Metaspace       used 18531K, capacity 18729K, committed 19072K, reserved 1067008K
  class space    used 1762K, capacity 1793K, committed 1920K, reserved 1048576K
Event: 39.908 GC heap after
Heap after GC invocations=90 (full 3):
 PSYoungGen      total 362496K, used 96K [0x00000000e0400000, 0x00000000f6b00000, 0x0000000100000000)
  eden space 359424K, 0% used [0x00000000e0400000,0x00000000e0400000,0x00000000f6300000)
  from space 3072K, 3% used [0x00000000f6300000,0x00000000f6318000,0x00000000f6600000)
  to   space 2560K, 0% used [0x00000000f6880000,0x00000000f6880000,0x00000000f6b00000)
 ParOldGen       total 228864K, used 204970K [0x00000000a0c00000, 0x00000000aeb80000, 0x00000000e0400000)
  object space 228864K, 89% used [0x00000000a0c00000,0x00000000ad42aaf0,0x00000000aeb80000)
 Metaspace       used 18531K, capacity 18729K, committed 19072K, reserved 1067008K
  class space    used 1762K, capacity 1793K, committed 1920K, reserved 1048576K
}
Event: 40.460 GC heap before
{Heap before GC invocations=91 (full 3):
 PSYoungGen      total 362496K, used 359520K [0x00000000e0400000, 0x00000000f6b00000, 0x0000000100000000)
  eden space 359424K, 100% used [0x00000000e0400000,0x00000000f6300000,0x00000000f6300000)
  from space 3072K, 3% used [0x00000000f6300000,0x00000000f6318000,0x00000000f6600000)
  to   space 2560K, 0% used [0x00000000f6880000,0x00000000f6880000,0x00000000f6b00000)
 ParOldGen       total 228864K, used 204970K [0x00000000a0c00000, 0x00000000aeb80000, 0x00000000e0400000)
  object space 228864K, 89% used [0x00000000a0c00000,0x00000000ad42aaf0,0x00000000aeb80000)
 Metaspace       used 18531K, capacity 18729K, committed 19072K, reserved 1067008K
  class space    used 1762K, capacity 1793K, committed 1920K, reserved 1048576K
Event: 40.462 GC heap after
Heap after GC invocations=91 (full 3):
 PSYoungGen      total 364032K, used 128K [0x00000000e0400000, 0x00000000f6a80000, 0x0000000100000000)
  eden space 361984K, 0% used [0x00000000e0400000,0x00000000e0400000,0x00000000f6580000)
  from space 2048K, 6% used [0x00000000f6880000,0x00000000f68a0000,0x00000000f6a80000)
  to   space 2560K, 0% used [0x00000000f6580000,0x00000000f6580000,0x00000000f6800000)
 ParOldGen       total 228864K, used 204978K [0x00000000a0c00000, 0x00000000aeb80000, 0x00000000e0400000)
  object space 228864K, 89% used [0x00000000a0c00000,0x00000000ad42caf0,0x00000000aeb80000)
 Metaspace       used 18531K, capacity 18729K, committed 19072K, reserved 1067008K
  class space    used 1762K, capacity 1793K, committed 1920K, reserved 1048576K
}
Event: 41.230 GC heap before
{Heap before GC invocations=92 (full 3):
 PSYoungGen      total 364032K, used 357271K [0x00000000e0400000, 0x00000000f6a80000, 0x0000000100000000)
  eden space 361984K, 98% used [0x00000000e0400000,0x00000000f60c5c48,0x00000000f6580000)
  from space 2048K, 6% used [0x00000000f6880000,0x00000000f68a0000,0x00000000f6a80000)
  to   space 2560K, 0% used [0x00000000f6580000,0x00000000f6580000,0x00000000f6800000)
 ParOldGen       total 228864K, used 204978K [0x00000000a0c00000, 0x00000000aeb80000, 0x00000000e0400000)
  object space 228864K, 89% used [0x00000000a0c00000,0x00000000ad42caf0,0x00000000aeb80000)
 Metaspace       used 18531K, capacity 18729K, committed 19072K, reserved 1067008K
  class space    used 1762K, capacity 1793K, committed 1920K, reserved 1048576K
Event: 41.231 GC heap after
Heap after GC invocations=92 (full 3):
 PSYoungGen      total 364544K, used 128K [0x00000000e0400000, 0x00000000f6d00000, 0x0000000100000000)
  eden space 361984K, 0% used [0x00000000e0400000,0x00000000e0400000,0x00000000f6580000)
  from space 2560K, 5% used [0x00000000f6580000,0x00000000f65a0000,0x00000000f6800000)
  to   space 2560K, 0% used [0x00000000f6a80000,0x00000000f6a80000,0x00000000f6d00000)
 ParOldGen       total 228864K, used 204986K [0x00000000a0c00000, 0x00000000aeb80000, 0x00000000e0400000)
  object space 228864K, 89% used [0x00000000a0c00000,0x00000000ad42eaf0,0x00000000aeb80000)
 Metaspace       used 18531K, capacity 18729K, committed 19072K, reserved 1067008K
  class space    used 1762K, capacity 1793K, committed 1920K, reserved 1048576K
}

