# JRE version: Java(TM) SE Runtime Environment (8.0_25-b18) (build 1.8.0_25-b18)
# Java VM: Java HotSpot(TM) 64-Bit Server VM (25.25-b02 mixed mode windows-amd64 compressed oops)
Heap:
 PSYoungGen      total 253952K, used 118700K [0x00000000e0400000, 0x00000000f3400000, 0x0000000100000000)
  eden space 208896K, 52% used [0x00000000e0400000,0x00000000e6f061e0,0x00000000ed000000)
  from space 45056K, 20% used [0x00000000f0800000,0x00000000f10e5020,0x00000000f3400000)
  to   space 51200K, 0% used [0x00000000ed000000,0x00000000ed000000,0x00000000f0200000)
 ParOldGen       total 228864K, used 145897K [0x00000000a0c00000, 0x00000000aeb80000, 0x00000000e0400000)
  object space 228864K, 63% used [0x00000000a0c00000,0x00000000a9a7a500,0x00000000aeb80000)
 Metaspace       used 17600K, capacity 17825K, committed 18048K, reserved 1064960K
  class space    used 1734K, capacity 1793K, committed 1920K, reserved 1048576K
GC Heap History (10 events):
Event: 3.790 GC heap before
{Heap before GC invocations=13 (full 3):
 PSYoungGen      total 197632K, used 19660K [0x00000000e0400000, 0x00000000f0000000, 0x0000000100000000)
  eden space 145408K, 0% used [0x00000000e0400000,0x00000000e0400000,0x00000000e9200000)
  from space 52224K, 37% used [0x00000000ecd00000,0x00000000ee033100,0x00000000f0000000)
  to   space 56320K, 0% used [0x00000000e9200000,0x00000000e9200000,0x00000000ec900000)
 ParOldGen       total 153600K, used 136210K [0x00000000a0c00000, 0x00000000aa200000, 0x00000000e0400000)
  object space 153600K, 88% used [0x00000000a0c00000,0x00000000a91049a8,0x00000000aa200000)
 Metaspace       used 17435K, capacity 17633K, committed 17792K, reserved 1064960K
  class space    used 1723K, capacity 1793K, committed 1920K, reserved 1048576K
Event: 3.892 GC heap after
Heap after GC invocations=13 (full 3):
 PSYoungGen      total 197632K, used 0K [0x00000000e0400000, 0x00000000f0000000, 0x0000000100000000)
  eden space 145408K, 0% used [0x00000000e0400000,0x00000000e0400000,0x00000000e9200000)
  from space 52224K, 0% used [0x00000000ecd00000,0x00000000ecd00000,0x00000000f0000000)
  to   space 56320K, 0% used [0x00000000e9200000,0x00000000e9200000,0x00000000ec900000)
 ParOldGen       total 228864K, used 145865K [0x00000000a0c00000, 0x00000000aeb80000, 0x00000000e0400000)
  object space 228864K, 63% used [0x00000000a0c00000,0x00000000a9a72500,0x00000000aeb80000)
 Metaspace       used 17435K, capacity 17633K, committed 17792K, reserved 1064960K
  class space    used 1723K, capacity 1793K, committed 1920K, reserved 1048576K
}
Event: 4.361 GC heap before
{Heap before GC invocations=14 (full 3):
 PSYoungGen      total 197632K, used 145050K [0x00000000e0400000, 0x00000000f0000000, 0x0000000100000000)
  eden space 145408K, 99% used [0x00000000e0400000,0x00000000e91a6ac0,0x00000000e9200000)
  from space 52224K, 0% used [0x00000000ecd00000,0x00000000ecd00000,0x00000000f0000000)
  to   space 56320K, 0% used [0x00000000e9200000,0x00000000e9200000,0x00000000ec900000)
 ParOldGen       total 228864K, used 145865K [0x00000000a0c00000, 0x00000000aeb80000, 0x00000000e0400000)
  object space 228864K, 63% used [0x00000000a0c00000,0x00000000a9a72500,0x00000000aeb80000)
 Metaspace       used 17477K, capacity 17697K, committed 18048K, reserved 1064960K
  class space    used 1723K, capacity 1793K, committed 1920K, reserved 1048576K
Event: 4.365 GC heap after
Heap after GC invocations=14 (full 3):
 PSYoungGen      total 201728K, used 17272K [0x00000000e0400000, 0x00000000f2180000, 0x0000000100000000)
  eden space 145408K, 0% used [0x00000000e0400000,0x00000000e0400000,0x00000000e9200000)
  from space 56320K, 30% used [0x00000000e9200000,0x00000000ea2de030,0x00000000ec900000)
  to   space 53760K, 0% used [0x00000000eed00000,0x00000000eed00000,0x00000000f2180000)
 ParOldGen       total 228864K, used 145873K [0x00000000a0c00000, 0x00000000aeb80000, 0x00000000e0400000)
  object space 228864K, 63% used [0x00000000a0c00000,0x00000000a9a74500,0x00000000aeb80000)
 Metaspace       used 17477K, capacity 17697K, committed 18048K, reserved 1064960K
  class space    used 1723K, capacity 1793K, committed 1920K, reserved 1048576K
}
Event: 4.891 GC heap before
{Heap before GC invocations=15 (full 3):
 PSYoungGen      total 201728K, used 154753K [0x00000000e0400000, 0x00000000f2180000, 0x0000000100000000)
  eden space 145408K, 94% used [0x00000000e0400000,0x00000000e8a42738,0x00000000e9200000)
  from space 56320K, 30% used [0x00000000e9200000,0x00000000ea2de030,0x00000000ec900000)
  to   space 53760K, 0% used [0x00000000eed00000,0x00000000eed00000,0x00000000f2180000)
 ParOldGen       total 228864K, used 145873K [0x00000000a0c00000, 0x00000000aeb80000, 0x00000000e0400000)
  object space 228864K, 63% used [0x00000000a0c00000,0x00000000a9a74500,0x00000000aeb80000)
 Metaspace       used 17518K, capacity 17761K, committed 18048K, reserved 1064960K
  class space    used 1723K, capacity 1793K, committed 1920K, reserved 1048576K
Event: 4.896 GC heap after
Heap after GC invocations=15 (full 3):
 PSYoungGen      total 226304K, used 9076K [0x00000000e0400000, 0x00000000f1b00000, 0x0000000100000000)
  eden space 179200K, 0% used [0x00000000e0400000,0x00000000e0400000,0x00000000eb300000)
  from space 47104K, 19% used [0x00000000eed00000,0x00000000ef5dd020,0x00000000f1b00000)
  to   space 53248K, 0% used [0x00000000eb300000,0x00000000eb300000,0x00000000ee700000)
 ParOldGen       total 228864K, used 145881K [0x00000000a0c00000, 0x00000000aeb80000, 0x00000000e0400000)
  object space 228864K, 63% used [0x00000000a0c00000,0x00000000a9a76500,0x00000000aeb80000)
 Metaspace       used 17518K, capacity 17761K, committed 18048K, reserved 1064960K
  class space    used 1723K, capacity 1793K, committed 1920K, reserved 1048576K
}
Event: 5.524 GC heap before
{Heap before GC invocations=16 (full 3):
 PSYoungGen      total 226304K, used 181183K [0x00000000e0400000, 0x00000000f1b00000, 0x0000000100000000)
  eden space 179200K, 96% used [0x00000000e0400000,0x00000000eac12eb0,0x00000000eb300000)
  from space 47104K, 19% used [0x00000000eed00000,0x00000000ef5dd020,0x00000000f1b00000)
  to   space 53248K, 0% used [0x00000000eb300000,0x00000000eb300000,0x00000000ee700000)
 ParOldGen       total 228864K, used 145881K [0x00000000a0c00000, 0x00000000aeb80000, 0x00000000e0400000)
  object space 228864K, 63% used [0x00000000a0c00000,0x00000000a9a76500,0x00000000aeb80000)
 Metaspace       used 17534K, capacity 17761K, committed 18048K, reserved 1064960K
  class space    used 1723K, capacity 1793K, committed 1920K, reserved 1048576K
Event: 5.526 GC heap after
Heap after GC invocations=16 (full 3):
 PSYoungGen      total 232448K, used 9140K [0x00000000e0400000, 0x00000000f3b00000, 0x0000000100000000)
  eden space 179200K, 0% used [0x00000000e0400000,0x00000000e0400000,0x00000000eb300000)
  from space 53248K, 17% used [0x00000000eb300000,0x00000000ebbed020,0x00000000ee700000)
  to   space 52224K, 0% used [0x00000000f0800000,0x00000000f0800000,0x00000000f3b00000)
 ParOldGen       total 228864K, used 145889K [0x00000000a0c00000, 0x00000000aeb80000, 0x00000000e0400000)
  object space 228864K, 63% used [0x00000000a0c00000,0x00000000a9a78500,0x00000000aeb80000)
 Metaspace       used 17534K, capacity 17761K, committed 18048K, reserved 1064960K
  class space    used 1723K, capacity 1793K, committed 1920K, reserved 1048576K
}
Event: 6.160 GC heap before
{Heap before GC invocations=17 (full 3):
 PSYoungGen      total 232448K, used 180389K [0x00000000e0400000, 0x00000000f3b00000, 0x0000000100000000)
  eden space 179200K, 95% used [0x00000000e0400000,0x00000000eab3c458,0x00000000eb300000)
  from space 53248K, 17% used [0x00000000eb300000,0x00000000ebbed020,0x00000000ee700000)
  to   space 52224K, 0% used [0x00000000f0800000,0x00000000f0800000,0x00000000f3b00000)
 ParOldGen       total 228864K, used 145889K [0x00000000a0c00000, 0x00000000aeb80000, 0x00000000e0400000)
  object space 228864K, 63% used [0x00000000a0c00000,0x00000000a9a78500,0x00000000aeb80000)
 Metaspace       used 17562K, capacity 17825K, committed 18048K, reserved 1064960K
  class space    used 1723K, capacity 1793K, committed 1920K, reserved 1048576K
Event: 6.165 GC heap after
Heap after GC invocations=17 (full 3):
 PSYoungGen      total 253952K, used 9108K [0x00000000e0400000, 0x00000000f3400000, 0x0000000100000000)
  eden space 208896K, 0% used [0x00000000e0400000,0x00000000e0400000,0x00000000ed000000)
  from space 45056K, 20% used [0x00000000f0800000,0x00000000f10e5020,0x00000000f3400000)
  to   space 51200K, 0% used [0x00000000ed000000,0x00000000ed000000,0x00000000f0200000)
 ParOldGen       total 228864K, used 145897K [0x00000000a0c00000, 0x00000000aeb80000, 0x00000000e0400000)
  object space 228864K, 63% used [0x00000000a0c00000,0x00000000a9a7a500,0x00000000aeb80000)
 Metaspace       used 17562K, capacity 17825K, committed 18048K, reserved 1064960K
  class space    used 1723K, capacity 1793K, committed 1920K, reserved 1048576K
}

