# JRE version: Java(TM) SE Runtime Environment (8.0_25-b18) (build 1.8.0_25-b18)
# Java VM: Java HotSpot(TM) 64-Bit Server VM (25.25-b02 mixed mode windows-amd64 compressed oops)
Heap:
 PSYoungGen      total 355328K, used 269520K [0x00000000e0400000, 0x00000000f6d00000, 0x0000000100000000)
  eden space 343040K, 78% used [0x00000000e0400000,0x00000000f0b0c028,0x00000000f5300000)
  from space 12288K, 1% used [0x00000000f6100000,0x00000000f6128000,0x00000000f6d00000)
  to   space 13312K, 0% used [0x00000000f5300000,0x00000000f5300000,0x00000000f6000000)
 ParOldGen       total 227840K, used 155384K [0x00000000a0c00000, 0x00000000aea80000, 0x00000000e0400000)
  object space 227840K, 68% used [0x00000000a0c00000,0x00000000aa3be3d0,0x00000000aea80000)
 Metaspace       used 17947K, capacity 18185K, committed 18432K, reserved 1067008K
  class space    used 1717K, capacity 1761K, committed 1792K, reserved 1048576K
GC Heap History (10 events):
Event: 18.256 GC heap before
{Heap before GC invocations=47 (full 3):
 PSYoungGen      total 355840K, used 337056K [0x00000000e0400000, 0x00000000f7280000, 0x0000000100000000)
  eden space 336896K, 100% used [0x00000000e0400000,0x00000000f4d00000,0x00000000f4d00000)
  from space 18944K, 0% used [0x00000000f4d00000,0x00000000f4d28000,0x00000000f5f80000)
  to   space 17920K, 0% used [0x00000000f6100000,0x00000000f6100000,0x00000000f7280000)
 ParOldGen       total 227840K, used 155336K [0x00000000a0c00000, 0x00000000aea80000, 0x00000000e0400000)
  object space 227840K, 68% used [0x00000000a0c00000,0x00000000aa3b23d0,0x00000000aea80000)
 Metaspace       used 17907K, capacity 18185K, committed 18432K, reserved 1067008K
  class space    used 1706K, capacity 1761K, committed 1792K, reserved 1048576K
Event: 18.258 GC heap after
Heap after GC invocations=47 (full 3):
 PSYoungGen      total 355328K, used 160K [0x00000000e0400000, 0x00000000f7080000, 0x0000000100000000)
  eden space 339456K, 0% used [0x00000000e0400000,0x00000000e0400000,0x00000000f4f80000)
  from space 15872K, 1% used [0x00000000f6100000,0x00000000f6128000,0x00000000f7080000)
  to   space 16896K, 0% used [0x00000000f4f80000,0x00000000f4f80000,0x00000000f6000000)
 ParOldGen       total 227840K, used 155344K [0x00000000a0c00000, 0x00000000aea80000, 0x00000000e0400000)
  object space 227840K, 68% used [0x00000000a0c00000,0x00000000aa3b43d0,0x00000000aea80000)
 Metaspace       used 17907K, capacity 18185K, committed 18432K, reserved 1067008K
  class space    used 1706K, capacity 1761K, committed 1792K, reserved 1048576K
}
Event: 18.660 GC heap before
{Heap before GC invocations=48 (full 3):
 PSYoungGen      total 355328K, used 339616K [0x00000000e0400000, 0x00000000f7080000, 0x0000000100000000)
  eden space 339456K, 100% used [0x00000000e0400000,0x00000000f4f80000,0x00000000f4f80000)
  from space 15872K, 1% used [0x00000000f6100000,0x00000000f6128000,0x00000000f7080000)
  to   space 16896K, 0% used [0x00000000f4f80000,0x00000000f4f80000,0x00000000f6000000)
 ParOldGen       total 227840K, used 155344K [0x00000000a0c00000, 0x00000000aea80000, 0x00000000e0400000)
  object space 227840K, 68% used [0x00000000a0c00000,0x00000000aa3b43d0,0x00000000aea80000)
 Metaspace       used 17907K, capacity 18185K, committed 18432K, reserved 1067008K
  class space    used 1706K, capacity 1761K, committed 1792K, reserved 1048576K
Event: 18.661 GC heap after
Heap after GC invocations=48 (full 3):
 PSYoungGen      total 356352K, used 192K [0x00000000e0400000, 0x00000000f7100000, 0x0000000100000000)
  eden space 339456K, 0% used [0x00000000e0400000,0x00000000e0400000,0x00000000f4f80000)
  from space 16896K, 1% used [0x00000000f4f80000,0x00000000f4fb0000,0x00000000f6000000)
  to   space 15872K, 0% used [0x00000000f6180000,0x00000000f6180000,0x00000000f7100000)
 ParOldGen       total 227840K, used 155344K [0x00000000a0c00000, 0x00000000aea80000, 0x00000000e0400000)
  object space 227840K, 68% used [0x00000000a0c00000,0x00000000aa3b43d0,0x00000000aea80000)
 Metaspace       used 17907K, capacity 18185K, committed 18432K, reserved 1067008K
  class space    used 1706K, capacity 1761K, committed 1792K, reserved 1048576K
}
Event: 19.447 GC heap before
{Heap before GC invocations=49 (full 3):
 PSYoungGen      total 356352K, used 333604K [0x00000000e0400000, 0x00000000f7100000, 0x0000000100000000)
  eden space 339456K, 98% used [0x00000000e0400000,0x00000000f49992f0,0x00000000f4f80000)
  from space 16896K, 1% used [0x00000000f4f80000,0x00000000f4fb0000,0x00000000f6000000)
  to   space 15872K, 0% used [0x00000000f6180000,0x00000000f6180000,0x00000000f7100000)
 ParOldGen       total 227840K, used 155344K [0x00000000a0c00000, 0x00000000aea80000, 0x00000000e0400000)
  object space 227840K, 68% used [0x00000000a0c00000,0x00000000aa3b43d0,0x00000000aea80000)
 Metaspace       used 17907K, capacity 18185K, committed 18432K, reserved 1067008K
  class space    used 1706K, capacity 1761K, committed 1792K, reserved 1048576K
Event: 19.448 GC heap after
Heap after GC invocations=49 (full 3):
 PSYoungGen      total 355840K, used 160K [0x00000000e0400000, 0x00000000f6f80000, 0x0000000100000000)
  eden space 341504K, 0% used [0x00000000e0400000,0x00000000e0400000,0x00000000f5180000)
  from space 14336K, 1% used [0x00000000f6180000,0x00000000f61a8000,0x00000000f6f80000)
  to   space 15360K, 0% used [0x00000000f5180000,0x00000000f5180000,0x00000000f6080000)
 ParOldGen       total 227840K, used 155360K [0x00000000a0c00000, 0x00000000aea80000, 0x00000000e0400000)
  object space 227840K, 68% used [0x00000000a0c00000,0x00000000aa3b83d0,0x00000000aea80000)
 Metaspace       used 17907K, capacity 18185K, committed 18432K, reserved 1067008K
  class space    used 1706K, capacity 1761K, committed 1792K, reserved 1048576K
}
Event: 20.580 GC heap before
{Heap before GC invocations=50 (full 3):
 PSYoungGen      total 355840K, used 337490K [0x00000000e0400000, 0x00000000f6f80000, 0x0000000100000000)
  eden space 341504K, 98% used [0x00000000e0400000,0x00000000f4d6c978,0x00000000f5180000)
  from space 14336K, 1% used [0x00000000f6180000,0x00000000f61a8000,0x00000000f6f80000)
  to   space 15360K, 0% used [0x00000000f5180000,0x00000000f5180000,0x00000000f6080000)
 ParOldGen       total 227840K, used 155360K [0x00000000a0c00000, 0x00000000aea80000, 0x00000000e0400000)
  object space 227840K, 68% used [0x00000000a0c00000,0x00000000aa3b83d0,0x00000000aea80000)
 Metaspace       used 17907K, capacity 18185K, committed 18432K, reserved 1067008K
  class space    used 1706K, capacity 1761K, committed 1792K, reserved 1048576K
Event: 20.581 GC heap after
Heap after GC invocations=50 (full 3):
 PSYoungGen      total 356864K, used 160K [0x00000000e0400000, 0x00000000f6f00000, 0x0000000100000000)
  eden space 341504K, 0% used [0x00000000e0400000,0x00000000e0400000,0x00000000f5180000)
  from space 15360K, 1% used [0x00000000f5180000,0x00000000f51a8000,0x00000000f6080000)
  to   space 14336K, 0% used [0x00000000f6100000,0x00000000f6100000,0x00000000f6f00000)
 ParOldGen       total 227840K, used 155384K [0x00000000a0c00000, 0x00000000aea80000, 0x00000000e0400000)
  object space 227840K, 68% used [0x00000000a0c00000,0x00000000aa3be3d0,0x00000000aea80000)
 Metaspace       used 17907K, capacity 18185K, committed 18432K, reserved 1067008K
  class space    used 1706K, capacity 1761K, committed 1792K, reserved 1048576K
}
Event: 21.713 GC heap before
{Heap before GC invocations=51 (full 3):
 PSYoungGen      total 356864K, used 337459K [0x00000000e0400000, 0x00000000f6f00000, 0x0000000100000000)
  eden space 341504K, 98% used [0x00000000e0400000,0x00000000f4d64eb8,0x00000000f5180000)
  from space 15360K, 1% used [0x00000000f5180000,0x00000000f51a8000,0x00000000f6080000)
  to   space 14336K, 0% used [0x00000000f6100000,0x00000000f6100000,0x00000000f6f00000)
 ParOldGen       total 227840K, used 155384K [0x00000000a0c00000, 0x00000000aea80000, 0x00000000e0400000)
  object space 227840K, 68% used [0x00000000a0c00000,0x00000000aa3be3d0,0x00000000aea80000)
 Metaspace       used 17908K, capacity 18185K, committed 18432K, reserved 1067008K
  class space    used 1706K, capacity 1761K, committed 1792K, reserved 1048576K
Event: 21.714 GC heap after
Heap after GC invocations=51 (full 3):
 PSYoungGen      total 355328K, used 160K [0x00000000e0400000, 0x00000000f6d00000, 0x0000000100000000)
  eden space 343040K, 0% used [0x00000000e0400000,0x00000000e0400000,0x00000000f5300000)
  from space 12288K, 1% used [0x00000000f6100000,0x00000000f6128000,0x00000000f6d00000)
  to   space 13312K, 0% used [0x00000000f5300000,0x00000000f5300000,0x00000000f6000000)
 ParOldGen       total 227840K, used 155384K [0x00000000a0c00000, 0x00000000aea80000, 0x00000000e0400000)
  object space 227840K, 68% used [0x00000000a0c00000,0x00000000aa3be3d0,0x00000000aea80000)
 Metaspace       used 17908K, capacity 18185K, committed 18432K, reserved 1067008K
  class space    used 1706K, capacity 1761K, committed 1792K, reserved 1048576K
}

