# JRE version: Java(TM) SE Runtime Environment (8.0_25-b18) (build 1.8.0_25-b18)
# Java VM: Java HotSpot(TM) 64-Bit Server VM (25.25-b02 mixed mode windows-amd64 compressed oops)
Heap:
 PSYoungGen      total 492544K, used 77148K [0x00000000e0400000, 0x00000000fe780000, 0x0000000100000000)
  eden space 492032K, 15% used [0x00000000e0400000,0x00000000e4f3f160,0x00000000fe480000)
  from space 512K, 18% used [0x00000000fe480000,0x00000000fe498000,0x00000000fe500000)
  to   space 512K, 0% used [0x00000000fe700000,0x00000000fe700000,0x00000000fe780000)
 ParOldGen       total 237056K, used 163672K [0x00000000a0c00000, 0x00000000af380000, 0x00000000e0400000)
  object space 237056K, 69% used [0x00000000a0c00000,0x00000000aabd6158,0x00000000af380000)
 Metaspace       used 18514K, capacity 18729K, committed 19072K, reserved 1067008K
  class space    used 1754K, capacity 1793K, committed 1920K, reserved 1048576K
GC Heap History (10 events):
Event: 83.617 GC heap before
{Heap before GC invocations=142 (full 3):
 PSYoungGen      total 486912K, used 485888K [0x00000000e0400000, 0x00000000fe100000, 0x0000000100000000)
  eden space 485888K, 100% used [0x00000000e0400000,0x00000000fde80000,0x00000000fde80000)
  from space 1024K, 0% used [0x00000000fdf80000,0x00000000fdf80000,0x00000000fe080000)
  to   space 1024K, 0% used [0x00000000fde80000,0x00000000fde80000,0x00000000fdf80000)
 ParOldGen       total 237056K, used 163672K [0x00000000a0c00000, 0x00000000af380000, 0x00000000e0400000)
  object space 237056K, 69% used [0x00000000a0c00000,0x00000000aabd6158,0x00000000af380000)
 Metaspace       used 18479K, capacity 18665K, committed 18816K, reserved 1067008K
  class space    used 1742K, capacity 1793K, committed 1920K, reserved 1048576K
Event: 83.618 GC heap after
Heap after GC invocations=142 (full 3):
 PSYoungGen      total 486912K, used 160K [0x00000000e0400000, 0x00000000fe280000, 0x0000000100000000)
  eden space 485888K, 0% used [0x00000000e0400000,0x00000000e0400000,0x00000000fde80000)
  from space 1024K, 15% used [0x00000000fde80000,0x00000000fdea8000,0x00000000fdf80000)
  to   space 512K, 0% used [0x00000000fe200000,0x00000000fe200000,0x00000000fe280000)
 ParOldGen       total 237056K, used 163672K [0x00000000a0c00000, 0x00000000af380000, 0x00000000e0400000)
  object space 237056K, 69% used [0x00000000a0c00000,0x00000000aabd6158,0x00000000af380000)
 Metaspace       used 18479K, capacity 18665K, committed 18816K, reserved 1067008K
  class space    used 1742K, capacity 1793K, committed 1920K, reserved 1048576K
}
Event: 84.173 GC heap before
{Heap before GC invocations=143 (full 3):
 PSYoungGen      total 486912K, used 486048K [0x00000000e0400000, 0x00000000fe280000, 0x0000000100000000)
  eden space 485888K, 100% used [0x00000000e0400000,0x00000000fde80000,0x00000000fde80000)
  from space 1024K, 15% used [0x00000000fde80000,0x00000000fdea8000,0x00000000fdf80000)
  to   space 512K, 0% used [0x00000000fe200000,0x00000000fe200000,0x00000000fe280000)
 ParOldGen       total 237056K, used 163672K [0x00000000a0c00000, 0x00000000af380000, 0x00000000e0400000)
  object space 237056K, 69% used [0x00000000a0c00000,0x00000000aabd6158,0x00000000af380000)
 Metaspace       used 18479K, capacity 18665K, committed 18816K, reserved 1067008K
  class space    used 1742K, capacity 1793K, committed 1920K, reserved 1048576K
Event: 84.174 GC heap after
Heap after GC invocations=143 (full 3):
 PSYoungGen      total 489472K, used 128K [0x00000000e0400000, 0x00000000fe280000, 0x0000000100000000)
  eden space 488960K, 0% used [0x00000000e0400000,0x00000000e0400000,0x00000000fe180000)
  from space 512K, 25% used [0x00000000fe200000,0x00000000fe220000,0x00000000fe280000)
  to   space 512K, 0% used [0x00000000fe180000,0x00000000fe180000,0x00000000fe200000)
 ParOldGen       total 237056K, used 163672K [0x00000000a0c00000, 0x00000000af380000, 0x00000000e0400000)
  object space 237056K, 69% used [0x00000000a0c00000,0x00000000aabd6158,0x00000000af380000)
 Metaspace       used 18479K, capacity 18665K, committed 18816K, reserved 1067008K
  class space    used 1742K, capacity 1793K, committed 1920K, reserved 1048576K
}
Event: 84.746 GC heap before
{Heap before GC invocations=144 (full 3):
 PSYoungGen      total 489472K, used 489088K [0x00000000e0400000, 0x00000000fe280000, 0x0000000100000000)
  eden space 488960K, 100% used [0x00000000e0400000,0x00000000fe180000,0x00000000fe180000)
  from space 512K, 25% used [0x00000000fe200000,0x00000000fe220000,0x00000000fe280000)
  to   space 512K, 0% used [0x00000000fe180000,0x00000000fe180000,0x00000000fe200000)
 ParOldGen       total 237056K, used 163672K [0x00000000a0c00000, 0x00000000af380000, 0x00000000e0400000)
  object space 237056K, 69% used [0x00000000a0c00000,0x00000000aabd6158,0x00000000af380000)
 Metaspace       used 18479K, capacity 18665K, committed 18816K, reserved 1067008K
  class space    used 1742K, capacity 1793K, committed 1920K, reserved 1048576K
Event: 84.747 GC heap after
Heap after GC invocations=144 (full 3):
 PSYoungGen      total 489472K, used 160K [0x00000000e0400000, 0x00000000fe580000, 0x0000000100000000)
  eden space 488960K, 0% used [0x00000000e0400000,0x00000000e0400000,0x00000000fe180000)
  from space 512K, 31% used [0x00000000fe180000,0x00000000fe1a8000,0x00000000fe200000)
  to   space 512K, 0% used [0x00000000fe500000,0x00000000fe500000,0x00000000fe580000)
 ParOldGen       total 237056K, used 163672K [0x00000000a0c00000, 0x00000000af380000, 0x00000000e0400000)
  object space 237056K, 69% used [0x00000000a0c00000,0x00000000aabd6158,0x00000000af380000)
 Metaspace       used 18479K, capacity 18665K, committed 18816K, reserved 1067008K
  class space    used 1742K, capacity 1793K, committed 1920K, reserved 1048576K
}
Event: 85.357 GC heap before
{Heap before GC invocations=145 (full 3):
 PSYoungGen      total 489472K, used 488931K [0x00000000e0400000, 0x00000000fe580000, 0x0000000100000000)
  eden space 488960K, 99% used [0x00000000e0400000,0x00000000fe150fc0,0x00000000fe180000)
  from space 512K, 31% used [0x00000000fe180000,0x00000000fe1a8000,0x00000000fe200000)
  to   space 512K, 0% used [0x00000000fe500000,0x00000000fe500000,0x00000000fe580000)
 ParOldGen       total 237056K, used 163672K [0x00000000a0c00000, 0x00000000af380000, 0x00000000e0400000)
  object space 237056K, 69% used [0x00000000a0c00000,0x00000000aabd6158,0x00000000af380000)
 Metaspace       used 18479K, capacity 18665K, committed 18816K, reserved 1067008K
  class space    used 1742K, capacity 1793K, committed 1920K, reserved 1048576K
Event: 85.358 GC heap after
Heap after GC invocations=145 (full 3):
 PSYoungGen      total 492032K, used 128K [0x00000000e0400000, 0x00000000fe580000, 0x0000000100000000)
  eden space 491520K, 0% used [0x00000000e0400000,0x00000000e0400000,0x00000000fe400000)
  from space 512K, 25% used [0x00000000fe500000,0x00000000fe520000,0x00000000fe580000)
  to   space 512K, 0% used [0x00000000fe480000,0x00000000fe480000,0x00000000fe500000)
 ParOldGen       total 237056K, used 163672K [0x00000000a0c00000, 0x00000000af380000, 0x00000000e0400000)
  object space 237056K, 69% used [0x00000000a0c00000,0x00000000aabd6158,0x00000000af380000)
 Metaspace       used 18479K, capacity 18665K, committed 18816K, reserved 1067008K
  class space    used 1742K, capacity 1793K, committed 1920K, reserved 1048576K
}
Event: 85.953 GC heap before
{Heap before GC invocations=146 (full 3):
 PSYoungGen      total 492032K, used 491648K [0x00000000e0400000, 0x00000000fe580000, 0x0000000100000000)
  eden space 491520K, 100% used [0x00000000e0400000,0x00000000fe400000,0x00000000fe400000)
  from space 512K, 25% used [0x00000000fe500000,0x00000000fe520000,0x00000000fe580000)
  to   space 512K, 0% used [0x00000000fe480000,0x00000000fe480000,0x00000000fe500000)
 ParOldGen       total 237056K, used 163672K [0x00000000a0c00000, 0x00000000af380000, 0x00000000e0400000)
  object space 237056K, 69% used [0x00000000a0c00000,0x00000000aabd6158,0x00000000af380000)
 Metaspace       used 18479K, capacity 18665K, committed 18816K, reserved 1067008K
  class space    used 1742K, capacity 1793K, committed 1920K, reserved 1048576K
Event: 85.954 GC heap after
Heap after GC invocations=146 (full 3):
 PSYoungGen      total 492544K, used 96K [0x00000000e0400000, 0x00000000fe780000, 0x0000000100000000)
  eden space 492032K, 0% used [0x00000000e0400000,0x00000000e0400000,0x00000000fe480000)
  from space 512K, 18% used [0x00000000fe480000,0x00000000fe498000,0x00000000fe500000)
  to   space 512K, 0% used [0x00000000fe700000,0x00000000fe700000,0x00000000fe780000)
 ParOldGen       total 237056K, used 163672K [0x00000000a0c00000, 0x00000000af380000, 0x00000000e0400000)
  object space 237056K, 69% used [0x00000000a0c00000,0x00000000aabd6158,0x00000000af380000)
 Metaspace       used 18479K, capacity 18665K, committed 18816K, reserved 1067008K
  class space    used 1742K, capacity 1793K, committed 1920K, reserved 1048576K
}

