# JRE version: Java(TM) SE Runtime Environment (8.0_25-b18) (build 1.8.0_25-b18)
# Java VM: Java HotSpot(TM) 64-Bit Server VM (25.25-b02 mixed mode windows-amd64 compressed oops)
Heap:
 PSYoungGen      total 475136K, used 17897K [0x00000000e0400000, 0x00000000ff380000, 0x0000000100000000)
  eden space 448000K, 3% used [0x00000000e0400000,0x00000000e14963f0,0x00000000fb980000)
  from space 27136K, 3% used [0x00000000fd900000,0x00000000fd9e4030,0x00000000ff380000)
  to   space 29696K, 0% used [0x00000000fb980000,0x00000000fb980000,0x00000000fd680000)
 ParOldGen       total 207872K, used 155099K [0x00000000a0c00000, 0x00000000ad700000, 0x00000000e0400000)
  object space 207872K, 74% used [0x00000000a0c00000,0x00000000aa376cd0,0x00000000ad700000)
 Metaspace       used 18461K, capacity 18665K, committed 18816K, reserved 1067008K
  class space    used 1757K, capacity 1793K, committed 1920K, reserved 1048576K
GC Heap History (10 events):
Event: 10.924 GC heap before
{Heap before GC invocations=27 (full 3):
 PSYoungGen      total 467968K, used 420668K [0x00000000e0400000, 0x00000000ffe80000, 0x0000000100000000)
  eden space 424960K, 98% used [0x00000000e0400000,0x00000000f9de3368,0x00000000fa300000)
  from space 43008K, 2% used [0x00000000fa300000,0x00000000fa3ec030,0x00000000fcd00000)
  to   space 40448K, 0% used [0x00000000fd700000,0x00000000fd700000,0x00000000ffe80000)
 ParOldGen       total 207872K, used 155059K [0x00000000a0c00000, 0x00000000ad700000, 0x00000000e0400000)
  object space 207872K, 74% used [0x00000000a0c00000,0x00000000aa36ccd0,0x00000000ad700000)
 Metaspace       used 18362K, capacity 18601K, committed 18816K, reserved 1067008K
  class space    used 1757K, capacity 1793K, committed 1920K, reserved 1048576K
Event: 10.926 GC heap after
Heap after GC invocations=27 (full 3):
 PSYoungGen      total 470016K, used 880K [0x00000000e0400000, 0x00000000ff880000, 0x0000000100000000)
  eden space 435712K, 0% used [0x00000000e0400000,0x00000000e0400000,0x00000000fad80000)
  from space 34304K, 2% used [0x00000000fd700000,0x00000000fd7dc030,0x00000000ff880000)
  to   space 38400K, 0% used [0x00000000fad80000,0x00000000fad80000,0x00000000fd300000)
 ParOldGen       total 207872K, used 155067K [0x00000000a0c00000, 0x00000000ad700000, 0x00000000e0400000)
  object space 207872K, 74% used [0x00000000a0c00000,0x00000000aa36ecd0,0x00000000ad700000)
 Metaspace       used 18362K, capacity 18601K, committed 18816K, reserved 1067008K
  class space    used 1757K, capacity 1793K, committed 1920K, reserved 1048576K
}
Event: 11.637 GC heap before
{Heap before GC invocations=28 (full 3):
 PSYoungGen      total 470016K, used 436592K [0x00000000e0400000, 0x00000000ff880000, 0x0000000100000000)
  eden space 435712K, 100% used [0x00000000e0400000,0x00000000fad80000,0x00000000fad80000)
  from space 34304K, 2% used [0x00000000fd700000,0x00000000fd7dc030,0x00000000ff880000)
  to   space 38400K, 0% used [0x00000000fad80000,0x00000000fad80000,0x00000000fd300000)
 ParOldGen       total 207872K, used 155067K [0x00000000a0c00000, 0x00000000ad700000, 0x00000000e0400000)
  object space 207872K, 74% used [0x00000000a0c00000,0x00000000aa36ecd0,0x00000000ad700000)
 Metaspace       used 18379K, capacity 18601K, committed 18816K, reserved 1067008K
  class space    used 1757K, capacity 1793K, committed 1920K, reserved 1048576K
Event: 11.639 GC heap after
Heap after GC invocations=28 (full 3):
 PSYoungGen      total 474112K, used 848K [0x00000000e0400000, 0x00000000ffb00000, 0x0000000100000000)
  eden space 435712K, 0% used [0x00000000e0400000,0x00000000e0400000,0x00000000fad80000)
  from space 38400K, 2% used [0x00000000fad80000,0x00000000fae54030,0x00000000fd300000)
  to   space 35840K, 0% used [0x00000000fd800000,0x00000000fd800000,0x00000000ffb00000)
 ParOldGen       total 207872K, used 155067K [0x00000000a0c00000, 0x00000000ad700000, 0x00000000e0400000)
  object space 207872K, 74% used [0x00000000a0c00000,0x00000000aa36ecd0,0x00000000ad700000)
 Metaspace       used 18379K, capacity 18601K, committed 18816K, reserved 1067008K
  class space    used 1757K, capacity 1793K, committed 1920K, reserved 1048576K
}
Event: 12.319 GC heap before
{Heap before GC invocations=29 (full 3):
 PSYoungGen      total 474112K, used 436560K [0x00000000e0400000, 0x00000000ffb00000, 0x0000000100000000)
  eden space 435712K, 100% used [0x00000000e0400000,0x00000000fad80000,0x00000000fad80000)
  from space 38400K, 2% used [0x00000000fad80000,0x00000000fae54030,0x00000000fd300000)
  to   space 35840K, 0% used [0x00000000fd800000,0x00000000fd800000,0x00000000ffb00000)
 ParOldGen       total 207872K, used 155067K [0x00000000a0c00000, 0x00000000ad700000, 0x00000000e0400000)
  object space 207872K, 74% used [0x00000000a0c00000,0x00000000aa36ecd0,0x00000000ad700000)
 Metaspace       used 18451K, capacity 18665K, committed 18816K, reserved 1067008K
  class space    used 1757K, capacity 1793K, committed 1920K, reserved 1048576K
Event: 12.321 GC heap after
Heap after GC invocations=29 (full 3):
 PSYoungGen      total 473088K, used 880K [0x00000000e0400000, 0x00000000ff600000, 0x0000000100000000)
  eden space 442368K, 0% used [0x00000000e0400000,0x00000000e0400000,0x00000000fb400000)
  from space 30720K, 2% used [0x00000000fd800000,0x00000000fd8dc030,0x00000000ff600000)
  to   space 33792K, 0% used [0x00000000fb400000,0x00000000fb400000,0x00000000fd500000)
 ParOldGen       total 207872K, used 155075K [0x00000000a0c00000, 0x00000000ad700000, 0x00000000e0400000)
  object space 207872K, 74% used [0x00000000a0c00000,0x00000000aa370cd0,0x00000000ad700000)
 Metaspace       used 18451K, capacity 18665K, committed 18816K, reserved 1067008K
  class space    used 1757K, capacity 1793K, committed 1920K, reserved 1048576K
}
Event: 13.016 GC heap before
{Heap before GC invocations=30 (full 3):
 PSYoungGen      total 473088K, used 443248K [0x00000000e0400000, 0x00000000ff600000, 0x0000000100000000)
  eden space 442368K, 100% used [0x00000000e0400000,0x00000000fb400000,0x00000000fb400000)
  from space 30720K, 2% used [0x00000000fd800000,0x00000000fd8dc030,0x00000000ff600000)
  to   space 33792K, 0% used [0x00000000fb400000,0x00000000fb400000,0x00000000fd500000)
 ParOldGen       total 207872K, used 155075K [0x00000000a0c00000, 0x00000000ad700000, 0x00000000e0400000)
  object space 207872K, 74% used [0x00000000a0c00000,0x00000000aa370cd0,0x00000000ad700000)
 Metaspace       used 18458K, capacity 18665K, committed 18816K, reserved 1067008K
  class space    used 1757K, capacity 1793K, committed 1920K, reserved 1048576K
Event: 13.017 GC heap after
Heap after GC invocations=30 (full 3):
 PSYoungGen      total 476160K, used 880K [0x00000000e0400000, 0x00000000ff800000, 0x0000000100000000)
  eden space 442368K, 0% used [0x00000000e0400000,0x00000000e0400000,0x00000000fb400000)
  from space 33792K, 2% used [0x00000000fb400000,0x00000000fb4dc030,0x00000000fd500000)
  to   space 31744K, 0% used [0x00000000fd900000,0x00000000fd900000,0x00000000ff800000)
 ParOldGen       total 207872K, used 155083K [0x00000000a0c00000, 0x00000000ad700000, 0x00000000e0400000)
  object space 207872K, 74% used [0x00000000a0c00000,0x00000000aa372cd0,0x00000000ad700000)
 Metaspace       used 18458K, capacity 18665K, committed 18816K, reserved 1067008K
  class space    used 1757K, capacity 1793K, committed 1920K, reserved 1048576K
}
Event: 13.716 GC heap before
{Heap before GC invocations=31 (full 3):
 PSYoungGen      total 476160K, used 443248K [0x00000000e0400000, 0x00000000ff800000, 0x0000000100000000)
  eden space 442368K, 100% used [0x00000000e0400000,0x00000000fb400000,0x00000000fb400000)
  from space 33792K, 2% used [0x00000000fb400000,0x00000000fb4dc030,0x00000000fd500000)
  to   space 31744K, 0% used [0x00000000fd900000,0x00000000fd900000,0x00000000ff800000)
 ParOldGen       total 207872K, used 155083K [0x00000000a0c00000, 0x00000000ad700000, 0x00000000e0400000)
  object space 207872K, 74% used [0x00000000a0c00000,0x00000000aa372cd0,0x00000000ad700000)
 Metaspace       used 18460K, capacity 18665K, committed 18816K, reserved 1067008K
  class space    used 1757K, capacity 1793K, committed 1920K, reserved 1048576K
Event: 13.718 GC heap after
Heap after GC invocations=31 (full 3):
 PSYoungGen      total 475136K, used 912K [0x00000000e0400000, 0x00000000ff380000, 0x0000000100000000)
  eden space 448000K, 0% used [0x00000000e0400000,0x00000000e0400000,0x00000000fb980000)
  from space 27136K, 3% used [0x00000000fd900000,0x00000000fd9e4030,0x00000000ff380000)
  to   space 29696K, 0% used [0x00000000fb980000,0x00000000fb980000,0x00000000fd680000)
 ParOldGen       total 207872K, used 155099K [0x00000000a0c00000, 0x00000000ad700000, 0x00000000e0400000)
  object space 207872K, 74% used [0x00000000a0c00000,0x00000000aa376cd0,0x00000000ad700000)
 Metaspace       used 18460K, capacity 18665K, committed 18816K, reserved 1067008K
  class space    used 1757K, capacity 1793K, committed 1920K, reserved 1048576K
}

