# JRE version: Java(TM) SE Runtime Environment (8.0_25-b18) (build 1.8.0_25-b18)
# Java VM: Java HotSpot(TM) 64-Bit Server VM (25.25-b02 mixed mode windows-amd64 compressed oops)
Heap:
 PSYoungGen      total 204800K, used 99396K [0x00000000e0400000, 0x00000000f0900000, 0x0000000100000000)
  eden space 153600K, 64% used [0x00000000e0400000,0x00000000e65110f0,0x00000000e9a00000)
  from space 51200K, 0% used [0x00000000ed700000,0x00000000ed700000,0x00000000f0900000)
  to   space 56832K, 0% used [0x00000000e9a00000,0x00000000e9a00000,0x00000000ed180000)
 ParOldGen       total 227840K, used 145864K [0x00000000a0c00000, 0x00000000aea80000, 0x00000000e0400000)
  object space 227840K, 64% used [0x00000000a0c00000,0x00000000a9a722c8,0x00000000aea80000)
 Metaspace       used 17560K, capacity 17761K, committed 18048K, reserved 1064960K
  class space    used 1735K, capacity 1793K, committed 1920K, reserved 1048576K
GC Heap History (10 events):
Event: 2.270 GC heap before
{Heap before GC invocations=9 (full 2):
 PSYoungGen      total 108032K, used 107660K [0x00000000e0400000, 0x00000000e9880000, 0x0000000100000000)
  eden space 82432K, 100% used [0x00000000e0400000,0x00000000e5480000,0x00000000e5480000)
  from space 25600K, 98% used [0x00000000e7f80000,0x00000000e9823020,0x00000000e9880000)
  to   space 34816K, 0% used [0x00000000e5480000,0x00000000e5480000,0x00000000e7680000)
 ParOldGen       total 154624K, used 83635K [0x00000000a0c00000, 0x00000000aa300000, 0x00000000e0400000)
  object space 154624K, 54% used [0x00000000a0c00000,0x00000000a5dacc78,0x00000000aa300000)
 Metaspace       used 16859K, capacity 17083K, committed 17152K, reserved 1064960K
  class space    used 1693K, capacity 1760K, committed 1792K, reserved 1048576K
Event: 2.280 GC heap after
Heap after GC invocations=9 (full 2):
 PSYoungGen      total 117248K, used 19784K [0x00000000e0400000, 0x00000000ec900000, 0x0000000100000000)
  eden space 82432K, 0% used [0x00000000e0400000,0x00000000e0400000,0x00000000e5480000)
  from space 34816K, 56% used [0x00000000e5480000,0x00000000e67d2308,0x00000000e7680000)
  to   space 34304K, 0% used [0x00000000ea780000,0x00000000ea780000,0x00000000ec900000)
 ParOldGen       total 154624K, used 83643K [0x00000000a0c00000, 0x00000000aa300000, 0x00000000e0400000)
  object space 154624K, 54% used [0x00000000a0c00000,0x00000000a5daec78,0x00000000aa300000)
 Metaspace       used 16859K, capacity 17083K, committed 17152K, reserved 1064960K
  class space    used 1693K, capacity 1760K, committed 1792K, reserved 1048576K
}
Event: 2.515 GC heap before
{Heap before GC invocations=10 (full 2):
 PSYoungGen      total 117248K, used 101655K [0x00000000e0400000, 0x00000000ec900000, 0x0000000100000000)
  eden space 82432K, 99% used [0x00000000e0400000,0x00000000e53f3b20,0x00000000e5480000)
  from space 34816K, 56% used [0x00000000e5480000,0x00000000e67d2308,0x00000000e7680000)
  to   space 34304K, 0% used [0x00000000ea780000,0x00000000ea780000,0x00000000ec900000)
 ParOldGen       total 154624K, used 83643K [0x00000000a0c00000, 0x00000000aa300000, 0x00000000e0400000)
  object space 154624K, 54% used [0x00000000a0c00000,0x00000000a5daec78,0x00000000aa300000)
 Metaspace       used 16903K, capacity 17147K, committed 17408K, reserved 1064960K
  class space    used 1693K, capacity 1760K, committed 1792K, reserved 1048576K
Event: 2.539 GC heap after
Heap after GC invocations=10 (full 2):
 PSYoungGen      total 154112K, used 34302K [0x00000000e0400000, 0x00000000ee000000, 0x0000000100000000)
  eden space 119808K, 0% used [0x00000000e0400000,0x00000000e0400000,0x00000000e7900000)
  from space 34304K, 99% used [0x00000000ea780000,0x00000000ec8ffbf0,0x00000000ec900000)
  to   space 47616K, 0% used [0x00000000e7900000,0x00000000e7900000,0x00000000ea780000)
 ParOldGen       total 154624K, used 100227K [0x00000000a0c00000, 0x00000000aa300000, 0x00000000e0400000)
  object space 154624K, 64% used [0x00000000a0c00000,0x00000000a6de0c78,0x00000000aa300000)
 Metaspace       used 16903K, capacity 17147K, committed 17408K, reserved 1064960K
  class space    used 1693K, capacity 1760K, committed 1792K, reserved 1048576K
}
Event: 3.293 GC heap before
{Heap before GC invocations=11 (full 2):
 PSYoungGen      total 154112K, used 152237K [0x00000000e0400000, 0x00000000ee000000, 0x0000000100000000)
  eden space 119808K, 98% used [0x00000000e0400000,0x00000000e772bbc0,0x00000000e7900000)
  from space 34304K, 99% used [0x00000000ea780000,0x00000000ec8ffbf0,0x00000000ec900000)
  to   space 47616K, 0% used [0x00000000e7900000,0x00000000e7900000,0x00000000ea780000)
 ParOldGen       total 154624K, used 100227K [0x00000000a0c00000, 0x00000000aa300000, 0x00000000e0400000)
  object space 154624K, 64% used [0x00000000a0c00000,0x00000000a6de0c78,0x00000000aa300000)
 Metaspace       used 17353K, capacity 17563K, committed 17792K, reserved 1064960K
  class space    used 1723K, capacity 1792K, committed 1920K, reserved 1048576K
Event: 3.313 GC heap after
Heap after GC invocations=11 (full 2):
 PSYoungGen      total 167424K, used 47605K [0x00000000e0400000, 0x00000000f1080000, 0x0000000100000000)
  eden space 119808K, 0% used [0x00000000e0400000,0x00000000e0400000,0x00000000e7900000)
  from space 47616K, 99% used [0x00000000e7900000,0x00000000ea77d688,0x00000000ea780000)
  to   space 58880K, 0% used [0x00000000ed700000,0x00000000ed700000,0x00000000f1080000)
 ParOldGen       total 154624K, used 108893K [0x00000000a0c00000, 0x00000000aa300000, 0x00000000e0400000)
  object space 154624K, 70% used [0x00000000a0c00000,0x00000000a7657780,0x00000000aa300000)
 Metaspace       used 17353K, capacity 17563K, committed 17792K, reserved 1064960K
  class space    used 1723K, capacity 1792K, committed 1920K, reserved 1048576K
}
Event: 3.695 GC heap before
{Heap before GC invocations=12 (full 2):
 PSYoungGen      total 167424K, used 162526K [0x00000000e0400000, 0x00000000f1080000, 0x0000000100000000)
  eden space 119808K, 95% used [0x00000000e0400000,0x00000000e743a420,0x00000000e7900000)
  from space 47616K, 99% used [0x00000000e7900000,0x00000000ea77d688,0x00000000ea780000)
  to   space 58880K, 0% used [0x00000000ed700000,0x00000000ed700000,0x00000000f1080000)
 ParOldGen       total 154624K, used 108893K [0x00000000a0c00000, 0x00000000aa300000, 0x00000000e0400000)
  object space 154624K, 70% used [0x00000000a0c00000,0x00000000a7657780,0x00000000aa300000)
 Metaspace       used 17479K, capacity 17761K, committed 18048K, reserved 1064960K
  class space    used 1723K, capacity 1793K, committed 1920K, reserved 1048576K
Event: 3.716 GC heap after
Heap after GC invocations=12 (full 2):
 PSYoungGen      total 204800K, used 16204K [0x00000000e0400000, 0x00000000f0900000, 0x0000000100000000)
  eden space 153600K, 0% used [0x00000000e0400000,0x00000000e0400000,0x00000000e9a00000)
  from space 51200K, 31% used [0x00000000ed700000,0x00000000ee6d3100,0x00000000f0900000)
  to   space 56832K, 0% used [0x00000000e9a00000,0x00000000e9a00000,0x00000000ed180000)
 ParOldGen       total 154624K, used 140633K [0x00000000a0c00000, 0x00000000aa300000, 0x00000000e0400000)
  object space 154624K, 90% used [0x00000000a0c00000,0x00000000a95564d8,0x00000000aa300000)
 Metaspace       used 17479K, capacity 17761K, committed 18048K, reserved 1064960K
  class space    used 1723K, capacity 1793K, committed 1920K, reserved 1048576K
}
Event: 3.716 GC heap before
{Heap before GC invocations=13 (full 3):
 PSYoungGen      total 204800K, used 16204K [0x00000000e0400000, 0x00000000f0900000, 0x0000000100000000)
  eden space 153600K, 0% used [0x00000000e0400000,0x00000000e0400000,0x00000000e9a00000)
  from space 51200K, 31% used [0x00000000ed700000,0x00000000ee6d3100,0x00000000f0900000)
  to   space 56832K, 0% used [0x00000000e9a00000,0x00000000e9a00000,0x00000000ed180000)
 ParOldGen       total 154624K, used 140633K [0x00000000a0c00000, 0x00000000aa300000, 0x00000000e0400000)
  object space 154624K, 90% used [0x00000000a0c00000,0x00000000a95564d8,0x00000000aa300000)
 Metaspace       used 17479K, capacity 17761K, committed 18048K, reserved 1064960K
  class space    used 1723K, capacity 1793K, committed 1920K, reserved 1048576K
Event: 3.832 GC heap after
Heap after GC invocations=13 (full 3):
 PSYoungGen      total 204800K, used 0K [0x00000000e0400000, 0x00000000f0900000, 0x0000000100000000)
  eden space 153600K, 0% used [0x00000000e0400000,0x00000000e0400000,0x00000000e9a00000)
  from space 51200K, 0% used [0x00000000ed700000,0x00000000ed700000,0x00000000f0900000)
  to   space 56832K, 0% used [0x00000000e9a00000,0x00000000e9a00000,0x00000000ed180000)
 ParOldGen       total 227840K, used 145864K [0x00000000a0c00000, 0x00000000aea80000, 0x00000000e0400000)
  object space 227840K, 64% used [0x00000000a0c00000,0x00000000a9a722c8,0x00000000aea80000)
 Metaspace       used 17479K, capacity 17761K, committed 18048K, reserved 1064960K
  class space    used 1723K, capacity 1793K, committed 1920K, reserved 1048576K
}

