# JRE version: Java(TM) SE Runtime Environment (8.0_25-b18) (build 1.8.0_25-b18)
# Java VM: Java HotSpot(TM) 64-Bit Server VM (25.25-b02 mixed mode windows-amd64 compressed oops)
Heap:
 PSYoungGen      total 297984K, used 168800K [0x00000000e0400000, 0x00000000f5980000, 0x0000000100000000)
  eden space 254464K, 62% used [0x00000000e0400000,0x00000000e9e34178,0x00000000efc80000)
  from space 43520K, 25% used [0x00000000efc80000,0x00000000f0724110,0x00000000f2700000)
  to   space 41984K, 0% used [0x00000000f3080000,0x00000000f3080000,0x00000000f5980000)
 ParOldGen       total 227840K, used 145075K [0x00000000a0c00000, 0x00000000aea80000, 0x00000000e0400000)
  object space 227840K, 63% used [0x00000000a0c00000,0x00000000a99acd28,0x00000000aea80000)
 Metaspace       used 18213K, capacity 18409K, committed 18560K, reserved 1067008K
  class space    used 1754K, capacity 1793K, committed 1920K, reserved 1048576K
GC Heap History (10 events):
Event: 5.805 GC heap before
{Heap before GC invocations=18 (full 3):
 PSYoungGen      total 260096K, used 219207K [0x00000000e0400000, 0x00000000f3b80000, 0x0000000100000000)
  eden space 216576K, 96% used [0x00000000e0400000,0x00000000ed020550,0x00000000ed780000)
  from space 43520K, 23% used [0x00000000f1100000,0x00000000f1af1a90,0x00000000f3b80000)
  to   space 51200K, 0% used [0x00000000ed780000,0x00000000ed780000,0x00000000f0980000)
 ParOldGen       total 227840K, used 145043K [0x00000000a0c00000, 0x00000000aea80000, 0x00000000e0400000)
  object space 227840K, 63% used [0x00000000a0c00000,0x00000000a99a4d28,0x00000000aea80000)
 Metaspace       used 17935K, capacity 18145K, committed 18304K, reserved 1064960K
  class space    used 1742K, capacity 1793K, committed 1920K, reserved 1048576K
Event: 5.808 GC heap after
Heap after GC invocations=18 (full 3):
 PSYoungGen      total 267776K, used 10976K [0x00000000e0400000, 0x00000000f5480000, 0x0000000100000000)
  eden space 216576K, 0% used [0x00000000e0400000,0x00000000e0400000,0x00000000ed780000)
  from space 51200K, 21% used [0x00000000ed780000,0x00000000ee238100,0x00000000f0980000)
  to   space 49152K, 0% used [0x00000000f2480000,0x00000000f2480000,0x00000000f5480000)
 ParOldGen       total 227840K, used 145051K [0x00000000a0c00000, 0x00000000aea80000, 0x00000000e0400000)
  object space 227840K, 63% used [0x00000000a0c00000,0x00000000a99a6d28,0x00000000aea80000)
 Metaspace       used 17935K, capacity 18145K, committed 18304K, reserved 1064960K
  class space    used 1742K, capacity 1793K, committed 1920K, reserved 1048576K
}
Event: 6.472 GC heap before
{Heap before GC invocations=19 (full 3):
 PSYoungGen      total 267776K, used 221633K [0x00000000e0400000, 0x00000000f5480000, 0x0000000100000000)
  eden space 216576K, 97% used [0x00000000e0400000,0x00000000ed1b8628,0x00000000ed780000)
  from space 51200K, 21% used [0x00000000ed780000,0x00000000ee238100,0x00000000f0980000)
  to   space 49152K, 0% used [0x00000000f2480000,0x00000000f2480000,0x00000000f5480000)
 ParOldGen       total 227840K, used 145051K [0x00000000a0c00000, 0x00000000aea80000, 0x00000000e0400000)
  object space 227840K, 63% used [0x00000000a0c00000,0x00000000a99a6d28,0x00000000aea80000)
 Metaspace       used 18001K, capacity 18209K, committed 18560K, reserved 1067008K
  class space    used 1742K, capacity 1793K, committed 1920K, reserved 1048576K
Event: 6.477 GC heap after
Heap after GC invocations=19 (full 3):
 PSYoungGen      total 281088K, used 10912K [0x00000000e0400000, 0x00000000f4b80000, 0x0000000100000000)
  eden space 241152K, 0% used [0x00000000e0400000,0x00000000e0400000,0x00000000eef80000)
  from space 39936K, 27% used [0x00000000f2480000,0x00000000f2f28100,0x00000000f4b80000)
  to   space 47104K, 0% used [0x00000000eef80000,0x00000000eef80000,0x00000000f1d80000)
 ParOldGen       total 227840K, used 145059K [0x00000000a0c00000, 0x00000000aea80000, 0x00000000e0400000)
  object space 227840K, 63% used [0x00000000a0c00000,0x00000000a99a8d28,0x00000000aea80000)
 Metaspace       used 18001K, capacity 18209K, committed 18560K, reserved 1067008K
  class space    used 1742K, capacity 1793K, committed 1920K, reserved 1048576K
}
Event: 7.205 GC heap before
{Heap before GC invocations=20 (full 3):
 PSYoungGen      total 281088K, used 245533K [0x00000000e0400000, 0x00000000f4b80000, 0x0000000100000000)
  eden space 241152K, 97% used [0x00000000e0400000,0x00000000ee91f5e0,0x00000000eef80000)
  from space 39936K, 27% used [0x00000000f2480000,0x00000000f2f28100,0x00000000f4b80000)
  to   space 47104K, 0% used [0x00000000eef80000,0x00000000eef80000,0x00000000f1d80000)
 ParOldGen       total 227840K, used 145059K [0x00000000a0c00000, 0x00000000aea80000, 0x00000000e0400000)
  object space 227840K, 63% used [0x00000000a0c00000,0x00000000a99a8d28,0x00000000aea80000)
 Metaspace       used 18050K, capacity 18273K, committed 18560K, reserved 1067008K
  class space    used 1742K, capacity 1793K, committed 1920K, reserved 1048576K
Event: 7.209 GC heap after
Heap after GC invocations=20 (full 3):
 PSYoungGen      total 288256K, used 10896K [0x00000000e0400000, 0x00000000f5680000, 0x0000000100000000)
  eden space 241152K, 0% used [0x00000000e0400000,0x00000000e0400000,0x00000000eef80000)
  from space 47104K, 23% used [0x00000000eef80000,0x00000000efa24110,0x00000000f1d80000)
  to   space 45056K, 0% used [0x00000000f2a80000,0x00000000f2a80000,0x00000000f5680000)
 ParOldGen       total 227840K, used 145067K [0x00000000a0c00000, 0x00000000aea80000, 0x00000000e0400000)
  object space 227840K, 63% used [0x00000000a0c00000,0x00000000a99aad28,0x00000000aea80000)
 Metaspace       used 18050K, capacity 18273K, committed 18560K, reserved 1067008K
  class space    used 1742K, capacity 1793K, committed 1920K, reserved 1048576K
}
Event: 7.943 GC heap before
{Heap before GC invocations=21 (full 3):
 PSYoungGen      total 288256K, used 251641K [0x00000000e0400000, 0x00000000f5680000, 0x0000000100000000)
  eden space 241152K, 99% used [0x00000000e0400000,0x00000000eef1a558,0x00000000eef80000)
  from space 47104K, 23% used [0x00000000eef80000,0x00000000efa24110,0x00000000f1d80000)
  to   space 45056K, 0% used [0x00000000f2a80000,0x00000000f2a80000,0x00000000f5680000)
 ParOldGen       total 227840K, used 145067K [0x00000000a0c00000, 0x00000000aea80000, 0x00000000e0400000)
  object space 227840K, 63% used [0x00000000a0c00000,0x00000000a99aad28,0x00000000aea80000)
 Metaspace       used 18098K, capacity 18345K, committed 18560K, reserved 1067008K
  class space    used 1742K, capacity 1793K, committed 1920K, reserved 1048576K
Event: 7.949 GC heap after
Heap after GC invocations=21 (full 3):
 PSYoungGen      total 294400K, used 19876K [0x00000000e0400000, 0x00000000f5180000, 0x0000000100000000)
  eden space 254464K, 0% used [0x00000000e0400000,0x00000000e0400000,0x00000000efc80000)
  from space 39936K, 49% used [0x00000000f2a80000,0x00000000f3de9130,0x00000000f5180000)
  to   space 43520K, 0% used [0x00000000efc80000,0x00000000efc80000,0x00000000f2700000)
 ParOldGen       total 227840K, used 145067K [0x00000000a0c00000, 0x00000000aea80000, 0x00000000e0400000)
  object space 227840K, 63% used [0x00000000a0c00000,0x00000000a99aad28,0x00000000aea80000)
 Metaspace       used 18098K, capacity 18345K, committed 18560K, reserved 1067008K
  class space    used 1742K, capacity 1793K, committed 1920K, reserved 1048576K
}
Event: 8.771 GC heap before
{Heap before GC invocations=22 (full 3):
 PSYoungGen      total 294400K, used 273712K [0x00000000e0400000, 0x00000000f5180000, 0x0000000100000000)
  eden space 254464K, 99% used [0x00000000e0400000,0x00000000efbe3278,0x00000000efc80000)
  from space 39936K, 49% used [0x00000000f2a80000,0x00000000f3de9130,0x00000000f5180000)
  to   space 43520K, 0% used [0x00000000efc80000,0x00000000efc80000,0x00000000f2700000)
 ParOldGen       total 227840K, used 145067K [0x00000000a0c00000, 0x00000000aea80000, 0x00000000e0400000)
  object space 227840K, 63% used [0x00000000a0c00000,0x00000000a99aad28,0x00000000aea80000)
 Metaspace       used 18168K, capacity 18409K, committed 18560K, reserved 1067008K
  class space    used 1742K, capacity 1793K, committed 1920K, reserved 1048576K
Event: 8.775 GC heap after
Heap after GC invocations=22 (full 3):
 PSYoungGen      total 297984K, used 10896K [0x00000000e0400000, 0x00000000f5980000, 0x0000000100000000)
  eden space 254464K, 0% used [0x00000000e0400000,0x00000000e0400000,0x00000000efc80000)
  from space 43520K, 25% used [0x00000000efc80000,0x00000000f0724110,0x00000000f2700000)
  to   space 41984K, 0% used [0x00000000f3080000,0x00000000f3080000,0x00000000f5980000)
 ParOldGen       total 227840K, used 145075K [0x00000000a0c00000, 0x00000000aea80000, 0x00000000e0400000)
  object space 227840K, 63% used [0x00000000a0c00000,0x00000000a99acd28,0x00000000aea80000)
 Metaspace       used 18168K, capacity 18409K, committed 18560K, reserved 1067008K
  class space    used 1742K, capacity 1793K, committed 1920K, reserved 1048576K
}

