# JRE version: Java(TM) SE Runtime Environment (8.0_25-b18) (build 1.8.0_25-b18)
# Java VM: Java HotSpot(TM) 64-Bit Server VM (25.25-b02 mixed mode windows-amd64 compressed oops)
Heap:
 PSYoungGen      total 285184K, used 139107K [0x00000000e0400000, 0x00000000f4400000, 0x0000000100000000)
  eden space 247808K, 52% used [0x00000000e0400000,0x00000000e82c3fb8,0x00000000ef600000)
  from space 37376K, 24% used [0x00000000f1f80000,0x00000000f2895040,0x00000000f4400000)
  to   space 39936K, 0% used [0x00000000ef600000,0x00000000ef600000,0x00000000f1d00000)
 ParOldGen       total 229888K, used 145975K [0x00000000a0c00000, 0x00000000aec80000, 0x00000000e0400000)
  object space 229888K, 63% used [0x00000000a0c00000,0x00000000a9a8dc90,0x00000000aec80000)
 Metaspace       used 17680K, capacity 17889K, committed 18048K, reserved 1064960K
  class space    used 1733K, capacity 1793K, committed 1920K, reserved 1048576K
GC Heap History (10 events):
Event: 5.122 GC heap before
{Heap before GC invocations=19 (full 3):
 PSYoungGen      total 249856K, used 207158K [0x00000000e0400000, 0x00000000f4080000, 0x0000000100000000)
  eden space 198656K, 99% used [0x00000000e0400000,0x00000000ec534a88,0x00000000ec600000)
  from space 51200K, 18% used [0x00000000ec600000,0x00000000ecf19050,0x00000000ef800000)
  to   space 49152K, 0% used [0x00000000f1080000,0x00000000f1080000,0x00000000f4080000)
 ParOldGen       total 229888K, used 145959K [0x00000000a0c00000, 0x00000000aec80000, 0x00000000e0400000)
  object space 229888K, 63% used [0x00000000a0c00000,0x00000000a9a89c90,0x00000000aec80000)
 Metaspace       used 17601K, capacity 17825K, committed 18048K, reserved 1064960K
  class space    used 1723K, capacity 1793K, committed 1920K, reserved 1048576K
Event: 5.129 GC heap after
Heap after GC invocations=19 (full 3):
 PSYoungGen      total 262656K, used 17432K [0x00000000e0400000, 0x00000000f3780000, 0x0000000100000000)
  eden space 222720K, 0% used [0x00000000e0400000,0x00000000e0400000,0x00000000edd80000)
  from space 39936K, 43% used [0x00000000f1080000,0x00000000f2186050,0x00000000f3780000)
  to   space 46080K, 0% used [0x00000000edd80000,0x00000000edd80000,0x00000000f0a80000)
 ParOldGen       total 229888K, used 145967K [0x00000000a0c00000, 0x00000000aec80000, 0x00000000e0400000)
  object space 229888K, 63% used [0x00000000a0c00000,0x00000000a9a8bc90,0x00000000aec80000)
 Metaspace       used 17601K, capacity 17825K, committed 18048K, reserved 1064960K
  class space    used 1723K, capacity 1793K, committed 1920K, reserved 1048576K
}
Event: 5.454 GC heap before
{Heap before GC invocations=20 (full 3):
 PSYoungGen      total 262656K, used 239202K [0x00000000e0400000, 0x00000000f3780000, 0x0000000100000000)
  eden space 222720K, 99% used [0x00000000e0400000,0x00000000edc928b0,0x00000000edd80000)
  from space 39936K, 43% used [0x00000000f1080000,0x00000000f2186050,0x00000000f3780000)
  to   space 46080K, 0% used [0x00000000edd80000,0x00000000edd80000,0x00000000f0a80000)
 ParOldGen       total 229888K, used 145967K [0x00000000a0c00000, 0x00000000aec80000, 0x00000000e0400000)
  object space 229888K, 63% used [0x00000000a0c00000,0x00000000a9a8bc90,0x00000000aec80000)
 Metaspace       used 17609K, capacity 17825K, committed 18048K, reserved 1064960K
  class space    used 1723K, capacity 1793K, committed 1920K, reserved 1048576K
Event: 5.459 GC heap after
Heap after GC invocations=20 (full 3):
 PSYoungGen      total 268800K, used 9300K [0x00000000e0400000, 0x00000000f4400000, 0x0000000100000000)
  eden space 222720K, 0% used [0x00000000e0400000,0x00000000e0400000,0x00000000edd80000)
  from space 46080K, 20% used [0x00000000edd80000,0x00000000ee695040,0x00000000f0a80000)
  to   space 44544K, 0% used [0x00000000f1880000,0x00000000f1880000,0x00000000f4400000)
 ParOldGen       total 229888K, used 145967K [0x00000000a0c00000, 0x00000000aec80000, 0x00000000e0400000)
  object space 229888K, 63% used [0x00000000a0c00000,0x00000000a9a8bc90,0x00000000aec80000)
 Metaspace       used 17609K, capacity 17825K, committed 18048K, reserved 1064960K
  class space    used 1723K, capacity 1793K, committed 1920K, reserved 1048576K
}
Event: 5.813 GC heap before
{Heap before GC invocations=21 (full 3):
 PSYoungGen      total 268800K, used 232020K [0x00000000e0400000, 0x00000000f4400000, 0x0000000100000000)
  eden space 222720K, 100% used [0x00000000e0400000,0x00000000edd80000,0x00000000edd80000)
  from space 46080K, 20% used [0x00000000edd80000,0x00000000ee695040,0x00000000f0a80000)
  to   space 44544K, 0% used [0x00000000f1880000,0x00000000f1880000,0x00000000f4400000)
 ParOldGen       total 229888K, used 145967K [0x00000000a0c00000, 0x00000000aec80000, 0x00000000e0400000)
  object space 229888K, 63% used [0x00000000a0c00000,0x00000000a9a8bc90,0x00000000aec80000)
 Metaspace       used 17634K, capacity 17825K, committed 18048K, reserved 1064960K
  class space    used 1723K, capacity 1793K, committed 1920K, reserved 1048576K
Event: 5.817 GC heap after
Heap after GC invocations=21 (full 3):
 PSYoungGen      total 274944K, used 9284K [0x00000000e0400000, 0x00000000f3e80000, 0x0000000100000000)
  eden space 236032K, 0% used [0x00000000e0400000,0x00000000e0400000,0x00000000eea80000)
  from space 38912K, 23% used [0x00000000f1880000,0x00000000f2191050,0x00000000f3e80000)
  to   space 43008K, 0% used [0x00000000eea80000,0x00000000eea80000,0x00000000f1480000)
 ParOldGen       total 229888K, used 145975K [0x00000000a0c00000, 0x00000000aec80000, 0x00000000e0400000)
  object space 229888K, 63% used [0x00000000a0c00000,0x00000000a9a8dc90,0x00000000aec80000)
 Metaspace       used 17634K, capacity 17825K, committed 18048K, reserved 1064960K
  class space    used 1723K, capacity 1793K, committed 1920K, reserved 1048576K
}
Event: 6.182 GC heap before
{Heap before GC invocations=22 (full 3):
 PSYoungGen      total 274944K, used 245316K [0x00000000e0400000, 0x00000000f3e80000, 0x0000000100000000)
  eden space 236032K, 100% used [0x00000000e0400000,0x00000000eea80000,0x00000000eea80000)
  from space 38912K, 23% used [0x00000000f1880000,0x00000000f2191050,0x00000000f3e80000)
  to   space 43008K, 0% used [0x00000000eea80000,0x00000000eea80000,0x00000000f1480000)
 ParOldGen       total 229888K, used 145975K [0x00000000a0c00000, 0x00000000aec80000, 0x00000000e0400000)
  object space 229888K, 63% used [0x00000000a0c00000,0x00000000a9a8dc90,0x00000000aec80000)
 Metaspace       used 17643K, capacity 17825K, committed 18048K, reserved 1064960K
  class space    used 1723K, capacity 1793K, committed 1920K, reserved 1048576K
Event: 6.187 GC heap after
Heap after GC invocations=22 (full 3):
 PSYoungGen      total 279040K, used 9284K [0x00000000e0400000, 0x00000000f4800000, 0x0000000100000000)
  eden space 236032K, 0% used [0x00000000e0400000,0x00000000e0400000,0x00000000eea80000)
  from space 43008K, 21% used [0x00000000eea80000,0x00000000ef391050,0x00000000f1480000)
  to   space 41472K, 0% used [0x00000000f1f80000,0x00000000f1f80000,0x00000000f4800000)
 ParOldGen       total 229888K, used 145975K [0x00000000a0c00000, 0x00000000aec80000, 0x00000000e0400000)
  object space 229888K, 63% used [0x00000000a0c00000,0x00000000a9a8dc90,0x00000000aec80000)
 Metaspace       used 17643K, capacity 17825K, committed 18048K, reserved 1064960K
  class space    used 1723K, capacity 1793K, committed 1920K, reserved 1048576K
}
Event: 6.557 GC heap before
{Heap before GC invocations=23 (full 3):
 PSYoungGen      total 279040K, used 245106K [0x00000000e0400000, 0x00000000f4800000, 0x0000000100000000)
  eden space 236032K, 99% used [0x00000000e0400000,0x00000000eea4b7d8,0x00000000eea80000)
  from space 43008K, 21% used [0x00000000eea80000,0x00000000ef391050,0x00000000f1480000)
  to   space 41472K, 0% used [0x00000000f1f80000,0x00000000f1f80000,0x00000000f4800000)
 ParOldGen       total 229888K, used 145975K [0x00000000a0c00000, 0x00000000aec80000, 0x00000000e0400000)
  object space 229888K, 63% used [0x00000000a0c00000,0x00000000a9a8dc90,0x00000000aec80000)
 Metaspace       used 17650K, capacity 17825K, committed 18048K, reserved 1064960K
  class space    used 1723K, capacity 1793K, committed 1920K, reserved 1048576K
Event: 6.561 GC heap after
Heap after GC invocations=23 (full 3):
 PSYoungGen      total 285184K, used 9300K [0x00000000e0400000, 0x00000000f4400000, 0x0000000100000000)
  eden space 247808K, 0% used [0x00000000e0400000,0x00000000e0400000,0x00000000ef600000)
  from space 37376K, 24% used [0x00000000f1f80000,0x00000000f2895040,0x00000000f4400000)
  to   space 39936K, 0% used [0x00000000ef600000,0x00000000ef600000,0x00000000f1d00000)
 ParOldGen       total 229888K, used 145975K [0x00000000a0c00000, 0x00000000aec80000, 0x00000000e0400000)
  object space 229888K, 63% used [0x00000000a0c00000,0x00000000a9a8dc90,0x00000000aec80000)
 Metaspace       used 17650K, capacity 17825K, committed 18048K, reserved 1064960K
  class space    used 1723K, capacity 1793K, committed 1920K, reserved 1048576K
}

