# JRE version: Java(TM) SE Runtime Environment (8.0_25-b18) (build 1.8.0_25-b18)
# Java VM: Java HotSpot(TM) 64-Bit Server VM (25.25-b02 mixed mode windows-amd64 compressed oops)
Heap:
 PSYoungGen      total 358400K, used 27456K [0x00000000e0400000, 0x00000000f6300000, 0x0000000100000000)
  eden space 357376K, 7% used [0x00000000e0400000,0x00000000e1eb01c8,0x00000000f6100000)
  from space 1024K, 12% used [0x00000000f6200000,0x00000000f6220000,0x00000000f6300000)
  to   space 1024K, 0% used [0x00000000f6100000,0x00000000f6100000,0x00000000f6200000)
 ParOldGen       total 228864K, used 155675K [0x00000000a0c00000, 0x00000000aeb80000, 0x00000000e0400000)
  object space 228864K, 68% used [0x00000000a0c00000,0x00000000aa406e68,0x00000000aeb80000)
 Metaspace       used 17996K, capacity 18185K, committed 18432K, reserved 1067008K
  class space    used 1723K, capacity 1761K, committed 1792K, reserved 1048576K
GC Heap History (10 events):
Event: 31.652 GC heap before
{Heap before GC invocations=85 (full 3):
 PSYoungGen      total 353792K, used 352928K [0x00000000e0400000, 0x00000000f6000000, 0x0000000100000000)
  eden space 352768K, 100% used [0x00000000e0400000,0x00000000f5c80000,0x00000000f5c80000)
  from space 1024K, 15% used [0x00000000f5c80000,0x00000000f5ca8000,0x00000000f5d80000)
  to   space 1024K, 0% used [0x00000000f5f00000,0x00000000f5f00000,0x00000000f6000000)
 ParOldGen       total 228864K, used 155619K [0x00000000a0c00000, 0x00000000aeb80000, 0x00000000e0400000)
  object space 228864K, 67% used [0x00000000a0c00000,0x00000000aa3f8e68,0x00000000aeb80000)
 Metaspace       used 17961K, capacity 18185K, committed 18432K, reserved 1067008K
  class space    used 1712K, capacity 1761K, committed 1792K, reserved 1048576K
Event: 31.653 GC heap after
Heap after GC invocations=85 (full 3):
 PSYoungGen      total 355328K, used 160K [0x00000000e0400000, 0x00000000f6000000, 0x0000000100000000)
  eden space 354304K, 0% used [0x00000000e0400000,0x00000000e0400000,0x00000000f5e00000)
  from space 1024K, 15% used [0x00000000f5f00000,0x00000000f5f28000,0x00000000f6000000)
  to   space 1024K, 0% used [0x00000000f5e00000,0x00000000f5e00000,0x00000000f5f00000)
 ParOldGen       total 228864K, used 155619K [0x00000000a0c00000, 0x00000000aeb80000, 0x00000000e0400000)
  object space 228864K, 67% used [0x00000000a0c00000,0x00000000aa3f8e68,0x00000000aeb80000)
 Metaspace       used 17961K, capacity 18185K, committed 18432K, reserved 1067008K
  class space    used 1712K, capacity 1761K, committed 1792K, reserved 1048576K
}
Event: 32.119 GC heap before
{Heap before GC invocations=86 (full 3):
 PSYoungGen      total 355328K, used 354464K [0x00000000e0400000, 0x00000000f6000000, 0x0000000100000000)
  eden space 354304K, 100% used [0x00000000e0400000,0x00000000f5e00000,0x00000000f5e00000)
  from space 1024K, 15% used [0x00000000f5f00000,0x00000000f5f28000,0x00000000f6000000)
  to   space 1024K, 0% used [0x00000000f5e00000,0x00000000f5e00000,0x00000000f5f00000)
 ParOldGen       total 228864K, used 155619K [0x00000000a0c00000, 0x00000000aeb80000, 0x00000000e0400000)
  object space 228864K, 67% used [0x00000000a0c00000,0x00000000aa3f8e68,0x00000000aeb80000)
 Metaspace       used 17961K, capacity 18185K, committed 18432K, reserved 1067008K
  class space    used 1712K, capacity 1761K, committed 1792K, reserved 1048576K
Event: 32.121 GC heap after
Heap after GC invocations=86 (full 3):
 PSYoungGen      total 355328K, used 128K [0x00000000e0400000, 0x00000000f6180000, 0x0000000100000000)
  eden space 354304K, 0% used [0x00000000e0400000,0x00000000e0400000,0x00000000f5e00000)
  from space 1024K, 12% used [0x00000000f5e00000,0x00000000f5e20000,0x00000000f5f00000)
  to   space 1024K, 0% used [0x00000000f6080000,0x00000000f6080000,0x00000000f6180000)
 ParOldGen       total 228864K, used 155651K [0x00000000a0c00000, 0x00000000aeb80000, 0x00000000e0400000)
  object space 228864K, 68% used [0x00000000a0c00000,0x00000000aa400e68,0x00000000aeb80000)
 Metaspace       used 17961K, capacity 18185K, committed 18432K, reserved 1067008K
  class space    used 1712K, capacity 1761K, committed 1792K, reserved 1048576K
}
Event: 32.570 GC heap before
{Heap before GC invocations=87 (full 3):
 PSYoungGen      total 355328K, used 354432K [0x00000000e0400000, 0x00000000f6180000, 0x0000000100000000)
  eden space 354304K, 100% used [0x00000000e0400000,0x00000000f5e00000,0x00000000f5e00000)
  from space 1024K, 12% used [0x00000000f5e00000,0x00000000f5e20000,0x00000000f5f00000)
  to   space 1024K, 0% used [0x00000000f6080000,0x00000000f6080000,0x00000000f6180000)
 ParOldGen       total 228864K, used 155651K [0x00000000a0c00000, 0x00000000aeb80000, 0x00000000e0400000)
  object space 228864K, 68% used [0x00000000a0c00000,0x00000000aa400e68,0x00000000aeb80000)
 Metaspace       used 17961K, capacity 18185K, committed 18432K, reserved 1067008K
  class space    used 1712K, capacity 1761K, committed 1792K, reserved 1048576K
Event: 32.571 GC heap after
Heap after GC invocations=87 (full 3):
 PSYoungGen      total 356864K, used 96K [0x00000000e0400000, 0x00000000f6180000, 0x0000000100000000)
  eden space 355840K, 0% used [0x00000000e0400000,0x00000000e0400000,0x00000000f5f80000)
  from space 1024K, 9% used [0x00000000f6080000,0x00000000f6098000,0x00000000f6180000)
  to   space 1024K, 0% used [0x00000000f5f80000,0x00000000f5f80000,0x00000000f6080000)
 ParOldGen       total 228864K, used 155651K [0x00000000a0c00000, 0x00000000aeb80000, 0x00000000e0400000)
  object space 228864K, 68% used [0x00000000a0c00000,0x00000000aa400e68,0x00000000aeb80000)
 Metaspace       used 17961K, capacity 18185K, committed 18432K, reserved 1067008K
  class space    used 1712K, capacity 1761K, committed 1792K, reserved 1048576K
}
Event: 33.033 GC heap before
{Heap before GC invocations=88 (full 3):
 PSYoungGen      total 356864K, used 355936K [0x00000000e0400000, 0x00000000f6180000, 0x0000000100000000)
  eden space 355840K, 100% used [0x00000000e0400000,0x00000000f5f80000,0x00000000f5f80000)
  from space 1024K, 9% used [0x00000000f6080000,0x00000000f6098000,0x00000000f6180000)
  to   space 1024K, 0% used [0x00000000f5f80000,0x00000000f5f80000,0x00000000f6080000)
 ParOldGen       total 228864K, used 155651K [0x00000000a0c00000, 0x00000000aeb80000, 0x00000000e0400000)
  object space 228864K, 68% used [0x00000000a0c00000,0x00000000aa400e68,0x00000000aeb80000)
 Metaspace       used 17961K, capacity 18185K, committed 18432K, reserved 1067008K
  class space    used 1712K, capacity 1761K, committed 1792K, reserved 1048576K
Event: 33.035 GC heap after
Heap after GC invocations=88 (full 3):
 PSYoungGen      total 356864K, used 160K [0x00000000e0400000, 0x00000000f6300000, 0x0000000100000000)
  eden space 355840K, 0% used [0x00000000e0400000,0x00000000e0400000,0x00000000f5f80000)
  from space 1024K, 15% used [0x00000000f5f80000,0x00000000f5fa8000,0x00000000f6080000)
  to   space 1024K, 0% used [0x00000000f6200000,0x00000000f6200000,0x00000000f6300000)
 ParOldGen       total 228864K, used 155651K [0x00000000a0c00000, 0x00000000aeb80000, 0x00000000e0400000)
  object space 228864K, 68% used [0x00000000a0c00000,0x00000000aa400e68,0x00000000aeb80000)
 Metaspace       used 17961K, capacity 18185K, committed 18432K, reserved 1067008K
  class space    used 1712K, capacity 1761K, committed 1792K, reserved 1048576K
}
Event: 34.126 GC heap before
{Heap before GC invocations=89 (full 3):
 PSYoungGen      total 356864K, used 353112K [0x00000000e0400000, 0x00000000f6300000, 0x0000000100000000)
  eden space 355840K, 99% used [0x00000000e0400000,0x00000000f5cae180,0x00000000f5f80000)
  from space 1024K, 15% used [0x00000000f5f80000,0x00000000f5fa8000,0x00000000f6080000)
  to   space 1024K, 0% used [0x00000000f6200000,0x00000000f6200000,0x00000000f6300000)
 ParOldGen       total 228864K, used 155651K [0x00000000a0c00000, 0x00000000aeb80000, 0x00000000e0400000)
  object space 228864K, 68% used [0x00000000a0c00000,0x00000000aa400e68,0x00000000aeb80000)
 Metaspace       used 17961K, capacity 18185K, committed 18432K, reserved 1067008K
  class space    used 1712K, capacity 1761K, committed 1792K, reserved 1048576K
Event: 34.127 GC heap after
Heap after GC invocations=89 (full 3):
 PSYoungGen      total 358400K, used 128K [0x00000000e0400000, 0x00000000f6300000, 0x0000000100000000)
  eden space 357376K, 0% used [0x00000000e0400000,0x00000000e0400000,0x00000000f6100000)
  from space 1024K, 12% used [0x00000000f6200000,0x00000000f6220000,0x00000000f6300000)
  to   space 1024K, 0% used [0x00000000f6100000,0x00000000f6100000,0x00000000f6200000)
 ParOldGen       total 228864K, used 155675K [0x00000000a0c00000, 0x00000000aeb80000, 0x00000000e0400000)
  object space 228864K, 68% used [0x00000000a0c00000,0x00000000aa406e68,0x00000000aeb80000)
 Metaspace       used 17961K, capacity 18185K, committed 18432K, reserved 1067008K
  class space    used 1712K, capacity 1761K, committed 1792K, reserved 1048576K
}

