# JRE version: Java(TM) SE Runtime Environment (8.0_25-b18) (build 1.8.0_25-b18)
# Java VM: Java HotSpot(TM) 64-Bit Server VM (25.25-b02 mixed mode windows-amd64 compressed oops)
Heap:
 PSYoungGen      total 518656K, used 273133K [0x00000000e0400000, 0x0000000100000000, 0x0000000100000000)
  eden space 517120K, 52% used [0x00000000e0400000,0x00000000f0e93620,0x00000000ffd00000)
  from space 1536K, 10% used [0x00000000ffd00000,0x00000000ffd28000,0x00000000ffe80000)
  to   space 1536K, 0% used [0x00000000ffe80000,0x00000000ffe80000,0x0000000100000000)
 ParOldGen       total 275456K, used 181919K [0x00000000a0c00000, 0x00000000b1900000, 0x00000000e0400000)
  object space 275456K, 66% used [0x00000000a0c00000,0x00000000abda7fd8,0x00000000b1900000)
 Metaspace       used 18542K, capacity 18761K, committed 19072K, reserved 1067008K
  class space    used 1775K, capacity 1825K, committed 1920K, reserved 1048576K
GC Heap History (10 events):
Event: 226.433 GC heap before
{Heap before GC invocations=218 (full 5):
 PSYoungGen      total 519168K, used 518688K [0x00000000e0400000, 0x0000000100000000, 0x0000000100000000)
  eden space 518144K, 100% used [0x00000000e0400000,0x00000000ffe00000,0x00000000ffe00000)
  from space 1024K, 53% used [0x00000000fff00000,0x00000000fff88000,0x0000000100000000)
  to   space 1024K, 0% used [0x00000000ffe00000,0x00000000ffe00000,0x00000000fff00000)
 ParOldGen       total 275456K, used 173334K [0x00000000a0c00000, 0x00000000b1900000, 0x00000000e0400000)
  object space 275456K, 62% used [0x00000000a0c00000,0x00000000ab545b78,0x00000000b1900000)
 Metaspace       used 18526K, capacity 18761K, committed 19072K, reserved 1067008K
  class space    used 1775K, capacity 1825K, committed 1920K, reserved 1048576K
Event: 226.435 GC heap after
Heap after GC invocations=218 (full 5):
 PSYoungGen      total 519168K, used 544K [0x00000000e0400000, 0x0000000100000000, 0x0000000100000000)
  eden space 518144K, 0% used [0x00000000e0400000,0x00000000e0400000,0x00000000ffe00000)
  from space 1024K, 53% used [0x00000000ffe00000,0x00000000ffe88000,0x00000000fff00000)
  to   space 1024K, 0% used [0x00000000fff00000,0x00000000fff00000,0x0000000100000000)
 ParOldGen       total 275456K, used 173334K [0x00000000a0c00000, 0x00000000b1900000, 0x00000000e0400000)
  object space 275456K, 62% used [0x00000000a0c00000,0x00000000ab545b78,0x00000000b1900000)
 Metaspace       used 18526K, capacity 18761K, committed 19072K, reserved 1067008K
  class space    used 1775K, capacity 1825K, committed 1920K, reserved 1048576K
}
Event: 227.165 GC heap before
{Heap before GC invocations=219 (full 5):
 PSYoungGen      total 519168K, used 518688K [0x00000000e0400000, 0x0000000100000000, 0x0000000100000000)
  eden space 518144K, 100% used [0x00000000e0400000,0x00000000ffe00000,0x00000000ffe00000)
  from space 1024K, 53% used [0x00000000ffe00000,0x00000000ffe88000,0x00000000fff00000)
  to   space 1024K, 0% used [0x00000000fff00000,0x00000000fff00000,0x0000000100000000)
 ParOldGen       total 275456K, used 173334K [0x00000000a0c00000, 0x00000000b1900000, 0x00000000e0400000)
  object space 275456K, 62% used [0x00000000a0c00000,0x00000000ab545b78,0x00000000b1900000)
 Metaspace       used 18528K, capacity 18761K, committed 19072K, reserved 1067008K
  class space    used 1775K, capacity 1825K, committed 1920K, reserved 1048576K
Event: 227.166 GC heap after
Heap after GC invocations=219 (full 5):
 PSYoungGen      total 519168K, used 544K [0x00000000e0400000, 0x0000000100000000, 0x0000000100000000)
  eden space 518144K, 0% used [0x00000000e0400000,0x00000000e0400000,0x00000000ffe00000)
  from space 1024K, 53% used [0x00000000fff00000,0x00000000fff88000,0x0000000100000000)
  to   space 1024K, 0% used [0x00000000ffe00000,0x00000000ffe00000,0x00000000fff00000)
 ParOldGen       total 275456K, used 173342K [0x00000000a0c00000, 0x00000000b1900000, 0x00000000e0400000)
  object space 275456K, 62% used [0x00000000a0c00000,0x00000000ab547b78,0x00000000b1900000)
 Metaspace       used 18528K, capacity 18761K, committed 19072K, reserved 1067008K
  class space    used 1775K, capacity 1825K, committed 1920K, reserved 1048576K
}
Event: 227.870 GC heap before
{Heap before GC invocations=220 (full 5):
 PSYoungGen      total 519168K, used 511830K [0x00000000e0400000, 0x0000000100000000, 0x0000000100000000)
  eden space 518144K, 98% used [0x00000000e0400000,0x00000000ff74d9e8,0x00000000ffe00000)
  from space 1024K, 53% used [0x00000000fff00000,0x00000000fff88000,0x0000000100000000)
  to   space 1024K, 0% used [0x00000000ffe00000,0x00000000ffe00000,0x00000000fff00000)
 ParOldGen       total 275456K, used 173342K [0x00000000a0c00000, 0x00000000b1900000, 0x00000000e0400000)
  object space 275456K, 62% used [0x00000000a0c00000,0x00000000ab547b78,0x00000000b1900000)
 Metaspace       used 18528K, capacity 18761K, committed 19072K, reserved 1067008K
  class space    used 1775K, capacity 1825K, committed 1920K, reserved 1048576K
Event: 227.871 GC heap after
Heap after GC invocations=220 (full 5):
 PSYoungGen      total 519168K, used 576K [0x00000000e0400000, 0x0000000100000000, 0x0000000100000000)
  eden space 518144K, 0% used [0x00000000e0400000,0x00000000e0400000,0x00000000ffe00000)
  from space 1024K, 56% used [0x00000000ffe00000,0x00000000ffe90000,0x00000000fff00000)
  to   space 1024K, 0% used [0x00000000fff00000,0x00000000fff00000,0x0000000100000000)
 ParOldGen       total 275456K, used 173342K [0x00000000a0c00000, 0x00000000b1900000, 0x00000000e0400000)
  object space 275456K, 62% used [0x00000000a0c00000,0x00000000ab547b78,0x00000000b1900000)
 Metaspace       used 18528K, capacity 18761K, committed 19072K, reserved 1067008K
  class space    used 1775K, capacity 1825K, committed 1920K, reserved 1048576K
}
Event: 228.639 GC heap before
{Heap before GC invocations=221 (full 5):
 PSYoungGen      total 519168K, used 517881K [0x00000000e0400000, 0x0000000100000000, 0x0000000100000000)
  eden space 518144K, 99% used [0x00000000e0400000,0x00000000ffd2e558,0x00000000ffe00000)
  from space 1024K, 56% used [0x00000000ffe00000,0x00000000ffe90000,0x00000000fff00000)
  to   space 1024K, 0% used [0x00000000fff00000,0x00000000fff00000,0x0000000100000000)
 ParOldGen       total 275456K, used 173342K [0x00000000a0c00000, 0x00000000b1900000, 0x00000000e0400000)
  object space 275456K, 62% used [0x00000000a0c00000,0x00000000ab547b78,0x00000000b1900000)
 Metaspace       used 18541K, capacity 18761K, committed 19072K, reserved 1067008K
  class space    used 1775K, capacity 1825K, committed 1920K, reserved 1048576K
Event: 228.642 GC heap after
Heap after GC invocations=221 (full 5):
 PSYoungGen      total 518144K, used 1008K [0x00000000e0400000, 0x0000000100000000, 0x0000000100000000)
  eden space 517120K, 0% used [0x00000000e0400000,0x00000000e0400000,0x00000000ffd00000)
  from space 1024K, 98% used [0x00000000fff00000,0x00000000ffffc010,0x0000000100000000)
  to   space 1536K, 0% used [0x00000000ffd00000,0x00000000ffd00000,0x00000000ffe80000)
 ParOldGen       total 275456K, used 181911K [0x00000000a0c00000, 0x00000000b1900000, 0x00000000e0400000)
  object space 275456K, 66% used [0x00000000a0c00000,0x00000000abda5fd8,0x00000000b1900000)
 Metaspace       used 18541K, capacity 18761K, committed 19072K, reserved 1067008K
  class space    used 1775K, capacity 1825K, committed 1920K, reserved 1048576K
}
Event: 229.338 GC heap before
{Heap before GC invocations=222 (full 5):
 PSYoungGen      total 518144K, used 514674K [0x00000000e0400000, 0x0000000100000000, 0x0000000100000000)
  eden space 517120K, 99% used [0x00000000e0400000,0x00000000ff9a0bc8,0x00000000ffd00000)
  from space 1024K, 98% used [0x00000000fff00000,0x00000000ffffc010,0x0000000100000000)
  to   space 1536K, 0% used [0x00000000ffd00000,0x00000000ffd00000,0x00000000ffe80000)
 ParOldGen       total 275456K, used 181911K [0x00000000a0c00000, 0x00000000b1900000, 0x00000000e0400000)
  object space 275456K, 66% used [0x00000000a0c00000,0x00000000abda5fd8,0x00000000b1900000)
 Metaspace       used 18541K, capacity 18761K, committed 19072K, reserved 1067008K
  class space    used 1775K, capacity 1825K, committed 1920K, reserved 1048576K
Event: 229.340 GC heap after
Heap after GC invocations=222 (full 5):
 PSYoungGen      total 518656K, used 160K [0x00000000e0400000, 0x0000000100000000, 0x0000000100000000)
  eden space 517120K, 0% used [0x00000000e0400000,0x00000000e0400000,0x00000000ffd00000)
  from space 1536K, 10% used [0x00000000ffd00000,0x00000000ffd28000,0x00000000ffe80000)
  to   space 1536K, 0% used [0x00000000ffe80000,0x00000000ffe80000,0x0000000100000000)
 ParOldGen       total 275456K, used 181919K [0x00000000a0c00000, 0x00000000b1900000, 0x00000000e0400000)
  object space 275456K, 66% used [0x00000000a0c00000,0x00000000abda7fd8,0x00000000b1900000)
 Metaspace       used 18541K, capacity 18761K, committed 19072K, reserved 1067008K
  class space    used 1775K, capacity 1825K, committed 1920K, reserved 1048576K
}

