# JRE version: Java(TM) SE Runtime Environment (8.0_25-b18) (build 1.8.0_25-b18)
# Java VM: Java HotSpot(TM) 64-Bit Server VM (25.25-b02 mixed mode windows-amd64 compressed oops)
Heap:
 PSYoungGen      total 278528K, used 30817K [0x00000000e0400000, 0x00000000f1b00000, 0x0000000100000000)
  eden space 272384K, 11% used [0x00000000e0400000,0x00000000e21e86a8,0x00000000f0e00000)
  from space 6144K, 3% used [0x00000000f1500000,0x00000000f1530000,0x00000000f1b00000)
  to   space 6656K, 0% used [0x00000000f0e00000,0x00000000f0e00000,0x00000000f1480000)
 ParOldGen       total 228864K, used 156814K [0x00000000a0c00000, 0x00000000aeb80000, 0x00000000e0400000)
  object space 228864K, 68% used [0x00000000a0c00000,0x00000000aa523bf8,0x00000000aeb80000)
 Metaspace       used 18707K, capacity 18959K, committed 19072K, reserved 1067008K
  class space    used 1774K, capacity 1826K, committed 1920K, reserved 1048576K
GC Heap History (10 events):
Event: 39.078 GC heap before
{Heap before GC invocations=57 (full 3):
 PSYoungGen      total 280576K, used 265901K [0x00000000e0400000, 0x00000000f1f00000, 0x0000000100000000)
  eden space 270848K, 97% used [0x00000000e0400000,0x00000000f06fb6b0,0x00000000f0c80000)
  from space 9728K, 7% used [0x00000000f0c80000,0x00000000f0d30000,0x00000000f1600000)
  to   space 9216K, 0% used [0x00000000f1600000,0x00000000f1600000,0x00000000f1f00000)
 ParOldGen       total 228864K, used 156077K [0x00000000a0c00000, 0x00000000aeb80000, 0x00000000e0400000)
  object space 228864K, 68% used [0x00000000a0c00000,0x00000000aa46b798,0x00000000aeb80000)
 Metaspace       used 18700K, capacity 18953K, committed 19072K, reserved 1067008K
  class space    used 1773K, capacity 1825K, committed 1920K, reserved 1048576K
Event: 39.080 GC heap after
Heap after GC invocations=57 (full 3):
 PSYoungGen      total 279552K, used 224K [0x00000000e0400000, 0x00000000f1e00000, 0x0000000100000000)
  eden space 271360K, 0% used [0x00000000e0400000,0x00000000e0400000,0x00000000f0d00000)
  from space 8192K, 2% used [0x00000000f1600000,0x00000000f1638000,0x00000000f1e00000)
  to   space 8704K, 0% used [0x00000000f0d00000,0x00000000f0d00000,0x00000000f1580000)
 ParOldGen       total 228864K, used 156654K [0x00000000a0c00000, 0x00000000aeb80000, 0x00000000e0400000)
  object space 228864K, 68% used [0x00000000a0c00000,0x00000000aa4fbbf8,0x00000000aeb80000)
 Metaspace       used 18700K, capacity 18953K, committed 19072K, reserved 1067008K
  class space    used 1773K, capacity 1825K, committed 1920K, reserved 1048576K
}
Event: 39.976 GC heap before
{Heap before GC invocations=58 (full 3):
 PSYoungGen      total 279552K, used 265432K [0x00000000e0400000, 0x00000000f1e00000, 0x0000000100000000)
  eden space 271360K, 97% used [0x00000000e0400000,0x00000000f06fe108,0x00000000f0d00000)
  from space 8192K, 2% used [0x00000000f1600000,0x00000000f1638000,0x00000000f1e00000)
  to   space 8704K, 0% used [0x00000000f0d00000,0x00000000f0d00000,0x00000000f1580000)
 ParOldGen       total 228864K, used 156654K [0x00000000a0c00000, 0x00000000aeb80000, 0x00000000e0400000)
  object space 228864K, 68% used [0x00000000a0c00000,0x00000000aa4fbbf8,0x00000000aeb80000)
 Metaspace       used 18700K, capacity 18953K, committed 19072K, reserved 1067008K
  class space    used 1773K, capacity 1825K, committed 1920K, reserved 1048576K
Event: 39.977 GC heap after
Heap after GC invocations=58 (full 3):
 PSYoungGen      total 280064K, used 224K [0x00000000e0400000, 0x00000000f1d80000, 0x0000000100000000)
  eden space 271360K, 0% used [0x00000000e0400000,0x00000000e0400000,0x00000000f0d00000)
  from space 8704K, 2% used [0x00000000f0d00000,0x00000000f0d38000,0x00000000f1580000)
  to   space 8192K, 0% used [0x00000000f1580000,0x00000000f1580000,0x00000000f1d80000)
 ParOldGen       total 228864K, used 156694K [0x00000000a0c00000, 0x00000000aeb80000, 0x00000000e0400000)
  object space 228864K, 68% used [0x00000000a0c00000,0x00000000aa505bf8,0x00000000aeb80000)
 Metaspace       used 18700K, capacity 18953K, committed 19072K, reserved 1067008K
  class space    used 1773K, capacity 1825K, committed 1920K, reserved 1048576K
}
Event: 40.877 GC heap before
{Heap before GC invocations=59 (full 3):
 PSYoungGen      total 280064K, used 265350K [0x00000000e0400000, 0x00000000f1d80000, 0x0000000100000000)
  eden space 271360K, 97% used [0x00000000e0400000,0x00000000f06e9ac8,0x00000000f0d00000)
  from space 8704K, 2% used [0x00000000f0d00000,0x00000000f0d38000,0x00000000f1580000)
  to   space 8192K, 0% used [0x00000000f1580000,0x00000000f1580000,0x00000000f1d80000)
 ParOldGen       total 228864K, used 156694K [0x00000000a0c00000, 0x00000000aeb80000, 0x00000000e0400000)
  object space 228864K, 68% used [0x00000000a0c00000,0x00000000aa505bf8,0x00000000aeb80000)
 Metaspace       used 18700K, capacity 18953K, committed 19072K, reserved 1067008K
  class space    used 1773K, capacity 1825K, committed 1920K, reserved 1048576K
Event: 40.879 GC heap after
Heap after GC invocations=59 (full 3):
 PSYoungGen      total 279040K, used 224K [0x00000000e0400000, 0x00000000f1c80000, 0x0000000100000000)
  eden space 271872K, 0% used [0x00000000e0400000,0x00000000e0400000,0x00000000f0d80000)
  from space 7168K, 3% used [0x00000000f1580000,0x00000000f15b8000,0x00000000f1c80000)
  to   space 7680K, 0% used [0x00000000f0d80000,0x00000000f0d80000,0x00000000f1500000)
 ParOldGen       total 228864K, used 156750K [0x00000000a0c00000, 0x00000000aeb80000, 0x00000000e0400000)
  object space 228864K, 68% used [0x00000000a0c00000,0x00000000aa513bf8,0x00000000aeb80000)
 Metaspace       used 18700K, capacity 18953K, committed 19072K, reserved 1067008K
  class space    used 1773K, capacity 1825K, committed 1920K, reserved 1048576K
}
Event: 41.775 GC heap before
{Heap before GC invocations=60 (full 3):
 PSYoungGen      total 279040K, used 265253K [0x00000000e0400000, 0x00000000f1c80000, 0x0000000100000000)
  eden space 271872K, 97% used [0x00000000e0400000,0x00000000f06d1560,0x00000000f0d80000)
  from space 7168K, 3% used [0x00000000f1580000,0x00000000f15b8000,0x00000000f1c80000)
  to   space 7680K, 0% used [0x00000000f0d80000,0x00000000f0d80000,0x00000000f1500000)
 ParOldGen       total 228864K, used 156750K [0x00000000a0c00000, 0x00000000aeb80000, 0x00000000e0400000)
  object space 228864K, 68% used [0x00000000a0c00000,0x00000000aa513bf8,0x00000000aeb80000)
 Metaspace       used 18700K, capacity 18953K, committed 19072K, reserved 1067008K
  class space    used 1773K, capacity 1825K, committed 1920K, reserved 1048576K
Event: 41.776 GC heap after
Heap after GC invocations=60 (full 3):
 PSYoungGen      total 279552K, used 224K [0x00000000e0400000, 0x00000000f1c00000, 0x0000000100000000)
  eden space 271872K, 0% used [0x00000000e0400000,0x00000000e0400000,0x00000000f0d80000)
  from space 7680K, 2% used [0x00000000f0d80000,0x00000000f0db8000,0x00000000f1500000)
  to   space 7168K, 0% used [0x00000000f1500000,0x00000000f1500000,0x00000000f1c00000)
 ParOldGen       total 228864K, used 156766K [0x00000000a0c00000, 0x00000000aeb80000, 0x00000000e0400000)
  object space 228864K, 68% used [0x00000000a0c00000,0x00000000aa517bf8,0x00000000aeb80000)
 Metaspace       used 18700K, capacity 18953K, committed 19072K, reserved 1067008K
  class space    used 1773K, capacity 1825K, committed 1920K, reserved 1048576K
}
Event: 42.676 GC heap before
{Heap before GC invocations=61 (full 3):
 PSYoungGen      total 279552K, used 265269K [0x00000000e0400000, 0x00000000f1c00000, 0x0000000100000000)
  eden space 271872K, 97% used [0x00000000e0400000,0x00000000f06d5480,0x00000000f0d80000)
  from space 7680K, 2% used [0x00000000f0d80000,0x00000000f0db8000,0x00000000f1500000)
  to   space 7168K, 0% used [0x00000000f1500000,0x00000000f1500000,0x00000000f1c00000)
 ParOldGen       total 228864K, used 156766K [0x00000000a0c00000, 0x00000000aeb80000, 0x00000000e0400000)
  object space 228864K, 68% used [0x00000000a0c00000,0x00000000aa517bf8,0x00000000aeb80000)
 Metaspace       used 18700K, capacity 18953K, committed 19072K, reserved 1067008K
  class space    used 1773K, capacity 1825K, committed 1920K, reserved 1048576K
Event: 42.678 GC heap after
Heap after GC invocations=61 (full 3):
 PSYoungGen      total 278528K, used 192K [0x00000000e0400000, 0x00000000f1b00000, 0x0000000100000000)
  eden space 272384K, 0% used [0x00000000e0400000,0x00000000e0400000,0x00000000f0e00000)
  from space 6144K, 3% used [0x00000000f1500000,0x00000000f1530000,0x00000000f1b00000)
  to   space 6656K, 0% used [0x00000000f0e00000,0x00000000f0e00000,0x00000000f1480000)
 ParOldGen       total 228864K, used 156814K [0x00000000a0c00000, 0x00000000aeb80000, 0x00000000e0400000)
  object space 228864K, 68% used [0x00000000a0c00000,0x00000000aa523bf8,0x00000000aeb80000)
 Metaspace       used 18700K, capacity 18953K, committed 19072K, reserved 1067008K
  class space    used 1773K, capacity 1825K, committed 1920K, reserved 1048576K
}

