# JRE version: Java(TM) SE Runtime Environment (8.0_25-b18) (build 1.8.0_25-b18)
# Java VM: Java HotSpot(TM) 64-Bit Server VM (25.25-b02 mixed mode windows-amd64 compressed oops)
Heap:
 PSYoungGen      total 427008K, used 77265K [0x00000000e0400000, 0x00000000fb880000, 0x0000000100000000)
  eden space 407040K, 18% used [0x00000000e0400000,0x00000000e4f44588,0x00000000f9180000)
  from space 19968K, 0% used [0x00000000f9180000,0x00000000f91b0000,0x00000000fa500000)
  to   space 18944K, 0% used [0x00000000fa600000,0x00000000fa600000,0x00000000fb880000)
 ParOldGen       total 222208K, used 155175K [0x00000000a0c00000, 0x00000000ae500000, 0x00000000e0400000)
  object space 222208K, 69% used [0x00000000a0c00000,0x00000000aa389ca8,0x00000000ae500000)
 Metaspace       used 17958K, capacity 18121K, committed 18176K, reserved 1064960K
  class space    used 1723K, capacity 1761K, committed 1792K, reserved 1048576K
GC Heap History (10 events):
Event: 18.196 GC heap before
{Heap before GC invocations=40 (full 3):
 PSYoungGen      total 427008K, used 396587K [0x00000000e0400000, 0x00000000fbf00000, 0x0000000100000000)
  eden space 402432K, 98% used [0x00000000e0400000,0x00000000f8712d00,0x00000000f8d00000)
  from space 24576K, 0% used [0x00000000fa700000,0x00000000fa738000,0x00000000fbf00000)
  to   space 25600K, 0% used [0x00000000f8d00000,0x00000000f8d00000,0x00000000fa600000)
 ParOldGen       total 222208K, used 155071K [0x00000000a0c00000, 0x00000000ae500000, 0x00000000e0400000)
  object space 222208K, 69% used [0x00000000a0c00000,0x00000000aa36fca8,0x00000000ae500000)
 Metaspace       used 17869K, capacity 18121K, committed 18176K, reserved 1064960K
  class space    used 1711K, capacity 1761K, committed 1792K, reserved 1048576K
Event: 18.197 GC heap after
Heap after GC invocations=40 (full 3):
 PSYoungGen      total 428032K, used 224K [0x00000000e0400000, 0x00000000fbe80000, 0x0000000100000000)
  eden space 402432K, 0% used [0x00000000e0400000,0x00000000e0400000,0x00000000f8d00000)
  from space 25600K, 0% used [0x00000000f8d00000,0x00000000f8d38000,0x00000000fa600000)
  to   space 24064K, 0% used [0x00000000fa700000,0x00000000fa700000,0x00000000fbe80000)
 ParOldGen       total 222208K, used 155079K [0x00000000a0c00000, 0x00000000ae500000, 0x00000000e0400000)
  object space 222208K, 69% used [0x00000000a0c00000,0x00000000aa371ca8,0x00000000ae500000)
 Metaspace       used 17869K, capacity 18121K, committed 18176K, reserved 1064960K
  class space    used 1711K, capacity 1761K, committed 1792K, reserved 1048576K
}
Event: 18.819 GC heap before
{Heap before GC invocations=41 (full 3):
 PSYoungGen      total 428032K, used 402656K [0x00000000e0400000, 0x00000000fbe80000, 0x0000000100000000)
  eden space 402432K, 100% used [0x00000000e0400000,0x00000000f8d00000,0x00000000f8d00000)
  from space 25600K, 0% used [0x00000000f8d00000,0x00000000f8d38000,0x00000000fa600000)
  to   space 24064K, 0% used [0x00000000fa700000,0x00000000fa700000,0x00000000fbe80000)
 ParOldGen       total 222208K, used 155079K [0x00000000a0c00000, 0x00000000ae500000, 0x00000000e0400000)
  object space 222208K, 69% used [0x00000000a0c00000,0x00000000aa371ca8,0x00000000ae500000)
 Metaspace       used 17869K, capacity 18121K, committed 18176K, reserved 1064960K
  class space    used 1711K, capacity 1761K, committed 1792K, reserved 1048576K
Event: 18.821 GC heap after
Heap after GC invocations=41 (full 3):
 PSYoungGen      total 425984K, used 224K [0x00000000e0400000, 0x00000000fbb80000, 0x0000000100000000)
  eden space 404992K, 0% used [0x00000000e0400000,0x00000000e0400000,0x00000000f8f80000)
  from space 20992K, 1% used [0x00000000fa700000,0x00000000fa738000,0x00000000fbb80000)
  to   space 22528K, 0% used [0x00000000f8f80000,0x00000000f8f80000,0x00000000fa580000)
 ParOldGen       total 222208K, used 155095K [0x00000000a0c00000, 0x00000000ae500000, 0x00000000e0400000)
  object space 222208K, 69% used [0x00000000a0c00000,0x00000000aa375ca8,0x00000000ae500000)
 Metaspace       used 17869K, capacity 18121K, committed 18176K, reserved 1064960K
  class space    used 1711K, capacity 1761K, committed 1792K, reserved 1048576K
}
Event: 19.431 GC heap before
{Heap before GC invocations=42 (full 3):
 PSYoungGen      total 425984K, used 400152K [0x00000000e0400000, 0x00000000fbb80000, 0x0000000100000000)
  eden space 404992K, 98% used [0x00000000e0400000,0x00000000f8a8e370,0x00000000f8f80000)
  from space 20992K, 1% used [0x00000000fa700000,0x00000000fa738000,0x00000000fbb80000)
  to   space 22528K, 0% used [0x00000000f8f80000,0x00000000f8f80000,0x00000000fa580000)
 ParOldGen       total 222208K, used 155095K [0x00000000a0c00000, 0x00000000ae500000, 0x00000000e0400000)
  object space 222208K, 69% used [0x00000000a0c00000,0x00000000aa375ca8,0x00000000ae500000)
 Metaspace       used 17869K, capacity 18121K, committed 18176K, reserved 1064960K
  class space    used 1711K, capacity 1761K, committed 1792K, reserved 1048576K
Event: 19.432 GC heap after
Heap after GC invocations=42 (full 3):
 PSYoungGen      total 427520K, used 256K [0x00000000e0400000, 0x00000000fbc00000, 0x0000000100000000)
  eden space 404992K, 0% used [0x00000000e0400000,0x00000000e0400000,0x00000000f8f80000)
  from space 22528K, 1% used [0x00000000f8f80000,0x00000000f8fc0000,0x00000000fa580000)
  to   space 21504K, 0% used [0x00000000fa700000,0x00000000fa700000,0x00000000fbc00000)
 ParOldGen       total 222208K, used 155103K [0x00000000a0c00000, 0x00000000ae500000, 0x00000000e0400000)
  object space 222208K, 69% used [0x00000000a0c00000,0x00000000aa377ca8,0x00000000ae500000)
 Metaspace       used 17869K, capacity 18121K, committed 18176K, reserved 1064960K
  class space    used 1711K, capacity 1761K, committed 1792K, reserved 1048576K
}
Event: 20.063 GC heap before
{Heap before GC invocations=43 (full 3):
 PSYoungGen      total 427520K, used 405248K [0x00000000e0400000, 0x00000000fbc00000, 0x0000000100000000)
  eden space 404992K, 100% used [0x00000000e0400000,0x00000000f8f80000,0x00000000f8f80000)
  from space 22528K, 1% used [0x00000000f8f80000,0x00000000f8fc0000,0x00000000fa580000)
  to   space 21504K, 0% used [0x00000000fa700000,0x00000000fa700000,0x00000000fbc00000)
 ParOldGen       total 222208K, used 155103K [0x00000000a0c00000, 0x00000000ae500000, 0x00000000e0400000)
  object space 222208K, 69% used [0x00000000a0c00000,0x00000000aa377ca8,0x00000000ae500000)
 Metaspace       used 17869K, capacity 18121K, committed 18176K, reserved 1064960K
  class space    used 1711K, capacity 1761K, committed 1792K, reserved 1048576K
Event: 20.065 GC heap after
Heap after GC invocations=43 (full 3):
 PSYoungGen      total 424960K, used 224K [0x00000000e0400000, 0x00000000fb880000, 0x0000000100000000)
  eden space 407040K, 0% used [0x00000000e0400000,0x00000000e0400000,0x00000000f9180000)
  from space 17920K, 1% used [0x00000000fa700000,0x00000000fa738000,0x00000000fb880000)
  to   space 19968K, 0% used [0x00000000f9180000,0x00000000f9180000,0x00000000fa500000)
 ParOldGen       total 222208K, used 155151K [0x00000000a0c00000, 0x00000000ae500000, 0x00000000e0400000)
  object space 222208K, 69% used [0x00000000a0c00000,0x00000000aa383ca8,0x00000000ae500000)
 Metaspace       used 17869K, capacity 18121K, committed 18176K, reserved 1064960K
  class space    used 1711K, capacity 1761K, committed 1792K, reserved 1048576K
}
Event: 20.697 GC heap before
{Heap before GC invocations=44 (full 3):
 PSYoungGen      total 424960K, used 405452K [0x00000000e0400000, 0x00000000fb880000, 0x0000000100000000)
  eden space 407040K, 99% used [0x00000000e0400000,0x00000000f8fbb300,0x00000000f9180000)
  from space 17920K, 1% used [0x00000000fa700000,0x00000000fa738000,0x00000000fb880000)
  to   space 19968K, 0% used [0x00000000f9180000,0x00000000f9180000,0x00000000fa500000)
 ParOldGen       total 222208K, used 155151K [0x00000000a0c00000, 0x00000000ae500000, 0x00000000e0400000)
  object space 222208K, 69% used [0x00000000a0c00000,0x00000000aa383ca8,0x00000000ae500000)
 Metaspace       used 17922K, capacity 18121K, committed 18176K, reserved 1064960K
  class space    used 1711K, capacity 1761K, committed 1792K, reserved 1048576K
Event: 20.698 GC heap after
Heap after GC invocations=44 (full 3):
 PSYoungGen      total 427008K, used 192K [0x00000000e0400000, 0x00000000fb880000, 0x0000000100000000)
  eden space 407040K, 0% used [0x00000000e0400000,0x00000000e0400000,0x00000000f9180000)
  from space 19968K, 0% used [0x00000000f9180000,0x00000000f91b0000,0x00000000fa500000)
  to   space 18944K, 0% used [0x00000000fa600000,0x00000000fa600000,0x00000000fb880000)
 ParOldGen       total 222208K, used 155175K [0x00000000a0c00000, 0x00000000ae500000, 0x00000000e0400000)
  object space 222208K, 69% used [0x00000000a0c00000,0x00000000aa389ca8,0x00000000ae500000)
 Metaspace       used 17922K, capacity 18121K, committed 18176K, reserved 1064960K
  class space    used 1711K, capacity 1761K, committed 1792K, reserved 1048576K
}

