# JRE version: Java(TM) SE Runtime Environment (8.0_25-b18) (build 1.8.0_25-b18)
# Java VM: Java HotSpot(TM) 64-Bit Server VM (25.25-b02 mixed mode windows-amd64 compressed oops)
Heap:
 PSYoungGen      total 341504K, used 184567K [0x00000000e0400000, 0x00000000f7d80000, 0x0000000100000000)
  eden space 304640K, 57% used [0x00000000e0400000,0x00000000eb01cf68,0x00000000f2d80000)
  from space 36864K, 22% used [0x00000000f5980000,0x00000000f61a1010,0x00000000f7d80000)
  to   space 40960K, 0% used [0x00000000f2d80000,0x00000000f2d80000,0x00000000f5580000)
 ParOldGen       total 226304K, used 146081K [0x00000000a0c00000, 0x00000000ae900000, 0x00000000e0400000)
  object space 226304K, 64% used [0x00000000a0c00000,0x00000000a9aa84b0,0x00000000ae900000)
 Metaspace       used 18014K, capacity 18281K, committed 18560K, reserved 1067008K
  class space    used 1734K, capacity 1793K, committed 1920K, reserved 1048576K
GC Heap History (10 events):
Event: 8.245 GC heap before
{Heap before GC invocations=19 (full 3):
 PSYoungGen      total 297472K, used 248745K [0x00000000e0400000, 0x00000000f7a00000, 0x0000000100000000)
  eden space 245248K, 98% used [0x00000000e0400000,0x00000000eeed1438,0x00000000ef380000)
  from space 52224K, 15% used [0x00000000ef380000,0x00000000efb99010,0x00000000f2680000)
  to   space 50176K, 0% used [0x00000000f4900000,0x00000000f4900000,0x00000000f7a00000)
 ParOldGen       total 226304K, used 146041K [0x00000000a0c00000, 0x00000000ae900000, 0x00000000e0400000)
  object space 226304K, 64% used [0x00000000a0c00000,0x00000000a9a9e4b0,0x00000000ae900000)
 Metaspace       used 17774K, capacity 18025K, committed 18304K, reserved 1064960K
  class space    used 1734K, capacity 1793K, committed 1920K, reserved 1048576K
Event: 8.250 GC heap after
Heap after GC invocations=19 (full 3):
 PSYoungGen      total 317440K, used 8324K [0x00000000e0400000, 0x00000000f7100000, 0x0000000100000000)
  eden space 276480K, 0% used [0x00000000e0400000,0x00000000e0400000,0x00000000f1200000)
  from space 40960K, 20% used [0x00000000f4900000,0x00000000f5121010,0x00000000f7100000)
  to   space 48640K, 0% used [0x00000000f1200000,0x00000000f1200000,0x00000000f4180000)
 ParOldGen       total 226304K, used 146049K [0x00000000a0c00000, 0x00000000ae900000, 0x00000000e0400000)
  object space 226304K, 64% used [0x00000000a0c00000,0x00000000a9aa04b0,0x00000000ae900000)
 Metaspace       used 17774K, capacity 18025K, committed 18304K, reserved 1064960K
  class space    used 1734K, capacity 1793K, committed 1920K, reserved 1048576K
}
Event: 9.346 GC heap before
{Heap before GC invocations=20 (full 3):
 PSYoungGen      total 317440K, used 281588K [0x00000000e0400000, 0x00000000f7100000, 0x0000000100000000)
  eden space 276480K, 98% used [0x00000000e0400000,0x00000000f0edc290,0x00000000f1200000)
  from space 40960K, 20% used [0x00000000f4900000,0x00000000f5121010,0x00000000f7100000)
  to   space 48640K, 0% used [0x00000000f1200000,0x00000000f1200000,0x00000000f4180000)
 ParOldGen       total 226304K, used 146049K [0x00000000a0c00000, 0x00000000ae900000, 0x00000000e0400000)
  object space 226304K, 64% used [0x00000000a0c00000,0x00000000a9aa04b0,0x00000000ae900000)
 Metaspace       used 17801K, capacity 18025K, committed 18304K, reserved 1064960K
  class space    used 1734K, capacity 1793K, committed 1920K, reserved 1048576K
Event: 9.349 GC heap after
Heap after GC invocations=20 (full 3):
 PSYoungGen      total 325120K, used 8292K [0x00000000e0400000, 0x00000000f7f80000, 0x0000000100000000)
  eden space 276480K, 0% used [0x00000000e0400000,0x00000000e0400000,0x00000000f1200000)
  from space 48640K, 17% used [0x00000000f1200000,0x00000000f1a19010,0x00000000f4180000)
  to   space 46592K, 0% used [0x00000000f5200000,0x00000000f5200000,0x00000000f7f80000)
 ParOldGen       total 226304K, used 146057K [0x00000000a0c00000, 0x00000000ae900000, 0x00000000e0400000)
  object space 226304K, 64% used [0x00000000a0c00000,0x00000000a9aa24b0,0x00000000ae900000)
 Metaspace       used 17801K, capacity 18025K, committed 18304K, reserved 1064960K
  class space    used 1734K, capacity 1793K, committed 1920K, reserved 1048576K
}
Event: 10.447 GC heap before
{Heap before GC invocations=21 (full 3):
 PSYoungGen      total 325120K, used 281549K [0x00000000e0400000, 0x00000000f7f80000, 0x0000000100000000)
  eden space 276480K, 98% used [0x00000000e0400000,0x00000000f0eda5b0,0x00000000f1200000)
  from space 48640K, 17% used [0x00000000f1200000,0x00000000f1a19010,0x00000000f4180000)
  to   space 46592K, 0% used [0x00000000f5200000,0x00000000f5200000,0x00000000f7f80000)
 ParOldGen       total 226304K, used 146057K [0x00000000a0c00000, 0x00000000ae900000, 0x00000000e0400000)
  object space 226304K, 64% used [0x00000000a0c00000,0x00000000a9aa24b0,0x00000000ae900000)
 Metaspace       used 17848K, capacity 18089K, committed 18304K, reserved 1064960K
  class space    used 1734K, capacity 1793K, committed 1920K, reserved 1048576K
Event: 10.451 GC heap after
Heap after GC invocations=21 (full 3):
 PSYoungGen      total 331776K, used 8292K [0x00000000e0400000, 0x00000000f7880000, 0x0000000100000000)
  eden space 292352K, 0% used [0x00000000e0400000,0x00000000e0400000,0x00000000f2180000)
  from space 39424K, 21% used [0x00000000f5200000,0x00000000f5a19010,0x00000000f7880000)
  to   space 44544K, 0% used [0x00000000f2180000,0x00000000f2180000,0x00000000f4d00000)
 ParOldGen       total 226304K, used 146065K [0x00000000a0c00000, 0x00000000ae900000, 0x00000000e0400000)
  object space 226304K, 64% used [0x00000000a0c00000,0x00000000a9aa44b0,0x00000000ae900000)
 Metaspace       used 17848K, capacity 18089K, committed 18304K, reserved 1064960K
  class space    used 1734K, capacity 1793K, committed 1920K, reserved 1048576K
}
Event: 11.613 GC heap before
{Heap before GC invocations=22 (full 3):
 PSYoungGen      total 331776K, used 297897K [0x00000000e0400000, 0x00000000f7880000, 0x0000000100000000)
  eden space 292352K, 99% used [0x00000000e0400000,0x00000000f1ed1700,0x00000000f2180000)
  from space 39424K, 21% used [0x00000000f5200000,0x00000000f5a19010,0x00000000f7880000)
  to   space 44544K, 0% used [0x00000000f2180000,0x00000000f2180000,0x00000000f4d00000)
 ParOldGen       total 226304K, used 146065K [0x00000000a0c00000, 0x00000000ae900000, 0x00000000e0400000)
  object space 226304K, 64% used [0x00000000a0c00000,0x00000000a9aa44b0,0x00000000ae900000)
 Metaspace       used 17867K, capacity 18089K, committed 18304K, reserved 1064960K
  class space    used 1734K, capacity 1793K, committed 1920K, reserved 1048576K
Event: 11.620 GC heap after
Heap after GC invocations=22 (full 3):
 PSYoungGen      total 336896K, used 8356K [0x00000000e0400000, 0x00000000f8380000, 0x0000000100000000)
  eden space 292352K, 0% used [0x00000000e0400000,0x00000000e0400000,0x00000000f2180000)
  from space 44544K, 18% used [0x00000000f2180000,0x00000000f29a9010,0x00000000f4d00000)
  to   space 43008K, 0% used [0x00000000f5980000,0x00000000f5980000,0x00000000f8380000)
 ParOldGen       total 226304K, used 146073K [0x00000000a0c00000, 0x00000000ae900000, 0x00000000e0400000)
  object space 226304K, 64% used [0x00000000a0c00000,0x00000000a9aa64b0,0x00000000ae900000)
 Metaspace       used 17867K, capacity 18089K, committed 18304K, reserved 1064960K
  class space    used 1734K, capacity 1793K, committed 1920K, reserved 1048576K
}
Event: 12.780 GC heap before
{Heap before GC invocations=23 (full 3):
 PSYoungGen      total 336896K, used 297921K [0x00000000e0400000, 0x00000000f8380000, 0x0000000100000000)
  eden space 292352K, 99% used [0x00000000e0400000,0x00000000f1ec74a0,0x00000000f2180000)
  from space 44544K, 18% used [0x00000000f2180000,0x00000000f29a9010,0x00000000f4d00000)
  to   space 43008K, 0% used [0x00000000f5980000,0x00000000f5980000,0x00000000f8380000)
 ParOldGen       total 226304K, used 146073K [0x00000000a0c00000, 0x00000000ae900000, 0x00000000e0400000)
  object space 226304K, 64% used [0x00000000a0c00000,0x00000000a9aa64b0,0x00000000ae900000)
 Metaspace       used 18003K, capacity 18217K, committed 18560K, reserved 1067008K
  class space    used 1734K, capacity 1793K, committed 1920K, reserved 1048576K
Event: 12.786 GC heap after
Heap after GC invocations=23 (full 3):
 PSYoungGen      total 341504K, used 8324K [0x00000000e0400000, 0x00000000f7d80000, 0x0000000100000000)
  eden space 304640K, 0% used [0x00000000e0400000,0x00000000e0400000,0x00000000f2d80000)
  from space 36864K, 22% used [0x00000000f5980000,0x00000000f61a1010,0x00000000f7d80000)
  to   space 40960K, 0% used [0x00000000f2d80000,0x00000000f2d80000,0x00000000f5580000)
 ParOldGen       total 226304K, used 146081K [0x00000000a0c00000, 0x00000000ae900000, 0x00000000e0400000)
  object space 226304K, 64% used [0x00000000a0c00000,0x00000000a9aa84b0,0x00000000ae900000)
 Metaspace       used 18003K, capacity 18217K, committed 18560K, reserved 1067008K
  class space    used 1734K, capacity 1793K, committed 1920K, reserved 1048576K
}

