# JRE version: Java(TM) SE Runtime Environment (8.0_25-b18) (build 1.8.0_25-b18)
# Java VM: Java HotSpot(TM) 64-Bit Server VM (25.25-b02 mixed mode windows-amd64 compressed oops)
Heap:
 PSYoungGen      total 334336K, used 258170K [0x00000000e0400000, 0x00000000f6500000, 0x0000000100000000)
  eden space 310272K, 80% used [0x00000000e0400000,0x00000000ef80da98,0x00000000f3300000)
  from space 24064K, 34% used [0x00000000f3300000,0x00000000f3b11010,0x00000000f4a80000)
  to   space 24064K, 0% used [0x00000000f4d80000,0x00000000f4d80000,0x00000000f6500000)
 ParOldGen       total 228864K, used 155177K [0x00000000a0c00000, 0x00000000aeb80000, 0x00000000e0400000)
  object space 228864K, 67% used [0x00000000a0c00000,0x00000000aa38a7a8,0x00000000aeb80000)
 Metaspace       used 17963K, capacity 18149K, committed 18304K, reserved 1064960K
  class space    used 1732K, capacity 1793K, committed 1920K, reserved 1048576K
GC Heap History (10 events):
Event: 13.674 GC heap before
{Heap before GC invocations=38 (full 3):
 PSYoungGen      total 334336K, used 306336K [0x00000000e0400000, 0x00000000f6900000, 0x0000000100000000)
  eden space 306176K, 100% used [0x00000000e0400000,0x00000000f2f00000,0x00000000f2f00000)
  from space 28160K, 0% used [0x00000000f4d80000,0x00000000f4da8000,0x00000000f6900000)
  to   space 29696K, 0% used [0x00000000f2f00000,0x00000000f2f00000,0x00000000f4c00000)
 ParOldGen       total 228864K, used 155089K [0x00000000a0c00000, 0x00000000aeb80000, 0x00000000e0400000)
  object space 228864K, 67% used [0x00000000a0c00000,0x00000000aa3747a8,0x00000000aeb80000)
 Metaspace       used 17862K, capacity 18085K, committed 18304K, reserved 1064960K
  class space    used 1721K, capacity 1793K, committed 1920K, reserved 1048576K
Event: 13.675 GC heap after
Heap after GC invocations=38 (full 3):
 PSYoungGen      total 335872K, used 224K [0x00000000e0400000, 0x00000000f6880000, 0x0000000100000000)
  eden space 306176K, 0% used [0x00000000e0400000,0x00000000e0400000,0x00000000f2f00000)
  from space 29696K, 0% used [0x00000000f2f00000,0x00000000f2f38000,0x00000000f4c00000)
  to   space 28160K, 0% used [0x00000000f4d00000,0x00000000f4d00000,0x00000000f6880000)
 ParOldGen       total 228864K, used 155105K [0x00000000a0c00000, 0x00000000aeb80000, 0x00000000e0400000)
  object space 228864K, 67% used [0x00000000a0c00000,0x00000000aa3787a8,0x00000000aeb80000)
 Metaspace       used 17862K, capacity 18085K, committed 18304K, reserved 1064960K
  class space    used 1721K, capacity 1793K, committed 1920K, reserved 1048576K
}
Event: 14.160 GC heap before
{Heap before GC invocations=39 (full 3):
 PSYoungGen      total 335872K, used 306400K [0x00000000e0400000, 0x00000000f6880000, 0x0000000100000000)
  eden space 306176K, 100% used [0x00000000e0400000,0x00000000f2f00000,0x00000000f2f00000)
  from space 29696K, 0% used [0x00000000f2f00000,0x00000000f2f38000,0x00000000f4c00000)
  to   space 28160K, 0% used [0x00000000f4d00000,0x00000000f4d00000,0x00000000f6880000)
 ParOldGen       total 228864K, used 155105K [0x00000000a0c00000, 0x00000000aeb80000, 0x00000000e0400000)
  object space 228864K, 67% used [0x00000000a0c00000,0x00000000aa3787a8,0x00000000aeb80000)
 Metaspace       used 17865K, capacity 18085K, committed 18304K, reserved 1064960K
  class space    used 1721K, capacity 1793K, committed 1920K, reserved 1048576K
Event: 14.161 GC heap after
Heap after GC invocations=39 (full 3):
 PSYoungGen      total 333824K, used 256K [0x00000000e0400000, 0x00000000f6600000, 0x0000000100000000)
  eden space 308224K, 0% used [0x00000000e0400000,0x00000000e0400000,0x00000000f3100000)
  from space 25600K, 1% used [0x00000000f4d00000,0x00000000f4d40000,0x00000000f6600000)
  to   space 27136K, 0% used [0x00000000f3100000,0x00000000f3100000,0x00000000f4b80000)
 ParOldGen       total 228864K, used 155121K [0x00000000a0c00000, 0x00000000aeb80000, 0x00000000e0400000)
  object space 228864K, 67% used [0x00000000a0c00000,0x00000000aa37c7a8,0x00000000aeb80000)
 Metaspace       used 17865K, capacity 18085K, committed 18304K, reserved 1064960K
  class space    used 1721K, capacity 1793K, committed 1920K, reserved 1048576K
}
Event: 14.665 GC heap before
{Heap before GC invocations=40 (full 3):
 PSYoungGen      total 333824K, used 303041K [0x00000000e0400000, 0x00000000f6600000, 0x0000000100000000)
  eden space 308224K, 98% used [0x00000000e0400000,0x00000000f2bb07d8,0x00000000f3100000)
  from space 25600K, 1% used [0x00000000f4d00000,0x00000000f4d40000,0x00000000f6600000)
  to   space 27136K, 0% used [0x00000000f3100000,0x00000000f3100000,0x00000000f4b80000)
 ParOldGen       total 228864K, used 155121K [0x00000000a0c00000, 0x00000000aeb80000, 0x00000000e0400000)
  object space 228864K, 67% used [0x00000000a0c00000,0x00000000aa37c7a8,0x00000000aeb80000)
 Metaspace       used 17874K, capacity 18085K, committed 18304K, reserved 1064960K
  class space    used 1721K, capacity 1793K, committed 1920K, reserved 1048576K
Event: 14.666 GC heap after
Heap after GC invocations=40 (full 3):
 PSYoungGen      total 335360K, used 224K [0x00000000e0400000, 0x00000000f6500000, 0x0000000100000000)
  eden space 308224K, 0% used [0x00000000e0400000,0x00000000e0400000,0x00000000f3100000)
  from space 27136K, 0% used [0x00000000f3100000,0x00000000f3138000,0x00000000f4b80000)
  to   space 25600K, 0% used [0x00000000f4c00000,0x00000000f4c00000,0x00000000f6500000)
 ParOldGen       total 228864K, used 155129K [0x00000000a0c00000, 0x00000000aeb80000, 0x00000000e0400000)
  object space 228864K, 67% used [0x00000000a0c00000,0x00000000aa37e7a8,0x00000000aeb80000)
 Metaspace       used 17874K, capacity 18085K, committed 18304K, reserved 1064960K
  class space    used 1721K, capacity 1793K, committed 1920K, reserved 1048576K
}
Event: 15.134 GC heap before
{Heap before GC invocations=41 (full 3):
 PSYoungGen      total 335360K, used 302717K [0x00000000e0400000, 0x00000000f6500000, 0x0000000100000000)
  eden space 308224K, 98% used [0x00000000e0400000,0x00000000f2b675b0,0x00000000f3100000)
  from space 27136K, 0% used [0x00000000f3100000,0x00000000f3138000,0x00000000f4b80000)
  to   space 25600K, 0% used [0x00000000f4c00000,0x00000000f4c00000,0x00000000f6500000)
 ParOldGen       total 228864K, used 155129K [0x00000000a0c00000, 0x00000000aeb80000, 0x00000000e0400000)
  object space 228864K, 67% used [0x00000000a0c00000,0x00000000aa37e7a8,0x00000000aeb80000)
 Metaspace       used 17927K, capacity 18149K, committed 18304K, reserved 1064960K
  class space    used 1721K, capacity 1793K, committed 1920K, reserved 1048576K
Event: 15.135 GC heap after
Heap after GC invocations=41 (full 3):
 PSYoungGen      total 332800K, used 160K [0x00000000e0400000, 0x00000000f6200000, 0x0000000100000000)
  eden space 310272K, 0% used [0x00000000e0400000,0x00000000e0400000,0x00000000f3300000)
  from space 22528K, 0% used [0x00000000f4c00000,0x00000000f4c28000,0x00000000f6200000)
  to   space 24064K, 0% used [0x00000000f3300000,0x00000000f3300000,0x00000000f4a80000)
 ParOldGen       total 228864K, used 155145K [0x00000000a0c00000, 0x00000000aeb80000, 0x00000000e0400000)
  object space 228864K, 67% used [0x00000000a0c00000,0x00000000aa3827a8,0x00000000aeb80000)
 Metaspace       used 17927K, capacity 18149K, committed 18304K, reserved 1064960K
  class space    used 1721K, capacity 1793K, committed 1920K, reserved 1048576K
}
Event: 15.610 GC heap before
{Heap before GC invocations=42 (full 3):
 PSYoungGen      total 332800K, used 310432K [0x00000000e0400000, 0x00000000f6200000, 0x0000000100000000)
  eden space 310272K, 100% used [0x00000000e0400000,0x00000000f3300000,0x00000000f3300000)
  from space 22528K, 0% used [0x00000000f4c00000,0x00000000f4c28000,0x00000000f6200000)
  to   space 24064K, 0% used [0x00000000f3300000,0x00000000f3300000,0x00000000f4a80000)
 ParOldGen       total 228864K, used 155145K [0x00000000a0c00000, 0x00000000aeb80000, 0x00000000e0400000)
  object space 228864K, 67% used [0x00000000a0c00000,0x00000000aa3827a8,0x00000000aeb80000)
 Metaspace       used 17928K, capacity 18149K, committed 18304K, reserved 1064960K
  class space    used 1721K, capacity 1793K, committed 1920K, reserved 1048576K
Event: 15.616 GC heap after
Heap after GC invocations=42 (full 3):
 PSYoungGen      total 334336K, used 8260K [0x00000000e0400000, 0x00000000f6500000, 0x0000000100000000)
  eden space 310272K, 0% used [0x00000000e0400000,0x00000000e0400000,0x00000000f3300000)
  from space 24064K, 34% used [0x00000000f3300000,0x00000000f3b11010,0x00000000f4a80000)
  to   space 24064K, 0% used [0x00000000f4d80000,0x00000000f4d80000,0x00000000f6500000)
 ParOldGen       total 228864K, used 155177K [0x00000000a0c00000, 0x00000000aeb80000, 0x00000000e0400000)
  object space 228864K, 67% used [0x00000000a0c00000,0x00000000aa38a7a8,0x00000000aeb80000)
 Metaspace       used 17928K, capacity 18149K, committed 18304K, reserved 1064960K
  class space    used 1721K, capacity 1793K, committed 1920K, reserved 1048576K
}

