# JRE version: Java(TM) SE Runtime Environment (8.0_25-b18) (build 1.8.0_25-b18)
# Java VM: Java HotSpot(TM) 64-Bit Server VM (25.25-b02 mixed mode windows-amd64 compressed oops)
Heap:
 PSYoungGen      total 404992K, used 33494K [0x00000000e0400000, 0x00000000f9480000, 0x0000000100000000)
  eden space 400896K, 8% used [0x00000000e0400000,0x00000000e249dbf0,0x00000000f8b80000)
  from space 4096K, 2% used [0x00000000f9080000,0x00000000f9098000,0x00000000f9480000)
  to   space 4608K, 0% used [0x00000000f8b80000,0x00000000f8b80000,0x00000000f9000000)
 ParOldGen       total 223744K, used 155474K [0x00000000a0c00000, 0x00000000ae680000, 0x00000000e0400000)
  object space 223744K, 69% used [0x00000000a0c00000,0x00000000aa3d4bd8,0x00000000ae680000)
 Metaspace       used 18052K, capacity 18281K, committed 18560K, reserved 1067008K
  class space    used 1735K, capacity 1793K, committed 1920K, reserved 1048576K
GC Heap History (10 events):
Event: 30.706 GC heap before
{Heap before GC invocations=61 (full 3):
 PSYoungGen      total 403456K, used 396384K [0x00000000e0400000, 0x00000000f9580000, 0x0000000100000000)
  eden space 396288K, 100% used [0x00000000e0400000,0x00000000f8700000,0x00000000f8700000)
  from space 7168K, 1% used [0x00000000f8700000,0x00000000f8718000,0x00000000f8e00000)
  to   space 6656K, 0% used [0x00000000f8f00000,0x00000000f8f00000,0x00000000f9580000)
 ParOldGen       total 223744K, used 155434K [0x00000000a0c00000, 0x00000000ae680000, 0x00000000e0400000)
  object space 223744K, 69% used [0x00000000a0c00000,0x00000000aa3cabd8,0x00000000ae680000)
 Metaspace       used 18011K, capacity 18217K, committed 18560K, reserved 1067008K
  class space    used 1723K, capacity 1793K, committed 1920K, reserved 1048576K
Event: 30.707 GC heap after
Heap after GC invocations=61 (full 3):
 PSYoungGen      total 403456K, used 224K [0x00000000e0400000, 0x00000000f9480000, 0x0000000100000000)
  eden space 397824K, 0% used [0x00000000e0400000,0x00000000e0400000,0x00000000f8880000)
  from space 5632K, 3% used [0x00000000f8f00000,0x00000000f8f38000,0x00000000f9480000)
  to   space 6144K, 0% used [0x00000000f8880000,0x00000000f8880000,0x00000000f8e80000)
 ParOldGen       total 223744K, used 155458K [0x00000000a0c00000, 0x00000000ae680000, 0x00000000e0400000)
  object space 223744K, 69% used [0x00000000a0c00000,0x00000000aa3d0bd8,0x00000000ae680000)
 Metaspace       used 18011K, capacity 18217K, committed 18560K, reserved 1067008K
  class space    used 1723K, capacity 1793K, committed 1920K, reserved 1048576K
}
Event: 31.335 GC heap before
{Heap before GC invocations=62 (full 3):
 PSYoungGen      total 403456K, used 396989K [0x00000000e0400000, 0x00000000f9480000, 0x0000000100000000)
  eden space 397824K, 99% used [0x00000000e0400000,0x00000000f87774b0,0x00000000f8880000)
  from space 5632K, 3% used [0x00000000f8f00000,0x00000000f8f38000,0x00000000f9480000)
  to   space 6144K, 0% used [0x00000000f8880000,0x00000000f8880000,0x00000000f8e80000)
 ParOldGen       total 223744K, used 155458K [0x00000000a0c00000, 0x00000000ae680000, 0x00000000e0400000)
  object space 223744K, 69% used [0x00000000a0c00000,0x00000000aa3d0bd8,0x00000000ae680000)
 Metaspace       used 18011K, capacity 18217K, committed 18560K, reserved 1067008K
  class space    used 1723K, capacity 1793K, committed 1920K, reserved 1048576K
Event: 31.336 GC heap after
Heap after GC invocations=62 (full 3):
 PSYoungGen      total 403968K, used 96K [0x00000000e0400000, 0x00000000f9500000, 0x0000000100000000)
  eden space 397824K, 0% used [0x00000000e0400000,0x00000000e0400000,0x00000000f8880000)
  from space 6144K, 1% used [0x00000000f8880000,0x00000000f8898000,0x00000000f8e80000)
  to   space 5632K, 0% used [0x00000000f8f80000,0x00000000f8f80000,0x00000000f9500000)
 ParOldGen       total 223744K, used 155458K [0x00000000a0c00000, 0x00000000ae680000, 0x00000000e0400000)
  object space 223744K, 69% used [0x00000000a0c00000,0x00000000aa3d0bd8,0x00000000ae680000)
 Metaspace       used 18011K, capacity 18217K, committed 18560K, reserved 1067008K
  class space    used 1723K, capacity 1793K, committed 1920K, reserved 1048576K
}
Event: 31.968 GC heap before
{Heap before GC invocations=63 (full 3):
 PSYoungGen      total 403968K, used 397920K [0x00000000e0400000, 0x00000000f9500000, 0x0000000100000000)
  eden space 397824K, 100% used [0x00000000e0400000,0x00000000f8880000,0x00000000f8880000)
  from space 6144K, 1% used [0x00000000f8880000,0x00000000f8898000,0x00000000f8e80000)
  to   space 5632K, 0% used [0x00000000f8f80000,0x00000000f8f80000,0x00000000f9500000)
 ParOldGen       total 223744K, used 155458K [0x00000000a0c00000, 0x00000000ae680000, 0x00000000e0400000)
  object space 223744K, 69% used [0x00000000a0c00000,0x00000000aa3d0bd8,0x00000000ae680000)
 Metaspace       used 18012K, capacity 18217K, committed 18560K, reserved 1067008K
  class space    used 1723K, capacity 1793K, committed 1920K, reserved 1048576K
Event: 31.969 GC heap after
Heap after GC invocations=63 (full 3):
 PSYoungGen      total 403968K, used 160K [0x00000000e0400000, 0x00000000f9400000, 0x0000000100000000)
  eden space 399360K, 0% used [0x00000000e0400000,0x00000000e0400000,0x00000000f8a00000)
  from space 4608K, 3% used [0x00000000f8f80000,0x00000000f8fa8000,0x00000000f9400000)
  to   space 5120K, 0% used [0x00000000f8a00000,0x00000000f8a00000,0x00000000f8f00000)
 ParOldGen       total 223744K, used 155474K [0x00000000a0c00000, 0x00000000ae680000, 0x00000000e0400000)
  object space 223744K, 69% used [0x00000000a0c00000,0x00000000aa3d4bd8,0x00000000ae680000)
 Metaspace       used 18012K, capacity 18217K, committed 18560K, reserved 1067008K
  class space    used 1723K, capacity 1793K, committed 1920K, reserved 1048576K
}
Event: 32.602 GC heap before
{Heap before GC invocations=64 (full 3):
 PSYoungGen      total 403968K, used 397699K [0x00000000e0400000, 0x00000000f9400000, 0x0000000100000000)
  eden space 399360K, 99% used [0x00000000e0400000,0x00000000f8838c60,0x00000000f8a00000)
  from space 4608K, 3% used [0x00000000f8f80000,0x00000000f8fa8000,0x00000000f9400000)
  to   space 5120K, 0% used [0x00000000f8a00000,0x00000000f8a00000,0x00000000f8f00000)
 ParOldGen       total 223744K, used 155474K [0x00000000a0c00000, 0x00000000ae680000, 0x00000000e0400000)
  object space 223744K, 69% used [0x00000000a0c00000,0x00000000aa3d4bd8,0x00000000ae680000)
 Metaspace       used 18012K, capacity 18217K, committed 18560K, reserved 1067008K
  class space    used 1723K, capacity 1793K, committed 1920K, reserved 1048576K
Event: 32.604 GC heap after
Heap after GC invocations=64 (full 3):
 PSYoungGen      total 404480K, used 96K [0x00000000e0400000, 0x00000000f9580000, 0x0000000100000000)
  eden space 399360K, 0% used [0x00000000e0400000,0x00000000e0400000,0x00000000f8a00000)
  from space 5120K, 1% used [0x00000000f8a00000,0x00000000f8a18000,0x00000000f8f00000)
  to   space 5120K, 0% used [0x00000000f9080000,0x00000000f9080000,0x00000000f9580000)
 ParOldGen       total 223744K, used 155474K [0x00000000a0c00000, 0x00000000ae680000, 0x00000000e0400000)
  object space 223744K, 69% used [0x00000000a0c00000,0x00000000aa3d4bd8,0x00000000ae680000)
 Metaspace       used 18012K, capacity 18217K, committed 18560K, reserved 1067008K
  class space    used 1723K, capacity 1793K, committed 1920K, reserved 1048576K
}
Event: 33.235 GC heap before
{Heap before GC invocations=65 (full 3):
 PSYoungGen      total 404480K, used 396643K [0x00000000e0400000, 0x00000000f9580000, 0x0000000100000000)
  eden space 399360K, 99% used [0x00000000e0400000,0x00000000f8740f10,0x00000000f8a00000)
  from space 5120K, 1% used [0x00000000f8a00000,0x00000000f8a18000,0x00000000f8f00000)
  to   space 5120K, 0% used [0x00000000f9080000,0x00000000f9080000,0x00000000f9580000)
 ParOldGen       total 223744K, used 155474K [0x00000000a0c00000, 0x00000000ae680000, 0x00000000e0400000)
  object space 223744K, 69% used [0x00000000a0c00000,0x00000000aa3d4bd8,0x00000000ae680000)
 Metaspace       used 18017K, capacity 18217K, committed 18560K, reserved 1067008K
  class space    used 1723K, capacity 1793K, committed 1920K, reserved 1048576K
Event: 33.236 GC heap after
Heap after GC invocations=65 (full 3):
 PSYoungGen      total 404992K, used 96K [0x00000000e0400000, 0x00000000f9480000, 0x0000000100000000)
  eden space 400896K, 0% used [0x00000000e0400000,0x00000000e0400000,0x00000000f8b80000)
  from space 4096K, 2% used [0x00000000f9080000,0x00000000f9098000,0x00000000f9480000)
  to   space 4608K, 0% used [0x00000000f8b80000,0x00000000f8b80000,0x00000000f9000000)
 ParOldGen       total 223744K, used 155474K [0x00000000a0c00000, 0x00000000ae680000, 0x00000000e0400000)
  object space 223744K, 69% used [0x00000000a0c00000,0x00000000aa3d4bd8,0x00000000ae680000)
 Metaspace       used 18017K, capacity 18217K, committed 18560K, reserved 1067008K
  class space    used 1723K, capacity 1793K, committed 1920K, reserved 1048576K
}

