# JRE version: Java(TM) SE Runtime Environment (8.0_31-b13) (build 1.8.0_31-b13)
# Java VM: Java HotSpot(TM) 64-Bit Server VM (25.31-b07 mixed mode windows-amd64 compressed oops)
Heap:
 PSYoungGen      total 715264K, used 186741K [0x000000076b300000, 0x00000007a3c80000, 0x00000007c0000000)
  eden space 641024K, 29% used [0x000000076b300000,0x00000007769455b0,0x0000000792500000)
  from space 74240K, 0% used [0x0000000792500000,0x0000000792518000,0x0000000796d80000)
  to   space 72192K, 0% used [0x000000079f600000,0x000000079f600000,0x00000007a3c80000)
 ParOldGen       total 306176K, used 162173K [0x00000006c1800000, 0x00000006d4300000, 0x000000076b300000)
  object space 306176K, 52% used [0x00000006c1800000,0x00000006cb65f7f8,0x00000006d4300000)
 Metaspace       used 17695K, capacity 17927K, committed 18176K, reserved 1064960K
  class space    used 1717K, capacity 1762K, committed 1792K, reserved 1048576K
GC Heap History (10 events):
Event: 5.675 GC heap before
{Heap before GC invocations=10 (full 1):
 PSYoungGen      total 452096K, used 392018K [0x000000076b300000, 0x000000078ca00000, 0x00000007c0000000)
  eden space 381952K, 99% used [0x000000076b300000,0x00000007827b1ce0,0x0000000782800000)
  from space 70144K, 14% used [0x0000000788580000,0x0000000788fa2df0,0x000000078ca00000)
  to   space 82944K, 0% used [0x0000000782800000,0x0000000782800000,0x0000000787900000)
 ParOldGen       total 306176K, used 151868K [0x00000006c1800000, 0x00000006d4300000, 0x000000076b300000)
  object space 306176K, 49% used [0x00000006c1800000,0x00000006cac4f028,0x00000006d4300000)
 Metaspace       used 17589K, capacity 17799K, committed 17920K, reserved 1064960K
  class space    used 1705K, capacity 1762K, committed 1792K, reserved 1048576K
Event: 5.682 GC heap after
Heap after GC invocations=10 (full 1):
 PSYoungGen      total 464896K, used 9364K [0x000000076b300000, 0x0000000794d00000, 0x00000007c0000000)
  eden space 381952K, 0% used [0x000000076b300000,0x000000076b300000,0x0000000782800000)
  from space 82944K, 11% used [0x0000000782800000,0x0000000783125040,0x0000000787900000)
  to   space 80384K, 0% used [0x000000078fe80000,0x000000078fe80000,0x0000000794d00000)
 ParOldGen       total 306176K, used 152957K [0x00000006c1800000, 0x00000006d4300000, 0x000000076b300000)
  object space 306176K, 49% used [0x00000006c1800000,0x00000006cad5f718,0x00000006d4300000)
 Metaspace       used 17589K, capacity 17799K, committed 17920K, reserved 1064960K
  class space    used 1705K, capacity 1762K, committed 1792K, reserved 1048576K
}
Event: 6.275 GC heap before
{Heap before GC invocations=11 (full 1):
 PSYoungGen      total 464896K, used 386396K [0x000000076b300000, 0x0000000794d00000, 0x00000007c0000000)
  eden space 381952K, 98% used [0x000000076b300000,0x0000000782332138,0x0000000782800000)
  from space 82944K, 11% used [0x0000000782800000,0x0000000783125040,0x0000000787900000)
  to   space 80384K, 0% used [0x000000078fe80000,0x000000078fe80000,0x0000000794d00000)
 ParOldGen       total 306176K, used 152957K [0x00000006c1800000, 0x00000006d4300000, 0x000000076b300000)
  object space 306176K, 49% used [0x00000006c1800000,0x00000006cad5f718,0x00000006d4300000)
 Metaspace       used 17601K, capacity 17799K, committed 17920K, reserved 1064960K
  class space    used 1705K, capacity 1762K, committed 1792K, reserved 1048576K
Event: 6.281 GC heap after
Heap after GC invocations=11 (full 1):
 PSYoungGen      total 574976K, used 128K [0x000000076b300000, 0x0000000793f00000, 0x00000007c0000000)
  eden space 508928K, 0% used [0x000000076b300000,0x000000076b300000,0x000000078a400000)
  from space 66048K, 0% used [0x000000078fe80000,0x000000078fea0000,0x0000000793f00000)
  to   space 79360K, 0% used [0x000000078a400000,0x000000078a400000,0x000000078f180000)
 ParOldGen       total 306176K, used 162149K [0x00000006c1800000, 0x00000006d4300000, 0x000000076b300000)
  object space 306176K, 52% used [0x00000006c1800000,0x00000006cb6597f8,0x00000006d4300000)
 Metaspace       used 17601K, capacity 17799K, committed 17920K, reserved 1064960K
  class space    used 1705K, capacity 1762K, committed 1792K, reserved 1048576K
}
Event: 7.081 GC heap before
{Heap before GC invocations=12 (full 1):
 PSYoungGen      total 574976K, used 509056K [0x000000076b300000, 0x0000000793f00000, 0x00000007c0000000)
  eden space 508928K, 100% used [0x000000076b300000,0x000000078a400000,0x000000078a400000)
  from space 66048K, 0% used [0x000000078fe80000,0x000000078fea0000,0x0000000793f00000)
  to   space 79360K, 0% used [0x000000078a400000,0x000000078a400000,0x000000078f180000)
 ParOldGen       total 306176K, used 162149K [0x00000006c1800000, 0x00000006d4300000, 0x000000076b300000)
  object space 306176K, 52% used [0x00000006c1800000,0x00000006cb6597f8,0x00000006d4300000)
 Metaspace       used 17627K, capacity 17863K, committed 17920K, reserved 1064960K
  class space    used 1705K, capacity 1762K, committed 1792K, reserved 1048576K
Event: 7.087 GC heap after
Heap after GC invocations=12 (full 1):
 PSYoungGen      total 588288K, used 8164K [0x000000076b300000, 0x000000079cd80000, 0x00000007c0000000)
  eden space 508928K, 0% used [0x000000076b300000,0x000000076b300000,0x000000078a400000)
  from space 79360K, 10% used [0x000000078a400000,0x000000078abf9010,0x000000078f180000)
  to   space 76288K, 0% used [0x0000000798300000,0x0000000798300000,0x000000079cd80000)
 ParOldGen       total 306176K, used 162165K [0x00000006c1800000, 0x00000006d4300000, 0x000000076b300000)
  object space 306176K, 52% used [0x00000006c1800000,0x00000006cb65d7f8,0x00000006d4300000)
 Metaspace       used 17627K, capacity 17863K, committed 17920K, reserved 1064960K
  class space    used 1705K, capacity 1762K, committed 1792K, reserved 1048576K
}
Event: 7.909 GC heap before
{Heap before GC invocations=13 (full 1):
 PSYoungGen      total 588288K, used 517092K [0x000000076b300000, 0x000000079cd80000, 0x00000007c0000000)
  eden space 508928K, 100% used [0x000000076b300000,0x000000078a400000,0x000000078a400000)
  from space 79360K, 10% used [0x000000078a400000,0x000000078abf9010,0x000000078f180000)
  to   space 76288K, 0% used [0x0000000798300000,0x0000000798300000,0x000000079cd80000)
 ParOldGen       total 306176K, used 162165K [0x00000006c1800000, 0x00000006d4300000, 0x000000076b300000)
  object space 306176K, 52% used [0x00000006c1800000,0x00000006cb65d7f8,0x00000006d4300000)
 Metaspace       used 17633K, capacity 17863K, committed 17920K, reserved 1064960K
  class space    used 1705K, capacity 1762K, committed 1792K, reserved 1048576K
Event: 7.911 GC heap after
Heap after GC invocations=13 (full 1):
 PSYoungGen      total 693248K, used 96K [0x000000076b300000, 0x000000079b600000, 0x00000007c0000000)
  eden space 641024K, 0% used [0x000000076b300000,0x000000076b300000,0x0000000792500000)
  from space 52224K, 0% used [0x0000000798300000,0x0000000798318000,0x000000079b600000)
  to   space 74240K, 0% used [0x0000000792500000,0x0000000792500000,0x0000000796d80000)
 ParOldGen       total 306176K, used 162173K [0x00000006c1800000, 0x00000006d4300000, 0x000000076b300000)
  object space 306176K, 52% used [0x00000006c1800000,0x00000006cb65f7f8,0x00000006d4300000)
 Metaspace       used 17633K, capacity 17863K, committed 17920K, reserved 1064960K
  class space    used 1705K, capacity 1762K, committed 1792K, reserved 1048576K
}
Event: 8.940 GC heap before
{Heap before GC invocations=14 (full 1):
 PSYoungGen      total 693248K, used 641120K [0x000000076b300000, 0x000000079b600000, 0x00000007c0000000)
  eden space 641024K, 100% used [0x000000076b300000,0x0000000792500000,0x0000000792500000)
  from space 52224K, 0% used [0x0000000798300000,0x0000000798318000,0x000000079b600000)
  to   space 74240K, 0% used [0x0000000792500000,0x0000000792500000,0x0000000796d80000)
 ParOldGen       total 306176K, used 162173K [0x00000006c1800000, 0x00000006d4300000, 0x000000076b300000)
  object space 306176K, 52% used [0x00000006c1800000,0x00000006cb65f7f8,0x00000006d4300000)
 Metaspace       used 17648K, capacity 17863K, committed 17920K, reserved 1064960K
  class space    used 1705K, capacity 1762K, committed 1792K, reserved 1048576K
Event: 8.942 GC heap after
Heap after GC invocations=14 (full 1):
 PSYoungGen      total 715264K, used 96K [0x000000076b300000, 0x00000007a3c80000, 0x00000007c0000000)
  eden space 641024K, 0% used [0x000000076b300000,0x000000076b300000,0x0000000792500000)
  from space 74240K, 0% used [0x0000000792500000,0x0000000792518000,0x0000000796d80000)
  to   space 72192K, 0% used [0x000000079f600000,0x000000079f600000,0x00000007a3c80000)
 ParOldGen       total 306176K, used 162173K [0x00000006c1800000, 0x00000006d4300000, 0x000000076b300000)
  object space 306176K, 52% used [0x00000006c1800000,0x00000006cb65f7f8,0x00000006d4300000)
 Metaspace       used 17648K, capacity 17863K, committed 17920K, reserved 1064960K
  class space    used 1705K, capacity 1762K, committed 1792K, reserved 1048576K
}

