# JRE version: Java(TM) SE Runtime Environment (8.0_25-b18) (build 1.8.0_25-b18)
# Java VM: Java HotSpot(TM) 64-Bit Server VM (25.25-b02 mixed mode windows-amd64 compressed oops)
Heap:
 PSYoungGen      total 291840K, used 209079K [0x00000000e0400000, 0x00000000f3a80000, 0x0000000100000000)
  eden space 264704K, 78% used [0x00000000e0400000,0x00000000ed00dc18,0x00000000f0680000)
  from space 27136K, 0% used [0x00000000f0680000,0x00000000f06a0000,0x00000000f2100000)
  to   space 26112K, 0% used [0x00000000f2100000,0x00000000f2100000,0x00000000f3a80000)
 ParOldGen       total 228352K, used 154727K [0x00000000a0c00000, 0x00000000aeb00000, 0x00000000e0400000)
  object space 228352K, 67% used [0x00000000a0c00000,0x00000000aa319e28,0x00000000aeb00000)
 Metaspace       used 17936K, capacity 18153K, committed 18304K, reserved 1064960K
  class space    used 1734K, capacity 1793K, committed 1920K, reserved 1048576K
GC Heap History (10 events):
Event: 20.272 GC heap before
{Heap before GC invocations=34 (full 3):
 PSYoungGen      total 290304K, used 270089K [0x00000000e0400000, 0x00000000f4000000, 0x0000000100000000)
  eden space 262144K, 99% used [0x00000000e0400000,0x00000000f03b93f0,0x00000000f0400000)
  from space 28160K, 29% used [0x00000000f2480000,0x00000000f2c89010,0x00000000f4000000)
  to   space 30720K, 0% used [0x00000000f0400000,0x00000000f0400000,0x00000000f2200000)
 ParOldGen       total 228352K, used 154607K [0x00000000a0c00000, 0x00000000aeb00000, 0x00000000e0400000)
  object space 228352K, 67% used [0x00000000a0c00000,0x00000000aa2fbe28,0x00000000aeb00000)
 Metaspace       used 17935K, capacity 18153K, committed 18304K, reserved 1064960K
  class space    used 1734K, capacity 1793K, committed 1920K, reserved 1048576K
Event: 20.273 GC heap after
Heap after GC invocations=34 (full 3):
 PSYoungGen      total 292864K, used 192K [0x00000000e0400000, 0x00000000f4000000, 0x0000000100000000)
  eden space 262144K, 0% used [0x00000000e0400000,0x00000000e0400000,0x00000000f0400000)
  from space 30720K, 0% used [0x00000000f0400000,0x00000000f0430000,0x00000000f2200000)
  to   space 29696K, 0% used [0x00000000f2300000,0x00000000f2300000,0x00000000f4000000)
 ParOldGen       total 228352K, used 154647K [0x00000000a0c00000, 0x00000000aeb00000, 0x00000000e0400000)
  object space 228352K, 67% used [0x00000000a0c00000,0x00000000aa305e28,0x00000000aeb00000)
 Metaspace       used 17935K, capacity 18153K, committed 18304K, reserved 1064960K
  class space    used 1734K, capacity 1793K, committed 1920K, reserved 1048576K
}
Event: 21.238 GC heap before
{Heap before GC invocations=35 (full 3):
 PSYoungGen      total 292864K, used 261844K [0x00000000e0400000, 0x00000000f4000000, 0x0000000100000000)
  eden space 262144K, 99% used [0x00000000e0400000,0x00000000f03851e8,0x00000000f0400000)
  from space 30720K, 0% used [0x00000000f0400000,0x00000000f0430000,0x00000000f2200000)
  to   space 29696K, 0% used [0x00000000f2300000,0x00000000f2300000,0x00000000f4000000)
 ParOldGen       total 228352K, used 154647K [0x00000000a0c00000, 0x00000000aeb00000, 0x00000000e0400000)
  object space 228352K, 67% used [0x00000000a0c00000,0x00000000aa305e28,0x00000000aeb00000)
 Metaspace       used 17935K, capacity 18153K, committed 18304K, reserved 1064960K
  class space    used 1734K, capacity 1793K, committed 1920K, reserved 1048576K
Event: 21.239 GC heap after
Heap after GC invocations=35 (full 3):
 PSYoungGen      total 291840K, used 160K [0x00000000e0400000, 0x00000000f3e80000, 0x0000000100000000)
  eden space 263680K, 0% used [0x00000000e0400000,0x00000000e0400000,0x00000000f0580000)
  from space 28160K, 0% used [0x00000000f2300000,0x00000000f2328000,0x00000000f3e80000)
  to   space 29184K, 0% used [0x00000000f0580000,0x00000000f0580000,0x00000000f2200000)
 ParOldGen       total 228352K, used 154679K [0x00000000a0c00000, 0x00000000aeb00000, 0x00000000e0400000)
  object space 228352K, 67% used [0x00000000a0c00000,0x00000000aa30de28,0x00000000aeb00000)
 Metaspace       used 17935K, capacity 18153K, committed 18304K, reserved 1064960K
  class space    used 1734K, capacity 1793K, committed 1920K, reserved 1048576K
}
Event: 22.172 GC heap before
{Heap before GC invocations=36 (full 3):
 PSYoungGen      total 291840K, used 259265K [0x00000000e0400000, 0x00000000f3e80000, 0x0000000100000000)
  eden space 263680K, 98% used [0x00000000e0400000,0x00000000f0108410,0x00000000f0580000)
  from space 28160K, 0% used [0x00000000f2300000,0x00000000f2328000,0x00000000f3e80000)
  to   space 29184K, 0% used [0x00000000f0580000,0x00000000f0580000,0x00000000f2200000)
 ParOldGen       total 228352K, used 154679K [0x00000000a0c00000, 0x00000000aeb00000, 0x00000000e0400000)
  object space 228352K, 67% used [0x00000000a0c00000,0x00000000aa30de28,0x00000000aeb00000)
 Metaspace       used 17935K, capacity 18153K, committed 18304K, reserved 1064960K
  class space    used 1734K, capacity 1793K, committed 1920K, reserved 1048576K
Event: 22.173 GC heap after
Heap after GC invocations=36 (full 3):
 PSYoungGen      total 292864K, used 160K [0x00000000e0400000, 0x00000000f3d80000, 0x0000000100000000)
  eden space 263680K, 0% used [0x00000000e0400000,0x00000000e0400000,0x00000000f0580000)
  from space 29184K, 0% used [0x00000000f0580000,0x00000000f05a8000,0x00000000f2200000)
  to   space 28160K, 0% used [0x00000000f2200000,0x00000000f2200000,0x00000000f3d80000)
 ParOldGen       total 228352K, used 154695K [0x00000000a0c00000, 0x00000000aeb00000, 0x00000000e0400000)
  object space 228352K, 67% used [0x00000000a0c00000,0x00000000aa311e28,0x00000000aeb00000)
 Metaspace       used 17935K, capacity 18153K, committed 18304K, reserved 1064960K
  class space    used 1734K, capacity 1793K, committed 1920K, reserved 1048576K
}
Event: 23.137 GC heap before
{Heap before GC invocations=37 (full 3):
 PSYoungGen      total 292864K, used 261954K [0x00000000e0400000, 0x00000000f3d80000, 0x0000000100000000)
  eden space 263680K, 99% used [0x00000000e0400000,0x00000000f03a8898,0x00000000f0580000)
  from space 29184K, 0% used [0x00000000f0580000,0x00000000f05a8000,0x00000000f2200000)
  to   space 28160K, 0% used [0x00000000f2200000,0x00000000f2200000,0x00000000f3d80000)
 ParOldGen       total 228352K, used 154695K [0x00000000a0c00000, 0x00000000aeb00000, 0x00000000e0400000)
  object space 228352K, 67% used [0x00000000a0c00000,0x00000000aa311e28,0x00000000aeb00000)
 Metaspace       used 17935K, capacity 18153K, committed 18304K, reserved 1064960K
  class space    used 1734K, capacity 1793K, committed 1920K, reserved 1048576K
Event: 23.138 GC heap after
Heap after GC invocations=37 (full 3):
 PSYoungGen      total 290816K, used 160K [0x00000000e0400000, 0x00000000f3b80000, 0x0000000100000000)
  eden space 264704K, 0% used [0x00000000e0400000,0x00000000e0400000,0x00000000f0680000)
  from space 26112K, 0% used [0x00000000f2200000,0x00000000f2228000,0x00000000f3b80000)
  to   space 27136K, 0% used [0x00000000f0680000,0x00000000f0680000,0x00000000f2100000)
 ParOldGen       total 228352K, used 154703K [0x00000000a0c00000, 0x00000000aeb00000, 0x00000000e0400000)
  object space 228352K, 67% used [0x00000000a0c00000,0x00000000aa313e28,0x00000000aeb00000)
 Metaspace       used 17935K, capacity 18153K, committed 18304K, reserved 1064960K
  class space    used 1734K, capacity 1793K, committed 1920K, reserved 1048576K
}
Event: 24.102 GC heap before
{Heap before GC invocations=38 (full 3):
 PSYoungGen      total 290816K, used 264676K [0x00000000e0400000, 0x00000000f3b80000, 0x0000000100000000)
  eden space 264704K, 99% used [0x00000000e0400000,0x00000000f0651190,0x00000000f0680000)
  from space 26112K, 0% used [0x00000000f2200000,0x00000000f2228000,0x00000000f3b80000)
  to   space 27136K, 0% used [0x00000000f0680000,0x00000000f0680000,0x00000000f2100000)
 ParOldGen       total 228352K, used 154703K [0x00000000a0c00000, 0x00000000aeb00000, 0x00000000e0400000)
  object space 228352K, 67% used [0x00000000a0c00000,0x00000000aa313e28,0x00000000aeb00000)
 Metaspace       used 17935K, capacity 18153K, committed 18304K, reserved 1064960K
  class space    used 1734K, capacity 1793K, committed 1920K, reserved 1048576K
Event: 24.103 GC heap after
Heap after GC invocations=38 (full 3):
 PSYoungGen      total 291840K, used 128K [0x00000000e0400000, 0x00000000f3a80000, 0x0000000100000000)
  eden space 264704K, 0% used [0x00000000e0400000,0x00000000e0400000,0x00000000f0680000)
  from space 27136K, 0% used [0x00000000f0680000,0x00000000f06a0000,0x00000000f2100000)
  to   space 26112K, 0% used [0x00000000f2100000,0x00000000f2100000,0x00000000f3a80000)
 ParOldGen       total 228352K, used 154727K [0x00000000a0c00000, 0x00000000aeb00000, 0x00000000e0400000)
  object space 228352K, 67% used [0x00000000a0c00000,0x00000000aa319e28,0x00000000aeb00000)
 Metaspace       used 17935K, capacity 18153K, committed 18304K, reserved 1064960K
  class space    used 1734K, capacity 1793K, committed 1920K, reserved 1048576K
}

