# JRE version: Java(TM) SE Runtime Environment (8.0_25-b18) (build 1.8.0_25-b18)
# Java VM: Java HotSpot(TM) 64-Bit Server VM (25.25-b02 mixed mode windows-amd64 compressed oops)
Heap:
 PSYoungGen      total 386560K, used 192941K [0x00000000e0400000, 0x00000000fa200000, 0x0000000100000000)
  eden space 350208K, 54% used [0x00000000e0400000,0x00000000ebfc3598,0x00000000f5a00000)
  from space 36352K, 1% used [0x00000000f7e00000,0x00000000f7ea8000,0x00000000fa180000)
  to   space 36864K, 0% used [0x00000000f5a00000,0x00000000f5a00000,0x00000000f7e00000)
 ParOldGen       total 204288K, used 155577K [0x00000000a0c00000, 0x00000000ad380000, 0x00000000e0400000)
  object space 204288K, 76% used [0x00000000a0c00000,0x00000000aa3ee6d0,0x00000000ad380000)
 Metaspace       used 18508K, capacity 18729K, committed 19072K, reserved 1067008K
  class space    used 1762K, capacity 1793K, committed 1920K, reserved 1048576K
GC Heap History (10 events):
Event: 14.173 GC heap before
{Heap before GC invocations=25 (full 3):
 PSYoungGen      total 366080K, used 343095K [0x00000000e0400000, 0x00000000f9d00000, 0x0000000100000000)
  eden space 323584K, 99% used [0x00000000e0400000,0x00000000f3fd5500,0x00000000f4000000)
  from space 42496K, 46% used [0x00000000f4000000,0x00000000f5338770,0x00000000f6980000)
  to   space 41472K, 0% used [0x00000000f7480000,0x00000000f7480000,0x00000000f9d00000)
 ParOldGen       total 204288K, used 145496K [0x00000000a0c00000, 0x00000000ad380000, 0x00000000e0400000)
  object space 204288K, 71% used [0x00000000a0c00000,0x00000000a9a16010,0x00000000ad380000)
 Metaspace       used 18407K, capacity 18601K, committed 18816K, reserved 1067008K
  class space    used 1761K, capacity 1793K, committed 1920K, reserved 1048576K
Event: 14.183 GC heap after
Heap after GC invocations=25 (full 3):
 PSYoungGen      total 372224K, used 18801K [0x00000000e0400000, 0x00000000f9880000, 0x0000000100000000)
  eden space 335360K, 0% used [0x00000000e0400000,0x00000000e0400000,0x00000000f4b80000)
  from space 36864K, 51% used [0x00000000f7480000,0x00000000f86dc760,0x00000000f9880000)
  to   space 39424K, 0% used [0x00000000f4b80000,0x00000000f4b80000,0x00000000f7200000)
 ParOldGen       total 204288K, used 145496K [0x00000000a0c00000, 0x00000000ad380000, 0x00000000e0400000)
  object space 204288K, 71% used [0x00000000a0c00000,0x00000000a9a16010,0x00000000ad380000)
 Metaspace       used 18407K, capacity 18601K, committed 18816K, reserved 1067008K
  class space    used 1761K, capacity 1793K, committed 1920K, reserved 1048576K
}
Event: 15.306 GC heap before
{Heap before GC invocations=26 (full 3):
 PSYoungGen      total 372224K, used 353984K [0x00000000e0400000, 0x00000000f9880000, 0x0000000100000000)
  eden space 335360K, 99% used [0x00000000e0400000,0x00000000f4b53978,0x00000000f4b80000)
  from space 36864K, 51% used [0x00000000f7480000,0x00000000f86dc760,0x00000000f9880000)
  to   space 39424K, 0% used [0x00000000f4b80000,0x00000000f4b80000,0x00000000f7200000)
 ParOldGen       total 204288K, used 145496K [0x00000000a0c00000, 0x00000000ad380000, 0x00000000e0400000)
  object space 204288K, 71% used [0x00000000a0c00000,0x00000000a9a16010,0x00000000ad380000)
 Metaspace       used 18454K, capacity 18665K, committed 18816K, reserved 1067008K
  class space    used 1761K, capacity 1793K, committed 1920K, reserved 1048576K
Event: 15.313 GC heap after
Heap after GC invocations=26 (full 3):
 PSYoungGen      total 374784K, used 19679K [0x00000000e0400000, 0x00000000fa180000, 0x0000000100000000)
  eden space 335360K, 0% used [0x00000000e0400000,0x00000000e0400000,0x00000000f4b80000)
  from space 39424K, 49% used [0x00000000f4b80000,0x00000000f5eb7dd0,0x00000000f7200000)
  to   space 38400K, 0% used [0x00000000f7c00000,0x00000000f7c00000,0x00000000fa180000)
 ParOldGen       total 204288K, used 145504K [0x00000000a0c00000, 0x00000000ad380000, 0x00000000e0400000)
  object space 204288K, 71% used [0x00000000a0c00000,0x00000000a9a18010,0x00000000ad380000)
 Metaspace       used 18454K, capacity 18665K, committed 18816K, reserved 1067008K
  class space    used 1761K, capacity 1793K, committed 1920K, reserved 1048576K
}
Event: 16.468 GC heap before
{Heap before GC invocations=27 (full 3):
 PSYoungGen      total 374784K, used 354859K [0x00000000e0400000, 0x00000000fa180000, 0x0000000100000000)
  eden space 335360K, 99% used [0x00000000e0400000,0x00000000f4b52fb8,0x00000000f4b80000)
  from space 39424K, 49% used [0x00000000f4b80000,0x00000000f5eb7dd0,0x00000000f7200000)
  to   space 38400K, 0% used [0x00000000f7c00000,0x00000000f7c00000,0x00000000fa180000)
 ParOldGen       total 204288K, used 145504K [0x00000000a0c00000, 0x00000000ad380000, 0x00000000e0400000)
  object space 204288K, 71% used [0x00000000a0c00000,0x00000000a9a18010,0x00000000ad380000)
 Metaspace       used 18463K, capacity 18665K, committed 18816K, reserved 1067008K
  class space    used 1761K, capacity 1793K, committed 1920K, reserved 1048576K
Event: 16.472 GC heap after
Heap after GC invocations=27 (full 3):
 PSYoungGen      total 378880K, used 10733K [0x00000000e0400000, 0x00000000f9d80000, 0x0000000100000000)
  eden space 344576K, 0% used [0x00000000e0400000,0x00000000e0400000,0x00000000f5480000)
  from space 34304K, 31% used [0x00000000f7c00000,0x00000000f867b750,0x00000000f9d80000)
  to   space 37376K, 0% used [0x00000000f5480000,0x00000000f5480000,0x00000000f7900000)
 ParOldGen       total 204288K, used 145512K [0x00000000a0c00000, 0x00000000ad380000, 0x00000000e0400000)
  object space 204288K, 71% used [0x00000000a0c00000,0x00000000a9a1a010,0x00000000ad380000)
 Metaspace       used 18463K, capacity 18665K, committed 18816K, reserved 1067008K
  class space    used 1761K, capacity 1793K, committed 1920K, reserved 1048576K
}
Event: 17.603 GC heap before
{Heap before GC invocations=28 (full 3):
 PSYoungGen      total 378880K, used 350021K [0x00000000e0400000, 0x00000000f9d80000, 0x0000000100000000)
  eden space 344576K, 98% used [0x00000000e0400000,0x00000000f4f55e58,0x00000000f5480000)
  from space 34304K, 31% used [0x00000000f7c00000,0x00000000f867b750,0x00000000f9d80000)
  to   space 37376K, 0% used [0x00000000f5480000,0x00000000f5480000,0x00000000f7900000)
 ParOldGen       total 204288K, used 145512K [0x00000000a0c00000, 0x00000000ad380000, 0x00000000e0400000)
  object space 204288K, 71% used [0x00000000a0c00000,0x00000000a9a1a010,0x00000000ad380000)
 Metaspace       used 18480K, capacity 18665K, committed 18816K, reserved 1067008K
  class space    used 1761K, capacity 1793K, committed 1920K, reserved 1048576K
Event: 17.606 GC heap after
Heap after GC invocations=28 (full 3):
 PSYoungGen      total 381952K, used 9652K [0x00000000e0400000, 0x00000000fa180000, 0x0000000100000000)
  eden space 344576K, 0% used [0x00000000e0400000,0x00000000e0400000,0x00000000f5480000)
  from space 37376K, 25% used [0x00000000f5480000,0x00000000f5ded020,0x00000000f7900000)
  to   space 36352K, 0% used [0x00000000f7e00000,0x00000000f7e00000,0x00000000fa180000)
 ParOldGen       total 204288K, used 146581K [0x00000000a0c00000, 0x00000000ad380000, 0x00000000e0400000)
  object space 204288K, 71% used [0x00000000a0c00000,0x00000000a9b256b0,0x00000000ad380000)
 Metaspace       used 18480K, capacity 18665K, committed 18816K, reserved 1067008K
  class space    used 1761K, capacity 1793K, committed 1920K, reserved 1048576K
}
Event: 18.770 GC heap before
{Heap before GC invocations=29 (full 3):
 PSYoungGen      total 381952K, used 353939K [0x00000000e0400000, 0x00000000fa180000, 0x0000000100000000)
  eden space 344576K, 99% used [0x00000000e0400000,0x00000000f5437d28,0x00000000f5480000)
  from space 37376K, 25% used [0x00000000f5480000,0x00000000f5ded020,0x00000000f7900000)
  to   space 36352K, 0% used [0x00000000f7e00000,0x00000000f7e00000,0x00000000fa180000)
 ParOldGen       total 204288K, used 146581K [0x00000000a0c00000, 0x00000000ad380000, 0x00000000e0400000)
  object space 204288K, 71% used [0x00000000a0c00000,0x00000000a9b256b0,0x00000000ad380000)
 Metaspace       used 18503K, capacity 18729K, committed 19072K, reserved 1067008K
  class space    used 1761K, capacity 1793K, committed 1920K, reserved 1048576K
Event: 18.776 GC heap after
Heap after GC invocations=29 (full 3):
 PSYoungGen      total 386560K, used 672K [0x00000000e0400000, 0x00000000fa200000, 0x0000000100000000)
  eden space 350208K, 0% used [0x00000000e0400000,0x00000000e0400000,0x00000000f5a00000)
  from space 36352K, 1% used [0x00000000f7e00000,0x00000000f7ea8000,0x00000000fa180000)
  to   space 36864K, 0% used [0x00000000f5a00000,0x00000000f5a00000,0x00000000f7e00000)
 ParOldGen       total 204288K, used 155577K [0x00000000a0c00000, 0x00000000ad380000, 0x00000000e0400000)
  object space 204288K, 76% used [0x00000000a0c00000,0x00000000aa3ee6d0,0x00000000ad380000)
 Metaspace       used 18503K, capacity 18729K, committed 19072K, reserved 1067008K
  class space    used 1761K, capacity 1793K, committed 1920K, reserved 1048576K
}

