# JRE version: Java(TM) SE Runtime Environment (8.0_25-b18) (build 1.8.0_25-b18)
# Java VM: Java HotSpot(TM) 64-Bit Server VM (25.25-b02 mixed mode windows-amd64 compressed oops)
Heap:
 PSYoungGen      total 393216K, used 96917K [0x00000000e0400000, 0x00000000f9300000, 0x0000000100000000)
  eden space 379904K, 25% used [0x00000000e0400000,0x00000000e628d760,0x00000000f7700000)
  from space 13312K, 0% used [0x00000000f8600000,0x00000000f8618000,0x00000000f9300000)
  to   space 14336K, 0% used [0x00000000f7700000,0x00000000f7700000,0x00000000f8500000)
 ParOldGen       total 223744K, used 155338K [0x00000000a0c00000, 0x00000000ae680000, 0x00000000e0400000)
  object space 223744K, 69% used [0x00000000a0c00000,0x00000000aa3b2aa8,0x00000000ae680000)
 Metaspace       used 18037K, capacity 18217K, committed 18560K, reserved 1067008K
  class space    used 1735K, capacity 1793K, committed 1920K, reserved 1048576K
GC Heap History (10 events):
Event: 18.579 GC heap before
{Heap before GC invocations=39 (full 3):
 PSYoungGen      total 393216K, used 371840K [0x00000000e0400000, 0x00000000f9a00000, 0x0000000100000000)
  eden space 371712K, 100% used [0x00000000e0400000,0x00000000f6f00000,0x00000000f6f00000)
  from space 21504K, 0% used [0x00000000f6f00000,0x00000000f6f20000,0x00000000f8400000)
  to   space 20480K, 0% used [0x00000000f8600000,0x00000000f8600000,0x00000000f9a00000)
 ParOldGen       total 223744K, used 155274K [0x00000000a0c00000, 0x00000000ae680000, 0x00000000e0400000)
  object space 223744K, 69% used [0x00000000a0c00000,0x00000000aa3a2aa8,0x00000000ae680000)
 Metaspace       used 17996K, capacity 18217K, committed 18560K, reserved 1067008K
  class space    used 1723K, capacity 1793K, committed 1920K, reserved 1048576K
Event: 18.580 GC heap after
Heap after GC invocations=39 (full 3):
 PSYoungGen      total 392192K, used 160K [0x00000000e0400000, 0x00000000f9700000, 0x0000000100000000)
  eden space 374784K, 0% used [0x00000000e0400000,0x00000000e0400000,0x00000000f7200000)
  from space 17408K, 0% used [0x00000000f8600000,0x00000000f8628000,0x00000000f9700000)
  to   space 18944K, 0% used [0x00000000f7200000,0x00000000f7200000,0x00000000f8480000)
 ParOldGen       total 223744K, used 155274K [0x00000000a0c00000, 0x00000000ae680000, 0x00000000e0400000)
  object space 223744K, 69% used [0x00000000a0c00000,0x00000000aa3a2aa8,0x00000000ae680000)
 Metaspace       used 17996K, capacity 18217K, committed 18560K, reserved 1067008K
  class space    used 1723K, capacity 1793K, committed 1920K, reserved 1048576K
}
Event: 19.176 GC heap before
{Heap before GC invocations=40 (full 3):
 PSYoungGen      total 392192K, used 374944K [0x00000000e0400000, 0x00000000f9700000, 0x0000000100000000)
  eden space 374784K, 100% used [0x00000000e0400000,0x00000000f7200000,0x00000000f7200000)
  from space 17408K, 0% used [0x00000000f8600000,0x00000000f8628000,0x00000000f9700000)
  to   space 18944K, 0% used [0x00000000f7200000,0x00000000f7200000,0x00000000f8480000)
 ParOldGen       total 223744K, used 155274K [0x00000000a0c00000, 0x00000000ae680000, 0x00000000e0400000)
  object space 223744K, 69% used [0x00000000a0c00000,0x00000000aa3a2aa8,0x00000000ae680000)
 Metaspace       used 17996K, capacity 18217K, committed 18560K, reserved 1067008K
  class space    used 1723K, capacity 1793K, committed 1920K, reserved 1048576K
Event: 19.177 GC heap after
Heap after GC invocations=40 (full 3):
 PSYoungGen      total 393728K, used 192K [0x00000000e0400000, 0x00000000f9800000, 0x0000000100000000)
  eden space 374784K, 0% used [0x00000000e0400000,0x00000000e0400000,0x00000000f7200000)
  from space 18944K, 1% used [0x00000000f7200000,0x00000000f7230000,0x00000000f8480000)
  to   space 17920K, 0% used [0x00000000f8680000,0x00000000f8680000,0x00000000f9800000)
 ParOldGen       total 223744K, used 155282K [0x00000000a0c00000, 0x00000000ae680000, 0x00000000e0400000)
  object space 223744K, 69% used [0x00000000a0c00000,0x00000000aa3a4aa8,0x00000000ae680000)
 Metaspace       used 17996K, capacity 18217K, committed 18560K, reserved 1067008K
  class space    used 1723K, capacity 1793K, committed 1920K, reserved 1048576K
}
Event: 19.754 GC heap before
{Heap before GC invocations=41 (full 3):
 PSYoungGen      total 393728K, used 374976K [0x00000000e0400000, 0x00000000f9800000, 0x0000000100000000)
  eden space 374784K, 100% used [0x00000000e0400000,0x00000000f7200000,0x00000000f7200000)
  from space 18944K, 1% used [0x00000000f7200000,0x00000000f7230000,0x00000000f8480000)
  to   space 17920K, 0% used [0x00000000f8680000,0x00000000f8680000,0x00000000f9800000)
 ParOldGen       total 223744K, used 155282K [0x00000000a0c00000, 0x00000000ae680000, 0x00000000e0400000)
  object space 223744K, 69% used [0x00000000a0c00000,0x00000000aa3a4aa8,0x00000000ae680000)
 Metaspace       used 17996K, capacity 18217K, committed 18560K, reserved 1067008K
  class space    used 1723K, capacity 1793K, committed 1920K, reserved 1048576K
Event: 19.755 GC heap after
Heap after GC invocations=41 (full 3):
 PSYoungGen      total 391680K, used 128K [0x00000000e0400000, 0x00000000f9480000, 0x0000000100000000)
  eden space 377344K, 0% used [0x00000000e0400000,0x00000000e0400000,0x00000000f7480000)
  from space 14336K, 0% used [0x00000000f8680000,0x00000000f86a0000,0x00000000f9480000)
  to   space 16384K, 0% used [0x00000000f7480000,0x00000000f7480000,0x00000000f8480000)
 ParOldGen       total 223744K, used 155306K [0x00000000a0c00000, 0x00000000ae680000, 0x00000000e0400000)
  object space 223744K, 69% used [0x00000000a0c00000,0x00000000aa3aaaa8,0x00000000ae680000)
 Metaspace       used 17996K, capacity 18217K, committed 18560K, reserved 1067008K
  class space    used 1723K, capacity 1793K, committed 1920K, reserved 1048576K
}
Event: 20.355 GC heap before
{Heap before GC invocations=42 (full 3):
 PSYoungGen      total 391680K, used 377472K [0x00000000e0400000, 0x00000000f9480000, 0x0000000100000000)
  eden space 377344K, 100% used [0x00000000e0400000,0x00000000f7480000,0x00000000f7480000)
  from space 14336K, 0% used [0x00000000f8680000,0x00000000f86a0000,0x00000000f9480000)
  to   space 16384K, 0% used [0x00000000f7480000,0x00000000f7480000,0x00000000f8480000)
 ParOldGen       total 223744K, used 155306K [0x00000000a0c00000, 0x00000000ae680000, 0x00000000e0400000)
  object space 223744K, 69% used [0x00000000a0c00000,0x00000000aa3aaaa8,0x00000000ae680000)
 Metaspace       used 17999K, capacity 18217K, committed 18560K, reserved 1067008K
  class space    used 1723K, capacity 1793K, committed 1920K, reserved 1048576K
Event: 20.356 GC heap after
Heap after GC invocations=42 (full 3):
 PSYoungGen      total 393728K, used 160K [0x00000000e0400000, 0x00000000f9500000, 0x0000000100000000)
  eden space 377344K, 0% used [0x00000000e0400000,0x00000000e0400000,0x00000000f7480000)
  from space 16384K, 0% used [0x00000000f7480000,0x00000000f74a8000,0x00000000f8480000)
  to   space 15360K, 0% used [0x00000000f8600000,0x00000000f8600000,0x00000000f9500000)
 ParOldGen       total 223744K, used 155330K [0x00000000a0c00000, 0x00000000ae680000, 0x00000000e0400000)
  object space 223744K, 69% used [0x00000000a0c00000,0x00000000aa3b0aa8,0x00000000ae680000)
 Metaspace       used 17999K, capacity 18217K, committed 18560K, reserved 1067008K
  class space    used 1723K, capacity 1793K, committed 1920K, reserved 1048576K
}
Event: 20.978 GC heap before
{Heap before GC invocations=43 (full 3):
 PSYoungGen      total 393728K, used 377504K [0x00000000e0400000, 0x00000000f9500000, 0x0000000100000000)
  eden space 377344K, 100% used [0x00000000e0400000,0x00000000f7480000,0x00000000f7480000)
  from space 16384K, 0% used [0x00000000f7480000,0x00000000f74a8000,0x00000000f8480000)
  to   space 15360K, 0% used [0x00000000f8600000,0x00000000f8600000,0x00000000f9500000)
 ParOldGen       total 223744K, used 155330K [0x00000000a0c00000, 0x00000000ae680000, 0x00000000e0400000)
  object space 223744K, 69% used [0x00000000a0c00000,0x00000000aa3b0aa8,0x00000000ae680000)
 Metaspace       used 18002K, capacity 18217K, committed 18560K, reserved 1067008K
  class space    used 1723K, capacity 1793K, committed 1920K, reserved 1048576K
Event: 20.979 GC heap after
Heap after GC invocations=43 (full 3):
 PSYoungGen      total 393216K, used 96K [0x00000000e0400000, 0x00000000f9300000, 0x0000000100000000)
  eden space 379904K, 0% used [0x00000000e0400000,0x00000000e0400000,0x00000000f7700000)
  from space 13312K, 0% used [0x00000000f8600000,0x00000000f8618000,0x00000000f9300000)
  to   space 14336K, 0% used [0x00000000f7700000,0x00000000f7700000,0x00000000f8500000)
 ParOldGen       total 223744K, used 155338K [0x00000000a0c00000, 0x00000000ae680000, 0x00000000e0400000)
  object space 223744K, 69% used [0x00000000a0c00000,0x00000000aa3b2aa8,0x00000000ae680000)
 Metaspace       used 18002K, capacity 18217K, committed 18560K, reserved 1067008K
  class space    used 1723K, capacity 1793K, committed 1920K, reserved 1048576K
}

