# JRE version: Java(TM) SE Runtime Environment (8.0_25-b18) (build 1.8.0_25-b18)
# Java VM: Java HotSpot(TM) 64-Bit Server VM (25.25-b02 mixed mode windows-amd64 compressed oops)
Heap:
 PSYoungGen      total 409600K, used 111196K [0x00000000e0400000, 0x00000000fd080000, 0x0000000100000000)
  eden space 353792K, 20% used [0x00000000e0400000,0x00000000e4a8d750,0x00000000f5d80000)
  from space 55808K, 69% used [0x00000000f9a00000,0x00000000fc009948,0x00000000fd080000)
  to   space 58880K, 0% used [0x00000000f5d80000,0x00000000f5d80000,0x00000000f9700000)
 ParOldGen       total 205312K, used 116850K [0x00000000a0c00000, 0x00000000ad480000, 0x00000000e0400000)
  object space 205312K, 56% used [0x00000000a0c00000,0x00000000a7e1cbe0,0x00000000ad480000)
 Metaspace       used 17551K, capacity 17733K, committed 17920K, reserved 1064960K
  class space    used 1719K, capacity 1761K, committed 1792K, reserved 1048576K
GC Heap History (10 events):
Event: 4.210 GC heap before
{Heap before GC invocations=12 (full 2):
 PSYoungGen      total 266240K, used 240686K [0x00000000e0400000, 0x00000000f6580000, 0x0000000100000000)
  eden space 216064K, 97% used [0x00000000e0400000,0x00000000ed1c7058,0x00000000ed700000)
  from space 50176K, 59% used [0x00000000ed700000,0x00000000ef444928,0x00000000f0800000)
  to   space 48640K, 0% used [0x00000000f3600000,0x00000000f3600000,0x00000000f6580000)
 ParOldGen       total 205312K, used 116826K [0x00000000a0c00000, 0x00000000ad480000, 0x00000000e0400000)
  object space 205312K, 56% used [0x00000000a0c00000,0x00000000a7e16be0,0x00000000ad480000)
 Metaspace       used 17390K, capacity 17605K, committed 17664K, reserved 1064960K
  class space    used 1706K, capacity 1761K, committed 1792K, reserved 1048576K
Event: 4.226 GC heap after
Heap after GC invocations=12 (full 2):
 PSYoungGen      total 310272K, used 38909K [0x00000000e0400000, 0x00000000f6580000, 0x0000000100000000)
  eden space 261632K, 0% used [0x00000000e0400000,0x00000000e0400000,0x00000000f0380000)
  from space 48640K, 79% used [0x00000000f3600000,0x00000000f5bff790,0x00000000f6580000)
  to   space 50176K, 0% used [0x00000000f0380000,0x00000000f0380000,0x00000000f3480000)
 ParOldGen       total 205312K, used 116834K [0x00000000a0c00000, 0x00000000ad480000, 0x00000000e0400000)
  object space 205312K, 56% used [0x00000000a0c00000,0x00000000a7e18be0,0x00000000ad480000)
 Metaspace       used 17390K, capacity 17605K, committed 17664K, reserved 1064960K
  class space    used 1706K, capacity 1761K, committed 1792K, reserved 1048576K
}
Event: 4.632 GC heap before
{Heap before GC invocations=13 (full 2):
 PSYoungGen      total 310272K, used 300541K [0x00000000e0400000, 0x00000000f6580000, 0x0000000100000000)
  eden space 261632K, 100% used [0x00000000e0400000,0x00000000f0380000,0x00000000f0380000)
  from space 48640K, 79% used [0x00000000f3600000,0x00000000f5bff790,0x00000000f6580000)
  to   space 50176K, 0% used [0x00000000f0380000,0x00000000f0380000,0x00000000f3480000)
 ParOldGen       total 205312K, used 116834K [0x00000000a0c00000, 0x00000000ad480000, 0x00000000e0400000)
  object space 205312K, 56% used [0x00000000a0c00000,0x00000000a7e18be0,0x00000000ad480000)
 Metaspace       used 17443K, capacity 17669K, committed 17920K, reserved 1064960K
  class space    used 1706K, capacity 1761K, committed 1792K, reserved 1048576K
Event: 4.643 GC heap after
Heap after GC invocations=13 (full 2):
 PSYoungGen      total 311808K, used 38918K [0x00000000e0400000, 0x00000000f9880000, 0x0000000100000000)
  eden space 261632K, 0% used [0x00000000e0400000,0x00000000e0400000,0x00000000f0380000)
  from space 50176K, 77% used [0x00000000f0380000,0x00000000f2981948,0x00000000f3480000)
  to   space 51712K, 0% used [0x00000000f6600000,0x00000000f6600000,0x00000000f9880000)
 ParOldGen       total 205312K, used 116834K [0x00000000a0c00000, 0x00000000ad480000, 0x00000000e0400000)
  object space 205312K, 56% used [0x00000000a0c00000,0x00000000a7e18be0,0x00000000ad480000)
 Metaspace       used 17443K, capacity 17669K, committed 17920K, reserved 1064960K
  class space    used 1706K, capacity 1761K, committed 1792K, reserved 1048576K
}
Event: 5.045 GC heap before
{Heap before GC invocations=14 (full 2):
 PSYoungGen      total 311808K, used 300550K [0x00000000e0400000, 0x00000000f9880000, 0x0000000100000000)
  eden space 261632K, 100% used [0x00000000e0400000,0x00000000f0380000,0x00000000f0380000)
  from space 50176K, 77% used [0x00000000f0380000,0x00000000f2981948,0x00000000f3480000)
  to   space 51712K, 0% used [0x00000000f6600000,0x00000000f6600000,0x00000000f9880000)
 ParOldGen       total 205312K, used 116834K [0x00000000a0c00000, 0x00000000ad480000, 0x00000000e0400000)
  object space 205312K, 56% used [0x00000000a0c00000,0x00000000a7e18be0,0x00000000ad480000)
 Metaspace       used 17454K, capacity 17669K, committed 17920K, reserved 1064960K
  class space    used 1706K, capacity 1761K, committed 1792K, reserved 1048576K
Event: 5.063 GC heap after
Heap after GC invocations=14 (full 2):
 PSYoungGen      total 358400K, used 47018K [0x00000000e0400000, 0x00000000f9e80000, 0x0000000100000000)
  eden space 306688K, 0% used [0x00000000e0400000,0x00000000e0400000,0x00000000f2f80000)
  from space 51712K, 90% used [0x00000000f6600000,0x00000000f93ea958,0x00000000f9880000)
  to   space 55808K, 0% used [0x00000000f2f80000,0x00000000f2f80000,0x00000000f6600000)
 ParOldGen       total 205312K, used 116842K [0x00000000a0c00000, 0x00000000ad480000, 0x00000000e0400000)
  object space 205312K, 56% used [0x00000000a0c00000,0x00000000a7e1abe0,0x00000000ad480000)
 Metaspace       used 17454K, capacity 17669K, committed 17920K, reserved 1064960K
  class space    used 1706K, capacity 1761K, committed 1792K, reserved 1048576K
}
Event: 5.516 GC heap before
{Heap before GC invocations=15 (full 2):
 PSYoungGen      total 358400K, used 353706K [0x00000000e0400000, 0x00000000f9e80000, 0x0000000100000000)
  eden space 306688K, 100% used [0x00000000e0400000,0x00000000f2f80000,0x00000000f2f80000)
  from space 51712K, 90% used [0x00000000f6600000,0x00000000f93ea958,0x00000000f9880000)
  to   space 55808K, 0% used [0x00000000f2f80000,0x00000000f2f80000,0x00000000f6600000)
 ParOldGen       total 205312K, used 116842K [0x00000000a0c00000, 0x00000000ad480000, 0x00000000e0400000)
  object space 205312K, 56% used [0x00000000a0c00000,0x00000000a7e1abe0,0x00000000ad480000)
 Metaspace       used 17481K, capacity 17669K, committed 17920K, reserved 1064960K
  class space    used 1706K, capacity 1761K, committed 1792K, reserved 1048576K
Event: 5.527 GC heap after
Heap after GC invocations=15 (full 2):
 PSYoungGen      total 362496K, used 47866K [0x00000000e0400000, 0x00000000fd400000, 0x0000000100000000)
  eden space 306688K, 0% used [0x00000000e0400000,0x00000000e0400000,0x00000000f2f80000)
  from space 55808K, 85% used [0x00000000f2f80000,0x00000000f5e3e968,0x00000000f6600000)
  to   space 59392K, 0% used [0x00000000f9a00000,0x00000000f9a00000,0x00000000fd400000)
 ParOldGen       total 205312K, used 116842K [0x00000000a0c00000, 0x00000000ad480000, 0x00000000e0400000)
  object space 205312K, 56% used [0x00000000a0c00000,0x00000000a7e1abe0,0x00000000ad480000)
 Metaspace       used 17481K, capacity 17669K, committed 17920K, reserved 1064960K
  class space    used 1706K, capacity 1761K, committed 1792K, reserved 1048576K
}
Event: 5.997 GC heap before
{Heap before GC invocations=16 (full 2):
 PSYoungGen      total 362496K, used 354554K [0x00000000e0400000, 0x00000000fd400000, 0x0000000100000000)
  eden space 306688K, 100% used [0x00000000e0400000,0x00000000f2f80000,0x00000000f2f80000)
  from space 55808K, 85% used [0x00000000f2f80000,0x00000000f5e3e968,0x00000000f6600000)
  to   space 59392K, 0% used [0x00000000f9a00000,0x00000000f9a00000,0x00000000fd400000)
 ParOldGen       total 205312K, used 116842K [0x00000000a0c00000, 0x00000000ad480000, 0x00000000e0400000)
  object space 205312K, 56% used [0x00000000a0c00000,0x00000000a7e1abe0,0x00000000ad480000)
 Metaspace       used 17506K, capacity 17733K, committed 17920K, reserved 1064960K
  class space    used 1706K, capacity 1761K, committed 1792K, reserved 1048576K
Event: 6.013 GC heap after
Heap after GC invocations=16 (full 2):
 PSYoungGen      total 409600K, used 38950K [0x00000000e0400000, 0x00000000fd080000, 0x0000000100000000)
  eden space 353792K, 0% used [0x00000000e0400000,0x00000000e0400000,0x00000000f5d80000)
  from space 55808K, 69% used [0x00000000f9a00000,0x00000000fc009948,0x00000000fd080000)
  to   space 58880K, 0% used [0x00000000f5d80000,0x00000000f5d80000,0x00000000f9700000)
 ParOldGen       total 205312K, used 116850K [0x00000000a0c00000, 0x00000000ad480000, 0x00000000e0400000)
  object space 205312K, 56% used [0x00000000a0c00000,0x00000000a7e1cbe0,0x00000000ad480000)
 Metaspace       used 17506K, capacity 17733K, committed 17920K, reserved 1064960K
  class space    used 1706K, capacity 1761K, committed 1792K, reserved 1048576K
}

