# JRE version: Java(TM) SE Runtime Environment (8.0_25-b18) (build 1.8.0_25-b18)
# Java VM: Java HotSpot(TM) 64-Bit Server VM (25.25-b02 mixed mode windows-amd64 compressed oops)
Heap:
 PSYoungGen      total 358912K, used 145496K [0x00000000e0400000, 0x00000000f7980000, 0x0000000100000000)
  eden space 337408K, 42% used [0x00000000e0400000,0x00000000e91760f0,0x00000000f4d80000)
  from space 21504K, 2% used [0x00000000f6480000,0x00000000f6520000,0x00000000f7980000)
  to   space 22528K, 0% used [0x00000000f4d80000,0x00000000f4d80000,0x00000000f6380000)
 ParOldGen       total 226304K, used 155164K [0x00000000a0c00000, 0x00000000ae900000, 0x00000000e0400000)
  object space 226304K, 68% used [0x00000000a0c00000,0x00000000aa387158,0x00000000ae900000)
 Metaspace       used 18397K, capacity 18601K, committed 18816K, reserved 1067008K
  class space    used 1762K, capacity 1793K, committed 1920K, reserved 1048576K
GC Heap History (10 events):
Event: 12.719 GC heap before
{Heap before GC invocations=39 (full 3):
 PSYoungGen      total 356864K, used 328896K [0x00000000e0400000, 0x00000000f7e80000, 0x0000000100000000)
  eden space 328704K, 100% used [0x00000000e0400000,0x00000000f4500000,0x00000000f4500000)
  from space 28160K, 0% used [0x00000000f4500000,0x00000000f4530000,0x00000000f6080000)
  to   space 27648K, 0% used [0x00000000f6380000,0x00000000f6380000,0x00000000f7e80000)
 ParOldGen       total 226304K, used 155092K [0x00000000a0c00000, 0x00000000ae900000, 0x00000000e0400000)
  object space 226304K, 68% used [0x00000000a0c00000,0x00000000aa375158,0x00000000ae900000)
 Metaspace       used 17886K, capacity 18121K, committed 18176K, reserved 1064960K
  class space    used 1711K, capacity 1761K, committed 1792K, reserved 1048576K
Event: 12.721 GC heap after
Heap after GC invocations=39 (full 3):
 PSYoungGen      total 356864K, used 160K [0x00000000e0400000, 0x00000000f7c00000, 0x0000000100000000)
  eden space 331776K, 0% used [0x00000000e0400000,0x00000000e0400000,0x00000000f4800000)
  from space 25088K, 0% used [0x00000000f6380000,0x00000000f63a8000,0x00000000f7c00000)
  to   space 26624K, 0% used [0x00000000f4800000,0x00000000f4800000,0x00000000f6200000)
 ParOldGen       total 226304K, used 155100K [0x00000000a0c00000, 0x00000000ae900000, 0x00000000e0400000)
  object space 226304K, 68% used [0x00000000a0c00000,0x00000000aa377158,0x00000000ae900000)
 Metaspace       used 17886K, capacity 18121K, committed 18176K, reserved 1064960K
  class space    used 1711K, capacity 1761K, committed 1792K, reserved 1048576K
}
Event: 13.317 GC heap before
{Heap before GC invocations=40 (full 3):
 PSYoungGen      total 356864K, used 331936K [0x00000000e0400000, 0x00000000f7c00000, 0x0000000100000000)
  eden space 331776K, 100% used [0x00000000e0400000,0x00000000f4800000,0x00000000f4800000)
  from space 25088K, 0% used [0x00000000f6380000,0x00000000f63a8000,0x00000000f7c00000)
  to   space 26624K, 0% used [0x00000000f4800000,0x00000000f4800000,0x00000000f6200000)
 ParOldGen       total 226304K, used 155100K [0x00000000a0c00000, 0x00000000ae900000, 0x00000000e0400000)
  object space 226304K, 68% used [0x00000000a0c00000,0x00000000aa377158,0x00000000ae900000)
 Metaspace       used 18356K, capacity 18601K, committed 18816K, reserved 1067008K
  class space    used 1762K, capacity 1793K, committed 1920K, reserved 1048576K
Event: 13.319 GC heap after
Heap after GC invocations=40 (full 3):
 PSYoungGen      total 358400K, used 704K [0x00000000e0400000, 0x00000000f7b80000, 0x0000000100000000)
  eden space 331776K, 0% used [0x00000000e0400000,0x00000000e0400000,0x00000000f4800000)
  from space 26624K, 2% used [0x00000000f4800000,0x00000000f48b0000,0x00000000f6200000)
  to   space 25088K, 0% used [0x00000000f6300000,0x00000000f6300000,0x00000000f7b80000)
 ParOldGen       total 226304K, used 155116K [0x00000000a0c00000, 0x00000000ae900000, 0x00000000e0400000)
  object space 226304K, 68% used [0x00000000a0c00000,0x00000000aa37b158,0x00000000ae900000)
 Metaspace       used 18356K, capacity 18601K, committed 18816K, reserved 1067008K
  class space    used 1762K, capacity 1793K, committed 1920K, reserved 1048576K
}
Event: 13.817 GC heap before
{Heap before GC invocations=41 (full 3):
 PSYoungGen      total 358400K, used 332198K [0x00000000e0400000, 0x00000000f7b80000, 0x0000000100000000)
  eden space 331776K, 99% used [0x00000000e0400000,0x00000000f47b9b68,0x00000000f4800000)
  from space 26624K, 2% used [0x00000000f4800000,0x00000000f48b0000,0x00000000f6200000)
  to   space 25088K, 0% used [0x00000000f6300000,0x00000000f6300000,0x00000000f7b80000)
 ParOldGen       total 226304K, used 155116K [0x00000000a0c00000, 0x00000000ae900000, 0x00000000e0400000)
  object space 226304K, 68% used [0x00000000a0c00000,0x00000000aa37b158,0x00000000ae900000)
 Metaspace       used 18365K, capacity 18601K, committed 18816K, reserved 1067008K
  class space    used 1762K, capacity 1793K, committed 1920K, reserved 1048576K
Event: 13.820 GC heap after
Heap after GC invocations=41 (full 3):
 PSYoungGen      total 359424K, used 8772K [0x00000000e0400000, 0x00000000f7b00000, 0x0000000100000000)
  eden space 334848K, 0% used [0x00000000e0400000,0x00000000e0400000,0x00000000f4b00000)
  from space 24576K, 35% used [0x00000000f6300000,0x00000000f6b91010,0x00000000f7b00000)
  to   space 24576K, 0% used [0x00000000f4b00000,0x00000000f4b00000,0x00000000f6300000)
 ParOldGen       total 226304K, used 155140K [0x00000000a0c00000, 0x00000000ae900000, 0x00000000e0400000)
  object space 226304K, 68% used [0x00000000a0c00000,0x00000000aa381158,0x00000000ae900000)
 Metaspace       used 18365K, capacity 18601K, committed 18816K, reserved 1067008K
  class space    used 1762K, capacity 1793K, committed 1920K, reserved 1048576K
}
Event: 14.347 GC heap before
{Heap before GC invocations=42 (full 3):
 PSYoungGen      total 359424K, used 343092K [0x00000000e0400000, 0x00000000f7b00000, 0x0000000100000000)
  eden space 334848K, 99% used [0x00000000e0400000,0x00000000f4a7c2d8,0x00000000f4b00000)
  from space 24576K, 35% used [0x00000000f6300000,0x00000000f6b91010,0x00000000f7b00000)
  to   space 24576K, 0% used [0x00000000f4b00000,0x00000000f4b00000,0x00000000f6300000)
 ParOldGen       total 226304K, used 155140K [0x00000000a0c00000, 0x00000000ae900000, 0x00000000e0400000)
  object space 226304K, 68% used [0x00000000a0c00000,0x00000000aa381158,0x00000000ae900000)
 Metaspace       used 18390K, capacity 18601K, committed 18816K, reserved 1067008K
  class space    used 1762K, capacity 1793K, committed 1920K, reserved 1048576K
Event: 14.349 GC heap after
Heap after GC invocations=42 (full 3):
 PSYoungGen      total 359424K, used 672K [0x00000000e0400000, 0x00000000f7b80000, 0x0000000100000000)
  eden space 334848K, 0% used [0x00000000e0400000,0x00000000e0400000,0x00000000f4b00000)
  from space 24576K, 2% used [0x00000000f4b00000,0x00000000f4ba8000,0x00000000f6300000)
  to   space 23552K, 0% used [0x00000000f6480000,0x00000000f6480000,0x00000000f7b80000)
 ParOldGen       total 226304K, used 155148K [0x00000000a0c00000, 0x00000000ae900000, 0x00000000e0400000)
  object space 226304K, 68% used [0x00000000a0c00000,0x00000000aa383158,0x00000000ae900000)
 Metaspace       used 18390K, capacity 18601K, committed 18816K, reserved 1067008K
  class space    used 1762K, capacity 1793K, committed 1920K, reserved 1048576K
}
Event: 14.852 GC heap before
{Heap before GC invocations=43 (full 3):
 PSYoungGen      total 359424K, used 335520K [0x00000000e0400000, 0x00000000f7b80000, 0x0000000100000000)
  eden space 334848K, 100% used [0x00000000e0400000,0x00000000f4b00000,0x00000000f4b00000)
  from space 24576K, 2% used [0x00000000f4b00000,0x00000000f4ba8000,0x00000000f6300000)
  to   space 23552K, 0% used [0x00000000f6480000,0x00000000f6480000,0x00000000f7b80000)
 ParOldGen       total 226304K, used 155148K [0x00000000a0c00000, 0x00000000ae900000, 0x00000000e0400000)
  object space 226304K, 68% used [0x00000000a0c00000,0x00000000aa383158,0x00000000ae900000)
 Metaspace       used 18392K, capacity 18601K, committed 18816K, reserved 1067008K
  class space    used 1762K, capacity 1793K, committed 1920K, reserved 1048576K
Event: 14.854 GC heap after
Heap after GC invocations=43 (full 3):
 PSYoungGen      total 358912K, used 640K [0x00000000e0400000, 0x00000000f7980000, 0x0000000100000000)
  eden space 337408K, 0% used [0x00000000e0400000,0x00000000e0400000,0x00000000f4d80000)
  from space 21504K, 2% used [0x00000000f6480000,0x00000000f6520000,0x00000000f7980000)
  to   space 22528K, 0% used [0x00000000f4d80000,0x00000000f4d80000,0x00000000f6380000)
 ParOldGen       total 226304K, used 155164K [0x00000000a0c00000, 0x00000000ae900000, 0x00000000e0400000)
  object space 226304K, 68% used [0x00000000a0c00000,0x00000000aa387158,0x00000000ae900000)
 Metaspace       used 18392K, capacity 18601K, committed 18816K, reserved 1067008K
  class space    used 1762K, capacity 1793K, committed 1920K, reserved 1048576K
}

