# JRE version: Java(TM) SE Runtime Environment (8.0_25-b18) (build 1.8.0_25-b18)
# Java VM: Java HotSpot(TM) 64-Bit Server VM (25.25-b02 mixed mode windows-amd64 compressed oops)
Heap:
 PSYoungGen      total 499712K, used 68895K [0x00000000e0400000, 0x00000000ff200000, 0x0000000100000000)
  eden space 495616K, 13% used [0x00000000e0400000,0x00000000e4717c28,0x00000000fe800000)
  from space 4096K, 4% used [0x00000000fe800000,0x00000000fe830000,0x00000000fec00000)
  to   space 3584K, 0% used [0x00000000fee80000,0x00000000fee80000,0x00000000ff200000)
 ParOldGen       total 205312K, used 155626K [0x00000000a0c00000, 0x00000000ad480000, 0x00000000e0400000)
  object space 205312K, 75% used [0x00000000a0c00000,0x00000000aa3faad8,0x00000000ad480000)
 Metaspace       used 18005K, capacity 18217K, committed 18560K, reserved 1067008K
  class space    used 1730K, capacity 1793K, committed 1920K, reserved 1048576K
GC Heap History (10 events):
Event: 33.451 GC heap before
{Heap before GC invocations=56 (full 3):
 PSYoungGen      total 494592K, used 489664K [0x00000000e0400000, 0x00000000fed00000, 0x0000000100000000)
  eden space 489472K, 100% used [0x00000000e0400000,0x00000000fe200000,0x00000000fe200000)
  from space 5120K, 3% used [0x00000000fe800000,0x00000000fe830000,0x00000000fed00000)
  to   space 5632K, 0% used [0x00000000fe200000,0x00000000fe200000,0x00000000fe780000)
 ParOldGen       total 205312K, used 155594K [0x00000000a0c00000, 0x00000000ad480000, 0x00000000e0400000)
  object space 205312K, 75% used [0x00000000a0c00000,0x00000000aa3f2ad8,0x00000000ad480000)
 Metaspace       used 18005K, capacity 18217K, committed 18560K, reserved 1067008K
  class space    used 1730K, capacity 1793K, committed 1920K, reserved 1048576K
Event: 33.452 GC heap after
Heap after GC invocations=56 (full 3):
 PSYoungGen      total 495104K, used 224K [0x00000000e0400000, 0x00000000fee80000, 0x0000000100000000)
  eden space 489472K, 0% used [0x00000000e0400000,0x00000000e0400000,0x00000000fe200000)
  from space 5632K, 3% used [0x00000000fe200000,0x00000000fe238000,0x00000000fe780000)
  to   space 5120K, 0% used [0x00000000fe980000,0x00000000fe980000,0x00000000fee80000)
 ParOldGen       total 205312K, used 155626K [0x00000000a0c00000, 0x00000000ad480000, 0x00000000e0400000)
  object space 205312K, 75% used [0x00000000a0c00000,0x00000000aa3faad8,0x00000000ad480000)
 Metaspace       used 18005K, capacity 18217K, committed 18560K, reserved 1067008K
  class space    used 1730K, capacity 1793K, committed 1920K, reserved 1048576K
}
Event: 34.189 GC heap before
{Heap before GC invocations=57 (full 3):
 PSYoungGen      total 495104K, used 489696K [0x00000000e0400000, 0x00000000fee80000, 0x0000000100000000)
  eden space 489472K, 100% used [0x00000000e0400000,0x00000000fe200000,0x00000000fe200000)
  from space 5632K, 3% used [0x00000000fe200000,0x00000000fe238000,0x00000000fe780000)
  to   space 5120K, 0% used [0x00000000fe980000,0x00000000fe980000,0x00000000fee80000)
 ParOldGen       total 205312K, used 155626K [0x00000000a0c00000, 0x00000000ad480000, 0x00000000e0400000)
  object space 205312K, 75% used [0x00000000a0c00000,0x00000000aa3faad8,0x00000000ad480000)
 Metaspace       used 18005K, capacity 18217K, committed 18560K, reserved 1067008K
  class space    used 1730K, capacity 1793K, committed 1920K, reserved 1048576K
Event: 34.190 GC heap after
Heap after GC invocations=57 (full 3):
 PSYoungGen      total 497152K, used 192K [0x00000000e0400000, 0x00000000fee00000, 0x0000000100000000)
  eden space 492544K, 0% used [0x00000000e0400000,0x00000000e0400000,0x00000000fe500000)
  from space 4608K, 4% used [0x00000000fe980000,0x00000000fe9b0000,0x00000000fee00000)
  to   space 4608K, 0% used [0x00000000fe500000,0x00000000fe500000,0x00000000fe980000)
 ParOldGen       total 205312K, used 155626K [0x00000000a0c00000, 0x00000000ad480000, 0x00000000e0400000)
  object space 205312K, 75% used [0x00000000a0c00000,0x00000000aa3faad8,0x00000000ad480000)
 Metaspace       used 18005K, capacity 18217K, committed 18560K, reserved 1067008K
  class space    used 1730K, capacity 1793K, committed 1920K, reserved 1048576K
}
Event: 34.924 GC heap before
{Heap before GC invocations=58 (full 3):
 PSYoungGen      total 497152K, used 492736K [0x00000000e0400000, 0x00000000fee00000, 0x0000000100000000)
  eden space 492544K, 100% used [0x00000000e0400000,0x00000000fe500000,0x00000000fe500000)
  from space 4608K, 4% used [0x00000000fe980000,0x00000000fe9b0000,0x00000000fee00000)
  to   space 4608K, 0% used [0x00000000fe500000,0x00000000fe500000,0x00000000fe980000)
 ParOldGen       total 205312K, used 155626K [0x00000000a0c00000, 0x00000000ad480000, 0x00000000e0400000)
  object space 205312K, 75% used [0x00000000a0c00000,0x00000000aa3faad8,0x00000000ad480000)
 Metaspace       used 18005K, capacity 18217K, committed 18560K, reserved 1067008K
  class space    used 1730K, capacity 1793K, committed 1920K, reserved 1048576K
Event: 34.925 GC heap after
Heap after GC invocations=58 (full 3):
 PSYoungGen      total 497152K, used 192K [0x00000000e0400000, 0x00000000ff100000, 0x0000000100000000)
  eden space 492544K, 0% used [0x00000000e0400000,0x00000000e0400000,0x00000000fe500000)
  from space 4608K, 4% used [0x00000000fe500000,0x00000000fe530000,0x00000000fe980000)
  to   space 4608K, 0% used [0x00000000fec80000,0x00000000fec80000,0x00000000ff100000)
 ParOldGen       total 205312K, used 155626K [0x00000000a0c00000, 0x00000000ad480000, 0x00000000e0400000)
  object space 205312K, 75% used [0x00000000a0c00000,0x00000000aa3faad8,0x00000000ad480000)
 Metaspace       used 18005K, capacity 18217K, committed 18560K, reserved 1067008K
  class space    used 1730K, capacity 1793K, committed 1920K, reserved 1048576K
}
Event: 35.631 GC heap before
{Heap before GC invocations=59 (full 3):
 PSYoungGen      total 497152K, used 489932K [0x00000000e0400000, 0x00000000ff100000, 0x0000000100000000)
  eden space 492544K, 99% used [0x00000000e0400000,0x00000000fe243008,0x00000000fe500000)
  from space 4608K, 4% used [0x00000000fe500000,0x00000000fe530000,0x00000000fe980000)
  to   space 4608K, 0% used [0x00000000fec80000,0x00000000fec80000,0x00000000ff100000)
 ParOldGen       total 205312K, used 155626K [0x00000000a0c00000, 0x00000000ad480000, 0x00000000e0400000)
  object space 205312K, 75% used [0x00000000a0c00000,0x00000000aa3faad8,0x00000000ad480000)
 Metaspace       used 18005K, capacity 18217K, committed 18560K, reserved 1067008K
  class space    used 1730K, capacity 1793K, committed 1920K, reserved 1048576K
Event: 35.633 GC heap after
Heap after GC invocations=59 (full 3):
 PSYoungGen      total 499200K, used 128K [0x00000000e0400000, 0x00000000ff000000, 0x0000000100000000)
  eden space 495616K, 0% used [0x00000000e0400000,0x00000000e0400000,0x00000000fe800000)
  from space 3584K, 3% used [0x00000000fec80000,0x00000000feca0000,0x00000000ff000000)
  to   space 4096K, 0% used [0x00000000fe800000,0x00000000fe800000,0x00000000fec00000)
 ParOldGen       total 205312K, used 155626K [0x00000000a0c00000, 0x00000000ad480000, 0x00000000e0400000)
  object space 205312K, 75% used [0x00000000a0c00000,0x00000000aa3faad8,0x00000000ad480000)
 Metaspace       used 18005K, capacity 18217K, committed 18560K, reserved 1067008K
  class space    used 1730K, capacity 1793K, committed 1920K, reserved 1048576K
}
Event: 36.360 GC heap before
{Heap before GC invocations=60 (full 3):
 PSYoungGen      total 499200K, used 495744K [0x00000000e0400000, 0x00000000ff000000, 0x0000000100000000)
  eden space 495616K, 100% used [0x00000000e0400000,0x00000000fe800000,0x00000000fe800000)
  from space 3584K, 3% used [0x00000000fec80000,0x00000000feca0000,0x00000000ff000000)
  to   space 4096K, 0% used [0x00000000fe800000,0x00000000fe800000,0x00000000fec00000)
 ParOldGen       total 205312K, used 155626K [0x00000000a0c00000, 0x00000000ad480000, 0x00000000e0400000)
  object space 205312K, 75% used [0x00000000a0c00000,0x00000000aa3faad8,0x00000000ad480000)
 Metaspace       used 18005K, capacity 18217K, committed 18560K, reserved 1067008K
  class space    used 1730K, capacity 1793K, committed 1920K, reserved 1048576K
Event: 36.361 GC heap after
Heap after GC invocations=60 (full 3):
 PSYoungGen      total 499712K, used 192K [0x00000000e0400000, 0x00000000ff200000, 0x0000000100000000)
  eden space 495616K, 0% used [0x00000000e0400000,0x00000000e0400000,0x00000000fe800000)
  from space 4096K, 4% used [0x00000000fe800000,0x00000000fe830000,0x00000000fec00000)
  to   space 3584K, 0% used [0x00000000fee80000,0x00000000fee80000,0x00000000ff200000)
 ParOldGen       total 205312K, used 155626K [0x00000000a0c00000, 0x00000000ad480000, 0x00000000e0400000)
  object space 205312K, 75% used [0x00000000a0c00000,0x00000000aa3faad8,0x00000000ad480000)
 Metaspace       used 18005K, capacity 18217K, committed 18560K, reserved 1067008K
  class space    used 1730K, capacity 1793K, committed 1920K, reserved 1048576K
}

