# JRE version: Java(TM) SE Runtime Environment (8.0_25-b18) (build 1.8.0_25-b18)
# Java VM: Java HotSpot(TM) 64-Bit Server VM (25.25-b02 mixed mode windows-amd64 compressed oops)
Heap:
 PSYoungGen      total 290304K, used 107872K [0x00000000e0400000, 0x00000000f2780000, 0x0000000100000000)
  eden space 284160K, 37% used [0x00000000e0400000,0x00000000e6cb01b0,0x00000000f1980000)
  from space 6144K, 10% used [0x00000000f2180000,0x00000000f2228000,0x00000000f2780000)
  to   space 7168K, 0% used [0x00000000f1980000,0x00000000f1980000,0x00000000f2080000)
 ParOldGen       total 228864K, used 155860K [0x00000000a0c00000, 0x00000000aeb80000, 0x00000000e0400000)
  object space 228864K, 68% used [0x00000000a0c00000,0x00000000aa435218,0x00000000aeb80000)
 Metaspace       used 18650K, capacity 18857K, committed 19072K, reserved 1067008K
  class space    used 1757K, capacity 1793K, committed 1920K, reserved 1048576K
GC Heap History (10 events):
Event: 47.870 GC heap before
{Heap before GC invocations=61 (full 3):
 PSYoungGen      total 292352K, used 278897K [0x00000000e0400000, 0x00000000f2b00000, 0x0000000100000000)
  eden space 281600K, 98% used [0x00000000e0400000,0x00000000f13ac678,0x00000000f1700000)
  from space 10752K, 6% used [0x00000000f1700000,0x00000000f17b0000,0x00000000f2180000)
  to   space 9728K, 0% used [0x00000000f2180000,0x00000000f2180000,0x00000000f2b00000)
 ParOldGen       total 228864K, used 155828K [0x00000000a0c00000, 0x00000000aeb80000, 0x00000000e0400000)
  object space 228864K, 68% used [0x00000000a0c00000,0x00000000aa42d218,0x00000000aeb80000)
 Metaspace       used 18627K, capacity 18793K, committed 19072K, reserved 1067008K
  class space    used 1756K, capacity 1793K, committed 1920K, reserved 1048576K
Event: 47.872 GC heap after
Heap after GC invocations=61 (full 3):
 PSYoungGen      total 291328K, used 672K [0x00000000e0400000, 0x00000000f2a00000, 0x0000000100000000)
  eden space 282624K, 0% used [0x00000000e0400000,0x00000000e0400000,0x00000000f1800000)
  from space 8704K, 7% used [0x00000000f2180000,0x00000000f2228000,0x00000000f2a00000)
  to   space 9216K, 0% used [0x00000000f1800000,0x00000000f1800000,0x00000000f2100000)
 ParOldGen       total 228864K, used 155836K [0x00000000a0c00000, 0x00000000aeb80000, 0x00000000e0400000)
  object space 228864K, 68% used [0x00000000a0c00000,0x00000000aa42f218,0x00000000aeb80000)
 Metaspace       used 18627K, capacity 18793K, committed 19072K, reserved 1067008K
  class space    used 1756K, capacity 1793K, committed 1920K, reserved 1048576K
}
Event: 48.870 GC heap before
{Heap before GC invocations=62 (full 3):
 PSYoungGen      total 291328K, used 275587K [0x00000000e0400000, 0x00000000f2a00000, 0x0000000100000000)
  eden space 282624K, 97% used [0x00000000e0400000,0x00000000f1078c28,0x00000000f1800000)
  from space 8704K, 7% used [0x00000000f2180000,0x00000000f2228000,0x00000000f2a00000)
  to   space 9216K, 0% used [0x00000000f1800000,0x00000000f1800000,0x00000000f2100000)
 ParOldGen       total 228864K, used 155836K [0x00000000a0c00000, 0x00000000aeb80000, 0x00000000e0400000)
  object space 228864K, 68% used [0x00000000a0c00000,0x00000000aa42f218,0x00000000aeb80000)
 Metaspace       used 18638K, capacity 18857K, committed 19072K, reserved 1067008K
  class space    used 1756K, capacity 1793K, committed 1920K, reserved 1048576K
Event: 48.871 GC heap after
Heap after GC invocations=62 (full 3):
 PSYoungGen      total 291840K, used 704K [0x00000000e0400000, 0x00000000f2a00000, 0x0000000100000000)
  eden space 282624K, 0% used [0x00000000e0400000,0x00000000e0400000,0x00000000f1800000)
  from space 9216K, 7% used [0x00000000f1800000,0x00000000f18b0000,0x00000000f2100000)
  to   space 8704K, 0% used [0x00000000f2180000,0x00000000f2180000,0x00000000f2a00000)
 ParOldGen       total 228864K, used 155852K [0x00000000a0c00000, 0x00000000aeb80000, 0x00000000e0400000)
  object space 228864K, 68% used [0x00000000a0c00000,0x00000000aa433218,0x00000000aeb80000)
 Metaspace       used 18638K, capacity 18857K, committed 19072K, reserved 1067008K
  class space    used 1756K, capacity 1793K, committed 1920K, reserved 1048576K
}
Event: 49.905 GC heap before
{Heap before GC invocations=63 (full 3):
 PSYoungGen      total 291840K, used 278885K [0x00000000e0400000, 0x00000000f2a00000, 0x0000000100000000)
  eden space 282624K, 98% used [0x00000000e0400000,0x00000000f13a9540,0x00000000f1800000)
  from space 9216K, 7% used [0x00000000f1800000,0x00000000f18b0000,0x00000000f2100000)
  to   space 8704K, 0% used [0x00000000f2180000,0x00000000f2180000,0x00000000f2a00000)
 ParOldGen       total 228864K, used 155852K [0x00000000a0c00000, 0x00000000aeb80000, 0x00000000e0400000)
  object space 228864K, 68% used [0x00000000a0c00000,0x00000000aa433218,0x00000000aeb80000)
 Metaspace       used 18638K, capacity 18857K, committed 19072K, reserved 1067008K
  class space    used 1756K, capacity 1793K, committed 1920K, reserved 1048576K
Event: 49.906 GC heap after
Heap after GC invocations=63 (full 3):
 PSYoungGen      total 291328K, used 672K [0x00000000e0400000, 0x00000000f2900000, 0x0000000100000000)
  eden space 283648K, 0% used [0x00000000e0400000,0x00000000e0400000,0x00000000f1900000)
  from space 7680K, 8% used [0x00000000f2180000,0x00000000f2228000,0x00000000f2900000)
  to   space 8192K, 0% used [0x00000000f1900000,0x00000000f1900000,0x00000000f2100000)
 ParOldGen       total 228864K, used 155860K [0x00000000a0c00000, 0x00000000aeb80000, 0x00000000e0400000)
  object space 228864K, 68% used [0x00000000a0c00000,0x00000000aa435218,0x00000000aeb80000)
 Metaspace       used 18638K, capacity 18857K, committed 19072K, reserved 1067008K
  class space    used 1756K, capacity 1793K, committed 1920K, reserved 1048576K
}
Event: 50.939 GC heap before
{Heap before GC invocations=64 (full 3):
 PSYoungGen      total 291328K, used 278890K [0x00000000e0400000, 0x00000000f2900000, 0x0000000100000000)
  eden space 283648K, 98% used [0x00000000e0400000,0x00000000f13b2960,0x00000000f1900000)
  from space 7680K, 8% used [0x00000000f2180000,0x00000000f2228000,0x00000000f2900000)
  to   space 8192K, 0% used [0x00000000f1900000,0x00000000f1900000,0x00000000f2100000)
 ParOldGen       total 228864K, used 155860K [0x00000000a0c00000, 0x00000000aeb80000, 0x00000000e0400000)
  object space 228864K, 68% used [0x00000000a0c00000,0x00000000aa435218,0x00000000aeb80000)
 Metaspace       used 18644K, capacity 18857K, committed 19072K, reserved 1067008K
  class space    used 1756K, capacity 1793K, committed 1920K, reserved 1048576K
Event: 50.940 GC heap after
Heap after GC invocations=64 (full 3):
 PSYoungGen      total 291840K, used 672K [0x00000000e0400000, 0x00000000f2900000, 0x0000000100000000)
  eden space 283648K, 0% used [0x00000000e0400000,0x00000000e0400000,0x00000000f1900000)
  from space 8192K, 8% used [0x00000000f1900000,0x00000000f19a8000,0x00000000f2100000)
  to   space 7680K, 0% used [0x00000000f2180000,0x00000000f2180000,0x00000000f2900000)
 ParOldGen       total 228864K, used 155860K [0x00000000a0c00000, 0x00000000aeb80000, 0x00000000e0400000)
  object space 228864K, 68% used [0x00000000a0c00000,0x00000000aa435218,0x00000000aeb80000)
 Metaspace       used 18644K, capacity 18857K, committed 19072K, reserved 1067008K
  class space    used 1756K, capacity 1793K, committed 1920K, reserved 1048576K
}
Event: 51.970 GC heap before
{Heap before GC invocations=65 (full 3):
 PSYoungGen      total 291840K, used 278900K [0x00000000e0400000, 0x00000000f2900000, 0x0000000100000000)
  eden space 283648K, 98% used [0x00000000e0400000,0x00000000f13b5180,0x00000000f1900000)
  from space 8192K, 8% used [0x00000000f1900000,0x00000000f19a8000,0x00000000f2100000)
  to   space 7680K, 0% used [0x00000000f2180000,0x00000000f2180000,0x00000000f2900000)
 ParOldGen       total 228864K, used 155860K [0x00000000a0c00000, 0x00000000aeb80000, 0x00000000e0400000)
  object space 228864K, 68% used [0x00000000a0c00000,0x00000000aa435218,0x00000000aeb80000)
 Metaspace       used 18645K, capacity 18857K, committed 19072K, reserved 1067008K
  class space    used 1756K, capacity 1793K, committed 1920K, reserved 1048576K
Event: 51.971 GC heap after
Heap after GC invocations=65 (full 3):
 PSYoungGen      total 290304K, used 672K [0x00000000e0400000, 0x00000000f2780000, 0x0000000100000000)
  eden space 284160K, 0% used [0x00000000e0400000,0x00000000e0400000,0x00000000f1980000)
  from space 6144K, 10% used [0x00000000f2180000,0x00000000f2228000,0x00000000f2780000)
  to   space 7168K, 0% used [0x00000000f1980000,0x00000000f1980000,0x00000000f2080000)
 ParOldGen       total 228864K, used 155860K [0x00000000a0c00000, 0x00000000aeb80000, 0x00000000e0400000)
  object space 228864K, 68% used [0x00000000a0c00000,0x00000000aa435218,0x00000000aeb80000)
 Metaspace       used 18645K, capacity 18857K, committed 19072K, reserved 1067008K
  class space    used 1756K, capacity 1793K, committed 1920K, reserved 1048576K
}

