# JRE version: Java(TM) SE Runtime Environment (8.0_25-b18) (build 1.8.0_25-b18)
# Java VM: Java HotSpot(TM) 64-Bit Server VM (25.25-b02 mixed mode windows-amd64 compressed oops)
Heap:
 PSYoungGen      total 434176K, used 285305K [0x00000000e0400000, 0x00000000fc180000, 0x0000000100000000)
  eden space 411648K, 68% used [0x00000000e0400000,0x00000000f191a420,0x00000000f9600000)
  from space 22528K, 6% used [0x00000000f9600000,0x00000000f97840e0,0x00000000fac00000)
  to   space 20992K, 0% used [0x00000000fad00000,0x00000000fad00000,0x00000000fc180000)
 ParOldGen       total 221696K, used 154868K [0x00000000a0c00000, 0x00000000ae480000, 0x00000000e0400000)
  object space 221696K, 69% used [0x00000000a0c00000,0x00000000aa33d298,0x00000000ae480000)
 Metaspace       used 18644K, capacity 18799K, committed 19072K, reserved 1067008K
  class space    used 1761K, capacity 1794K, committed 1920K, reserved 1048576K
GC Heap History (10 events):
Event: 30.032 GC heap before
{Heap before GC invocations=32 (full 3):
 PSYoungGen      total 434176K, used 407211K [0x00000000e0400000, 0x00000000fcb00000, 0x0000000100000000)
  eden space 406528K, 99% used [0x00000000e0400000,0x00000000f8fb1668,0x00000000f9100000)
  from space 27648K, 7% used [0x00000000fb000000,0x00000000fb1f9938,0x00000000fcb00000)
  to   space 29696K, 0% used [0x00000000f9100000,0x00000000f9100000,0x00000000fae00000)
 ParOldGen       total 221696K, used 154187K [0x00000000a0c00000, 0x00000000ae480000, 0x00000000e0400000)
  object space 221696K, 69% used [0x00000000a0c00000,0x00000000aa292e38,0x00000000ae480000)
 Metaspace       used 18613K, capacity 18799K, committed 19072K, reserved 1067008K
  class space    used 1761K, capacity 1794K, committed 1920K, reserved 1048576K
Event: 30.035 GC heap after
Heap after GC invocations=32 (full 3):
 PSYoungGen      total 436224K, used 2025K [0x00000000e0400000, 0x00000000fca00000, 0x0000000100000000)
  eden space 406528K, 0% used [0x00000000e0400000,0x00000000e0400000,0x00000000f9100000)
  from space 29696K, 6% used [0x00000000f9100000,0x00000000f92fa620,0x00000000fae00000)
  to   space 27648K, 0% used [0x00000000faf00000,0x00000000faf00000,0x00000000fca00000)
 ParOldGen       total 221696K, used 154227K [0x00000000a0c00000, 0x00000000ae480000, 0x00000000e0400000)
  object space 221696K, 69% used [0x00000000a0c00000,0x00000000aa29ce38,0x00000000ae480000)
 Metaspace       used 18613K, capacity 18799K, committed 19072K, reserved 1067008K
  class space    used 1761K, capacity 1794K, committed 1920K, reserved 1048576K
}
Event: 31.662 GC heap before
{Heap before GC invocations=33 (full 3):
 PSYoungGen      total 436224K, used 407126K [0x00000000e0400000, 0x00000000fca00000, 0x0000000100000000)
  eden space 406528K, 99% used [0x00000000e0400000,0x00000000f8f9b408,0x00000000f9100000)
  from space 29696K, 6% used [0x00000000f9100000,0x00000000f92fa620,0x00000000fae00000)
  to   space 27648K, 0% used [0x00000000faf00000,0x00000000faf00000,0x00000000fca00000)
 ParOldGen       total 221696K, used 154227K [0x00000000a0c00000, 0x00000000ae480000, 0x00000000e0400000)
  object space 221696K, 69% used [0x00000000a0c00000,0x00000000aa29ce38,0x00000000ae480000)
 Metaspace       used 18613K, capacity 18799K, committed 19072K, reserved 1067008K
  class space    used 1761K, capacity 1794K, committed 1920K, reserved 1048576K
Event: 31.664 GC heap after
Heap after GC invocations=33 (full 3):
 PSYoungGen      total 432128K, used 2083K [0x00000000e0400000, 0x00000000fc580000, 0x0000000100000000)
  eden space 409088K, 0% used [0x00000000e0400000,0x00000000e0400000,0x00000000f9380000)
  from space 23040K, 9% used [0x00000000faf00000,0x00000000fb108e58,0x00000000fc580000)
  to   space 25600K, 0% used [0x00000000f9380000,0x00000000f9380000,0x00000000fac80000)
 ParOldGen       total 221696K, used 154251K [0x00000000a0c00000, 0x00000000ae480000, 0x00000000e0400000)
  object space 221696K, 69% used [0x00000000a0c00000,0x00000000aa2a2e38,0x00000000ae480000)
 Metaspace       used 18613K, capacity 18799K, committed 19072K, reserved 1067008K
  class space    used 1761K, capacity 1794K, committed 1920K, reserved 1048576K
}
Event: 33.297 GC heap before
{Heap before GC invocations=34 (full 3):
 PSYoungGen      total 432128K, used 407412K [0x00000000e0400000, 0x00000000fc580000, 0x0000000100000000)
  eden space 409088K, 99% used [0x00000000e0400000,0x00000000f8fd4550,0x00000000f9380000)
  from space 23040K, 9% used [0x00000000faf00000,0x00000000fb108e58,0x00000000fc580000)
  to   space 25600K, 0% used [0x00000000f9380000,0x00000000f9380000,0x00000000fac80000)
 ParOldGen       total 221696K, used 154251K [0x00000000a0c00000, 0x00000000ae480000, 0x00000000e0400000)
  object space 221696K, 69% used [0x00000000a0c00000,0x00000000aa2a2e38,0x00000000ae480000)
 Metaspace       used 18613K, capacity 18799K, committed 19072K, reserved 1067008K
  class space    used 1761K, capacity 1794K, committed 1920K, reserved 1048576K
Event: 33.301 GC heap after
Heap after GC invocations=34 (full 3):
 PSYoungGen      total 434688K, used 1491K [0x00000000e0400000, 0x00000000fc500000, 0x0000000100000000)
  eden space 409088K, 0% used [0x00000000e0400000,0x00000000e0400000,0x00000000f9380000)
  from space 25600K, 5% used [0x00000000f9380000,0x00000000f94f4ca8,0x00000000fac80000)
  to   space 24064K, 0% used [0x00000000fad80000,0x00000000fad80000,0x00000000fc500000)
 ParOldGen       total 221696K, used 154804K [0x00000000a0c00000, 0x00000000ae480000, 0x00000000e0400000)
  object space 221696K, 69% used [0x00000000a0c00000,0x00000000aa32d298,0x00000000ae480000)
 Metaspace       used 18613K, capacity 18799K, committed 19072K, reserved 1067008K
  class space    used 1761K, capacity 1794K, committed 1920K, reserved 1048576K
}
Event: 34.929 GC heap before
{Heap before GC invocations=35 (full 3):
 PSYoungGen      total 434688K, used 406797K [0x00000000e0400000, 0x00000000fc500000, 0x0000000100000000)
  eden space 409088K, 99% used [0x00000000e0400000,0x00000000f8fce8e0,0x00000000f9380000)
  from space 25600K, 5% used [0x00000000f9380000,0x00000000f94f4ca8,0x00000000fac80000)
  to   space 24064K, 0% used [0x00000000fad80000,0x00000000fad80000,0x00000000fc500000)
 ParOldGen       total 221696K, used 154804K [0x00000000a0c00000, 0x00000000ae480000, 0x00000000e0400000)
  object space 221696K, 69% used [0x00000000a0c00000,0x00000000aa32d298,0x00000000ae480000)
 Metaspace       used 18627K, capacity 18799K, committed 19072K, reserved 1067008K
  class space    used 1761K, capacity 1794K, committed 1920K, reserved 1048576K
Event: 34.932 GC heap after
Heap after GC invocations=35 (full 3):
 PSYoungGen      total 432640K, used 1539K [0x00000000e0400000, 0x00000000fc200000, 0x0000000100000000)
  eden space 411648K, 0% used [0x00000000e0400000,0x00000000e0400000,0x00000000f9600000)
  from space 20992K, 7% used [0x00000000fad80000,0x00000000faf00e58,0x00000000fc200000)
  to   space 22528K, 0% used [0x00000000f9600000,0x00000000f9600000,0x00000000fac00000)
 ParOldGen       total 221696K, used 154836K [0x00000000a0c00000, 0x00000000ae480000, 0x00000000e0400000)
  object space 221696K, 69% used [0x00000000a0c00000,0x00000000aa335298,0x00000000ae480000)
 Metaspace       used 18627K, capacity 18799K, committed 19072K, reserved 1067008K
  class space    used 1761K, capacity 1794K, committed 1920K, reserved 1048576K
}
Event: 36.563 GC heap before
{Heap before GC invocations=36 (full 3):
 PSYoungGen      total 432640K, used 406960K [0x00000000e0400000, 0x00000000fc200000, 0x0000000100000000)
  eden space 411648K, 98% used [0x00000000e0400000,0x00000000f8feb2e0,0x00000000f9600000)
  from space 20992K, 7% used [0x00000000fad80000,0x00000000faf00e58,0x00000000fc200000)
  to   space 22528K, 0% used [0x00000000f9600000,0x00000000f9600000,0x00000000fac00000)
 ParOldGen       total 221696K, used 154836K [0x00000000a0c00000, 0x00000000ae480000, 0x00000000e0400000)
  object space 221696K, 69% used [0x00000000a0c00000,0x00000000aa335298,0x00000000ae480000)
 Metaspace       used 18643K, capacity 18799K, committed 19072K, reserved 1067008K
  class space    used 1761K, capacity 1794K, committed 1920K, reserved 1048576K
Event: 36.568 GC heap after
Heap after GC invocations=36 (full 3):
 PSYoungGen      total 434176K, used 1552K [0x00000000e0400000, 0x00000000fc180000, 0x0000000100000000)
  eden space 411648K, 0% used [0x00000000e0400000,0x00000000e0400000,0x00000000f9600000)
  from space 22528K, 6% used [0x00000000f9600000,0x00000000f97840e0,0x00000000fac00000)
  to   space 20992K, 0% used [0x00000000fad00000,0x00000000fad00000,0x00000000fc180000)
 ParOldGen       total 221696K, used 154868K [0x00000000a0c00000, 0x00000000ae480000, 0x00000000e0400000)
  object space 221696K, 69% used [0x00000000a0c00000,0x00000000aa33d298,0x00000000ae480000)
 Metaspace       used 18643K, capacity 18799K, committed 19072K, reserved 1067008K
  class space    used 1761K, capacity 1794K, committed 1920K, reserved 1048576K
}

