# JRE version: Java(TM) SE Runtime Environment (8.0_25-b18) (build 1.8.0_25-b18)
# Java VM: Java HotSpot(TM) 64-Bit Server VM (25.25-b02 mixed mode windows-amd64 compressed oops)
Heap:
 PSYoungGen      total 308224K, used 215973K [0x00000000e0400000, 0x00000000f8580000, 0x0000000100000000)
  eden space 251904K, 81% used [0x00000000e0400000,0x00000000ecd7c7c0,0x00000000efa00000)
  from space 56320K, 17% used [0x00000000efa00000,0x00000000f036d020,0x00000000f3100000)
  to   space 54784K, 0% used [0x00000000f5000000,0x00000000f5000000,0x00000000f8580000)
 ParOldGen       total 220160K, used 145915K [0x00000000a0c00000, 0x00000000ae300000, 0x00000000e0400000)
  object space 220160K, 66% used [0x00000000a0c00000,0x00000000a9a7eed8,0x00000000ae300000)
 Metaspace       used 18235K, capacity 18473K, committed 18816K, reserved 1067008K
  class space    used 1760K, capacity 1793K, committed 1920K, reserved 1048576K
GC Heap History (10 events):
Event: 4.249 GC heap before
{Heap before GC invocations=14 (full 3):
 PSYoungGen      total 238080K, used 171499K [0x00000000e0400000, 0x00000000f2b80000, 0x0000000100000000)
  eden space 176640K, 97% used [0x00000000e0400000,0x00000000eab7ad58,0x00000000eb080000)
  from space 61440K, 0% used [0x00000000eef00000,0x00000000eef00000,0x00000000f2b00000)
  to   space 62976K, 0% used [0x00000000eb080000,0x00000000eb080000,0x00000000eee00000)
 ParOldGen       total 220160K, used 145875K [0x00000000a0c00000, 0x00000000ae300000, 0x00000000e0400000)
  object space 220160K, 66% used [0x00000000a0c00000,0x00000000a9a74ed8,0x00000000ae300000)
 Metaspace       used 17438K, capacity 17601K, committed 17664K, reserved 1064960K
  class space    used 1709K, capacity 1761K, committed 1792K, reserved 1048576K
Event: 4.253 GC heap after
Heap after GC invocations=14 (full 3):
 PSYoungGen      total 239616K, used 9172K [0x00000000e0400000, 0x00000000f5780000, 0x0000000100000000)
  eden space 176640K, 0% used [0x00000000e0400000,0x00000000e0400000,0x00000000eb080000)
  from space 62976K, 14% used [0x00000000eb080000,0x00000000eb975020,0x00000000eee00000)
  to   space 61952K, 0% used [0x00000000f1b00000,0x00000000f1b00000,0x00000000f5780000)
 ParOldGen       total 220160K, used 145883K [0x00000000a0c00000, 0x00000000ae300000, 0x00000000e0400000)
  object space 220160K, 66% used [0x00000000a0c00000,0x00000000a9a76ed8,0x00000000ae300000)
 Metaspace       used 17438K, capacity 17601K, committed 17664K, reserved 1064960K
  class space    used 1709K, capacity 1761K, committed 1792K, reserved 1048576K
}
Event: 4.881 GC heap before
{Heap before GC invocations=15 (full 3):
 PSYoungGen      total 239616K, used 181796K [0x00000000e0400000, 0x00000000f5780000, 0x0000000100000000)
  eden space 176640K, 97% used [0x00000000e0400000,0x00000000eac94278,0x00000000eb080000)
  from space 62976K, 14% used [0x00000000eb080000,0x00000000eb975020,0x00000000eee00000)
  to   space 61952K, 0% used [0x00000000f1b00000,0x00000000f1b00000,0x00000000f5780000)
 ParOldGen       total 220160K, used 145883K [0x00000000a0c00000, 0x00000000ae300000, 0x00000000e0400000)
  object space 220160K, 66% used [0x00000000a0c00000,0x00000000a9a76ed8,0x00000000ae300000)
 Metaspace       used 17499K, capacity 17729K, committed 17920K, reserved 1064960K
  class space    used 1709K, capacity 1761K, committed 1792K, reserved 1048576K
Event: 4.885 GC heap after
Heap after GC invocations=15 (full 3):
 PSYoungGen      total 270336K, used 9172K [0x00000000e0400000, 0x00000000f4f00000, 0x0000000100000000)
  eden space 217088K, 0% used [0x00000000e0400000,0x00000000e0400000,0x00000000ed800000)
  from space 53248K, 17% used [0x00000000f1b00000,0x00000000f23f5020,0x00000000f4f00000)
  to   space 60928K, 0% used [0x00000000ed800000,0x00000000ed800000,0x00000000f1380000)
 ParOldGen       total 220160K, used 145891K [0x00000000a0c00000, 0x00000000ae300000, 0x00000000e0400000)
  object space 220160K, 66% used [0x00000000a0c00000,0x00000000a9a78ed8,0x00000000ae300000)
 Metaspace       used 17499K, capacity 17729K, committed 17920K, reserved 1064960K
  class space    used 1709K, capacity 1761K, committed 1792K, reserved 1048576K
}
Event: 5.648 GC heap before
{Heap before GC invocations=16 (full 3):
 PSYoungGen      total 270336K, used 223864K [0x00000000e0400000, 0x00000000f4f00000, 0x0000000100000000)
  eden space 217088K, 98% used [0x00000000e0400000,0x00000000ed5a9158,0x00000000ed800000)
  from space 53248K, 17% used [0x00000000f1b00000,0x00000000f23f5020,0x00000000f4f00000)
  to   space 60928K, 0% used [0x00000000ed800000,0x00000000ed800000,0x00000000f1380000)
 ParOldGen       total 220160K, used 145891K [0x00000000a0c00000, 0x00000000ae300000, 0x00000000e0400000)
  object space 220160K, 66% used [0x00000000a0c00000,0x00000000a9a78ed8,0x00000000ae300000)
 Metaspace       used 18014K, capacity 18209K, committed 18560K, reserved 1067008K
  class space    used 1760K, capacity 1793K, committed 1920K, reserved 1048576K
Event: 5.651 GC heap after
Heap after GC invocations=16 (full 3):
 PSYoungGen      total 278016K, used 9716K [0x00000000e0400000, 0x00000000f7480000, 0x0000000100000000)
  eden space 217088K, 0% used [0x00000000e0400000,0x00000000e0400000,0x00000000ed800000)
  from space 60928K, 15% used [0x00000000ed800000,0x00000000ee17d020,0x00000000f1380000)
  to   space 59392K, 0% used [0x00000000f3a80000,0x00000000f3a80000,0x00000000f7480000)
 ParOldGen       total 220160K, used 145899K [0x00000000a0c00000, 0x00000000ae300000, 0x00000000e0400000)
  object space 220160K, 66% used [0x00000000a0c00000,0x00000000a9a7aed8,0x00000000ae300000)
 Metaspace       used 18014K, capacity 18209K, committed 18560K, reserved 1067008K
  class space    used 1760K, capacity 1793K, committed 1920K, reserved 1048576K
}
Event: 6.418 GC heap before
{Heap before GC invocations=17 (full 3):
 PSYoungGen      total 278016K, used 226033K [0x00000000e0400000, 0x00000000f7480000, 0x0000000100000000)
  eden space 217088K, 99% used [0x00000000e0400000,0x00000000ed73f7b8,0x00000000ed800000)
  from space 60928K, 15% used [0x00000000ed800000,0x00000000ee17d020,0x00000000f1380000)
  to   space 59392K, 0% used [0x00000000f3a80000,0x00000000f3a80000,0x00000000f7480000)
 ParOldGen       total 220160K, used 145899K [0x00000000a0c00000, 0x00000000ae300000, 0x00000000e0400000)
  object space 220160K, 66% used [0x00000000a0c00000,0x00000000a9a7aed8,0x00000000ae300000)
 Metaspace       used 18078K, capacity 18273K, committed 18560K, reserved 1067008K
  class space    used 1760K, capacity 1793K, committed 1920K, reserved 1048576K
Event: 6.423 GC heap after
Heap after GC invocations=17 (full 3):
 PSYoungGen      total 298496K, used 17656K [0x00000000e0400000, 0x00000000f6800000, 0x0000000100000000)
  eden space 251904K, 0% used [0x00000000e0400000,0x00000000e0400000,0x00000000efa00000)
  from space 46592K, 37% used [0x00000000f3a80000,0x00000000f4bbe030,0x00000000f6800000)
  to   space 56320K, 0% used [0x00000000efa00000,0x00000000efa00000,0x00000000f3100000)
 ParOldGen       total 220160K, used 145907K [0x00000000a0c00000, 0x00000000ae300000, 0x00000000e0400000)
  object space 220160K, 66% used [0x00000000a0c00000,0x00000000a9a7ced8,0x00000000ae300000)
 Metaspace       used 18078K, capacity 18273K, committed 18560K, reserved 1067008K
  class space    used 1760K, capacity 1793K, committed 1920K, reserved 1048576K
}
Event: 7.349 GC heap before
{Heap before GC invocations=18 (full 3):
 PSYoungGen      total 298496K, used 262042K [0x00000000e0400000, 0x00000000f6800000, 0x0000000100000000)
  eden space 251904K, 97% used [0x00000000e0400000,0x00000000ef2a8a40,0x00000000efa00000)
  from space 46592K, 37% used [0x00000000f3a80000,0x00000000f4bbe030,0x00000000f6800000)
  to   space 56320K, 0% used [0x00000000efa00000,0x00000000efa00000,0x00000000f3100000)
 ParOldGen       total 220160K, used 145907K [0x00000000a0c00000, 0x00000000ae300000, 0x00000000e0400000)
  object space 220160K, 66% used [0x00000000a0c00000,0x00000000a9a7ced8,0x00000000ae300000)
 Metaspace       used 18140K, capacity 18337K, committed 18560K, reserved 1067008K
  class space    used 1760K, capacity 1793K, committed 1920K, reserved 1048576K
Event: 7.354 GC heap after
Heap after GC invocations=18 (full 3):
 PSYoungGen      total 308224K, used 9652K [0x00000000e0400000, 0x00000000f8580000, 0x0000000100000000)
  eden space 251904K, 0% used [0x00000000e0400000,0x00000000e0400000,0x00000000efa00000)
  from space 56320K, 17% used [0x00000000efa00000,0x00000000f036d020,0x00000000f3100000)
  to   space 54784K, 0% used [0x00000000f5000000,0x00000000f5000000,0x00000000f8580000)
 ParOldGen       total 220160K, used 145915K [0x00000000a0c00000, 0x00000000ae300000, 0x00000000e0400000)
  object space 220160K, 66% used [0x00000000a0c00000,0x00000000a9a7eed8,0x00000000ae300000)
 Metaspace       used 18140K, capacity 18337K, committed 18560K, reserved 1067008K
  class space    used 1760K, capacity 1793K, committed 1920K, reserved 1048576K
}

