# JRE version: Java(TM) SE Runtime Environment (8.0_25-b18) (build 1.8.0_25-b18)
# Java VM: Java HotSpot(TM) 64-Bit Server VM (25.25-b02 mixed mode windows-amd64 compressed oops)
Heap:
 PSYoungGen      total 345600K, used 314616K [0x00000000e0400000, 0x00000000f6a00000, 0x0000000100000000)
  eden space 326656K, 93% used [0x00000000e0400000,0x00000000f2f2d078,0x00000000f4300000)
  from space 18944K, 43% used [0x00000000f5600000,0x00000000f5e11010,0x00000000f6880000)
  to   space 19456K, 0% used [0x00000000f4300000,0x00000000f4300000,0x00000000f5600000)
 ParOldGen       total 225280K, used 155178K [0x00000000a0c00000, 0x00000000ae800000, 0x00000000e0400000)
  object space 225280K, 68% used [0x00000000a0c00000,0x00000000aa38a9f0,0x00000000ae800000)
 Metaspace       used 17662K, capacity 17917K, committed 18176K, reserved 1064960K
  class space    used 1718K, capacity 1761K, committed 1792K, reserved 1048576K
GC Heap History (10 events):
Event: 26.215 GC heap before
{Heap before GC invocations=37 (full 3):
 PSYoungGen      total 346624K, used 316853K [0x00000000e0400000, 0x00000000f6c80000, 0x0000000100000000)
  eden space 322560K, 98% used [0x00000000e0400000,0x00000000f394d558,0x00000000f3f00000)
  from space 24064K, 0% used [0x00000000f3f00000,0x00000000f3f20000,0x00000000f5680000)
  to   space 22528K, 0% used [0x00000000f5680000,0x00000000f5680000,0x00000000f6c80000)
 ParOldGen       total 225280K, used 155146K [0x00000000a0c00000, 0x00000000ae800000, 0x00000000e0400000)
  object space 225280K, 68% used [0x00000000a0c00000,0x00000000aa3829f0,0x00000000ae800000)
 Metaspace       used 17625K, capacity 17853K, committed 17920K, reserved 1064960K
  class space    used 1706K, capacity 1761K, committed 1792K, reserved 1048576K
Event: 26.216 GC heap after
Heap after GC invocations=37 (full 3):
 PSYoungGen      total 343552K, used 192K [0x00000000e0400000, 0x00000000f6980000, 0x0000000100000000)
  eden space 324096K, 0% used [0x00000000e0400000,0x00000000e0400000,0x00000000f4080000)
  from space 19456K, 0% used [0x00000000f5680000,0x00000000f56b0000,0x00000000f6980000)
  to   space 20992K, 0% used [0x00000000f4080000,0x00000000f4080000,0x00000000f5500000)
 ParOldGen       total 225280K, used 155146K [0x00000000a0c00000, 0x00000000ae800000, 0x00000000e0400000)
  object space 225280K, 68% used [0x00000000a0c00000,0x00000000aa3829f0,0x00000000ae800000)
 Metaspace       used 17625K, capacity 17853K, committed 17920K, reserved 1064960K
  class space    used 1706K, capacity 1761K, committed 1792K, reserved 1048576K
}
Event: 27.253 GC heap before
{Heap before GC invocations=38 (full 3):
 PSYoungGen      total 343552K, used 323858K [0x00000000e0400000, 0x00000000f6980000, 0x0000000100000000)
  eden space 324096K, 99% used [0x00000000e0400000,0x00000000f4014950,0x00000000f4080000)
  from space 19456K, 0% used [0x00000000f5680000,0x00000000f56b0000,0x00000000f6980000)
  to   space 20992K, 0% used [0x00000000f4080000,0x00000000f4080000,0x00000000f5500000)
 ParOldGen       total 225280K, used 155146K [0x00000000a0c00000, 0x00000000ae800000, 0x00000000e0400000)
  object space 225280K, 68% used [0x00000000a0c00000,0x00000000aa3829f0,0x00000000ae800000)
 Metaspace       used 17626K, capacity 17853K, committed 17920K, reserved 1064960K
  class space    used 1706K, capacity 1761K, committed 1792K, reserved 1048576K
Event: 27.257 GC heap after
Heap after GC invocations=38 (full 3):
 PSYoungGen      total 345088K, used 8196K [0x00000000e0400000, 0x00000000f6c00000, 0x0000000100000000)
  eden space 324096K, 0% used [0x00000000e0400000,0x00000000e0400000,0x00000000f4080000)
  from space 20992K, 39% used [0x00000000f4080000,0x00000000f4881010,0x00000000f5500000)
  to   space 21504K, 0% used [0x00000000f5700000,0x00000000f5700000,0x00000000f6c00000)
 ParOldGen       total 225280K, used 155146K [0x00000000a0c00000, 0x00000000ae800000, 0x00000000e0400000)
  object space 225280K, 68% used [0x00000000a0c00000,0x00000000aa3829f0,0x00000000ae800000)
 Metaspace       used 17626K, capacity 17853K, committed 17920K, reserved 1064960K
  class space    used 1706K, capacity 1761K, committed 1792K, reserved 1048576K
}
Event: 28.297 GC heap before
{Heap before GC invocations=39 (full 3):
 PSYoungGen      total 345088K, used 332292K [0x00000000e0400000, 0x00000000f6c00000, 0x0000000100000000)
  eden space 324096K, 100% used [0x00000000e0400000,0x00000000f4080000,0x00000000f4080000)
  from space 20992K, 39% used [0x00000000f4080000,0x00000000f4881010,0x00000000f5500000)
  to   space 21504K, 0% used [0x00000000f5700000,0x00000000f5700000,0x00000000f6c00000)
 ParOldGen       total 225280K, used 155146K [0x00000000a0c00000, 0x00000000ae800000, 0x00000000e0400000)
  object space 225280K, 68% used [0x00000000a0c00000,0x00000000aa3829f0,0x00000000ae800000)
 Metaspace       used 17626K, capacity 17853K, committed 17920K, reserved 1064960K
  class space    used 1706K, capacity 1761K, committed 1792K, reserved 1048576K
Event: 28.298 GC heap after
Heap after GC invocations=39 (full 3):
 PSYoungGen      total 344064K, used 160K [0x00000000e0400000, 0x00000000f6900000, 0x0000000100000000)
  eden space 325632K, 0% used [0x00000000e0400000,0x00000000e0400000,0x00000000f4200000)
  from space 18432K, 0% used [0x00000000f5700000,0x00000000f5728000,0x00000000f6900000)
  to   space 19968K, 0% used [0x00000000f4200000,0x00000000f4200000,0x00000000f5580000)
 ParOldGen       total 225280K, used 155178K [0x00000000a0c00000, 0x00000000ae800000, 0x00000000e0400000)
  object space 225280K, 68% used [0x00000000a0c00000,0x00000000aa38a9f0,0x00000000ae800000)
 Metaspace       used 17626K, capacity 17853K, committed 17920K, reserved 1064960K
  class space    used 1706K, capacity 1761K, committed 1792K, reserved 1048576K
}
Event: 29.349 GC heap before
{Heap before GC invocations=40 (full 3):
 PSYoungGen      total 344064K, used 320232K [0x00000000e0400000, 0x00000000f6900000, 0x0000000100000000)
  eden space 325632K, 98% used [0x00000000e0400000,0x00000000f3c92220,0x00000000f4200000)
  from space 18432K, 0% used [0x00000000f5700000,0x00000000f5728000,0x00000000f6900000)
  to   space 19968K, 0% used [0x00000000f4200000,0x00000000f4200000,0x00000000f5580000)
 ParOldGen       total 225280K, used 155178K [0x00000000a0c00000, 0x00000000ae800000, 0x00000000e0400000)
  object space 225280K, 68% used [0x00000000a0c00000,0x00000000aa38a9f0,0x00000000ae800000)
 Metaspace       used 17626K, capacity 17853K, committed 17920K, reserved 1064960K
  class space    used 1706K, capacity 1761K, committed 1792K, reserved 1048576K
Event: 29.350 GC heap after
Heap after GC invocations=40 (full 3):
 PSYoungGen      total 345600K, used 160K [0x00000000e0400000, 0x00000000f6880000, 0x0000000100000000)
  eden space 325632K, 0% used [0x00000000e0400000,0x00000000e0400000,0x00000000f4200000)
  from space 19968K, 0% used [0x00000000f4200000,0x00000000f4228000,0x00000000f5580000)
  to   space 18944K, 0% used [0x00000000f5600000,0x00000000f5600000,0x00000000f6880000)
 ParOldGen       total 225280K, used 155178K [0x00000000a0c00000, 0x00000000ae800000, 0x00000000e0400000)
  object space 225280K, 68% used [0x00000000a0c00000,0x00000000aa38a9f0,0x00000000ae800000)
 Metaspace       used 17626K, capacity 17853K, committed 17920K, reserved 1064960K
  class space    used 1706K, capacity 1761K, committed 1792K, reserved 1048576K
}
Event: 30.387 GC heap before
{Heap before GC invocations=41 (full 3):
 PSYoungGen      total 345600K, used 325223K [0x00000000e0400000, 0x00000000f6880000, 0x0000000100000000)
  eden space 325632K, 99% used [0x00000000e0400000,0x00000000f4171d88,0x00000000f4200000)
  from space 19968K, 0% used [0x00000000f4200000,0x00000000f4228000,0x00000000f5580000)
  to   space 18944K, 0% used [0x00000000f5600000,0x00000000f5600000,0x00000000f6880000)
 ParOldGen       total 225280K, used 155178K [0x00000000a0c00000, 0x00000000ae800000, 0x00000000e0400000)
  object space 225280K, 68% used [0x00000000a0c00000,0x00000000aa38a9f0,0x00000000ae800000)
 Metaspace       used 17661K, capacity 17917K, committed 18176K, reserved 1064960K
  class space    used 1718K, capacity 1761K, committed 1792K, reserved 1048576K
Event: 30.391 GC heap after
Heap after GC invocations=41 (full 3):
 PSYoungGen      total 345600K, used 8260K [0x00000000e0400000, 0x00000000f6a00000, 0x0000000100000000)
  eden space 326656K, 0% used [0x00000000e0400000,0x00000000e0400000,0x00000000f4300000)
  from space 18944K, 43% used [0x00000000f5600000,0x00000000f5e11010,0x00000000f6880000)
  to   space 19456K, 0% used [0x00000000f4300000,0x00000000f4300000,0x00000000f5600000)
 ParOldGen       total 225280K, used 155178K [0x00000000a0c00000, 0x00000000ae800000, 0x00000000e0400000)
  object space 225280K, 68% used [0x00000000a0c00000,0x00000000aa38a9f0,0x00000000ae800000)
 Metaspace       used 17661K, capacity 17917K, committed 18176K, reserved 1064960K
  class space    used 1718K, capacity 1761K, committed 1792K, reserved 1048576K
}

