# JRE version: Java(TM) SE Runtime Environment (8.0_25-b18) (build 1.8.0_25-b18)
# Java VM: Java HotSpot(TM) 64-Bit Server VM (25.25-b02 mixed mode windows-amd64 compressed oops)
Heap:
 PSYoungGen      total 395776K, used 99791K [0x00000000e0400000, 0x00000000f9d00000, 0x0000000100000000)
  eden space 373760K, 26% used [0x00000000e0400000,0x00000000e6543fc0,0x00000000f7100000)
  from space 22016K, 0% used [0x00000000f7100000,0x00000000f7130000,0x00000000f8680000)
  to   space 20992K, 0% used [0x00000000f8880000,0x00000000f8880000,0x00000000f9d00000)
 ParOldGen       total 226304K, used 155309K [0x00000000a0c00000, 0x00000000ae900000, 0x00000000e0400000)
  object space 226304K, 68% used [0x00000000a0c00000,0x00000000aa3ab4c8,0x00000000ae900000)
 Metaspace       used 17962K, capacity 18121K, committed 18176K, reserved 1064960K
  class space    used 1723K, capacity 1761K, committed 1792K, reserved 1048576K
GC Heap History (10 events):
Event: 14.959 GC heap before
{Heap before GC invocations=36 (full 3):
 PSYoungGen      total 392704K, used 375332K [0x00000000e0400000, 0x00000000f9d80000, 0x0000000100000000)
  eden space 367104K, 100% used [0x00000000e0400000,0x00000000f6a80000,0x00000000f6a80000)
  from space 25600K, 32% used [0x00000000f8480000,0x00000000f8c89010,0x00000000f9d80000)
  to   space 26112K, 0% used [0x00000000f6a80000,0x00000000f6a80000,0x00000000f8400000)
 ParOldGen       total 226304K, used 155253K [0x00000000a0c00000, 0x00000000ae900000, 0x00000000e0400000)
  object space 226304K, 68% used [0x00000000a0c00000,0x00000000aa39d4c8,0x00000000ae900000)
 Metaspace       used 17857K, capacity 18057K, committed 18176K, reserved 1064960K
  class space    used 1711K, capacity 1761K, committed 1792K, reserved 1048576K
Event: 14.960 GC heap after
Heap after GC invocations=36 (full 3):
 PSYoungGen      total 393216K, used 224K [0x00000000e0400000, 0x00000000f9f00000, 0x0000000100000000)
  eden space 367104K, 0% used [0x00000000e0400000,0x00000000e0400000,0x00000000f6a80000)
  from space 26112K, 0% used [0x00000000f6a80000,0x00000000f6ab8000,0x00000000f8400000)
  to   space 25088K, 0% used [0x00000000f8680000,0x00000000f8680000,0x00000000f9f00000)
 ParOldGen       total 226304K, used 155269K [0x00000000a0c00000, 0x00000000ae900000, 0x00000000e0400000)
  object space 226304K, 68% used [0x00000000a0c00000,0x00000000aa3a14c8,0x00000000ae900000)
 Metaspace       used 17857K, capacity 18057K, committed 18176K, reserved 1064960K
  class space    used 1711K, capacity 1761K, committed 1792K, reserved 1048576K
}
Event: 15.523 GC heap before
{Heap before GC invocations=37 (full 3):
 PSYoungGen      total 393216K, used 366480K [0x00000000e0400000, 0x00000000f9f00000, 0x0000000100000000)
  eden space 367104K, 99% used [0x00000000e0400000,0x00000000f69ac190,0x00000000f6a80000)
  from space 26112K, 0% used [0x00000000f6a80000,0x00000000f6ab8000,0x00000000f8400000)
  to   space 25088K, 0% used [0x00000000f8680000,0x00000000f8680000,0x00000000f9f00000)
 ParOldGen       total 226304K, used 155269K [0x00000000a0c00000, 0x00000000ae900000, 0x00000000e0400000)
  object space 226304K, 68% used [0x00000000a0c00000,0x00000000aa3a14c8,0x00000000ae900000)
 Metaspace       used 17857K, capacity 18057K, committed 18176K, reserved 1064960K
  class space    used 1711K, capacity 1761K, committed 1792K, reserved 1048576K
Event: 15.526 GC heap after
Heap after GC invocations=37 (full 3):
 PSYoungGen      total 394752K, used 8260K [0x00000000e0400000, 0x00000000f9e00000, 0x0000000100000000)
  eden space 370688K, 0% used [0x00000000e0400000,0x00000000e0400000,0x00000000f6e00000)
  from space 24064K, 34% used [0x00000000f8680000,0x00000000f8e91010,0x00000000f9e00000)
  to   space 24576K, 0% used [0x00000000f6e00000,0x00000000f6e00000,0x00000000f8600000)
 ParOldGen       total 226304K, used 155277K [0x00000000a0c00000, 0x00000000ae900000, 0x00000000e0400000)
  object space 226304K, 68% used [0x00000000a0c00000,0x00000000aa3a34c8,0x00000000ae900000)
 Metaspace       used 17857K, capacity 18057K, committed 18176K, reserved 1064960K
  class space    used 1711K, capacity 1761K, committed 1792K, reserved 1048576K
}
Event: 16.118 GC heap before
{Heap before GC invocations=38 (full 3):
 PSYoungGen      total 394752K, used 378948K [0x00000000e0400000, 0x00000000f9e00000, 0x0000000100000000)
  eden space 370688K, 100% used [0x00000000e0400000,0x00000000f6e00000,0x00000000f6e00000)
  from space 24064K, 34% used [0x00000000f8680000,0x00000000f8e91010,0x00000000f9e00000)
  to   space 24576K, 0% used [0x00000000f6e00000,0x00000000f6e00000,0x00000000f8600000)
 ParOldGen       total 226304K, used 155277K [0x00000000a0c00000, 0x00000000ae900000, 0x00000000e0400000)
  object space 226304K, 68% used [0x00000000a0c00000,0x00000000aa3a34c8,0x00000000ae900000)
 Metaspace       used 17909K, capacity 18121K, committed 18176K, reserved 1064960K
  class space    used 1711K, capacity 1761K, committed 1792K, reserved 1048576K
Event: 16.119 GC heap after
Heap after GC invocations=38 (full 3):
 PSYoungGen      total 395264K, used 128K [0x00000000e0400000, 0x00000000f9e80000, 0x0000000100000000)
  eden space 370688K, 0% used [0x00000000e0400000,0x00000000e0400000,0x00000000f6e00000)
  from space 24576K, 0% used [0x00000000f6e00000,0x00000000f6e20000,0x00000000f8600000)
  to   space 23040K, 0% used [0x00000000f8800000,0x00000000f8800000,0x00000000f9e80000)
 ParOldGen       total 226304K, used 155293K [0x00000000a0c00000, 0x00000000ae900000, 0x00000000e0400000)
  object space 226304K, 68% used [0x00000000a0c00000,0x00000000aa3a74c8,0x00000000ae900000)
 Metaspace       used 17909K, capacity 18121K, committed 18176K, reserved 1064960K
  class space    used 1711K, capacity 1761K, committed 1792K, reserved 1048576K
}
Event: 16.684 GC heap before
{Heap before GC invocations=39 (full 3):
 PSYoungGen      total 395264K, used 366415K [0x00000000e0400000, 0x00000000f9e80000, 0x0000000100000000)
  eden space 370688K, 98% used [0x00000000e0400000,0x00000000f69b3c50,0x00000000f6e00000)
  from space 24576K, 0% used [0x00000000f6e00000,0x00000000f6e20000,0x00000000f8600000)
  to   space 23040K, 0% used [0x00000000f8800000,0x00000000f8800000,0x00000000f9e80000)
 ParOldGen       total 226304K, used 155293K [0x00000000a0c00000, 0x00000000ae900000, 0x00000000e0400000)
  object space 226304K, 68% used [0x00000000a0c00000,0x00000000aa3a74c8,0x00000000ae900000)
 Metaspace       used 17926K, capacity 18121K, committed 18176K, reserved 1064960K
  class space    used 1711K, capacity 1761K, committed 1792K, reserved 1048576K
Event: 16.686 GC heap after
Heap after GC invocations=39 (full 3):
 PSYoungGen      total 394240K, used 96K [0x00000000e0400000, 0x00000000f9c00000, 0x0000000100000000)
  eden space 373760K, 0% used [0x00000000e0400000,0x00000000e0400000,0x00000000f7100000)
  from space 20480K, 0% used [0x00000000f8800000,0x00000000f8818000,0x00000000f9c00000)
  to   space 22016K, 0% used [0x00000000f7100000,0x00000000f7100000,0x00000000f8680000)
 ParOldGen       total 226304K, used 155309K [0x00000000a0c00000, 0x00000000ae900000, 0x00000000e0400000)
  object space 226304K, 68% used [0x00000000a0c00000,0x00000000aa3ab4c8,0x00000000ae900000)
 Metaspace       used 17926K, capacity 18121K, committed 18176K, reserved 1064960K
  class space    used 1711K, capacity 1761K, committed 1792K, reserved 1048576K
}
Event: 17.250 GC heap before
{Heap before GC invocations=40 (full 3):
 PSYoungGen      total 394240K, used 367146K [0x00000000e0400000, 0x00000000f9c00000, 0x0000000100000000)
  eden space 373760K, 98% used [0x00000000e0400000,0x00000000f6a729d0,0x00000000f7100000)
  from space 20480K, 0% used [0x00000000f8800000,0x00000000f8818000,0x00000000f9c00000)
  to   space 22016K, 0% used [0x00000000f7100000,0x00000000f7100000,0x00000000f8680000)
 ParOldGen       total 226304K, used 155309K [0x00000000a0c00000, 0x00000000ae900000, 0x00000000e0400000)
  object space 226304K, 68% used [0x00000000a0c00000,0x00000000aa3ab4c8,0x00000000ae900000)
 Metaspace       used 17926K, capacity 18121K, committed 18176K, reserved 1064960K
  class space    used 1711K, capacity 1761K, committed 1792K, reserved 1048576K
Event: 17.252 GC heap after
Heap after GC invocations=40 (full 3):
 PSYoungGen      total 395776K, used 192K [0x00000000e0400000, 0x00000000f9d00000, 0x0000000100000000)
  eden space 373760K, 0% used [0x00000000e0400000,0x00000000e0400000,0x00000000f7100000)
  from space 22016K, 0% used [0x00000000f7100000,0x00000000f7130000,0x00000000f8680000)
  to   space 20992K, 0% used [0x00000000f8880000,0x00000000f8880000,0x00000000f9d00000)
 ParOldGen       total 226304K, used 155309K [0x00000000a0c00000, 0x00000000ae900000, 0x00000000e0400000)
  object space 226304K, 68% used [0x00000000a0c00000,0x00000000aa3ab4c8,0x00000000ae900000)
 Metaspace       used 17926K, capacity 18121K, committed 18176K, reserved 1064960K
  class space    used 1711K, capacity 1761K, committed 1792K, reserved 1048576K
}

