# JRE version: Java(TM) SE Runtime Environment (8.0_25-b18) (build 1.8.0_25-b18)
# Java VM: Java HotSpot(TM) 64-Bit Server VM (25.25-b02 mixed mode windows-amd64 compressed oops)
Heap:
 PSYoungGen      total 330240K, used 311717K [0x00000000e0400000, 0x00000000f5580000, 0x0000000100000000)
  eden space 316928K, 98% used [0x00000000e0400000,0x00000000f34315d0,0x00000000f3980000)
  from space 13312K, 1% used [0x00000000f4880000,0x00000000f48b8000,0x00000000f5580000)
  to   space 14336K, 0% used [0x00000000f3980000,0x00000000f3980000,0x00000000f4780000)
 ParOldGen       total 236032K, used 155397K [0x00000000a0c00000, 0x00000000af280000, 0x00000000e0400000)
  object space 236032K, 65% used [0x00000000a0c00000,0x00000000aa3c1498,0x00000000af280000)
 Metaspace       used 18029K, capacity 18185K, committed 18432K, reserved 1067008K
  class space    used 1721K, capacity 1761K, committed 1792K, reserved 1048576K
GC Heap History (10 events):
Event: 18.008 GC heap before
{Heap before GC invocations=43 (full 3):
 PSYoungGen      total 327680K, used 317444K [0x00000000e0400000, 0x00000000f5a80000, 0x0000000100000000)
  eden space 309248K, 100% used [0x00000000e0400000,0x00000000f3200000,0x00000000f3200000)
  from space 18432K, 44% used [0x00000000f3200000,0x00000000f3a01010,0x00000000f4400000)
  to   space 18944K, 0% used [0x00000000f4800000,0x00000000f4800000,0x00000000f5a80000)
 ParOldGen       total 236032K, used 155333K [0x00000000a0c00000, 0x00000000af280000, 0x00000000e0400000)
  object space 236032K, 65% used [0x00000000a0c00000,0x00000000aa3b1498,0x00000000af280000)
 Metaspace       used 17987K, capacity 18185K, committed 18432K, reserved 1067008K
  class space    used 1710K, capacity 1761K, committed 1792K, reserved 1048576K
Event: 18.009 GC heap after
Heap after GC invocations=43 (full 3):
 PSYoungGen      total 328704K, used 128K [0x00000000e0400000, 0x00000000f5800000, 0x0000000100000000)
  eden space 312320K, 0% used [0x00000000e0400000,0x00000000e0400000,0x00000000f3500000)
  from space 16384K, 0% used [0x00000000f4800000,0x00000000f4820000,0x00000000f5800000)
  to   space 17920K, 0% used [0x00000000f3500000,0x00000000f3500000,0x00000000f4680000)
 ParOldGen       total 236032K, used 155333K [0x00000000a0c00000, 0x00000000af280000, 0x00000000e0400000)
  object space 236032K, 65% used [0x00000000a0c00000,0x00000000aa3b1498,0x00000000af280000)
 Metaspace       used 17987K, capacity 18185K, committed 18432K, reserved 1067008K
  class space    used 1710K, capacity 1761K, committed 1792K, reserved 1048576K
}
Event: 18.475 GC heap before
{Heap before GC invocations=44 (full 3):
 PSYoungGen      total 328704K, used 312448K [0x00000000e0400000, 0x00000000f5800000, 0x0000000100000000)
  eden space 312320K, 100% used [0x00000000e0400000,0x00000000f3500000,0x00000000f3500000)
  from space 16384K, 0% used [0x00000000f4800000,0x00000000f4820000,0x00000000f5800000)
  to   space 17920K, 0% used [0x00000000f3500000,0x00000000f3500000,0x00000000f4680000)
 ParOldGen       total 236032K, used 155333K [0x00000000a0c00000, 0x00000000af280000, 0x00000000e0400000)
  object space 236032K, 65% used [0x00000000a0c00000,0x00000000aa3b1498,0x00000000af280000)
 Metaspace       used 17987K, capacity 18185K, committed 18432K, reserved 1067008K
  class space    used 1710K, capacity 1761K, committed 1792K, reserved 1048576K
Event: 18.476 GC heap after
Heap after GC invocations=44 (full 3):
 PSYoungGen      total 330240K, used 96K [0x00000000e0400000, 0x00000000f5880000, 0x0000000100000000)
  eden space 312320K, 0% used [0x00000000e0400000,0x00000000e0400000,0x00000000f3500000)
  from space 17920K, 0% used [0x00000000f3500000,0x00000000f3518000,0x00000000f4680000)
  to   space 16896K, 0% used [0x00000000f4800000,0x00000000f4800000,0x00000000f5880000)
 ParOldGen       total 236032K, used 155365K [0x00000000a0c00000, 0x00000000af280000, 0x00000000e0400000)
  object space 236032K, 65% used [0x00000000a0c00000,0x00000000aa3b9498,0x00000000af280000)
 Metaspace       used 17987K, capacity 18185K, committed 18432K, reserved 1067008K
  class space    used 1710K, capacity 1761K, committed 1792K, reserved 1048576K
}
Event: 18.962 GC heap before
{Heap before GC invocations=45 (full 3):
 PSYoungGen      total 330240K, used 312416K [0x00000000e0400000, 0x00000000f5880000, 0x0000000100000000)
  eden space 312320K, 100% used [0x00000000e0400000,0x00000000f3500000,0x00000000f3500000)
  from space 17920K, 0% used [0x00000000f3500000,0x00000000f3518000,0x00000000f4680000)
  to   space 16896K, 0% used [0x00000000f4800000,0x00000000f4800000,0x00000000f5880000)
 ParOldGen       total 236032K, used 155365K [0x00000000a0c00000, 0x00000000af280000, 0x00000000e0400000)
  object space 236032K, 65% used [0x00000000a0c00000,0x00000000aa3b9498,0x00000000af280000)
 Metaspace       used 17987K, capacity 18185K, committed 18432K, reserved 1067008K
  class space    used 1710K, capacity 1761K, committed 1792K, reserved 1048576K
Event: 18.963 GC heap after
Heap after GC invocations=45 (full 3):
 PSYoungGen      total 329728K, used 160K [0x00000000e0400000, 0x00000000f5680000, 0x0000000100000000)
  eden space 314880K, 0% used [0x00000000e0400000,0x00000000e0400000,0x00000000f3780000)
  from space 14848K, 1% used [0x00000000f4800000,0x00000000f4828000,0x00000000f5680000)
  to   space 15872K, 0% used [0x00000000f3780000,0x00000000f3780000,0x00000000f4700000)
 ParOldGen       total 236032K, used 155381K [0x00000000a0c00000, 0x00000000af280000, 0x00000000e0400000)
  object space 236032K, 65% used [0x00000000a0c00000,0x00000000aa3bd498,0x00000000af280000)
 Metaspace       used 17987K, capacity 18185K, committed 18432K, reserved 1067008K
  class space    used 1710K, capacity 1761K, committed 1792K, reserved 1048576K
}
Event: 19.446 GC heap before
{Heap before GC invocations=46 (full 3):
 PSYoungGen      total 329728K, used 312713K [0x00000000e0400000, 0x00000000f5680000, 0x0000000100000000)
  eden space 314880K, 99% used [0x00000000e0400000,0x00000000f353a690,0x00000000f3780000)
  from space 14848K, 1% used [0x00000000f4800000,0x00000000f4828000,0x00000000f5680000)
  to   space 15872K, 0% used [0x00000000f3780000,0x00000000f3780000,0x00000000f4700000)
 ParOldGen       total 236032K, used 155381K [0x00000000a0c00000, 0x00000000af280000, 0x00000000e0400000)
  object space 236032K, 65% used [0x00000000a0c00000,0x00000000aa3bd498,0x00000000af280000)
 Metaspace       used 17987K, capacity 18185K, committed 18432K, reserved 1067008K
  class space    used 1710K, capacity 1761K, committed 1792K, reserved 1048576K
Event: 19.447 GC heap after
Heap after GC invocations=46 (full 3):
 PSYoungGen      total 330752K, used 192K [0x00000000e0400000, 0x00000000f5780000, 0x0000000100000000)
  eden space 314880K, 0% used [0x00000000e0400000,0x00000000e0400000,0x00000000f3780000)
  from space 15872K, 1% used [0x00000000f3780000,0x00000000f37b0000,0x00000000f4700000)
  to   space 15360K, 0% used [0x00000000f4880000,0x00000000f4880000,0x00000000f5780000)
 ParOldGen       total 236032K, used 155389K [0x00000000a0c00000, 0x00000000af280000, 0x00000000e0400000)
  object space 236032K, 65% used [0x00000000a0c00000,0x00000000aa3bf498,0x00000000af280000)
 Metaspace       used 17987K, capacity 18185K, committed 18432K, reserved 1067008K
  class space    used 1710K, capacity 1761K, committed 1792K, reserved 1048576K
}
Event: 19.881 GC heap before
{Heap before GC invocations=47 (full 3):
 PSYoungGen      total 330752K, used 315072K [0x00000000e0400000, 0x00000000f5780000, 0x0000000100000000)
  eden space 314880K, 100% used [0x00000000e0400000,0x00000000f3780000,0x00000000f3780000)
  from space 15872K, 1% used [0x00000000f3780000,0x00000000f37b0000,0x00000000f4700000)
  to   space 15360K, 0% used [0x00000000f4880000,0x00000000f4880000,0x00000000f5780000)
 ParOldGen       total 236032K, used 155389K [0x00000000a0c00000, 0x00000000af280000, 0x00000000e0400000)
  object space 236032K, 65% used [0x00000000a0c00000,0x00000000aa3bf498,0x00000000af280000)
 Metaspace       used 17991K, capacity 18185K, committed 18432K, reserved 1067008K
  class space    used 1710K, capacity 1761K, committed 1792K, reserved 1048576K
Event: 19.882 GC heap after
Heap after GC invocations=47 (full 3):
 PSYoungGen      total 330240K, used 224K [0x00000000e0400000, 0x00000000f5580000, 0x0000000100000000)
  eden space 316928K, 0% used [0x00000000e0400000,0x00000000e0400000,0x00000000f3980000)
  from space 13312K, 1% used [0x00000000f4880000,0x00000000f48b8000,0x00000000f5580000)
  to   space 14336K, 0% used [0x00000000f3980000,0x00000000f3980000,0x00000000f4780000)
 ParOldGen       total 236032K, used 155397K [0x00000000a0c00000, 0x00000000af280000, 0x00000000e0400000)
  object space 236032K, 65% used [0x00000000a0c00000,0x00000000aa3c1498,0x00000000af280000)
 Metaspace       used 17991K, capacity 18185K, committed 18432K, reserved 1067008K
  class space    used 1710K, capacity 1761K, committed 1792K, reserved 1048576K
}

