# JRE version: Java(TM) SE Runtime Environment (8.0_25-b18) (build 1.8.0_25-b18)
# Java VM: Java HotSpot(TM) 64-Bit Server VM (25.25-b02 mixed mode windows-amd64 compressed oops)
Heap:
 PSYoungGen      total 378880K, used 98261K [0x00000000e0400000, 0x00000000f9500000, 0x0000000100000000)
  eden space 349184K, 25% used [0x00000000e0400000,0x00000000e5bdc688,0x00000000f5900000)
  from space 29696K, 27% used [0x00000000f5900000,0x00000000f6119010,0x00000000f7600000)
  to   space 28672K, 0% used [0x00000000f7900000,0x00000000f7900000,0x00000000f9500000)
 ParOldGen       total 224768K, used 155205K [0x00000000a0c00000, 0x00000000ae780000, 0x00000000e0400000)
  object space 224768K, 69% used [0x00000000a0c00000,0x00000000aa3915c0,0x00000000ae780000)
 Metaspace       used 17926K, capacity 18121K, committed 18176K, reserved 1064960K
  class space    used 1721K, capacity 1761K, committed 1792K, reserved 1048576K
GC Heap History (10 events):
Event: 13.378 GC heap before
{Heap before GC invocations=28 (full 3):
 PSYoungGen      total 376320K, used 342784K [0x00000000e0400000, 0x00000000f9b80000, 0x0000000100000000)
  eden space 342528K, 100% used [0x00000000e0400000,0x00000000f5280000,0x00000000f5280000)
  from space 33792K, 0% used [0x00000000f7a80000,0x00000000f7ac0000,0x00000000f9b80000)
  to   space 37376K, 0% used [0x00000000f5280000,0x00000000f5280000,0x00000000f7700000)
 ParOldGen       total 224768K, used 155117K [0x00000000a0c00000, 0x00000000ae780000, 0x00000000e0400000)
  object space 224768K, 69% used [0x00000000a0c00000,0x00000000aa37b5c0,0x00000000ae780000)
 Metaspace       used 17850K, capacity 18057K, committed 18176K, reserved 1064960K
  class space    used 1711K, capacity 1761K, committed 1792K, reserved 1048576K
Event: 13.379 GC heap after
Heap after GC invocations=28 (full 3):
 PSYoungGen      total 379904K, used 224K [0x00000000e0400000, 0x00000000f9b80000, 0x0000000100000000)
  eden space 342528K, 0% used [0x00000000e0400000,0x00000000e0400000,0x00000000f5280000)
  from space 37376K, 0% used [0x00000000f5280000,0x00000000f52b8000,0x00000000f7700000)
  to   space 35328K, 0% used [0x00000000f7900000,0x00000000f7900000,0x00000000f9b80000)
 ParOldGen       total 224768K, used 155117K [0x00000000a0c00000, 0x00000000ae780000, 0x00000000e0400000)
  object space 224768K, 69% used [0x00000000a0c00000,0x00000000aa37b5c0,0x00000000ae780000)
 Metaspace       used 17850K, capacity 18057K, committed 18176K, reserved 1064960K
  class space    used 1711K, capacity 1761K, committed 1792K, reserved 1048576K
}
Event: 13.923 GC heap before
{Heap before GC invocations=29 (full 3):
 PSYoungGen      total 379904K, used 342457K [0x00000000e0400000, 0x00000000f9b80000, 0x0000000100000000)
  eden space 342528K, 99% used [0x00000000e0400000,0x00000000f52367d0,0x00000000f5280000)
  from space 37376K, 0% used [0x00000000f5280000,0x00000000f52b8000,0x00000000f7700000)
  to   space 35328K, 0% used [0x00000000f7900000,0x00000000f7900000,0x00000000f9b80000)
 ParOldGen       total 224768K, used 155117K [0x00000000a0c00000, 0x00000000ae780000, 0x00000000e0400000)
  object space 224768K, 69% used [0x00000000a0c00000,0x00000000aa37b5c0,0x00000000ae780000)
 Metaspace       used 17854K, capacity 18057K, committed 18176K, reserved 1064960K
  class space    used 1711K, capacity 1761K, committed 1792K, reserved 1048576K
Event: 13.924 GC heap after
Heap after GC invocations=29 (full 3):
 PSYoungGen      total 376832K, used 224K [0x00000000e0400000, 0x00000000f9700000, 0x0000000100000000)
  eden space 346112K, 0% used [0x00000000e0400000,0x00000000e0400000,0x00000000f5600000)
  from space 30720K, 0% used [0x00000000f7900000,0x00000000f7938000,0x00000000f9700000)
  to   space 33280K, 0% used [0x00000000f5600000,0x00000000f5600000,0x00000000f7680000)
 ParOldGen       total 224768K, used 155125K [0x00000000a0c00000, 0x00000000ae780000, 0x00000000e0400000)
  object space 224768K, 69% used [0x00000000a0c00000,0x00000000aa37d5c0,0x00000000ae780000)
 Metaspace       used 17854K, capacity 18057K, committed 18176K, reserved 1064960K
  class space    used 1711K, capacity 1761K, committed 1792K, reserved 1048576K
}
Event: 14.479 GC heap before
{Heap before GC invocations=30 (full 3):
 PSYoungGen      total 376832K, used 346336K [0x00000000e0400000, 0x00000000f9700000, 0x0000000100000000)
  eden space 346112K, 100% used [0x00000000e0400000,0x00000000f5600000,0x00000000f5600000)
  from space 30720K, 0% used [0x00000000f7900000,0x00000000f7938000,0x00000000f9700000)
  to   space 33280K, 0% used [0x00000000f5600000,0x00000000f5600000,0x00000000f7680000)
 ParOldGen       total 224768K, used 155125K [0x00000000a0c00000, 0x00000000ae780000, 0x00000000e0400000)
  object space 224768K, 69% used [0x00000000a0c00000,0x00000000aa37d5c0,0x00000000ae780000)
 Metaspace       used 17900K, capacity 18121K, committed 18176K, reserved 1064960K
  class space    used 1711K, capacity 1761K, committed 1792K, reserved 1048576K
Event: 14.481 GC heap after
Heap after GC invocations=30 (full 3):
 PSYoungGen      total 379392K, used 224K [0x00000000e0400000, 0x00000000f9600000, 0x0000000100000000)
  eden space 346112K, 0% used [0x00000000e0400000,0x00000000e0400000,0x00000000f5600000)
  from space 33280K, 0% used [0x00000000f5600000,0x00000000f5638000,0x00000000f7680000)
  to   space 31232K, 0% used [0x00000000f7780000,0x00000000f7780000,0x00000000f9600000)
 ParOldGen       total 224768K, used 155133K [0x00000000a0c00000, 0x00000000ae780000, 0x00000000e0400000)
  object space 224768K, 69% used [0x00000000a0c00000,0x00000000aa37f5c0,0x00000000ae780000)
 Metaspace       used 17900K, capacity 18121K, committed 18176K, reserved 1064960K
  class space    used 1711K, capacity 1761K, committed 1792K, reserved 1048576K
}
Event: 15.024 GC heap before
{Heap before GC invocations=31 (full 3):
 PSYoungGen      total 379392K, used 341419K [0x00000000e0400000, 0x00000000f9600000, 0x0000000100000000)
  eden space 346112K, 98% used [0x00000000e0400000,0x00000000f5132e48,0x00000000f5600000)
  from space 33280K, 0% used [0x00000000f5600000,0x00000000f5638000,0x00000000f7680000)
  to   space 31232K, 0% used [0x00000000f7780000,0x00000000f7780000,0x00000000f9600000)
 ParOldGen       total 224768K, used 155133K [0x00000000a0c00000, 0x00000000ae780000, 0x00000000e0400000)
  object space 224768K, 69% used [0x00000000a0c00000,0x00000000aa37f5c0,0x00000000ae780000)
 Metaspace       used 17900K, capacity 18121K, committed 18176K, reserved 1064960K
  class space    used 1711K, capacity 1761K, committed 1792K, reserved 1048576K
Event: 15.025 GC heap after
Heap after GC invocations=31 (full 3):
 PSYoungGen      total 377344K, used 256K [0x00000000e0400000, 0x00000000f9300000, 0x0000000100000000)
  eden space 349184K, 0% used [0x00000000e0400000,0x00000000e0400000,0x00000000f5900000)
  from space 28160K, 0% used [0x00000000f7780000,0x00000000f77c0000,0x00000000f9300000)
  to   space 29696K, 0% used [0x00000000f5900000,0x00000000f5900000,0x00000000f7600000)
 ParOldGen       total 224768K, used 155173K [0x00000000a0c00000, 0x00000000ae780000, 0x00000000e0400000)
  object space 224768K, 69% used [0x00000000a0c00000,0x00000000aa3895c0,0x00000000ae780000)
 Metaspace       used 17900K, capacity 18121K, committed 18176K, reserved 1064960K
  class space    used 1711K, capacity 1761K, committed 1792K, reserved 1048576K
}
Event: 15.563 GC heap before
{Heap before GC invocations=32 (full 3):
 PSYoungGen      total 377344K, used 349440K [0x00000000e0400000, 0x00000000f9300000, 0x0000000100000000)
  eden space 349184K, 100% used [0x00000000e0400000,0x00000000f5900000,0x00000000f5900000)
  from space 28160K, 0% used [0x00000000f7780000,0x00000000f77c0000,0x00000000f9300000)
  to   space 29696K, 0% used [0x00000000f5900000,0x00000000f5900000,0x00000000f7600000)
 ParOldGen       total 224768K, used 155173K [0x00000000a0c00000, 0x00000000ae780000, 0x00000000e0400000)
  object space 224768K, 69% used [0x00000000a0c00000,0x00000000aa3895c0,0x00000000ae780000)
 Metaspace       used 17900K, capacity 18121K, committed 18176K, reserved 1064960K
  class space    used 1711K, capacity 1761K, committed 1792K, reserved 1048576K
Event: 15.567 GC heap after
Heap after GC invocations=32 (full 3):
 PSYoungGen      total 378880K, used 8292K [0x00000000e0400000, 0x00000000f9500000, 0x0000000100000000)
  eden space 349184K, 0% used [0x00000000e0400000,0x00000000e0400000,0x00000000f5900000)
  from space 29696K, 27% used [0x00000000f5900000,0x00000000f6119010,0x00000000f7600000)
  to   space 28672K, 0% used [0x00000000f7900000,0x00000000f7900000,0x00000000f9500000)
 ParOldGen       total 224768K, used 155205K [0x00000000a0c00000, 0x00000000ae780000, 0x00000000e0400000)
  object space 224768K, 69% used [0x00000000a0c00000,0x00000000aa3915c0,0x00000000ae780000)
 Metaspace       used 17900K, capacity 18121K, committed 18176K, reserved 1064960K
  class space    used 1711K, capacity 1761K, committed 1792K, reserved 1048576K
}

