# JRE version: Java(TM) SE Runtime Environment (8.0_25-b18) (build 1.8.0_25-b18)
# Java VM: Java HotSpot(TM) 64-Bit Server VM (25.25-b02 mixed mode windows-amd64 compressed oops)
Heap:
 PSYoungGen      total 376832K, used 181106K [0x00000000e0400000, 0x00000000f7580000, 0x0000000100000000)
  eden space 375296K, 48% used [0x00000000e0400000,0x00000000eb4b4aa0,0x00000000f7280000)
  from space 1536K, 10% used [0x00000000f7400000,0x00000000f7428000,0x00000000f7580000)
  to   space 1536K, 0% used [0x00000000f7280000,0x00000000f7280000,0x00000000f7400000)
 ParOldGen       total 227840K, used 180447K [0x00000000a0c00000, 0x00000000aea80000, 0x00000000e0400000)
  object space 227840K, 79% used [0x00000000a0c00000,0x00000000abc37d58,0x00000000aea80000)
 Metaspace       used 18495K, capacity 18729K, committed 19072K, reserved 1067008K
  class space    used 1762K, capacity 1793K, committed 1920K, reserved 1048576K
GC Heap History (10 events):
Event: 49.273 GC heap before
{Heap before GC invocations=99 (full 3):
 PSYoungGen      total 371200K, used 368745K [0x00000000e0400000, 0x00000000f7380000, 0x0000000100000000)
  eden space 369664K, 99% used [0x00000000e0400000,0x00000000f6b2e5a0,0x00000000f6d00000)
  from space 1536K, 61% used [0x00000000f6d00000,0x00000000f6dec010,0x00000000f6e80000)
  to   space 2048K, 0% used [0x00000000f7180000,0x00000000f7180000,0x00000000f7380000)
 ParOldGen       total 227840K, used 180399K [0x00000000a0c00000, 0x00000000aea80000, 0x00000000e0400000)
  object space 227840K, 79% used [0x00000000a0c00000,0x00000000abc2bd58,0x00000000aea80000)
 Metaspace       used 18494K, capacity 18729K, committed 19072K, reserved 1067008K
  class space    used 1762K, capacity 1793K, committed 1920K, reserved 1048576K
Event: 49.274 GC heap after
Heap after GC invocations=99 (full 3):
 PSYoungGen      total 372224K, used 96K [0x00000000e0400000, 0x00000000f7200000, 0x0000000100000000)
  eden space 371712K, 0% used [0x00000000e0400000,0x00000000e0400000,0x00000000f6f00000)
  from space 512K, 18% used [0x00000000f7180000,0x00000000f7198000,0x00000000f7200000)
  to   space 1536K, 0% used [0x00000000f6f00000,0x00000000f6f00000,0x00000000f7080000)
 ParOldGen       total 227840K, used 180407K [0x00000000a0c00000, 0x00000000aea80000, 0x00000000e0400000)
  object space 227840K, 79% used [0x00000000a0c00000,0x00000000abc2dd58,0x00000000aea80000)
 Metaspace       used 18494K, capacity 18729K, committed 19072K, reserved 1067008K
  class space    used 1762K, capacity 1793K, committed 1920K, reserved 1048576K
}
Event: 49.867 GC heap before
{Heap before GC invocations=100 (full 3):
 PSYoungGen      total 372224K, used 371808K [0x00000000e0400000, 0x00000000f7200000, 0x0000000100000000)
  eden space 371712K, 100% used [0x00000000e0400000,0x00000000f6f00000,0x00000000f6f00000)
  from space 512K, 18% used [0x00000000f7180000,0x00000000f7198000,0x00000000f7200000)
  to   space 1536K, 0% used [0x00000000f6f00000,0x00000000f6f00000,0x00000000f7080000)
 ParOldGen       total 227840K, used 180407K [0x00000000a0c00000, 0x00000000aea80000, 0x00000000e0400000)
  object space 227840K, 79% used [0x00000000a0c00000,0x00000000abc2dd58,0x00000000aea80000)
 Metaspace       used 18494K, capacity 18729K, committed 19072K, reserved 1067008K
  class space    used 1762K, capacity 1793K, committed 1920K, reserved 1048576K
Event: 49.869 GC heap after
Heap after GC invocations=100 (full 3):
 PSYoungGen      total 373248K, used 128K [0x00000000e0400000, 0x00000000f7400000, 0x0000000100000000)
  eden space 371712K, 0% used [0x00000000e0400000,0x00000000e0400000,0x00000000f6f00000)
  from space 1536K, 8% used [0x00000000f6f00000,0x00000000f6f20000,0x00000000f7080000)
  to   space 1536K, 0% used [0x00000000f7280000,0x00000000f7280000,0x00000000f7400000)
 ParOldGen       total 227840K, used 180423K [0x00000000a0c00000, 0x00000000aea80000, 0x00000000e0400000)
  object space 227840K, 79% used [0x00000000a0c00000,0x00000000abc31d58,0x00000000aea80000)
 Metaspace       used 18494K, capacity 18729K, committed 19072K, reserved 1067008K
  class space    used 1762K, capacity 1793K, committed 1920K, reserved 1048576K
}
Event: 50.440 GC heap before
{Heap before GC invocations=101 (full 3):
 PSYoungGen      total 373248K, used 369657K [0x00000000e0400000, 0x00000000f7400000, 0x0000000100000000)
  eden space 371712K, 99% used [0x00000000e0400000,0x00000000f6cde520,0x00000000f6f00000)
  from space 1536K, 8% used [0x00000000f6f00000,0x00000000f6f20000,0x00000000f7080000)
  to   space 1536K, 0% used [0x00000000f7280000,0x00000000f7280000,0x00000000f7400000)
 ParOldGen       total 227840K, used 180423K [0x00000000a0c00000, 0x00000000aea80000, 0x00000000e0400000)
  object space 227840K, 79% used [0x00000000a0c00000,0x00000000abc31d58,0x00000000aea80000)
 Metaspace       used 18494K, capacity 18729K, committed 19072K, reserved 1067008K
  class space    used 1762K, capacity 1793K, committed 1920K, reserved 1048576K
Event: 50.441 GC heap after
Heap after GC invocations=101 (full 3):
 PSYoungGen      total 375296K, used 128K [0x00000000e0400000, 0x00000000f7400000, 0x0000000100000000)
  eden space 373760K, 0% used [0x00000000e0400000,0x00000000e0400000,0x00000000f7100000)
  from space 1536K, 8% used [0x00000000f7280000,0x00000000f72a0000,0x00000000f7400000)
  to   space 1536K, 0% used [0x00000000f7100000,0x00000000f7100000,0x00000000f7280000)
 ParOldGen       total 227840K, used 180423K [0x00000000a0c00000, 0x00000000aea80000, 0x00000000e0400000)
  object space 227840K, 79% used [0x00000000a0c00000,0x00000000abc31d58,0x00000000aea80000)
 Metaspace       used 18494K, capacity 18729K, committed 19072K, reserved 1067008K
  class space    used 1762K, capacity 1793K, committed 1920K, reserved 1048576K
}
Event: 51.035 GC heap before
{Heap before GC invocations=102 (full 3):
 PSYoungGen      total 375296K, used 373888K [0x00000000e0400000, 0x00000000f7400000, 0x0000000100000000)
  eden space 373760K, 100% used [0x00000000e0400000,0x00000000f7100000,0x00000000f7100000)
  from space 1536K, 8% used [0x00000000f7280000,0x00000000f72a0000,0x00000000f7400000)
  to   space 1536K, 0% used [0x00000000f7100000,0x00000000f7100000,0x00000000f7280000)
 ParOldGen       total 227840K, used 180423K [0x00000000a0c00000, 0x00000000aea80000, 0x00000000e0400000)
  object space 227840K, 79% used [0x00000000a0c00000,0x00000000abc31d58,0x00000000aea80000)
 Metaspace       used 18494K, capacity 18729K, committed 19072K, reserved 1067008K
  class space    used 1762K, capacity 1793K, committed 1920K, reserved 1048576K
Event: 51.036 GC heap after
Heap after GC invocations=102 (full 3):
 PSYoungGen      total 375296K, used 128K [0x00000000e0400000, 0x00000000f7580000, 0x0000000100000000)
  eden space 373760K, 0% used [0x00000000e0400000,0x00000000e0400000,0x00000000f7100000)
  from space 1536K, 8% used [0x00000000f7100000,0x00000000f7120000,0x00000000f7280000)
  to   space 1536K, 0% used [0x00000000f7400000,0x00000000f7400000,0x00000000f7580000)
 ParOldGen       total 227840K, used 180447K [0x00000000a0c00000, 0x00000000aea80000, 0x00000000e0400000)
  object space 227840K, 79% used [0x00000000a0c00000,0x00000000abc37d58,0x00000000aea80000)
 Metaspace       used 18494K, capacity 18729K, committed 19072K, reserved 1067008K
  class space    used 1762K, capacity 1793K, committed 1920K, reserved 1048576K
}
Event: 51.635 GC heap before
{Heap before GC invocations=103 (full 3):
 PSYoungGen      total 375296K, used 373888K [0x00000000e0400000, 0x00000000f7580000, 0x0000000100000000)
  eden space 373760K, 100% used [0x00000000e0400000,0x00000000f7100000,0x00000000f7100000)
  from space 1536K, 8% used [0x00000000f7100000,0x00000000f7120000,0x00000000f7280000)
  to   space 1536K, 0% used [0x00000000f7400000,0x00000000f7400000,0x00000000f7580000)
 ParOldGen       total 227840K, used 180447K [0x00000000a0c00000, 0x00000000aea80000, 0x00000000e0400000)
  object space 227840K, 79% used [0x00000000a0c00000,0x00000000abc37d58,0x00000000aea80000)
 Metaspace       used 18494K, capacity 18729K, committed 19072K, reserved 1067008K
  class space    used 1762K, capacity 1793K, committed 1920K, reserved 1048576K
Event: 51.636 GC heap after
Heap after GC invocations=103 (full 3):
 PSYoungGen      total 376832K, used 160K [0x00000000e0400000, 0x00000000f7580000, 0x0000000100000000)
  eden space 375296K, 0% used [0x00000000e0400000,0x00000000e0400000,0x00000000f7280000)
  from space 1536K, 10% used [0x00000000f7400000,0x00000000f7428000,0x00000000f7580000)
  to   space 1536K, 0% used [0x00000000f7280000,0x00000000f7280000,0x00000000f7400000)
 ParOldGen       total 227840K, used 180447K [0x00000000a0c00000, 0x00000000aea80000, 0x00000000e0400000)
  object space 227840K, 79% used [0x00000000a0c00000,0x00000000abc37d58,0x00000000aea80000)
 Metaspace       used 18494K, capacity 18729K, committed 19072K, reserved 1067008K
  class space    used 1762K, capacity 1793K, committed 1920K, reserved 1048576K
}

