# JRE version: Java(TM) SE Runtime Environment (8.0_25-b18) (build 1.8.0_25-b18)
# Java VM: Java HotSpot(TM) 64-Bit Server VM (25.25-b02 mixed mode windows-amd64 compressed oops)
Heap:
 PSYoungGen      total 382976K, used 208511K [0x00000000e0400000, 0x00000000f8480000, 0x0000000100000000)
  eden space 371712K, 56% used [0x00000000e0400000,0x00000000ecf6fef8,0x00000000f6f00000)
  from space 11264K, 1% used [0x00000000f6f00000,0x00000000f6f30000,0x00000000f7a00000)
  to   space 10240K, 0% used [0x00000000f7a80000,0x00000000f7a80000,0x00000000f8480000)
 ParOldGen       total 224768K, used 155898K [0x00000000a0c00000, 0x00000000ae780000, 0x00000000e0400000)
  object space 224768K, 69% used [0x00000000a0c00000,0x00000000aa43ea58,0x00000000ae780000)
 Metaspace       used 18608K, capacity 18821K, committed 19072K, reserved 1067008K
  class space    used 1766K, capacity 1825K, committed 1920K, reserved 1048576K
GC Heap History (10 events):
Event: 22.171 GC heap before
{Heap before GC invocations=50 (full 3):
 PSYoungGen      total 381952K, used 368832K [0x00000000e0400000, 0x00000000f8900000, 0x0000000100000000)
  eden space 368640K, 100% used [0x00000000e0400000,0x00000000f6c00000,0x00000000f6c00000)
  from space 13312K, 1% used [0x00000000f7c00000,0x00000000f7c30000,0x00000000f8900000)
  to   space 14848K, 0% used [0x00000000f6c00000,0x00000000f6c00000,0x00000000f7a80000)
 ParOldGen       total 224768K, used 155858K [0x00000000a0c00000, 0x00000000ae780000, 0x00000000e0400000)
  object space 224768K, 69% used [0x00000000a0c00000,0x00000000aa434a58,0x00000000ae780000)
 Metaspace       used 18607K, capacity 18821K, committed 19072K, reserved 1067008K
  class space    used 1766K, capacity 1825K, committed 1920K, reserved 1048576K
Event: 22.172 GC heap after
Heap after GC invocations=50 (full 3):
 PSYoungGen      total 383488K, used 160K [0x00000000e0400000, 0x00000000f8880000, 0x0000000100000000)
  eden space 368640K, 0% used [0x00000000e0400000,0x00000000e0400000,0x00000000f6c00000)
  from space 14848K, 1% used [0x00000000f6c00000,0x00000000f6c28000,0x00000000f7a80000)
  to   space 13824K, 0% used [0x00000000f7b00000,0x00000000f7b00000,0x00000000f8880000)
 ParOldGen       total 224768K, used 155866K [0x00000000a0c00000, 0x00000000ae780000, 0x00000000e0400000)
  object space 224768K, 69% used [0x00000000a0c00000,0x00000000aa436a58,0x00000000ae780000)
 Metaspace       used 18607K, capacity 18821K, committed 19072K, reserved 1067008K
  class space    used 1766K, capacity 1825K, committed 1920K, reserved 1048576K
}
Event: 22.749 GC heap before
{Heap before GC invocations=51 (full 3):
 PSYoungGen      total 383488K, used 368800K [0x00000000e0400000, 0x00000000f8880000, 0x0000000100000000)
  eden space 368640K, 100% used [0x00000000e0400000,0x00000000f6c00000,0x00000000f6c00000)
  from space 14848K, 1% used [0x00000000f6c00000,0x00000000f6c28000,0x00000000f7a80000)
  to   space 13824K, 0% used [0x00000000f7b00000,0x00000000f7b00000,0x00000000f8880000)
 ParOldGen       total 224768K, used 155866K [0x00000000a0c00000, 0x00000000ae780000, 0x00000000e0400000)
  object space 224768K, 69% used [0x00000000a0c00000,0x00000000aa436a58,0x00000000ae780000)
 Metaspace       used 18607K, capacity 18821K, committed 19072K, reserved 1067008K
  class space    used 1766K, capacity 1825K, committed 1920K, reserved 1048576K
Event: 22.750 GC heap after
Heap after GC invocations=51 (full 3):
 PSYoungGen      total 381952K, used 224K [0x00000000e0400000, 0x00000000f8680000, 0x0000000100000000)
  eden space 370176K, 0% used [0x00000000e0400000,0x00000000e0400000,0x00000000f6d80000)
  from space 11776K, 1% used [0x00000000f7b00000,0x00000000f7b38000,0x00000000f8680000)
  to   space 12800K, 0% used [0x00000000f6d80000,0x00000000f6d80000,0x00000000f7a00000)
 ParOldGen       total 224768K, used 155866K [0x00000000a0c00000, 0x00000000ae780000, 0x00000000e0400000)
  object space 224768K, 69% used [0x00000000a0c00000,0x00000000aa436a58,0x00000000ae780000)
 Metaspace       used 18607K, capacity 18821K, committed 19072K, reserved 1067008K
  class space    used 1766K, capacity 1825K, committed 1920K, reserved 1048576K
}
Event: 23.323 GC heap before
{Heap before GC invocations=52 (full 3):
 PSYoungGen      total 381952K, used 370400K [0x00000000e0400000, 0x00000000f8680000, 0x0000000100000000)
  eden space 370176K, 100% used [0x00000000e0400000,0x00000000f6d80000,0x00000000f6d80000)
  from space 11776K, 1% used [0x00000000f7b00000,0x00000000f7b38000,0x00000000f8680000)
  to   space 12800K, 0% used [0x00000000f6d80000,0x00000000f6d80000,0x00000000f7a00000)
 ParOldGen       total 224768K, used 155866K [0x00000000a0c00000, 0x00000000ae780000, 0x00000000e0400000)
  object space 224768K, 69% used [0x00000000a0c00000,0x00000000aa436a58,0x00000000ae780000)
 Metaspace       used 18607K, capacity 18821K, committed 19072K, reserved 1067008K
  class space    used 1766K, capacity 1825K, committed 1920K, reserved 1048576K
Event: 23.324 GC heap after
Heap after GC invocations=52 (full 3):
 PSYoungGen      total 382976K, used 192K [0x00000000e0400000, 0x00000000f8600000, 0x0000000100000000)
  eden space 370176K, 0% used [0x00000000e0400000,0x00000000e0400000,0x00000000f6d80000)
  from space 12800K, 1% used [0x00000000f6d80000,0x00000000f6db0000,0x00000000f7a00000)
  to   space 11776K, 0% used [0x00000000f7a80000,0x00000000f7a80000,0x00000000f8600000)
 ParOldGen       total 224768K, used 155874K [0x00000000a0c00000, 0x00000000ae780000, 0x00000000e0400000)
  object space 224768K, 69% used [0x00000000a0c00000,0x00000000aa438a58,0x00000000ae780000)
 Metaspace       used 18607K, capacity 18821K, committed 19072K, reserved 1067008K
  class space    used 1766K, capacity 1825K, committed 1920K, reserved 1048576K
}
Event: 23.922 GC heap before
{Heap before GC invocations=53 (full 3):
 PSYoungGen      total 382976K, used 370368K [0x00000000e0400000, 0x00000000f8600000, 0x0000000100000000)
  eden space 370176K, 100% used [0x00000000e0400000,0x00000000f6d80000,0x00000000f6d80000)
  from space 12800K, 1% used [0x00000000f6d80000,0x00000000f6db0000,0x00000000f7a00000)
  to   space 11776K, 0% used [0x00000000f7a80000,0x00000000f7a80000,0x00000000f8600000)
 ParOldGen       total 224768K, used 155874K [0x00000000a0c00000, 0x00000000ae780000, 0x00000000e0400000)
  object space 224768K, 69% used [0x00000000a0c00000,0x00000000aa438a58,0x00000000ae780000)
 Metaspace       used 18607K, capacity 18821K, committed 19072K, reserved 1067008K
  class space    used 1766K, capacity 1825K, committed 1920K, reserved 1048576K
Event: 23.923 GC heap after
Heap after GC invocations=53 (full 3):
 PSYoungGen      total 382464K, used 224K [0x00000000e0400000, 0x00000000f8500000, 0x0000000100000000)
  eden space 371712K, 0% used [0x00000000e0400000,0x00000000e0400000,0x00000000f6f00000)
  from space 10752K, 2% used [0x00000000f7a80000,0x00000000f7ab8000,0x00000000f8500000)
  to   space 11264K, 0% used [0x00000000f6f00000,0x00000000f6f00000,0x00000000f7a00000)
 ParOldGen       total 224768K, used 155890K [0x00000000a0c00000, 0x00000000ae780000, 0x00000000e0400000)
  object space 224768K, 69% used [0x00000000a0c00000,0x00000000aa43ca58,0x00000000ae780000)
 Metaspace       used 18607K, capacity 18821K, committed 19072K, reserved 1067008K
  class space    used 1766K, capacity 1825K, committed 1920K, reserved 1048576K
}
Event: 24.505 GC heap before
{Heap before GC invocations=54 (full 3):
 PSYoungGen      total 382464K, used 371936K [0x00000000e0400000, 0x00000000f8500000, 0x0000000100000000)
  eden space 371712K, 100% used [0x00000000e0400000,0x00000000f6f00000,0x00000000f6f00000)
  from space 10752K, 2% used [0x00000000f7a80000,0x00000000f7ab8000,0x00000000f8500000)
  to   space 11264K, 0% used [0x00000000f6f00000,0x00000000f6f00000,0x00000000f7a00000)
 ParOldGen       total 224768K, used 155890K [0x00000000a0c00000, 0x00000000ae780000, 0x00000000e0400000)
  object space 224768K, 69% used [0x00000000a0c00000,0x00000000aa43ca58,0x00000000ae780000)
 Metaspace       used 18607K, capacity 18821K, committed 19072K, reserved 1067008K
  class space    used 1766K, capacity 1825K, committed 1920K, reserved 1048576K
Event: 24.506 GC heap after
Heap after GC invocations=54 (full 3):
 PSYoungGen      total 382976K, used 192K [0x00000000e0400000, 0x00000000f8480000, 0x0000000100000000)
  eden space 371712K, 0% used [0x00000000e0400000,0x00000000e0400000,0x00000000f6f00000)
  from space 11264K, 1% used [0x00000000f6f00000,0x00000000f6f30000,0x00000000f7a00000)
  to   space 10240K, 0% used [0x00000000f7a80000,0x00000000f7a80000,0x00000000f8480000)
 ParOldGen       total 224768K, used 155898K [0x00000000a0c00000, 0x00000000ae780000, 0x00000000e0400000)
  object space 224768K, 69% used [0x00000000a0c00000,0x00000000aa43ea58,0x00000000ae780000)
 Metaspace       used 18607K, capacity 18821K, committed 19072K, reserved 1067008K
  class space    used 1766K, capacity 1825K, committed 1920K, reserved 1048576K
}

