# JRE version: Java(TM) SE Runtime Environment (8.0_25-b18) (build 1.8.0_25-b18)
# Java VM: Java HotSpot(TM) 64-Bit Server VM (25.25-b02 mixed mode windows-amd64 compressed oops)
Heap:
 PSYoungGen      total 288256K, used 171600K [0x00000000e0400000, 0x00000000f5180000, 0x0000000100000000)
  eden space 244224K, 66% used [0x00000000e0400000,0x00000000ea1ec518,0x00000000ef280000)
  from space 44032K, 22% used [0x00000000f2680000,0x00000000f3027b60,0x00000000f5180000)
  to   space 48640K, 0% used [0x00000000ef280000,0x00000000ef280000,0x00000000f2200000)
 ParOldGen       total 229376K, used 145332K [0x00000000a0c00000, 0x00000000aec00000, 0x00000000e0400000)
  object space 229376K, 63% used [0x00000000a0c00000,0x00000000a99ed1a0,0x00000000aec00000)
 Metaspace       used 17899K, capacity 18057K, committed 18176K, reserved 1064960K
  class space    used 1722K, capacity 1761K, committed 1792K, reserved 1048576K
GC Heap History (10 events):
Event: 5.382 GC heap before
{Heap before GC invocations=17 (full 3):
 PSYoungGen      total 239616K, used 190435K [0x00000000e0400000, 0x00000000f4700000, 0x0000000100000000)
  eden space 180736K, 99% used [0x00000000e0400000,0x00000000eb459448,0x00000000eb480000)
  from space 58880K, 16% used [0x00000000eb480000,0x00000000ebe1fb60,0x00000000eee00000)
  to   space 57856K, 0% used [0x00000000f0e80000,0x00000000f0e80000,0x00000000f4700000)
 ParOldGen       total 229376K, used 145292K [0x00000000a0c00000, 0x00000000aec00000, 0x00000000e0400000)
  object space 229376K, 63% used [0x00000000a0c00000,0x00000000a99e31a0,0x00000000aec00000)
 Metaspace       used 17562K, capacity 17729K, committed 17920K, reserved 1064960K
  class space    used 1710K, capacity 1761K, committed 1792K, reserved 1048576K
Event: 5.387 GC heap after
Heap after GC invocations=17 (full 3):
 PSYoungGen      total 258560K, used 9902K [0x00000000e0400000, 0x00000000f3e80000, 0x0000000100000000)
  eden space 209408K, 0% used [0x00000000e0400000,0x00000000e0400000,0x00000000ed080000)
  from space 49152K, 20% used [0x00000000f0e80000,0x00000000f182bb50,0x00000000f3e80000)
  to   space 56320K, 0% used [0x00000000ed080000,0x00000000ed080000,0x00000000f0780000)
 ParOldGen       total 229376K, used 145300K [0x00000000a0c00000, 0x00000000aec00000, 0x00000000e0400000)
  object space 229376K, 63% used [0x00000000a0c00000,0x00000000a99e51a0,0x00000000aec00000)
 Metaspace       used 17562K, capacity 17729K, committed 17920K, reserved 1064960K
  class space    used 1710K, capacity 1761K, committed 1792K, reserved 1048576K
}
Event: 6.146 GC heap before
{Heap before GC invocations=18 (full 3):
 PSYoungGen      total 258560K, used 217027K [0x00000000e0400000, 0x00000000f3e80000, 0x0000000100000000)
  eden space 209408K, 98% used [0x00000000e0400000,0x00000000ece452e8,0x00000000ed080000)
  from space 49152K, 20% used [0x00000000f0e80000,0x00000000f182bb50,0x00000000f3e80000)
  to   space 56320K, 0% used [0x00000000ed080000,0x00000000ed080000,0x00000000f0780000)
 ParOldGen       total 229376K, used 145300K [0x00000000a0c00000, 0x00000000aec00000, 0x00000000e0400000)
  object space 229376K, 63% used [0x00000000a0c00000,0x00000000a99e51a0,0x00000000aec00000)
 Metaspace       used 17623K, capacity 17857K, committed 17920K, reserved 1064960K
  class space    used 1722K, capacity 1761K, committed 1792K, reserved 1048576K
Event: 6.149 GC heap after
Heap after GC invocations=18 (full 3):
 PSYoungGen      total 265728K, used 9870K [0x00000000e0400000, 0x00000000f5580000, 0x0000000100000000)
  eden space 209408K, 0% used [0x00000000e0400000,0x00000000e0400000,0x00000000ed080000)
  from space 56320K, 17% used [0x00000000ed080000,0x00000000eda23b50,0x00000000f0780000)
  to   space 54272K, 0% used [0x00000000f2080000,0x00000000f2080000,0x00000000f5580000)
 ParOldGen       total 229376K, used 145308K [0x00000000a0c00000, 0x00000000aec00000, 0x00000000e0400000)
  object space 229376K, 63% used [0x00000000a0c00000,0x00000000a99e71a0,0x00000000aec00000)
 Metaspace       used 17623K, capacity 17857K, committed 17920K, reserved 1064960K
  class space    used 1722K, capacity 1761K, committed 1792K, reserved 1048576K
}
Event: 6.913 GC heap before
{Heap before GC invocations=19 (full 3):
 PSYoungGen      total 265728K, used 216665K [0x00000000e0400000, 0x00000000f5580000, 0x0000000100000000)
  eden space 209408K, 98% used [0x00000000e0400000,0x00000000ecdf2978,0x00000000ed080000)
  from space 56320K, 17% used [0x00000000ed080000,0x00000000eda23b50,0x00000000f0780000)
  to   space 54272K, 0% used [0x00000000f2080000,0x00000000f2080000,0x00000000f5580000)
 ParOldGen       total 229376K, used 145308K [0x00000000a0c00000, 0x00000000aec00000, 0x00000000e0400000)
  object space 229376K, 63% used [0x00000000a0c00000,0x00000000a99e71a0,0x00000000aec00000)
 Metaspace       used 17658K, capacity 17857K, committed 17920K, reserved 1064960K
  class space    used 1722K, capacity 1761K, committed 1792K, reserved 1048576K
Event: 6.918 GC heap after
Heap after GC invocations=19 (full 3):
 PSYoungGen      total 278016K, used 9918K [0x00000000e0400000, 0x00000000f4d00000, 0x0000000100000000)
  eden space 232448K, 0% used [0x00000000e0400000,0x00000000e0400000,0x00000000ee700000)
  from space 45568K, 21% used [0x00000000f2080000,0x00000000f2a2fb60,0x00000000f4d00000)
  to   space 52224K, 0% used [0x00000000ee700000,0x00000000ee700000,0x00000000f1a00000)
 ParOldGen       total 229376K, used 145316K [0x00000000a0c00000, 0x00000000aec00000, 0x00000000e0400000)
  object space 229376K, 63% used [0x00000000a0c00000,0x00000000a99e91a0,0x00000000aec00000)
 Metaspace       used 17658K, capacity 17857K, committed 17920K, reserved 1064960K
  class space    used 1722K, capacity 1761K, committed 1792K, reserved 1048576K
}
Event: 7.747 GC heap before
{Heap before GC invocations=20 (full 3):
 PSYoungGen      total 278016K, used 235224K [0x00000000e0400000, 0x00000000f4d00000, 0x0000000100000000)
  eden space 232448K, 96% used [0x00000000e0400000,0x00000000ee0064f0,0x00000000ee700000)
  from space 45568K, 21% used [0x00000000f2080000,0x00000000f2a2fb60,0x00000000f4d00000)
  to   space 52224K, 0% used [0x00000000ee700000,0x00000000ee700000,0x00000000f1a00000)
 ParOldGen       total 229376K, used 145316K [0x00000000a0c00000, 0x00000000aec00000, 0x00000000e0400000)
  object space 229376K, 63% used [0x00000000a0c00000,0x00000000a99e91a0,0x00000000aec00000)
 Metaspace       used 17779K, capacity 17993K, committed 18176K, reserved 1064960K
  class space    used 1722K, capacity 1761K, committed 1792K, reserved 1048576K
Event: 7.752 GC heap after
Heap after GC invocations=20 (full 3):
 PSYoungGen      total 284672K, used 9854K [0x00000000e0400000, 0x00000000f5800000, 0x0000000100000000)
  eden space 232448K, 0% used [0x00000000e0400000,0x00000000e0400000,0x00000000ee700000)
  from space 52224K, 18% used [0x00000000ee700000,0x00000000ef09fb60,0x00000000f1a00000)
  to   space 50688K, 0% used [0x00000000f2680000,0x00000000f2680000,0x00000000f5800000)
 ParOldGen       total 229376K, used 145324K [0x00000000a0c00000, 0x00000000aec00000, 0x00000000e0400000)
  object space 229376K, 63% used [0x00000000a0c00000,0x00000000a99eb1a0,0x00000000aec00000)
 Metaspace       used 17779K, capacity 17993K, committed 18176K, reserved 1064960K
  class space    used 1722K, capacity 1761K, committed 1792K, reserved 1048576K
}
Event: 8.581 GC heap before
{Heap before GC invocations=21 (full 3):
 PSYoungGen      total 284672K, used 237733K [0x00000000e0400000, 0x00000000f5800000, 0x0000000100000000)
  eden space 232448K, 98% used [0x00000000e0400000,0x00000000ee289b00,0x00000000ee700000)
  from space 52224K, 18% used [0x00000000ee700000,0x00000000ef09fb60,0x00000000f1a00000)
  to   space 50688K, 0% used [0x00000000f2680000,0x00000000f2680000,0x00000000f5800000)
 ParOldGen       total 229376K, used 145324K [0x00000000a0c00000, 0x00000000aec00000, 0x00000000e0400000)
  object space 229376K, 63% used [0x00000000a0c00000,0x00000000a99eb1a0,0x00000000aec00000)
 Metaspace       used 17895K, capacity 18057K, committed 18176K, reserved 1064960K
  class space    used 1722K, capacity 1761K, committed 1792K, reserved 1048576K
Event: 8.585 GC heap after
Heap after GC invocations=21 (full 3):
 PSYoungGen      total 288256K, used 9886K [0x00000000e0400000, 0x00000000f5180000, 0x0000000100000000)
  eden space 244224K, 0% used [0x00000000e0400000,0x00000000e0400000,0x00000000ef280000)
  from space 44032K, 22% used [0x00000000f2680000,0x00000000f3027b60,0x00000000f5180000)
  to   space 48640K, 0% used [0x00000000ef280000,0x00000000ef280000,0x00000000f2200000)
 ParOldGen       total 229376K, used 145332K [0x00000000a0c00000, 0x00000000aec00000, 0x00000000e0400000)
  object space 229376K, 63% used [0x00000000a0c00000,0x00000000a99ed1a0,0x00000000aec00000)
 Metaspace       used 17895K, capacity 18057K, committed 18176K, reserved 1064960K
  class space    used 1722K, capacity 1761K, committed 1792K, reserved 1048576K
}

