# JRE version: Java(TM) SE Runtime Environment (8.0_25-b18) (build 1.8.0_25-b18)
# Java VM: Java HotSpot(TM) 64-Bit Server VM (25.25-b02 mixed mode windows-amd64 compressed oops)
Heap:
 PSYoungGen      total 486400K, used 249253K [0x00000000e0400000, 0x00000000ff880000, 0x0000000100000000)
  eden space 460288K, 52% used [0x00000000e0400000,0x00000000eef60678,0x00000000fc580000)
  from space 26112K, 31% used [0x00000000fde80000,0x00000000fe689010,0x00000000ff800000)
  to   space 25600K, 0% used [0x00000000fc580000,0x00000000fc580000,0x00000000fde80000)
 ParOldGen       total 205824K, used 155348K [0x00000000a0c00000, 0x00000000ad500000, 0x00000000e0400000)
  object space 205824K, 75% used [0x00000000a0c00000,0x00000000aa3b53e8,0x00000000ad500000)
 Metaspace       used 18018K, capacity 18217K, committed 18560K, reserved 1067008K
  class space    used 1735K, capacity 1793K, committed 1920K, reserved 1048576K
GC Heap History (10 events):
Event: 14.418 GC heap before
{Heap before GC invocations=31 (full 3):
 PSYoungGen      total 478720K, used 438099K [0x00000000e0400000, 0x00000000ffc00000, 0x0000000100000000)
  eden space 443904K, 98% used [0x00000000e0400000,0x00000000fafacce0,0x00000000fb580000)
  from space 34816K, 0% used [0x00000000fb580000,0x00000000fb5a8000,0x00000000fd780000)
  to   space 32768K, 0% used [0x00000000fdc00000,0x00000000fdc00000,0x00000000ffc00000)
 ParOldGen       total 205824K, used 155252K [0x00000000a0c00000, 0x00000000ad500000, 0x00000000e0400000)
  object space 205824K, 75% used [0x00000000a0c00000,0x00000000aa39d3e8,0x00000000ad500000)
 Metaspace       used 17925K, capacity 18153K, committed 18304K, reserved 1064960K
  class space    used 1723K, capacity 1793K, committed 1920K, reserved 1048576K
Event: 14.419 GC heap after
Heap after GC invocations=31 (full 3):
 PSYoungGen      total 478208K, used 192K [0x00000000e0400000, 0x00000000ff800000, 0x0000000100000000)
  eden space 449536K, 0% used [0x00000000e0400000,0x00000000e0400000,0x00000000fbb00000)
  from space 28672K, 0% used [0x00000000fdc00000,0x00000000fdc30000,0x00000000ff800000)
  to   space 31232K, 0% used [0x00000000fbb00000,0x00000000fbb00000,0x00000000fd980000)
 ParOldGen       total 205824K, used 155284K [0x00000000a0c00000, 0x00000000ad500000, 0x00000000e0400000)
  object space 205824K, 75% used [0x00000000a0c00000,0x00000000aa3a53e8,0x00000000ad500000)
 Metaspace       used 17925K, capacity 18153K, committed 18304K, reserved 1064960K
  class space    used 1723K, capacity 1793K, committed 1920K, reserved 1048576K
}
Event: 15.069 GC heap before
{Heap before GC invocations=32 (full 3):
 PSYoungGen      total 478208K, used 449728K [0x00000000e0400000, 0x00000000ff800000, 0x0000000100000000)
  eden space 449536K, 100% used [0x00000000e0400000,0x00000000fbb00000,0x00000000fbb00000)
  from space 28672K, 0% used [0x00000000fdc00000,0x00000000fdc30000,0x00000000ff800000)
  to   space 31232K, 0% used [0x00000000fbb00000,0x00000000fbb00000,0x00000000fd980000)
 ParOldGen       total 205824K, used 155284K [0x00000000a0c00000, 0x00000000ad500000, 0x00000000e0400000)
  object space 205824K, 75% used [0x00000000a0c00000,0x00000000aa3a53e8,0x00000000ad500000)
 Metaspace       used 17925K, capacity 18153K, committed 18304K, reserved 1064960K
  class space    used 1723K, capacity 1793K, committed 1920K, reserved 1048576K
Event: 15.070 GC heap after
Heap after GC invocations=32 (full 3):
 PSYoungGen      total 480768K, used 96K [0x00000000e0400000, 0x00000000ffa80000, 0x0000000100000000)
  eden space 449536K, 0% used [0x00000000e0400000,0x00000000e0400000,0x00000000fbb00000)
  from space 31232K, 0% used [0x00000000fbb00000,0x00000000fbb18000,0x00000000fd980000)
  to   space 29696K, 0% used [0x00000000fdd80000,0x00000000fdd80000,0x00000000ffa80000)
 ParOldGen       total 205824K, used 155308K [0x00000000a0c00000, 0x00000000ad500000, 0x00000000e0400000)
  object space 205824K, 75% used [0x00000000a0c00000,0x00000000aa3ab3e8,0x00000000ad500000)
 Metaspace       used 17925K, capacity 18153K, committed 18304K, reserved 1064960K
  class space    used 1723K, capacity 1793K, committed 1920K, reserved 1048576K
}
Event: 15.719 GC heap before
{Heap before GC invocations=33 (full 3):
 PSYoungGen      total 480768K, used 449632K [0x00000000e0400000, 0x00000000ffa80000, 0x0000000100000000)
  eden space 449536K, 100% used [0x00000000e0400000,0x00000000fbb00000,0x00000000fbb00000)
  from space 31232K, 0% used [0x00000000fbb00000,0x00000000fbb18000,0x00000000fd980000)
  to   space 29696K, 0% used [0x00000000fdd80000,0x00000000fdd80000,0x00000000ffa80000)
 ParOldGen       total 205824K, used 155308K [0x00000000a0c00000, 0x00000000ad500000, 0x00000000e0400000)
  object space 205824K, 75% used [0x00000000a0c00000,0x00000000aa3ab3e8,0x00000000ad500000)
 Metaspace       used 17980K, capacity 18217K, committed 18560K, reserved 1067008K
  class space    used 1723K, capacity 1793K, committed 1920K, reserved 1048576K
Event: 15.721 GC heap after
Heap after GC invocations=33 (full 3):
 PSYoungGen      total 479744K, used 160K [0x00000000e0400000, 0x00000000ff600000, 0x0000000100000000)
  eden space 454656K, 0% used [0x00000000e0400000,0x00000000e0400000,0x00000000fc000000)
  from space 25088K, 0% used [0x00000000fdd80000,0x00000000fdda8000,0x00000000ff600000)
  to   space 27648K, 0% used [0x00000000fc000000,0x00000000fc000000,0x00000000fdb00000)
 ParOldGen       total 205824K, used 155324K [0x00000000a0c00000, 0x00000000ad500000, 0x00000000e0400000)
  object space 205824K, 75% used [0x00000000a0c00000,0x00000000aa3af3e8,0x00000000ad500000)
 Metaspace       used 17980K, capacity 18217K, committed 18560K, reserved 1067008K
  class space    used 1723K, capacity 1793K, committed 1920K, reserved 1048576K
}
Event: 16.375 GC heap before
{Heap before GC invocations=34 (full 3):
 PSYoungGen      total 479744K, used 454816K [0x00000000e0400000, 0x00000000ff600000, 0x0000000100000000)
  eden space 454656K, 100% used [0x00000000e0400000,0x00000000fc000000,0x00000000fc000000)
  from space 25088K, 0% used [0x00000000fdd80000,0x00000000fdda8000,0x00000000ff600000)
  to   space 27648K, 0% used [0x00000000fc000000,0x00000000fc000000,0x00000000fdb00000)
 ParOldGen       total 205824K, used 155324K [0x00000000a0c00000, 0x00000000ad500000, 0x00000000e0400000)
  object space 205824K, 75% used [0x00000000a0c00000,0x00000000aa3af3e8,0x00000000ad500000)
 Metaspace       used 17981K, capacity 18217K, committed 18560K, reserved 1067008K
  class space    used 1723K, capacity 1793K, committed 1920K, reserved 1048576K
Event: 16.377 GC heap after
Heap after GC invocations=34 (full 3):
 PSYoungGen      total 482304K, used 160K [0x00000000e0400000, 0x00000000ff800000, 0x0000000100000000)
  eden space 454656K, 0% used [0x00000000e0400000,0x00000000e0400000,0x00000000fc000000)
  from space 27648K, 0% used [0x00000000fc000000,0x00000000fc028000,0x00000000fdb00000)
  to   space 26112K, 0% used [0x00000000fde80000,0x00000000fde80000,0x00000000ff800000)
 ParOldGen       total 205824K, used 155340K [0x00000000a0c00000, 0x00000000ad500000, 0x00000000e0400000)
  object space 205824K, 75% used [0x00000000a0c00000,0x00000000aa3b33e8,0x00000000ad500000)
 Metaspace       used 17981K, capacity 18217K, committed 18560K, reserved 1067008K
  class space    used 1723K, capacity 1793K, committed 1920K, reserved 1048576K
}
Event: 17.023 GC heap before
{Heap before GC invocations=35 (full 3):
 PSYoungGen      total 482304K, used 454816K [0x00000000e0400000, 0x00000000ff800000, 0x0000000100000000)
  eden space 454656K, 100% used [0x00000000e0400000,0x00000000fc000000,0x00000000fc000000)
  from space 27648K, 0% used [0x00000000fc000000,0x00000000fc028000,0x00000000fdb00000)
  to   space 26112K, 0% used [0x00000000fde80000,0x00000000fde80000,0x00000000ff800000)
 ParOldGen       total 205824K, used 155340K [0x00000000a0c00000, 0x00000000ad500000, 0x00000000e0400000)
  object space 205824K, 75% used [0x00000000a0c00000,0x00000000aa3b33e8,0x00000000ad500000)
 Metaspace       used 17981K, capacity 18217K, committed 18560K, reserved 1067008K
  class space    used 1723K, capacity 1793K, committed 1920K, reserved 1048576K
Event: 17.027 GC heap after
Heap after GC invocations=35 (full 3):
 PSYoungGen      total 486400K, used 8228K [0x00000000e0400000, 0x00000000ff880000, 0x0000000100000000)
  eden space 460288K, 0% used [0x00000000e0400000,0x00000000e0400000,0x00000000fc580000)
  from space 26112K, 31% used [0x00000000fde80000,0x00000000fe689010,0x00000000ff800000)
  to   space 25600K, 0% used [0x00000000fc580000,0x00000000fc580000,0x00000000fde80000)
 ParOldGen       total 205824K, used 155348K [0x00000000a0c00000, 0x00000000ad500000, 0x00000000e0400000)
  object space 205824K, 75% used [0x00000000a0c00000,0x00000000aa3b53e8,0x00000000ad500000)
 Metaspace       used 17981K, capacity 18217K, committed 18560K, reserved 1067008K
  class space    used 1723K, capacity 1793K, committed 1920K, reserved 1048576K
}

