# JRE version: Java(TM) SE Runtime Environment (8.0_25-b18) (build 1.8.0_25-b18)
# Java VM: Java HotSpot(TM) 64-Bit Server VM (25.25-b02 mixed mode windows-amd64 compressed oops)
Heap:
 PSYoungGen      total 517632K, used 169479K [0x00000000e0400000, 0x00000000fff00000, 0x0000000100000000)
  eden space 516608K, 32% used [0x00000000e0400000,0x00000000ea959e78,0x00000000ffc80000)
  from space 1024K, 15% used [0x00000000ffd80000,0x00000000ffda8000,0x00000000ffe80000)
  to   space 1024K, 0% used [0x00000000ffc80000,0x00000000ffc80000,0x00000000ffd80000)
 ParOldGen       total 244736K, used 196857K [0x00000000a0c00000, 0x00000000afb00000, 0x00000000e0400000)
  object space 244736K, 80% used [0x00000000a0c00000,0x00000000acc3e540,0x00000000afb00000)
 Metaspace       used 18519K, capacity 18761K, committed 19072K, reserved 1067008K
  class space    used 1769K, capacity 1825K, committed 1920K, reserved 1048576K
GC Heap History (10 events):
Event: 75.888 GC heap before
{Heap before GC invocations=132 (full 4):
 PSYoungGen      total 512000K, used 510624K [0x00000000e0400000, 0x00000000ffb80000, 0x0000000100000000)
  eden space 510464K, 100% used [0x00000000e0400000,0x00000000ff680000,0x00000000ff680000)
  from space 1536K, 10% used [0x00000000ff680000,0x00000000ff6a8000,0x00000000ff800000)
  to   space 1536K, 0% used [0x00000000ffa00000,0x00000000ffa00000,0x00000000ffb80000)
 ParOldGen       total 244736K, used 188733K [0x00000000a0c00000, 0x00000000afb00000, 0x00000000e0400000)
  object space 244736K, 77% used [0x00000000a0c00000,0x00000000ac44f530,0x00000000afb00000)
 Metaspace       used 18518K, capacity 18761K, committed 19072K, reserved 1067008K
  class space    used 1769K, capacity 1825K, committed 1920K, reserved 1048576K
Event: 75.890 GC heap after
Heap after GC invocations=132 (full 4):
 PSYoungGen      total 514048K, used 128K [0x00000000e0400000, 0x00000000ffb80000, 0x0000000100000000)
  eden space 512512K, 0% used [0x00000000e0400000,0x00000000e0400000,0x00000000ff880000)
  from space 1536K, 8% used [0x00000000ffa00000,0x00000000ffa20000,0x00000000ffb80000)
  to   space 1536K, 0% used [0x00000000ff880000,0x00000000ff880000,0x00000000ffa00000)
 ParOldGen       total 244736K, used 188733K [0x00000000a0c00000, 0x00000000afb00000, 0x00000000e0400000)
  object space 244736K, 77% used [0x00000000a0c00000,0x00000000ac44f530,0x00000000afb00000)
 Metaspace       used 18518K, capacity 18761K, committed 19072K, reserved 1067008K
  class space    used 1769K, capacity 1825K, committed 1920K, reserved 1048576K
}
Event: 76.689 GC heap before
{Heap before GC invocations=133 (full 4):
 PSYoungGen      total 514048K, used 512640K [0x00000000e0400000, 0x00000000ffb80000, 0x0000000100000000)
  eden space 512512K, 100% used [0x00000000e0400000,0x00000000ff880000,0x00000000ff880000)
  from space 1536K, 8% used [0x00000000ffa00000,0x00000000ffa20000,0x00000000ffb80000)
  to   space 1536K, 0% used [0x00000000ff880000,0x00000000ff880000,0x00000000ffa00000)
 ParOldGen       total 244736K, used 188733K [0x00000000a0c00000, 0x00000000afb00000, 0x00000000e0400000)
  object space 244736K, 77% used [0x00000000a0c00000,0x00000000ac44f530,0x00000000afb00000)
 Metaspace       used 18518K, capacity 18761K, committed 19072K, reserved 1067008K
  class space    used 1769K, capacity 1825K, committed 1920K, reserved 1048576K
Event: 76.691 GC heap after
Heap after GC invocations=133 (full 4):
 PSYoungGen      total 514048K, used 160K [0x00000000e0400000, 0x00000000ffd80000, 0x0000000100000000)
  eden space 512512K, 0% used [0x00000000e0400000,0x00000000e0400000,0x00000000ff880000)
  from space 1536K, 10% used [0x00000000ff880000,0x00000000ff8a8000,0x00000000ffa00000)
  to   space 1536K, 0% used [0x00000000ffc00000,0x00000000ffc00000,0x00000000ffd80000)
 ParOldGen       total 244736K, used 188733K [0x00000000a0c00000, 0x00000000afb00000, 0x00000000e0400000)
  object space 244736K, 77% used [0x00000000a0c00000,0x00000000ac44f530,0x00000000afb00000)
 Metaspace       used 18518K, capacity 18761K, committed 19072K, reserved 1067008K
  class space    used 1769K, capacity 1825K, committed 1920K, reserved 1048576K
}
Event: 77.508 GC heap before
{Heap before GC invocations=134 (full 4):
 PSYoungGen      total 514048K, used 512672K [0x00000000e0400000, 0x00000000ffd80000, 0x0000000100000000)
  eden space 512512K, 100% used [0x00000000e0400000,0x00000000ff880000,0x00000000ff880000)
  from space 1536K, 10% used [0x00000000ff880000,0x00000000ff8a8000,0x00000000ffa00000)
  to   space 1536K, 0% used [0x00000000ffc00000,0x00000000ffc00000,0x00000000ffd80000)
 ParOldGen       total 244736K, used 188733K [0x00000000a0c00000, 0x00000000afb00000, 0x00000000e0400000)
  object space 244736K, 77% used [0x00000000a0c00000,0x00000000ac44f530,0x00000000afb00000)
 Metaspace       used 18518K, capacity 18761K, committed 19072K, reserved 1067008K
  class space    used 1769K, capacity 1825K, committed 1920K, reserved 1048576K
Event: 77.510 GC heap after
Heap after GC invocations=134 (full 4):
 PSYoungGen      total 515072K, used 96K [0x00000000e0400000, 0x00000000ffc80000, 0x0000000100000000)
  eden space 514560K, 0% used [0x00000000e0400000,0x00000000e0400000,0x00000000ffa80000)
  from space 512K, 18% used [0x00000000ffc00000,0x00000000ffc18000,0x00000000ffc80000)
  to   space 1024K, 0% used [0x00000000ffa80000,0x00000000ffa80000,0x00000000ffb80000)
 ParOldGen       total 244736K, used 188733K [0x00000000a0c00000, 0x00000000afb00000, 0x00000000e0400000)
  object space 244736K, 77% used [0x00000000a0c00000,0x00000000ac44f530,0x00000000afb00000)
 Metaspace       used 18518K, capacity 18761K, committed 19072K, reserved 1067008K
  class space    used 1769K, capacity 1825K, committed 1920K, reserved 1048576K
}
Event: 78.310 GC heap before
{Heap before GC invocations=135 (full 4):
 PSYoungGen      total 515072K, used 514656K [0x00000000e0400000, 0x00000000ffc80000, 0x0000000100000000)
  eden space 514560K, 100% used [0x00000000e0400000,0x00000000ffa80000,0x00000000ffa80000)
  from space 512K, 18% used [0x00000000ffc00000,0x00000000ffc18000,0x00000000ffc80000)
  to   space 1024K, 0% used [0x00000000ffa80000,0x00000000ffa80000,0x00000000ffb80000)
 ParOldGen       total 244736K, used 188733K [0x00000000a0c00000, 0x00000000afb00000, 0x00000000e0400000)
  object space 244736K, 77% used [0x00000000a0c00000,0x00000000ac44f530,0x00000000afb00000)
 Metaspace       used 18518K, capacity 18761K, committed 19072K, reserved 1067008K
  class space    used 1769K, capacity 1825K, committed 1920K, reserved 1048576K
Event: 78.311 GC heap after
Heap after GC invocations=135 (full 4):
 PSYoungGen      total 515584K, used 128K [0x00000000e0400000, 0x00000000ffe80000, 0x0000000100000000)
  eden space 514560K, 0% used [0x00000000e0400000,0x00000000e0400000,0x00000000ffa80000)
  from space 1024K, 12% used [0x00000000ffa80000,0x00000000ffaa0000,0x00000000ffb80000)
  to   space 1024K, 0% used [0x00000000ffd80000,0x00000000ffd80000,0x00000000ffe80000)
 ParOldGen       total 244736K, used 188757K [0x00000000a0c00000, 0x00000000afb00000, 0x00000000e0400000)
  object space 244736K, 77% used [0x00000000a0c00000,0x00000000ac455530,0x00000000afb00000)
 Metaspace       used 18518K, capacity 18761K, committed 19072K, reserved 1067008K
  class space    used 1769K, capacity 1825K, committed 1920K, reserved 1048576K
}
Event: 79.061 GC heap before
{Heap before GC invocations=136 (full 4):
 PSYoungGen      total 515584K, used 514688K [0x00000000e0400000, 0x00000000ffe80000, 0x0000000100000000)
  eden space 514560K, 100% used [0x00000000e0400000,0x00000000ffa80000,0x00000000ffa80000)
  from space 1024K, 12% used [0x00000000ffa80000,0x00000000ffaa0000,0x00000000ffb80000)
  to   space 1024K, 0% used [0x00000000ffd80000,0x00000000ffd80000,0x00000000ffe80000)
 ParOldGen       total 244736K, used 188757K [0x00000000a0c00000, 0x00000000afb00000, 0x00000000e0400000)
  object space 244736K, 77% used [0x00000000a0c00000,0x00000000ac455530,0x00000000afb00000)
 Metaspace       used 18518K, capacity 18761K, committed 19072K, reserved 1067008K
  class space    used 1769K, capacity 1825K, committed 1920K, reserved 1048576K
Event: 79.064 GC heap after
Heap after GC invocations=136 (full 4):
 PSYoungGen      total 517632K, used 160K [0x00000000e0400000, 0x00000000fff00000, 0x0000000100000000)
  eden space 516608K, 0% used [0x00000000e0400000,0x00000000e0400000,0x00000000ffc80000)
  from space 1024K, 15% used [0x00000000ffd80000,0x00000000ffda8000,0x00000000ffe80000)
  to   space 1024K, 0% used [0x00000000ffc80000,0x00000000ffc80000,0x00000000ffd80000)
 ParOldGen       total 244736K, used 196857K [0x00000000a0c00000, 0x00000000afb00000, 0x00000000e0400000)
  object space 244736K, 80% used [0x00000000a0c00000,0x00000000acc3e540,0x00000000afb00000)
 Metaspace       used 18518K, capacity 18761K, committed 19072K, reserved 1067008K
  class space    used 1769K, capacity 1825K, committed 1920K, reserved 1048576K
}

