# JRE version: Java(TM) SE Runtime Environment (8.0_25-b18) (build 1.8.0_25-b18)
# Java VM: Java HotSpot(TM) 64-Bit Server VM (25.25-b02 mixed mode windows-amd64 compressed oops)
Heap:
 PSYoungGen      total 309248K, used 117024K [0x00000000e0400000, 0x00000000f5400000, 0x0000000100000000)
  eden space 275456K, 42% used [0x00000000e0400000,0x00000000e76180d0,0x00000000f1100000)
  from space 33792K, 0% used [0x00000000f1100000,0x00000000f1130000,0x00000000f3200000)
  to   space 33280K, 0% used [0x00000000f3380000,0x00000000f3380000,0x00000000f5400000)
 ParOldGen       total 226816K, used 155209K [0x00000000a0c00000, 0x00000000ae980000, 0x00000000e0400000)
  object space 226816K, 68% used [0x00000000a0c00000,0x00000000aa392618,0x00000000ae980000)
 Metaspace       used 18042K, capacity 18249K, committed 18432K, reserved 1067008K
  class space    used 1721K, capacity 1761K, committed 1792K, reserved 1048576K
GC Heap History (10 events):
Event: 15.351 GC heap before
{Heap before GC invocations=28 (full 3):
 PSYoungGen      total 304640K, used 278985K [0x00000000e0400000, 0x00000000f5480000, 0x0000000100000000)
  eden space 269824K, 99% used [0x00000000e0400000,0x00000000f0ac6b08,0x00000000f0b80000)
  from space 34816K, 28% used [0x00000000f3280000,0x00000000f3c2bb50,0x00000000f5480000)
  to   space 37376K, 0% used [0x00000000f0b80000,0x00000000f0b80000,0x00000000f3000000)
 ParOldGen       total 226816K, used 145378K [0x00000000a0c00000, 0x00000000ae980000, 0x00000000e0400000)
  object space 226816K, 64% used [0x00000000a0c00000,0x00000000a99f89a8,0x00000000ae980000)
 Metaspace       used 17924K, capacity 18121K, committed 18176K, reserved 1064960K
  class space    used 1709K, capacity 1761K, committed 1792K, reserved 1048576K
Event: 15.354 GC heap after
Heap after GC invocations=28 (full 3):
 PSYoungGen      total 307200K, used 9822K [0x00000000e0400000, 0x00000000f5500000, 0x0000000100000000)
  eden space 269824K, 0% used [0x00000000e0400000,0x00000000e0400000,0x00000000f0b80000)
  from space 37376K, 26% used [0x00000000f0b80000,0x00000000f1517b60,0x00000000f3000000)
  to   space 35840K, 0% used [0x00000000f3200000,0x00000000f3200000,0x00000000f5500000)
 ParOldGen       total 226816K, used 145378K [0x00000000a0c00000, 0x00000000ae980000, 0x00000000e0400000)
  object space 226816K, 64% used [0x00000000a0c00000,0x00000000a99f89a8,0x00000000ae980000)
 Metaspace       used 17924K, capacity 18121K, committed 18176K, reserved 1064960K
  class space    used 1709K, capacity 1761K, committed 1792K, reserved 1048576K
}
Event: 16.319 GC heap before
{Heap before GC invocations=29 (full 3):
 PSYoungGen      total 307200K, used 273382K [0x00000000e0400000, 0x00000000f5500000, 0x0000000100000000)
  eden space 269824K, 97% used [0x00000000e0400000,0x00000000f0561ed0,0x00000000f0b80000)
  from space 37376K, 26% used [0x00000000f0b80000,0x00000000f1517b60,0x00000000f3000000)
  to   space 35840K, 0% used [0x00000000f3200000,0x00000000f3200000,0x00000000f5500000)
 ParOldGen       total 226816K, used 145378K [0x00000000a0c00000, 0x00000000ae980000, 0x00000000e0400000)
  object space 226816K, 64% used [0x00000000a0c00000,0x00000000a99f89a8,0x00000000ae980000)
 Metaspace       used 17997K, capacity 18185K, committed 18432K, reserved 1067008K
  class space    used 1709K, capacity 1761K, committed 1792K, reserved 1048576K
Event: 16.322 GC heap after
Heap after GC invocations=29 (full 3):
 PSYoungGen      total 305152K, used 9204K [0x00000000e0400000, 0x00000000f5180000, 0x0000000100000000)
  eden space 272896K, 0% used [0x00000000e0400000,0x00000000e0400000,0x00000000f0e80000)
  from space 32256K, 28% used [0x00000000f3200000,0x00000000f3afd020,0x00000000f5180000)
  to   space 34304K, 0% used [0x00000000f0e80000,0x00000000f0e80000,0x00000000f3000000)
 ParOldGen       total 226816K, used 146165K [0x00000000a0c00000, 0x00000000ae980000, 0x00000000e0400000)
  object space 226816K, 64% used [0x00000000a0c00000,0x00000000a9abd5f8,0x00000000ae980000)
 Metaspace       used 17997K, capacity 18185K, committed 18432K, reserved 1067008K
  class space    used 1709K, capacity 1761K, committed 1792K, reserved 1048576K
}
Event: 17.317 GC heap before
{Heap before GC invocations=30 (full 3):
 PSYoungGen      total 305152K, used 278168K [0x00000000e0400000, 0x00000000f5180000, 0x0000000100000000)
  eden space 272896K, 98% used [0x00000000e0400000,0x00000000f0aa9198,0x00000000f0e80000)
  from space 32256K, 28% used [0x00000000f3200000,0x00000000f3afd020,0x00000000f5180000)
  to   space 34304K, 0% used [0x00000000f0e80000,0x00000000f0e80000,0x00000000f3000000)
 ParOldGen       total 226816K, used 146165K [0x00000000a0c00000, 0x00000000ae980000, 0x00000000e0400000)
  object space 226816K, 64% used [0x00000000a0c00000,0x00000000a9abd5f8,0x00000000ae980000)
 Metaspace       used 18005K, capacity 18249K, committed 18432K, reserved 1067008K
  class space    used 1709K, capacity 1761K, committed 1792K, reserved 1048576K
Event: 17.322 GC heap after
Heap after GC invocations=30 (full 3):
 PSYoungGen      total 307200K, used 224K [0x00000000e0400000, 0x00000000f5480000, 0x0000000100000000)
  eden space 272896K, 0% used [0x00000000e0400000,0x00000000e0400000,0x00000000f0e80000)
  from space 34304K, 0% used [0x00000000f0e80000,0x00000000f0eb8000,0x00000000f3000000)
  to   space 34304K, 0% used [0x00000000f3300000,0x00000000f3300000,0x00000000f5480000)
 ParOldGen       total 226816K, used 155145K [0x00000000a0c00000, 0x00000000ae980000, 0x00000000e0400000)
  object space 226816K, 68% used [0x00000000a0c00000,0x00000000aa382618,0x00000000ae980000)
 Metaspace       used 18005K, capacity 18249K, committed 18432K, reserved 1067008K
  class space    used 1709K, capacity 1761K, committed 1792K, reserved 1048576K
}
Event: 18.317 GC heap before
{Heap before GC invocations=31 (full 3):
 PSYoungGen      total 307200K, used 269195K [0x00000000e0400000, 0x00000000f5480000, 0x0000000100000000)
  eden space 272896K, 98% used [0x00000000e0400000,0x00000000f0aaaf80,0x00000000f0e80000)
  from space 34304K, 0% used [0x00000000f0e80000,0x00000000f0eb8000,0x00000000f3000000)
  to   space 34304K, 0% used [0x00000000f3300000,0x00000000f3300000,0x00000000f5480000)
 ParOldGen       total 226816K, used 155145K [0x00000000a0c00000, 0x00000000ae980000, 0x00000000e0400000)
  object space 226816K, 68% used [0x00000000a0c00000,0x00000000aa382618,0x00000000ae980000)
 Metaspace       used 18005K, capacity 18249K, committed 18432K, reserved 1067008K
  class space    used 1709K, capacity 1761K, committed 1792K, reserved 1048576K
Event: 18.318 GC heap after
Heap after GC invocations=31 (full 3):
 PSYoungGen      total 308224K, used 224K [0x00000000e0400000, 0x00000000f5300000, 0x0000000100000000)
  eden space 275456K, 0% used [0x00000000e0400000,0x00000000e0400000,0x00000000f1100000)
  from space 32768K, 0% used [0x00000000f3300000,0x00000000f3338000,0x00000000f5300000)
  to   space 33792K, 0% used [0x00000000f1100000,0x00000000f1100000,0x00000000f3200000)
 ParOldGen       total 226816K, used 155185K [0x00000000a0c00000, 0x00000000ae980000, 0x00000000e0400000)
  object space 226816K, 68% used [0x00000000a0c00000,0x00000000aa38c618,0x00000000ae980000)
 Metaspace       used 18005K, capacity 18249K, committed 18432K, reserved 1067008K
  class space    used 1709K, capacity 1761K, committed 1792K, reserved 1048576K
}
Event: 19.317 GC heap before
{Heap before GC invocations=32 (full 3):
 PSYoungGen      total 308224K, used 269265K [0x00000000e0400000, 0x00000000f5300000, 0x0000000100000000)
  eden space 275456K, 97% used [0x00000000e0400000,0x00000000f0abc4f8,0x00000000f1100000)
  from space 32768K, 0% used [0x00000000f3300000,0x00000000f3338000,0x00000000f5300000)
  to   space 33792K, 0% used [0x00000000f1100000,0x00000000f1100000,0x00000000f3200000)
 ParOldGen       total 226816K, used 155185K [0x00000000a0c00000, 0x00000000ae980000, 0x00000000e0400000)
  object space 226816K, 68% used [0x00000000a0c00000,0x00000000aa38c618,0x00000000ae980000)
 Metaspace       used 18007K, capacity 18249K, committed 18432K, reserved 1067008K
  class space    used 1709K, capacity 1761K, committed 1792K, reserved 1048576K
Event: 19.318 GC heap after
Heap after GC invocations=32 (full 3):
 PSYoungGen      total 309248K, used 192K [0x00000000e0400000, 0x00000000f5400000, 0x0000000100000000)
  eden space 275456K, 0% used [0x00000000e0400000,0x00000000e0400000,0x00000000f1100000)
  from space 33792K, 0% used [0x00000000f1100000,0x00000000f1130000,0x00000000f3200000)
  to   space 33280K, 0% used [0x00000000f3380000,0x00000000f3380000,0x00000000f5400000)
 ParOldGen       total 226816K, used 155209K [0x00000000a0c00000, 0x00000000ae980000, 0x00000000e0400000)
  object space 226816K, 68% used [0x00000000a0c00000,0x00000000aa392618,0x00000000ae980000)
 Metaspace       used 18007K, capacity 18249K, committed 18432K, reserved 1067008K
  class space    used 1709K, capacity 1761K, committed 1792K, reserved 1048576K
}

