# JRE version: Java(TM) SE Runtime Environment (8.0_31-b13) (build 1.8.0_31-b13)
# Java VM: Java HotSpot(TM) 64-Bit Server VM (25.31-b07 mixed mode windows-amd64 compressed oops)
Heap:
 PSYoungGen      total 764928K, used 286051K [0x000000076b300000, 0x000000079e400000, 0x00000007c0000000)
  eden space 727040K, 38% used [0x000000076b300000,0x000000077c14bc10,0x0000000797900000)
  from space 37888K, 24% used [0x000000079bf00000,0x000000079c80d040,0x000000079e400000)
  to   space 54784K, 0% used [0x0000000797900000,0x0000000797900000,0x000000079ae80000)
 ParOldGen       total 283648K, used 161665K [0x00000006c1800000, 0x00000006d2d00000, 0x000000076b300000)
  object space 283648K, 56% used [0x00000006c1800000,0x00000006cb5e0450,0x00000006d2d00000)
 Metaspace       used 17984K, capacity 18227K, committed 18560K, reserved 1067008K
  class space    used 1728K, capacity 1794K, committed 1920K, reserved 1048576K
GC Heap History (10 events):
Event: 9.222 GC heap before
{Heap before GC invocations=13 (full 1):
 PSYoungGen      total 514560K, used 448832K [0x000000076b300000, 0x0000000795500000, 0x00000007c0000000)
  eden space 448512K, 100% used [0x000000076b300000,0x0000000786900000,0x0000000786900000)
  from space 66048K, 0% used [0x0000000786900000,0x0000000786950020,0x000000078a980000)
  to   space 66048K, 0% used [0x0000000791480000,0x0000000791480000,0x0000000795500000)
 ParOldGen       total 283648K, used 161641K [0x00000006c1800000, 0x00000006d2d00000, 0x000000076b300000)
  object space 283648K, 56% used [0x00000006c1800000,0x00000006cb5da450,0x00000006d2d00000)
 Metaspace       used 17787K, capacity 18035K, committed 18304K, reserved 1064960K
  class space    used 1717K, capacity 1794K, committed 1920K, reserved 1048576K
Event: 9.224 GC heap after
Heap after GC invocations=13 (full 1):
 PSYoungGen      total 590336K, used 384K [0x000000076b300000, 0x0000000794380000, 0x00000007c0000000)
  eden space 542208K, 0% used [0x000000076b300000,0x000000076b300000,0x000000078c480000)
  from space 48128K, 0% used [0x0000000791480000,0x00000007914e0020,0x0000000794380000)
  to   space 65024K, 0% used [0x000000078c480000,0x000000078c480000,0x0000000790400000)
 ParOldGen       total 283648K, used 161641K [0x00000006c1800000, 0x00000006d2d00000, 0x000000076b300000)
  object space 283648K, 56% used [0x00000006c1800000,0x00000006cb5da450,0x00000006d2d00000)
 Metaspace       used 17787K, capacity 18035K, committed 18304K, reserved 1064960K
  class space    used 1717K, capacity 1794K, committed 1920K, reserved 1048576K
}
Event: 10.071 GC heap before
{Heap before GC invocations=14 (full 1):
 PSYoungGen      total 590336K, used 542223K [0x000000076b300000, 0x0000000794380000, 0x00000007c0000000)
  eden space 542208K, 99% used [0x000000076b300000,0x000000078c423f78,0x000000078c480000)
  from space 48128K, 0% used [0x0000000791480000,0x00000007914e0020,0x0000000794380000)
  to   space 65024K, 0% used [0x000000078c480000,0x000000078c480000,0x0000000790400000)
 ParOldGen       total 283648K, used 161641K [0x00000006c1800000, 0x00000006d2d00000, 0x000000076b300000)
  object space 283648K, 56% used [0x00000006c1800000,0x00000006cb5da450,0x00000006d2d00000)
 Metaspace       used 17790K, capacity 18035K, committed 18304K, reserved 1064960K
  class space    used 1717K, capacity 1794K, committed 1920K, reserved 1048576K
Event: 10.082 GC heap after
Heap after GC invocations=14 (full 1):
 PSYoungGen      total 607232K, used 9268K [0x000000076b300000, 0x000000079a900000, 0x00000007c0000000)
  eden space 542208K, 0% used [0x000000076b300000,0x000000076b300000,0x000000078c480000)
  from space 65024K, 14% used [0x000000078c480000,0x000000078cd8d040,0x0000000790400000)
  to   space 61952K, 0% used [0x0000000796c80000,0x0000000796c80000,0x000000079a900000)
 ParOldGen       total 283648K, used 161641K [0x00000006c1800000, 0x00000006d2d00000, 0x000000076b300000)
  object space 283648K, 56% used [0x00000006c1800000,0x00000006cb5da450,0x00000006d2d00000)
 Metaspace       used 17790K, capacity 18035K, committed 18304K, reserved 1064960K
  class space    used 1717K, capacity 1794K, committed 1920K, reserved 1048576K
}
Event: 10.935 GC heap before
{Heap before GC invocations=15 (full 1):
 PSYoungGen      total 607232K, used 550674K [0x000000076b300000, 0x000000079a900000, 0x00000007c0000000)
  eden space 542208K, 99% used [0x000000076b300000,0x000000078c3b7848,0x000000078c480000)
  from space 65024K, 14% used [0x000000078c480000,0x000000078cd8d040,0x0000000790400000)
  to   space 61952K, 0% used [0x0000000796c80000,0x0000000796c80000,0x000000079a900000)
 ParOldGen       total 283648K, used 161641K [0x00000006c1800000, 0x00000006d2d00000, 0x000000076b300000)
  object space 283648K, 56% used [0x00000006c1800000,0x00000006cb5da450,0x00000006d2d00000)
 Metaspace       used 17797K, capacity 18035K, committed 18304K, reserved 1064960K
  class space    used 1717K, capacity 1794K, committed 1920K, reserved 1048576K
Event: 10.941 GC heap after
Heap after GC invocations=15 (full 1):
 PSYoungGen      total 689664K, used 8372K [0x000000076b300000, 0x0000000799a80000, 0x00000007c0000000)
  eden space 642560K, 0% used [0x000000076b300000,0x000000076b300000,0x0000000792680000)
  from space 47104K, 17% used [0x0000000796c80000,0x00000007974ad040,0x0000000799a80000)
  to   space 59392K, 0% used [0x0000000792680000,0x0000000792680000,0x0000000796080000)
 ParOldGen       total 283648K, used 161649K [0x00000006c1800000, 0x00000006d2d00000, 0x000000076b300000)
  object space 283648K, 56% used [0x00000006c1800000,0x00000006cb5dc450,0x00000006d2d00000)
 Metaspace       used 17797K, capacity 18035K, committed 18304K, reserved 1064960K
  class space    used 1717K, capacity 1794K, committed 1920K, reserved 1048576K
}
Event: 12.861 GC heap before
{Heap before GC invocations=16 (full 1):
 PSYoungGen      total 689664K, used 650867K [0x000000076b300000, 0x0000000799a80000, 0x00000007c0000000)
  eden space 642560K, 99% used [0x000000076b300000,0x000000079266fc78,0x0000000792680000)
  from space 47104K, 17% used [0x0000000796c80000,0x00000007974ad040,0x0000000799a80000)
  to   space 59392K, 0% used [0x0000000792680000,0x0000000792680000,0x0000000796080000)
 ParOldGen       total 283648K, used 161649K [0x00000006c1800000, 0x00000006d2d00000, 0x000000076b300000)
  object space 283648K, 56% used [0x00000006c1800000,0x00000006cb5dc450,0x00000006d2d00000)
 Metaspace       used 17896K, capacity 18163K, committed 18304K, reserved 1064960K
  class space    used 1717K, capacity 1794K, committed 1920K, reserved 1048576K
Event: 12.863 GC heap after
Heap after GC invocations=16 (full 1):
 PSYoungGen      total 701952K, used 336K [0x000000076b300000, 0x000000079f780000, 0x00000007c0000000)
  eden space 642560K, 0% used [0x000000076b300000,0x000000076b300000,0x0000000792680000)
  from space 59392K, 0% used [0x0000000792680000,0x00000007926d4030,0x0000000796080000)
  to   space 57856K, 0% used [0x000000079bf00000,0x000000079bf00000,0x000000079f780000)
 ParOldGen       total 283648K, used 161657K [0x00000006c1800000, 0x00000006d2d00000, 0x000000076b300000)
  object space 283648K, 56% used [0x00000006c1800000,0x00000006cb5de450,0x00000006d2d00000)
 Metaspace       used 17896K, capacity 18163K, committed 18304K, reserved 1064960K
  class space    used 1717K, capacity 1794K, committed 1920K, reserved 1048576K
}
Event: 15.000 GC heap before
{Heap before GC invocations=17 (full 1):
 PSYoungGen      total 701952K, used 642080K [0x000000076b300000, 0x000000079f780000, 0x00000007c0000000)
  eden space 642560K, 99% used [0x000000076b300000,0x00000007925b4398,0x0000000792680000)
  from space 59392K, 0% used [0x0000000792680000,0x00000007926d4030,0x0000000796080000)
  to   space 57856K, 0% used [0x000000079bf00000,0x000000079bf00000,0x000000079f780000)
 ParOldGen       total 283648K, used 161657K [0x00000006c1800000, 0x00000006d2d00000, 0x000000076b300000)
  object space 283648K, 56% used [0x00000006c1800000,0x00000006cb5de450,0x00000006d2d00000)
 Metaspace       used 17949K, capacity 18227K, committed 18560K, reserved 1067008K
  class space    used 1717K, capacity 1794K, committed 1920K, reserved 1048576K
Event: 15.006 GC heap after
Heap after GC invocations=17 (full 1):
 PSYoungGen      total 764928K, used 9268K [0x000000076b300000, 0x000000079e400000, 0x00000007c0000000)
  eden space 727040K, 0% used [0x000000076b300000,0x000000076b300000,0x0000000797900000)
  from space 37888K, 24% used [0x000000079bf00000,0x000000079c80d040,0x000000079e400000)
  to   space 54784K, 0% used [0x0000000797900000,0x0000000797900000,0x000000079ae80000)
 ParOldGen       total 283648K, used 161665K [0x00000006c1800000, 0x00000006d2d00000, 0x000000076b300000)
  object space 283648K, 56% used [0x00000006c1800000,0x00000006cb5e0450,0x00000006d2d00000)
 Metaspace       used 17949K, capacity 18227K, committed 18560K, reserved 1067008K
  class space    used 1717K, capacity 1794K, committed 1920K, reserved 1048576K
}

