# JRE version: Java(TM) SE Runtime Environment (8.0_25-b18) (build 1.8.0_25-b18)
# Java VM: Java HotSpot(TM) 64-Bit Server VM (25.25-b02 mixed mode windows-amd64 compressed oops)
Heap:
 PSYoungGen      total 452096K, used 302281K [0x00000000e0400000, 0x00000000fbf00000, 0x0000000100000000)
  eden space 450560K, 66% used [0x00000000e0400000,0x00000000f2a92440,0x00000000fbc00000)
  from space 1536K, 41% used [0x00000000fbd80000,0x00000000fbe20000,0x00000000fbf00000)
  to   space 1536K, 0% used [0x00000000fbc00000,0x00000000fbc00000,0x00000000fbd80000)
 ParOldGen       total 203776K, used 156807K [0x00000000a0c00000, 0x00000000ad300000, 0x00000000e0400000)
  object space 203776K, 76% used [0x00000000a0c00000,0x00000000aa521c58,0x00000000ad300000)
 Metaspace       used 18507K, capacity 18701K, committed 18816K, reserved 1067008K
  class space    used 1774K, capacity 1825K, committed 1920K, reserved 1048576K
GC Heap History (10 events):
Event: 58.203 GC heap before
{Heap before GC invocations=96 (full 2):
 PSYoungGen      total 447488K, used 446624K [0x00000000e0400000, 0x00000000fbc00000, 0x0000000100000000)
  eden space 445952K, 100% used [0x00000000e0400000,0x00000000fb780000,0x00000000fb780000)
  from space 1536K, 43% used [0x00000000fb780000,0x00000000fb828000,0x00000000fb900000)
  to   space 1536K, 0% used [0x00000000fba80000,0x00000000fba80000,0x00000000fbc00000)
 ParOldGen       total 203776K, used 156791K [0x00000000a0c00000, 0x00000000ad300000, 0x00000000e0400000)
  object space 203776K, 76% used [0x00000000a0c00000,0x00000000aa51dc58,0x00000000ad300000)
 Metaspace       used 18467K, capacity 18701K, committed 18816K, reserved 1067008K
  class space    used 1774K, capacity 1825K, committed 1920K, reserved 1048576K
Event: 58.205 GC heap after
Heap after GC invocations=96 (full 2):
 PSYoungGen      total 449024K, used 704K [0x00000000e0400000, 0x00000000fbc00000, 0x0000000100000000)
  eden space 447488K, 0% used [0x00000000e0400000,0x00000000e0400000,0x00000000fb900000)
  from space 1536K, 45% used [0x00000000fba80000,0x00000000fbb30000,0x00000000fbc00000)
  to   space 1536K, 0% used [0x00000000fb900000,0x00000000fb900000,0x00000000fba80000)
 ParOldGen       total 203776K, used 156799K [0x00000000a0c00000, 0x00000000ad300000, 0x00000000e0400000)
  object space 203776K, 76% used [0x00000000a0c00000,0x00000000aa51fc58,0x00000000ad300000)
 Metaspace       used 18467K, capacity 18701K, committed 18816K, reserved 1067008K
  class space    used 1774K, capacity 1825K, committed 1920K, reserved 1048576K
}
Event: 58.909 GC heap before
{Heap before GC invocations=97 (full 2):
 PSYoungGen      total 449024K, used 448192K [0x00000000e0400000, 0x00000000fbc00000, 0x0000000100000000)
  eden space 447488K, 100% used [0x00000000e0400000,0x00000000fb900000,0x00000000fb900000)
  from space 1536K, 45% used [0x00000000fba80000,0x00000000fbb30000,0x00000000fbc00000)
  to   space 1536K, 0% used [0x00000000fb900000,0x00000000fb900000,0x00000000fba80000)
 ParOldGen       total 203776K, used 156799K [0x00000000a0c00000, 0x00000000ad300000, 0x00000000e0400000)
  object space 203776K, 76% used [0x00000000a0c00000,0x00000000aa51fc58,0x00000000ad300000)
 Metaspace       used 18467K, capacity 18701K, committed 18816K, reserved 1067008K
  class space    used 1774K, capacity 1825K, committed 1920K, reserved 1048576K
Event: 58.911 GC heap after
Heap after GC invocations=97 (full 2):
 PSYoungGen      total 449024K, used 704K [0x00000000e0400000, 0x00000000fbd80000, 0x0000000100000000)
  eden space 447488K, 0% used [0x00000000e0400000,0x00000000e0400000,0x00000000fb900000)
  from space 1536K, 45% used [0x00000000fb900000,0x00000000fb9b0000,0x00000000fba80000)
  to   space 1536K, 0% used [0x00000000fbc00000,0x00000000fbc00000,0x00000000fbd80000)
 ParOldGen       total 203776K, used 156799K [0x00000000a0c00000, 0x00000000ad300000, 0x00000000e0400000)
  object space 203776K, 76% used [0x00000000a0c00000,0x00000000aa51fc58,0x00000000ad300000)
 Metaspace       used 18467K, capacity 18701K, committed 18816K, reserved 1067008K
  class space    used 1774K, capacity 1825K, committed 1920K, reserved 1048576K
}
Event: 59.604 GC heap before
{Heap before GC invocations=98 (full 2):
 PSYoungGen      total 449024K, used 448192K [0x00000000e0400000, 0x00000000fbd80000, 0x0000000100000000)
  eden space 447488K, 100% used [0x00000000e0400000,0x00000000fb900000,0x00000000fb900000)
  from space 1536K, 45% used [0x00000000fb900000,0x00000000fb9b0000,0x00000000fba80000)
  to   space 1536K, 0% used [0x00000000fbc00000,0x00000000fbc00000,0x00000000fbd80000)
 ParOldGen       total 203776K, used 156799K [0x00000000a0c00000, 0x00000000ad300000, 0x00000000e0400000)
  object space 203776K, 76% used [0x00000000a0c00000,0x00000000aa51fc58,0x00000000ad300000)
 Metaspace       used 18491K, capacity 18701K, committed 18816K, reserved 1067008K
  class space    used 1774K, capacity 1825K, committed 1920K, reserved 1048576K
Event: 59.605 GC heap after
Heap after GC invocations=98 (full 2):
 PSYoungGen      total 450560K, used 640K [0x00000000e0400000, 0x00000000fbd80000, 0x0000000100000000)
  eden space 449024K, 0% used [0x00000000e0400000,0x00000000e0400000,0x00000000fba80000)
  from space 1536K, 41% used [0x00000000fbc00000,0x00000000fbca0000,0x00000000fbd80000)
  to   space 1536K, 0% used [0x00000000fba80000,0x00000000fba80000,0x00000000fbc00000)
 ParOldGen       total 203776K, used 156799K [0x00000000a0c00000, 0x00000000ad300000, 0x00000000e0400000)
  object space 203776K, 76% used [0x00000000a0c00000,0x00000000aa51fc58,0x00000000ad300000)
 Metaspace       used 18491K, capacity 18701K, committed 18816K, reserved 1067008K
  class space    used 1774K, capacity 1825K, committed 1920K, reserved 1048576K
}
Event: 60.353 GC heap before
{Heap before GC invocations=99 (full 2):
 PSYoungGen      total 450560K, used 449664K [0x00000000e0400000, 0x00000000fbd80000, 0x0000000100000000)
  eden space 449024K, 100% used [0x00000000e0400000,0x00000000fba80000,0x00000000fba80000)
  from space 1536K, 41% used [0x00000000fbc00000,0x00000000fbca0000,0x00000000fbd80000)
  to   space 1536K, 0% used [0x00000000fba80000,0x00000000fba80000,0x00000000fbc00000)
 ParOldGen       total 203776K, used 156799K [0x00000000a0c00000, 0x00000000ad300000, 0x00000000e0400000)
  object space 203776K, 76% used [0x00000000a0c00000,0x00000000aa51fc58,0x00000000ad300000)
 Metaspace       used 18491K, capacity 18701K, committed 18816K, reserved 1067008K
  class space    used 1774K, capacity 1825K, committed 1920K, reserved 1048576K
Event: 60.354 GC heap after
Heap after GC invocations=99 (full 2):
 PSYoungGen      total 450560K, used 608K [0x00000000e0400000, 0x00000000fbf00000, 0x0000000100000000)
  eden space 449024K, 0% used [0x00000000e0400000,0x00000000e0400000,0x00000000fba80000)
  from space 1536K, 39% used [0x00000000fba80000,0x00000000fbb18000,0x00000000fbc00000)
  to   space 1536K, 0% used [0x00000000fbd80000,0x00000000fbd80000,0x00000000fbf00000)
 ParOldGen       total 203776K, used 156799K [0x00000000a0c00000, 0x00000000ad300000, 0x00000000e0400000)
  object space 203776K, 76% used [0x00000000a0c00000,0x00000000aa51fc58,0x00000000ad300000)
 Metaspace       used 18491K, capacity 18701K, committed 18816K, reserved 1067008K
  class space    used 1774K, capacity 1825K, committed 1920K, reserved 1048576K
}
Event: 61.044 GC heap before
{Heap before GC invocations=100 (full 2):
 PSYoungGen      total 450560K, used 449632K [0x00000000e0400000, 0x00000000fbf00000, 0x0000000100000000)
  eden space 449024K, 100% used [0x00000000e0400000,0x00000000fba80000,0x00000000fba80000)
  from space 1536K, 39% used [0x00000000fba80000,0x00000000fbb18000,0x00000000fbc00000)
  to   space 1536K, 0% used [0x00000000fbd80000,0x00000000fbd80000,0x00000000fbf00000)
 ParOldGen       total 203776K, used 156799K [0x00000000a0c00000, 0x00000000ad300000, 0x00000000e0400000)
  object space 203776K, 76% used [0x00000000a0c00000,0x00000000aa51fc58,0x00000000ad300000)
 Metaspace       used 18506K, capacity 18701K, committed 18816K, reserved 1067008K
  class space    used 1774K, capacity 1825K, committed 1920K, reserved 1048576K
Event: 61.046 GC heap after
Heap after GC invocations=100 (full 2):
 PSYoungGen      total 452096K, used 640K [0x00000000e0400000, 0x00000000fbf00000, 0x0000000100000000)
  eden space 450560K, 0% used [0x00000000e0400000,0x00000000e0400000,0x00000000fbc00000)
  from space 1536K, 41% used [0x00000000fbd80000,0x00000000fbe20000,0x00000000fbf00000)
  to   space 1536K, 0% used [0x00000000fbc00000,0x00000000fbc00000,0x00000000fbd80000)
 ParOldGen       total 203776K, used 156807K [0x00000000a0c00000, 0x00000000ad300000, 0x00000000e0400000)
  object space 203776K, 76% used [0x00000000a0c00000,0x00000000aa521c58,0x00000000ad300000)
 Metaspace       used 18506K, capacity 18701K, committed 18816K, reserved 1067008K
  class space    used 1774K, capacity 1825K, committed 1920K, reserved 1048576K
}

