# JRE version: Java(TM) SE Runtime Environment (8.0_31-b13) (build 1.8.0_31-b13)
# Java VM: Java HotSpot(TM) 64-Bit Server VM (25.31-b07 mixed mode windows-amd64 compressed oops)
Heap:
 PSYoungGen      total 975360K, used 222209K [0x000000076b300000, 0x00000007af080000, 0x00000007c0000000)
  eden space 909824K, 23% used [0x000000076b300000,0x0000000778407798,0x00000007a2b80000)
  from space 65536K, 12% used [0x00000007a2b80000,0x00000007a3379010,0x00000007a6b80000)
  to   space 61952K, 0% used [0x00000007ab400000,0x00000007ab400000,0x00000007af080000)
 ParOldGen       total 306688K, used 164766K [0x00000006c1800000, 0x00000006d4380000, 0x000000076b300000)
  object space 306688K, 53% used [0x00000006c1800000,0x00000006cb8e7918,0x00000006d4380000)
 Metaspace       used 17882K, capacity 18063K, committed 18176K, reserved 1064960K
  class space    used 1722K, capacity 1762K, committed 1792K, reserved 1048576K
GC Heap History (10 events):
Event: 8.796 GC heap before
{Heap before GC invocations=14 (full 1):
 PSYoungGen      total 715264K, used 660537K [0x000000076b300000, 0x000000079ca00000, 0x00000007c0000000)
  eden space 659456K, 98% used [0x000000076b300000,0x0000000792f39620,0x0000000793700000)
  from space 55808K, 16% used [0x0000000799380000,0x0000000799c55020,0x000000079ca00000)
  to   space 75264K, 0% used [0x0000000793700000,0x0000000793700000,0x0000000798080000)
 ParOldGen       total 306688K, used 164742K [0x00000006c1800000, 0x00000006d4380000, 0x000000076b300000)
  object space 306688K, 53% used [0x00000006c1800000,0x00000006cb8e1918,0x00000006d4380000)
 Metaspace       used 17667K, capacity 17863K, committed 17920K, reserved 1064960K
  class space    used 1711K, capacity 1762K, committed 1792K, reserved 1048576K
Event: 8.797 GC heap after
Heap after GC invocations=14 (full 1):
 PSYoungGen      total 734720K, used 128K [0x000000076b300000, 0x00000007a5b80000, 0x00000007c0000000)
  eden space 659456K, 0% used [0x000000076b300000,0x000000076b300000,0x0000000793700000)
  from space 75264K, 0% used [0x0000000793700000,0x0000000793720000,0x0000000798080000)
  to   space 73728K, 0% used [0x00000007a1380000,0x00000007a1380000,0x00000007a5b80000)
 ParOldGen       total 306688K, used 164742K [0x00000006c1800000, 0x00000006d4380000, 0x000000076b300000)
  object space 306688K, 53% used [0x00000006c1800000,0x00000006cb8e1918,0x00000006d4380000)
 Metaspace       used 17667K, capacity 17863K, committed 17920K, reserved 1064960K
  class space    used 1711K, capacity 1762K, committed 1792K, reserved 1048576K
}
Event: 9.836 GC heap before
{Heap before GC invocations=15 (full 1):
 PSYoungGen      total 734720K, used 659584K [0x000000076b300000, 0x00000007a5b80000, 0x00000007c0000000)
  eden space 659456K, 100% used [0x000000076b300000,0x0000000793700000,0x0000000793700000)
  from space 75264K, 0% used [0x0000000793700000,0x0000000793720000,0x0000000798080000)
  to   space 73728K, 0% used [0x00000007a1380000,0x00000007a1380000,0x00000007a5b80000)
 ParOldGen       total 306688K, used 164742K [0x00000006c1800000, 0x00000006d4380000, 0x000000076b300000)
  object space 306688K, 53% used [0x00000006c1800000,0x00000006cb8e1918,0x00000006d4380000)
 Metaspace       used 17712K, capacity 17927K, committed 18176K, reserved 1064960K
  class space    used 1711K, capacity 1762K, committed 1792K, reserved 1048576K
Event: 9.842 GC heap after
Heap after GC invocations=15 (full 1):
 PSYoungGen      total 843264K, used 9044K [0x000000076b300000, 0x00000007a4400000, 0x00000007c0000000)
  eden space 793600K, 0% used [0x000000076b300000,0x000000076b300000,0x000000079ba00000)
  from space 49664K, 18% used [0x00000007a1380000,0x00000007a1c55020,0x00000007a4400000)
  to   space 70656K, 0% used [0x000000079ba00000,0x000000079ba00000,0x000000079ff00000)
 ParOldGen       total 306688K, used 164750K [0x00000006c1800000, 0x00000006d4380000, 0x000000076b300000)
  object space 306688K, 53% used [0x00000006c1800000,0x00000006cb8e3918,0x00000006d4380000)
 Metaspace       used 17712K, capacity 17927K, committed 18176K, reserved 1064960K
  class space    used 1711K, capacity 1762K, committed 1792K, reserved 1048576K
}
Event: 11.109 GC heap before
{Heap before GC invocations=16 (full 1):
 PSYoungGen      total 843264K, used 802644K [0x000000076b300000, 0x00000007a4400000, 0x00000007c0000000)
  eden space 793600K, 100% used [0x000000076b300000,0x000000079ba00000,0x000000079ba00000)
  from space 49664K, 18% used [0x00000007a1380000,0x00000007a1c55020,0x00000007a4400000)
  to   space 70656K, 0% used [0x000000079ba00000,0x000000079ba00000,0x000000079ff00000)
 ParOldGen       total 306688K, used 164750K [0x00000006c1800000, 0x00000006d4380000, 0x000000076b300000)
  object space 306688K, 53% used [0x00000006c1800000,0x00000006cb8e3918,0x00000006d4380000)
 Metaspace       used 17791K, capacity 17999K, committed 18176K, reserved 1064960K
  class space    used 1711K, capacity 1762K, committed 1792K, reserved 1048576K
Event: 11.115 GC heap after
Heap after GC invocations=16 (full 1):
 PSYoungGen      total 864256K, used 8196K [0x000000076b300000, 0x00000007ac780000, 0x00000007c0000000)
  eden space 793600K, 0% used [0x000000076b300000,0x000000076b300000,0x000000079ba00000)
  from space 70656K, 11% used [0x000000079ba00000,0x000000079c201010,0x000000079ff00000)
  to   space 67584K, 0% used [0x00000007a8580000,0x00000007a8580000,0x00000007ac780000)
 ParOldGen       total 306688K, used 164758K [0x00000006c1800000, 0x00000006d4380000, 0x000000076b300000)
  object space 306688K, 53% used [0x00000006c1800000,0x00000006cb8e5918,0x00000006d4380000)
 Metaspace       used 17791K, capacity 17999K, committed 18176K, reserved 1064960K
  class space    used 1711K, capacity 1762K, committed 1792K, reserved 1048576K
}
Event: 12.361 GC heap before
{Heap before GC invocations=17 (full 1):
 PSYoungGen      total 864256K, used 796372K [0x000000076b300000, 0x00000007ac780000, 0x00000007c0000000)
  eden space 793600K, 99% used [0x000000076b300000,0x000000079b4b4010,0x000000079ba00000)
  from space 70656K, 11% used [0x000000079ba00000,0x000000079c201010,0x000000079ff00000)
  to   space 67584K, 0% used [0x00000007a8580000,0x00000007a8580000,0x00000007ac780000)
 ParOldGen       total 306688K, used 164758K [0x00000006c1800000, 0x00000006d4380000, 0x000000076b300000)
  object space 306688K, 53% used [0x00000006c1800000,0x00000006cb8e5918,0x00000006d4380000)
 Metaspace       used 17805K, capacity 18063K, committed 18176K, reserved 1064960K
  class space    used 1711K, capacity 1762K, committed 1792K, reserved 1048576K
Event: 12.363 GC heap after
Heap after GC invocations=17 (full 1):
 PSYoungGen      total 948736K, used 96K [0x000000076b300000, 0x00000007aab80000, 0x00000007c0000000)
  eden space 909824K, 0% used [0x000000076b300000,0x000000076b300000,0x00000007a2b80000)
  from space 38912K, 0% used [0x00000007a8580000,0x00000007a8598000,0x00000007aab80000)
  to   space 65536K, 0% used [0x00000007a2b80000,0x00000007a2b80000,0x00000007a6b80000)
 ParOldGen       total 306688K, used 164758K [0x00000006c1800000, 0x00000006d4380000, 0x000000076b300000)
  object space 306688K, 53% used [0x00000006c1800000,0x00000006cb8e5918,0x00000006d4380000)
 Metaspace       used 17805K, capacity 18063K, committed 18176K, reserved 1064960K
  class space    used 1711K, capacity 1762K, committed 1792K, reserved 1048576K
}
Event: 13.773 GC heap before
{Heap before GC invocations=18 (full 1):
 PSYoungGen      total 948736K, used 909920K [0x000000076b300000, 0x00000007aab80000, 0x00000007c0000000)
  eden space 909824K, 100% used [0x000000076b300000,0x00000007a2b80000,0x00000007a2b80000)
  from space 38912K, 0% used [0x00000007a8580000,0x00000007a8598000,0x00000007aab80000)
  to   space 65536K, 0% used [0x00000007a2b80000,0x00000007a2b80000,0x00000007a6b80000)
 ParOldGen       total 306688K, used 164758K [0x00000006c1800000, 0x00000006d4380000, 0x000000076b300000)
  object space 306688K, 53% used [0x00000006c1800000,0x00000006cb8e5918,0x00000006d4380000)
 Metaspace       used 17836K, capacity 18063K, committed 18176K, reserved 1064960K
  class space    used 1711K, capacity 1762K, committed 1792K, reserved 1048576K
Event: 13.779 GC heap after
Heap after GC invocations=18 (full 1):
 PSYoungGen      total 975360K, used 8164K [0x000000076b300000, 0x00000007af080000, 0x00000007c0000000)
  eden space 909824K, 0% used [0x000000076b300000,0x000000076b300000,0x00000007a2b80000)
  from space 65536K, 12% used [0x00000007a2b80000,0x00000007a3379010,0x00000007a6b80000)
  to   space 61952K, 0% used [0x00000007ab400000,0x00000007ab400000,0x00000007af080000)
 ParOldGen       total 306688K, used 164766K [0x00000006c1800000, 0x00000006d4380000, 0x000000076b300000)
  object space 306688K, 53% used [0x00000006c1800000,0x00000006cb8e7918,0x00000006d4380000)
 Metaspace       used 17836K, capacity 18063K, committed 18176K, reserved 1064960K
  class space    used 1711K, capacity 1762K, committed 1792K, reserved 1048576K
}

