# JRE version: Java(TM) SE Runtime Environment (8.0_25-b18) (build 1.8.0_25-b18)
# Java VM: Java HotSpot(TM) 64-Bit Server VM (25.25-b02 mixed mode windows-amd64 compressed oops)
Heap:
 PSYoungGen      total 357376K, used 127165K [0x00000000e0400000, 0x00000000f9b00000, 0x0000000100000000)
  eden space 305152K, 38% used [0x00000000e0400000,0x00000000e779e4e0,0x00000000f2e00000)
  from space 52224K, 16% used [0x00000000f2e00000,0x00000000f3691010,0x00000000f6100000)
  to   space 49152K, 0% used [0x00000000f6b00000,0x00000000f6b00000,0x00000000f9b00000)
 ParOldGen       total 220160K, used 154953K [0x00000000a0c00000, 0x00000000ae300000, 0x00000000e0400000)
  object space 220160K, 70% used [0x00000000a0c00000,0x00000000aa352468,0x00000000ae300000)
 Metaspace       used 18415K, capacity 18601K, committed 18816K, reserved 1067008K
  class space    used 1757K, capacity 1793K, committed 1920K, reserved 1048576K
GC Heap History (10 events):
Event: 7.282 GC heap before
{Heap before GC invocations=18 (full 3):
 PSYoungGen      total 309760K, used 252914K [0x00000000e0400000, 0x00000000f7580000, 0x0000000100000000)
  eden space 259584K, 97% used [0x00000000e0400000,0x00000000efa4ca08,0x00000000f0180000)
  from space 50176K, 1% used [0x00000000f4480000,0x00000000f4530000,0x00000000f7580000)
  to   space 59392K, 0% used [0x00000000f0180000,0x00000000f0180000,0x00000000f3b80000)
 ParOldGen       total 220160K, used 154913K [0x00000000a0c00000, 0x00000000ae300000, 0x00000000e0400000)
  object space 220160K, 70% used [0x00000000a0c00000,0x00000000aa348468,0x00000000ae300000)
 Metaspace       used 18176K, capacity 18337K, committed 18560K, reserved 1067008K
  class space    used 1756K, capacity 1793K, committed 1920K, reserved 1048576K
Event: 7.284 GC heap after
Heap after GC invocations=18 (full 3):
 PSYoungGen      total 318976K, used 672K [0x00000000e0400000, 0x00000000f9780000, 0x0000000100000000)
  eden space 259584K, 0% used [0x00000000e0400000,0x00000000e0400000,0x00000000f0180000)
  from space 59392K, 1% used [0x00000000f0180000,0x00000000f0228000,0x00000000f3b80000)
  to   space 57856K, 0% used [0x00000000f5f00000,0x00000000f5f00000,0x00000000f9780000)
 ParOldGen       total 220160K, used 154921K [0x00000000a0c00000, 0x00000000ae300000, 0x00000000e0400000)
  object space 220160K, 70% used [0x00000000a0c00000,0x00000000aa34a468,0x00000000ae300000)
 Metaspace       used 18176K, capacity 18337K, committed 18560K, reserved 1067008K
  class space    used 1756K, capacity 1793K, committed 1920K, reserved 1048576K
}
Event: 8.219 GC heap before
{Heap before GC invocations=19 (full 3):
 PSYoungGen      total 318976K, used 252616K [0x00000000e0400000, 0x00000000f9780000, 0x0000000100000000)
  eden space 259584K, 97% used [0x00000000e0400000,0x00000000efa0a3a0,0x00000000f0180000)
  from space 59392K, 1% used [0x00000000f0180000,0x00000000f0228000,0x00000000f3b80000)
  to   space 57856K, 0% used [0x00000000f5f00000,0x00000000f5f00000,0x00000000f9780000)
 ParOldGen       total 220160K, used 154921K [0x00000000a0c00000, 0x00000000ae300000, 0x00000000e0400000)
  object space 220160K, 70% used [0x00000000a0c00000,0x00000000aa34a468,0x00000000ae300000)
 Metaspace       used 18291K, capacity 18473K, committed 18816K, reserved 1067008K
  class space    used 1756K, capacity 1793K, committed 1920K, reserved 1048576K
Event: 8.221 GC heap after
Heap after GC invocations=19 (full 3):
 PSYoungGen      total 337920K, used 672K [0x00000000e0400000, 0x00000000f8d80000, 0x0000000100000000)
  eden space 290304K, 0% used [0x00000000e0400000,0x00000000e0400000,0x00000000f1f80000)
  from space 47616K, 1% used [0x00000000f5f00000,0x00000000f5fa8000,0x00000000f8d80000)
  to   space 56320K, 0% used [0x00000000f1f80000,0x00000000f1f80000,0x00000000f5680000)
 ParOldGen       total 220160K, used 154929K [0x00000000a0c00000, 0x00000000ae300000, 0x00000000e0400000)
  object space 220160K, 70% used [0x00000000a0c00000,0x00000000aa34c468,0x00000000ae300000)
 Metaspace       used 18291K, capacity 18473K, committed 18816K, reserved 1067008K
  class space    used 1756K, capacity 1793K, committed 1920K, reserved 1048576K
}
Event: 9.284 GC heap before
{Heap before GC invocations=20 (full 3):
 PSYoungGen      total 337920K, used 288298K [0x00000000e0400000, 0x00000000f8d80000, 0x0000000100000000)
  eden space 290304K, 99% used [0x00000000e0400000,0x00000000f1ce2a20,0x00000000f1f80000)
  from space 47616K, 1% used [0x00000000f5f00000,0x00000000f5fa8000,0x00000000f8d80000)
  to   space 56320K, 0% used [0x00000000f1f80000,0x00000000f1f80000,0x00000000f5680000)
 ParOldGen       total 220160K, used 154929K [0x00000000a0c00000, 0x00000000ae300000, 0x00000000e0400000)
  object space 220160K, 70% used [0x00000000a0c00000,0x00000000aa34c468,0x00000000ae300000)
 Metaspace       used 18322K, capacity 18473K, committed 18816K, reserved 1067008K
  class space    used 1756K, capacity 1793K, committed 1920K, reserved 1048576K
Event: 9.286 GC heap after
Heap after GC invocations=20 (full 3):
 PSYoungGen      total 346624K, used 640K [0x00000000e0400000, 0x00000000f9b80000, 0x0000000100000000)
  eden space 290304K, 0% used [0x00000000e0400000,0x00000000e0400000,0x00000000f1f80000)
  from space 56320K, 1% used [0x00000000f1f80000,0x00000000f2020000,0x00000000f5680000)
  to   space 54272K, 0% used [0x00000000f6680000,0x00000000f6680000,0x00000000f9b80000)
 ParOldGen       total 220160K, used 154937K [0x00000000a0c00000, 0x00000000ae300000, 0x00000000e0400000)
  object space 220160K, 70% used [0x00000000a0c00000,0x00000000aa34e468,0x00000000ae300000)
 Metaspace       used 18322K, capacity 18473K, committed 18816K, reserved 1067008K
  class space    used 1756K, capacity 1793K, committed 1920K, reserved 1048576K
}
Event: 10.351 GC heap before
{Heap before GC invocations=21 (full 3):
 PSYoungGen      total 346624K, used 288059K [0x00000000e0400000, 0x00000000f9b80000, 0x0000000100000000)
  eden space 290304K, 99% used [0x00000000e0400000,0x00000000f1caedd0,0x00000000f1f80000)
  from space 56320K, 1% used [0x00000000f1f80000,0x00000000f2020000,0x00000000f5680000)
  to   space 54272K, 0% used [0x00000000f6680000,0x00000000f6680000,0x00000000f9b80000)
 ParOldGen       total 220160K, used 154937K [0x00000000a0c00000, 0x00000000ae300000, 0x00000000e0400000)
  object space 220160K, 70% used [0x00000000a0c00000,0x00000000aa34e468,0x00000000ae300000)
 Metaspace       used 18363K, capacity 18601K, committed 18816K, reserved 1067008K
  class space    used 1756K, capacity 1793K, committed 1920K, reserved 1048576K
Event: 10.353 GC heap after
Heap after GC invocations=21 (full 3):
 PSYoungGen      total 351744K, used 704K [0x00000000e0400000, 0x00000000f9400000, 0x0000000100000000)
  eden space 305152K, 0% used [0x00000000e0400000,0x00000000e0400000,0x00000000f2e00000)
  from space 46592K, 1% used [0x00000000f6680000,0x00000000f6730000,0x00000000f9400000)
  to   space 52224K, 0% used [0x00000000f2e00000,0x00000000f2e00000,0x00000000f6100000)
 ParOldGen       total 220160K, used 154945K [0x00000000a0c00000, 0x00000000ae300000, 0x00000000e0400000)
  object space 220160K, 70% used [0x00000000a0c00000,0x00000000aa350468,0x00000000ae300000)
 Metaspace       used 18363K, capacity 18601K, committed 18816K, reserved 1067008K
  class space    used 1756K, capacity 1793K, committed 1920K, reserved 1048576K
}
Event: 11.457 GC heap before
{Heap before GC invocations=22 (full 3):
 PSYoungGen      total 351744K, used 305465K [0x00000000e0400000, 0x00000000f9400000, 0x0000000100000000)
  eden space 305152K, 99% used [0x00000000e0400000,0x00000000f2d9e648,0x00000000f2e00000)
  from space 46592K, 1% used [0x00000000f6680000,0x00000000f6730000,0x00000000f9400000)
  to   space 52224K, 0% used [0x00000000f2e00000,0x00000000f2e00000,0x00000000f6100000)
 ParOldGen       total 220160K, used 154945K [0x00000000a0c00000, 0x00000000ae300000, 0x00000000e0400000)
  object space 220160K, 70% used [0x00000000a0c00000,0x00000000aa350468,0x00000000ae300000)
 Metaspace       used 18395K, capacity 18601K, committed 18816K, reserved 1067008K
  class space    used 1756K, capacity 1793K, committed 1920K, reserved 1048576K
Event: 11.464 GC heap after
Heap after GC invocations=22 (full 3):
 PSYoungGen      total 357376K, used 8772K [0x00000000e0400000, 0x00000000f9b00000, 0x0000000100000000)
  eden space 305152K, 0% used [0x00000000e0400000,0x00000000e0400000,0x00000000f2e00000)
  from space 52224K, 16% used [0x00000000f2e00000,0x00000000f3691010,0x00000000f6100000)
  to   space 49152K, 0% used [0x00000000f6b00000,0x00000000f6b00000,0x00000000f9b00000)
 ParOldGen       total 220160K, used 154953K [0x00000000a0c00000, 0x00000000ae300000, 0x00000000e0400000)
  object space 220160K, 70% used [0x00000000a0c00000,0x00000000aa352468,0x00000000ae300000)
 Metaspace       used 18395K, capacity 18601K, committed 18816K, reserved 1067008K
  class space    used 1756K, capacity 1793K, committed 1920K, reserved 1048576K
}

