# JRE version: Java(TM) SE Runtime Environment (8.0_25-b18) (build 1.8.0_25-b18)
# Java VM: Java HotSpot(TM) 64-Bit Server VM (25.25-b02 mixed mode windows-amd64 compressed oops)
Heap:
 PSYoungGen      total 283648K, used 39956K [0x00000000e0400000, 0x00000000f3f80000, 0x0000000100000000)
  eden space 249344K, 12% used [0x00000000e0400000,0x00000000e21982c8,0x00000000ef780000)
  from space 34304K, 28% used [0x00000000f1e00000,0x00000000f276d020,0x00000000f3f80000)
  to   space 36864K, 0% used [0x00000000ef780000,0x00000000ef780000,0x00000000f1b80000)
 ParOldGen       total 227840K, used 145961K [0x00000000a0c00000, 0x00000000aea80000, 0x00000000e0400000)
  object space 227840K, 64% used [0x00000000a0c00000,0x00000000a9a8a7e0,0x00000000aea80000)
 Metaspace       used 18378K, capacity 18597K, committed 18816K, reserved 1067008K
  class space    used 1761K, capacity 1793K, committed 1920K, reserved 1048576K
GC Heap History (10 events):
Event: 8.995 GC heap before
{Heap before GC invocations=21 (full 3):
 PSYoungGen      total 271872K, used 230640K [0x00000000e0400000, 0x00000000f4580000, 0x0000000100000000)
  eden space 223744K, 98% used [0x00000000e0400000,0x00000000edbbf088,0x00000000ede80000)
  from space 48128K, 20% used [0x00000000ede80000,0x00000000ee7fd020,0x00000000f0d80000)
  to   space 46080K, 0% used [0x00000000f1880000,0x00000000f1880000,0x00000000f4580000)
 ParOldGen       total 227840K, used 145921K [0x00000000a0c00000, 0x00000000aea80000, 0x00000000e0400000)
  object space 227840K, 64% used [0x00000000a0c00000,0x00000000a9a807e0,0x00000000aea80000)
 Metaspace       used 18241K, capacity 18469K, committed 18816K, reserved 1067008K
  class space    used 1761K, capacity 1793K, committed 1920K, reserved 1048576K
Event: 9.000 GC heap after
Heap after GC invocations=21 (full 3):
 PSYoungGen      total 274944K, used 9652K [0x00000000e0400000, 0x00000000f3f80000, 0x0000000100000000)
  eden space 235008K, 0% used [0x00000000e0400000,0x00000000e0400000,0x00000000ee980000)
  from space 39936K, 24% used [0x00000000f1880000,0x00000000f21ed020,0x00000000f3f80000)
  to   space 44032K, 0% used [0x00000000ee980000,0x00000000ee980000,0x00000000f1480000)
 ParOldGen       total 227840K, used 145929K [0x00000000a0c00000, 0x00000000aea80000, 0x00000000e0400000)
  object space 227840K, 64% used [0x00000000a0c00000,0x00000000a9a827e0,0x00000000aea80000)
 Metaspace       used 18241K, capacity 18469K, committed 18816K, reserved 1067008K
  class space    used 1761K, capacity 1793K, committed 1920K, reserved 1048576K
}
Event: 9.861 GC heap before
{Heap before GC invocations=22 (full 3):
 PSYoungGen      total 274944K, used 243247K [0x00000000e0400000, 0x00000000f3f80000, 0x0000000100000000)
  eden space 235008K, 99% used [0x00000000e0400000,0x00000000ee81ec88,0x00000000ee980000)
  from space 39936K, 24% used [0x00000000f1880000,0x00000000f21ed020,0x00000000f3f80000)
  to   space 44032K, 0% used [0x00000000ee980000,0x00000000ee980000,0x00000000f1480000)
 ParOldGen       total 227840K, used 145929K [0x00000000a0c00000, 0x00000000aea80000, 0x00000000e0400000)
  object space 227840K, 64% used [0x00000000a0c00000,0x00000000a9a827e0,0x00000000aea80000)
 Metaspace       used 18257K, capacity 18469K, committed 18816K, reserved 1067008K
  class space    used 1761K, capacity 1793K, committed 1920K, reserved 1048576K
Event: 9.864 GC heap after
Heap after GC invocations=22 (full 3):
 PSYoungGen      total 279040K, used 9652K [0x00000000e0400000, 0x00000000f4600000, 0x0000000100000000)
  eden space 235008K, 0% used [0x00000000e0400000,0x00000000e0400000,0x00000000ee980000)
  from space 44032K, 21% used [0x00000000ee980000,0x00000000ef2ed020,0x00000000f1480000)
  to   space 42496K, 0% used [0x00000000f1c80000,0x00000000f1c80000,0x00000000f4600000)
 ParOldGen       total 227840K, used 145937K [0x00000000a0c00000, 0x00000000aea80000, 0x00000000e0400000)
  object space 227840K, 64% used [0x00000000a0c00000,0x00000000a9a847e0,0x00000000aea80000)
 Metaspace       used 18257K, capacity 18469K, committed 18816K, reserved 1067008K
  class space    used 1761K, capacity 1793K, committed 1920K, reserved 1048576K
}
Event: 10.729 GC heap before
{Heap before GC invocations=23 (full 3):
 PSYoungGen      total 279040K, used 243068K [0x00000000e0400000, 0x00000000f4600000, 0x0000000100000000)
  eden space 235008K, 99% used [0x00000000e0400000,0x00000000ee7f2398,0x00000000ee980000)
  from space 44032K, 21% used [0x00000000ee980000,0x00000000ef2ed020,0x00000000f1480000)
  to   space 42496K, 0% used [0x00000000f1c80000,0x00000000f1c80000,0x00000000f4600000)
 ParOldGen       total 227840K, used 145937K [0x00000000a0c00000, 0x00000000aea80000, 0x00000000e0400000)
  object space 227840K, 64% used [0x00000000a0c00000,0x00000000a9a847e0,0x00000000aea80000)
 Metaspace       used 18290K, capacity 18469K, committed 18816K, reserved 1067008K
  class space    used 1761K, capacity 1793K, committed 1920K, reserved 1048576K
Event: 10.734 GC heap after
Heap after GC invocations=23 (full 3):
 PSYoungGen      total 280064K, used 9684K [0x00000000e0400000, 0x00000000f4080000, 0x0000000100000000)
  eden space 243200K, 0% used [0x00000000e0400000,0x00000000e0400000,0x00000000ef180000)
  from space 36864K, 26% used [0x00000000f1c80000,0x00000000f25f5020,0x00000000f4080000)
  to   space 40448K, 0% used [0x00000000ef180000,0x00000000ef180000,0x00000000f1900000)
 ParOldGen       total 227840K, used 145945K [0x00000000a0c00000, 0x00000000aea80000, 0x00000000e0400000)
  object space 227840K, 64% used [0x00000000a0c00000,0x00000000a9a867e0,0x00000000aea80000)
 Metaspace       used 18290K, capacity 18469K, committed 18816K, reserved 1067008K
  class space    used 1761K, capacity 1793K, committed 1920K, reserved 1048576K
}
Event: 11.629 GC heap before
{Heap before GC invocations=24 (full 3):
 PSYoungGen      total 280064K, used 252011K [0x00000000e0400000, 0x00000000f4080000, 0x0000000100000000)
  eden space 243200K, 99% used [0x00000000e0400000,0x00000000ef0a5e48,0x00000000ef180000)
  from space 36864K, 26% used [0x00000000f1c80000,0x00000000f25f5020,0x00000000f4080000)
  to   space 40448K, 0% used [0x00000000ef180000,0x00000000ef180000,0x00000000f1900000)
 ParOldGen       total 227840K, used 145945K [0x00000000a0c00000, 0x00000000aea80000, 0x00000000e0400000)
  object space 227840K, 64% used [0x00000000a0c00000,0x00000000a9a867e0,0x00000000aea80000)
 Metaspace       used 18365K, capacity 18533K, committed 18816K, reserved 1067008K
  class space    used 1761K, capacity 1793K, committed 1920K, reserved 1048576K
Event: 11.633 GC heap after
Heap after GC invocations=24 (full 3):
 PSYoungGen      total 283648K, used 9684K [0x00000000e0400000, 0x00000000f4380000, 0x0000000100000000)
  eden space 243200K, 0% used [0x00000000e0400000,0x00000000e0400000,0x00000000ef180000)
  from space 40448K, 23% used [0x00000000ef180000,0x00000000efaf5020,0x00000000f1900000)
  to   space 38400K, 0% used [0x00000000f1e00000,0x00000000f1e00000,0x00000000f4380000)
 ParOldGen       total 227840K, used 145953K [0x00000000a0c00000, 0x00000000aea80000, 0x00000000e0400000)
  object space 227840K, 64% used [0x00000000a0c00000,0x00000000a9a887e0,0x00000000aea80000)
 Metaspace       used 18365K, capacity 18533K, committed 18816K, reserved 1067008K
  class space    used 1761K, capacity 1793K, committed 1920K, reserved 1048576K
}
Event: 12.529 GC heap before
{Heap before GC invocations=25 (full 3):
 PSYoungGen      total 283648K, used 252042K [0x00000000e0400000, 0x00000000f4380000, 0x0000000100000000)
  eden space 243200K, 99% used [0x00000000e0400000,0x00000000ef0ad910,0x00000000ef180000)
  from space 40448K, 23% used [0x00000000ef180000,0x00000000efaf5020,0x00000000f1900000)
  to   space 38400K, 0% used [0x00000000f1e00000,0x00000000f1e00000,0x00000000f4380000)
 ParOldGen       total 227840K, used 145953K [0x00000000a0c00000, 0x00000000aea80000, 0x00000000e0400000)
  object space 227840K, 64% used [0x00000000a0c00000,0x00000000a9a887e0,0x00000000aea80000)
 Metaspace       used 18377K, capacity 18597K, committed 18816K, reserved 1067008K
  class space    used 1761K, capacity 1793K, committed 1920K, reserved 1048576K
Event: 12.532 GC heap after
Heap after GC invocations=25 (full 3):
 PSYoungGen      total 283648K, used 9652K [0x00000000e0400000, 0x00000000f3f80000, 0x0000000100000000)
  eden space 249344K, 0% used [0x00000000e0400000,0x00000000e0400000,0x00000000ef780000)
  from space 34304K, 28% used [0x00000000f1e00000,0x00000000f276d020,0x00000000f3f80000)
  to   space 36864K, 0% used [0x00000000ef780000,0x00000000ef780000,0x00000000f1b80000)
 ParOldGen       total 227840K, used 145961K [0x00000000a0c00000, 0x00000000aea80000, 0x00000000e0400000)
  object space 227840K, 64% used [0x00000000a0c00000,0x00000000a9a8a7e0,0x00000000aea80000)
 Metaspace       used 18377K, capacity 18597K, committed 18816K, reserved 1067008K
  class space    used 1761K, capacity 1793K, committed 1920K, reserved 1048576K
}

