# JRE version: Java(TM) SE Runtime Environment (8.0_25-b18) (build 1.8.0_25-b18)
# Java VM: Java HotSpot(TM) 64-Bit Server VM (25.25-b02 mixed mode windows-amd64 compressed oops)
Heap:
 PSYoungGen      total 379392K, used 89276K [0x00000000e0400000, 0x00000000f9c80000, 0x0000000100000000)
  eden space 348672K, 25% used [0x00000000e0400000,0x00000000e5b07370,0x00000000f5880000)
  from space 30720K, 0% used [0x00000000f5880000,0x00000000f58a8000,0x00000000f7680000)
  to   space 30720K, 0% used [0x00000000f7e80000,0x00000000f7e80000,0x00000000f9c80000)
 ParOldGen       total 226816K, used 154981K [0x00000000a0c00000, 0x00000000ae980000, 0x00000000e0400000)
  object space 226816K, 68% used [0x00000000a0c00000,0x00000000aa3596b8,0x00000000ae980000)
 Metaspace       used 17860K, capacity 18057K, committed 18176K, reserved 1064960K
  class space    used 1718K, capacity 1761K, committed 1792K, reserved 1048576K
GC Heap History (10 events):
Event: 8.731 GC heap before
{Heap before GC invocations=28 (full 3):
 PSYoungGen      total 363008K, used 340916K [0x00000000e0400000, 0x00000000f8a00000, 0x0000000100000000)
  eden space 331776K, 100% used [0x00000000e0400000,0x00000000f4800000,0x00000000f4800000)
  from space 31232K, 29% used [0x00000000f6b80000,0x00000000f746d020,0x00000000f8a00000)
  to   space 33792K, 0% used [0x00000000f4800000,0x00000000f4800000,0x00000000f6900000)
 ParOldGen       total 226816K, used 145945K [0x00000000a0c00000, 0x00000000ae980000, 0x00000000e0400000)
  object space 226816K, 64% used [0x00000000a0c00000,0x00000000a9a86698,0x00000000ae980000)
 Metaspace       used 17726K, capacity 17929K, committed 18176K, reserved 1064960K
  class space    used 1705K, capacity 1761K, committed 1792K, reserved 1048576K
Event: 8.734 GC heap after
Heap after GC invocations=28 (full 3):
 PSYoungGen      total 365568K, used 9172K [0x00000000e0400000, 0x00000000f8f80000, 0x0000000100000000)
  eden space 331776K, 0% used [0x00000000e0400000,0x00000000e0400000,0x00000000f4800000)
  from space 33792K, 27% used [0x00000000f4800000,0x00000000f50f5020,0x00000000f6900000)
  to   space 32256K, 0% used [0x00000000f7000000,0x00000000f7000000,0x00000000f8f80000)
 ParOldGen       total 226816K, used 145953K [0x00000000a0c00000, 0x00000000ae980000, 0x00000000e0400000)
  object space 226816K, 64% used [0x00000000a0c00000,0x00000000a9a88698,0x00000000ae980000)
 Metaspace       used 17726K, capacity 17929K, committed 18176K, reserved 1064960K
  class space    used 1705K, capacity 1761K, committed 1792K, reserved 1048576K
}
Event: 9.177 GC heap before
{Heap before GC invocations=29 (full 3):
 PSYoungGen      total 365568K, used 340948K [0x00000000e0400000, 0x00000000f8f80000, 0x0000000100000000)
  eden space 331776K, 100% used [0x00000000e0400000,0x00000000f4800000,0x00000000f4800000)
  from space 33792K, 27% used [0x00000000f4800000,0x00000000f50f5020,0x00000000f6900000)
  to   space 32256K, 0% used [0x00000000f7000000,0x00000000f7000000,0x00000000f8f80000)
 ParOldGen       total 226816K, used 145953K [0x00000000a0c00000, 0x00000000ae980000, 0x00000000e0400000)
  object space 226816K, 64% used [0x00000000a0c00000,0x00000000a9a88698,0x00000000ae980000)
 Metaspace       used 17729K, capacity 17929K, committed 18176K, reserved 1064960K
  class space    used 1705K, capacity 1761K, committed 1792K, reserved 1048576K
Event: 9.182 GC heap after
Heap after GC invocations=29 (full 3):
 PSYoungGen      total 372736K, used 17208K [0x00000000e0400000, 0x00000000f8f80000, 0x0000000100000000)
  eden space 340480K, 0% used [0x00000000e0400000,0x00000000e0400000,0x00000000f5080000)
  from space 32256K, 53% used [0x00000000f7000000,0x00000000f80ce030,0x00000000f8f80000)
  to   space 32256K, 0% used [0x00000000f5080000,0x00000000f5080000,0x00000000f7000000)
 ParOldGen       total 226816K, used 146001K [0x00000000a0c00000, 0x00000000ae980000, 0x00000000e0400000)
  object space 226816K, 64% used [0x00000000a0c00000,0x00000000a9a94698,0x00000000ae980000)
 Metaspace       used 17729K, capacity 17929K, committed 18176K, reserved 1064960K
  class space    used 1705K, capacity 1761K, committed 1792K, reserved 1048576K
}
Event: 9.628 GC heap before
{Heap before GC invocations=30 (full 3):
 PSYoungGen      total 372736K, used 357688K [0x00000000e0400000, 0x00000000f8f80000, 0x0000000100000000)
  eden space 340480K, 100% used [0x00000000e0400000,0x00000000f5080000,0x00000000f5080000)
  from space 32256K, 53% used [0x00000000f7000000,0x00000000f80ce030,0x00000000f8f80000)
  to   space 32256K, 0% used [0x00000000f5080000,0x00000000f5080000,0x00000000f7000000)
 ParOldGen       total 226816K, used 146001K [0x00000000a0c00000, 0x00000000ae980000, 0x00000000e0400000)
  object space 226816K, 64% used [0x00000000a0c00000,0x00000000a9a94698,0x00000000ae980000)
 Metaspace       used 17730K, capacity 17929K, committed 18176K, reserved 1064960K
  class space    used 1705K, capacity 1761K, committed 1792K, reserved 1048576K
Event: 9.632 GC heap after
Heap after GC invocations=30 (full 3):
 PSYoungGen      total 372736K, used 9172K [0x00000000e0400000, 0x00000000f9480000, 0x0000000100000000)
  eden space 340480K, 0% used [0x00000000e0400000,0x00000000e0400000,0x00000000f5080000)
  from space 32256K, 28% used [0x00000000f5080000,0x00000000f5975020,0x00000000f7000000)
  to   space 30720K, 0% used [0x00000000f7680000,0x00000000f7680000,0x00000000f9480000)
 ParOldGen       total 226816K, used 146001K [0x00000000a0c00000, 0x00000000ae980000, 0x00000000e0400000)
  object space 226816K, 64% used [0x00000000a0c00000,0x00000000a9a94698,0x00000000ae980000)
 Metaspace       used 17730K, capacity 17929K, committed 18176K, reserved 1064960K
  class space    used 1705K, capacity 1761K, committed 1792K, reserved 1048576K
}
Event: 10.051 GC heap before
{Heap before GC invocations=31 (full 3):
 PSYoungGen      total 372736K, used 343697K [0x00000000e0400000, 0x00000000f9480000, 0x0000000100000000)
  eden space 340480K, 98% used [0x00000000e0400000,0x00000000f4aaf648,0x00000000f5080000)
  from space 32256K, 28% used [0x00000000f5080000,0x00000000f5975020,0x00000000f7000000)
  to   space 30720K, 0% used [0x00000000f7680000,0x00000000f7680000,0x00000000f9480000)
 ParOldGen       total 226816K, used 146001K [0x00000000a0c00000, 0x00000000ae980000, 0x00000000e0400000)
  object space 226816K, 64% used [0x00000000a0c00000,0x00000000a9a94698,0x00000000ae980000)
 Metaspace       used 17740K, capacity 17929K, committed 18176K, reserved 1064960K
  class space    used 1705K, capacity 1761K, committed 1792K, reserved 1048576K
Event: 10.060 GC heap after
Heap after GC invocations=31 (full 3):
 PSYoungGen      total 379392K, used 224K [0x00000000e0400000, 0x00000000f9600000, 0x0000000100000000)
  eden space 348672K, 0% used [0x00000000e0400000,0x00000000e0400000,0x00000000f5880000)
  from space 30720K, 0% used [0x00000000f7680000,0x00000000f76b8000,0x00000000f9480000)
  to   space 30720K, 0% used [0x00000000f5880000,0x00000000f5880000,0x00000000f7680000)
 ParOldGen       total 226816K, used 154973K [0x00000000a0c00000, 0x00000000ae980000, 0x00000000e0400000)
  object space 226816K, 68% used [0x00000000a0c00000,0x00000000aa3576b8,0x00000000ae980000)
 Metaspace       used 17740K, capacity 17929K, committed 18176K, reserved 1064960K
  class space    used 1705K, capacity 1761K, committed 1792K, reserved 1048576K
}
Event: 10.507 GC heap before
{Heap before GC invocations=32 (full 3):
 PSYoungGen      total 379392K, used 348694K [0x00000000e0400000, 0x00000000f9600000, 0x0000000100000000)
  eden space 348672K, 99% used [0x00000000e0400000,0x00000000f584da58,0x00000000f5880000)
  from space 30720K, 0% used [0x00000000f7680000,0x00000000f76b8000,0x00000000f9480000)
  to   space 30720K, 0% used [0x00000000f5880000,0x00000000f5880000,0x00000000f7680000)
 ParOldGen       total 226816K, used 154973K [0x00000000a0c00000, 0x00000000ae980000, 0x00000000e0400000)
  object space 226816K, 68% used [0x00000000a0c00000,0x00000000aa3576b8,0x00000000ae980000)
 Metaspace       used 17815K, capacity 17993K, committed 18176K, reserved 1064960K
  class space    used 1705K, capacity 1761K, committed 1792K, reserved 1048576K
Event: 10.508 GC heap after
Heap after GC invocations=32 (full 3):
 PSYoungGen      total 379392K, used 160K [0x00000000e0400000, 0x00000000f9c80000, 0x0000000100000000)
  eden space 348672K, 0% used [0x00000000e0400000,0x00000000e0400000,0x00000000f5880000)
  from space 30720K, 0% used [0x00000000f5880000,0x00000000f58a8000,0x00000000f7680000)
  to   space 30720K, 0% used [0x00000000f7e80000,0x00000000f7e80000,0x00000000f9c80000)
 ParOldGen       total 226816K, used 154981K [0x00000000a0c00000, 0x00000000ae980000, 0x00000000e0400000)
  object space 226816K, 68% used [0x00000000a0c00000,0x00000000aa3596b8,0x00000000ae980000)
 Metaspace       used 17815K, capacity 17993K, committed 18176K, reserved 1064960K
  class space    used 1705K, capacity 1761K, committed 1792K, reserved 1048576K
}

