# JRE version: Java(TM) SE Runtime Environment (8.0_25-b18) (build 1.8.0_25-b18)
# Java VM: Java HotSpot(TM) 64-Bit Server VM (25.25-b02 mixed mode windows-amd64 compressed oops)
Heap:
 PSYoungGen      total 278528K, used 154460K [0x00000000e0400000, 0x00000000f7c80000, 0x0000000100000000)
  eden space 215552K, 71% used [0x00000000e0400000,0x00000000e9aa73f8,0x00000000ed680000)
  from space 62976K, 0% used [0x00000000ed680000,0x00000000ed6b0000,0x00000000f1400000)
  to   space 61952K, 0% used [0x00000000f4000000,0x00000000f4000000,0x00000000f7c80000)
 ParOldGen       total 226816K, used 163183K [0x00000000a0c00000, 0x00000000ae980000, 0x00000000e0400000)
  object space 226816K, 71% used [0x00000000a0c00000,0x00000000aab5bd70,0x00000000ae980000)
 Metaspace       used 17607K, capacity 17853K, committed 17920K, reserved 1064960K
  class space    used 1718K, capacity 1761K, committed 1792K, reserved 1048576K
GC Heap History (10 events):
Event: 3.377 GC heap before
{Heap before GC invocations=12 (full 3):
 PSYoungGen      total 177152K, used 48107K [0x00000000e0400000, 0x00000000f2f00000, 0x0000000100000000)
  eden space 129024K, 0% used [0x00000000e0400000,0x00000000e0400000,0x00000000e8200000)
  from space 48128K, 99% used [0x00000000e8200000,0x00000000eb0fad98,0x00000000eb100000)
  to   space 66048K, 0% used [0x00000000eee80000,0x00000000eee80000,0x00000000f2f00000)
 ParOldGen       total 153600K, used 124789K [0x00000000a0c00000, 0x00000000aa200000, 0x00000000e0400000)
  object space 153600K, 81% used [0x00000000a0c00000,0x00000000a85dd448,0x00000000aa200000)
 Metaspace       used 17315K, capacity 17527K, committed 17664K, reserved 1064960K
  class space    used 1706K, capacity 1760K, committed 1792K, reserved 1048576K
Event: 3.482 GC heap after
Heap after GC invocations=12 (full 3):
 PSYoungGen      total 177152K, used 5098K [0x00000000e0400000, 0x00000000f2f00000, 0x0000000100000000)
  eden space 129024K, 0% used [0x00000000e0400000,0x00000000e0400000,0x00000000e8200000)
  from space 48128K, 10% used [0x00000000e8200000,0x00000000e86fa848,0x00000000eb100000)
  to   space 66048K, 0% used [0x00000000eee80000,0x00000000eee80000,0x00000000f2f00000)
 ParOldGen       total 226816K, used 149019K [0x00000000a0c00000, 0x00000000ae980000, 0x00000000e0400000)
  object space 226816K, 65% used [0x00000000a0c00000,0x00000000a9d86d40,0x00000000ae980000)
 Metaspace       used 17315K, capacity 17527K, committed 17664K, reserved 1064960K
  class space    used 1706K, capacity 1760K, committed 1792K, reserved 1048576K
}
Event: 3.751 GC heap before
{Heap before GC invocations=13 (full 3):
 PSYoungGen      total 177152K, used 133934K [0x00000000e0400000, 0x00000000f2f00000, 0x0000000100000000)
  eden space 129024K, 99% used [0x00000000e0400000,0x00000000e81d1318,0x00000000e8200000)
  from space 48128K, 10% used [0x00000000e8200000,0x00000000e86fa848,0x00000000eb100000)
  to   space 66048K, 0% used [0x00000000eee80000,0x00000000eee80000,0x00000000f2f00000)
 ParOldGen       total 226816K, used 149019K [0x00000000a0c00000, 0x00000000ae980000, 0x00000000e0400000)
  object space 226816K, 65% used [0x00000000a0c00000,0x00000000a9d86d40,0x00000000ae980000)
 Metaspace       used 17402K, capacity 17661K, committed 17920K, reserved 1064960K
  class space    used 1706K, capacity 1761K, committed 1792K, reserved 1048576K
Event: 3.761 GC heap after
Heap after GC invocations=13 (full 3):
 PSYoungGen      total 232960K, used 13972K [0x00000000e0400000, 0x00000000f2a00000, 0x0000000100000000)
  eden space 172032K, 0% used [0x00000000e0400000,0x00000000e0400000,0x00000000eac00000)
  from space 60928K, 22% used [0x00000000eee80000,0x00000000efc25030,0x00000000f2a00000)
  to   space 64512K, 0% used [0x00000000eac00000,0x00000000eac00000,0x00000000eeb00000)
 ParOldGen       total 226816K, used 149299K [0x00000000a0c00000, 0x00000000ae980000, 0x00000000e0400000)
  object space 226816K, 65% used [0x00000000a0c00000,0x00000000a9dccd40,0x00000000ae980000)
 Metaspace       used 17402K, capacity 17661K, committed 17920K, reserved 1064960K
  class space    used 1706K, capacity 1761K, committed 1792K, reserved 1048576K
}
Event: 4.345 GC heap before
{Heap before GC invocations=14 (full 3):
 PSYoungGen      total 232960K, used 178710K [0x00000000e0400000, 0x00000000f2a00000, 0x0000000100000000)
  eden space 172032K, 95% used [0x00000000e0400000,0x00000000ea4e0b88,0x00000000eac00000)
  from space 60928K, 22% used [0x00000000eee80000,0x00000000efc25030,0x00000000f2a00000)
  to   space 64512K, 0% used [0x00000000eac00000,0x00000000eac00000,0x00000000eeb00000)
 ParOldGen       total 226816K, used 149299K [0x00000000a0c00000, 0x00000000ae980000, 0x00000000e0400000)
  object space 226816K, 65% used [0x00000000a0c00000,0x00000000a9dccd40,0x00000000ae980000)
 Metaspace       used 17470K, capacity 17725K, committed 17920K, reserved 1064960K
  class space    used 1706K, capacity 1761K, committed 1792K, reserved 1048576K
Event: 4.351 GC heap after
Heap after GC invocations=14 (full 3):
 PSYoungGen      total 236544K, used 128K [0x00000000e0400000, 0x00000000f5b80000, 0x0000000100000000)
  eden space 172032K, 0% used [0x00000000e0400000,0x00000000e0400000,0x00000000eac00000)
  from space 64512K, 0% used [0x00000000eac00000,0x00000000eac20000,0x00000000eeb00000)
  to   space 64512K, 0% used [0x00000000f1c80000,0x00000000f1c80000,0x00000000f5b80000)
 ParOldGen       total 226816K, used 163151K [0x00000000a0c00000, 0x00000000ae980000, 0x00000000e0400000)
  object space 226816K, 71% used [0x00000000a0c00000,0x00000000aab53d70,0x00000000ae980000)
 Metaspace       used 17470K, capacity 17725K, committed 17920K, reserved 1064960K
  class space    used 1706K, capacity 1761K, committed 1792K, reserved 1048576K
}
Event: 4.949 GC heap before
{Heap before GC invocations=15 (full 3):
 PSYoungGen      total 236544K, used 171714K [0x00000000e0400000, 0x00000000f5b80000, 0x0000000100000000)
  eden space 172032K, 99% used [0x00000000e0400000,0x00000000eab908e0,0x00000000eac00000)
  from space 64512K, 0% used [0x00000000eac00000,0x00000000eac20000,0x00000000eeb00000)
  to   space 64512K, 0% used [0x00000000f1c80000,0x00000000f1c80000,0x00000000f5b80000)
 ParOldGen       total 226816K, used 163151K [0x00000000a0c00000, 0x00000000ae980000, 0x00000000e0400000)
  object space 226816K, 71% used [0x00000000a0c00000,0x00000000aab53d70,0x00000000ae980000)
 Metaspace       used 17536K, capacity 17725K, committed 17920K, reserved 1064960K
  class space    used 1706K, capacity 1761K, committed 1792K, reserved 1048576K
Event: 4.953 GC heap after
Heap after GC invocations=15 (full 3):
 PSYoungGen      total 269824K, used 8228K [0x00000000e0400000, 0x00000000f5180000, 0x0000000100000000)
  eden space 215552K, 0% used [0x00000000e0400000,0x00000000e0400000,0x00000000ed680000)
  from space 54272K, 15% used [0x00000000f1c80000,0x00000000f2489010,0x00000000f5180000)
  to   space 62976K, 0% used [0x00000000ed680000,0x00000000ed680000,0x00000000f1400000)
 ParOldGen       total 226816K, used 163175K [0x00000000a0c00000, 0x00000000ae980000, 0x00000000e0400000)
  object space 226816K, 71% used [0x00000000a0c00000,0x00000000aab59d70,0x00000000ae980000)
 Metaspace       used 17536K, capacity 17725K, committed 17920K, reserved 1064960K
  class space    used 1706K, capacity 1761K, committed 1792K, reserved 1048576K
}
Event: 5.748 GC heap before
{Heap before GC invocations=16 (full 3):
 PSYoungGen      total 269824K, used 217177K [0x00000000e0400000, 0x00000000f5180000, 0x0000000100000000)
  eden space 215552K, 96% used [0x00000000e0400000,0x00000000ed00d7d0,0x00000000ed680000)
  from space 54272K, 15% used [0x00000000f1c80000,0x00000000f2489010,0x00000000f5180000)
  to   space 62976K, 0% used [0x00000000ed680000,0x00000000ed680000,0x00000000f1400000)
 ParOldGen       total 226816K, used 163175K [0x00000000a0c00000, 0x00000000ae980000, 0x00000000e0400000)
  object space 226816K, 71% used [0x00000000a0c00000,0x00000000aab59d70,0x00000000ae980000)
 Metaspace       used 17570K, capacity 17789K, committed 17920K, reserved 1064960K
  class space    used 1706K, capacity 1761K, committed 1792K, reserved 1048576K
Event: 5.750 GC heap after
Heap after GC invocations=16 (full 3):
 PSYoungGen      total 278528K, used 192K [0x00000000e0400000, 0x00000000f7c80000, 0x0000000100000000)
  eden space 215552K, 0% used [0x00000000e0400000,0x00000000e0400000,0x00000000ed680000)
  from space 62976K, 0% used [0x00000000ed680000,0x00000000ed6b0000,0x00000000f1400000)
  to   space 61952K, 0% used [0x00000000f4000000,0x00000000f4000000,0x00000000f7c80000)
 ParOldGen       total 226816K, used 163183K [0x00000000a0c00000, 0x00000000ae980000, 0x00000000e0400000)
  object space 226816K, 71% used [0x00000000a0c00000,0x00000000aab5bd70,0x00000000ae980000)
 Metaspace       used 17570K, capacity 17789K, committed 17920K, reserved 1064960K
  class space    used 1706K, capacity 1761K, committed 1792K, reserved 1048576K
}

