# JRE version: Java(TM) SE Runtime Environment (8.0_25-b18) (build 1.8.0_25-b18)
# Java VM: Java HotSpot(TM) 64-Bit Server VM (25.25-b02 mixed mode windows-amd64 compressed oops)
Heap:
 PSYoungGen      total 418816K, used 190815K [0x00000000e0400000, 0x00000000fa000000, 0x0000000100000000)
  eden space 415744K, 45% used [0x00000000e0400000,0x00000000ebe2fc88,0x00000000f9a00000)
  from space 3072K, 5% used [0x00000000f9d00000,0x00000000f9d28000,0x00000000fa000000)
  to   space 3072K, 0% used [0x00000000f9a00000,0x00000000f9a00000,0x00000000f9d00000)
 ParOldGen       total 223232K, used 163644K [0x00000000a0c00000, 0x00000000ae600000, 0x00000000e0400000)
  object space 223232K, 73% used [0x00000000a0c00000,0x00000000aabcf1e0,0x00000000ae600000)
 Metaspace       used 18013K, capacity 18217K, committed 18560K, reserved 1067008K
  class space    used 1735K, capacity 1793K, committed 1920K, reserved 1048576K
GC Heap History (10 events):
Event: 27.571 GC heap before
{Heap before GC invocations=61 (full 3):
 PSYoungGen      total 412672K, used 408192K [0x00000000e0400000, 0x00000000f9c80000, 0x0000000100000000)
  eden space 408064K, 100% used [0x00000000e0400000,0x00000000f9280000,0x00000000f9280000)
  from space 4608K, 2% used [0x00000000f9280000,0x00000000f92a0000,0x00000000f9700000)
  to   space 4096K, 0% used [0x00000000f9880000,0x00000000f9880000,0x00000000f9c80000)
 ParOldGen       total 223232K, used 155528K [0x00000000a0c00000, 0x00000000ae600000, 0x00000000e0400000)
  object space 223232K, 69% used [0x00000000a0c00000,0x00000000aa3e21d0,0x00000000ae600000)
 Metaspace       used 17977K, capacity 18217K, committed 18560K, reserved 1067008K
  class space    used 1724K, capacity 1793K, committed 1920K, reserved 1048576K
Event: 27.572 GC heap after
Heap after GC invocations=61 (full 3):
 PSYoungGen      total 414208K, used 160K [0x00000000e0400000, 0x00000000f9c80000, 0x0000000100000000)
  eden space 410112K, 0% used [0x00000000e0400000,0x00000000e0400000,0x00000000f9480000)
  from space 4096K, 3% used [0x00000000f9880000,0x00000000f98a8000,0x00000000f9c80000)
  to   space 4096K, 0% used [0x00000000f9480000,0x00000000f9480000,0x00000000f9880000)
 ParOldGen       total 223232K, used 155528K [0x00000000a0c00000, 0x00000000ae600000, 0x00000000e0400000)
  object space 223232K, 69% used [0x00000000a0c00000,0x00000000aa3e21d0,0x00000000ae600000)
 Metaspace       used 17977K, capacity 18217K, committed 18560K, reserved 1067008K
  class space    used 1724K, capacity 1793K, committed 1920K, reserved 1048576K
}
Event: 28.109 GC heap before
{Heap before GC invocations=62 (full 3):
 PSYoungGen      total 414208K, used 409632K [0x00000000e0400000, 0x00000000f9c80000, 0x0000000100000000)
  eden space 410112K, 99% used [0x00000000e0400000,0x00000000f93e03a0,0x00000000f9480000)
  from space 4096K, 3% used [0x00000000f9880000,0x00000000f98a8000,0x00000000f9c80000)
  to   space 4096K, 0% used [0x00000000f9480000,0x00000000f9480000,0x00000000f9880000)
 ParOldGen       total 223232K, used 155528K [0x00000000a0c00000, 0x00000000ae600000, 0x00000000e0400000)
  object space 223232K, 69% used [0x00000000a0c00000,0x00000000aa3e21d0,0x00000000ae600000)
 Metaspace       used 17977K, capacity 18217K, committed 18560K, reserved 1067008K
  class space    used 1724K, capacity 1793K, committed 1920K, reserved 1048576K
Event: 28.113 GC heap after
Heap after GC invocations=62 (full 3):
 PSYoungGen      total 414208K, used 128K [0x00000000e0400000, 0x00000000f9e80000, 0x0000000100000000)
  eden space 410112K, 0% used [0x00000000e0400000,0x00000000e0400000,0x00000000f9480000)
  from space 4096K, 3% used [0x00000000f9480000,0x00000000f94a0000,0x00000000f9880000)
  to   space 3584K, 0% used [0x00000000f9b00000,0x00000000f9b00000,0x00000000f9e80000)
 ParOldGen       total 223232K, used 163628K [0x00000000a0c00000, 0x00000000ae600000, 0x00000000e0400000)
  object space 223232K, 73% used [0x00000000a0c00000,0x00000000aabcb1e0,0x00000000ae600000)
 Metaspace       used 17977K, capacity 18217K, committed 18560K, reserved 1067008K
  class space    used 1724K, capacity 1793K, committed 1920K, reserved 1048576K
}
Event: 28.692 GC heap before
{Heap before GC invocations=63 (full 3):
 PSYoungGen      total 414208K, used 410240K [0x00000000e0400000, 0x00000000f9e80000, 0x0000000100000000)
  eden space 410112K, 100% used [0x00000000e0400000,0x00000000f9480000,0x00000000f9480000)
  from space 4096K, 3% used [0x00000000f9480000,0x00000000f94a0000,0x00000000f9880000)
  to   space 3584K, 0% used [0x00000000f9b00000,0x00000000f9b00000,0x00000000f9e80000)
 ParOldGen       total 223232K, used 163628K [0x00000000a0c00000, 0x00000000ae600000, 0x00000000e0400000)
  object space 223232K, 73% used [0x00000000a0c00000,0x00000000aabcb1e0,0x00000000ae600000)
 Metaspace       used 17977K, capacity 18217K, committed 18560K, reserved 1067008K
  class space    used 1724K, capacity 1793K, committed 1920K, reserved 1048576K
Event: 28.694 GC heap after
Heap after GC invocations=63 (full 3):
 PSYoungGen      total 416768K, used 160K [0x00000000e0400000, 0x00000000f9e80000, 0x0000000100000000)
  eden space 413184K, 0% used [0x00000000e0400000,0x00000000e0400000,0x00000000f9780000)
  from space 3584K, 4% used [0x00000000f9b00000,0x00000000f9b28000,0x00000000f9e80000)
  to   space 3584K, 0% used [0x00000000f9780000,0x00000000f9780000,0x00000000f9b00000)
 ParOldGen       total 223232K, used 163628K [0x00000000a0c00000, 0x00000000ae600000, 0x00000000e0400000)
  object space 223232K, 73% used [0x00000000a0c00000,0x00000000aabcb1e0,0x00000000ae600000)
 Metaspace       used 17977K, capacity 18217K, committed 18560K, reserved 1067008K
  class space    used 1724K, capacity 1793K, committed 1920K, reserved 1048576K
}
Event: 29.265 GC heap before
{Heap before GC invocations=64 (full 3):
 PSYoungGen      total 416768K, used 413344K [0x00000000e0400000, 0x00000000f9e80000, 0x0000000100000000)
  eden space 413184K, 100% used [0x00000000e0400000,0x00000000f9780000,0x00000000f9780000)
  from space 3584K, 4% used [0x00000000f9b00000,0x00000000f9b28000,0x00000000f9e80000)
  to   space 3584K, 0% used [0x00000000f9780000,0x00000000f9780000,0x00000000f9b00000)
 ParOldGen       total 223232K, used 163628K [0x00000000a0c00000, 0x00000000ae600000, 0x00000000e0400000)
  object space 223232K, 73% used [0x00000000a0c00000,0x00000000aabcb1e0,0x00000000ae600000)
 Metaspace       used 17977K, capacity 18217K, committed 18560K, reserved 1067008K
  class space    used 1724K, capacity 1793K, committed 1920K, reserved 1048576K
Event: 29.267 GC heap after
Heap after GC invocations=64 (full 3):
 PSYoungGen      total 416768K, used 128K [0x00000000e0400000, 0x00000000fa000000, 0x0000000100000000)
  eden space 413184K, 0% used [0x00000000e0400000,0x00000000e0400000,0x00000000f9780000)
  from space 3584K, 3% used [0x00000000f9780000,0x00000000f97a0000,0x00000000f9b00000)
  to   space 3072K, 0% used [0x00000000f9d00000,0x00000000f9d00000,0x00000000fa000000)
 ParOldGen       total 223232K, used 163644K [0x00000000a0c00000, 0x00000000ae600000, 0x00000000e0400000)
  object space 223232K, 73% used [0x00000000a0c00000,0x00000000aabcf1e0,0x00000000ae600000)
 Metaspace       used 17977K, capacity 18217K, committed 18560K, reserved 1067008K
  class space    used 1724K, capacity 1793K, committed 1920K, reserved 1048576K
}
Event: 29.812 GC heap before
{Heap before GC invocations=65 (full 3):
 PSYoungGen      total 416768K, used 413312K [0x00000000e0400000, 0x00000000fa000000, 0x0000000100000000)
  eden space 413184K, 100% used [0x00000000e0400000,0x00000000f9780000,0x00000000f9780000)
  from space 3584K, 3% used [0x00000000f9780000,0x00000000f97a0000,0x00000000f9b00000)
  to   space 3072K, 0% used [0x00000000f9d00000,0x00000000f9d00000,0x00000000fa000000)
 ParOldGen       total 223232K, used 163644K [0x00000000a0c00000, 0x00000000ae600000, 0x00000000e0400000)
  object space 223232K, 73% used [0x00000000a0c00000,0x00000000aabcf1e0,0x00000000ae600000)
 Metaspace       used 17977K, capacity 18217K, committed 18560K, reserved 1067008K
  class space    used 1724K, capacity 1793K, committed 1920K, reserved 1048576K
Event: 29.813 GC heap after
Heap after GC invocations=65 (full 3):
 PSYoungGen      total 418816K, used 160K [0x00000000e0400000, 0x00000000fa000000, 0x0000000100000000)
  eden space 415744K, 0% used [0x00000000e0400000,0x00000000e0400000,0x00000000f9a00000)
  from space 3072K, 5% used [0x00000000f9d00000,0x00000000f9d28000,0x00000000fa000000)
  to   space 3072K, 0% used [0x00000000f9a00000,0x00000000f9a00000,0x00000000f9d00000)
 ParOldGen       total 223232K, used 163644K [0x00000000a0c00000, 0x00000000ae600000, 0x00000000e0400000)
  object space 223232K, 73% used [0x00000000a0c00000,0x00000000aabcf1e0,0x00000000ae600000)
 Metaspace       used 17977K, capacity 18217K, committed 18560K, reserved 1067008K
  class space    used 1724K, capacity 1793K, committed 1920K, reserved 1048576K
}

