# JRE version: Java(TM) SE Runtime Environment (8.0_25-b18) (build 1.8.0_25-b18)
# Java VM: Java HotSpot(TM) 64-Bit Server VM (25.25-b02 mixed mode windows-amd64 compressed oops)
Heap:
 PSYoungGen      total 519680K, used 427856K [0x00000000e0400000, 0x0000000100000000, 0x0000000100000000)
  eden space 519168K, 82% used [0x00000000e0400000,0x00000000fa5ac0e8,0x00000000fff00000)
  from space 512K, 31% used [0x00000000fff00000,0x00000000fff28000,0x00000000fff80000)
  to   space 512K, 0% used [0x00000000fff80000,0x00000000fff80000,0x0000000100000000)
 ParOldGen       total 256512K, used 171401K [0x00000000a0c00000, 0x00000000b0680000, 0x00000000e0400000)
  object space 256512K, 66% used [0x00000000a0c00000,0x00000000ab3625b0,0x00000000b0680000)
 Metaspace       used 18218K, capacity 18411K, committed 18560K, reserved 1067008K
  class space    used 1731K, capacity 1794K, committed 1920K, reserved 1048576K
GC Heap History (10 events):
Event: 125.008 GC heap before
{Heap before GC invocations=214 (full 5):
 PSYoungGen      total 519680K, used 519328K [0x00000000e0400000, 0x0000000100000000, 0x0000000100000000)
  eden space 519168K, 100% used [0x00000000e0400000,0x00000000fff00000,0x00000000fff00000)
  from space 512K, 31% used [0x00000000fff80000,0x00000000fffa8000,0x0000000100000000)
  to   space 512K, 0% used [0x00000000fff00000,0x00000000fff00000,0x00000000fff80000)
 ParOldGen       total 256512K, used 171401K [0x00000000a0c00000, 0x00000000b0680000, 0x00000000e0400000)
  object space 256512K, 66% used [0x00000000a0c00000,0x00000000ab3625b0,0x00000000b0680000)
 Metaspace       used 18211K, capacity 18405K, committed 18560K, reserved 1067008K
  class space    used 1730K, capacity 1793K, committed 1920K, reserved 1048576K
Event: 125.010 GC heap after
Heap after GC invocations=214 (full 5):
 PSYoungGen      total 519680K, used 160K [0x00000000e0400000, 0x0000000100000000, 0x0000000100000000)
  eden space 519168K, 0% used [0x00000000e0400000,0x00000000e0400000,0x00000000fff00000)
  from space 512K, 31% used [0x00000000fff00000,0x00000000fff28000,0x00000000fff80000)
  to   space 512K, 0% used [0x00000000fff80000,0x00000000fff80000,0x0000000100000000)
 ParOldGen       total 256512K, used 171401K [0x00000000a0c00000, 0x00000000b0680000, 0x00000000e0400000)
  object space 256512K, 66% used [0x00000000a0c00000,0x00000000ab3625b0,0x00000000b0680000)
 Metaspace       used 18211K, capacity 18405K, committed 18560K, reserved 1067008K
  class space    used 1730K, capacity 1793K, committed 1920K, reserved 1048576K
}
Event: 125.637 GC heap before
{Heap before GC invocations=215 (full 5):
 PSYoungGen      total 519680K, used 519328K [0x00000000e0400000, 0x0000000100000000, 0x0000000100000000)
  eden space 519168K, 100% used [0x00000000e0400000,0x00000000fff00000,0x00000000fff00000)
  from space 512K, 31% used [0x00000000fff00000,0x00000000fff28000,0x00000000fff80000)
  to   space 512K, 0% used [0x00000000fff80000,0x00000000fff80000,0x0000000100000000)
 ParOldGen       total 256512K, used 171401K [0x00000000a0c00000, 0x00000000b0680000, 0x00000000e0400000)
  object space 256512K, 66% used [0x00000000a0c00000,0x00000000ab3625b0,0x00000000b0680000)
 Metaspace       used 18211K, capacity 18405K, committed 18560K, reserved 1067008K
  class space    used 1730K, capacity 1793K, committed 1920K, reserved 1048576K
Event: 125.638 GC heap after
Heap after GC invocations=215 (full 5):
 PSYoungGen      total 519680K, used 160K [0x00000000e0400000, 0x0000000100000000, 0x0000000100000000)
  eden space 519168K, 0% used [0x00000000e0400000,0x00000000e0400000,0x00000000fff00000)
  from space 512K, 31% used [0x00000000fff80000,0x00000000fffa8000,0x0000000100000000)
  to   space 512K, 0% used [0x00000000fff00000,0x00000000fff00000,0x00000000fff80000)
 ParOldGen       total 256512K, used 171401K [0x00000000a0c00000, 0x00000000b0680000, 0x00000000e0400000)
  object space 256512K, 66% used [0x00000000a0c00000,0x00000000ab3625b0,0x00000000b0680000)
 Metaspace       used 18211K, capacity 18405K, committed 18560K, reserved 1067008K
  class space    used 1730K, capacity 1793K, committed 1920K, reserved 1048576K
}
Event: 126.258 GC heap before
{Heap before GC invocations=216 (full 5):
 PSYoungGen      total 519680K, used 519328K [0x00000000e0400000, 0x0000000100000000, 0x0000000100000000)
  eden space 519168K, 100% used [0x00000000e0400000,0x00000000fff00000,0x00000000fff00000)
  from space 512K, 31% used [0x00000000fff80000,0x00000000fffa8000,0x0000000100000000)
  to   space 512K, 0% used [0x00000000fff00000,0x00000000fff00000,0x00000000fff80000)
 ParOldGen       total 256512K, used 171401K [0x00000000a0c00000, 0x00000000b0680000, 0x00000000e0400000)
  object space 256512K, 66% used [0x00000000a0c00000,0x00000000ab3625b0,0x00000000b0680000)
 Metaspace       used 18211K, capacity 18405K, committed 18560K, reserved 1067008K
  class space    used 1730K, capacity 1793K, committed 1920K, reserved 1048576K
Event: 126.259 GC heap after
Heap after GC invocations=216 (full 5):
 PSYoungGen      total 519680K, used 192K [0x00000000e0400000, 0x0000000100000000, 0x0000000100000000)
  eden space 519168K, 0% used [0x00000000e0400000,0x00000000e0400000,0x00000000fff00000)
  from space 512K, 37% used [0x00000000fff00000,0x00000000fff30000,0x00000000fff80000)
  to   space 512K, 0% used [0x00000000fff80000,0x00000000fff80000,0x0000000100000000)
 ParOldGen       total 256512K, used 171401K [0x00000000a0c00000, 0x00000000b0680000, 0x00000000e0400000)
  object space 256512K, 66% used [0x00000000a0c00000,0x00000000ab3625b0,0x00000000b0680000)
 Metaspace       used 18211K, capacity 18405K, committed 18560K, reserved 1067008K
  class space    used 1730K, capacity 1793K, committed 1920K, reserved 1048576K
}
Event: 126.883 GC heap before
{Heap before GC invocations=217 (full 5):
 PSYoungGen      total 519680K, used 519360K [0x00000000e0400000, 0x0000000100000000, 0x0000000100000000)
  eden space 519168K, 100% used [0x00000000e0400000,0x00000000fff00000,0x00000000fff00000)
  from space 512K, 37% used [0x00000000fff00000,0x00000000fff30000,0x00000000fff80000)
  to   space 512K, 0% used [0x00000000fff80000,0x00000000fff80000,0x0000000100000000)
 ParOldGen       total 256512K, used 171401K [0x00000000a0c00000, 0x00000000b0680000, 0x00000000e0400000)
  object space 256512K, 66% used [0x00000000a0c00000,0x00000000ab3625b0,0x00000000b0680000)
 Metaspace       used 18211K, capacity 18405K, committed 18560K, reserved 1067008K
  class space    used 1730K, capacity 1793K, committed 1920K, reserved 1048576K
Event: 126.884 GC heap after
Heap after GC invocations=217 (full 5):
 PSYoungGen      total 519680K, used 160K [0x00000000e0400000, 0x0000000100000000, 0x0000000100000000)
  eden space 519168K, 0% used [0x00000000e0400000,0x00000000e0400000,0x00000000fff00000)
  from space 512K, 31% used [0x00000000fff80000,0x00000000fffa8000,0x0000000100000000)
  to   space 512K, 0% used [0x00000000fff00000,0x00000000fff00000,0x00000000fff80000)
 ParOldGen       total 256512K, used 171401K [0x00000000a0c00000, 0x00000000b0680000, 0x00000000e0400000)
  object space 256512K, 66% used [0x00000000a0c00000,0x00000000ab3625b0,0x00000000b0680000)
 Metaspace       used 18211K, capacity 18405K, committed 18560K, reserved 1067008K
  class space    used 1730K, capacity 1793K, committed 1920K, reserved 1048576K
}
Event: 127.516 GC heap before
{Heap before GC invocations=218 (full 5):
 PSYoungGen      total 519680K, used 519328K [0x00000000e0400000, 0x0000000100000000, 0x0000000100000000)
  eden space 519168K, 100% used [0x00000000e0400000,0x00000000fff00000,0x00000000fff00000)
  from space 512K, 31% used [0x00000000fff80000,0x00000000fffa8000,0x0000000100000000)
  to   space 512K, 0% used [0x00000000fff00000,0x00000000fff00000,0x00000000fff80000)
 ParOldGen       total 256512K, used 171401K [0x00000000a0c00000, 0x00000000b0680000, 0x00000000e0400000)
  object space 256512K, 66% used [0x00000000a0c00000,0x00000000ab3625b0,0x00000000b0680000)
 Metaspace       used 18211K, capacity 18405K, committed 18560K, reserved 1067008K
  class space    used 1730K, capacity 1793K, committed 1920K, reserved 1048576K
Event: 127.517 GC heap after
Heap after GC invocations=218 (full 5):
 PSYoungGen      total 519680K, used 160K [0x00000000e0400000, 0x0000000100000000, 0x0000000100000000)
  eden space 519168K, 0% used [0x00000000e0400000,0x00000000e0400000,0x00000000fff00000)
  from space 512K, 31% used [0x00000000fff00000,0x00000000fff28000,0x00000000fff80000)
  to   space 512K, 0% used [0x00000000fff80000,0x00000000fff80000,0x0000000100000000)
 ParOldGen       total 256512K, used 171401K [0x00000000a0c00000, 0x00000000b0680000, 0x00000000e0400000)
  object space 256512K, 66% used [0x00000000a0c00000,0x00000000ab3625b0,0x00000000b0680000)
 Metaspace       used 18211K, capacity 18405K, committed 18560K, reserved 1067008K
  class space    used 1730K, capacity 1793K, committed 1920K, reserved 1048576K
}

