# JRE version: Java(TM) SE Runtime Environment (8.0_25-b18) (build 1.8.0_25-b18)
# Java VM: Java HotSpot(TM) 64-Bit Server VM (25.25-b02 mixed mode windows-amd64 compressed oops)
Heap:
 PSYoungGen      total 456192K, used 217477K [0x00000000e0400000, 0x00000000ffd00000, 0x0000000100000000)
  eden space 400896K, 54% used [0x00000000e0400000,0x00000000ed831738,0x00000000f8b80000)
  from space 55296K, 0% used [0x00000000f8b80000,0x00000000f8bb0000,0x00000000fc180000)
  to   space 52736K, 0% used [0x00000000fc980000,0x00000000fc980000,0x00000000ffd00000)
 ParOldGen       total 235008K, used 155222K [0x00000000a0c00000, 0x00000000af180000, 0x00000000e0400000)
  object space 235008K, 66% used [0x00000000a0c00000,0x00000000aa395948,0x00000000af180000)
 Metaspace       used 17852K, capacity 18057K, committed 18176K, reserved 1064960K
  class space    used 1717K, capacity 1761K, committed 1792K, reserved 1048576K
GC Heap History (10 events):
Event: 7.226 GC heap before
{Heap before GC invocations=19 (full 2):
 PSYoungGen      total 446976K, used 382879K [0x00000000e0400000, 0x00000000ffa80000, 0x0000000100000000)
  eden space 383488K, 99% used [0x00000000e0400000,0x00000000f79c7f28,0x00000000f7a80000)
  from space 63488K, 0% used [0x00000000fbc80000,0x00000000fbca0000,0x00000000ffa80000)
  to   space 65536K, 0% used [0x00000000f7a80000,0x00000000f7a80000,0x00000000fba80000)
 ParOldGen       total 235008K, used 155206K [0x00000000a0c00000, 0x00000000af180000, 0x00000000e0400000)
  object space 235008K, 66% used [0x00000000a0c00000,0x00000000aa391948,0x00000000af180000)
 Metaspace       used 17682K, capacity 17921K, committed 18176K, reserved 1064960K
  class space    used 1706K, capacity 1761K, committed 1792K, reserved 1048576K
Event: 7.227 GC heap after
Heap after GC invocations=19 (full 2):
 PSYoungGen      total 449024K, used 160K [0x00000000e0400000, 0x00000000ffd00000, 0x0000000100000000)
  eden space 383488K, 0% used [0x00000000e0400000,0x00000000e0400000,0x00000000f7a80000)
  from space 65536K, 0% used [0x00000000f7a80000,0x00000000f7aa8000,0x00000000fba80000)
  to   space 62976K, 0% used [0x00000000fbf80000,0x00000000fbf80000,0x00000000ffd00000)
 ParOldGen       total 235008K, used 155214K [0x00000000a0c00000, 0x00000000af180000, 0x00000000e0400000)
  object space 235008K, 66% used [0x00000000a0c00000,0x00000000aa393948,0x00000000af180000)
 Metaspace       used 17682K, capacity 17921K, committed 18176K, reserved 1064960K
  class space    used 1706K, capacity 1761K, committed 1792K, reserved 1048576K
}
Event: 7.680 GC heap before
{Heap before GC invocations=20 (full 2):
 PSYoungGen      total 449024K, used 383648K [0x00000000e0400000, 0x00000000ffd00000, 0x0000000100000000)
  eden space 383488K, 100% used [0x00000000e0400000,0x00000000f7a80000,0x00000000f7a80000)
  from space 65536K, 0% used [0x00000000f7a80000,0x00000000f7aa8000,0x00000000fba80000)
  to   space 62976K, 0% used [0x00000000fbf80000,0x00000000fbf80000,0x00000000ffd00000)
 ParOldGen       total 235008K, used 155214K [0x00000000a0c00000, 0x00000000af180000, 0x00000000e0400000)
  object space 235008K, 66% used [0x00000000a0c00000,0x00000000aa393948,0x00000000af180000)
 Metaspace       used 17700K, capacity 17929K, committed 18176K, reserved 1064960K
  class space    used 1706K, capacity 1761K, committed 1792K, reserved 1048576K
Event: 7.681 GC heap after
Heap after GC invocations=20 (full 2):
 PSYoungGen      total 451072K, used 192K [0x00000000e0400000, 0x00000000ff980000, 0x0000000100000000)
  eden space 391680K, 0% used [0x00000000e0400000,0x00000000e0400000,0x00000000f8280000)
  from space 59392K, 0% used [0x00000000fbf80000,0x00000000fbfb0000,0x00000000ff980000)
  to   space 60928K, 0% used [0x00000000f8280000,0x00000000f8280000,0x00000000fbe00000)
 ParOldGen       total 235008K, used 155214K [0x00000000a0c00000, 0x00000000af180000, 0x00000000e0400000)
  object space 235008K, 66% used [0x00000000a0c00000,0x00000000aa393948,0x00000000af180000)
 Metaspace       used 17700K, capacity 17929K, committed 18176K, reserved 1064960K
  class space    used 1706K, capacity 1761K, committed 1792K, reserved 1048576K
}
Event: 8.159 GC heap before
{Heap before GC invocations=21 (full 2):
 PSYoungGen      total 451072K, used 390808K [0x00000000e0400000, 0x00000000ff980000, 0x0000000100000000)
  eden space 391680K, 99% used [0x00000000e0400000,0x00000000f81762c8,0x00000000f8280000)
  from space 59392K, 0% used [0x00000000fbf80000,0x00000000fbfb0000,0x00000000ff980000)
  to   space 60928K, 0% used [0x00000000f8280000,0x00000000f8280000,0x00000000fbe00000)
 ParOldGen       total 235008K, used 155214K [0x00000000a0c00000, 0x00000000af180000, 0x00000000e0400000)
  object space 235008K, 66% used [0x00000000a0c00000,0x00000000aa393948,0x00000000af180000)
 Metaspace       used 17784K, capacity 17993K, committed 18176K, reserved 1064960K
  class space    used 1706K, capacity 1761K, committed 1792K, reserved 1048576K
Event: 8.161 GC heap after
Heap after GC invocations=21 (full 2):
 PSYoungGen      total 452608K, used 160K [0x00000000e0400000, 0x00000000ffc80000, 0x0000000100000000)
  eden space 391680K, 0% used [0x00000000e0400000,0x00000000e0400000,0x00000000f8280000)
  from space 60928K, 0% used [0x00000000f8280000,0x00000000f82a8000,0x00000000fbe00000)
  to   space 58368K, 0% used [0x00000000fc380000,0x00000000fc380000,0x00000000ffc80000)
 ParOldGen       total 235008K, used 155222K [0x00000000a0c00000, 0x00000000af180000, 0x00000000e0400000)
  object space 235008K, 66% used [0x00000000a0c00000,0x00000000aa395948,0x00000000af180000)
 Metaspace       used 17784K, capacity 17993K, committed 18176K, reserved 1064960K
  class space    used 1706K, capacity 1761K, committed 1792K, reserved 1048576K
}
Event: 8.654 GC heap before
{Heap before GC invocations=22 (full 2):
 PSYoungGen      total 452608K, used 391840K [0x00000000e0400000, 0x00000000ffc80000, 0x0000000100000000)
  eden space 391680K, 100% used [0x00000000e0400000,0x00000000f8280000,0x00000000f8280000)
  from space 60928K, 0% used [0x00000000f8280000,0x00000000f82a8000,0x00000000fbe00000)
  to   space 58368K, 0% used [0x00000000fc380000,0x00000000fc380000,0x00000000ffc80000)
 ParOldGen       total 235008K, used 155222K [0x00000000a0c00000, 0x00000000af180000, 0x00000000e0400000)
  object space 235008K, 66% used [0x00000000a0c00000,0x00000000aa395948,0x00000000af180000)
 Metaspace       used 17807K, capacity 17993K, committed 18176K, reserved 1064960K
  class space    used 1706K, capacity 1761K, committed 1792K, reserved 1048576K
Event: 8.655 GC heap after
Heap after GC invocations=22 (full 2):
 PSYoungGen      total 454144K, used 224K [0x00000000e0400000, 0x00000000ff780000, 0x0000000100000000)
  eden space 400896K, 0% used [0x00000000e0400000,0x00000000e0400000,0x00000000f8b80000)
  from space 53248K, 0% used [0x00000000fc380000,0x00000000fc3b8000,0x00000000ff780000)
  to   space 55296K, 0% used [0x00000000f8b80000,0x00000000f8b80000,0x00000000fc180000)
 ParOldGen       total 235008K, used 155222K [0x00000000a0c00000, 0x00000000af180000, 0x00000000e0400000)
  object space 235008K, 66% used [0x00000000a0c00000,0x00000000aa395948,0x00000000af180000)
 Metaspace       used 17807K, capacity 17993K, committed 18176K, reserved 1064960K
  class space    used 1706K, capacity 1761K, committed 1792K, reserved 1048576K
}
Event: 9.185 GC heap before
{Heap before GC invocations=23 (full 2):
 PSYoungGen      total 454144K, used 401120K [0x00000000e0400000, 0x00000000ff780000, 0x0000000100000000)
  eden space 400896K, 100% used [0x00000000e0400000,0x00000000f8b80000,0x00000000f8b80000)
  from space 53248K, 0% used [0x00000000fc380000,0x00000000fc3b8000,0x00000000ff780000)
  to   space 55296K, 0% used [0x00000000f8b80000,0x00000000f8b80000,0x00000000fc180000)
 ParOldGen       total 235008K, used 155222K [0x00000000a0c00000, 0x00000000af180000, 0x00000000e0400000)
  object space 235008K, 66% used [0x00000000a0c00000,0x00000000aa395948,0x00000000af180000)
 Metaspace       used 17810K, capacity 17993K, committed 18176K, reserved 1064960K
  class space    used 1706K, capacity 1761K, committed 1792K, reserved 1048576K
Event: 9.187 GC heap after
Heap after GC invocations=23 (full 2):
 PSYoungGen      total 456192K, used 192K [0x00000000e0400000, 0x00000000ffd00000, 0x0000000100000000)
  eden space 400896K, 0% used [0x00000000e0400000,0x00000000e0400000,0x00000000f8b80000)
  from space 55296K, 0% used [0x00000000f8b80000,0x00000000f8bb0000,0x00000000fc180000)
  to   space 52736K, 0% used [0x00000000fc980000,0x00000000fc980000,0x00000000ffd00000)
 ParOldGen       total 235008K, used 155222K [0x00000000a0c00000, 0x00000000af180000, 0x00000000e0400000)
  object space 235008K, 66% used [0x00000000a0c00000,0x00000000aa395948,0x00000000af180000)
 Metaspace       used 17810K, capacity 17993K, committed 18176K, reserved 1064960K
  class space    used 1706K, capacity 1761K, committed 1792K, reserved 1048576K
}

