# JRE version: Java(TM) SE Runtime Environment (8.0_25-b18) (build 1.8.0_25-b18)
# Java VM: Java HotSpot(TM) 64-Bit Server VM (25.25-b02 mixed mode windows-amd64 compressed oops)
Heap:
 PSYoungGen      total 338432K, used 126212K [0x00000000e0400000, 0x00000000f6a80000, 0x0000000100000000)
  eden space 311808K, 40% used [0x00000000e0400000,0x00000000e7f09238,0x00000000f3480000)
  from space 26624K, 0% used [0x00000000f5080000,0x00000000f50b8000,0x00000000f6a80000)
  to   space 27648K, 0% used [0x00000000f3480000,0x00000000f3480000,0x00000000f4f80000)
 ParOldGen       total 227840K, used 155772K [0x00000000a0c00000, 0x00000000aea80000, 0x00000000e0400000)
  object space 227840K, 68% used [0x00000000a0c00000,0x00000000aa41f360,0x00000000aea80000)
 Metaspace       used 18668K, capacity 18895K, committed 19072K, reserved 1067008K
  class space    used 1775K, capacity 1826K, committed 1920K, reserved 1048576K
GC Heap History (10 events):
Event: 20.800 GC heap before
{Heap before GC invocations=33 (full 3):
 PSYoungGen      total 339456K, used 307358K [0x00000000e0400000, 0x00000000f7080000, 0x0000000100000000)
  eden space 304640K, 97% used [0x00000000e0400000,0x00000000f265e8c0,0x00000000f2d80000)
  from space 34816K, 28% used [0x00000000f2d80000,0x00000000f3749030,0x00000000f4f80000)
  to   space 32256K, 0% used [0x00000000f5100000,0x00000000f5100000,0x00000000f7080000)
 ParOldGen       total 227840K, used 155668K [0x00000000a0c00000, 0x00000000aea80000, 0x00000000e0400000)
  object space 227840K, 68% used [0x00000000a0c00000,0x00000000aa405360,0x00000000aea80000)
 Metaspace       used 18668K, capacity 18895K, committed 19072K, reserved 1067008K
  class space    used 1775K, capacity 1826K, committed 1920K, reserved 1048576K
Event: 20.801 GC heap after
Heap after GC invocations=33 (full 3):
 PSYoungGen      total 337920K, used 256K [0x00000000e0400000, 0x00000000f6e80000, 0x0000000100000000)
  eden space 307712K, 0% used [0x00000000e0400000,0x00000000e0400000,0x00000000f3080000)
  from space 30208K, 0% used [0x00000000f5100000,0x00000000f5140000,0x00000000f6e80000)
  to   space 31744K, 0% used [0x00000000f3080000,0x00000000f3080000,0x00000000f4f80000)
 ParOldGen       total 227840K, used 155700K [0x00000000a0c00000, 0x00000000aea80000, 0x00000000e0400000)
  object space 227840K, 68% used [0x00000000a0c00000,0x00000000aa40d360,0x00000000aea80000)
 Metaspace       used 18668K, capacity 18895K, committed 19072K, reserved 1067008K
  class space    used 1775K, capacity 1826K, committed 1920K, reserved 1048576K
}
Event: 21.834 GC heap before
{Heap before GC invocations=34 (full 3):
 PSYoungGen      total 337920K, used 305764K [0x00000000e0400000, 0x00000000f6e80000, 0x0000000100000000)
  eden space 307712K, 99% used [0x00000000e0400000,0x00000000f2e59368,0x00000000f3080000)
  from space 30208K, 0% used [0x00000000f5100000,0x00000000f5140000,0x00000000f6e80000)
  to   space 31744K, 0% used [0x00000000f3080000,0x00000000f3080000,0x00000000f4f80000)
 ParOldGen       total 227840K, used 155700K [0x00000000a0c00000, 0x00000000aea80000, 0x00000000e0400000)
  object space 227840K, 68% used [0x00000000a0c00000,0x00000000aa40d360,0x00000000aea80000)
 Metaspace       used 18668K, capacity 18895K, committed 19072K, reserved 1067008K
  class space    used 1775K, capacity 1826K, committed 1920K, reserved 1048576K
Event: 21.835 GC heap after
Heap after GC invocations=34 (full 3):
 PSYoungGen      total 339456K, used 256K [0x00000000e0400000, 0x00000000f6f00000, 0x0000000100000000)
  eden space 307712K, 0% used [0x00000000e0400000,0x00000000e0400000,0x00000000f3080000)
  from space 31744K, 0% used [0x00000000f3080000,0x00000000f30c0000,0x00000000f4f80000)
  to   space 30720K, 0% used [0x00000000f5100000,0x00000000f5100000,0x00000000f6f00000)
 ParOldGen       total 227840K, used 155724K [0x00000000a0c00000, 0x00000000aea80000, 0x00000000e0400000)
  object space 227840K, 68% used [0x00000000a0c00000,0x00000000aa413360,0x00000000aea80000)
 Metaspace       used 18668K, capacity 18895K, committed 19072K, reserved 1067008K
  class space    used 1775K, capacity 1826K, committed 1920K, reserved 1048576K
}
Event: 22.869 GC heap before
{Heap before GC invocations=35 (full 3):
 PSYoungGen      total 339456K, used 304719K [0x00000000e0400000, 0x00000000f6f00000, 0x0000000100000000)
  eden space 307712K, 98% used [0x00000000e0400000,0x00000000f2d53c48,0x00000000f3080000)
  from space 31744K, 0% used [0x00000000f3080000,0x00000000f30c0000,0x00000000f4f80000)
  to   space 30720K, 0% used [0x00000000f5100000,0x00000000f5100000,0x00000000f6f00000)
 ParOldGen       total 227840K, used 155724K [0x00000000a0c00000, 0x00000000aea80000, 0x00000000e0400000)
  object space 227840K, 68% used [0x00000000a0c00000,0x00000000aa413360,0x00000000aea80000)
 Metaspace       used 18668K, capacity 18895K, committed 19072K, reserved 1067008K
  class space    used 1775K, capacity 1826K, committed 1920K, reserved 1048576K
Event: 22.870 GC heap after
Heap after GC invocations=35 (full 3):
 PSYoungGen      total 338944K, used 224K [0x00000000e0400000, 0x00000000f6d00000, 0x0000000100000000)
  eden space 310272K, 0% used [0x00000000e0400000,0x00000000e0400000,0x00000000f3300000)
  from space 28672K, 0% used [0x00000000f5100000,0x00000000f5138000,0x00000000f6d00000)
  to   space 29696K, 0% used [0x00000000f3300000,0x00000000f3300000,0x00000000f5000000)
 ParOldGen       total 227840K, used 155748K [0x00000000a0c00000, 0x00000000aea80000, 0x00000000e0400000)
  object space 227840K, 68% used [0x00000000a0c00000,0x00000000aa419360,0x00000000aea80000)
 Metaspace       used 18668K, capacity 18895K, committed 19072K, reserved 1067008K
  class space    used 1775K, capacity 1826K, committed 1920K, reserved 1048576K
}
Event: 23.902 GC heap before
{Heap before GC invocations=36 (full 3):
 PSYoungGen      total 338944K, used 304587K [0x00000000e0400000, 0x00000000f6d00000, 0x0000000100000000)
  eden space 310272K, 98% used [0x00000000e0400000,0x00000000f2d3ac80,0x00000000f3300000)
  from space 28672K, 0% used [0x00000000f5100000,0x00000000f5138000,0x00000000f6d00000)
  to   space 29696K, 0% used [0x00000000f3300000,0x00000000f3300000,0x00000000f5000000)
 ParOldGen       total 227840K, used 155748K [0x00000000a0c00000, 0x00000000aea80000, 0x00000000e0400000)
  object space 227840K, 68% used [0x00000000a0c00000,0x00000000aa419360,0x00000000aea80000)
 Metaspace       used 18668K, capacity 18895K, committed 19072K, reserved 1067008K
  class space    used 1775K, capacity 1826K, committed 1920K, reserved 1048576K
Event: 23.903 GC heap after
Heap after GC invocations=36 (full 3):
 PSYoungGen      total 339968K, used 256K [0x00000000e0400000, 0x00000000f6c80000, 0x0000000100000000)
  eden space 310272K, 0% used [0x00000000e0400000,0x00000000e0400000,0x00000000f3300000)
  from space 29696K, 0% used [0x00000000f3300000,0x00000000f3340000,0x00000000f5000000)
  to   space 28672K, 0% used [0x00000000f5080000,0x00000000f5080000,0x00000000f6c80000)
 ParOldGen       total 227840K, used 155756K [0x00000000a0c00000, 0x00000000aea80000, 0x00000000e0400000)
  object space 227840K, 68% used [0x00000000a0c00000,0x00000000aa41b360,0x00000000aea80000)
 Metaspace       used 18668K, capacity 18895K, committed 19072K, reserved 1067008K
  class space    used 1775K, capacity 1826K, committed 1920K, reserved 1048576K
}
Event: 24.934 GC heap before
{Heap before GC invocations=37 (full 3):
 PSYoungGen      total 339968K, used 304535K [0x00000000e0400000, 0x00000000f6c80000, 0x0000000100000000)
  eden space 310272K, 98% used [0x00000000e0400000,0x00000000f2d25f88,0x00000000f3300000)
  from space 29696K, 0% used [0x00000000f3300000,0x00000000f3340000,0x00000000f5000000)
  to   space 28672K, 0% used [0x00000000f5080000,0x00000000f5080000,0x00000000f6c80000)
 ParOldGen       total 227840K, used 155756K [0x00000000a0c00000, 0x00000000aea80000, 0x00000000e0400000)
  object space 227840K, 68% used [0x00000000a0c00000,0x00000000aa41b360,0x00000000aea80000)
 Metaspace       used 18668K, capacity 18895K, committed 19072K, reserved 1067008K
  class space    used 1775K, capacity 1826K, committed 1920K, reserved 1048576K
Event: 24.935 GC heap after
Heap after GC invocations=37 (full 3):
 PSYoungGen      total 338432K, used 224K [0x00000000e0400000, 0x00000000f6a80000, 0x0000000100000000)
  eden space 311808K, 0% used [0x00000000e0400000,0x00000000e0400000,0x00000000f3480000)
  from space 26624K, 0% used [0x00000000f5080000,0x00000000f50b8000,0x00000000f6a80000)
  to   space 27648K, 0% used [0x00000000f3480000,0x00000000f3480000,0x00000000f4f80000)
 ParOldGen       total 227840K, used 155772K [0x00000000a0c00000, 0x00000000aea80000, 0x00000000e0400000)
  object space 227840K, 68% used [0x00000000a0c00000,0x00000000aa41f360,0x00000000aea80000)
 Metaspace       used 18668K, capacity 18895K, committed 19072K, reserved 1067008K
  class space    used 1775K, capacity 1826K, committed 1920K, reserved 1048576K
}

