# JRE version: Java(TM) SE Runtime Environment (8.0_25-b18) (build 1.8.0_25-b18)
# Java VM: Java HotSpot(TM) 64-Bit Server VM (25.25-b02 mixed mode windows-amd64 compressed oops)
Heap:
 PSYoungGen      total 413184K, used 25098K [0x00000000e0400000, 0x00000000faa80000, 0x0000000100000000)
  eden space 394240K, 4% used [0x00000000e0400000,0x00000000e1469a98,0x00000000f8500000)
  from space 18944K, 43% used [0x00000000f9780000,0x00000000f9f99010,0x00000000faa00000)
  to   space 18944K, 0% used [0x00000000f8500000,0x00000000f8500000,0x00000000f9780000)
 ParOldGen       total 231936K, used 170210K [0x00000000a0c00000, 0x00000000aee80000, 0x00000000e0400000)
  object space 231936K, 73% used [0x00000000a0c00000,0x00000000ab238850,0x00000000aee80000)
 Metaspace       used 17999K, capacity 18185K, committed 18432K, reserved 1067008K
  class space    used 1723K, capacity 1761K, committed 1792K, reserved 1048576K
GC Heap History (10 events):
Event: 23.941 GC heap before
{Heap before GC invocations=47 (full 3):
 PSYoungGen      total 404992K, used 392740K [0x00000000e0400000, 0x00000000fa580000, 0x0000000100000000)
  eden space 384512K, 100% used [0x00000000e0400000,0x00000000f7b80000,0x00000000f7b80000)
  from space 20480K, 40% used [0x00000000f7b80000,0x00000000f8389010,0x00000000f8f80000)
  to   space 19968K, 0% used [0x00000000f9200000,0x00000000f9200000,0x00000000fa580000)
 ParOldGen       total 231936K, used 170154K [0x00000000a0c00000, 0x00000000aee80000, 0x00000000e0400000)
  object space 231936K, 73% used [0x00000000a0c00000,0x00000000ab22a850,0x00000000aee80000)
 Metaspace       used 17964K, capacity 18185K, committed 18432K, reserved 1067008K
  class space    used 1712K, capacity 1761K, committed 1792K, reserved 1048576K
Event: 23.946 GC heap after
Heap after GC invocations=47 (full 3):
 PSYoungGen      total 407552K, used 9076K [0x00000000e0400000, 0x00000000fa680000, 0x0000000100000000)
  eden space 387584K, 0% used [0x00000000e0400000,0x00000000e0400000,0x00000000f7e80000)
  from space 19968K, 45% used [0x00000000f9200000,0x00000000f9add020,0x00000000fa580000)
  to   space 19968K, 0% used [0x00000000f7e80000,0x00000000f7e80000,0x00000000f9200000)
 ParOldGen       total 231936K, used 170154K [0x00000000a0c00000, 0x00000000aee80000, 0x00000000e0400000)
  object space 231936K, 73% used [0x00000000a0c00000,0x00000000ab22a850,0x00000000aee80000)
 Metaspace       used 17964K, capacity 18185K, committed 18432K, reserved 1067008K
  class space    used 1712K, capacity 1761K, committed 1792K, reserved 1048576K
}
Event: 24.566 GC heap before
{Heap before GC invocations=48 (full 3):
 PSYoungGen      total 407552K, used 390082K [0x00000000e0400000, 0x00000000fa680000, 0x0000000100000000)
  eden space 387584K, 98% used [0x00000000e0400000,0x00000000f7813960,0x00000000f7e80000)
  from space 19968K, 45% used [0x00000000f9200000,0x00000000f9add020,0x00000000fa580000)
  to   space 19968K, 0% used [0x00000000f7e80000,0x00000000f7e80000,0x00000000f9200000)
 ParOldGen       total 231936K, used 170154K [0x00000000a0c00000, 0x00000000aee80000, 0x00000000e0400000)
  object space 231936K, 73% used [0x00000000a0c00000,0x00000000ab22a850,0x00000000aee80000)
 Metaspace       used 17964K, capacity 18185K, committed 18432K, reserved 1067008K
  class space    used 1712K, capacity 1761K, committed 1792K, reserved 1048576K
Event: 24.568 GC heap after
Heap after GC invocations=48 (full 3):
 PSYoungGen      total 407552K, used 192K [0x00000000e0400000, 0x00000000fa800000, 0x0000000100000000)
  eden space 387584K, 0% used [0x00000000e0400000,0x00000000e0400000,0x00000000f7e80000)
  from space 19968K, 0% used [0x00000000f7e80000,0x00000000f7eb0000,0x00000000f9200000)
  to   space 19456K, 0% used [0x00000000f9500000,0x00000000f9500000,0x00000000fa800000)
 ParOldGen       total 231936K, used 170178K [0x00000000a0c00000, 0x00000000aee80000, 0x00000000e0400000)
  object space 231936K, 73% used [0x00000000a0c00000,0x00000000ab230850,0x00000000aee80000)
 Metaspace       used 17964K, capacity 18185K, committed 18432K, reserved 1067008K
  class space    used 1712K, capacity 1761K, committed 1792K, reserved 1048576K
}
Event: 25.172 GC heap before
{Heap before GC invocations=49 (full 3):
 PSYoungGen      total 407552K, used 387776K [0x00000000e0400000, 0x00000000fa800000, 0x0000000100000000)
  eden space 387584K, 100% used [0x00000000e0400000,0x00000000f7e80000,0x00000000f7e80000)
  from space 19968K, 0% used [0x00000000f7e80000,0x00000000f7eb0000,0x00000000f9200000)
  to   space 19456K, 0% used [0x00000000f9500000,0x00000000f9500000,0x00000000fa800000)
 ParOldGen       total 231936K, used 170178K [0x00000000a0c00000, 0x00000000aee80000, 0x00000000e0400000)
  object space 231936K, 73% used [0x00000000a0c00000,0x00000000ab230850,0x00000000aee80000)
 Metaspace       used 17964K, capacity 18185K, committed 18432K, reserved 1067008K
  class space    used 1712K, capacity 1761K, committed 1792K, reserved 1048576K
Event: 25.175 GC heap after
Heap after GC invocations=49 (full 3):
 PSYoungGen      total 410624K, used 8260K [0x00000000e0400000, 0x00000000fa800000, 0x0000000100000000)
  eden space 391168K, 0% used [0x00000000e0400000,0x00000000e0400000,0x00000000f8200000)
  from space 19456K, 42% used [0x00000000f9500000,0x00000000f9d11010,0x00000000fa800000)
  to   space 19456K, 0% used [0x00000000f8200000,0x00000000f8200000,0x00000000f9500000)
 ParOldGen       total 231936K, used 170178K [0x00000000a0c00000, 0x00000000aee80000, 0x00000000e0400000)
  object space 231936K, 73% used [0x00000000a0c00000,0x00000000ab230850,0x00000000aee80000)
 Metaspace       used 17964K, capacity 18185K, committed 18432K, reserved 1067008K
  class space    used 1712K, capacity 1761K, committed 1792K, reserved 1048576K
}
Event: 25.803 GC heap before
{Heap before GC invocations=50 (full 3):
 PSYoungGen      total 410624K, used 395521K [0x00000000e0400000, 0x00000000fa800000, 0x0000000100000000)
  eden space 391168K, 99% used [0x00000000e0400000,0x00000000f7e2f778,0x00000000f8200000)
  from space 19456K, 42% used [0x00000000f9500000,0x00000000f9d11010,0x00000000fa800000)
  to   space 19456K, 0% used [0x00000000f8200000,0x00000000f8200000,0x00000000f9500000)
 ParOldGen       total 231936K, used 170178K [0x00000000a0c00000, 0x00000000aee80000, 0x00000000e0400000)
  object space 231936K, 73% used [0x00000000a0c00000,0x00000000ab230850,0x00000000aee80000)
 Metaspace       used 17964K, capacity 18185K, committed 18432K, reserved 1067008K
  class space    used 1712K, capacity 1761K, committed 1792K, reserved 1048576K
Event: 25.804 GC heap after
Heap after GC invocations=50 (full 3):
 PSYoungGen      total 410624K, used 128K [0x00000000e0400000, 0x00000000faa00000, 0x0000000100000000)
  eden space 391168K, 0% used [0x00000000e0400000,0x00000000e0400000,0x00000000f8200000)
  from space 19456K, 0% used [0x00000000f8200000,0x00000000f8220000,0x00000000f9500000)
  to   space 18944K, 0% used [0x00000000f9780000,0x00000000f9780000,0x00000000faa00000)
 ParOldGen       total 231936K, used 170178K [0x00000000a0c00000, 0x00000000aee80000, 0x00000000e0400000)
  object space 231936K, 73% used [0x00000000a0c00000,0x00000000ab230850,0x00000000aee80000)
 Metaspace       used 17964K, capacity 18185K, committed 18432K, reserved 1067008K
  class space    used 1712K, capacity 1761K, committed 1792K, reserved 1048576K
}
Event: 26.408 GC heap before
{Heap before GC invocations=51 (full 3):
 PSYoungGen      total 410624K, used 391296K [0x00000000e0400000, 0x00000000faa00000, 0x0000000100000000)
  eden space 391168K, 100% used [0x00000000e0400000,0x00000000f8200000,0x00000000f8200000)
  from space 19456K, 0% used [0x00000000f8200000,0x00000000f8220000,0x00000000f9500000)
  to   space 18944K, 0% used [0x00000000f9780000,0x00000000f9780000,0x00000000faa00000)
 ParOldGen       total 231936K, used 170178K [0x00000000a0c00000, 0x00000000aee80000, 0x00000000e0400000)
  object space 231936K, 73% used [0x00000000a0c00000,0x00000000ab230850,0x00000000aee80000)
 Metaspace       used 17998K, capacity 18185K, committed 18432K, reserved 1067008K
  class space    used 1723K, capacity 1761K, committed 1792K, reserved 1048576K
Event: 26.411 GC heap after
Heap after GC invocations=51 (full 3):
 PSYoungGen      total 413184K, used 8292K [0x00000000e0400000, 0x00000000faa80000, 0x0000000100000000)
  eden space 394240K, 0% used [0x00000000e0400000,0x00000000e0400000,0x00000000f8500000)
  from space 18944K, 43% used [0x00000000f9780000,0x00000000f9f99010,0x00000000faa00000)
  to   space 18944K, 0% used [0x00000000f8500000,0x00000000f8500000,0x00000000f9780000)
 ParOldGen       total 231936K, used 170210K [0x00000000a0c00000, 0x00000000aee80000, 0x00000000e0400000)
  object space 231936K, 73% used [0x00000000a0c00000,0x00000000ab238850,0x00000000aee80000)
 Metaspace       used 17998K, capacity 18185K, committed 18432K, reserved 1067008K
  class space    used 1723K, capacity 1761K, committed 1792K, reserved 1048576K
}

