# JRE version: Java(TM) SE Runtime Environment (8.0_31-b13) (build 1.8.0_31-b13)
# Java VM: Java HotSpot(TM) 64-Bit Server VM (25.31-b07 mixed mode windows-amd64 compressed oops)
Heap:
 PSYoungGen      total 1364992K, used 49522K [0x000000076b300000, 0x00000007bff80000, 0x00000007c0000000)
  eden space 1341952K, 3% used [0x000000076b300000,0x000000076db5b9d8,0x00000007bd180000)
  from space 23040K, 35% used [0x00000007be900000,0x00000007bf101010,0x00000007bff80000)
  to   space 23552K, 0% used [0x00000007bd180000,0x00000007bd180000,0x00000007be880000)
 ParOldGen       total 311808K, used 164848K [0x00000006c1800000, 0x00000006d4880000, 0x000000076b300000)
  object space 311808K, 52% used [0x00000006c1800000,0x00000006cb8fc158,0x00000006d4880000)
 Metaspace       used 18019K, capacity 18227K, committed 18560K, reserved 1067008K
  class space    used 1729K, capacity 1794K, committed 1920K, reserved 1048576K
GC Heap History (10 events):
Event: 51.631 GC heap before
{Heap before GC invocations=33 (full 1):
 PSYoungGen      total 1354240K, used 1324160K [0x000000076b300000, 0x00000007c0000000, 0x00000007c0000000)
  eden space 1324032K, 100% used [0x000000076b300000,0x00000007bc000000,0x00000007bc000000)
  from space 30208K, 0% used [0x00000007bc000000,0x00000007bc020000,0x00000007bdd80000)
  to   space 28672K, 0% used [0x00000007be400000,0x00000007be400000,0x00000007c0000000)
 ParOldGen       total 311808K, used 164784K [0x00000006c1800000, 0x00000006d4880000, 0x000000076b300000)
  object space 311808K, 52% used [0x00000006c1800000,0x00000006cb8ec158,0x00000006d4880000)
 Metaspace       used 17984K, capacity 18227K, committed 18560K, reserved 1067008K
  class space    used 1718K, capacity 1794K, committed 1920K, reserved 1048576K
Event: 51.633 GC heap after
Heap after GC invocations=33 (full 1):
 PSYoungGen      total 1354752K, used 128K [0x000000076b300000, 0x00000007bfb80000, 0x00000007c0000000)
  eden space 1330688K, 0% used [0x000000076b300000,0x000000076b300000,0x00000007bc680000)
  from space 24064K, 0% used [0x00000007be400000,0x00000007be420000,0x00000007bfb80000)
  to   space 27136K, 0% used [0x00000007bc680000,0x00000007bc680000,0x00000007be100000)
 ParOldGen       total 311808K, used 164792K [0x00000006c1800000, 0x00000006d4880000, 0x000000076b300000)
  object space 311808K, 52% used [0x00000006c1800000,0x00000006cb8ee158,0x00000006d4880000)
 Metaspace       used 17984K, capacity 18227K, committed 18560K, reserved 1067008K
  class space    used 1718K, capacity 1794K, committed 1920K, reserved 1048576K
}
Event: 53.767 GC heap before
{Heap before GC invocations=34 (full 1):
 PSYoungGen      total 1354752K, used 1330816K [0x000000076b300000, 0x00000007bfb80000, 0x00000007c0000000)
  eden space 1330688K, 100% used [0x000000076b300000,0x00000007bc680000,0x00000007bc680000)
  from space 24064K, 0% used [0x00000007be400000,0x00000007be420000,0x00000007bfb80000)
  to   space 27136K, 0% used [0x00000007bc680000,0x00000007bc680000,0x00000007be100000)
 ParOldGen       total 311808K, used 164792K [0x00000006c1800000, 0x00000006d4880000, 0x000000076b300000)
  object space 311808K, 52% used [0x00000006c1800000,0x00000006cb8ee158,0x00000006d4880000)
 Metaspace       used 17984K, capacity 18227K, committed 18560K, reserved 1067008K
  class space    used 1718K, capacity 1794K, committed 1920K, reserved 1048576K
Event: 53.769 GC heap after
Heap after GC invocations=34 (full 1):
 PSYoungGen      total 1357824K, used 128K [0x000000076b300000, 0x00000007c0000000, 0x00000007c0000000)
  eden space 1330688K, 0% used [0x000000076b300000,0x000000076b300000,0x00000007bc680000)
  from space 27136K, 0% used [0x00000007bc680000,0x00000007bc6a0000,0x00000007be100000)
  to   space 25600K, 0% used [0x00000007be700000,0x00000007be700000,0x00000007c0000000)
 ParOldGen       total 311808K, used 164800K [0x00000006c1800000, 0x00000006d4880000, 0x000000076b300000)
  object space 311808K, 52% used [0x00000006c1800000,0x00000006cb8f0158,0x00000006d4880000)
 Metaspace       used 17984K, capacity 18227K, committed 18560K, reserved 1067008K
  class space    used 1718K, capacity 1794K, committed 1920K, reserved 1048576K
}
Event: 55.900 GC heap before
{Heap before GC invocations=35 (full 1):
 PSYoungGen      total 1357824K, used 1330816K [0x000000076b300000, 0x00000007c0000000, 0x00000007c0000000)
  eden space 1330688K, 100% used [0x000000076b300000,0x00000007bc680000,0x00000007bc680000)
  from space 27136K, 0% used [0x00000007bc680000,0x00000007bc6a0000,0x00000007be100000)
  to   space 25600K, 0% used [0x00000007be700000,0x00000007be700000,0x00000007c0000000)
 ParOldGen       total 311808K, used 164800K [0x00000006c1800000, 0x00000006d4880000, 0x000000076b300000)
  object space 311808K, 52% used [0x00000006c1800000,0x00000006cb8f0158,0x00000006d4880000)
 Metaspace       used 17984K, capacity 18227K, committed 18560K, reserved 1067008K
  class space    used 1718K, capacity 1794K, committed 1920K, reserved 1048576K
Event: 55.902 GC heap after
Heap after GC invocations=35 (full 1):
 PSYoungGen      total 1357824K, used 64K [0x000000076b300000, 0x00000007bfb80000, 0x00000007c0000000)
  eden space 1336832K, 0% used [0x000000076b300000,0x000000076b300000,0x00000007bcc80000)
  from space 20992K, 0% used [0x00000007be700000,0x00000007be710000,0x00000007bfb80000)
  to   space 24064K, 0% used [0x00000007bcc80000,0x00000007bcc80000,0x00000007be400000)
 ParOldGen       total 311808K, used 164816K [0x00000006c1800000, 0x00000006d4880000, 0x000000076b300000)
  object space 311808K, 52% used [0x00000006c1800000,0x00000006cb8f4158,0x00000006d4880000)
 Metaspace       used 17984K, capacity 18227K, committed 18560K, reserved 1067008K
  class space    used 1718K, capacity 1794K, committed 1920K, reserved 1048576K
}
Event: 58.007 GC heap before
{Heap before GC invocations=36 (full 1):
 PSYoungGen      total 1357824K, used 1336880K [0x000000076b300000, 0x00000007bfb80000, 0x00000007c0000000)
  eden space 1336832K, 99% used [0x000000076b300000,0x00000007bcc7c058,0x00000007bcc80000)
  from space 20992K, 0% used [0x00000007be700000,0x00000007be710000,0x00000007bfb80000)
  to   space 24064K, 0% used [0x00000007bcc80000,0x00000007bcc80000,0x00000007be400000)
 ParOldGen       total 311808K, used 164816K [0x00000006c1800000, 0x00000006d4880000, 0x000000076b300000)
  object space 311808K, 52% used [0x00000006c1800000,0x00000006cb8f4158,0x00000006d4880000)
 Metaspace       used 17984K, capacity 18227K, committed 18560K, reserved 1067008K
  class space    used 1718K, capacity 1794K, committed 1920K, reserved 1048576K
Event: 58.012 GC heap after
Heap after GC invocations=36 (full 1):
 PSYoungGen      total 1360896K, used 8292K [0x000000076b300000, 0x00000007c0000000, 0x00000007c0000000)
  eden space 1336832K, 0% used [0x000000076b300000,0x000000076b300000,0x00000007bcc80000)
  from space 24064K, 34% used [0x00000007bcc80000,0x00000007bd499010,0x00000007be400000)
  to   space 23552K, 0% used [0x00000007be900000,0x00000007be900000,0x00000007c0000000)
 ParOldGen       total 311808K, used 164840K [0x00000006c1800000, 0x00000006d4880000, 0x000000076b300000)
  object space 311808K, 52% used [0x00000006c1800000,0x00000006cb8fa158,0x00000006d4880000)
 Metaspace       used 17984K, capacity 18227K, committed 18560K, reserved 1067008K
  class space    used 1718K, capacity 1794K, committed 1920K, reserved 1048576K
}
Event: 60.141 GC heap before
{Heap before GC invocations=37 (full 1):
 PSYoungGen      total 1360896K, used 1345124K [0x000000076b300000, 0x00000007c0000000, 0x00000007c0000000)
  eden space 1336832K, 100% used [0x000000076b300000,0x00000007bcc80000,0x00000007bcc80000)
  from space 24064K, 34% used [0x00000007bcc80000,0x00000007bd499010,0x00000007be400000)
  to   space 23552K, 0% used [0x00000007be900000,0x00000007be900000,0x00000007c0000000)
 ParOldGen       total 311808K, used 164840K [0x00000006c1800000, 0x00000006d4880000, 0x000000076b300000)
  object space 311808K, 52% used [0x00000006c1800000,0x00000006cb8fa158,0x00000006d4880000)
 Metaspace       used 17984K, capacity 18227K, committed 18560K, reserved 1067008K
  class space    used 1718K, capacity 1794K, committed 1920K, reserved 1048576K
Event: 60.146 GC heap after
Heap after GC invocations=37 (full 1):
 PSYoungGen      total 1364992K, used 8196K [0x000000076b300000, 0x00000007bff80000, 0x00000007c0000000)
  eden space 1341952K, 0% used [0x000000076b300000,0x000000076b300000,0x00000007bd180000)
  from space 23040K, 35% used [0x00000007be900000,0x00000007bf101010,0x00000007bff80000)
  to   space 23552K, 0% used [0x00000007bd180000,0x00000007bd180000,0x00000007be880000)
 ParOldGen       total 311808K, used 164848K [0x00000006c1800000, 0x00000006d4880000, 0x000000076b300000)
  object space 311808K, 52% used [0x00000006c1800000,0x00000006cb8fc158,0x00000006d4880000)
 Metaspace       used 17984K, capacity 18227K, committed 18560K, reserved 1067008K
  class space    used 1718K, capacity 1794K, committed 1920K, reserved 1048576K
}

