# JRE version: Java(TM) SE Runtime Environment (8.0_25-b18) (build 1.8.0_25-b18)
# Java VM: Java HotSpot(TM) 64-Bit Server VM (25.25-b02 mixed mode windows-amd64 compressed oops)
Heap:
 PSYoungGen      total 269312K, used 73322K [0x00000000e0400000, 0x00000000f5880000, 0x0000000100000000)
  eden space 215040K, 29% used [0x00000000e0400000,0x00000000e4271b90,0x00000000ed600000)
  from space 54272K, 17% used [0x00000000ed600000,0x00000000edf29050,0x00000000f0b00000)
  to   space 52224K, 0% used [0x00000000f2580000,0x00000000f2580000,0x00000000f5880000)
 ParOldGen       total 227328K, used 145896K [0x00000000a0c00000, 0x00000000aea00000, 0x00000000e0400000)
  object space 227328K, 64% used [0x00000000a0c00000,0x00000000a9a7a008,0x00000000aea00000)
 Metaspace       used 17723K, capacity 17921K, committed 18176K, reserved 1064960K
  class space    used 1717K, capacity 1761K, committed 1792K, reserved 1048576K
GC Heap History (10 events):
Event: 4.203 GC heap before
{Heap before GC invocations=14 (full 3):
 PSYoungGen      total 206336K, used 149029K [0x00000000e0400000, 0x00000000f0c80000, 0x0000000100000000)
  eden space 150016K, 99% used [0x00000000e0400000,0x00000000e95894b8,0x00000000e9680000)
  from space 56320K, 0% used [0x00000000ed580000,0x00000000ed580000,0x00000000f0c80000)
  to   space 60416K, 0% used [0x00000000e9680000,0x00000000e9680000,0x00000000ed180000)
 ParOldGen       total 227328K, used 145864K [0x00000000a0c00000, 0x00000000aea00000, 0x00000000e0400000)
  object space 227328K, 64% used [0x00000000a0c00000,0x00000000a9a72008,0x00000000aea00000)
 Metaspace       used 17483K, capacity 17729K, committed 17920K, reserved 1064960K
  class space    used 1706K, capacity 1761K, committed 1792K, reserved 1048576K
Event: 4.205 GC heap after
Heap after GC invocations=14 (full 3):
 PSYoungGen      total 210432K, used 9140K [0x00000000e0400000, 0x00000000f3200000, 0x0000000100000000)
  eden space 150016K, 0% used [0x00000000e0400000,0x00000000e0400000,0x00000000e9680000)
  from space 60416K, 15% used [0x00000000e9680000,0x00000000e9f6d020,0x00000000ed180000)
  to   space 59392K, 0% used [0x00000000ef800000,0x00000000ef800000,0x00000000f3200000)
 ParOldGen       total 227328K, used 145872K [0x00000000a0c00000, 0x00000000aea00000, 0x00000000e0400000)
  object space 227328K, 64% used [0x00000000a0c00000,0x00000000a9a74008,0x00000000aea00000)
 Metaspace       used 17483K, capacity 17729K, committed 17920K, reserved 1064960K
  class space    used 1706K, capacity 1761K, committed 1792K, reserved 1048576K
}
Event: 4.672 GC heap before
{Heap before GC invocations=15 (full 3):
 PSYoungGen      total 210432K, used 157115K [0x00000000e0400000, 0x00000000f3200000, 0x0000000100000000)
  eden space 150016K, 98% used [0x00000000e0400000,0x00000000e9481ea0,0x00000000e9680000)
  from space 60416K, 15% used [0x00000000e9680000,0x00000000e9f6d020,0x00000000ed180000)
  to   space 59392K, 0% used [0x00000000ef800000,0x00000000ef800000,0x00000000f3200000)
 ParOldGen       total 227328K, used 145872K [0x00000000a0c00000, 0x00000000aea00000, 0x00000000e0400000)
  object space 227328K, 64% used [0x00000000a0c00000,0x00000000a9a74008,0x00000000aea00000)
 Metaspace       used 17570K, capacity 17793K, committed 17920K, reserved 1064960K
  class space    used 1706K, capacity 1761K, committed 1792K, reserved 1048576K
Event: 4.676 GC heap after
Heap after GC invocations=15 (full 3):
 PSYoungGen      total 235520K, used 9412K [0x00000000e0400000, 0x00000000f2980000, 0x0000000100000000)
  eden space 184832K, 0% used [0x00000000e0400000,0x00000000e0400000,0x00000000eb880000)
  from space 50688K, 18% used [0x00000000ef800000,0x00000000f0131050,0x00000000f2980000)
  to   space 57856K, 0% used [0x00000000eb880000,0x00000000eb880000,0x00000000ef100000)
 ParOldGen       total 227328K, used 145880K [0x00000000a0c00000, 0x00000000aea00000, 0x00000000e0400000)
  object space 227328K, 64% used [0x00000000a0c00000,0x00000000a9a76008,0x00000000aea00000)
 Metaspace       used 17570K, capacity 17793K, committed 17920K, reserved 1064960K
  class space    used 1706K, capacity 1761K, committed 1792K, reserved 1048576K
}
Event: 5.239 GC heap before
{Heap before GC invocations=16 (full 3):
 PSYoungGen      total 235520K, used 189956K [0x00000000e0400000, 0x00000000f2980000, 0x0000000100000000)
  eden space 184832K, 97% used [0x00000000e0400000,0x00000000eb4502e8,0x00000000eb880000)
  from space 50688K, 18% used [0x00000000ef800000,0x00000000f0131050,0x00000000f2980000)
  to   space 57856K, 0% used [0x00000000eb880000,0x00000000eb880000,0x00000000ef100000)
 ParOldGen       total 227328K, used 145880K [0x00000000a0c00000, 0x00000000aea00000, 0x00000000e0400000)
  object space 227328K, 64% used [0x00000000a0c00000,0x00000000a9a76008,0x00000000aea00000)
 Metaspace       used 17629K, capacity 17857K, committed 17920K, reserved 1064960K
  class space    used 1706K, capacity 1761K, committed 1792K, reserved 1048576K
Event: 5.242 GC heap after
Heap after GC invocations=16 (full 3):
 PSYoungGen      total 242688K, used 9332K [0x00000000e0400000, 0x00000000f4a00000, 0x0000000100000000)
  eden space 184832K, 0% used [0x00000000e0400000,0x00000000e0400000,0x00000000eb880000)
  from space 57856K, 16% used [0x00000000eb880000,0x00000000ec19d040,0x00000000ef100000)
  to   space 56320K, 0% used [0x00000000f1300000,0x00000000f1300000,0x00000000f4a00000)
 ParOldGen       total 227328K, used 145888K [0x00000000a0c00000, 0x00000000aea00000, 0x00000000e0400000)
  object space 227328K, 64% used [0x00000000a0c00000,0x00000000a9a78008,0x00000000aea00000)
 Metaspace       used 17629K, capacity 17857K, committed 17920K, reserved 1064960K
  class space    used 1706K, capacity 1761K, committed 1792K, reserved 1048576K
}
Event: 5.806 GC heap before
{Heap before GC invocations=17 (full 3):
 PSYoungGen      total 242688K, used 188633K [0x00000000e0400000, 0x00000000f4a00000, 0x0000000100000000)
  eden space 184832K, 97% used [0x00000000e0400000,0x00000000eb3195f0,0x00000000eb880000)
  from space 57856K, 16% used [0x00000000eb880000,0x00000000ec19d040,0x00000000ef100000)
  to   space 56320K, 0% used [0x00000000f1300000,0x00000000f1300000,0x00000000f4a00000)
 ParOldGen       total 227328K, used 145888K [0x00000000a0c00000, 0x00000000aea00000, 0x00000000e0400000)
  object space 227328K, 64% used [0x00000000a0c00000,0x00000000a9a78008,0x00000000aea00000)
 Metaspace       used 17653K, capacity 17857K, committed 17920K, reserved 1064960K
  class space    used 1706K, capacity 1761K, committed 1792K, reserved 1048576K
Event: 5.810 GC heap after
Heap after GC invocations=17 (full 3):
 PSYoungGen      total 261120K, used 9396K [0x00000000e0400000, 0x00000000f4000000, 0x0000000100000000)
  eden space 215040K, 0% used [0x00000000e0400000,0x00000000e0400000,0x00000000ed600000)
  from space 46080K, 20% used [0x00000000f1300000,0x00000000f1c2d040,0x00000000f4000000)
  to   space 54272K, 0% used [0x00000000ed600000,0x00000000ed600000,0x00000000f0b00000)
 ParOldGen       total 227328K, used 145896K [0x00000000a0c00000, 0x00000000aea00000, 0x00000000e0400000)
  object space 227328K, 64% used [0x00000000a0c00000,0x00000000a9a7a008,0x00000000aea00000)
 Metaspace       used 17653K, capacity 17857K, committed 17920K, reserved 1064960K
  class space    used 1706K, capacity 1761K, committed 1792K, reserved 1048576K
}
Event: 6.470 GC heap before
{Heap before GC invocations=18 (full 3):
 PSYoungGen      total 261120K, used 220649K [0x00000000e0400000, 0x00000000f4000000, 0x0000000100000000)
  eden space 215040K, 98% used [0x00000000e0400000,0x00000000ed24d4b0,0x00000000ed600000)
  from space 46080K, 20% used [0x00000000f1300000,0x00000000f1c2d040,0x00000000f4000000)
  to   space 54272K, 0% used [0x00000000ed600000,0x00000000ed600000,0x00000000f0b00000)
 ParOldGen       total 227328K, used 145896K [0x00000000a0c00000, 0x00000000aea00000, 0x00000000e0400000)
  object space 227328K, 64% used [0x00000000a0c00000,0x00000000a9a7a008,0x00000000aea00000)
 Metaspace       used 17676K, capacity 17857K, committed 17920K, reserved 1064960K
  class space    used 1706K, capacity 1761K, committed 1792K, reserved 1048576K
Event: 6.473 GC heap after
Heap after GC invocations=18 (full 3):
 PSYoungGen      total 269312K, used 9380K [0x00000000e0400000, 0x00000000f5880000, 0x0000000100000000)
  eden space 215040K, 0% used [0x00000000e0400000,0x00000000e0400000,0x00000000ed600000)
  from space 54272K, 17% used [0x00000000ed600000,0x00000000edf29050,0x00000000f0b00000)
  to   space 52224K, 0% used [0x00000000f2580000,0x00000000f2580000,0x00000000f5880000)
 ParOldGen       total 227328K, used 145896K [0x00000000a0c00000, 0x00000000aea00000, 0x00000000e0400000)
  object space 227328K, 64% used [0x00000000a0c00000,0x00000000a9a7a008,0x00000000aea00000)
 Metaspace       used 17676K, capacity 17857K, committed 17920K, reserved 1064960K
  class space    used 1706K, capacity 1761K, committed 1792K, reserved 1048576K
}

