# JRE version: Java(TM) SE Runtime Environment (8.0_25-b18) (build 1.8.0_25-b18)
# Java VM: Java HotSpot(TM) 64-Bit Server VM (25.25-b02 mixed mode windows-amd64 compressed oops)
Heap:
 PSYoungGen      total 483328K, used 369189K [0x00000000e0400000, 0x00000000fdc80000, 0x0000000100000000)
  eden space 482816K, 76% used [0x00000000e0400000,0x00000000f6c695e0,0x00000000fdb80000)
  from space 512K, 25% used [0x00000000fdc00000,0x00000000fdc20000,0x00000000fdc80000)
  to   space 512K, 0% used [0x00000000fdb80000,0x00000000fdb80000,0x00000000fdc00000)
 ParOldGen       total 223232K, used 205351K [0x00000000a0c00000, 0x00000000ae600000, 0x00000000e0400000)
  object space 223232K, 91% used [0x00000000a0c00000,0x00000000ad489d60,0x00000000ae600000)
 Metaspace       used 18019K, capacity 18185K, committed 18432K, reserved 1067008K
  class space    used 1722K, capacity 1761K, committed 1792K, reserved 1048576K
GC Heap History (10 events):
Event: 56.478 GC heap before
{Heap before GC invocations=111 (full 3):
 PSYoungGen      total 473600K, used 473280K [0x00000000e0400000, 0x00000000fd680000, 0x0000000100000000)
  eden space 473088K, 100% used [0x00000000e0400000,0x00000000fd200000,0x00000000fd200000)
  from space 512K, 37% used [0x00000000fd200000,0x00000000fd230000,0x00000000fd280000)
  to   space 512K, 0% used [0x00000000fd600000,0x00000000fd600000,0x00000000fd680000)
 ParOldGen       total 223232K, used 197211K [0x00000000a0c00000, 0x00000000ae600000, 0x00000000e0400000)
  object space 223232K, 88% used [0x00000000a0c00000,0x00000000acc96d50,0x00000000ae600000)
 Metaspace       used 17984K, capacity 18185K, committed 18432K, reserved 1067008K
  class space    used 1710K, capacity 1761K, committed 1792K, reserved 1048576K
Event: 56.482 GC heap after
Heap after GC invocations=111 (full 3):
 PSYoungGen      total 477184K, used 160K [0x00000000e0400000, 0x00000000fd700000, 0x0000000100000000)
  eden space 476672K, 0% used [0x00000000e0400000,0x00000000e0400000,0x00000000fd580000)
  from space 512K, 31% used [0x00000000fd600000,0x00000000fd628000,0x00000000fd680000)
  to   space 512K, 0% used [0x00000000fd580000,0x00000000fd580000,0x00000000fd600000)
 ParOldGen       total 223232K, used 205311K [0x00000000a0c00000, 0x00000000ae600000, 0x00000000e0400000)
  object space 223232K, 91% used [0x00000000a0c00000,0x00000000ad47fd60,0x00000000ae600000)
 Metaspace       used 17984K, capacity 18185K, committed 18432K, reserved 1067008K
  class space    used 1710K, capacity 1761K, committed 1792K, reserved 1048576K
}
Event: 57.073 GC heap before
{Heap before GC invocations=112 (full 3):
 PSYoungGen      total 477184K, used 471468K [0x00000000e0400000, 0x00000000fd700000, 0x0000000100000000)
  eden space 476672K, 98% used [0x00000000e0400000,0x00000000fd043278,0x00000000fd580000)
  from space 512K, 31% used [0x00000000fd600000,0x00000000fd628000,0x00000000fd680000)
  to   space 512K, 0% used [0x00000000fd580000,0x00000000fd580000,0x00000000fd600000)
 ParOldGen       total 223232K, used 205311K [0x00000000a0c00000, 0x00000000ae600000, 0x00000000e0400000)
  object space 223232K, 91% used [0x00000000a0c00000,0x00000000ad47fd60,0x00000000ae600000)
 Metaspace       used 17984K, capacity 18185K, committed 18432K, reserved 1067008K
  class space    used 1710K, capacity 1761K, committed 1792K, reserved 1048576K
Event: 57.074 GC heap after
Heap after GC invocations=112 (full 3):
 PSYoungGen      total 477184K, used 224K [0x00000000e0400000, 0x00000000fda00000, 0x0000000100000000)
  eden space 476672K, 0% used [0x00000000e0400000,0x00000000e0400000,0x00000000fd580000)
  from space 512K, 43% used [0x00000000fd580000,0x00000000fd5b8000,0x00000000fd600000)
  to   space 512K, 0% used [0x00000000fd980000,0x00000000fd980000,0x00000000fda00000)
 ParOldGen       total 223232K, used 205335K [0x00000000a0c00000, 0x00000000ae600000, 0x00000000e0400000)
  object space 223232K, 91% used [0x00000000a0c00000,0x00000000ad485d60,0x00000000ae600000)
 Metaspace       used 17984K, capacity 18185K, committed 18432K, reserved 1067008K
  class space    used 1710K, capacity 1761K, committed 1792K, reserved 1048576K
}
Event: 57.644 GC heap before
{Heap before GC invocations=113 (full 3):
 PSYoungGen      total 477184K, used 476896K [0x00000000e0400000, 0x00000000fda00000, 0x0000000100000000)
  eden space 476672K, 100% used [0x00000000e0400000,0x00000000fd580000,0x00000000fd580000)
  from space 512K, 43% used [0x00000000fd580000,0x00000000fd5b8000,0x00000000fd600000)
  to   space 512K, 0% used [0x00000000fd980000,0x00000000fd980000,0x00000000fda00000)
 ParOldGen       total 223232K, used 205335K [0x00000000a0c00000, 0x00000000ae600000, 0x00000000e0400000)
  object space 223232K, 91% used [0x00000000a0c00000,0x00000000ad485d60,0x00000000ae600000)
 Metaspace       used 17984K, capacity 18185K, committed 18432K, reserved 1067008K
  class space    used 1710K, capacity 1761K, committed 1792K, reserved 1048576K
Event: 57.645 GC heap after
Heap after GC invocations=113 (full 3):
 PSYoungGen      total 480256K, used 192K [0x00000000e0400000, 0x00000000fda00000, 0x0000000100000000)
  eden space 479744K, 0% used [0x00000000e0400000,0x00000000e0400000,0x00000000fd880000)
  from space 512K, 37% used [0x00000000fd980000,0x00000000fd9b0000,0x00000000fda00000)
  to   space 512K, 0% used [0x00000000fd900000,0x00000000fd900000,0x00000000fd980000)
 ParOldGen       total 223232K, used 205343K [0x00000000a0c00000, 0x00000000ae600000, 0x00000000e0400000)
  object space 223232K, 91% used [0x00000000a0c00000,0x00000000ad487d60,0x00000000ae600000)
 Metaspace       used 17984K, capacity 18185K, committed 18432K, reserved 1067008K
  class space    used 1710K, capacity 1761K, committed 1792K, reserved 1048576K
}
Event: 58.243 GC heap before
{Heap before GC invocations=114 (full 3):
 PSYoungGen      total 480256K, used 479936K [0x00000000e0400000, 0x00000000fda00000, 0x0000000100000000)
  eden space 479744K, 100% used [0x00000000e0400000,0x00000000fd880000,0x00000000fd880000)
  from space 512K, 37% used [0x00000000fd980000,0x00000000fd9b0000,0x00000000fda00000)
  to   space 512K, 0% used [0x00000000fd900000,0x00000000fd900000,0x00000000fd980000)
 ParOldGen       total 223232K, used 205343K [0x00000000a0c00000, 0x00000000ae600000, 0x00000000e0400000)
  object space 223232K, 91% used [0x00000000a0c00000,0x00000000ad487d60,0x00000000ae600000)
 Metaspace       used 17984K, capacity 18185K, committed 18432K, reserved 1067008K
  class space    used 1710K, capacity 1761K, committed 1792K, reserved 1048576K
Event: 58.244 GC heap after
Heap after GC invocations=114 (full 3):
 PSYoungGen      total 480768K, used 192K [0x00000000e0400000, 0x00000000fdc80000, 0x0000000100000000)
  eden space 480256K, 0% used [0x00000000e0400000,0x00000000e0400000,0x00000000fd900000)
  from space 512K, 37% used [0x00000000fd900000,0x00000000fd930000,0x00000000fd980000)
  to   space 512K, 0% used [0x00000000fdc00000,0x00000000fdc00000,0x00000000fdc80000)
 ParOldGen       total 223232K, used 205351K [0x00000000a0c00000, 0x00000000ae600000, 0x00000000e0400000)
  object space 223232K, 91% used [0x00000000a0c00000,0x00000000ad489d60,0x00000000ae600000)
 Metaspace       used 17984K, capacity 18185K, committed 18432K, reserved 1067008K
  class space    used 1710K, capacity 1761K, committed 1792K, reserved 1048576K
}
Event: 58.830 GC heap before
{Heap before GC invocations=115 (full 3):
 PSYoungGen      total 480768K, used 480448K [0x00000000e0400000, 0x00000000fdc80000, 0x0000000100000000)
  eden space 480256K, 100% used [0x00000000e0400000,0x00000000fd900000,0x00000000fd900000)
  from space 512K, 37% used [0x00000000fd900000,0x00000000fd930000,0x00000000fd980000)
  to   space 512K, 0% used [0x00000000fdc00000,0x00000000fdc00000,0x00000000fdc80000)
 ParOldGen       total 223232K, used 205351K [0x00000000a0c00000, 0x00000000ae600000, 0x00000000e0400000)
  object space 223232K, 91% used [0x00000000a0c00000,0x00000000ad489d60,0x00000000ae600000)
 Metaspace       used 17984K, capacity 18185K, committed 18432K, reserved 1067008K
  class space    used 1710K, capacity 1761K, committed 1792K, reserved 1048576K
Event: 58.832 GC heap after
Heap after GC invocations=115 (full 3):
 PSYoungGen      total 483328K, used 128K [0x00000000e0400000, 0x00000000fdc80000, 0x0000000100000000)
  eden space 482816K, 0% used [0x00000000e0400000,0x00000000e0400000,0x00000000fdb80000)
  from space 512K, 25% used [0x00000000fdc00000,0x00000000fdc20000,0x00000000fdc80000)
  to   space 512K, 0% used [0x00000000fdb80000,0x00000000fdb80000,0x00000000fdc00000)
 ParOldGen       total 223232K, used 205351K [0x00000000a0c00000, 0x00000000ae600000, 0x00000000e0400000)
  object space 223232K, 91% used [0x00000000a0c00000,0x00000000ad489d60,0x00000000ae600000)
 Metaspace       used 17984K, capacity 18185K, committed 18432K, reserved 1067008K
  class space    used 1710K, capacity 1761K, committed 1792K, reserved 1048576K
}

