# JRE version: Java(TM) SE Runtime Environment (8.0_25-b18) (build 1.8.0_25-b18)
# Java VM: Java HotSpot(TM) 64-Bit Server VM (25.25-b02 mixed mode windows-amd64 compressed oops)
Heap:
 PSYoungGen      total 356864K, used 61002K [0x00000000e0400000, 0x00000000f6100000, 0x0000000100000000)
  eden space 356352K, 17% used [0x00000000e0400000,0x00000000e3f7a958,0x00000000f6000000)
  from space 512K, 18% used [0x00000000f6080000,0x00000000f6098000,0x00000000f6100000)
  to   space 512K, 0% used [0x00000000f6000000,0x00000000f6000000,0x00000000f6080000)
 ParOldGen       total 242688K, used 197644K [0x00000000a0c00000, 0x00000000af900000, 0x00000000e0400000)
  object space 242688K, 81% used [0x00000000a0c00000,0x00000000acd030a8,0x00000000af900000)
 Metaspace       used 18634K, capacity 18889K, committed 19072K, reserved 1067008K
  class space    used 1775K, capacity 1825K, committed 1920K, reserved 1048576K
GC Heap History (10 events):
Event: 238.127 GC heap before
{Heap before GC invocations=132 (full 4):
 PSYoungGen      total 353280K, used 348248K [0x00000000e0400000, 0x00000000f5e80000, 0x0000000100000000)
  eden space 352768K, 98% used [0x00000000e0400000,0x00000000f57fe398,0x00000000f5c80000)
  from space 512K, 18% used [0x00000000f5c80000,0x00000000f5c98000,0x00000000f5d00000)
  to   space 512K, 0% used [0x00000000f5e00000,0x00000000f5e00000,0x00000000f5e80000)
 ParOldGen       total 242688K, used 164396K [0x00000000a0c00000, 0x00000000af900000, 0x00000000e0400000)
  object space 242688K, 67% used [0x00000000a0c00000,0x00000000aac8b058,0x00000000af900000)
 Metaspace       used 18610K, capacity 18825K, committed 19072K, reserved 1067008K
  class space    used 1775K, capacity 1825K, committed 1920K, reserved 1048576K
Event: 238.130 GC heap after
Heap after GC invocations=132 (full 4):
 PSYoungGen      total 354304K, used 96K [0x00000000e0400000, 0x00000000f5e80000, 0x0000000100000000)
  eden space 353792K, 0% used [0x00000000e0400000,0x00000000e0400000,0x00000000f5d80000)
  from space 512K, 18% used [0x00000000f5e00000,0x00000000f5e18000,0x00000000f5e80000)
  to   space 512K, 0% used [0x00000000f5d80000,0x00000000f5d80000,0x00000000f5e00000)
 ParOldGen       total 242688K, used 164396K [0x00000000a0c00000, 0x00000000af900000, 0x00000000e0400000)
  object space 242688K, 67% used [0x00000000a0c00000,0x00000000aac8b058,0x00000000af900000)
 Metaspace       used 18610K, capacity 18825K, committed 19072K, reserved 1067008K
  class space    used 1775K, capacity 1825K, committed 1920K, reserved 1048576K
}
Event: 240.453 GC heap before
{Heap before GC invocations=133 (full 4):
 PSYoungGen      total 354304K, used 353888K [0x00000000e0400000, 0x00000000f5e80000, 0x0000000100000000)
  eden space 353792K, 100% used [0x00000000e0400000,0x00000000f5d80000,0x00000000f5d80000)
  from space 512K, 18% used [0x00000000f5e00000,0x00000000f5e18000,0x00000000f5e80000)
  to   space 512K, 0% used [0x00000000f5d80000,0x00000000f5d80000,0x00000000f5e00000)
 ParOldGen       total 242688K, used 164396K [0x00000000a0c00000, 0x00000000af900000, 0x00000000e0400000)
  object space 242688K, 67% used [0x00000000a0c00000,0x00000000aac8b058,0x00000000af900000)
 Metaspace       used 18610K, capacity 18825K, committed 19072K, reserved 1067008K
  class space    used 1775K, capacity 1825K, committed 1920K, reserved 1048576K
Event: 240.456 GC heap after
Heap after GC invocations=133 (full 4):
 PSYoungGen      total 354304K, used 96K [0x00000000e0400000, 0x00000000f5f80000, 0x0000000100000000)
  eden space 353792K, 0% used [0x00000000e0400000,0x00000000e0400000,0x00000000f5d80000)
  from space 512K, 18% used [0x00000000f5d80000,0x00000000f5d98000,0x00000000f5e00000)
  to   space 512K, 0% used [0x00000000f5f00000,0x00000000f5f00000,0x00000000f5f80000)
 ParOldGen       total 242688K, used 173344K [0x00000000a0c00000, 0x00000000af900000, 0x00000000e0400000)
  object space 242688K, 71% used [0x00000000a0c00000,0x00000000ab548078,0x00000000af900000)
 Metaspace       used 18610K, capacity 18825K, committed 19072K, reserved 1067008K
  class space    used 1775K, capacity 1825K, committed 1920K, reserved 1048576K
}
Event: 242.871 GC heap before
{Heap before GC invocations=134 (full 4):
 PSYoungGen      total 354304K, used 353368K [0x00000000e0400000, 0x00000000f5f80000, 0x0000000100000000)
  eden space 353792K, 99% used [0x00000000e0400000,0x00000000f5cfe350,0x00000000f5d80000)
  from space 512K, 18% used [0x00000000f5d80000,0x00000000f5d98000,0x00000000f5e00000)
  to   space 512K, 0% used [0x00000000f5f00000,0x00000000f5f00000,0x00000000f5f80000)
 ParOldGen       total 242688K, used 173344K [0x00000000a0c00000, 0x00000000af900000, 0x00000000e0400000)
  object space 242688K, 71% used [0x00000000a0c00000,0x00000000ab548078,0x00000000af900000)
 Metaspace       used 18610K, capacity 18825K, committed 19072K, reserved 1067008K
  class space    used 1775K, capacity 1825K, committed 1920K, reserved 1048576K
Event: 242.876 GC heap after
Heap after GC invocations=134 (full 4):
 PSYoungGen      total 355328K, used 128K [0x00000000e0400000, 0x00000000f6000000, 0x0000000100000000)
  eden space 354816K, 0% used [0x00000000e0400000,0x00000000e0400000,0x00000000f5e80000)
  from space 512K, 25% used [0x00000000f5f00000,0x00000000f5f20000,0x00000000f5f80000)
  to   space 512K, 0% used [0x00000000f5e80000,0x00000000f5e80000,0x00000000f5f00000)
 ParOldGen       total 242688K, used 181444K [0x00000000a0c00000, 0x00000000af900000, 0x00000000e0400000)
  object space 242688K, 74% used [0x00000000a0c00000,0x00000000abd31088,0x00000000af900000)
 Metaspace       used 18610K, capacity 18825K, committed 19072K, reserved 1067008K
  class space    used 1775K, capacity 1825K, committed 1920K, reserved 1048576K
}
Event: 245.268 GC heap before
{Heap before GC invocations=135 (full 4):
 PSYoungGen      total 355328K, used 354257K [0x00000000e0400000, 0x00000000f6000000, 0x0000000100000000)
  eden space 354816K, 99% used [0x00000000e0400000,0x00000000f5dd46a0,0x00000000f5e80000)
  from space 512K, 25% used [0x00000000f5f00000,0x00000000f5f20000,0x00000000f5f80000)
  to   space 512K, 0% used [0x00000000f5e80000,0x00000000f5e80000,0x00000000f5f00000)
 ParOldGen       total 242688K, used 181444K [0x00000000a0c00000, 0x00000000af900000, 0x00000000e0400000)
  object space 242688K, 74% used [0x00000000a0c00000,0x00000000abd31088,0x00000000af900000)
 Metaspace       used 18611K, capacity 18825K, committed 19072K, reserved 1067008K
  class space    used 1775K, capacity 1825K, committed 1920K, reserved 1048576K
Event: 245.274 GC heap after
Heap after GC invocations=135 (full 4):
 PSYoungGen      total 355328K, used 96K [0x00000000e0400000, 0x00000000f6100000, 0x0000000100000000)
  eden space 354816K, 0% used [0x00000000e0400000,0x00000000e0400000,0x00000000f5e80000)
  from space 512K, 18% used [0x00000000f5e80000,0x00000000f5e98000,0x00000000f5f00000)
  to   space 512K, 0% used [0x00000000f6080000,0x00000000f6080000,0x00000000f6100000)
 ParOldGen       total 242688K, used 189544K [0x00000000a0c00000, 0x00000000af900000, 0x00000000e0400000)
  object space 242688K, 78% used [0x00000000a0c00000,0x00000000ac51a098,0x00000000af900000)
 Metaspace       used 18611K, capacity 18825K, committed 19072K, reserved 1067008K
  class space    used 1775K, capacity 1825K, committed 1920K, reserved 1048576K
}
Event: 247.655 GC heap before
{Heap before GC invocations=136 (full 4):
 PSYoungGen      total 355328K, used 354912K [0x00000000e0400000, 0x00000000f6100000, 0x0000000100000000)
  eden space 354816K, 100% used [0x00000000e0400000,0x00000000f5e80000,0x00000000f5e80000)
  from space 512K, 18% used [0x00000000f5e80000,0x00000000f5e98000,0x00000000f5f00000)
  to   space 512K, 0% used [0x00000000f6080000,0x00000000f6080000,0x00000000f6100000)
 ParOldGen       total 242688K, used 189544K [0x00000000a0c00000, 0x00000000af900000, 0x00000000e0400000)
  object space 242688K, 78% used [0x00000000a0c00000,0x00000000ac51a098,0x00000000af900000)
 Metaspace       used 18623K, capacity 18889K, committed 19072K, reserved 1067008K
  class space    used 1775K, capacity 1825K, committed 1920K, reserved 1048576K
Event: 247.659 GC heap after
Heap after GC invocations=136 (full 4):
 PSYoungGen      total 356864K, used 96K [0x00000000e0400000, 0x00000000f6100000, 0x0000000100000000)
  eden space 356352K, 0% used [0x00000000e0400000,0x00000000e0400000,0x00000000f6000000)
  from space 512K, 18% used [0x00000000f6080000,0x00000000f6098000,0x00000000f6100000)
  to   space 512K, 0% used [0x00000000f6000000,0x00000000f6000000,0x00000000f6080000)
 ParOldGen       total 242688K, used 197644K [0x00000000a0c00000, 0x00000000af900000, 0x00000000e0400000)
  object space 242688K, 81% used [0x00000000a0c00000,0x00000000acd030a8,0x00000000af900000)
 Metaspace       used 18623K, capacity 18889K, committed 19072K, reserved 1067008K
  class space    used 1775K, capacity 1825K, committed 1920K, reserved 1048576K
}

