# JRE version: Java(TM) SE Runtime Environment (8.0_25-b18) (build 1.8.0_25-b18)
# Java VM: Java HotSpot(TM) 64-Bit Server VM (25.25-b02 mixed mode windows-amd64 compressed oops)
Heap:
 PSYoungGen      total 448512K, used 37771K [0x00000000e0400000, 0x00000000fbd00000, 0x0000000100000000)
  eden space 447488K, 8% used [0x00000000e0400000,0x00000000e28c2f10,0x00000000fb900000)
  from space 1024K, 12% used [0x00000000fb900000,0x00000000fb920000,0x00000000fba00000)
  to   space 1024K, 0% used [0x00000000fbc00000,0x00000000fbc00000,0x00000000fbd00000)
 ParOldGen       total 221184K, used 189035K [0x00000000a0c00000, 0x00000000ae400000, 0x00000000e0400000)
  object space 221184K, 85% used [0x00000000a0c00000,0x00000000ac49ac90,0x00000000ae400000)
 Metaspace       used 18118K, capacity 18345K, committed 18560K, reserved 1067008K
  class space    used 1735K, capacity 1793K, committed 1920K, reserved 1048576K
GC Heap History (10 events):
Event: 47.276 GC heap before
{Heap before GC invocations=86 (full 3):
 PSYoungGen      total 443392K, used 437574K [0x00000000e0400000, 0x00000000fb600000, 0x0000000100000000)
  eden space 442368K, 98% used [0x00000000e0400000,0x00000000faf31b90,0x00000000fb400000)
  from space 1024K, 12% used [0x00000000fb500000,0x00000000fb520000,0x00000000fb600000)
  to   space 1024K, 0% used [0x00000000fb400000,0x00000000fb400000,0x00000000fb500000)
 ParOldGen       total 221184K, used 189027K [0x00000000a0c00000, 0x00000000ae400000, 0x00000000e0400000)
  object space 221184K, 85% used [0x00000000a0c00000,0x00000000ac498c90,0x00000000ae400000)
 Metaspace       used 18061K, capacity 18281K, committed 18560K, reserved 1067008K
  class space    used 1735K, capacity 1793K, committed 1920K, reserved 1048576K
Event: 47.277 GC heap after
Heap after GC invocations=86 (full 3):
 PSYoungGen      total 443392K, used 128K [0x00000000e0400000, 0x00000000fb880000, 0x0000000100000000)
  eden space 442368K, 0% used [0x00000000e0400000,0x00000000e0400000,0x00000000fb400000)
  from space 1024K, 12% used [0x00000000fb400000,0x00000000fb420000,0x00000000fb500000)
  to   space 1024K, 0% used [0x00000000fb780000,0x00000000fb780000,0x00000000fb880000)
 ParOldGen       total 221184K, used 189027K [0x00000000a0c00000, 0x00000000ae400000, 0x00000000e0400000)
  object space 221184K, 85% used [0x00000000a0c00000,0x00000000ac498c90,0x00000000ae400000)
 Metaspace       used 18061K, capacity 18281K, committed 18560K, reserved 1067008K
  class space    used 1735K, capacity 1793K, committed 1920K, reserved 1048576K
}
Event: 47.942 GC heap before
{Heap before GC invocations=87 (full 3):
 PSYoungGen      total 443392K, used 438024K [0x00000000e0400000, 0x00000000fb880000, 0x0000000100000000)
  eden space 442368K, 98% used [0x00000000e0400000,0x00000000fafa23c0,0x00000000fb400000)
  from space 1024K, 12% used [0x00000000fb400000,0x00000000fb420000,0x00000000fb500000)
  to   space 1024K, 0% used [0x00000000fb780000,0x00000000fb780000,0x00000000fb880000)
 ParOldGen       total 221184K, used 189027K [0x00000000a0c00000, 0x00000000ae400000, 0x00000000e0400000)
  object space 221184K, 85% used [0x00000000a0c00000,0x00000000ac498c90,0x00000000ae400000)
 Metaspace       used 18061K, capacity 18281K, committed 18560K, reserved 1067008K
  class space    used 1735K, capacity 1793K, committed 1920K, reserved 1048576K
Event: 47.943 GC heap after
Heap after GC invocations=87 (full 3):
 PSYoungGen      total 445952K, used 160K [0x00000000e0400000, 0x00000000fb880000, 0x0000000100000000)
  eden space 444928K, 0% used [0x00000000e0400000,0x00000000e0400000,0x00000000fb680000)
  from space 1024K, 15% used [0x00000000fb780000,0x00000000fb7a8000,0x00000000fb880000)
  to   space 1024K, 0% used [0x00000000fb680000,0x00000000fb680000,0x00000000fb780000)
 ParOldGen       total 221184K, used 189027K [0x00000000a0c00000, 0x00000000ae400000, 0x00000000e0400000)
  object space 221184K, 85% used [0x00000000a0c00000,0x00000000ac498c90,0x00000000ae400000)
 Metaspace       used 18061K, capacity 18281K, committed 18560K, reserved 1067008K
  class space    used 1735K, capacity 1793K, committed 1920K, reserved 1048576K
}
Event: 48.609 GC heap before
{Heap before GC invocations=88 (full 3):
 PSYoungGen      total 445952K, used 440104K [0x00000000e0400000, 0x00000000fb880000, 0x0000000100000000)
  eden space 444928K, 98% used [0x00000000e0400000,0x00000000fb1a2360,0x00000000fb680000)
  from space 1024K, 15% used [0x00000000fb780000,0x00000000fb7a8000,0x00000000fb880000)
  to   space 1024K, 0% used [0x00000000fb680000,0x00000000fb680000,0x00000000fb780000)
 ParOldGen       total 221184K, used 189027K [0x00000000a0c00000, 0x00000000ae400000, 0x00000000e0400000)
  object space 221184K, 85% used [0x00000000a0c00000,0x00000000ac498c90,0x00000000ae400000)
 Metaspace       used 18061K, capacity 18281K, committed 18560K, reserved 1067008K
  class space    used 1735K, capacity 1793K, committed 1920K, reserved 1048576K
Event: 48.610 GC heap after
Heap after GC invocations=88 (full 3):
 PSYoungGen      total 445952K, used 160K [0x00000000e0400000, 0x00000000fbb00000, 0x0000000100000000)
  eden space 444928K, 0% used [0x00000000e0400000,0x00000000e0400000,0x00000000fb680000)
  from space 1024K, 15% used [0x00000000fb680000,0x00000000fb6a8000,0x00000000fb780000)
  to   space 1024K, 0% used [0x00000000fba00000,0x00000000fba00000,0x00000000fbb00000)
 ParOldGen       total 221184K, used 189027K [0x00000000a0c00000, 0x00000000ae400000, 0x00000000e0400000)
  object space 221184K, 85% used [0x00000000a0c00000,0x00000000ac498c90,0x00000000ae400000)
 Metaspace       used 18061K, capacity 18281K, committed 18560K, reserved 1067008K
  class space    used 1735K, capacity 1793K, committed 1920K, reserved 1048576K
}
Event: 49.273 GC heap before
{Heap before GC invocations=89 (full 3):
 PSYoungGen      total 445952K, used 440415K [0x00000000e0400000, 0x00000000fbb00000, 0x0000000100000000)
  eden space 444928K, 98% used [0x00000000e0400000,0x00000000fb1efde8,0x00000000fb680000)
  from space 1024K, 15% used [0x00000000fb680000,0x00000000fb6a8000,0x00000000fb780000)
  to   space 1024K, 0% used [0x00000000fba00000,0x00000000fba00000,0x00000000fbb00000)
 ParOldGen       total 221184K, used 189027K [0x00000000a0c00000, 0x00000000ae400000, 0x00000000e0400000)
  object space 221184K, 85% used [0x00000000a0c00000,0x00000000ac498c90,0x00000000ae400000)
 Metaspace       used 18067K, capacity 18281K, committed 18560K, reserved 1067008K
  class space    used 1735K, capacity 1793K, committed 1920K, reserved 1048576K
Event: 49.275 GC heap after
Heap after GC invocations=89 (full 3):
 PSYoungGen      total 448512K, used 160K [0x00000000e0400000, 0x00000000fbb00000, 0x0000000100000000)
  eden space 447488K, 0% used [0x00000000e0400000,0x00000000e0400000,0x00000000fb900000)
  from space 1024K, 15% used [0x00000000fba00000,0x00000000fba28000,0x00000000fbb00000)
  to   space 1024K, 0% used [0x00000000fb900000,0x00000000fb900000,0x00000000fba00000)
 ParOldGen       total 221184K, used 189027K [0x00000000a0c00000, 0x00000000ae400000, 0x00000000e0400000)
  object space 221184K, 85% used [0x00000000a0c00000,0x00000000ac498c90,0x00000000ae400000)
 Metaspace       used 18067K, capacity 18281K, committed 18560K, reserved 1067008K
  class space    used 1735K, capacity 1793K, committed 1920K, reserved 1048576K
}
Event: 49.990 GC heap before
{Heap before GC invocations=90 (full 3):
 PSYoungGen      total 448512K, used 447648K [0x00000000e0400000, 0x00000000fbb00000, 0x0000000100000000)
  eden space 447488K, 100% used [0x00000000e0400000,0x00000000fb900000,0x00000000fb900000)
  from space 1024K, 15% used [0x00000000fba00000,0x00000000fba28000,0x00000000fbb00000)
  to   space 1024K, 0% used [0x00000000fb900000,0x00000000fb900000,0x00000000fba00000)
 ParOldGen       total 221184K, used 189027K [0x00000000a0c00000, 0x00000000ae400000, 0x00000000e0400000)
  object space 221184K, 85% used [0x00000000a0c00000,0x00000000ac498c90,0x00000000ae400000)
 Metaspace       used 18117K, capacity 18345K, committed 18560K, reserved 1067008K
  class space    used 1735K, capacity 1793K, committed 1920K, reserved 1048576K
Event: 49.992 GC heap after
Heap after GC invocations=90 (full 3):
 PSYoungGen      total 448512K, used 128K [0x00000000e0400000, 0x00000000fbd00000, 0x0000000100000000)
  eden space 447488K, 0% used [0x00000000e0400000,0x00000000e0400000,0x00000000fb900000)
  from space 1024K, 12% used [0x00000000fb900000,0x00000000fb920000,0x00000000fba00000)
  to   space 1024K, 0% used [0x00000000fbc00000,0x00000000fbc00000,0x00000000fbd00000)
 ParOldGen       total 221184K, used 189035K [0x00000000a0c00000, 0x00000000ae400000, 0x00000000e0400000)
  object space 221184K, 85% used [0x00000000a0c00000,0x00000000ac49ac90,0x00000000ae400000)
 Metaspace       used 18117K, capacity 18345K, committed 18560K, reserved 1067008K
  class space    used 1735K, capacity 1793K, committed 1920K, reserved 1048576K
}

