# JRE version: Java(TM) SE Runtime Environment (8.0_25-b18) (build 1.8.0_25-b18)
# Java VM: Java HotSpot(TM) 64-Bit Server VM (25.25-b02 mixed mode windows-amd64 compressed oops)
Heap:
 PSYoungGen      total 375808K, used 22536K [0x00000000e0400000, 0x00000000f7980000, 0x0000000100000000)
  eden space 371200K, 6% used [0x00000000e0400000,0x00000000e19d2378,0x00000000f6e80000)
  from space 4608K, 4% used [0x00000000f6e80000,0x00000000f6eb0000,0x00000000f7300000)
  to   space 4608K, 0% used [0x00000000f7500000,0x00000000f7500000,0x00000000f7980000)
 ParOldGen       total 228352K, used 163606K [0x00000000a0c00000, 0x00000000aeb00000, 0x00000000e0400000)
  object space 228352K, 71% used [0x00000000a0c00000,0x00000000aabc5b30,0x00000000aeb00000)
 Metaspace       used 17994K, capacity 18217K, committed 18560K, reserved 1067008K
  class space    used 1735K, capacity 1793K, committed 1920K, reserved 1048576K
GC Heap History (10 events):
Event: 32.439 GC heap before
{Heap before GC invocations=82 (full 3):
 PSYoungGen      total 372736K, used 367296K [0x00000000e0400000, 0x00000000f7680000, 0x0000000100000000)
  eden space 367104K, 100% used [0x00000000e0400000,0x00000000f6a80000,0x00000000f6a80000)
  from space 5632K, 3% used [0x00000000f7100000,0x00000000f7130000,0x00000000f7680000)
  to   space 6144K, 0% used [0x00000000f6a80000,0x00000000f6a80000,0x00000000f7080000)
 ParOldGen       total 228352K, used 155426K [0x00000000a0c00000, 0x00000000aeb00000, 0x00000000e0400000)
  object space 228352K, 68% used [0x00000000a0c00000,0x00000000aa3c8b20,0x00000000aeb00000)
 Metaspace       used 17959K, capacity 18217K, committed 18560K, reserved 1067008K
  class space    used 1724K, capacity 1793K, committed 1920K, reserved 1048576K
Event: 32.444 GC heap after
Heap after GC invocations=82 (full 3):
 PSYoungGen      total 373248K, used 224K [0x00000000e0400000, 0x00000000f7800000, 0x0000000100000000)
  eden space 367104K, 0% used [0x00000000e0400000,0x00000000e0400000,0x00000000f6a80000)
  from space 6144K, 3% used [0x00000000f6a80000,0x00000000f6ab8000,0x00000000f7080000)
  to   space 5632K, 0% used [0x00000000f7280000,0x00000000f7280000,0x00000000f7800000)
 ParOldGen       total 228352K, used 163526K [0x00000000a0c00000, 0x00000000aeb00000, 0x00000000e0400000)
  object space 228352K, 71% used [0x00000000a0c00000,0x00000000aabb1b30,0x00000000aeb00000)
 Metaspace       used 17959K, capacity 18217K, committed 18560K, reserved 1067008K
  class space    used 1724K, capacity 1793K, committed 1920K, reserved 1048576K
}
Event: 32.927 GC heap before
{Heap before GC invocations=83 (full 3):
 PSYoungGen      total 373248K, used 367328K [0x00000000e0400000, 0x00000000f7800000, 0x0000000100000000)
  eden space 367104K, 100% used [0x00000000e0400000,0x00000000f6a80000,0x00000000f6a80000)
  from space 6144K, 3% used [0x00000000f6a80000,0x00000000f6ab8000,0x00000000f7080000)
  to   space 5632K, 0% used [0x00000000f7280000,0x00000000f7280000,0x00000000f7800000)
 ParOldGen       total 228352K, used 163526K [0x00000000a0c00000, 0x00000000aeb00000, 0x00000000e0400000)
  object space 228352K, 71% used [0x00000000a0c00000,0x00000000aabb1b30,0x00000000aeb00000)
 Metaspace       used 17959K, capacity 18217K, committed 18560K, reserved 1067008K
  class space    used 1724K, capacity 1793K, committed 1920K, reserved 1048576K
Event: 32.928 GC heap after
Heap after GC invocations=83 (full 3):
 PSYoungGen      total 374272K, used 224K [0x00000000e0400000, 0x00000000f7780000, 0x0000000100000000)
  eden space 369152K, 0% used [0x00000000e0400000,0x00000000e0400000,0x00000000f6c80000)
  from space 5120K, 4% used [0x00000000f7280000,0x00000000f72b8000,0x00000000f7780000)
  to   space 5632K, 0% used [0x00000000f6c80000,0x00000000f6c80000,0x00000000f7200000)
 ParOldGen       total 228352K, used 163558K [0x00000000a0c00000, 0x00000000aeb00000, 0x00000000e0400000)
  object space 228352K, 71% used [0x00000000a0c00000,0x00000000aabb9b30,0x00000000aeb00000)
 Metaspace       used 17959K, capacity 18217K, committed 18560K, reserved 1067008K
  class space    used 1724K, capacity 1793K, committed 1920K, reserved 1048576K
}
Event: 33.401 GC heap before
{Heap before GC invocations=84 (full 3):
 PSYoungGen      total 374272K, used 369376K [0x00000000e0400000, 0x00000000f7780000, 0x0000000100000000)
  eden space 369152K, 100% used [0x00000000e0400000,0x00000000f6c80000,0x00000000f6c80000)
  from space 5120K, 4% used [0x00000000f7280000,0x00000000f72b8000,0x00000000f7780000)
  to   space 5632K, 0% used [0x00000000f6c80000,0x00000000f6c80000,0x00000000f7200000)
 ParOldGen       total 228352K, used 163558K [0x00000000a0c00000, 0x00000000aeb00000, 0x00000000e0400000)
  object space 228352K, 71% used [0x00000000a0c00000,0x00000000aabb9b30,0x00000000aeb00000)
 Metaspace       used 17959K, capacity 18217K, committed 18560K, reserved 1067008K
  class space    used 1724K, capacity 1793K, committed 1920K, reserved 1048576K
Event: 33.402 GC heap after
Heap after GC invocations=84 (full 3):
 PSYoungGen      total 374784K, used 224K [0x00000000e0400000, 0x00000000f7880000, 0x0000000100000000)
  eden space 369152K, 0% used [0x00000000e0400000,0x00000000e0400000,0x00000000f6c80000)
  from space 5632K, 3% used [0x00000000f6c80000,0x00000000f6cb8000,0x00000000f7200000)
  to   space 5120K, 0% used [0x00000000f7380000,0x00000000f7380000,0x00000000f7880000)
 ParOldGen       total 228352K, used 163606K [0x00000000a0c00000, 0x00000000aeb00000, 0x00000000e0400000)
  object space 228352K, 71% used [0x00000000a0c00000,0x00000000aabc5b30,0x00000000aeb00000)
 Metaspace       used 17959K, capacity 18217K, committed 18560K, reserved 1067008K
  class space    used 1724K, capacity 1793K, committed 1920K, reserved 1048576K
}
Event: 33.860 GC heap before
{Heap before GC invocations=85 (full 3):
 PSYoungGen      total 374784K, used 369376K [0x00000000e0400000, 0x00000000f7880000, 0x0000000100000000)
  eden space 369152K, 100% used [0x00000000e0400000,0x00000000f6c80000,0x00000000f6c80000)
  from space 5632K, 3% used [0x00000000f6c80000,0x00000000f6cb8000,0x00000000f7200000)
  to   space 5120K, 0% used [0x00000000f7380000,0x00000000f7380000,0x00000000f7880000)
 ParOldGen       total 228352K, used 163606K [0x00000000a0c00000, 0x00000000aeb00000, 0x00000000e0400000)
  object space 228352K, 71% used [0x00000000a0c00000,0x00000000aabc5b30,0x00000000aeb00000)
 Metaspace       used 17959K, capacity 18217K, committed 18560K, reserved 1067008K
  class space    used 1724K, capacity 1793K, committed 1920K, reserved 1048576K
Event: 33.861 GC heap after
Heap after GC invocations=85 (full 3):
 PSYoungGen      total 375296K, used 256K [0x00000000e0400000, 0x00000000f7780000, 0x0000000100000000)
  eden space 371200K, 0% used [0x00000000e0400000,0x00000000e0400000,0x00000000f6e80000)
  from space 4096K, 6% used [0x00000000f7380000,0x00000000f73c0000,0x00000000f7780000)
  to   space 4608K, 0% used [0x00000000f6e80000,0x00000000f6e80000,0x00000000f7300000)
 ParOldGen       total 228352K, used 163606K [0x00000000a0c00000, 0x00000000aeb00000, 0x00000000e0400000)
  object space 228352K, 71% used [0x00000000a0c00000,0x00000000aabc5b30,0x00000000aeb00000)
 Metaspace       used 17959K, capacity 18217K, committed 18560K, reserved 1067008K
  class space    used 1724K, capacity 1793K, committed 1920K, reserved 1048576K
}
Event: 34.353 GC heap before
{Heap before GC invocations=86 (full 3):
 PSYoungGen      total 375296K, used 371456K [0x00000000e0400000, 0x00000000f7780000, 0x0000000100000000)
  eden space 371200K, 100% used [0x00000000e0400000,0x00000000f6e80000,0x00000000f6e80000)
  from space 4096K, 6% used [0x00000000f7380000,0x00000000f73c0000,0x00000000f7780000)
  to   space 4608K, 0% used [0x00000000f6e80000,0x00000000f6e80000,0x00000000f7300000)
 ParOldGen       total 228352K, used 163606K [0x00000000a0c00000, 0x00000000aeb00000, 0x00000000e0400000)
  object space 228352K, 71% used [0x00000000a0c00000,0x00000000aabc5b30,0x00000000aeb00000)
 Metaspace       used 17993K, capacity 18217K, committed 18560K, reserved 1067008K
  class space    used 1735K, capacity 1793K, committed 1920K, reserved 1048576K
Event: 34.354 GC heap after
Heap after GC invocations=86 (full 3):
 PSYoungGen      total 375808K, used 192K [0x00000000e0400000, 0x00000000f7980000, 0x0000000100000000)
  eden space 371200K, 0% used [0x00000000e0400000,0x00000000e0400000,0x00000000f6e80000)
  from space 4608K, 4% used [0x00000000f6e80000,0x00000000f6eb0000,0x00000000f7300000)
  to   space 4608K, 0% used [0x00000000f7500000,0x00000000f7500000,0x00000000f7980000)
 ParOldGen       total 228352K, used 163606K [0x00000000a0c00000, 0x00000000aeb00000, 0x00000000e0400000)
  object space 228352K, 71% used [0x00000000a0c00000,0x00000000aabc5b30,0x00000000aeb00000)
 Metaspace       used 17993K, capacity 18217K, committed 18560K, reserved 1067008K
  class space    used 1735K, capacity 1793K, committed 1920K, reserved 1048576K
}

