# JRE version: Java(TM) SE Runtime Environment (8.0_31-b13) (build 1.8.0_31-b13)
# Java VM: Java HotSpot(TM) 64-Bit Server VM (25.31-b07 mixed mode windows-amd64 compressed oops)
Heap:
 PSYoungGen      total 1090560K, used 244570K [0x000000076b300000, 0x00000007ae680000, 0x00000007c0000000)
  eden space 1088512K, 22% used [0x000000076b300000,0x000000077a1bebd8,0x00000007ada00000)
  from space 2048K, 4% used [0x00000007ada00000,0x00000007ada18000,0x00000007adc00000)
  to   space 2048K, 0% used [0x00000007ae480000,0x00000007ae480000,0x00000007ae680000)
 ParOldGen       total 296960K, used 197878K [0x00000006c1800000, 0x00000006d3a00000, 0x000000076b300000)
  object space 296960K, 66% used [0x00000006c1800000,0x00000006cd93d810,0x00000006d3a00000)
 Metaspace       used 18006K, capacity 18195K, committed 18432K, reserved 1067008K
  class space    used 1717K, capacity 1762K, committed 1792K, reserved 1048576K
GC Heap History (10 events):
Event: 120.063 GC heap before
{Heap before GC invocations=86 (full 1):
 PSYoungGen      total 1079808K, used 1076800K [0x000000076b300000, 0x00000007ad500000, 0x00000007c0000000)
  eden space 1076736K, 100% used [0x000000076b300000,0x00000007ace80000,0x00000007ace80000)
  from space 3072K, 2% used [0x00000007ad180000,0x00000007ad190000,0x00000007ad480000)
  to   space 3072K, 0% used [0x00000007ace80000,0x00000007ace80000,0x00000007ad180000)
 ParOldGen       total 296960K, used 189778K [0x00000006c1800000, 0x00000006d3a00000, 0x000000076b300000)
  object space 296960K, 63% used [0x00000006c1800000,0x00000006cd154800,0x00000006d3a00000)
 Metaspace       used 18005K, capacity 18195K, committed 18432K, reserved 1067008K
  class space    used 1717K, capacity 1762K, committed 1792K, reserved 1048576K
Event: 120.065 GC heap after
Heap after GC invocations=86 (full 1):
 PSYoungGen      total 1079808K, used 128K [0x000000076b300000, 0x00000007ada00000, 0x00000007c0000000)
  eden space 1076736K, 0% used [0x000000076b300000,0x000000076b300000,0x00000007ace80000)
  from space 3072K, 4% used [0x00000007ace80000,0x00000007acea0000,0x00000007ad180000)
  to   space 2560K, 0% used [0x00000007ad780000,0x00000007ad780000,0x00000007ada00000)
 ParOldGen       total 296960K, used 189778K [0x00000006c1800000, 0x00000006d3a00000, 0x000000076b300000)
  object space 296960K, 63% used [0x00000006c1800000,0x00000006cd154800,0x00000006d3a00000)
 Metaspace       used 18005K, capacity 18195K, committed 18432K, reserved 1067008K
  class space    used 1717K, capacity 1762K, committed 1792K, reserved 1048576K
}
Event: 121.763 GC heap before
{Heap before GC invocations=87 (full 1):
 PSYoungGen      total 1079808K, used 1076315K [0x000000076b300000, 0x00000007ada00000, 0x00000007c0000000)
  eden space 1076736K, 99% used [0x000000076b300000,0x00000007acdf6fe0,0x00000007ace80000)
  from space 3072K, 4% used [0x00000007ace80000,0x00000007acea0000,0x00000007ad180000)
  to   space 2560K, 0% used [0x00000007ad780000,0x00000007ad780000,0x00000007ada00000)
 ParOldGen       total 296960K, used 189778K [0x00000006c1800000, 0x00000006d3a00000, 0x000000076b300000)
  object space 296960K, 63% used [0x00000006c1800000,0x00000006cd154800,0x00000006d3a00000)
 Metaspace       used 18005K, capacity 18195K, committed 18432K, reserved 1067008K
  class space    used 1717K, capacity 1762K, committed 1792K, reserved 1048576K
Event: 121.765 GC heap after
Heap after GC invocations=87 (full 1):
 PSYoungGen      total 1084928K, used 128K [0x000000076b300000, 0x00000007ad980000, 0x00000007c0000000)
  eden space 1082880K, 0% used [0x000000076b300000,0x000000076b300000,0x00000007ad480000)
  from space 2048K, 6% used [0x00000007ad780000,0x00000007ad7a0000,0x00000007ad980000)
  to   space 2560K, 0% used [0x00000007ad480000,0x00000007ad480000,0x00000007ad700000)
 ParOldGen       total 296960K, used 189778K [0x00000006c1800000, 0x00000006d3a00000, 0x000000076b300000)
  object space 296960K, 63% used [0x00000006c1800000,0x00000006cd154800,0x00000006d3a00000)
 Metaspace       used 18005K, capacity 18195K, committed 18432K, reserved 1067008K
  class space    used 1717K, capacity 1762K, committed 1792K, reserved 1048576K
}
Event: 123.495 GC heap before
{Heap before GC invocations=88 (full 1):
 PSYoungGen      total 1084928K, used 1082504K [0x000000076b300000, 0x00000007ad980000, 0x00000007c0000000)
  eden space 1082880K, 99% used [0x000000076b300000,0x00000007ad4021e8,0x00000007ad480000)
  from space 2048K, 6% used [0x00000007ad780000,0x00000007ad7a0000,0x00000007ad980000)
  to   space 2560K, 0% used [0x00000007ad480000,0x00000007ad480000,0x00000007ad700000)
 ParOldGen       total 296960K, used 189778K [0x00000006c1800000, 0x00000006d3a00000, 0x000000076b300000)
  object space 296960K, 63% used [0x00000006c1800000,0x00000006cd154800,0x00000006d3a00000)
 Metaspace       used 18005K, capacity 18195K, committed 18432K, reserved 1067008K
  class space    used 1717K, capacity 1762K, committed 1792K, reserved 1048576K
Event: 123.497 GC heap after
Heap after GC invocations=88 (full 1):
 PSYoungGen      total 1085440K, used 128K [0x000000076b300000, 0x00000007adf00000, 0x00000007c0000000)
  eden space 1082880K, 0% used [0x000000076b300000,0x000000076b300000,0x00000007ad480000)
  from space 2560K, 5% used [0x00000007ad480000,0x00000007ad4a0000,0x00000007ad700000)
  to   space 2560K, 0% used [0x00000007adc80000,0x00000007adc80000,0x00000007adf00000)
 ParOldGen       total 296960K, used 189778K [0x00000006c1800000, 0x00000006d3a00000, 0x000000076b300000)
  object space 296960K, 63% used [0x00000006c1800000,0x00000006cd154800,0x00000006d3a00000)
 Metaspace       used 18005K, capacity 18195K, committed 18432K, reserved 1067008K
  class space    used 1717K, capacity 1762K, committed 1792K, reserved 1048576K
}
Event: 125.230 GC heap before
{Heap before GC invocations=89 (full 1):
 PSYoungGen      total 1085440K, used 1081191K [0x000000076b300000, 0x00000007adf00000, 0x00000007c0000000)
  eden space 1082880K, 99% used [0x000000076b300000,0x00000007ad2b9c78,0x00000007ad480000)
  from space 2560K, 5% used [0x00000007ad480000,0x00000007ad4a0000,0x00000007ad700000)
  to   space 2560K, 0% used [0x00000007adc80000,0x00000007adc80000,0x00000007adf00000)
 ParOldGen       total 296960K, used 189778K [0x00000006c1800000, 0x00000006d3a00000, 0x000000076b300000)
  object space 296960K, 63% used [0x00000006c1800000,0x00000006cd154800,0x00000006d3a00000)
 Metaspace       used 18005K, capacity 18195K, committed 18432K, reserved 1067008K
  class space    used 1717K, capacity 1762K, committed 1792K, reserved 1048576K
Event: 125.232 GC heap after
Heap after GC invocations=89 (full 1):
 PSYoungGen      total 1090048K, used 128K [0x000000076b300000, 0x00000007ade00000, 0x00000007c0000000)
  eden space 1088512K, 0% used [0x000000076b300000,0x000000076b300000,0x00000007ada00000)
  from space 1536K, 8% used [0x00000007adc80000,0x00000007adca0000,0x00000007ade00000)
  to   space 2048K, 0% used [0x00000007ada00000,0x00000007ada00000,0x00000007adc00000)
 ParOldGen       total 296960K, used 189778K [0x00000006c1800000, 0x00000006d3a00000, 0x000000076b300000)
  object space 296960K, 63% used [0x00000006c1800000,0x00000006cd154800,0x00000006d3a00000)
 Metaspace       used 18005K, capacity 18195K, committed 18432K, reserved 1067008K
  class space    used 1717K, capacity 1762K, committed 1792K, reserved 1048576K
}
Event: 126.968 GC heap before
{Heap before GC invocations=90 (full 1):
 PSYoungGen      total 1090048K, used 1088640K [0x000000076b300000, 0x00000007ade00000, 0x00000007c0000000)
  eden space 1088512K, 100% used [0x000000076b300000,0x00000007ada00000,0x00000007ada00000)
  from space 1536K, 8% used [0x00000007adc80000,0x00000007adca0000,0x00000007ade00000)
  to   space 2048K, 0% used [0x00000007ada00000,0x00000007ada00000,0x00000007adc00000)
 ParOldGen       total 296960K, used 189778K [0x00000006c1800000, 0x00000006d3a00000, 0x000000076b300000)
  object space 296960K, 63% used [0x00000006c1800000,0x00000006cd154800,0x00000006d3a00000)
 Metaspace       used 18005K, capacity 18195K, committed 18432K, reserved 1067008K
  class space    used 1717K, capacity 1762K, committed 1792K, reserved 1048576K
Event: 126.974 GC heap after
Heap after GC invocations=90 (full 1):
 PSYoungGen      total 1090560K, used 96K [0x000000076b300000, 0x00000007ae680000, 0x00000007c0000000)
  eden space 1088512K, 0% used [0x000000076b300000,0x000000076b300000,0x00000007ada00000)
  from space 2048K, 4% used [0x00000007ada00000,0x00000007ada18000,0x00000007adc00000)
  to   space 2048K, 0% used [0x00000007ae480000,0x00000007ae480000,0x00000007ae680000)
 ParOldGen       total 296960K, used 197878K [0x00000006c1800000, 0x00000006d3a00000, 0x000000076b300000)
  object space 296960K, 66% used [0x00000006c1800000,0x00000006cd93d810,0x00000006d3a00000)
 Metaspace       used 18005K, capacity 18195K, committed 18432K, reserved 1067008K
  class space    used 1717K, capacity 1762K, committed 1792K, reserved 1048576K
}

