# JRE version: Java(TM) SE Runtime Environment (8.0_25-b18) (build 1.8.0_25-b18)
# Java VM: Java HotSpot(TM) 64-Bit Server VM (25.25-b02 mixed mode windows-amd64 compressed oops)
Heap:
 PSYoungGen      total 292352K, used 183965K [0x00000000e0400000, 0x00000000f3680000, 0x0000000100000000)
  eden space 272896K, 67% used [0x00000000e0400000,0x00000000eb767560,0x00000000f0e80000)
  from space 19456K, 1% used [0x00000000f2380000,0x00000000f23c0000,0x00000000f3680000)
  to   space 20480K, 0% used [0x00000000f0e80000,0x00000000f0e80000,0x00000000f2280000)
 ParOldGen       total 227840K, used 155046K [0x00000000a0c00000, 0x00000000aea80000, 0x00000000e0400000)
  object space 227840K, 68% used [0x00000000a0c00000,0x00000000aa369840,0x00000000aea80000)
 Metaspace       used 18650K, capacity 18831K, committed 19072K, reserved 1067008K
  class space    used 1774K, capacity 1826K, committed 1920K, reserved 1048576K
GC Heap History (10 events):
Event: 25.783 GC heap before
{Heap before GC invocations=37 (full 3):
 PSYoungGen      total 296448K, used 265365K [0x00000000e0400000, 0x00000000f3e80000, 0x0000000100000000)
  eden space 269824K, 98% used [0x00000000e0400000,0x00000000f06855b0,0x00000000f0b80000)
  from space 26624K, 2% used [0x00000000f0b80000,0x00000000f0c20000,0x00000000f2580000)
  to   space 25600K, 0% used [0x00000000f2580000,0x00000000f2580000,0x00000000f3e80000)
 ParOldGen       total 227840K, used 154432K [0x00000000a0c00000, 0x00000000aea80000, 0x00000000e0400000)
  object space 227840K, 67% used [0x00000000a0c00000,0x00000000aa2d03d0,0x00000000aea80000)
 Metaspace       used 18649K, capacity 18831K, committed 19072K, reserved 1067008K
  class space    used 1774K, capacity 1826K, committed 1920K, reserved 1048576K
Event: 25.784 GC heap after
Heap after GC invocations=37 (full 3):
 PSYoungGen      total 294400K, used 704K [0x00000000e0400000, 0x00000000f3c80000, 0x0000000100000000)
  eden space 270848K, 0% used [0x00000000e0400000,0x00000000e0400000,0x00000000f0c80000)
  from space 23552K, 2% used [0x00000000f2580000,0x00000000f2630000,0x00000000f3c80000)
  to   space 24576K, 0% used [0x00000000f0c80000,0x00000000f0c80000,0x00000000f2480000)
 ParOldGen       total 227840K, used 154448K [0x00000000a0c00000, 0x00000000aea80000, 0x00000000e0400000)
  object space 227840K, 67% used [0x00000000a0c00000,0x00000000aa2d43d0,0x00000000aea80000)
 Metaspace       used 18649K, capacity 18831K, committed 19072K, reserved 1067008K
  class space    used 1774K, capacity 1826K, committed 1920K, reserved 1048576K
}
Event: 26.846 GC heap before
{Heap before GC invocations=38 (full 3):
 PSYoungGen      total 294400K, used 265447K [0x00000000e0400000, 0x00000000f3c80000, 0x0000000100000000)
  eden space 270848K, 97% used [0x00000000e0400000,0x00000000f0689d58,0x00000000f0c80000)
  from space 23552K, 2% used [0x00000000f2580000,0x00000000f2630000,0x00000000f3c80000)
  to   space 24576K, 0% used [0x00000000f0c80000,0x00000000f0c80000,0x00000000f2480000)
 ParOldGen       total 227840K, used 154448K [0x00000000a0c00000, 0x00000000aea80000, 0x00000000e0400000)
  object space 227840K, 67% used [0x00000000a0c00000,0x00000000aa2d43d0,0x00000000aea80000)
 Metaspace       used 18649K, capacity 18831K, committed 19072K, reserved 1067008K
  class space    used 1774K, capacity 1826K, committed 1920K, reserved 1048576K
Event: 26.847 GC heap after
Heap after GC invocations=38 (full 3):
 PSYoungGen      total 295424K, used 672K [0x00000000e0400000, 0x00000000f3b80000, 0x0000000100000000)
  eden space 270848K, 0% used [0x00000000e0400000,0x00000000e0400000,0x00000000f0c80000)
  from space 24576K, 2% used [0x00000000f0c80000,0x00000000f0d28000,0x00000000f2480000)
  to   space 23552K, 0% used [0x00000000f2480000,0x00000000f2480000,0x00000000f3b80000)
 ParOldGen       total 227840K, used 154448K [0x00000000a0c00000, 0x00000000aea80000, 0x00000000e0400000)
  object space 227840K, 67% used [0x00000000a0c00000,0x00000000aa2d43d0,0x00000000aea80000)
 Metaspace       used 18649K, capacity 18831K, committed 19072K, reserved 1067008K
  class space    used 1774K, capacity 1826K, committed 1920K, reserved 1048576K
}
Event: 27.914 GC heap before
{Heap before GC invocations=39 (full 3):
 PSYoungGen      total 295424K, used 265416K [0x00000000e0400000, 0x00000000f3b80000, 0x0000000100000000)
  eden space 270848K, 97% used [0x00000000e0400000,0x00000000f068a0b0,0x00000000f0c80000)
  from space 24576K, 2% used [0x00000000f0c80000,0x00000000f0d28000,0x00000000f2480000)
  to   space 23552K, 0% used [0x00000000f2480000,0x00000000f2480000,0x00000000f3b80000)
 ParOldGen       total 227840K, used 154448K [0x00000000a0c00000, 0x00000000aea80000, 0x00000000e0400000)
  object space 227840K, 67% used [0x00000000a0c00000,0x00000000aa2d43d0,0x00000000aea80000)
 Metaspace       used 18649K, capacity 18831K, committed 19072K, reserved 1067008K
  class space    used 1774K, capacity 1826K, committed 1920K, reserved 1048576K
Event: 27.916 GC heap after
Heap after GC invocations=39 (full 3):
 PSYoungGen      total 293376K, used 672K [0x00000000e0400000, 0x00000000f3980000, 0x0000000100000000)
  eden space 271872K, 0% used [0x00000000e0400000,0x00000000e0400000,0x00000000f0d80000)
  from space 21504K, 3% used [0x00000000f2480000,0x00000000f2528000,0x00000000f3980000)
  to   space 22528K, 0% used [0x00000000f0d80000,0x00000000f0d80000,0x00000000f2380000)
 ParOldGen       total 227840K, used 154472K [0x00000000a0c00000, 0x00000000aea80000, 0x00000000e0400000)
  object space 227840K, 67% used [0x00000000a0c00000,0x00000000aa2da3d0,0x00000000aea80000)
 Metaspace       used 18649K, capacity 18831K, committed 19072K, reserved 1067008K
  class space    used 1774K, capacity 1826K, committed 1920K, reserved 1048576K
}
Event: 28.981 GC heap before
{Heap before GC invocations=40 (full 3):
 PSYoungGen      total 293376K, used 265435K [0x00000000e0400000, 0x00000000f3980000, 0x0000000100000000)
  eden space 271872K, 97% used [0x00000000e0400000,0x00000000f068ee78,0x00000000f0d80000)
  from space 21504K, 3% used [0x00000000f2480000,0x00000000f2528000,0x00000000f3980000)
  to   space 22528K, 0% used [0x00000000f0d80000,0x00000000f0d80000,0x00000000f2380000)
 ParOldGen       total 227840K, used 154472K [0x00000000a0c00000, 0x00000000aea80000, 0x00000000e0400000)
  object space 227840K, 67% used [0x00000000a0c00000,0x00000000aa2da3d0,0x00000000aea80000)
 Metaspace       used 18649K, capacity 18831K, committed 19072K, reserved 1067008K
  class space    used 1774K, capacity 1826K, committed 1920K, reserved 1048576K
Event: 28.982 GC heap after
Heap after GC invocations=40 (full 3):
 PSYoungGen      total 294400K, used 672K [0x00000000e0400000, 0x00000000f3880000, 0x0000000100000000)
  eden space 271872K, 0% used [0x00000000e0400000,0x00000000e0400000,0x00000000f0d80000)
  from space 22528K, 2% used [0x00000000f0d80000,0x00000000f0e28000,0x00000000f2380000)
  to   space 21504K, 0% used [0x00000000f2380000,0x00000000f2380000,0x00000000f3880000)
 ParOldGen       total 227840K, used 154488K [0x00000000a0c00000, 0x00000000aea80000, 0x00000000e0400000)
  object space 227840K, 67% used [0x00000000a0c00000,0x00000000aa2de3d0,0x00000000aea80000)
 Metaspace       used 18649K, capacity 18831K, committed 19072K, reserved 1067008K
  class space    used 1774K, capacity 1826K, committed 1920K, reserved 1048576K
}
Event: 30.046 GC heap before
{Heap before GC invocations=41 (full 3):
 PSYoungGen      total 294400K, used 265435K [0x00000000e0400000, 0x00000000f3880000, 0x0000000100000000)
  eden space 271872K, 97% used [0x00000000e0400000,0x00000000f068eec0,0x00000000f0d80000)
  from space 22528K, 2% used [0x00000000f0d80000,0x00000000f0e28000,0x00000000f2380000)
  to   space 21504K, 0% used [0x00000000f2380000,0x00000000f2380000,0x00000000f3880000)
 ParOldGen       total 227840K, used 154488K [0x00000000a0c00000, 0x00000000aea80000, 0x00000000e0400000)
  object space 227840K, 67% used [0x00000000a0c00000,0x00000000aa2de3d0,0x00000000aea80000)
 Metaspace       used 18649K, capacity 18831K, committed 19072K, reserved 1067008K
  class space    used 1774K, capacity 1826K, committed 1920K, reserved 1048576K
Event: 30.048 GC heap after
Heap after GC invocations=41 (full 3):
 PSYoungGen      total 292352K, used 256K [0x00000000e0400000, 0x00000000f3680000, 0x0000000100000000)
  eden space 272896K, 0% used [0x00000000e0400000,0x00000000e0400000,0x00000000f0e80000)
  from space 19456K, 1% used [0x00000000f2380000,0x00000000f23c0000,0x00000000f3680000)
  to   space 20480K, 0% used [0x00000000f0e80000,0x00000000f0e80000,0x00000000f2280000)
 ParOldGen       total 227840K, used 155046K [0x00000000a0c00000, 0x00000000aea80000, 0x00000000e0400000)
  object space 227840K, 68% used [0x00000000a0c00000,0x00000000aa369840,0x00000000aea80000)
 Metaspace       used 18649K, capacity 18831K, committed 19072K, reserved 1067008K
  class space    used 1774K, capacity 1826K, committed 1920K, reserved 1048576K
}

