# JRE version: Java(TM) SE Runtime Environment (8.0_25-b18) (build 1.8.0_25-b18)
# Java VM: Java HotSpot(TM) 64-Bit Server VM (25.25-b02 mixed mode windows-amd64 compressed oops)
Heap:
 PSYoungGen      total 453120K, used 436249K [0x00000000e0400000, 0x00000000fbf80000, 0x0000000100000000)
  eden space 452608K, 96% used [0x00000000e0400000,0x00000000fade6708,0x00000000fbe00000)
  from space 512K, 25% used [0x00000000fbe80000,0x00000000fbea0000,0x00000000fbf00000)
  to   space 512K, 0% used [0x00000000fbe00000,0x00000000fbe00000,0x00000000fbe80000)
 ParOldGen       total 224768K, used 204580K [0x00000000a0c00000, 0x00000000ae780000, 0x00000000e0400000)
  object space 224768K, 91% used [0x00000000a0c00000,0x00000000ad3c9140,0x00000000ae780000)
 Metaspace       used 18204K, capacity 18409K, committed 18560K, reserved 1067008K
  class space    used 1735K, capacity 1793K, committed 1920K, reserved 1048576K
GC Heap History (10 events):
Event: 49.310 GC heap before
{Heap before GC invocations=105 (full 3):
 PSYoungGen      total 447488K, used 446656K [0x00000000e0400000, 0x00000000fbc00000, 0x0000000100000000)
  eden space 446464K, 100% used [0x00000000e0400000,0x00000000fb800000,0x00000000fb800000)
  from space 1024K, 18% used [0x00000000fb800000,0x00000000fb830000,0x00000000fb900000)
  to   space 1024K, 0% used [0x00000000fbb00000,0x00000000fbb00000,0x00000000fbc00000)
 ParOldGen       total 224768K, used 204580K [0x00000000a0c00000, 0x00000000ae780000, 0x00000000e0400000)
  object space 224768K, 91% used [0x00000000a0c00000,0x00000000ad3c9140,0x00000000ae780000)
 Metaspace       used 18203K, capacity 18409K, committed 18560K, reserved 1067008K
  class space    used 1735K, capacity 1793K, committed 1920K, reserved 1048576K
Event: 49.311 GC heap after
Heap after GC invocations=105 (full 3):
 PSYoungGen      total 449536K, used 160K [0x00000000e0400000, 0x00000000fbc00000, 0x0000000100000000)
  eden space 448512K, 0% used [0x00000000e0400000,0x00000000e0400000,0x00000000fba00000)
  from space 1024K, 15% used [0x00000000fbb00000,0x00000000fbb28000,0x00000000fbc00000)
  to   space 1024K, 0% used [0x00000000fba00000,0x00000000fba00000,0x00000000fbb00000)
 ParOldGen       total 224768K, used 204580K [0x00000000a0c00000, 0x00000000ae780000, 0x00000000e0400000)
  object space 224768K, 91% used [0x00000000a0c00000,0x00000000ad3c9140,0x00000000ae780000)
 Metaspace       used 18203K, capacity 18409K, committed 18560K, reserved 1067008K
  class space    used 1735K, capacity 1793K, committed 1920K, reserved 1048576K
}
Event: 49.879 GC heap before
{Heap before GC invocations=106 (full 3):
 PSYoungGen      total 449536K, used 442396K [0x00000000e0400000, 0x00000000fbc00000, 0x0000000100000000)
  eden space 448512K, 98% used [0x00000000e0400000,0x00000000fb3df308,0x00000000fba00000)
  from space 1024K, 15% used [0x00000000fbb00000,0x00000000fbb28000,0x00000000fbc00000)
  to   space 1024K, 0% used [0x00000000fba00000,0x00000000fba00000,0x00000000fbb00000)
 ParOldGen       total 224768K, used 204580K [0x00000000a0c00000, 0x00000000ae780000, 0x00000000e0400000)
  object space 224768K, 91% used [0x00000000a0c00000,0x00000000ad3c9140,0x00000000ae780000)
 Metaspace       used 18203K, capacity 18409K, committed 18560K, reserved 1067008K
  class space    used 1735K, capacity 1793K, committed 1920K, reserved 1048576K
Event: 49.880 GC heap after
Heap after GC invocations=106 (full 3):
 PSYoungGen      total 449536K, used 160K [0x00000000e0400000, 0x00000000fbe00000, 0x0000000100000000)
  eden space 448512K, 0% used [0x00000000e0400000,0x00000000e0400000,0x00000000fba00000)
  from space 1024K, 15% used [0x00000000fba00000,0x00000000fba28000,0x00000000fbb00000)
  to   space 1024K, 0% used [0x00000000fbd00000,0x00000000fbd00000,0x00000000fbe00000)
 ParOldGen       total 224768K, used 204580K [0x00000000a0c00000, 0x00000000ae780000, 0x00000000e0400000)
  object space 224768K, 91% used [0x00000000a0c00000,0x00000000ad3c9140,0x00000000ae780000)
 Metaspace       used 18203K, capacity 18409K, committed 18560K, reserved 1067008K
  class space    used 1735K, capacity 1793K, committed 1920K, reserved 1048576K
}
Event: 50.461 GC heap before
{Heap before GC invocations=107 (full 3):
 PSYoungGen      total 449536K, used 448672K [0x00000000e0400000, 0x00000000fbe00000, 0x0000000100000000)
  eden space 448512K, 100% used [0x00000000e0400000,0x00000000fba00000,0x00000000fba00000)
  from space 1024K, 15% used [0x00000000fba00000,0x00000000fba28000,0x00000000fbb00000)
  to   space 1024K, 0% used [0x00000000fbd00000,0x00000000fbd00000,0x00000000fbe00000)
 ParOldGen       total 224768K, used 204580K [0x00000000a0c00000, 0x00000000ae780000, 0x00000000e0400000)
  object space 224768K, 91% used [0x00000000a0c00000,0x00000000ad3c9140,0x00000000ae780000)
 Metaspace       used 18203K, capacity 18409K, committed 18560K, reserved 1067008K
  class space    used 1735K, capacity 1793K, committed 1920K, reserved 1048576K
Event: 50.463 GC heap after
Heap after GC invocations=107 (full 3):
 PSYoungGen      total 451072K, used 224K [0x00000000e0400000, 0x00000000fbd80000, 0x0000000100000000)
  eden space 450560K, 0% used [0x00000000e0400000,0x00000000e0400000,0x00000000fbc00000)
  from space 512K, 43% used [0x00000000fbd00000,0x00000000fbd38000,0x00000000fbd80000)
  to   space 512K, 0% used [0x00000000fbc80000,0x00000000fbc80000,0x00000000fbd00000)
 ParOldGen       total 224768K, used 204580K [0x00000000a0c00000, 0x00000000ae780000, 0x00000000e0400000)
  object space 224768K, 91% used [0x00000000a0c00000,0x00000000ad3c9140,0x00000000ae780000)
 Metaspace       used 18203K, capacity 18409K, committed 18560K, reserved 1067008K
  class space    used 1735K, capacity 1793K, committed 1920K, reserved 1048576K
}
Event: 51.084 GC heap before
{Heap before GC invocations=108 (full 3):
 PSYoungGen      total 451072K, used 450784K [0x00000000e0400000, 0x00000000fbd80000, 0x0000000100000000)
  eden space 450560K, 100% used [0x00000000e0400000,0x00000000fbc00000,0x00000000fbc00000)
  from space 512K, 43% used [0x00000000fbd00000,0x00000000fbd38000,0x00000000fbd80000)
  to   space 512K, 0% used [0x00000000fbc80000,0x00000000fbc80000,0x00000000fbd00000)
 ParOldGen       total 224768K, used 204580K [0x00000000a0c00000, 0x00000000ae780000, 0x00000000e0400000)
  object space 224768K, 91% used [0x00000000a0c00000,0x00000000ad3c9140,0x00000000ae780000)
 Metaspace       used 18203K, capacity 18409K, committed 18560K, reserved 1067008K
  class space    used 1735K, capacity 1793K, committed 1920K, reserved 1048576K
Event: 51.086 GC heap after
Heap after GC invocations=108 (full 3):
 PSYoungGen      total 451584K, used 160K [0x00000000e0400000, 0x00000000fbf00000, 0x0000000100000000)
  eden space 451072K, 0% used [0x00000000e0400000,0x00000000e0400000,0x00000000fbc80000)
  from space 512K, 31% used [0x00000000fbc80000,0x00000000fbca8000,0x00000000fbd00000)
  to   space 512K, 0% used [0x00000000fbe80000,0x00000000fbe80000,0x00000000fbf00000)
 ParOldGen       total 224768K, used 204580K [0x00000000a0c00000, 0x00000000ae780000, 0x00000000e0400000)
  object space 224768K, 91% used [0x00000000a0c00000,0x00000000ad3c9140,0x00000000ae780000)
 Metaspace       used 18203K, capacity 18409K, committed 18560K, reserved 1067008K
  class space    used 1735K, capacity 1793K, committed 1920K, reserved 1048576K
}
Event: 51.677 GC heap before
{Heap before GC invocations=109 (full 3):
 PSYoungGen      total 451584K, used 447640K [0x00000000e0400000, 0x00000000fbf00000, 0x0000000100000000)
  eden space 451072K, 99% used [0x00000000e0400000,0x00000000fb8fe1d0,0x00000000fbc80000)
  from space 512K, 31% used [0x00000000fbc80000,0x00000000fbca8000,0x00000000fbd00000)
  to   space 512K, 0% used [0x00000000fbe80000,0x00000000fbe80000,0x00000000fbf00000)
 ParOldGen       total 224768K, used 204580K [0x00000000a0c00000, 0x00000000ae780000, 0x00000000e0400000)
  object space 224768K, 91% used [0x00000000a0c00000,0x00000000ad3c9140,0x00000000ae780000)
 Metaspace       used 18203K, capacity 18409K, committed 18560K, reserved 1067008K
  class space    used 1735K, capacity 1793K, committed 1920K, reserved 1048576K
Event: 51.678 GC heap after
Heap after GC invocations=109 (full 3):
 PSYoungGen      total 453120K, used 128K [0x00000000e0400000, 0x00000000fbf80000, 0x0000000100000000)
  eden space 452608K, 0% used [0x00000000e0400000,0x00000000e0400000,0x00000000fbe00000)
  from space 512K, 25% used [0x00000000fbe80000,0x00000000fbea0000,0x00000000fbf00000)
  to   space 512K, 0% used [0x00000000fbe00000,0x00000000fbe00000,0x00000000fbe80000)
 ParOldGen       total 224768K, used 204580K [0x00000000a0c00000, 0x00000000ae780000, 0x00000000e0400000)
  object space 224768K, 91% used [0x00000000a0c00000,0x00000000ad3c9140,0x00000000ae780000)
 Metaspace       used 18203K, capacity 18409K, committed 18560K, reserved 1067008K
  class space    used 1735K, capacity 1793K, committed 1920K, reserved 1048576K
}

