# JRE version: Java(TM) SE Runtime Environment (8.0_31-b13) (build 1.8.0_31-b13)
# Java VM: Java HotSpot(TM) 64-Bit Server VM (25.31-b07 mixed mode windows-amd64 compressed oops)
Heap:
 PSYoungGen      total 839680K, used 274673K [0x000000076b300000, 0x00000007a9b00000, 0x00000007c0000000)
  eden space 774144K, 35% used [0x000000076b300000,0x000000077bf24518,0x000000079a700000)
  from space 65536K, 0% used [0x000000079a700000,0x000000079a718000,0x000000079e700000)
  to   space 64000K, 0% used [0x00000007a5c80000,0x00000007a5c80000,0x00000007a9b00000)
 ParOldGen       total 262144K, used 174283K [0x00000006c1800000, 0x00000006d1800000, 0x000000076b300000)
  object space 262144K, 66% used [0x00000006c1800000,0x00000006cc232db0,0x00000006d1800000)
 Metaspace       used 17980K, capacity 18227K, committed 18560K, reserved 1067008K
  class space    used 1728K, capacity 1794K, committed 1920K, reserved 1048576K
GC Heap History (10 events):
Event: 7.316 GC heap before
{Heap before GC invocations=12 (full 1):
 PSYoungGen      total 569344K, used 512128K [0x000000076b300000, 0x0000000792b00000, 0x00000007c0000000)
  eden space 512000K, 100% used [0x000000076b300000,0x000000078a700000,0x000000078a700000)
  from space 57344K, 0% used [0x000000078f300000,0x000000078f320000,0x0000000792b00000)
  to   space 67584K, 0% used [0x000000078a700000,0x000000078a700000,0x000000078e900000)
 ParOldGen       total 262144K, used 174243K [0x00000006c1800000, 0x00000006d1800000, 0x000000076b300000)
  object space 262144K, 66% used [0x00000006c1800000,0x00000006cc228db0,0x00000006d1800000)
 Metaspace       used 17642K, capacity 17899K, committed 18048K, reserved 1064960K
  class space    used 1717K, capacity 1794K, committed 1920K, reserved 1048576K
Event: 7.321 GC heap after
Heap after GC invocations=12 (full 1):
 PSYoungGen      total 579584K, used 8196K [0x000000076b300000, 0x000000079c480000, 0x00000007c0000000)
  eden space 512000K, 0% used [0x000000076b300000,0x000000076b300000,0x000000078a700000)
  from space 67584K, 12% used [0x000000078a700000,0x000000078af01010,0x000000078e900000)
  to   space 67072K, 0% used [0x0000000798300000,0x0000000798300000,0x000000079c480000)
 ParOldGen       total 262144K, used 174251K [0x00000006c1800000, 0x00000006d1800000, 0x000000076b300000)
  object space 262144K, 66% used [0x00000006c1800000,0x00000006cc22adb0,0x00000006d1800000)
 Metaspace       used 17642K, capacity 17899K, committed 18048K, reserved 1064960K
  class space    used 1717K, capacity 1794K, committed 1920K, reserved 1048576K
}
Event: 8.138 GC heap before
{Heap before GC invocations=13 (full 1):
 PSYoungGen      total 579584K, used 516522K [0x000000076b300000, 0x000000079c480000, 0x00000007c0000000)
  eden space 512000K, 99% used [0x000000076b300000,0x000000078a369a00,0x000000078a700000)
  from space 67584K, 12% used [0x000000078a700000,0x000000078af01010,0x000000078e900000)
  to   space 67072K, 0% used [0x0000000798300000,0x0000000798300000,0x000000079c480000)
 ParOldGen       total 262144K, used 174251K [0x00000006c1800000, 0x00000006d1800000, 0x000000076b300000)
  object space 262144K, 66% used [0x00000006c1800000,0x00000006cc22adb0,0x00000006d1800000)
 Metaspace       used 17649K, capacity 17899K, committed 18048K, reserved 1064960K
  class space    used 1717K, capacity 1794K, committed 1920K, reserved 1048576K
Event: 8.140 GC heap after
Heap after GC invocations=13 (full 1):
 PSYoungGen      total 696320K, used 96K [0x000000076b300000, 0x000000079b080000, 0x00000007c0000000)
  eden space 649728K, 0% used [0x000000076b300000,0x000000076b300000,0x0000000792d80000)
  from space 46592K, 0% used [0x0000000798300000,0x0000000798318000,0x000000079b080000)
  to   space 67072K, 0% used [0x0000000792d80000,0x0000000792d80000,0x0000000796f00000)
 ParOldGen       total 262144K, used 174259K [0x00000006c1800000, 0x00000006d1800000, 0x000000076b300000)
  object space 262144K, 66% used [0x00000006c1800000,0x00000006cc22cdb0,0x00000006d1800000)
 Metaspace       used 17649K, capacity 17899K, committed 18048K, reserved 1064960K
  class space    used 1717K, capacity 1794K, committed 1920K, reserved 1048576K
}
Event: 10.245 GC heap before
{Heap before GC invocations=14 (full 1):
 PSYoungGen      total 696320K, used 646336K [0x000000076b300000, 0x000000079b080000, 0x00000007c0000000)
  eden space 649728K, 99% used [0x000000076b300000,0x0000000792a18068,0x0000000792d80000)
  from space 46592K, 0% used [0x0000000798300000,0x0000000798318000,0x000000079b080000)
  to   space 67072K, 0% used [0x0000000792d80000,0x0000000792d80000,0x0000000796f00000)
 ParOldGen       total 262144K, used 174259K [0x00000006c1800000, 0x00000006d1800000, 0x000000076b300000)
  object space 262144K, 66% used [0x00000006c1800000,0x00000006cc22cdb0,0x00000006d1800000)
 Metaspace       used 17795K, capacity 18035K, committed 18304K, reserved 1064960K
  class space    used 1717K, capacity 1794K, committed 1920K, reserved 1048576K
Event: 10.247 GC heap after
Heap after GC invocations=14 (full 1):
 PSYoungGen      total 716800K, used 64K [0x000000076b300000, 0x00000007a4080000, 0x00000007c0000000)
  eden space 649728K, 0% used [0x000000076b300000,0x000000076b300000,0x0000000792d80000)
  from space 67072K, 0% used [0x0000000792d80000,0x0000000792d90000,0x0000000796f00000)
  to   space 66560K, 0% used [0x000000079ff80000,0x000000079ff80000,0x00000007a4080000)
 ParOldGen       total 262144K, used 174267K [0x00000006c1800000, 0x00000006d1800000, 0x000000076b300000)
  object space 262144K, 66% used [0x00000006c1800000,0x00000006cc22edb0,0x00000006d1800000)
 Metaspace       used 17795K, capacity 18035K, committed 18304K, reserved 1064960K
  class space    used 1717K, capacity 1794K, committed 1920K, reserved 1048576K
}
Event: 12.438 GC heap before
{Heap before GC invocations=15 (full 1):
 PSYoungGen      total 716800K, used 643206K [0x000000076b300000, 0x00000007a4080000, 0x00000007c0000000)
  eden space 649728K, 98% used [0x000000076b300000,0x0000000792711ad0,0x0000000792d80000)
  from space 67072K, 0% used [0x0000000792d80000,0x0000000792d90000,0x0000000796f00000)
  to   space 66560K, 0% used [0x000000079ff80000,0x000000079ff80000,0x00000007a4080000)
 ParOldGen       total 262144K, used 174267K [0x00000006c1800000, 0x00000006d1800000, 0x000000076b300000)
  object space 262144K, 66% used [0x00000006c1800000,0x00000006cc22edb0,0x00000006d1800000)
 Metaspace       used 17891K, capacity 18163K, committed 18304K, reserved 1064960K
  class space    used 1717K, capacity 1794K, committed 1920K, reserved 1048576K
Event: 12.440 GC heap after
Heap after GC invocations=15 (full 1):
 PSYoungGen      total 814592K, used 160K [0x000000076b300000, 0x00000007a2700000, 0x00000007c0000000)
  eden space 774144K, 0% used [0x000000076b300000,0x000000076b300000,0x000000079a700000)
  from space 40448K, 0% used [0x000000079ff80000,0x000000079ffa8000,0x00000007a2700000)
  to   space 65536K, 0% used [0x000000079a700000,0x000000079a700000,0x000000079e700000)
 ParOldGen       total 262144K, used 174275K [0x00000006c1800000, 0x00000006d1800000, 0x000000076b300000)
  object space 262144K, 66% used [0x00000006c1800000,0x00000006cc230db0,0x00000006d1800000)
 Metaspace       used 17891K, capacity 18163K, committed 18304K, reserved 1064960K
  class space    used 1717K, capacity 1794K, committed 1920K, reserved 1048576K
}
Event: 15.040 GC heap before
{Heap before GC invocations=16 (full 1):
 PSYoungGen      total 814592K, used 773614K [0x000000076b300000, 0x00000007a2700000, 0x00000007c0000000)
  eden space 774144K, 99% used [0x000000076b300000,0x000000079a653940,0x000000079a700000)
  from space 40448K, 0% used [0x000000079ff80000,0x000000079ffa8000,0x00000007a2700000)
  to   space 65536K, 0% used [0x000000079a700000,0x000000079a700000,0x000000079e700000)
 ParOldGen       total 262144K, used 174275K [0x00000006c1800000, 0x00000006d1800000, 0x000000076b300000)
  object space 262144K, 66% used [0x00000006c1800000,0x00000006cc230db0,0x00000006d1800000)
 Metaspace       used 17944K, capacity 18227K, committed 18560K, reserved 1067008K
  class space    used 1717K, capacity 1794K, committed 1920K, reserved 1048576K
Event: 15.041 GC heap after
Heap after GC invocations=16 (full 1):
 PSYoungGen      total 839680K, used 96K [0x000000076b300000, 0x00000007a9b00000, 0x00000007c0000000)
  eden space 774144K, 0% used [0x000000076b300000,0x000000076b300000,0x000000079a700000)
  from space 65536K, 0% used [0x000000079a700000,0x000000079a718000,0x000000079e700000)
  to   space 64000K, 0% used [0x00000007a5c80000,0x00000007a5c80000,0x00000007a9b00000)
 ParOldGen       total 262144K, used 174283K [0x00000006c1800000, 0x00000006d1800000, 0x000000076b300000)
  object space 262144K, 66% used [0x00000006c1800000,0x00000006cc232db0,0x00000006d1800000)
 Metaspace       used 17944K, capacity 18227K, committed 18560K, reserved 1067008K
  class space    used 1717K, capacity 1794K, committed 1920K, reserved 1048576K
}

