# JRE version: Java(TM) SE Runtime Environment (8.0_25-b18) (build 1.8.0_25-b18)
# Java VM: Java HotSpot(TM) 64-Bit Server VM (25.25-b02 mixed mode windows-amd64 compressed oops)
Heap:
 PSYoungGen      total 473088K, used 194K [0x00000000e0400000, 0x00000000fe580000, 0x0000000100000000)
  eden space 453120K, 0% used [0x00000000e0400000,0x00000000e0400838,0x00000000fbe80000)
  from space 19968K, 0% used [0x00000000fbe80000,0x00000000fbeb0000,0x00000000fd200000)
  to   space 18944K, 0% used [0x00000000fd300000,0x00000000fd300000,0x00000000fe580000)
 ParOldGen       total 204288K, used 155456K [0x00000000a0c00000, 0x00000000ad380000, 0x00000000e0400000)
  object space 204288K, 76% used [0x00000000a0c00000,0x00000000aa3d00c8,0x00000000ad380000)
 Metaspace       used 18065K, capacity 18249K, committed 18432K, reserved 1067008K
  class space    used 1716K, capacity 1761K, committed 1792K, reserved 1048576K
GC Heap History (10 events):
Event: 36.534 GC heap before
{Heap before GC invocations=36 (full 3):
 PSYoungGen      total 471552K, used 447901K [0x00000000e0400000, 0x00000000fea00000, 0x0000000100000000)
  eden space 448512K, 99% used [0x00000000e0400000,0x00000000fb9374c8,0x00000000fba00000)
  from space 23040K, 0% used [0x00000000fd380000,0x00000000fd3b0000,0x00000000fea00000)
  to   space 24576K, 0% used [0x00000000fba00000,0x00000000fba00000,0x00000000fd200000)
 ParOldGen       total 204288K, used 155320K [0x00000000a0c00000, 0x00000000ad380000, 0x00000000e0400000)
  object space 204288K, 76% used [0x00000000a0c00000,0x00000000aa3ae0c8,0x00000000ad380000)
 Metaspace       used 18064K, capacity 18249K, committed 18432K, reserved 1067008K
  class space    used 1716K, capacity 1761K, committed 1792K, reserved 1048576K
Event: 36.540 GC heap after
Heap after GC invocations=36 (full 3):
 PSYoungGen      total 473088K, used 8228K [0x00000000e0400000, 0x00000000fec00000, 0x0000000100000000)
  eden space 448512K, 0% used [0x00000000e0400000,0x00000000e0400000,0x00000000fba00000)
  from space 24576K, 33% used [0x00000000fba00000,0x00000000fc209010,0x00000000fd200000)
  to   space 24064K, 0% used [0x00000000fd480000,0x00000000fd480000,0x00000000fec00000)
 ParOldGen       total 204288K, used 155336K [0x00000000a0c00000, 0x00000000ad380000, 0x00000000e0400000)
  object space 204288K, 76% used [0x00000000a0c00000,0x00000000aa3b20c8,0x00000000ad380000)
 Metaspace       used 18064K, capacity 18249K, committed 18432K, reserved 1067008K
  class space    used 1716K, capacity 1761K, committed 1792K, reserved 1048576K
}
Event: 38.164 GC heap before
{Heap before GC invocations=37 (full 3):
 PSYoungGen      total 473088K, used 456740K [0x00000000e0400000, 0x00000000fec00000, 0x0000000100000000)
  eden space 448512K, 100% used [0x00000000e0400000,0x00000000fba00000,0x00000000fba00000)
  from space 24576K, 33% used [0x00000000fba00000,0x00000000fc209010,0x00000000fd200000)
  to   space 24064K, 0% used [0x00000000fd480000,0x00000000fd480000,0x00000000fec00000)
 ParOldGen       total 204288K, used 155336K [0x00000000a0c00000, 0x00000000ad380000, 0x00000000e0400000)
  object space 204288K, 76% used [0x00000000a0c00000,0x00000000aa3b20c8,0x00000000ad380000)
 Metaspace       used 18064K, capacity 18249K, committed 18432K, reserved 1067008K
  class space    used 1716K, capacity 1761K, committed 1792K, reserved 1048576K
Event: 38.166 GC heap after
Heap after GC invocations=37 (full 3):
 PSYoungGen      total 472576K, used 192K [0x00000000e0400000, 0x00000000fe980000, 0x0000000100000000)
  eden space 451072K, 0% used [0x00000000e0400000,0x00000000e0400000,0x00000000fbc80000)
  from space 21504K, 0% used [0x00000000fd480000,0x00000000fd4b0000,0x00000000fe980000)
  to   space 23040K, 0% used [0x00000000fbc80000,0x00000000fbc80000,0x00000000fd300000)
 ParOldGen       total 204288K, used 155376K [0x00000000a0c00000, 0x00000000ad380000, 0x00000000e0400000)
  object space 204288K, 76% used [0x00000000a0c00000,0x00000000aa3bc0c8,0x00000000ad380000)
 Metaspace       used 18064K, capacity 18249K, committed 18432K, reserved 1067008K
  class space    used 1716K, capacity 1761K, committed 1792K, reserved 1048576K
}
Event: 39.849 GC heap before
{Heap before GC invocations=38 (full 3):
 PSYoungGen      total 472576K, used 451264K [0x00000000e0400000, 0x00000000fe980000, 0x0000000100000000)
  eden space 451072K, 100% used [0x00000000e0400000,0x00000000fbc80000,0x00000000fbc80000)
  from space 21504K, 0% used [0x00000000fd480000,0x00000000fd4b0000,0x00000000fe980000)
  to   space 23040K, 0% used [0x00000000fbc80000,0x00000000fbc80000,0x00000000fd300000)
 ParOldGen       total 204288K, used 155376K [0x00000000a0c00000, 0x00000000ad380000, 0x00000000e0400000)
  object space 204288K, 76% used [0x00000000a0c00000,0x00000000aa3bc0c8,0x00000000ad380000)
 Metaspace       used 18064K, capacity 18249K, committed 18432K, reserved 1067008K
  class space    used 1716K, capacity 1761K, committed 1792K, reserved 1048576K
Event: 39.850 GC heap after
Heap after GC invocations=38 (full 3):
 PSYoungGen      total 474112K, used 160K [0x00000000e0400000, 0x00000000fe900000, 0x0000000100000000)
  eden space 451072K, 0% used [0x00000000e0400000,0x00000000e0400000,0x00000000fbc80000)
  from space 23040K, 0% used [0x00000000fbc80000,0x00000000fbca8000,0x00000000fd300000)
  to   space 21504K, 0% used [0x00000000fd400000,0x00000000fd400000,0x00000000fe900000)
 ParOldGen       total 204288K, used 155384K [0x00000000a0c00000, 0x00000000ad380000, 0x00000000e0400000)
  object space 204288K, 76% used [0x00000000a0c00000,0x00000000aa3be0c8,0x00000000ad380000)
 Metaspace       used 18064K, capacity 18249K, committed 18432K, reserved 1067008K
  class space    used 1716K, capacity 1761K, committed 1792K, reserved 1048576K
}
Event: 41.515 GC heap before
{Heap before GC invocations=39 (full 3):
 PSYoungGen      total 474112K, used 451232K [0x00000000e0400000, 0x00000000fe900000, 0x0000000100000000)
  eden space 451072K, 100% used [0x00000000e0400000,0x00000000fbc80000,0x00000000fbc80000)
  from space 23040K, 0% used [0x00000000fbc80000,0x00000000fbca8000,0x00000000fd300000)
  to   space 21504K, 0% used [0x00000000fd400000,0x00000000fd400000,0x00000000fe900000)
 ParOldGen       total 204288K, used 155384K [0x00000000a0c00000, 0x00000000ad380000, 0x00000000e0400000)
  object space 204288K, 76% used [0x00000000a0c00000,0x00000000aa3be0c8,0x00000000ad380000)
 Metaspace       used 18064K, capacity 18249K, committed 18432K, reserved 1067008K
  class space    used 1716K, capacity 1761K, committed 1792K, reserved 1048576K
Event: 41.516 GC heap after
Heap after GC invocations=39 (full 3):
 PSYoungGen      total 471040K, used 128K [0x00000000e0400000, 0x00000000fe580000, 0x0000000100000000)
  eden space 453120K, 0% used [0x00000000e0400000,0x00000000e0400000,0x00000000fbe80000)
  from space 17920K, 0% used [0x00000000fd400000,0x00000000fd420000,0x00000000fe580000)
  to   space 19968K, 0% used [0x00000000fbe80000,0x00000000fbe80000,0x00000000fd200000)
 ParOldGen       total 204288K, used 155432K [0x00000000a0c00000, 0x00000000ad380000, 0x00000000e0400000)
  object space 204288K, 76% used [0x00000000a0c00000,0x00000000aa3ca0c8,0x00000000ad380000)
 Metaspace       used 18064K, capacity 18249K, committed 18432K, reserved 1067008K
  class space    used 1716K, capacity 1761K, committed 1792K, reserved 1048576K
}
Event: 43.181 GC heap before
{Heap before GC invocations=40 (full 3):
 PSYoungGen      total 471040K, used 453248K [0x00000000e0400000, 0x00000000fe580000, 0x0000000100000000)
  eden space 453120K, 100% used [0x00000000e0400000,0x00000000fbe80000,0x00000000fbe80000)
  from space 17920K, 0% used [0x00000000fd400000,0x00000000fd420000,0x00000000fe580000)
  to   space 19968K, 0% used [0x00000000fbe80000,0x00000000fbe80000,0x00000000fd200000)
 ParOldGen       total 204288K, used 155432K [0x00000000a0c00000, 0x00000000ad380000, 0x00000000e0400000)
  object space 204288K, 76% used [0x00000000a0c00000,0x00000000aa3ca0c8,0x00000000ad380000)
 Metaspace       used 18065K, capacity 18249K, committed 18432K, reserved 1067008K
  class space    used 1716K, capacity 1761K, committed 1792K, reserved 1048576K
Event: 43.182 GC heap after
Heap after GC invocations=40 (full 3):
 PSYoungGen      total 473088K, used 192K [0x00000000e0400000, 0x00000000fe580000, 0x0000000100000000)
  eden space 453120K, 0% used [0x00000000e0400000,0x00000000e0400000,0x00000000fbe80000)
  from space 19968K, 0% used [0x00000000fbe80000,0x00000000fbeb0000,0x00000000fd200000)
  to   space 18944K, 0% used [0x00000000fd300000,0x00000000fd300000,0x00000000fe580000)
 ParOldGen       total 204288K, used 155456K [0x00000000a0c00000, 0x00000000ad380000, 0x00000000e0400000)
  object space 204288K, 76% used [0x00000000a0c00000,0x00000000aa3d00c8,0x00000000ad380000)
 Metaspace       used 18065K, capacity 18249K, committed 18432K, reserved 1067008K
  class space    used 1716K, capacity 1761K, committed 1792K, reserved 1048576K
}

