# JRE version: Java(TM) SE Runtime Environment (8.0_25-b18) (build 1.8.0_25-b18)
# Java VM: Java HotSpot(TM) 64-Bit Server VM (25.25-b02 mixed mode windows-amd64 compressed oops)
Heap:
 PSYoungGen      total 390656K, used 277910K [0x00000000e0400000, 0x00000000f9300000, 0x0000000100000000)
  eden space 374272K, 72% used [0x00000000e0400000,0x00000000f0b54a58,0x00000000f7180000)
  from space 16384K, 50% used [0x00000000f8200000,0x00000000f8a11010,0x00000000f9200000)
  to   space 16896K, 0% used [0x00000000f7180000,0x00000000f7180000,0x00000000f8200000)
 ParOldGen       total 224768K, used 155421K [0x00000000a0c00000, 0x00000000ae780000, 0x00000000e0400000)
  object space 224768K, 69% used [0x00000000a0c00000,0x00000000aa3c7650,0x00000000ae780000)
 Metaspace       used 18026K, capacity 18217K, committed 18560K, reserved 1067008K
  class space    used 1731K, capacity 1793K, committed 1920K, reserved 1048576K
GC Heap History (10 events):
Event: 36.631 GC heap before
{Heap before GC invocations=47 (full 3):
 PSYoungGen      total 385536K, used 373941K [0x00000000e0400000, 0x00000000f8e00000, 0x0000000100000000)
  eden space 372224K, 98% used [0x00000000e0400000,0x00000000f69244d8,0x00000000f6f80000)
  from space 13312K, 61% used [0x00000000f6f80000,0x00000000f7789010,0x00000000f7c80000)
  to   space 14848K, 0% used [0x00000000f7f80000,0x00000000f7f80000,0x00000000f8e00000)
 ParOldGen       total 224768K, used 155405K [0x00000000a0c00000, 0x00000000ae780000, 0x00000000e0400000)
  object space 224768K, 69% used [0x00000000a0c00000,0x00000000aa3c3650,0x00000000ae780000)
 Metaspace       used 17982K, capacity 18217K, committed 18560K, reserved 1067008K
  class space    used 1718K, capacity 1793K, committed 1920K, reserved 1048576K
Event: 36.632 GC heap after
Heap after GC invocations=47 (full 3):
 PSYoungGen      total 385536K, used 128K [0x00000000e0400000, 0x00000000f8b80000, 0x0000000100000000)
  eden space 373248K, 0% used [0x00000000e0400000,0x00000000e0400000,0x00000000f7080000)
  from space 12288K, 1% used [0x00000000f7f80000,0x00000000f7fa0000,0x00000000f8b80000)
  to   space 13824K, 0% used [0x00000000f7080000,0x00000000f7080000,0x00000000f7e00000)
 ParOldGen       total 224768K, used 155405K [0x00000000a0c00000, 0x00000000ae780000, 0x00000000e0400000)
  object space 224768K, 69% used [0x00000000a0c00000,0x00000000aa3c3650,0x00000000ae780000)
 Metaspace       used 17982K, capacity 18217K, committed 18560K, reserved 1067008K
  class space    used 1718K, capacity 1793K, committed 1920K, reserved 1048576K
}
Event: 39.103 GC heap before
{Heap before GC invocations=48 (full 3):
 PSYoungGen      total 385536K, used 372789K [0x00000000e0400000, 0x00000000f8b80000, 0x0000000100000000)
  eden space 373248K, 99% used [0x00000000e0400000,0x00000000f6fed738,0x00000000f7080000)
  from space 12288K, 1% used [0x00000000f7f80000,0x00000000f7fa0000,0x00000000f8b80000)
  to   space 13824K, 0% used [0x00000000f7080000,0x00000000f7080000,0x00000000f7e00000)
 ParOldGen       total 224768K, used 155405K [0x00000000a0c00000, 0x00000000ae780000, 0x00000000e0400000)
  object space 224768K, 69% used [0x00000000a0c00000,0x00000000aa3c3650,0x00000000ae780000)
 Metaspace       used 17982K, capacity 18217K, committed 18560K, reserved 1067008K
  class space    used 1718K, capacity 1793K, committed 1920K, reserved 1048576K
Event: 39.107 GC heap after
Heap after GC invocations=48 (full 3):
 PSYoungGen      total 387072K, used 9076K [0x00000000e0400000, 0x00000000f8f80000, 0x0000000100000000)
  eden space 373248K, 0% used [0x00000000e0400000,0x00000000e0400000,0x00000000f7080000)
  from space 13824K, 65% used [0x00000000f7080000,0x00000000f795d020,0x00000000f7e00000)
  to   space 15360K, 0% used [0x00000000f8080000,0x00000000f8080000,0x00000000f8f80000)
 ParOldGen       total 224768K, used 155405K [0x00000000a0c00000, 0x00000000ae780000, 0x00000000e0400000)
  object space 224768K, 69% used [0x00000000a0c00000,0x00000000aa3c3650,0x00000000ae780000)
 Metaspace       used 17982K, capacity 18217K, committed 18560K, reserved 1067008K
  class space    used 1718K, capacity 1793K, committed 1920K, reserved 1048576K
}
Event: 41.636 GC heap before
{Heap before GC invocations=49 (full 3):
 PSYoungGen      total 387072K, used 381943K [0x00000000e0400000, 0x00000000f8f80000, 0x0000000100000000)
  eden space 373248K, 99% used [0x00000000e0400000,0x00000000f7020ca8,0x00000000f7080000)
  from space 13824K, 65% used [0x00000000f7080000,0x00000000f795d020,0x00000000f7e00000)
  to   space 15360K, 0% used [0x00000000f8080000,0x00000000f8080000,0x00000000f8f80000)
 ParOldGen       total 224768K, used 155405K [0x00000000a0c00000, 0x00000000ae780000, 0x00000000e0400000)
  object space 224768K, 69% used [0x00000000a0c00000,0x00000000aa3c3650,0x00000000ae780000)
 Metaspace       used 17982K, capacity 18217K, committed 18560K, reserved 1067008K
  class space    used 1718K, capacity 1793K, committed 1920K, reserved 1048576K
Event: 41.640 GC heap after
Heap after GC invocations=49 (full 3):
 PSYoungGen      total 389120K, used 8228K [0x00000000e0400000, 0x00000000f9080000, 0x0000000100000000)
  eden space 373760K, 0% used [0x00000000e0400000,0x00000000e0400000,0x00000000f7100000)
  from space 15360K, 53% used [0x00000000f8080000,0x00000000f8889010,0x00000000f8f80000)
  to   space 15872K, 0% used [0x00000000f7100000,0x00000000f7100000,0x00000000f8080000)
 ParOldGen       total 224768K, used 155405K [0x00000000a0c00000, 0x00000000ae780000, 0x00000000e0400000)
  object space 224768K, 69% used [0x00000000a0c00000,0x00000000aa3c3650,0x00000000ae780000)
 Metaspace       used 17982K, capacity 18217K, committed 18560K, reserved 1067008K
  class space    used 1718K, capacity 1793K, committed 1920K, reserved 1048576K
}
Event: 44.169 GC heap before
{Heap before GC invocations=50 (full 3):
 PSYoungGen      total 389120K, used 381597K [0x00000000e0400000, 0x00000000f9080000, 0x0000000100000000)
  eden space 373760K, 99% used [0x00000000e0400000,0x00000000f709e4d0,0x00000000f7100000)
  from space 15360K, 53% used [0x00000000f8080000,0x00000000f8889010,0x00000000f8f80000)
  to   space 15872K, 0% used [0x00000000f7100000,0x00000000f7100000,0x00000000f8080000)
 ParOldGen       total 224768K, used 155405K [0x00000000a0c00000, 0x00000000ae780000, 0x00000000e0400000)
  object space 224768K, 69% used [0x00000000a0c00000,0x00000000aa3c3650,0x00000000ae780000)
 Metaspace       used 17982K, capacity 18217K, committed 18560K, reserved 1067008K
  class space    used 1718K, capacity 1793K, committed 1920K, reserved 1048576K
Event: 44.172 GC heap after
Heap after GC invocations=50 (full 3):
 PSYoungGen      total 389632K, used 8196K [0x00000000e0400000, 0x00000000f9200000, 0x0000000100000000)
  eden space 373760K, 0% used [0x00000000e0400000,0x00000000e0400000,0x00000000f7100000)
  from space 15872K, 51% used [0x00000000f7100000,0x00000000f7901010,0x00000000f8080000)
  to   space 16384K, 0% used [0x00000000f8200000,0x00000000f8200000,0x00000000f9200000)
 ParOldGen       total 224768K, used 155421K [0x00000000a0c00000, 0x00000000ae780000, 0x00000000e0400000)
  object space 224768K, 69% used [0x00000000a0c00000,0x00000000aa3c7650,0x00000000ae780000)
 Metaspace       used 17982K, capacity 18217K, committed 18560K, reserved 1067008K
  class space    used 1718K, capacity 1793K, committed 1920K, reserved 1048576K
}
Event: 46.704 GC heap before
{Heap before GC invocations=51 (full 3):
 PSYoungGen      total 389632K, used 381524K [0x00000000e0400000, 0x00000000f9200000, 0x0000000100000000)
  eden space 373760K, 99% used [0x00000000e0400000,0x00000000f7093ff0,0x00000000f7100000)
  from space 15872K, 51% used [0x00000000f7100000,0x00000000f7901010,0x00000000f8080000)
  to   space 16384K, 0% used [0x00000000f8200000,0x00000000f8200000,0x00000000f9200000)
 ParOldGen       total 224768K, used 155421K [0x00000000a0c00000, 0x00000000ae780000, 0x00000000e0400000)
  object space 224768K, 69% used [0x00000000a0c00000,0x00000000aa3c7650,0x00000000ae780000)
 Metaspace       used 17982K, capacity 18217K, committed 18560K, reserved 1067008K
  class space    used 1718K, capacity 1793K, committed 1920K, reserved 1048576K
Event: 46.707 GC heap after
Heap after GC invocations=51 (full 3):
 PSYoungGen      total 390656K, used 8260K [0x00000000e0400000, 0x00000000f9300000, 0x0000000100000000)
  eden space 374272K, 0% used [0x00000000e0400000,0x00000000e0400000,0x00000000f7180000)
  from space 16384K, 50% used [0x00000000f8200000,0x00000000f8a11010,0x00000000f9200000)
  to   space 16896K, 0% used [0x00000000f7180000,0x00000000f7180000,0x00000000f8200000)
 ParOldGen       total 224768K, used 155421K [0x00000000a0c00000, 0x00000000ae780000, 0x00000000e0400000)
  object space 224768K, 69% used [0x00000000a0c00000,0x00000000aa3c7650,0x00000000ae780000)
 Metaspace       used 17982K, capacity 18217K, committed 18560K, reserved 1067008K
  class space    used 1718K, capacity 1793K, committed 1920K, reserved 1048576K
}

