# JRE version: Java(TM) SE Runtime Environment (8.0_25-b18) (build 1.8.0_25-b18)
# Java VM: Java HotSpot(TM) 64-Bit Server VM (25.25-b02 mixed mode windows-amd64 compressed oops)
Heap:
 PSYoungGen      total 431616K, used 138824K [0x00000000e0400000, 0x00000000faa80000, 0x0000000100000000)
  eden space 430592K, 32% used [0x00000000e0400000,0x00000000e8b7a1d8,0x00000000fa880000)
  from space 1024K, 9% used [0x00000000fa980000,0x00000000fa998000,0x00000000faa80000)
  to   space 1024K, 0% used [0x00000000fa880000,0x00000000fa880000,0x00000000fa980000)
 ParOldGen       total 223744K, used 188829K [0x00000000a0c00000, 0x00000000ae680000, 0x00000000e0400000)
  object space 223744K, 84% used [0x00000000a0c00000,0x00000000ac4675e8,0x00000000ae680000)
 Metaspace       used 18049K, capacity 18281K, committed 18560K, reserved 1067008K
  class space    used 1735K, capacity 1793K, committed 1920K, reserved 1048576K
GC Heap History (10 events):
Event: 60.440 GC heap before
{Heap before GC invocations=87 (full 3):
 PSYoungGen      total 428032K, used 426483K [0x00000000e0400000, 0x00000000fa880000, 0x0000000100000000)
  eden space 427008K, 99% used [0x00000000e0400000,0x00000000fa464c08,0x00000000fa500000)
  from space 1024K, 9% used [0x00000000fa500000,0x00000000fa518000,0x00000000fa600000)
  to   space 1024K, 0% used [0x00000000fa780000,0x00000000fa780000,0x00000000fa880000)
 ParOldGen       total 223744K, used 179881K [0x00000000a0c00000, 0x00000000ae680000, 0x00000000e0400000)
  object space 223744K, 80% used [0x00000000a0c00000,0x00000000abbaa5c8,0x00000000ae680000)
 Metaspace       used 18008K, capacity 18217K, committed 18560K, reserved 1067008K
  class space    used 1723K, capacity 1793K, committed 1920K, reserved 1048576K
Event: 60.445 GC heap after
Heap after GC invocations=87 (full 3):
 PSYoungGen      total 429568K, used 192K [0x00000000e0400000, 0x00000000fa880000, 0x0000000100000000)
  eden space 428544K, 0% used [0x00000000e0400000,0x00000000e0400000,0x00000000fa680000)
  from space 1024K, 18% used [0x00000000fa780000,0x00000000fa7b0000,0x00000000fa880000)
  to   space 1024K, 0% used [0x00000000fa680000,0x00000000fa680000,0x00000000fa780000)
 ParOldGen       total 223744K, used 188829K [0x00000000a0c00000, 0x00000000ae680000, 0x00000000e0400000)
  object space 223744K, 84% used [0x00000000a0c00000,0x00000000ac4675e8,0x00000000ae680000)
 Metaspace       used 18008K, capacity 18217K, committed 18560K, reserved 1067008K
  class space    used 1723K, capacity 1793K, committed 1920K, reserved 1048576K
}
Event: 63.347 GC heap before
{Heap before GC invocations=88 (full 3):
 PSYoungGen      total 429568K, used 428736K [0x00000000e0400000, 0x00000000fa880000, 0x0000000100000000)
  eden space 428544K, 100% used [0x00000000e0400000,0x00000000fa680000,0x00000000fa680000)
  from space 1024K, 18% used [0x00000000fa780000,0x00000000fa7b0000,0x00000000fa880000)
  to   space 1024K, 0% used [0x00000000fa680000,0x00000000fa680000,0x00000000fa780000)
 ParOldGen       total 223744K, used 188829K [0x00000000a0c00000, 0x00000000ae680000, 0x00000000e0400000)
  object space 223744K, 84% used [0x00000000a0c00000,0x00000000ac4675e8,0x00000000ae680000)
 Metaspace       used 18008K, capacity 18217K, committed 18560K, reserved 1067008K
  class space    used 1723K, capacity 1793K, committed 1920K, reserved 1048576K
Event: 63.348 GC heap after
Heap after GC invocations=88 (full 3):
 PSYoungGen      total 429568K, used 128K [0x00000000e0400000, 0x00000000faa00000, 0x0000000100000000)
  eden space 428544K, 0% used [0x00000000e0400000,0x00000000e0400000,0x00000000fa680000)
  from space 1024K, 12% used [0x00000000fa680000,0x00000000fa6a0000,0x00000000fa780000)
  to   space 1024K, 0% used [0x00000000fa900000,0x00000000fa900000,0x00000000faa00000)
 ParOldGen       total 223744K, used 188829K [0x00000000a0c00000, 0x00000000ae680000, 0x00000000e0400000)
  object space 223744K, 84% used [0x00000000a0c00000,0x00000000ac4675e8,0x00000000ae680000)
 Metaspace       used 18008K, capacity 18217K, committed 18560K, reserved 1067008K
  class space    used 1723K, capacity 1793K, committed 1920K, reserved 1048576K
}
Event: 66.236 GC heap before
{Heap before GC invocations=89 (full 3):
 PSYoungGen      total 429568K, used 423134K [0x00000000e0400000, 0x00000000faa00000, 0x0000000100000000)
  eden space 428544K, 98% used [0x00000000e0400000,0x00000000fa1179a8,0x00000000fa680000)
  from space 1024K, 12% used [0x00000000fa680000,0x00000000fa6a0000,0x00000000fa780000)
  to   space 1024K, 0% used [0x00000000fa900000,0x00000000fa900000,0x00000000faa00000)
 ParOldGen       total 223744K, used 188829K [0x00000000a0c00000, 0x00000000ae680000, 0x00000000e0400000)
  object space 223744K, 84% used [0x00000000a0c00000,0x00000000ac4675e8,0x00000000ae680000)
 Metaspace       used 18008K, capacity 18217K, committed 18560K, reserved 1067008K
  class space    used 1723K, capacity 1793K, committed 1920K, reserved 1048576K
Event: 66.238 GC heap after
Heap after GC invocations=89 (full 3):
 PSYoungGen      total 430080K, used 64K [0x00000000e0400000, 0x00000000fa980000, 0x0000000100000000)
  eden space 429568K, 0% used [0x00000000e0400000,0x00000000e0400000,0x00000000fa780000)
  from space 512K, 12% used [0x00000000fa900000,0x00000000fa910000,0x00000000fa980000)
  to   space 1024K, 0% used [0x00000000fa780000,0x00000000fa780000,0x00000000fa880000)
 ParOldGen       total 223744K, used 188829K [0x00000000a0c00000, 0x00000000ae680000, 0x00000000e0400000)
  object space 223744K, 84% used [0x00000000a0c00000,0x00000000ac4675e8,0x00000000ae680000)
 Metaspace       used 18008K, capacity 18217K, committed 18560K, reserved 1067008K
  class space    used 1723K, capacity 1793K, committed 1920K, reserved 1048576K
}
Event: 69.102 GC heap before
{Heap before GC invocations=90 (full 3):
 PSYoungGen      total 430080K, used 429011K [0x00000000e0400000, 0x00000000fa980000, 0x0000000100000000)
  eden space 429568K, 99% used [0x00000000e0400000,0x00000000fa6e4dc8,0x00000000fa780000)
  from space 512K, 12% used [0x00000000fa900000,0x00000000fa910000,0x00000000fa980000)
  to   space 1024K, 0% used [0x00000000fa780000,0x00000000fa780000,0x00000000fa880000)
 ParOldGen       total 223744K, used 188829K [0x00000000a0c00000, 0x00000000ae680000, 0x00000000e0400000)
  object space 223744K, 84% used [0x00000000a0c00000,0x00000000ac4675e8,0x00000000ae680000)
 Metaspace       used 18008K, capacity 18217K, committed 18560K, reserved 1067008K
  class space    used 1723K, capacity 1793K, committed 1920K, reserved 1048576K
Event: 69.104 GC heap after
Heap after GC invocations=90 (full 3):
 PSYoungGen      total 430592K, used 160K [0x00000000e0400000, 0x00000000faa80000, 0x0000000100000000)
  eden space 429568K, 0% used [0x00000000e0400000,0x00000000e0400000,0x00000000fa780000)
  from space 1024K, 15% used [0x00000000fa780000,0x00000000fa7a8000,0x00000000fa880000)
  to   space 1024K, 0% used [0x00000000fa980000,0x00000000fa980000,0x00000000faa80000)
 ParOldGen       total 223744K, used 188829K [0x00000000a0c00000, 0x00000000ae680000, 0x00000000e0400000)
  object space 223744K, 84% used [0x00000000a0c00000,0x00000000ac4675e8,0x00000000ae680000)
 Metaspace       used 18008K, capacity 18217K, committed 18560K, reserved 1067008K
  class space    used 1723K, capacity 1793K, committed 1920K, reserved 1048576K
}
Event: 71.981 GC heap before
{Heap before GC invocations=91 (full 3):
 PSYoungGen      total 430592K, used 422699K [0x00000000e0400000, 0x00000000faa80000, 0x0000000100000000)
  eden space 429568K, 98% used [0x00000000e0400000,0x00000000fa0a2ea0,0x00000000fa780000)
  from space 1024K, 15% used [0x00000000fa780000,0x00000000fa7a8000,0x00000000fa880000)
  to   space 1024K, 0% used [0x00000000fa980000,0x00000000fa980000,0x00000000faa80000)
 ParOldGen       total 223744K, used 188829K [0x00000000a0c00000, 0x00000000ae680000, 0x00000000e0400000)
  object space 223744K, 84% used [0x00000000a0c00000,0x00000000ac4675e8,0x00000000ae680000)
 Metaspace       used 18008K, capacity 18217K, committed 18560K, reserved 1067008K
  class space    used 1723K, capacity 1793K, committed 1920K, reserved 1048576K
Event: 71.984 GC heap after
Heap after GC invocations=91 (full 3):
 PSYoungGen      total 431616K, used 96K [0x00000000e0400000, 0x00000000faa80000, 0x0000000100000000)
  eden space 430592K, 0% used [0x00000000e0400000,0x00000000e0400000,0x00000000fa880000)
  from space 1024K, 9% used [0x00000000fa980000,0x00000000fa998000,0x00000000faa80000)
  to   space 1024K, 0% used [0x00000000fa880000,0x00000000fa880000,0x00000000fa980000)
 ParOldGen       total 223744K, used 188829K [0x00000000a0c00000, 0x00000000ae680000, 0x00000000e0400000)
  object space 223744K, 84% used [0x00000000a0c00000,0x00000000ac4675e8,0x00000000ae680000)
 Metaspace       used 18008K, capacity 18217K, committed 18560K, reserved 1067008K
  class space    used 1723K, capacity 1793K, committed 1920K, reserved 1048576K
}

