# JRE version: Java(TM) SE Runtime Environment (8.0_25-b18) (build 1.8.0_25-b18)
# Java VM: Java HotSpot(TM) 64-Bit Server VM (25.25-b02 mixed mode windows-amd64 compressed oops)
Heap:
 PSYoungGen      total 416768K, used 17200K [0x00000000e0400000, 0x00000000fa780000, 0x0000000100000000)
  eden space 405504K, 4% used [0x00000000e0400000,0x00000000e14943a8,0x00000000f9000000)
  from space 11264K, 1% used [0x00000000f9000000,0x00000000f9038000,0x00000000f9b00000)
  to   space 10752K, 0% used [0x00000000f9d00000,0x00000000f9d00000,0x00000000fa780000)
 ParOldGen       total 222720K, used 155672K [0x00000000a0c00000, 0x00000000ae580000, 0x00000000e0400000)
  object space 222720K, 69% used [0x00000000a0c00000,0x00000000aa4062e0,0x00000000ae580000)
 Metaspace       used 18188K, capacity 18409K, committed 18560K, reserved 1067008K
  class space    used 1735K, capacity 1793K, committed 1920K, reserved 1048576K
GC Heap History (10 events):
Event: 33.262 GC heap before
{Heap before GC invocations=66 (full 3):
 PSYoungGen      total 411136K, used 403104K [0x00000000e0400000, 0x00000000f9e80000, 0x0000000100000000)
  eden space 402944K, 100% used [0x00000000e0400000,0x00000000f8d80000,0x00000000f8d80000)
  from space 8192K, 1% used [0x00000000f9680000,0x00000000f96a8000,0x00000000f9e80000)
  to   space 8704K, 0% used [0x00000000f8d80000,0x00000000f8d80000,0x00000000f9600000)
 ParOldGen       total 222720K, used 155616K [0x00000000a0c00000, 0x00000000ae580000, 0x00000000e0400000)
  object space 222720K, 69% used [0x00000000a0c00000,0x00000000aa3f82e0,0x00000000ae580000)
 Metaspace       used 18154K, capacity 18345K, committed 18560K, reserved 1067008K
  class space    used 1723K, capacity 1793K, committed 1920K, reserved 1048576K
Event: 33.264 GC heap after
Heap after GC invocations=66 (full 3):
 PSYoungGen      total 411648K, used 160K [0x00000000e0400000, 0x00000000f9f80000, 0x0000000100000000)
  eden space 402944K, 0% used [0x00000000e0400000,0x00000000e0400000,0x00000000f8d80000)
  from space 8704K, 1% used [0x00000000f8d80000,0x00000000f8da8000,0x00000000f9600000)
  to   space 8192K, 0% used [0x00000000f9780000,0x00000000f9780000,0x00000000f9f80000)
 ParOldGen       total 222720K, used 155632K [0x00000000a0c00000, 0x00000000ae580000, 0x00000000e0400000)
  object space 222720K, 69% used [0x00000000a0c00000,0x00000000aa3fc2e0,0x00000000ae580000)
 Metaspace       used 18154K, capacity 18345K, committed 18560K, reserved 1067008K
  class space    used 1723K, capacity 1793K, committed 1920K, reserved 1048576K
}
Event: 33.903 GC heap before
{Heap before GC invocations=67 (full 3):
 PSYoungGen      total 411648K, used 403104K [0x00000000e0400000, 0x00000000f9f80000, 0x0000000100000000)
  eden space 402944K, 100% used [0x00000000e0400000,0x00000000f8d80000,0x00000000f8d80000)
  from space 8704K, 1% used [0x00000000f8d80000,0x00000000f8da8000,0x00000000f9600000)
  to   space 8192K, 0% used [0x00000000f9780000,0x00000000f9780000,0x00000000f9f80000)
 ParOldGen       total 222720K, used 155632K [0x00000000a0c00000, 0x00000000ae580000, 0x00000000e0400000)
  object space 222720K, 69% used [0x00000000a0c00000,0x00000000aa3fc2e0,0x00000000ae580000)
 Metaspace       used 18154K, capacity 18345K, committed 18560K, reserved 1067008K
  class space    used 1723K, capacity 1793K, committed 1920K, reserved 1048576K
Event: 33.906 GC heap after
Heap after GC invocations=67 (full 3):
 PSYoungGen      total 411136K, used 8164K [0x00000000e0400000, 0x00000000fa400000, 0x0000000100000000)
  eden space 402944K, 0% used [0x00000000e0400000,0x00000000e0400000,0x00000000f8d80000)
  from space 8192K, 99% used [0x00000000f9780000,0x00000000f9f79010,0x00000000f9f80000)
  to   space 10240K, 0% used [0x00000000f8d80000,0x00000000f8d80000,0x00000000f9780000)
 ParOldGen       total 222720K, used 155664K [0x00000000a0c00000, 0x00000000ae580000, 0x00000000e0400000)
  object space 222720K, 69% used [0x00000000a0c00000,0x00000000aa4042e0,0x00000000ae580000)
 Metaspace       used 18154K, capacity 18345K, committed 18560K, reserved 1067008K
  class space    used 1723K, capacity 1793K, committed 1920K, reserved 1048576K
}
Event: 34.505 GC heap before
{Heap before GC invocations=68 (full 3):
 PSYoungGen      total 411136K, used 411108K [0x00000000e0400000, 0x00000000fa400000, 0x0000000100000000)
  eden space 402944K, 100% used [0x00000000e0400000,0x00000000f8d80000,0x00000000f8d80000)
  from space 8192K, 99% used [0x00000000f9780000,0x00000000f9f79010,0x00000000f9f80000)
  to   space 10240K, 0% used [0x00000000f8d80000,0x00000000f8d80000,0x00000000f9780000)
 ParOldGen       total 222720K, used 155664K [0x00000000a0c00000, 0x00000000ae580000, 0x00000000e0400000)
  object space 222720K, 69% used [0x00000000a0c00000,0x00000000aa4042e0,0x00000000ae580000)
 Metaspace       used 18154K, capacity 18345K, committed 18560K, reserved 1067008K
  class space    used 1723K, capacity 1793K, committed 1920K, reserved 1048576K
Event: 34.508 GC heap after
Heap after GC invocations=68 (full 3):
 PSYoungGen      total 413184K, used 8292K [0x00000000e0400000, 0x00000000fa700000, 0x0000000100000000)
  eden space 402944K, 0% used [0x00000000e0400000,0x00000000e0400000,0x00000000f8d80000)
  from space 10240K, 80% used [0x00000000f8d80000,0x00000000f9599010,0x00000000f9780000)
  to   space 11776K, 0% used [0x00000000f9b80000,0x00000000f9b80000,0x00000000fa700000)
 ParOldGen       total 222720K, used 155672K [0x00000000a0c00000, 0x00000000ae580000, 0x00000000e0400000)
  object space 222720K, 69% used [0x00000000a0c00000,0x00000000aa4062e0,0x00000000ae580000)
 Metaspace       used 18154K, capacity 18345K, committed 18560K, reserved 1067008K
  class space    used 1723K, capacity 1793K, committed 1920K, reserved 1048576K
}
Event: 35.065 GC heap before
{Heap before GC invocations=69 (full 3):
 PSYoungGen      total 413184K, used 411236K [0x00000000e0400000, 0x00000000fa700000, 0x0000000100000000)
  eden space 402944K, 100% used [0x00000000e0400000,0x00000000f8d80000,0x00000000f8d80000)
  from space 10240K, 80% used [0x00000000f8d80000,0x00000000f9599010,0x00000000f9780000)
  to   space 11776K, 0% used [0x00000000f9b80000,0x00000000f9b80000,0x00000000fa700000)
 ParOldGen       total 222720K, used 155672K [0x00000000a0c00000, 0x00000000ae580000, 0x00000000e0400000)
  object space 222720K, 69% used [0x00000000a0c00000,0x00000000aa4062e0,0x00000000ae580000)
 Metaspace       used 18154K, capacity 18345K, committed 18560K, reserved 1067008K
  class space    used 1723K, capacity 1793K, committed 1920K, reserved 1048576K
Event: 35.066 GC heap after
Heap after GC invocations=69 (full 3):
 PSYoungGen      total 416256K, used 192K [0x00000000e0400000, 0x00000000fa600000, 0x0000000100000000)
  eden space 405504K, 0% used [0x00000000e0400000,0x00000000e0400000,0x00000000f9000000)
  from space 10752K, 1% used [0x00000000f9b80000,0x00000000f9bb0000,0x00000000fa600000)
  to   space 11264K, 0% used [0x00000000f9000000,0x00000000f9000000,0x00000000f9b00000)
 ParOldGen       total 222720K, used 155672K [0x00000000a0c00000, 0x00000000ae580000, 0x00000000e0400000)
  object space 222720K, 69% used [0x00000000a0c00000,0x00000000aa4062e0,0x00000000ae580000)
 Metaspace       used 18154K, capacity 18345K, committed 18560K, reserved 1067008K
  class space    used 1723K, capacity 1793K, committed 1920K, reserved 1048576K
}
Event: 35.831 GC heap before
{Heap before GC invocations=70 (full 3):
 PSYoungGen      total 416256K, used 399715K [0x00000000e0400000, 0x00000000fa600000, 0x0000000100000000)
  eden space 405504K, 98% used [0x00000000e0400000,0x00000000f8a28fb0,0x00000000f9000000)
  from space 10752K, 1% used [0x00000000f9b80000,0x00000000f9bb0000,0x00000000fa600000)
  to   space 11264K, 0% used [0x00000000f9000000,0x00000000f9000000,0x00000000f9b00000)
 ParOldGen       total 222720K, used 155672K [0x00000000a0c00000, 0x00000000ae580000, 0x00000000e0400000)
  object space 222720K, 69% used [0x00000000a0c00000,0x00000000aa4062e0,0x00000000ae580000)
 Metaspace       used 18188K, capacity 18409K, committed 18560K, reserved 1067008K
  class space    used 1735K, capacity 1793K, committed 1920K, reserved 1048576K
Event: 35.833 GC heap after
Heap after GC invocations=70 (full 3):
 PSYoungGen      total 416768K, used 224K [0x00000000e0400000, 0x00000000fa780000, 0x0000000100000000)
  eden space 405504K, 0% used [0x00000000e0400000,0x00000000e0400000,0x00000000f9000000)
  from space 11264K, 1% used [0x00000000f9000000,0x00000000f9038000,0x00000000f9b00000)
  to   space 10752K, 0% used [0x00000000f9d00000,0x00000000f9d00000,0x00000000fa780000)
 ParOldGen       total 222720K, used 155672K [0x00000000a0c00000, 0x00000000ae580000, 0x00000000e0400000)
  object space 222720K, 69% used [0x00000000a0c00000,0x00000000aa4062e0,0x00000000ae580000)
 Metaspace       used 18188K, capacity 18409K, committed 18560K, reserved 1067008K
  class space    used 1735K, capacity 1793K, committed 1920K, reserved 1048576K
}

