# JRE version: Java(TM) SE Runtime Environment (8.0_25-b18) (build 1.8.0_25-b18)
# Java VM: Java HotSpot(TM) 64-Bit Server VM (25.25-b02 mixed mode windows-amd64 compressed oops)
Heap:
 PSYoungGen      total 327168K, used 127856K [0x00000000e0400000, 0x00000000fb900000, 0x0000000100000000)
  eden space 268288K, 47% used [0x00000000e0400000,0x00000000e80bc068,0x00000000f0a00000)
  from space 58880K, 0% used [0x00000000f0a00000,0x00000000f0a20000,0x00000000f4380000)
  to   space 58880K, 0% used [0x00000000f7f80000,0x00000000f7f80000,0x00000000fb900000)
 ParOldGen       total 223744K, used 155612K [0x00000000a0c00000, 0x00000000ae680000, 0x00000000e0400000)
  object space 223744K, 69% used [0x00000000a0c00000,0x00000000aa3f71e0,0x00000000ae680000)
 Metaspace       used 18046K, capacity 18273K, committed 18560K, reserved 1067008K
  class space    used 1753K, capacity 1793K, committed 1920K, reserved 1048576K
GC Heap History (10 events):
Event: 3.462 GC heap before
{Heap before GC invocations=12 (full 2):
 PSYoungGen      total 207872K, used 188784K [0x00000000e0400000, 0x00000000f4a80000, 0x0000000100000000)
  eden space 150016K, 99% used [0x00000000e0400000,0x00000000e95ef988,0x00000000e9680000)
  from space 57856K, 68% used [0x00000000e9680000,0x00000000ebcec960,0x00000000ecf00000)
  to   space 59904K, 0% used [0x00000000f1000000,0x00000000f1000000,0x00000000f4a80000)
 ParOldGen       total 140800K, used 107176K [0x00000000a0c00000, 0x00000000a9580000, 0x00000000e0400000)
  object space 140800K, 76% used [0x00000000a0c00000,0x00000000a74aa0c8,0x00000000a9580000)
 Metaspace       used 17345K, capacity 17531K, committed 17664K, reserved 1064960K
  class space    used 1711K, capacity 1760K, committed 1792K, reserved 1048576K
Event: 3.479 GC heap after
Heap after GC invocations=12 (full 2):
 PSYoungGen      total 270336K, used 1337K [0x00000000e0400000, 0x00000000f4980000, 0x0000000100000000)
  eden space 211456K, 0% used [0x00000000e0400000,0x00000000e0400000,0x00000000ed280000)
  from space 58880K, 2% used [0x00000000f1000000,0x00000000f114e730,0x00000000f4980000)
  to   space 60928K, 0% used [0x00000000ed280000,0x00000000ed280000,0x00000000f0e00000)
 ParOldGen       total 146944K, used 146060K [0x00000000a0c00000, 0x00000000a9b80000, 0x00000000e0400000)
  object space 146944K, 99% used [0x00000000a0c00000,0x00000000a9aa33b0,0x00000000a9b80000)
 Metaspace       used 17345K, capacity 17531K, committed 17664K, reserved 1064960K
  class space    used 1711K, capacity 1760K, committed 1792K, reserved 1048576K
}
Event: 3.479 GC heap before
{Heap before GC invocations=13 (full 3):
 PSYoungGen      total 270336K, used 1337K [0x00000000e0400000, 0x00000000f4980000, 0x0000000100000000)
  eden space 211456K, 0% used [0x00000000e0400000,0x00000000e0400000,0x00000000ed280000)
  from space 58880K, 2% used [0x00000000f1000000,0x00000000f114e730,0x00000000f4980000)
  to   space 60928K, 0% used [0x00000000ed280000,0x00000000ed280000,0x00000000f0e00000)
 ParOldGen       total 146944K, used 146060K [0x00000000a0c00000, 0x00000000a9b80000, 0x00000000e0400000)
  object space 146944K, 99% used [0x00000000a0c00000,0x00000000a9aa33b0,0x00000000a9b80000)
 Metaspace       used 17345K, capacity 17531K, committed 17664K, reserved 1064960K
  class space    used 1711K, capacity 1760K, committed 1792K, reserved 1048576K
Event: 3.747 GC heap after
Heap after GC invocations=13 (full 3):
 PSYoungGen      total 270336K, used 0K [0x00000000e0400000, 0x00000000f4980000, 0x0000000100000000)
  eden space 211456K, 0% used [0x00000000e0400000,0x00000000e0400000,0x00000000ed280000)
  from space 58880K, 0% used [0x00000000f1000000,0x00000000f1000000,0x00000000f4980000)
  to   space 60928K, 0% used [0x00000000ed280000,0x00000000ed280000,0x00000000f0e00000)
 ParOldGen       total 223744K, used 145875K [0x00000000a0c00000, 0x00000000ae680000, 0x00000000e0400000)
  object space 223744K, 65% used [0x00000000a0c00000,0x00000000a9a74ca0,0x00000000ae680000)
 Metaspace       used 17345K, capacity 17531K, committed 17664K, reserved 1064960K
  class space    used 1711K, capacity 1760K, committed 1792K, reserved 1048576K
}
Event: 4.357 GC heap before
{Heap before GC invocations=14 (full 3):
 PSYoungGen      total 270336K, used 211456K [0x00000000e0400000, 0x00000000f4980000, 0x0000000100000000)
  eden space 211456K, 100% used [0x00000000e0400000,0x00000000ed280000,0x00000000ed280000)
  from space 58880K, 0% used [0x00000000f1000000,0x00000000f1000000,0x00000000f4980000)
  to   space 60928K, 0% used [0x00000000ed280000,0x00000000ed280000,0x00000000f0e00000)
 ParOldGen       total 223744K, used 145875K [0x00000000a0c00000, 0x00000000ae680000, 0x00000000e0400000)
  object space 223744K, 65% used [0x00000000a0c00000,0x00000000a9a74ca0,0x00000000ae680000)
 Metaspace       used 17877K, capacity 18081K, committed 18304K, reserved 1064960K
  class space    used 1742K, capacity 1793K, committed 1920K, reserved 1048576K
Event: 4.360 GC heap after
Heap after GC invocations=14 (full 3):
 PSYoungGen      total 272384K, used 9860K [0x00000000e0400000, 0x00000000f8700000, 0x0000000100000000)
  eden space 211456K, 0% used [0x00000000e0400000,0x00000000e0400000,0x00000000ed280000)
  from space 60928K, 16% used [0x00000000ed280000,0x00000000edc21050,0x00000000f0e00000)
  to   space 59904K, 0% used [0x00000000f4c80000,0x00000000f4c80000,0x00000000f8700000)
 ParOldGen       total 223744K, used 145883K [0x00000000a0c00000, 0x00000000ae680000, 0x00000000e0400000)
  object space 223744K, 65% used [0x00000000a0c00000,0x00000000a9a76ca0,0x00000000ae680000)
 Metaspace       used 17877K, capacity 18081K, committed 18304K, reserved 1064960K
  class space    used 1742K, capacity 1793K, committed 1920K, reserved 1048576K
}
Event: 4.990 GC heap before
{Heap before GC invocations=15 (full 3):
 PSYoungGen      total 272384K, used 220905K [0x00000000e0400000, 0x00000000f8700000, 0x0000000100000000)
  eden space 211456K, 99% used [0x00000000e0400000,0x00000000ed219658,0x00000000ed280000)
  from space 60928K, 16% used [0x00000000ed280000,0x00000000edc21050,0x00000000f0e00000)
  to   space 59904K, 0% used [0x00000000f4c80000,0x00000000f4c80000,0x00000000f8700000)
 ParOldGen       total 223744K, used 145883K [0x00000000a0c00000, 0x00000000ae680000, 0x00000000e0400000)
  object space 223744K, 65% used [0x00000000a0c00000,0x00000000a9a76ca0,0x00000000ae680000)
 Metaspace       used 17952K, capacity 18209K, committed 18560K, reserved 1067008K
  class space    used 1742K, capacity 1793K, committed 1920K, reserved 1048576K
Event: 4.997 GC heap after
Heap after GC invocations=15 (full 3):
 PSYoungGen      total 317952K, used 9108K [0x00000000e0400000, 0x00000000f7d00000, 0x0000000100000000)
  eden space 268288K, 0% used [0x00000000e0400000,0x00000000e0400000,0x00000000f0a00000)
  from space 49664K, 18% used [0x00000000f4c80000,0x00000000f5565020,0x00000000f7d00000)
  to   space 58880K, 0% used [0x00000000f0a00000,0x00000000f0a00000,0x00000000f4380000)
 ParOldGen       total 223744K, used 155604K [0x00000000a0c00000, 0x00000000ae680000, 0x00000000e0400000)
  object space 223744K, 69% used [0x00000000a0c00000,0x00000000aa3f51e0,0x00000000ae680000)
 Metaspace       used 17952K, capacity 18209K, committed 18560K, reserved 1067008K
  class space    used 1742K, capacity 1793K, committed 1920K, reserved 1048576K
}
Event: 5.852 GC heap before
{Heap before GC invocations=16 (full 3):
 PSYoungGen      total 317952K, used 269481K [0x00000000e0400000, 0x00000000f7d00000, 0x0000000100000000)
  eden space 268288K, 97% used [0x00000000e0400000,0x00000000f0245470,0x00000000f0a00000)
  from space 49664K, 18% used [0x00000000f4c80000,0x00000000f5565020,0x00000000f7d00000)
  to   space 58880K, 0% used [0x00000000f0a00000,0x00000000f0a00000,0x00000000f4380000)
 ParOldGen       total 223744K, used 155604K [0x00000000a0c00000, 0x00000000ae680000, 0x00000000e0400000)
  object space 223744K, 69% used [0x00000000a0c00000,0x00000000aa3f51e0,0x00000000ae680000)
 Metaspace       used 17986K, capacity 18209K, committed 18560K, reserved 1067008K
  class space    used 1742K, capacity 1793K, committed 1920K, reserved 1048576K
Event: 5.853 GC heap after
Heap after GC invocations=16 (full 3):
 PSYoungGen      total 327168K, used 128K [0x00000000e0400000, 0x00000000fb900000, 0x0000000100000000)
  eden space 268288K, 0% used [0x00000000e0400000,0x00000000e0400000,0x00000000f0a00000)
  from space 58880K, 0% used [0x00000000f0a00000,0x00000000f0a20000,0x00000000f4380000)
  to   space 58880K, 0% used [0x00000000f7f80000,0x00000000f7f80000,0x00000000fb900000)
 ParOldGen       total 223744K, used 155612K [0x00000000a0c00000, 0x00000000ae680000, 0x00000000e0400000)
  object space 223744K, 69% used [0x00000000a0c00000,0x00000000aa3f71e0,0x00000000ae680000)
 Metaspace       used 17986K, capacity 18209K, committed 18560K, reserved 1067008K
  class space    used 1742K, capacity 1793K, committed 1920K, reserved 1048576K
}

