# JRE version: Java(TM) SE Runtime Environment (8.0_25-b18) (build 1.8.0_25-b18)
# Java VM: Java HotSpot(TM) 64-Bit Server VM (25.25-b02 mixed mode windows-amd64 compressed oops)
Heap:
 PSYoungGen      total 459264K, used 347715K [0x00000000e0400000, 0x00000000fe380000, 0x0000000100000000)
  eden space 428544K, 81% used [0x00000000e0400000,0x00000000f5760c80,0x00000000fa680000)
  from space 30720K, 0% used [0x00000000fa680000,0x00000000fa6b0000,0x00000000fc480000)
  to   space 29184K, 0% used [0x00000000fc700000,0x00000000fc700000,0x00000000fe380000)
 ParOldGen       total 222720K, used 155223K [0x00000000a0c00000, 0x00000000ae580000, 0x00000000e0400000)
  object space 222720K, 69% used [0x00000000a0c00000,0x00000000aa395ea8,0x00000000ae580000)
 Metaspace       used 17943K, capacity 18121K, committed 18176K, reserved 1064960K
  class space    used 1717K, capacity 1761K, committed 1792K, reserved 1048576K
GC Heap History (10 events):
Event: 12.428 GC heap before
{Heap before GC invocations=28 (full 3):
 PSYoungGen      total 453120K, used 418672K [0x00000000e0400000, 0x00000000fe780000, 0x0000000100000000)
  eden space 418304K, 100% used [0x00000000e0400000,0x00000000f9c80000,0x00000000f9c80000)
  from space 34816K, 1% used [0x00000000fc580000,0x00000000fc5dc030,0x00000000fe780000)
  to   space 38400K, 0% used [0x00000000f9c80000,0x00000000f9c80000,0x00000000fc200000)
 ParOldGen       total 222720K, used 154915K [0x00000000a0c00000, 0x00000000ae580000, 0x00000000e0400000)
  object space 222720K, 69% used [0x00000000a0c00000,0x00000000aa348e08,0x00000000ae580000)
 Metaspace       used 17859K, capacity 18121K, committed 18176K, reserved 1064960K
  class space    used 1706K, capacity 1761K, committed 1792K, reserved 1048576K
Event: 12.429 GC heap after
Heap after GC invocations=28 (full 3):
 PSYoungGen      total 456704K, used 352K [0x00000000e0400000, 0x00000000fea80000, 0x0000000100000000)
  eden space 418304K, 0% used [0x00000000e0400000,0x00000000e0400000,0x00000000f9c80000)
  from space 38400K, 0% used [0x00000000f9c80000,0x00000000f9cd8020,0x00000000fc200000)
  to   space 36864K, 0% used [0x00000000fc680000,0x00000000fc680000,0x00000000fea80000)
 ParOldGen       total 222720K, used 154923K [0x00000000a0c00000, 0x00000000ae580000, 0x00000000e0400000)
  object space 222720K, 69% used [0x00000000a0c00000,0x00000000aa34ae08,0x00000000ae580000)
 Metaspace       used 17859K, capacity 18121K, committed 18176K, reserved 1064960K
  class space    used 1706K, capacity 1761K, committed 1792K, reserved 1048576K
}
Event: 13.026 GC heap before
{Heap before GC invocations=29 (full 3):
 PSYoungGen      total 456704K, used 418656K [0x00000000e0400000, 0x00000000fea80000, 0x0000000100000000)
  eden space 418304K, 100% used [0x00000000e0400000,0x00000000f9c80000,0x00000000f9c80000)
  from space 38400K, 0% used [0x00000000f9c80000,0x00000000f9cd8020,0x00000000fc200000)
  to   space 36864K, 0% used [0x00000000fc680000,0x00000000fc680000,0x00000000fea80000)
 ParOldGen       total 222720K, used 154923K [0x00000000a0c00000, 0x00000000ae580000, 0x00000000e0400000)
  object space 222720K, 69% used [0x00000000a0c00000,0x00000000aa34ae08,0x00000000ae580000)
 Metaspace       used 17864K, capacity 18121K, committed 18176K, reserved 1064960K
  class space    used 1706K, capacity 1761K, committed 1792K, reserved 1048576K
Event: 13.028 GC heap after
Heap after GC invocations=29 (full 3):
 PSYoungGen      total 456192K, used 384K [0x00000000e0400000, 0x00000000fe600000, 0x0000000100000000)
  eden space 423936K, 0% used [0x00000000e0400000,0x00000000e0400000,0x00000000fa200000)
  from space 32256K, 1% used [0x00000000fc680000,0x00000000fc6e0020,0x00000000fe600000)
  to   space 34816K, 0% used [0x00000000fa200000,0x00000000fa200000,0x00000000fc400000)
 ParOldGen       total 222720K, used 154931K [0x00000000a0c00000, 0x00000000ae580000, 0x00000000e0400000)
  object space 222720K, 69% used [0x00000000a0c00000,0x00000000aa34ce08,0x00000000ae580000)
 Metaspace       used 17864K, capacity 18121K, committed 18176K, reserved 1064960K
  class space    used 1706K, capacity 1761K, committed 1792K, reserved 1048576K
}
Event: 13.602 GC heap before
{Heap before GC invocations=30 (full 3):
 PSYoungGen      total 456192K, used 424320K [0x00000000e0400000, 0x00000000fe600000, 0x0000000100000000)
  eden space 423936K, 100% used [0x00000000e0400000,0x00000000fa200000,0x00000000fa200000)
  from space 32256K, 1% used [0x00000000fc680000,0x00000000fc6e0020,0x00000000fe600000)
  to   space 34816K, 0% used [0x00000000fa200000,0x00000000fa200000,0x00000000fc400000)
 ParOldGen       total 222720K, used 154931K [0x00000000a0c00000, 0x00000000ae580000, 0x00000000e0400000)
  object space 222720K, 69% used [0x00000000a0c00000,0x00000000aa34ce08,0x00000000ae580000)
 Metaspace       used 17908K, capacity 18121K, committed 18176K, reserved 1064960K
  class space    used 1706K, capacity 1761K, committed 1792K, reserved 1048576K
Event: 13.604 GC heap after
Heap after GC invocations=30 (full 3):
 PSYoungGen      total 458752K, used 352K [0x00000000e0400000, 0x00000000fe700000, 0x0000000100000000)
  eden space 423936K, 0% used [0x00000000e0400000,0x00000000e0400000,0x00000000fa200000)
  from space 34816K, 1% used [0x00000000fa200000,0x00000000fa258020,0x00000000fc400000)
  to   space 32768K, 0% used [0x00000000fc700000,0x00000000fc700000,0x00000000fe700000)
 ParOldGen       total 222720K, used 154939K [0x00000000a0c00000, 0x00000000ae580000, 0x00000000e0400000)
  object space 222720K, 69% used [0x00000000a0c00000,0x00000000aa34ee08,0x00000000ae580000)
 Metaspace       used 17908K, capacity 18121K, committed 18176K, reserved 1064960K
  class space    used 1706K, capacity 1761K, committed 1792K, reserved 1048576K
}
Event: 14.201 GC heap before
{Heap before GC invocations=31 (full 3):
 PSYoungGen      total 458752K, used 424288K [0x00000000e0400000, 0x00000000fe700000, 0x0000000100000000)
  eden space 423936K, 100% used [0x00000000e0400000,0x00000000fa200000,0x00000000fa200000)
  from space 34816K, 1% used [0x00000000fa200000,0x00000000fa258020,0x00000000fc400000)
  to   space 32768K, 0% used [0x00000000fc700000,0x00000000fc700000,0x00000000fe700000)
 ParOldGen       total 222720K, used 154939K [0x00000000a0c00000, 0x00000000ae580000, 0x00000000e0400000)
  object space 222720K, 69% used [0x00000000a0c00000,0x00000000aa34ee08,0x00000000ae580000)
 Metaspace       used 17908K, capacity 18121K, committed 18176K, reserved 1064960K
  class space    used 1706K, capacity 1761K, committed 1792K, reserved 1048576K
Event: 14.203 GC heap after
Heap after GC invocations=31 (full 3):
 PSYoungGen      total 456704K, used 192K [0x00000000e0400000, 0x00000000fe280000, 0x0000000100000000)
  eden space 428544K, 0% used [0x00000000e0400000,0x00000000e0400000,0x00000000fa680000)
  from space 28160K, 0% used [0x00000000fc700000,0x00000000fc730000,0x00000000fe280000)
  to   space 30720K, 0% used [0x00000000fa680000,0x00000000fa680000,0x00000000fc480000)
 ParOldGen       total 222720K, used 155199K [0x00000000a0c00000, 0x00000000ae580000, 0x00000000e0400000)
  object space 222720K, 69% used [0x00000000a0c00000,0x00000000aa38fea8,0x00000000ae580000)
 Metaspace       used 17908K, capacity 18121K, committed 18176K, reserved 1064960K
  class space    used 1706K, capacity 1761K, committed 1792K, reserved 1048576K
}
Event: 14.759 GC heap before
{Heap before GC invocations=32 (full 3):
 PSYoungGen      total 456704K, used 428736K [0x00000000e0400000, 0x00000000fe280000, 0x0000000100000000)
  eden space 428544K, 100% used [0x00000000e0400000,0x00000000fa680000,0x00000000fa680000)
  from space 28160K, 0% used [0x00000000fc700000,0x00000000fc730000,0x00000000fe280000)
  to   space 30720K, 0% used [0x00000000fa680000,0x00000000fa680000,0x00000000fc480000)
 ParOldGen       total 222720K, used 155199K [0x00000000a0c00000, 0x00000000ae580000, 0x00000000e0400000)
  object space 222720K, 69% used [0x00000000a0c00000,0x00000000aa38fea8,0x00000000ae580000)
 Metaspace       used 17908K, capacity 18121K, committed 18176K, reserved 1064960K
  class space    used 1706K, capacity 1761K, committed 1792K, reserved 1048576K
Event: 14.761 GC heap after
Heap after GC invocations=32 (full 3):
 PSYoungGen      total 459264K, used 192K [0x00000000e0400000, 0x00000000fe380000, 0x0000000100000000)
  eden space 428544K, 0% used [0x00000000e0400000,0x00000000e0400000,0x00000000fa680000)
  from space 30720K, 0% used [0x00000000fa680000,0x00000000fa6b0000,0x00000000fc480000)
  to   space 29184K, 0% used [0x00000000fc700000,0x00000000fc700000,0x00000000fe380000)
 ParOldGen       total 222720K, used 155223K [0x00000000a0c00000, 0x00000000ae580000, 0x00000000e0400000)
  object space 222720K, 69% used [0x00000000a0c00000,0x00000000aa395ea8,0x00000000ae580000)
 Metaspace       used 17908K, capacity 18121K, committed 18176K, reserved 1064960K
  class space    used 1706K, capacity 1761K, committed 1792K, reserved 1048576K
}

