# JRE version: Java(TM) SE Runtime Environment (8.0_25-b18) (build 1.8.0_25-b18)
# Java VM: Java HotSpot(TM) 64-Bit Server VM (25.25-b02 mixed mode windows-amd64 compressed oops)
Heap:
 PSYoungGen      total 260096K, used 137619K [0x00000000e0400000, 0x00000000f6380000, 0x0000000100000000)
  eden space 199168K, 64% used [0x00000000e0400000,0x00000000e80dfdf8,0x00000000ec680000)
  from space 60928K, 15% used [0x00000000ec680000,0x00000000ed005020,0x00000000f0200000)
  to   space 59392K, 0% used [0x00000000f2980000,0x00000000f2980000,0x00000000f6380000)
 ParOldGen       total 229376K, used 145900K [0x00000000a0c00000, 0x00000000aec00000, 0x00000000e0400000)
  object space 229376K, 63% used [0x00000000a0c00000,0x00000000a9a7b250,0x00000000aec00000)
 Metaspace       used 18090K, capacity 18273K, committed 18560K, reserved 1067008K
  class space    used 1756K, capacity 1793K, committed 1920K, reserved 1048576K
GC Heap History (10 events):
Event: 3.242 GC heap before
{Heap before GC invocations=12 (full 2):
 PSYoungGen      total 172032K, used 164631K [0x00000000e0400000, 0x00000000f1d00000, 0x0000000100000000)
  eden space 122368K, 93% used [0x00000000e0400000,0x00000000e7449d68,0x00000000e7b80000)
  from space 49664K, 99% used [0x00000000e7b80000,0x00000000eabfc130,0x00000000eac00000)
  to   space 64000K, 0% used [0x00000000ede80000,0x00000000ede80000,0x00000000f1d00000)
 ParOldGen       total 159232K, used 109590K [0x00000000a0c00000, 0x00000000aa780000, 0x00000000e0400000)
  object space 159232K, 68% used [0x00000000a0c00000,0x00000000a7705ad8,0x00000000aa780000)
 Metaspace       used 17329K, capacity 17531K, committed 17664K, reserved 1064960K
  class space    used 1704K, capacity 1760K, committed 1792K, reserved 1048576K
Event: 3.270 GC heap after
Heap after GC invocations=12 (full 2):
 PSYoungGen      total 219648K, used 17660K [0x00000000e0400000, 0x00000000f1980000, 0x0000000100000000)
  eden space 159232K, 0% used [0x00000000e0400000,0x00000000e0400000,0x00000000e9f80000)
  from space 60416K, 29% used [0x00000000ede80000,0x00000000eefbf100,0x00000000f1980000)
  to   space 62464K, 0% used [0x00000000e9f80000,0x00000000e9f80000,0x00000000edc80000)
 ParOldGen       total 159232K, used 142638K [0x00000000a0c00000, 0x00000000aa780000, 0x00000000e0400000)
  object space 159232K, 89% used [0x00000000a0c00000,0x00000000a974bb78,0x00000000aa780000)
 Metaspace       used 17329K, capacity 17531K, committed 17664K, reserved 1064960K
  class space    used 1704K, capacity 1760K, committed 1792K, reserved 1048576K
}
Event: 3.270 GC heap before
{Heap before GC invocations=13 (full 3):
 PSYoungGen      total 219648K, used 17660K [0x00000000e0400000, 0x00000000f1980000, 0x0000000100000000)
  eden space 159232K, 0% used [0x00000000e0400000,0x00000000e0400000,0x00000000e9f80000)
  from space 60416K, 29% used [0x00000000ede80000,0x00000000eefbf100,0x00000000f1980000)
  to   space 62464K, 0% used [0x00000000e9f80000,0x00000000e9f80000,0x00000000edc80000)
 ParOldGen       total 159232K, used 142638K [0x00000000a0c00000, 0x00000000aa780000, 0x00000000e0400000)
  object space 159232K, 89% used [0x00000000a0c00000,0x00000000a974bb78,0x00000000aa780000)
 Metaspace       used 17329K, capacity 17531K, committed 17664K, reserved 1064960K
  class space    used 1704K, capacity 1760K, committed 1792K, reserved 1048576K
Event: 3.370 GC heap after
Heap after GC invocations=13 (full 3):
 PSYoungGen      total 219648K, used 0K [0x00000000e0400000, 0x00000000f1980000, 0x0000000100000000)
  eden space 159232K, 0% used [0x00000000e0400000,0x00000000e0400000,0x00000000e9f80000)
  from space 60416K, 0% used [0x00000000ede80000,0x00000000ede80000,0x00000000f1980000)
  to   space 62464K, 0% used [0x00000000e9f80000,0x00000000e9f80000,0x00000000edc80000)
 ParOldGen       total 229376K, used 145876K [0x00000000a0c00000, 0x00000000aec00000, 0x00000000e0400000)
  object space 229376K, 63% used [0x00000000a0c00000,0x00000000a9a75250,0x00000000aec00000)
 Metaspace       used 17329K, capacity 17531K, committed 17664K, reserved 1064960K
  class space    used 1704K, capacity 1760K, committed 1792K, reserved 1048576K
}
Event: 3.804 GC heap before
{Heap before GC invocations=14 (full 3):
 PSYoungGen      total 219648K, used 153041K [0x00000000e0400000, 0x00000000f1980000, 0x0000000100000000)
  eden space 159232K, 96% used [0x00000000e0400000,0x00000000e9974788,0x00000000e9f80000)
  from space 60416K, 0% used [0x00000000ede80000,0x00000000ede80000,0x00000000f1980000)
  to   space 62464K, 0% used [0x00000000e9f80000,0x00000000e9f80000,0x00000000edc80000)
 ParOldGen       total 229376K, used 145876K [0x00000000a0c00000, 0x00000000aec00000, 0x00000000e0400000)
  object space 229376K, 63% used [0x00000000a0c00000,0x00000000a9a75250,0x00000000aec00000)
 Metaspace       used 17440K, capacity 17601K, committed 17664K, reserved 1064960K
  class space    used 1705K, capacity 1761K, committed 1792K, reserved 1048576K
Event: 3.807 GC heap after
Heap after GC invocations=14 (full 3):
 PSYoungGen      total 221696K, used 9140K [0x00000000e0400000, 0x00000000f4580000, 0x0000000100000000)
  eden space 159232K, 0% used [0x00000000e0400000,0x00000000e0400000,0x00000000e9f80000)
  from space 62464K, 14% used [0x00000000e9f80000,0x00000000ea86d020,0x00000000edc80000)
  to   space 61952K, 0% used [0x00000000f0900000,0x00000000f0900000,0x00000000f4580000)
 ParOldGen       total 229376K, used 145884K [0x00000000a0c00000, 0x00000000aec00000, 0x00000000e0400000)
  object space 229376K, 63% used [0x00000000a0c00000,0x00000000a9a77250,0x00000000aec00000)
 Metaspace       used 17440K, capacity 17601K, committed 17664K, reserved 1064960K
  class space    used 1705K, capacity 1761K, committed 1792K, reserved 1048576K
}
Event: 4.369 GC heap before
{Heap before GC invocations=15 (full 3):
 PSYoungGen      total 221696K, used 164232K [0x00000000e0400000, 0x00000000f4580000, 0x0000000100000000)
  eden space 159232K, 97% used [0x00000000e0400000,0x00000000e9b75388,0x00000000e9f80000)
  from space 62464K, 14% used [0x00000000e9f80000,0x00000000ea86d020,0x00000000edc80000)
  to   space 61952K, 0% used [0x00000000f0900000,0x00000000f0900000,0x00000000f4580000)
 ParOldGen       total 229376K, used 145884K [0x00000000a0c00000, 0x00000000aec00000, 0x00000000e0400000)
  object space 229376K, 63% used [0x00000000a0c00000,0x00000000a9a77250,0x00000000aec00000)
 Metaspace       used 17493K, capacity 17729K, committed 17920K, reserved 1064960K
  class space    used 1705K, capacity 1761K, committed 1792K, reserved 1048576K
Event: 4.373 GC heap after
Heap after GC invocations=15 (full 3):
 PSYoungGen      total 252928K, used 9140K [0x00000000e0400000, 0x00000000f3d80000, 0x0000000100000000)
  eden space 199168K, 0% used [0x00000000e0400000,0x00000000e0400000,0x00000000ec680000)
  from space 53760K, 17% used [0x00000000f0900000,0x00000000f11ed020,0x00000000f3d80000)
  to   space 60928K, 0% used [0x00000000ec680000,0x00000000ec680000,0x00000000f0200000)
 ParOldGen       total 229376K, used 145892K [0x00000000a0c00000, 0x00000000aec00000, 0x00000000e0400000)
  object space 229376K, 63% used [0x00000000a0c00000,0x00000000a9a79250,0x00000000aec00000)
 Metaspace       used 17493K, capacity 17729K, committed 17920K, reserved 1064960K
  class space    used 1705K, capacity 1761K, committed 1792K, reserved 1048576K
}
Event: 5.068 GC heap before
{Heap before GC invocations=16 (full 3):
 PSYoungGen      total 252928K, used 204521K [0x00000000e0400000, 0x00000000f3d80000, 0x0000000100000000)
  eden space 199168K, 98% used [0x00000000e0400000,0x00000000ec2cd798,0x00000000ec680000)
  from space 53760K, 17% used [0x00000000f0900000,0x00000000f11ed020,0x00000000f3d80000)
  to   space 60928K, 0% used [0x00000000ec680000,0x00000000ec680000,0x00000000f0200000)
 ParOldGen       total 229376K, used 145892K [0x00000000a0c00000, 0x00000000aec00000, 0x00000000e0400000)
  object space 229376K, 63% used [0x00000000a0c00000,0x00000000a9a79250,0x00000000aec00000)
 Metaspace       used 18069K, capacity 18273K, committed 18560K, reserved 1067008K
  class space    used 1756K, capacity 1793K, committed 1920K, reserved 1048576K
Event: 5.071 GC heap after
Heap after GC invocations=16 (full 3):
 PSYoungGen      total 260096K, used 9748K [0x00000000e0400000, 0x00000000f6380000, 0x0000000100000000)
  eden space 199168K, 0% used [0x00000000e0400000,0x00000000e0400000,0x00000000ec680000)
  from space 60928K, 15% used [0x00000000ec680000,0x00000000ed005020,0x00000000f0200000)
  to   space 59392K, 0% used [0x00000000f2980000,0x00000000f2980000,0x00000000f6380000)
 ParOldGen       total 229376K, used 145900K [0x00000000a0c00000, 0x00000000aec00000, 0x00000000e0400000)
  object space 229376K, 63% used [0x00000000a0c00000,0x00000000a9a7b250,0x00000000aec00000)
 Metaspace       used 18069K, capacity 18273K, committed 18560K, reserved 1067008K
  class space    used 1756K, capacity 1793K, committed 1920K, reserved 1048576K
}

