# JRE version: Java(TM) SE Runtime Environment (8.0_25-b18) (build 1.8.0_25-b18)
# Java VM: Java HotSpot(TM) 64-Bit Server VM (25.25-b02 mixed mode windows-amd64 compressed oops)
Heap:
 PSYoungGen      total 311296K, used 228054K [0x00000000e0400000, 0x00000000f6d00000, 0x0000000100000000)
  eden space 261632K, 83% used [0x00000000e0400000,0x00000000ed924b08,0x00000000f0380000)
  from space 49664K, 19% used [0x00000000f0380000,0x00000000f0d11050,0x00000000f3400000)
  to   space 48128K, 0% used [0x00000000f3e00000,0x00000000f3e00000,0x00000000f6d00000)
 ParOldGen       total 236544K, used 154038K [0x00000000a0c00000, 0x00000000af300000, 0x00000000e0400000)
  object space 236544K, 65% used [0x00000000a0c00000,0x00000000aa26da50,0x00000000af300000)
 Metaspace       used 18288K, capacity 18537K, committed 18816K, reserved 1067008K
  class space    used 1753K, capacity 1793K, committed 1920K, reserved 1048576K
GC Heap History (10 events):
Event: 6.307 GC heap before
{Heap before GC invocations=18 (full 3):
 PSYoungGen      total 270848K, used 230794K [0x00000000e0400000, 0x00000000f4a00000, 0x0000000100000000)
  eden space 222208K, 99% used [0x00000000e0400000,0x00000000edbc9990,0x00000000edd00000)
  from space 48640K, 20% used [0x00000000f1a80000,0x00000000f2419050,0x00000000f4a00000)
  to   space 55808K, 0% used [0x00000000edd00000,0x00000000edd00000,0x00000000f1380000)
 ParOldGen       total 236544K, used 154006K [0x00000000a0c00000, 0x00000000af300000, 0x00000000e0400000)
  object space 236544K, 65% used [0x00000000a0c00000,0x00000000aa265a50,0x00000000af300000)
 Metaspace       used 18006K, capacity 18273K, committed 18560K, reserved 1067008K
  class space    used 1742K, capacity 1793K, committed 1920K, reserved 1048576K
Event: 6.310 GC heap after
Heap after GC invocations=18 (full 3):
 PSYoungGen      total 278016K, used 9780K [0x00000000e0400000, 0x00000000f6680000, 0x0000000100000000)
  eden space 222208K, 0% used [0x00000000e0400000,0x00000000e0400000,0x00000000edd00000)
  from space 55808K, 17% used [0x00000000edd00000,0x00000000ee68d040,0x00000000f1380000)
  to   space 54784K, 0% used [0x00000000f3100000,0x00000000f3100000,0x00000000f6680000)
 ParOldGen       total 236544K, used 154014K [0x00000000a0c00000, 0x00000000af300000, 0x00000000e0400000)
  object space 236544K, 65% used [0x00000000a0c00000,0x00000000aa267a50,0x00000000af300000)
 Metaspace       used 18006K, capacity 18273K, committed 18560K, reserved 1067008K
  class space    used 1742K, capacity 1793K, committed 1920K, reserved 1048576K
}
Event: 7.005 GC heap before
{Heap before GC invocations=19 (full 3):
 PSYoungGen      total 278016K, used 231142K [0x00000000e0400000, 0x00000000f6680000, 0x0000000100000000)
  eden space 222208K, 99% used [0x00000000e0400000,0x00000000edc2c8f8,0x00000000edd00000)
  from space 55808K, 17% used [0x00000000edd00000,0x00000000ee68d040,0x00000000f1380000)
  to   space 54784K, 0% used [0x00000000f3100000,0x00000000f3100000,0x00000000f6680000)
 ParOldGen       total 236544K, used 154014K [0x00000000a0c00000, 0x00000000af300000, 0x00000000e0400000)
  object space 236544K, 65% used [0x00000000a0c00000,0x00000000aa267a50,0x00000000af300000)
 Metaspace       used 18050K, capacity 18273K, committed 18560K, reserved 1067008K
  class space    used 1742K, capacity 1793K, committed 1920K, reserved 1048576K
Event: 7.010 GC heap after
Heap after GC invocations=19 (full 3):
 PSYoungGen      total 294912K, used 9796K [0x00000000e0400000, 0x00000000f5e80000, 0x0000000100000000)
  eden space 248320K, 0% used [0x00000000e0400000,0x00000000e0400000,0x00000000ef680000)
  from space 46592K, 21% used [0x00000000f3100000,0x00000000f3a91050,0x00000000f5e80000)
  to   space 53248K, 0% used [0x00000000ef680000,0x00000000ef680000,0x00000000f2a80000)
 ParOldGen       total 236544K, used 154022K [0x00000000a0c00000, 0x00000000af300000, 0x00000000e0400000)
  object space 236544K, 65% used [0x00000000a0c00000,0x00000000aa269a50,0x00000000af300000)
 Metaspace       used 18050K, capacity 18273K, committed 18560K, reserved 1067008K
  class space    used 1742K, capacity 1793K, committed 1920K, reserved 1048576K
}
Event: 7.772 GC heap before
{Heap before GC invocations=20 (full 3):
 PSYoungGen      total 294912K, used 251757K [0x00000000e0400000, 0x00000000f5e80000, 0x0000000100000000)
  eden space 248320K, 97% used [0x00000000e0400000,0x00000000ef04a400,0x00000000ef680000)
  from space 46592K, 21% used [0x00000000f3100000,0x00000000f3a91050,0x00000000f5e80000)
  to   space 53248K, 0% used [0x00000000ef680000,0x00000000ef680000,0x00000000f2a80000)
 ParOldGen       total 236544K, used 154022K [0x00000000a0c00000, 0x00000000af300000, 0x00000000e0400000)
  object space 236544K, 65% used [0x00000000a0c00000,0x00000000aa269a50,0x00000000af300000)
 Metaspace       used 18101K, capacity 18345K, committed 18560K, reserved 1067008K
  class space    used 1742K, capacity 1793K, committed 1920K, reserved 1048576K
Event: 7.776 GC heap after
Heap after GC invocations=20 (full 3):
 PSYoungGen      total 301568K, used 9860K [0x00000000e0400000, 0x00000000f6b00000, 0x0000000100000000)
  eden space 248320K, 0% used [0x00000000e0400000,0x00000000e0400000,0x00000000ef680000)
  from space 53248K, 18% used [0x00000000ef680000,0x00000000f0021050,0x00000000f2a80000)
  to   space 51712K, 0% used [0x00000000f3880000,0x00000000f3880000,0x00000000f6b00000)
 ParOldGen       total 236544K, used 154022K [0x00000000a0c00000, 0x00000000af300000, 0x00000000e0400000)
  object space 236544K, 65% used [0x00000000a0c00000,0x00000000aa269a50,0x00000000af300000)
 Metaspace       used 18101K, capacity 18345K, committed 18560K, reserved 1067008K
  class space    used 1742K, capacity 1793K, committed 1920K, reserved 1048576K
}
Event: 8.538 GC heap before
{Heap before GC invocations=21 (full 3):
 PSYoungGen      total 301568K, used 252064K [0x00000000e0400000, 0x00000000f6b00000, 0x0000000100000000)
  eden space 248320K, 97% used [0x00000000e0400000,0x00000000ef087100,0x00000000ef680000)
  from space 53248K, 18% used [0x00000000ef680000,0x00000000f0021050,0x00000000f2a80000)
  to   space 51712K, 0% used [0x00000000f3880000,0x00000000f3880000,0x00000000f6b00000)
 ParOldGen       total 236544K, used 154022K [0x00000000a0c00000, 0x00000000af300000, 0x00000000e0400000)
  object space 236544K, 65% used [0x00000000a0c00000,0x00000000aa269a50,0x00000000af300000)
 Metaspace       used 18193K, capacity 18409K, committed 18560K, reserved 1067008K
  class space    used 1742K, capacity 1793K, committed 1920K, reserved 1048576K
Event: 8.543 GC heap after
Heap after GC invocations=21 (full 3):
 PSYoungGen      total 306688K, used 9860K [0x00000000e0400000, 0x00000000f6480000, 0x0000000100000000)
  eden space 261632K, 0% used [0x00000000e0400000,0x00000000e0400000,0x00000000f0380000)
  from space 45056K, 21% used [0x00000000f3880000,0x00000000f4221050,0x00000000f6480000)
  to   space 49664K, 0% used [0x00000000f0380000,0x00000000f0380000,0x00000000f3400000)
 ParOldGen       total 236544K, used 154030K [0x00000000a0c00000, 0x00000000af300000, 0x00000000e0400000)
  object space 236544K, 65% used [0x00000000a0c00000,0x00000000aa26ba50,0x00000000af300000)
 Metaspace       used 18193K, capacity 18409K, committed 18560K, reserved 1067008K
  class space    used 1742K, capacity 1793K, committed 1920K, reserved 1048576K
}
Event: 9.370 GC heap before
{Heap before GC invocations=22 (full 3):
 PSYoungGen      total 306688K, used 266997K [0x00000000e0400000, 0x00000000f6480000, 0x0000000100000000)
  eden space 261632K, 98% used [0x00000000e0400000,0x00000000eff1c428,0x00000000f0380000)
  from space 45056K, 21% used [0x00000000f3880000,0x00000000f4221050,0x00000000f6480000)
  to   space 49664K, 0% used [0x00000000f0380000,0x00000000f0380000,0x00000000f3400000)
 ParOldGen       total 236544K, used 154030K [0x00000000a0c00000, 0x00000000af300000, 0x00000000e0400000)
  object space 236544K, 65% used [0x00000000a0c00000,0x00000000aa26ba50,0x00000000af300000)
 Metaspace       used 18210K, capacity 18409K, committed 18560K, reserved 1067008K
  class space    used 1742K, capacity 1793K, committed 1920K, reserved 1048576K
Event: 9.374 GC heap after
Heap after GC invocations=22 (full 3):
 PSYoungGen      total 311296K, used 9796K [0x00000000e0400000, 0x00000000f6d00000, 0x0000000100000000)
  eden space 261632K, 0% used [0x00000000e0400000,0x00000000e0400000,0x00000000f0380000)
  from space 49664K, 19% used [0x00000000f0380000,0x00000000f0d11050,0x00000000f3400000)
  to   space 48128K, 0% used [0x00000000f3e00000,0x00000000f3e00000,0x00000000f6d00000)
 ParOldGen       total 236544K, used 154038K [0x00000000a0c00000, 0x00000000af300000, 0x00000000e0400000)
  object space 236544K, 65% used [0x00000000a0c00000,0x00000000aa26da50,0x00000000af300000)
 Metaspace       used 18210K, capacity 18409K, committed 18560K, reserved 1067008K
  class space    used 1742K, capacity 1793K, committed 1920K, reserved 1048576K
}

