# JRE version: Java(TM) SE Runtime Environment (8.0_25-b18) (build 1.8.0_25-b18)
# Java VM: Java HotSpot(TM) 64-Bit Server VM (25.25-b02 mixed mode windows-amd64 compressed oops)
Heap:
 PSYoungGen      total 335360K, used 97474K [0x00000000e0400000, 0x00000000f5880000, 0x0000000100000000)
  eden space 321536K, 30% used [0x00000000e0400000,0x00000000e6318a78,0x00000000f3e00000)
  from space 13824K, 0% used [0x00000000f3e00000,0x00000000f3e18000,0x00000000f4b80000)
  to   space 12800K, 0% used [0x00000000f4c00000,0x00000000f4c00000,0x00000000f5880000)
 ParOldGen       total 231424K, used 163631K [0x00000000a0c00000, 0x00000000aee00000, 0x00000000e0400000)
  object space 231424K, 70% used [0x00000000a0c00000,0x00000000aabcbf08,0x00000000aee00000)
 Metaspace       used 18029K, capacity 18281K, committed 18560K, reserved 1067008K
  class space    used 1735K, capacity 1793K, committed 1920K, reserved 1048576K
GC Heap History (10 events):
Event: 20.424 GC heap before
{Heap before GC invocations=52 (full 3):
 PSYoungGen      total 334336K, used 318048K [0x00000000e0400000, 0x00000000f5c80000, 0x0000000100000000)
  eden space 317952K, 100% used [0x00000000e0400000,0x00000000f3a80000,0x00000000f3a80000)
  from space 16384K, 0% used [0x00000000f4c80000,0x00000000f4c98000,0x00000000f5c80000)
  to   space 17408K, 0% used [0x00000000f3a80000,0x00000000f3a80000,0x00000000f4b80000)
 ParOldGen       total 231424K, used 163591K [0x00000000a0c00000, 0x00000000aee00000, 0x00000000e0400000)
  object space 231424K, 70% used [0x00000000a0c00000,0x00000000aabc1f08,0x00000000aee00000)
 Metaspace       used 17994K, capacity 18217K, committed 18560K, reserved 1067008K
  class space    used 1723K, capacity 1793K, committed 1920K, reserved 1048576K
Event: 20.425 GC heap after
Heap after GC invocations=52 (full 3):
 PSYoungGen      total 335360K, used 96K [0x00000000e0400000, 0x00000000f5c80000, 0x0000000100000000)
  eden space 317952K, 0% used [0x00000000e0400000,0x00000000e0400000,0x00000000f3a80000)
  from space 17408K, 0% used [0x00000000f3a80000,0x00000000f3a98000,0x00000000f4b80000)
  to   space 16384K, 0% used [0x00000000f4c80000,0x00000000f4c80000,0x00000000f5c80000)
 ParOldGen       total 231424K, used 163591K [0x00000000a0c00000, 0x00000000aee00000, 0x00000000e0400000)
  object space 231424K, 70% used [0x00000000a0c00000,0x00000000aabc1f08,0x00000000aee00000)
 Metaspace       used 17994K, capacity 18217K, committed 18560K, reserved 1067008K
  class space    used 1723K, capacity 1793K, committed 1920K, reserved 1048576K
}
Event: 20.923 GC heap before
{Heap before GC invocations=53 (full 3):
 PSYoungGen      total 335360K, used 318048K [0x00000000e0400000, 0x00000000f5c80000, 0x0000000100000000)
  eden space 317952K, 100% used [0x00000000e0400000,0x00000000f3a80000,0x00000000f3a80000)
  from space 17408K, 0% used [0x00000000f3a80000,0x00000000f3a98000,0x00000000f4b80000)
  to   space 16384K, 0% used [0x00000000f4c80000,0x00000000f4c80000,0x00000000f5c80000)
 ParOldGen       total 231424K, used 163591K [0x00000000a0c00000, 0x00000000aee00000, 0x00000000e0400000)
  object space 231424K, 70% used [0x00000000a0c00000,0x00000000aabc1f08,0x00000000aee00000)
 Metaspace       used 17994K, capacity 18217K, committed 18560K, reserved 1067008K
  class space    used 1723K, capacity 1793K, committed 1920K, reserved 1048576K
Event: 20.925 GC heap after
Heap after GC invocations=53 (full 3):
 PSYoungGen      total 335360K, used 160K [0x00000000e0400000, 0x00000000f5b80000, 0x0000000100000000)
  eden space 320000K, 0% used [0x00000000e0400000,0x00000000e0400000,0x00000000f3c80000)
  from space 15360K, 1% used [0x00000000f4c80000,0x00000000f4ca8000,0x00000000f5b80000)
  to   space 15872K, 0% used [0x00000000f3c80000,0x00000000f3c80000,0x00000000f4c00000)
 ParOldGen       total 231424K, used 163591K [0x00000000a0c00000, 0x00000000aee00000, 0x00000000e0400000)
  object space 231424K, 70% used [0x00000000a0c00000,0x00000000aabc1f08,0x00000000aee00000)
 Metaspace       used 17994K, capacity 18217K, committed 18560K, reserved 1067008K
  class space    used 1723K, capacity 1793K, committed 1920K, reserved 1048576K
}
Event: 21.431 GC heap before
{Heap before GC invocations=54 (full 3):
 PSYoungGen      total 335360K, used 320160K [0x00000000e0400000, 0x00000000f5b80000, 0x0000000100000000)
  eden space 320000K, 100% used [0x00000000e0400000,0x00000000f3c80000,0x00000000f3c80000)
  from space 15360K, 1% used [0x00000000f4c80000,0x00000000f4ca8000,0x00000000f5b80000)
  to   space 15872K, 0% used [0x00000000f3c80000,0x00000000f3c80000,0x00000000f4c00000)
 ParOldGen       total 231424K, used 163591K [0x00000000a0c00000, 0x00000000aee00000, 0x00000000e0400000)
  object space 231424K, 70% used [0x00000000a0c00000,0x00000000aabc1f08,0x00000000aee00000)
 Metaspace       used 17994K, capacity 18217K, committed 18560K, reserved 1067008K
  class space    used 1723K, capacity 1793K, committed 1920K, reserved 1048576K
Event: 21.433 GC heap after
Heap after GC invocations=54 (full 3):
 PSYoungGen      total 335872K, used 96K [0x00000000e0400000, 0x00000000f5b80000, 0x0000000100000000)
  eden space 320000K, 0% used [0x00000000e0400000,0x00000000e0400000,0x00000000f3c80000)
  from space 15872K, 0% used [0x00000000f3c80000,0x00000000f3c98000,0x00000000f4c00000)
  to   space 14848K, 0% used [0x00000000f4d00000,0x00000000f4d00000,0x00000000f5b80000)
 ParOldGen       total 231424K, used 163615K [0x00000000a0c00000, 0x00000000aee00000, 0x00000000e0400000)
  object space 231424K, 70% used [0x00000000a0c00000,0x00000000aabc7f08,0x00000000aee00000)
 Metaspace       used 17994K, capacity 18217K, committed 18560K, reserved 1067008K
  class space    used 1723K, capacity 1793K, committed 1920K, reserved 1048576K
}
Event: 21.930 GC heap before
{Heap before GC invocations=55 (full 3):
 PSYoungGen      total 335872K, used 318741K [0x00000000e0400000, 0x00000000f5b80000, 0x0000000100000000)
  eden space 320000K, 99% used [0x00000000e0400000,0x00000000f3b2d458,0x00000000f3c80000)
  from space 15872K, 0% used [0x00000000f3c80000,0x00000000f3c98000,0x00000000f4c00000)
  to   space 14848K, 0% used [0x00000000f4d00000,0x00000000f4d00000,0x00000000f5b80000)
 ParOldGen       total 231424K, used 163615K [0x00000000a0c00000, 0x00000000aee00000, 0x00000000e0400000)
  object space 231424K, 70% used [0x00000000a0c00000,0x00000000aabc7f08,0x00000000aee00000)
 Metaspace       used 17994K, capacity 18217K, committed 18560K, reserved 1067008K
  class space    used 1723K, capacity 1793K, committed 1920K, reserved 1048576K
Event: 21.931 GC heap after
Heap after GC invocations=55 (full 3):
 PSYoungGen      total 333824K, used 128K [0x00000000e0400000, 0x00000000f5900000, 0x0000000100000000)
  eden space 321536K, 0% used [0x00000000e0400000,0x00000000e0400000,0x00000000f3e00000)
  from space 12288K, 1% used [0x00000000f4d00000,0x00000000f4d20000,0x00000000f5900000)
  to   space 13824K, 0% used [0x00000000f3e00000,0x00000000f3e00000,0x00000000f4b80000)
 ParOldGen       total 231424K, used 163623K [0x00000000a0c00000, 0x00000000aee00000, 0x00000000e0400000)
  object space 231424K, 70% used [0x00000000a0c00000,0x00000000aabc9f08,0x00000000aee00000)
 Metaspace       used 17994K, capacity 18217K, committed 18560K, reserved 1067008K
  class space    used 1723K, capacity 1793K, committed 1920K, reserved 1048576K
}
Event: 22.429 GC heap before
{Heap before GC invocations=56 (full 3):
 PSYoungGen      total 333824K, used 318785K [0x00000000e0400000, 0x00000000f5900000, 0x0000000100000000)
  eden space 321536K, 99% used [0x00000000e0400000,0x00000000f3b30508,0x00000000f3e00000)
  from space 12288K, 1% used [0x00000000f4d00000,0x00000000f4d20000,0x00000000f5900000)
  to   space 13824K, 0% used [0x00000000f3e00000,0x00000000f3e00000,0x00000000f4b80000)
 ParOldGen       total 231424K, used 163623K [0x00000000a0c00000, 0x00000000aee00000, 0x00000000e0400000)
  object space 231424K, 70% used [0x00000000a0c00000,0x00000000aabc9f08,0x00000000aee00000)
 Metaspace       used 17994K, capacity 18217K, committed 18560K, reserved 1067008K
  class space    used 1723K, capacity 1793K, committed 1920K, reserved 1048576K
Event: 22.431 GC heap after
Heap after GC invocations=56 (full 3):
 PSYoungGen      total 335360K, used 96K [0x00000000e0400000, 0x00000000f5880000, 0x0000000100000000)
  eden space 321536K, 0% used [0x00000000e0400000,0x00000000e0400000,0x00000000f3e00000)
  from space 13824K, 0% used [0x00000000f3e00000,0x00000000f3e18000,0x00000000f4b80000)
  to   space 12800K, 0% used [0x00000000f4c00000,0x00000000f4c00000,0x00000000f5880000)
 ParOldGen       total 231424K, used 163631K [0x00000000a0c00000, 0x00000000aee00000, 0x00000000e0400000)
  object space 231424K, 70% used [0x00000000a0c00000,0x00000000aabcbf08,0x00000000aee00000)
 Metaspace       used 17994K, capacity 18217K, committed 18560K, reserved 1067008K
  class space    used 1723K, capacity 1793K, committed 1920K, reserved 1048576K
}

