# JRE version: Java(TM) SE Runtime Environment (8.0_25-b18) (build 1.8.0_25-b18)
# Java VM: Java HotSpot(TM) 64-Bit Server VM (25.25-b02 mixed mode windows-amd64 compressed oops)
Heap:
 PSYoungGen      total 333824K, used 239455K [0x00000000e0400000, 0x00000000f5d00000, 0x0000000100000000)
  eden space 319488K, 72% used [0x00000000e0400000,0x00000000ee4f2f18,0x00000000f3c00000)
  from space 14336K, 63% used [0x00000000f3c00000,0x00000000f44e5020,0x00000000f4a00000)
  to   space 15872K, 0% used [0x00000000f4d80000,0x00000000f4d80000,0x00000000f5d00000)
 ParOldGen       total 227840K, used 155983K [0x00000000a0c00000, 0x00000000aea80000, 0x00000000e0400000)
  object space 227840K, 68% used [0x00000000a0c00000,0x00000000aa453e98,0x00000000aea80000)
 Metaspace       used 18512K, capacity 18761K, committed 19072K, reserved 1067008K
  class space    used 1773K, capacity 1825K, committed 1920K, reserved 1048576K
GC Heap History (10 events):
Event: 20.179 GC heap before
{Heap before GC invocations=48 (full 3):
 PSYoungGen      total 333824K, used 314419K [0x00000000e0400000, 0x00000000f5d00000, 0x0000000100000000)
  eden space 316416K, 99% used [0x00000000e0400000,0x00000000f36e4fc0,0x00000000f3900000)
  from space 17408K, 0% used [0x00000000f4c00000,0x00000000f4c28000,0x00000000f5d00000)
  to   space 18432K, 0% used [0x00000000f3900000,0x00000000f3900000,0x00000000f4b00000)
 ParOldGen       total 227840K, used 155927K [0x00000000a0c00000, 0x00000000aea80000, 0x00000000e0400000)
  object space 227840K, 68% used [0x00000000a0c00000,0x00000000aa445e98,0x00000000aea80000)
 Metaspace       used 18500K, capacity 18697K, committed 18816K, reserved 1067008K
  class space    used 1773K, capacity 1825K, committed 1920K, reserved 1048576K
Event: 20.181 GC heap after
Heap after GC invocations=48 (full 3):
 PSYoungGen      total 334848K, used 160K [0x00000000e0400000, 0x00000000f5c80000, 0x0000000100000000)
  eden space 316416K, 0% used [0x00000000e0400000,0x00000000e0400000,0x00000000f3900000)
  from space 18432K, 0% used [0x00000000f3900000,0x00000000f3928000,0x00000000f4b00000)
  to   space 17408K, 0% used [0x00000000f4b80000,0x00000000f4b80000,0x00000000f5c80000)
 ParOldGen       total 227840K, used 155927K [0x00000000a0c00000, 0x00000000aea80000, 0x00000000e0400000)
  object space 227840K, 68% used [0x00000000a0c00000,0x00000000aa445e98,0x00000000aea80000)
 Metaspace       used 18500K, capacity 18697K, committed 18816K, reserved 1067008K
  class space    used 1773K, capacity 1825K, committed 1920K, reserved 1048576K
}
Event: 20.680 GC heap before
{Heap before GC invocations=49 (full 3):
 PSYoungGen      total 334848K, used 314456K [0x00000000e0400000, 0x00000000f5c80000, 0x0000000100000000)
  eden space 316416K, 99% used [0x00000000e0400000,0x00000000f36ee328,0x00000000f3900000)
  from space 18432K, 0% used [0x00000000f3900000,0x00000000f3928000,0x00000000f4b00000)
  to   space 17408K, 0% used [0x00000000f4b80000,0x00000000f4b80000,0x00000000f5c80000)
 ParOldGen       total 227840K, used 155927K [0x00000000a0c00000, 0x00000000aea80000, 0x00000000e0400000)
  object space 227840K, 68% used [0x00000000a0c00000,0x00000000aa445e98,0x00000000aea80000)
 Metaspace       used 18500K, capacity 18697K, committed 18816K, reserved 1067008K
  class space    used 1773K, capacity 1825K, committed 1920K, reserved 1048576K
Event: 20.681 GC heap after
Heap after GC invocations=49 (full 3):
 PSYoungGen      total 333312K, used 160K [0x00000000e0400000, 0x00000000f5a80000, 0x0000000100000000)
  eden space 317952K, 0% used [0x00000000e0400000,0x00000000e0400000,0x00000000f3a80000)
  from space 15360K, 1% used [0x00000000f4b80000,0x00000000f4ba8000,0x00000000f5a80000)
  to   space 16384K, 0% used [0x00000000f3a80000,0x00000000f3a80000,0x00000000f4a80000)
 ParOldGen       total 227840K, used 155967K [0x00000000a0c00000, 0x00000000aea80000, 0x00000000e0400000)
  object space 227840K, 68% used [0x00000000a0c00000,0x00000000aa44fe98,0x00000000aea80000)
 Metaspace       used 18500K, capacity 18697K, committed 18816K, reserved 1067008K
  class space    used 1773K, capacity 1825K, committed 1920K, reserved 1048576K
}
Event: 21.181 GC heap before
{Heap before GC invocations=50 (full 3):
 PSYoungGen      total 333312K, used 314511K [0x00000000e0400000, 0x00000000f5a80000, 0x0000000100000000)
  eden space 317952K, 98% used [0x00000000e0400000,0x00000000f36fbf30,0x00000000f3a80000)
  from space 15360K, 1% used [0x00000000f4b80000,0x00000000f4ba8000,0x00000000f5a80000)
  to   space 16384K, 0% used [0x00000000f3a80000,0x00000000f3a80000,0x00000000f4a80000)
 ParOldGen       total 227840K, used 155967K [0x00000000a0c00000, 0x00000000aea80000, 0x00000000e0400000)
  object space 227840K, 68% used [0x00000000a0c00000,0x00000000aa44fe98,0x00000000aea80000)
 Metaspace       used 18500K, capacity 18697K, committed 18816K, reserved 1067008K
  class space    used 1773K, capacity 1825K, committed 1920K, reserved 1048576K
Event: 21.183 GC heap after
Heap after GC invocations=50 (full 3):
 PSYoungGen      total 334336K, used 160K [0x00000000e0400000, 0x00000000f5a00000, 0x0000000100000000)
  eden space 317952K, 0% used [0x00000000e0400000,0x00000000e0400000,0x00000000f3a80000)
  from space 16384K, 0% used [0x00000000f3a80000,0x00000000f3aa8000,0x00000000f4a80000)
  to   space 15360K, 0% used [0x00000000f4b00000,0x00000000f4b00000,0x00000000f5a00000)
 ParOldGen       total 227840K, used 155967K [0x00000000a0c00000, 0x00000000aea80000, 0x00000000e0400000)
  object space 227840K, 68% used [0x00000000a0c00000,0x00000000aa44fe98,0x00000000aea80000)
 Metaspace       used 18500K, capacity 18697K, committed 18816K, reserved 1067008K
  class space    used 1773K, capacity 1825K, committed 1920K, reserved 1048576K
}
Event: 21.684 GC heap before
{Heap before GC invocations=51 (full 3):
 PSYoungGen      total 334336K, used 314024K [0x00000000e0400000, 0x00000000f5a00000, 0x0000000100000000)
  eden space 317952K, 98% used [0x00000000e0400000,0x00000000f3682338,0x00000000f3a80000)
  from space 16384K, 0% used [0x00000000f3a80000,0x00000000f3aa8000,0x00000000f4a80000)
  to   space 15360K, 0% used [0x00000000f4b00000,0x00000000f4b00000,0x00000000f5a00000)
 ParOldGen       total 227840K, used 155967K [0x00000000a0c00000, 0x00000000aea80000, 0x00000000e0400000)
  object space 227840K, 68% used [0x00000000a0c00000,0x00000000aa44fe98,0x00000000aea80000)
 Metaspace       used 18511K, capacity 18761K, committed 19072K, reserved 1067008K
  class space    used 1773K, capacity 1825K, committed 1920K, reserved 1048576K
Event: 21.686 GC heap after
Heap after GC invocations=51 (full 3):
 PSYoungGen      total 332800K, used 224K [0x00000000e0400000, 0x00000000f5800000, 0x0000000100000000)
  eden space 319488K, 0% used [0x00000000e0400000,0x00000000e0400000,0x00000000f3c00000)
  from space 13312K, 1% used [0x00000000f4b00000,0x00000000f4b38000,0x00000000f5800000)
  to   space 14336K, 0% used [0x00000000f3c00000,0x00000000f3c00000,0x00000000f4a00000)
 ParOldGen       total 227840K, used 155983K [0x00000000a0c00000, 0x00000000aea80000, 0x00000000e0400000)
  object space 227840K, 68% used [0x00000000a0c00000,0x00000000aa453e98,0x00000000aea80000)
 Metaspace       used 18511K, capacity 18761K, committed 19072K, reserved 1067008K
  class space    used 1773K, capacity 1825K, committed 1920K, reserved 1048576K
}
Event: 22.250 GC heap before
{Heap before GC invocations=52 (full 3):
 PSYoungGen      total 332800K, used 319677K [0x00000000e0400000, 0x00000000f5800000, 0x0000000100000000)
  eden space 319488K, 99% used [0x00000000e0400000,0x00000000f3bf75f8,0x00000000f3c00000)
  from space 13312K, 1% used [0x00000000f4b00000,0x00000000f4b38000,0x00000000f5800000)
  to   space 14336K, 0% used [0x00000000f3c00000,0x00000000f3c00000,0x00000000f4a00000)
 ParOldGen       total 227840K, used 155983K [0x00000000a0c00000, 0x00000000aea80000, 0x00000000e0400000)
  object space 227840K, 68% used [0x00000000a0c00000,0x00000000aa453e98,0x00000000aea80000)
 Metaspace       used 18511K, capacity 18761K, committed 19072K, reserved 1067008K
  class space    used 1773K, capacity 1825K, committed 1920K, reserved 1048576K
Event: 22.253 GC heap after
Heap after GC invocations=52 (full 3):
 PSYoungGen      total 333824K, used 9108K [0x00000000e0400000, 0x00000000f5d00000, 0x0000000100000000)
  eden space 319488K, 0% used [0x00000000e0400000,0x00000000e0400000,0x00000000f3c00000)
  from space 14336K, 63% used [0x00000000f3c00000,0x00000000f44e5020,0x00000000f4a00000)
  to   space 15872K, 0% used [0x00000000f4d80000,0x00000000f4d80000,0x00000000f5d00000)
 ParOldGen       total 227840K, used 155983K [0x00000000a0c00000, 0x00000000aea80000, 0x00000000e0400000)
  object space 227840K, 68% used [0x00000000a0c00000,0x00000000aa453e98,0x00000000aea80000)
 Metaspace       used 18511K, capacity 18761K, committed 19072K, reserved 1067008K
  class space    used 1773K, capacity 1825K, committed 1920K, reserved 1048576K
}

