# JRE version: Java(TM) SE Runtime Environment (8.0_25-b18) (build 1.8.0_25-b18)
# Java VM: Java HotSpot(TM) 64-Bit Server VM (25.25-b02 mixed mode windows-amd64 compressed oops)
Heap:
 PSYoungGen      total 338944K, used 40076K [0x00000000e0400000, 0x00000000f6000000, 0x0000000100000000)
  eden space 320512K, 12% used [0x00000000e0400000,0x00000000e2afb300,0x00000000f3d00000)
  from space 18432K, 0% used [0x00000000f3d00000,0x00000000f3d28000,0x00000000f4f00000)
  to   space 17408K, 0% used [0x00000000f4f00000,0x00000000f4f00000,0x00000000f6000000)
 ParOldGen       total 235520K, used 163429K [0x00000000a0c00000, 0x00000000af200000, 0x00000000e0400000)
  object space 235520K, 69% used [0x00000000a0c00000,0x00000000aab99478,0x00000000af200000)
 Metaspace       used 17924K, capacity 18121K, committed 18176K, reserved 1064960K
  class space    used 1717K, capacity 1761K, committed 1792K, reserved 1048576K
GC Heap History (10 events):
Event: 30.121 GC heap before
{Heap before GC invocations=42 (full 3):
 PSYoungGen      total 340480K, used 314221K [0x00000000e0400000, 0x00000000f6800000, 0x0000000100000000)
  eden space 318464K, 98% used [0x00000000e0400000,0x00000000f36bb538,0x00000000f3b00000)
  from space 22016K, 0% used [0x00000000f5280000,0x00000000f52a0000,0x00000000f6800000)
  to   space 23040K, 0% used [0x00000000f3b00000,0x00000000f3b00000,0x00000000f5180000)
 ParOldGen       total 235520K, used 163349K [0x00000000a0c00000, 0x00000000af200000, 0x00000000e0400000)
  object space 235520K, 69% used [0x00000000a0c00000,0x00000000aab85478,0x00000000af200000)
 Metaspace       used 17922K, capacity 18121K, committed 18176K, reserved 1064960K
  class space    used 1717K, capacity 1761K, committed 1792K, reserved 1048576K
Event: 30.123 GC heap after
Heap after GC invocations=42 (full 3):
 PSYoungGen      total 318976K, used 128K [0x00000000e0400000, 0x00000000f6600000, 0x0000000100000000)
  eden space 318464K, 0% used [0x00000000e0400000,0x00000000e0400000,0x00000000f3b00000)
  from space 512K, 25% used [0x00000000f3b00000,0x00000000f3b20000,0x00000000f3b80000)
  to   space 21504K, 0% used [0x00000000f5100000,0x00000000f5100000,0x00000000f6600000)
 ParOldGen       total 235520K, used 163349K [0x00000000a0c00000, 0x00000000af200000, 0x00000000e0400000)
  object space 235520K, 69% used [0x00000000a0c00000,0x00000000aab85478,0x00000000af200000)
 Metaspace       used 17922K, capacity 18121K, committed 18176K, reserved 1064960K
  class space    used 1717K, capacity 1761K, committed 1792K, reserved 1048576K
}
Event: 31.187 GC heap before
{Heap before GC invocations=43 (full 3):
 PSYoungGen      total 318976K, used 314226K [0x00000000e0400000, 0x00000000f6600000, 0x0000000100000000)
  eden space 318464K, 98% used [0x00000000e0400000,0x00000000f36bc8c0,0x00000000f3b00000)
  from space 512K, 25% used [0x00000000f3b00000,0x00000000f3b20000,0x00000000f3b80000)
  to   space 21504K, 0% used [0x00000000f5100000,0x00000000f5100000,0x00000000f6600000)
 ParOldGen       total 235520K, used 163349K [0x00000000a0c00000, 0x00000000af200000, 0x00000000e0400000)
  object space 235520K, 69% used [0x00000000a0c00000,0x00000000aab85478,0x00000000af200000)
 Metaspace       used 17922K, capacity 18121K, committed 18176K, reserved 1064960K
  class space    used 1717K, capacity 1761K, committed 1792K, reserved 1048576K
Event: 31.189 GC heap after
Heap after GC invocations=43 (full 3):
 PSYoungGen      total 338944K, used 192K [0x00000000e0400000, 0x00000000f6400000, 0x0000000100000000)
  eden space 319488K, 0% used [0x00000000e0400000,0x00000000e0400000,0x00000000f3c00000)
  from space 19456K, 0% used [0x00000000f5100000,0x00000000f5130000,0x00000000f6400000)
  to   space 20480K, 0% used [0x00000000f3c00000,0x00000000f3c00000,0x00000000f5000000)
 ParOldGen       total 235520K, used 163381K [0x00000000a0c00000, 0x00000000af200000, 0x00000000e0400000)
  object space 235520K, 69% used [0x00000000a0c00000,0x00000000aab8d478,0x00000000af200000)
 Metaspace       used 17922K, capacity 18121K, committed 18176K, reserved 1064960K
  class space    used 1717K, capacity 1761K, committed 1792K, reserved 1048576K
}
Event: 32.256 GC heap before
{Heap before GC invocations=44 (full 3):
 PSYoungGen      total 338944K, used 314308K [0x00000000e0400000, 0x00000000f6400000, 0x0000000100000000)
  eden space 319488K, 98% used [0x00000000e0400000,0x00000000f36c1368,0x00000000f3c00000)
  from space 19456K, 0% used [0x00000000f5100000,0x00000000f5130000,0x00000000f6400000)
  to   space 20480K, 0% used [0x00000000f3c00000,0x00000000f3c00000,0x00000000f5000000)
 ParOldGen       total 235520K, used 163381K [0x00000000a0c00000, 0x00000000af200000, 0x00000000e0400000)
  object space 235520K, 69% used [0x00000000a0c00000,0x00000000aab8d478,0x00000000af200000)
 Metaspace       used 17922K, capacity 18121K, committed 18176K, reserved 1064960K
  class space    used 1717K, capacity 1761K, committed 1792K, reserved 1048576K
Event: 32.258 GC heap after
Heap after GC invocations=44 (full 3):
 PSYoungGen      total 339968K, used 160K [0x00000000e0400000, 0x00000000f6300000, 0x0000000100000000)
  eden space 319488K, 0% used [0x00000000e0400000,0x00000000e0400000,0x00000000f3c00000)
  from space 20480K, 0% used [0x00000000f3c00000,0x00000000f3c28000,0x00000000f5000000)
  to   space 19456K, 0% used [0x00000000f5000000,0x00000000f5000000,0x00000000f6300000)
 ParOldGen       total 235520K, used 163389K [0x00000000a0c00000, 0x00000000af200000, 0x00000000e0400000)
  object space 235520K, 69% used [0x00000000a0c00000,0x00000000aab8f478,0x00000000af200000)
 Metaspace       used 17922K, capacity 18121K, committed 18176K, reserved 1064960K
  class space    used 1717K, capacity 1761K, committed 1792K, reserved 1048576K
}
Event: 33.319 GC heap before
{Heap before GC invocations=45 (full 3):
 PSYoungGen      total 339968K, used 314280K [0x00000000e0400000, 0x00000000f6300000, 0x0000000100000000)
  eden space 319488K, 98% used [0x00000000e0400000,0x00000000f36c2220,0x00000000f3c00000)
  from space 20480K, 0% used [0x00000000f3c00000,0x00000000f3c28000,0x00000000f5000000)
  to   space 19456K, 0% used [0x00000000f5000000,0x00000000f5000000,0x00000000f6300000)
 ParOldGen       total 235520K, used 163389K [0x00000000a0c00000, 0x00000000af200000, 0x00000000e0400000)
  object space 235520K, 69% used [0x00000000a0c00000,0x00000000aab8f478,0x00000000af200000)
 Metaspace       used 17922K, capacity 18121K, committed 18176K, reserved 1064960K
  class space    used 1717K, capacity 1761K, committed 1792K, reserved 1048576K
Event: 33.320 GC heap after
Heap after GC invocations=45 (full 3):
 PSYoungGen      total 337920K, used 192K [0x00000000e0400000, 0x00000000f6100000, 0x0000000100000000)
  eden space 320512K, 0% used [0x00000000e0400000,0x00000000e0400000,0x00000000f3d00000)
  from space 17408K, 1% used [0x00000000f5000000,0x00000000f5030000,0x00000000f6100000)
  to   space 18432K, 0% used [0x00000000f3d00000,0x00000000f3d00000,0x00000000f4f00000)
 ParOldGen       total 235520K, used 163389K [0x00000000a0c00000, 0x00000000af200000, 0x00000000e0400000)
  object space 235520K, 69% used [0x00000000a0c00000,0x00000000aab8f478,0x00000000af200000)
 Metaspace       used 17922K, capacity 18121K, committed 18176K, reserved 1064960K
  class space    used 1717K, capacity 1761K, committed 1792K, reserved 1048576K
}
Event: 34.388 GC heap before
{Heap before GC invocations=46 (full 3):
 PSYoungGen      total 337920K, used 314707K [0x00000000e0400000, 0x00000000f6100000, 0x0000000100000000)
  eden space 320512K, 98% used [0x00000000e0400000,0x00000000f3724e60,0x00000000f3d00000)
  from space 17408K, 1% used [0x00000000f5000000,0x00000000f5030000,0x00000000f6100000)
  to   space 18432K, 0% used [0x00000000f3d00000,0x00000000f3d00000,0x00000000f4f00000)
 ParOldGen       total 235520K, used 163389K [0x00000000a0c00000, 0x00000000af200000, 0x00000000e0400000)
  object space 235520K, 69% used [0x00000000a0c00000,0x00000000aab8f478,0x00000000af200000)
 Metaspace       used 17923K, capacity 18121K, committed 18176K, reserved 1064960K
  class space    used 1717K, capacity 1761K, committed 1792K, reserved 1048576K
Event: 34.390 GC heap after
Heap after GC invocations=46 (full 3):
 PSYoungGen      total 338944K, used 160K [0x00000000e0400000, 0x00000000f6000000, 0x0000000100000000)
  eden space 320512K, 0% used [0x00000000e0400000,0x00000000e0400000,0x00000000f3d00000)
  from space 18432K, 0% used [0x00000000f3d00000,0x00000000f3d28000,0x00000000f4f00000)
  to   space 17408K, 0% used [0x00000000f4f00000,0x00000000f4f00000,0x00000000f6000000)
 ParOldGen       total 235520K, used 163429K [0x00000000a0c00000, 0x00000000af200000, 0x00000000e0400000)
  object space 235520K, 69% used [0x00000000a0c00000,0x00000000aab99478,0x00000000af200000)
 Metaspace       used 17923K, capacity 18121K, committed 18176K, reserved 1064960K
  class space    used 1717K, capacity 1761K, committed 1792K, reserved 1048576K
}

