# JRE version: Java(TM) SE Runtime Environment (8.0_31-b13) (build 1.8.0_31-b13)
# Java VM: Java HotSpot(TM) 64-Bit Server VM (25.31-b07 mixed mode windows-amd64 compressed oops)
Heap:
 PSYoungGen      total 804864K, used 725625K [0x000000076b300000, 0x00000007a1d80000, 0x00000007c0000000)
  eden space 762368K, 95% used [0x000000076b300000,0x000000079777e6f0,0x0000000799b80000)
  from space 42496K, 0% used [0x000000079f400000,0x000000079f420000,0x00000007a1d80000)
  to   space 66560K, 0% used [0x0000000799b80000,0x0000000799b80000,0x000000079dc80000)
 ParOldGen       total 296448K, used 172585K [0x00000006c1800000, 0x00000006d3980000, 0x000000076b300000)
  object space 296448K, 58% used [0x00000006c1800000,0x00000006cc08a590,0x00000006d3980000)
 Metaspace       used 17761K, capacity 17971K, committed 18304K, reserved 1064960K
  class space    used 1729K, capacity 1794K, committed 1920K, reserved 1048576K
GC Heap History (10 events):
Event: 6.209 GC heap before
{Heap before GC invocations=11 (full 1):
 PSYoungGen      total 453632K, used 378418K [0x000000076b300000, 0x0000000794000000, 0x00000007c0000000)
  eden space 384000K, 98% used [0x000000076b300000,0x000000078235cb40,0x0000000782a00000)
  from space 69632K, 1% used [0x0000000782a00000,0x0000000782b30040,0x0000000786e00000)
  to   space 71168K, 0% used [0x000000078fa80000,0x000000078fa80000,0x0000000794000000)
 ParOldGen       total 296448K, used 171461K [0x00000006c1800000, 0x00000006d3980000, 0x000000076b300000)
  object space 296448K, 57% used [0x00000006c1800000,0x00000006cbf714c0,0x00000006d3980000)
 Metaspace       used 17610K, capacity 17835K, committed 18048K, reserved 1064960K
  class space    used 1717K, capacity 1794K, committed 1920K, reserved 1048576K
Event: 6.211 GC heap after
Heap after GC invocations=11 (full 1):
 PSYoungGen      total 567808K, used 160K [0x000000076b300000, 0x0000000793200000, 0x00000007c0000000)
  eden space 510976K, 0% used [0x000000076b300000,0x000000076b300000,0x000000078a600000)
  from space 56832K, 0% used [0x000000078fa80000,0x000000078faa8000,0x0000000793200000)
  to   space 71680K, 0% used [0x000000078a600000,0x000000078a600000,0x000000078ec00000)
 ParOldGen       total 296448K, used 172553K [0x00000006c1800000, 0x00000006d3980000, 0x000000076b300000)
  object space 296448K, 58% used [0x00000006c1800000,0x00000006cc082590,0x00000006d3980000)
 Metaspace       used 17610K, capacity 17835K, committed 18048K, reserved 1064960K
  class space    used 1717K, capacity 1794K, committed 1920K, reserved 1048576K
}
Event: 7.019 GC heap before
{Heap before GC invocations=12 (full 1):
 PSYoungGen      total 567808K, used 511136K [0x000000076b300000, 0x0000000793200000, 0x00000007c0000000)
  eden space 510976K, 100% used [0x000000076b300000,0x000000078a600000,0x000000078a600000)
  from space 56832K, 0% used [0x000000078fa80000,0x000000078faa8000,0x0000000793200000)
  to   space 71680K, 0% used [0x000000078a600000,0x000000078a600000,0x000000078ec00000)
 ParOldGen       total 296448K, used 172553K [0x00000006c1800000, 0x00000006d3980000, 0x000000076b300000)
  object space 296448K, 58% used [0x00000006c1800000,0x00000006cc082590,0x00000006d3980000)
 Metaspace       used 17639K, capacity 17899K, committed 18048K, reserved 1064960K
  class space    used 1717K, capacity 1794K, committed 1920K, reserved 1048576K
Event: 7.025 GC heap after
Heap after GC invocations=12 (full 1):
 PSYoungGen      total 582656K, used 8196K [0x000000076b300000, 0x000000079c380000, 0x00000007c0000000)
  eden space 510976K, 0% used [0x000000076b300000,0x000000076b300000,0x000000078a600000)
  from space 71680K, 11% used [0x000000078a600000,0x000000078ae01010,0x000000078ec00000)
  to   space 70144K, 0% used [0x0000000797f00000,0x0000000797f00000,0x000000079c380000)
 ParOldGen       total 296448K, used 172569K [0x00000006c1800000, 0x00000006d3980000, 0x000000076b300000)
  object space 296448K, 58% used [0x00000006c1800000,0x00000006cc086590,0x00000006d3980000)
 Metaspace       used 17639K, capacity 17899K, committed 18048K, reserved 1064960K
  class space    used 1717K, capacity 1794K, committed 1920K, reserved 1048576K
}
Event: 7.842 GC heap before
{Heap before GC invocations=13 (full 1):
 PSYoungGen      total 582656K, used 514595K [0x000000076b300000, 0x000000079c380000, 0x00000007c0000000)
  eden space 510976K, 99% used [0x000000076b300000,0x000000078a187c98,0x000000078a600000)
  from space 71680K, 11% used [0x000000078a600000,0x000000078ae01010,0x000000078ec00000)
  to   space 70144K, 0% used [0x0000000797f00000,0x0000000797f00000,0x000000079c380000)
 ParOldGen       total 296448K, used 172569K [0x00000006c1800000, 0x00000006d3980000, 0x000000076b300000)
  object space 296448K, 58% used [0x00000006c1800000,0x00000006cc086590,0x00000006d3980000)
 Metaspace       used 17641K, capacity 17899K, committed 18048K, reserved 1064960K
  class space    used 1717K, capacity 1794K, committed 1920K, reserved 1048576K
Event: 7.845 GC heap after
Heap after GC invocations=13 (full 1):
 PSYoungGen      total 691200K, used 160K [0x000000076b300000, 0x000000079ae00000, 0x00000007c0000000)
  eden space 643072K, 0% used [0x000000076b300000,0x000000076b300000,0x0000000792700000)
  from space 48128K, 0% used [0x0000000797f00000,0x0000000797f28000,0x000000079ae00000)
  to   space 69120K, 0% used [0x0000000792700000,0x0000000792700000,0x0000000796a80000)
 ParOldGen       total 296448K, used 172577K [0x00000006c1800000, 0x00000006d3980000, 0x000000076b300000)
  object space 296448K, 58% used [0x00000006c1800000,0x00000006cc088590,0x00000006d3980000)
 Metaspace       used 17641K, capacity 17899K, committed 18048K, reserved 1064960K
  class space    used 1717K, capacity 1794K, committed 1920K, reserved 1048576K
}
Event: 8.878 GC heap before
{Heap before GC invocations=14 (full 1):
 PSYoungGen      total 691200K, used 643232K [0x000000076b300000, 0x000000079ae00000, 0x00000007c0000000)
  eden space 643072K, 100% used [0x000000076b300000,0x0000000792700000,0x0000000792700000)
  from space 48128K, 0% used [0x0000000797f00000,0x0000000797f28000,0x000000079ae00000)
  to   space 69120K, 0% used [0x0000000792700000,0x0000000792700000,0x0000000796a80000)
 ParOldGen       total 296448K, used 172577K [0x00000006c1800000, 0x00000006d3980000, 0x000000076b300000)
  object space 296448K, 58% used [0x00000006c1800000,0x00000006cc088590,0x00000006d3980000)
 Metaspace       used 17654K, capacity 17899K, committed 18048K, reserved 1064960K
  class space    used 1717K, capacity 1794K, committed 1920K, reserved 1048576K
Event: 8.880 GC heap after
Heap after GC invocations=14 (full 1):
 PSYoungGen      total 712192K, used 160K [0x000000076b300000, 0x00000007a3680000, 0x00000007c0000000)
  eden space 643072K, 0% used [0x000000076b300000,0x000000076b300000,0x0000000792700000)
  from space 69120K, 0% used [0x0000000792700000,0x0000000792728000,0x0000000796a80000)
  to   space 68096K, 0% used [0x000000079f400000,0x000000079f400000,0x00000007a3680000)
 ParOldGen       total 296448K, used 172577K [0x00000006c1800000, 0x00000006d3980000, 0x000000076b300000)
  object space 296448K, 58% used [0x00000006c1800000,0x00000006cc088590,0x00000006d3980000)
 Metaspace       used 17654K, capacity 17899K, committed 18048K, reserved 1064960K
  class space    used 1717K, capacity 1794K, committed 1920K, reserved 1048576K
}
Event: 9.877 GC heap before
{Heap before GC invocations=15 (full 1):
 PSYoungGen      total 712192K, used 635274K [0x000000076b300000, 0x00000007a3680000, 0x00000007c0000000)
  eden space 643072K, 98% used [0x000000076b300000,0x0000000791f3aa48,0x0000000792700000)
  from space 69120K, 0% used [0x0000000792700000,0x0000000792728000,0x0000000796a80000)
  to   space 68096K, 0% used [0x000000079f400000,0x000000079f400000,0x00000007a3680000)
 ParOldGen       total 296448K, used 172577K [0x00000006c1800000, 0x00000006d3980000, 0x000000076b300000)
  object space 296448K, 58% used [0x00000006c1800000,0x00000006cc088590,0x00000006d3980000)
 Metaspace       used 17688K, capacity 17899K, committed 18048K, reserved 1064960K
  class space    used 1717K, capacity 1794K, committed 1920K, reserved 1048576K
Event: 9.879 GC heap after
Heap after GC invocations=15 (full 1):
 PSYoungGen      total 804864K, used 128K [0x000000076b300000, 0x00000007a1d80000, 0x00000007c0000000)
  eden space 762368K, 0% used [0x000000076b300000,0x000000076b300000,0x0000000799b80000)
  from space 42496K, 0% used [0x000000079f400000,0x000000079f420000,0x00000007a1d80000)
  to   space 66560K, 0% used [0x0000000799b80000,0x0000000799b80000,0x000000079dc80000)
 ParOldGen       total 296448K, used 172585K [0x00000006c1800000, 0x00000006d3980000, 0x000000076b300000)
  object space 296448K, 58% used [0x00000006c1800000,0x00000006cc08a590,0x00000006d3980000)
 Metaspace       used 17688K, capacity 17899K, committed 18048K, reserved 1064960K
  class space    used 1717K, capacity 1794K, committed 1920K, reserved 1048576K
}

