# JRE version: Java(TM) SE Runtime Environment (8.0_25-b18) (build 1.8.0_25-b18)
# Java VM: Java HotSpot(TM) 64-Bit Server VM (25.25-b02 mixed mode windows-amd64 compressed oops)
Heap:
 PSYoungGen      total 360960K, used 168032K [0x00000000e0400000, 0x00000000f9e80000, 0x0000000100000000)
  eden space 312320K, 50% used [0x00000000e0400000,0x00000000e9f2b3a0,0x00000000f3500000)
  from space 48640K, 18% used [0x00000000f3500000,0x00000000f3ded020,0x00000000f6480000)
  to   space 47104K, 0% used [0x00000000f7080000,0x00000000f7080000,0x00000000f9e80000)
 ParOldGen       total 224768K, used 145941K [0x00000000a0c00000, 0x00000000ae780000, 0x00000000e0400000)
  object space 224768K, 64% used [0x00000000a0c00000,0x00000000a9a854b8,0x00000000ae780000)
 Metaspace       used 17876K, capacity 18057K, committed 18176K, reserved 1064960K
  class space    used 1717K, capacity 1761K, committed 1792K, reserved 1048576K
GC Heap History (10 events):
Event: 7.169 GC heap before
{Heap before GC invocations=18 (full 3):
 PSYoungGen      total 312320K, used 274153K [0x00000000e0400000, 0x00000000f7500000, 0x0000000100000000)
  eden space 265216K, 99% used [0x00000000e0400000,0x00000000f06c56a8,0x00000000f0700000)
  from space 47104K, 19% used [0x00000000f4700000,0x00000000f4ff5020,0x00000000f7500000)
  to   space 56320K, 0% used [0x00000000f0700000,0x00000000f0700000,0x00000000f3e00000)
 ParOldGen       total 224768K, used 145909K [0x00000000a0c00000, 0x00000000ae780000, 0x00000000e0400000)
  object space 224768K, 64% used [0x00000000a0c00000,0x00000000a9a7d4b8,0x00000000ae780000)
 Metaspace       used 17633K, capacity 17857K, committed 17920K, reserved 1064960K
  class space    used 1717K, capacity 1761K, committed 1792K, reserved 1048576K
Event: 7.176 GC heap after
Heap after GC invocations=18 (full 3):
 PSYoungGen      total 321536K, used 18056K [0x00000000e0400000, 0x00000000f9380000, 0x0000000100000000)
  eden space 265216K, 0% used [0x00000000e0400000,0x00000000e0400000,0x00000000f0700000)
  from space 56320K, 32% used [0x00000000f0700000,0x00000000f18a2040,0x00000000f3e00000)
  to   space 53248K, 0% used [0x00000000f5f80000,0x00000000f5f80000,0x00000000f9380000)
 ParOldGen       total 224768K, used 145917K [0x00000000a0c00000, 0x00000000ae780000, 0x00000000e0400000)
  object space 224768K, 64% used [0x00000000a0c00000,0x00000000a9a7f4b8,0x00000000ae780000)
 Metaspace       used 17633K, capacity 17857K, committed 17920K, reserved 1064960K
  class space    used 1717K, capacity 1761K, committed 1792K, reserved 1048576K
}
Event: 8.066 GC heap before
{Heap before GC invocations=19 (full 3):
 PSYoungGen      total 321536K, used 275494K [0x00000000e0400000, 0x00000000f9380000, 0x0000000100000000)
  eden space 265216K, 97% used [0x00000000e0400000,0x00000000eff67820,0x00000000f0700000)
  from space 56320K, 32% used [0x00000000f0700000,0x00000000f18a2040,0x00000000f3e00000)
  to   space 53248K, 0% used [0x00000000f5f80000,0x00000000f5f80000,0x00000000f9380000)
 ParOldGen       total 224768K, used 145917K [0x00000000a0c00000, 0x00000000ae780000, 0x00000000e0400000)
  object space 224768K, 64% used [0x00000000a0c00000,0x00000000a9a7f4b8,0x00000000ae780000)
 Metaspace       used 17778K, capacity 17993K, committed 18176K, reserved 1064960K
  class space    used 1717K, capacity 1761K, committed 1792K, reserved 1048576K
Event: 8.070 GC heap after
Heap after GC invocations=19 (full 3):
 PSYoungGen      total 340480K, used 9204K [0x00000000e0400000, 0x00000000f8a80000, 0x0000000100000000)
  eden space 296448K, 0% used [0x00000000e0400000,0x00000000e0400000,0x00000000f2580000)
  from space 44032K, 20% used [0x00000000f5f80000,0x00000000f687d020,0x00000000f8a80000)
  to   space 51712K, 0% used [0x00000000f2580000,0x00000000f2580000,0x00000000f5800000)
 ParOldGen       total 224768K, used 145925K [0x00000000a0c00000, 0x00000000ae780000, 0x00000000e0400000)
  object space 224768K, 64% used [0x00000000a0c00000,0x00000000a9a814b8,0x00000000ae780000)
 Metaspace       used 17778K, capacity 17993K, committed 18176K, reserved 1064960K
  class space    used 1717K, capacity 1761K, committed 1792K, reserved 1048576K
}
Event: 9.067 GC heap before
{Heap before GC invocations=20 (full 3):
 PSYoungGen      total 340480K, used 305528K [0x00000000e0400000, 0x00000000f8a80000, 0x0000000100000000)
  eden space 296448K, 99% used [0x00000000e0400000,0x00000000f25612c0,0x00000000f2580000)
  from space 44032K, 20% used [0x00000000f5f80000,0x00000000f687d020,0x00000000f8a80000)
  to   space 51712K, 0% used [0x00000000f2580000,0x00000000f2580000,0x00000000f5800000)
 ParOldGen       total 224768K, used 145925K [0x00000000a0c00000, 0x00000000ae780000, 0x00000000e0400000)
  object space 224768K, 64% used [0x00000000a0c00000,0x00000000a9a814b8,0x00000000ae780000)
 Metaspace       used 17790K, capacity 17993K, committed 18176K, reserved 1064960K
  class space    used 1717K, capacity 1761K, committed 1792K, reserved 1048576K
Event: 9.070 GC heap after
Heap after GC invocations=20 (full 3):
 PSYoungGen      total 348160K, used 9172K [0x00000000e0400000, 0x00000000f9a00000, 0x0000000100000000)
  eden space 296448K, 0% used [0x00000000e0400000,0x00000000e0400000,0x00000000f2580000)
  from space 51712K, 17% used [0x00000000f2580000,0x00000000f2e75020,0x00000000f5800000)
  to   space 50176K, 0% used [0x00000000f6900000,0x00000000f6900000,0x00000000f9a00000)
 ParOldGen       total 224768K, used 145933K [0x00000000a0c00000, 0x00000000ae780000, 0x00000000e0400000)
  object space 224768K, 64% used [0x00000000a0c00000,0x00000000a9a834b8,0x00000000ae780000)
 Metaspace       used 17790K, capacity 17993K, committed 18176K, reserved 1064960K
  class space    used 1717K, capacity 1761K, committed 1792K, reserved 1048576K
}
Event: 10.064 GC heap before
{Heap before GC invocations=21 (full 3):
 PSYoungGen      total 348160K, used 305498K [0x00000000e0400000, 0x00000000f9a00000, 0x0000000100000000)
  eden space 296448K, 99% used [0x00000000e0400000,0x00000000f2561bb0,0x00000000f2580000)
  from space 51712K, 17% used [0x00000000f2580000,0x00000000f2e75020,0x00000000f5800000)
  to   space 50176K, 0% used [0x00000000f6900000,0x00000000f6900000,0x00000000f9a00000)
 ParOldGen       total 224768K, used 145933K [0x00000000a0c00000, 0x00000000ae780000, 0x00000000e0400000)
  object space 224768K, 64% used [0x00000000a0c00000,0x00000000a9a834b8,0x00000000ae780000)
 Metaspace       used 17864K, capacity 18057K, committed 18176K, reserved 1064960K
  class space    used 1717K, capacity 1761K, committed 1792K, reserved 1048576K
Event: 10.068 GC heap after
Heap after GC invocations=21 (full 3):
 PSYoungGen      total 356352K, used 9172K [0x00000000e0400000, 0x00000000f9400000, 0x0000000100000000)
  eden space 312320K, 0% used [0x00000000e0400000,0x00000000e0400000,0x00000000f3500000)
  from space 44032K, 20% used [0x00000000f6900000,0x00000000f71f5020,0x00000000f9400000)
  to   space 48640K, 0% used [0x00000000f3500000,0x00000000f3500000,0x00000000f6480000)
 ParOldGen       total 224768K, used 145941K [0x00000000a0c00000, 0x00000000ae780000, 0x00000000e0400000)
  object space 224768K, 64% used [0x00000000a0c00000,0x00000000a9a854b8,0x00000000ae780000)
 Metaspace       used 17864K, capacity 18057K, committed 18176K, reserved 1064960K
  class space    used 1717K, capacity 1761K, committed 1792K, reserved 1048576K
}
Event: 11.099 GC heap before
{Heap before GC invocations=22 (full 3):
 PSYoungGen      total 356352K, used 315157K [0x00000000e0400000, 0x00000000f9400000, 0x0000000100000000)
  eden space 312320K, 97% used [0x00000000e0400000,0x00000000f2ed0730,0x00000000f3500000)
  from space 44032K, 20% used [0x00000000f6900000,0x00000000f71f5020,0x00000000f9400000)
  to   space 48640K, 0% used [0x00000000f3500000,0x00000000f3500000,0x00000000f6480000)
 ParOldGen       total 224768K, used 145941K [0x00000000a0c00000, 0x00000000ae780000, 0x00000000e0400000)
  object space 224768K, 64% used [0x00000000a0c00000,0x00000000a9a854b8,0x00000000ae780000)
 Metaspace       used 17872K, capacity 18057K, committed 18176K, reserved 1064960K
  class space    used 1717K, capacity 1761K, committed 1792K, reserved 1048576K
Event: 11.104 GC heap after
Heap after GC invocations=22 (full 3):
 PSYoungGen      total 360960K, used 9140K [0x00000000e0400000, 0x00000000f9e80000, 0x0000000100000000)
  eden space 312320K, 0% used [0x00000000e0400000,0x00000000e0400000,0x00000000f3500000)
  from space 48640K, 18% used [0x00000000f3500000,0x00000000f3ded020,0x00000000f6480000)
  to   space 47104K, 0% used [0x00000000f7080000,0x00000000f7080000,0x00000000f9e80000)
 ParOldGen       total 224768K, used 145941K [0x00000000a0c00000, 0x00000000ae780000, 0x00000000e0400000)
  object space 224768K, 64% used [0x00000000a0c00000,0x00000000a9a854b8,0x00000000ae780000)
 Metaspace       used 17872K, capacity 18057K, committed 18176K, reserved 1064960K
  class space    used 1717K, capacity 1761K, committed 1792K, reserved 1048576K
}

