# JRE version: Java(TM) SE Runtime Environment (8.0_25-b18) (build 1.8.0_25-b18)
# Java VM: Java HotSpot(TM) 64-Bit Server VM (25.25-b02 mixed mode windows-amd64 compressed oops)
Heap:
 PSYoungGen      total 423424K, used 117492K [0x00000000e0400000, 0x00000000fb980000, 0x0000000100000000)
  eden space 401920K, 29% used [0x00000000e0400000,0x00000000e76851a8,0x00000000f8c80000)
  from space 21504K, 1% used [0x00000000fa480000,0x00000000fa4b8000,0x00000000fb980000)
  to   space 23040K, 0% used [0x00000000f8c80000,0x00000000f8c80000,0x00000000fa300000)
 ParOldGen       total 223232K, used 155813K [0x00000000a0c00000, 0x00000000ae600000, 0x00000000e0400000)
  object space 223232K, 69% used [0x00000000a0c00000,0x00000000aa429490,0x00000000ae600000)
 Metaspace       used 18525K, capacity 18729K, committed 19072K, reserved 1067008K
  class space    used 1761K, capacity 1793K, committed 1920K, reserved 1048576K
GC Heap History (10 events):
Event: 14.879 GC heap before
{Heap before GC invocations=33 (full 3):
 PSYoungGen      total 420864K, used 385024K [0x00000000e0400000, 0x00000000fc000000, 0x0000000100000000)
  eden space 388096K, 99% used [0x00000000e0400000,0x00000000f7b60068,0x00000000f7f00000)
  from space 32768K, 1% used [0x00000000f7f00000,0x00000000f7fa0000,0x00000000f9f00000)
  to   space 30720K, 0% used [0x00000000fa200000,0x00000000fa200000,0x00000000fc000000)
 ParOldGen       total 223232K, used 155190K [0x00000000a0c00000, 0x00000000ae600000, 0x00000000e0400000)
  object space 223232K, 69% used [0x00000000a0c00000,0x00000000aa38dbe0,0x00000000ae600000)
 Metaspace       used 18496K, capacity 18729K, committed 19072K, reserved 1067008K
  class space    used 1761K, capacity 1793K, committed 1920K, reserved 1048576K
Event: 14.883 GC heap after
Heap after GC invocations=33 (full 3):
 PSYoungGen      total 421888K, used 704K [0x00000000e0400000, 0x00000000fbd80000, 0x0000000100000000)
  eden space 393728K, 0% used [0x00000000e0400000,0x00000000e0400000,0x00000000f8480000)
  from space 28160K, 2% used [0x00000000fa200000,0x00000000fa2b0000,0x00000000fbd80000)
  to   space 29184K, 0% used [0x00000000f8480000,0x00000000f8480000,0x00000000fa100000)
 ParOldGen       total 223232K, used 155206K [0x00000000a0c00000, 0x00000000ae600000, 0x00000000e0400000)
  object space 223232K, 69% used [0x00000000a0c00000,0x00000000aa391be0,0x00000000ae600000)
 Metaspace       used 18496K, capacity 18729K, committed 19072K, reserved 1067008K
  class space    used 1761K, capacity 1793K, committed 1920K, reserved 1048576K
}
Event: 15.492 GC heap before
{Heap before GC invocations=34 (full 3):
 PSYoungGen      total 421888K, used 394432K [0x00000000e0400000, 0x00000000fbd80000, 0x0000000100000000)
  eden space 393728K, 100% used [0x00000000e0400000,0x00000000f8480000,0x00000000f8480000)
  from space 28160K, 2% used [0x00000000fa200000,0x00000000fa2b0000,0x00000000fbd80000)
  to   space 29184K, 0% used [0x00000000f8480000,0x00000000f8480000,0x00000000fa100000)
 ParOldGen       total 223232K, used 155206K [0x00000000a0c00000, 0x00000000ae600000, 0x00000000e0400000)
  object space 223232K, 69% used [0x00000000a0c00000,0x00000000aa391be0,0x00000000ae600000)
 Metaspace       used 18500K, capacity 18729K, committed 19072K, reserved 1067008K
  class space    used 1761K, capacity 1793K, committed 1920K, reserved 1048576K
Event: 15.493 GC heap after
Heap after GC invocations=34 (full 3):
 PSYoungGen      total 422912K, used 704K [0x00000000e0400000, 0x00000000fbf80000, 0x0000000100000000)
  eden space 393728K, 0% used [0x00000000e0400000,0x00000000e0400000,0x00000000f8480000)
  from space 29184K, 2% used [0x00000000f8480000,0x00000000f8530000,0x00000000fa100000)
  to   space 27648K, 0% used [0x00000000fa480000,0x00000000fa480000,0x00000000fbf80000)
 ParOldGen       total 223232K, used 155238K [0x00000000a0c00000, 0x00000000ae600000, 0x00000000e0400000)
  object space 223232K, 69% used [0x00000000a0c00000,0x00000000aa399be0,0x00000000ae600000)
 Metaspace       used 18500K, capacity 18729K, committed 19072K, reserved 1067008K
  class space    used 1761K, capacity 1793K, committed 1920K, reserved 1048576K
}
Event: 16.089 GC heap before
{Heap before GC invocations=35 (full 3):
 PSYoungGen      total 422912K, used 394432K [0x00000000e0400000, 0x00000000fbf80000, 0x0000000100000000)
  eden space 393728K, 100% used [0x00000000e0400000,0x00000000f8480000,0x00000000f8480000)
  from space 29184K, 2% used [0x00000000f8480000,0x00000000f8530000,0x00000000fa100000)
  to   space 27648K, 0% used [0x00000000fa480000,0x00000000fa480000,0x00000000fbf80000)
 ParOldGen       total 223232K, used 155238K [0x00000000a0c00000, 0x00000000ae600000, 0x00000000e0400000)
  object space 223232K, 69% used [0x00000000a0c00000,0x00000000aa399be0,0x00000000ae600000)
 Metaspace       used 18505K, capacity 18729K, committed 19072K, reserved 1067008K
  class space    used 1761K, capacity 1793K, committed 1920K, reserved 1048576K
Event: 16.090 GC heap after
Heap after GC invocations=35 (full 3):
 PSYoungGen      total 422400K, used 672K [0x00000000e0400000, 0x00000000fbc00000, 0x0000000100000000)
  eden space 398336K, 0% used [0x00000000e0400000,0x00000000e0400000,0x00000000f8900000)
  from space 24064K, 2% used [0x00000000fa480000,0x00000000fa528000,0x00000000fbc00000)
  to   space 26112K, 0% used [0x00000000f8900000,0x00000000f8900000,0x00000000fa280000)
 ParOldGen       total 223232K, used 155254K [0x00000000a0c00000, 0x00000000ae600000, 0x00000000e0400000)
  object space 223232K, 69% used [0x00000000a0c00000,0x00000000aa39dbe0,0x00000000ae600000)
 Metaspace       used 18505K, capacity 18729K, committed 19072K, reserved 1067008K
  class space    used 1761K, capacity 1793K, committed 1920K, reserved 1048576K
}
Event: 16.683 GC heap before
{Heap before GC invocations=36 (full 3):
 PSYoungGen      total 422400K, used 399008K [0x00000000e0400000, 0x00000000fbc00000, 0x0000000100000000)
  eden space 398336K, 100% used [0x00000000e0400000,0x00000000f8900000,0x00000000f8900000)
  from space 24064K, 2% used [0x00000000fa480000,0x00000000fa528000,0x00000000fbc00000)
  to   space 26112K, 0% used [0x00000000f8900000,0x00000000f8900000,0x00000000fa280000)
 ParOldGen       total 223232K, used 155254K [0x00000000a0c00000, 0x00000000ae600000, 0x00000000e0400000)
  object space 223232K, 69% used [0x00000000a0c00000,0x00000000aa39dbe0,0x00000000ae600000)
 Metaspace       used 18506K, capacity 18729K, committed 19072K, reserved 1067008K
  class space    used 1761K, capacity 1793K, committed 1920K, reserved 1048576K
Event: 16.685 GC heap after
Heap after GC invocations=36 (full 3):
 PSYoungGen      total 424448K, used 640K [0x00000000e0400000, 0x00000000fbc00000, 0x0000000100000000)
  eden space 398336K, 0% used [0x00000000e0400000,0x00000000e0400000,0x00000000f8900000)
  from space 26112K, 2% used [0x00000000f8900000,0x00000000f89a0000,0x00000000fa280000)
  to   space 24064K, 0% used [0x00000000fa480000,0x00000000fa480000,0x00000000fbc00000)
 ParOldGen       total 223232K, used 155262K [0x00000000a0c00000, 0x00000000ae600000, 0x00000000e0400000)
  object space 223232K, 69% used [0x00000000a0c00000,0x00000000aa39fbe0,0x00000000ae600000)
 Metaspace       used 18506K, capacity 18729K, committed 19072K, reserved 1067008K
  class space    used 1761K, capacity 1793K, committed 1920K, reserved 1048576K
}
Event: 17.274 GC heap before
{Heap before GC invocations=37 (full 3):
 PSYoungGen      total 424448K, used 398976K [0x00000000e0400000, 0x00000000fbc00000, 0x0000000100000000)
  eden space 398336K, 100% used [0x00000000e0400000,0x00000000f8900000,0x00000000f8900000)
  from space 26112K, 2% used [0x00000000f8900000,0x00000000f89a0000,0x00000000fa280000)
  to   space 24064K, 0% used [0x00000000fa480000,0x00000000fa480000,0x00000000fbc00000)
 ParOldGen       total 223232K, used 155262K [0x00000000a0c00000, 0x00000000ae600000, 0x00000000e0400000)
  object space 223232K, 69% used [0x00000000a0c00000,0x00000000aa39fbe0,0x00000000ae600000)
 Metaspace       used 18519K, capacity 18729K, committed 19072K, reserved 1067008K
  class space    used 1761K, capacity 1793K, committed 1920K, reserved 1048576K
Event: 17.276 GC heap after
Heap after GC invocations=37 (full 3):
 PSYoungGen      total 423424K, used 224K [0x00000000e0400000, 0x00000000fb980000, 0x0000000100000000)
  eden space 401920K, 0% used [0x00000000e0400000,0x00000000e0400000,0x00000000f8c80000)
  from space 21504K, 1% used [0x00000000fa480000,0x00000000fa4b8000,0x00000000fb980000)
  to   space 23040K, 0% used [0x00000000f8c80000,0x00000000f8c80000,0x00000000fa300000)
 ParOldGen       total 223232K, used 155813K [0x00000000a0c00000, 0x00000000ae600000, 0x00000000e0400000)
  object space 223232K, 69% used [0x00000000a0c00000,0x00000000aa429490,0x00000000ae600000)
 Metaspace       used 18519K, capacity 18729K, committed 19072K, reserved 1067008K
  class space    used 1761K, capacity 1793K, committed 1920K, reserved 1048576K
}

