# JRE version: Java(TM) SE Runtime Environment (8.0_31-b13) (build 1.8.0_31-b13)
# Java VM: Java HotSpot(TM) 64-Bit Server VM (25.31-b07 mixed mode windows-amd64 compressed oops)
Heap:
 PSYoungGen      total 897024K, used 47457K [0x000000076b300000, 0x00000007a2d00000, 0x00000007c0000000)
  eden space 884736K, 5% used [0x000000076b300000,0x000000076e148518,0x00000007a1300000)
  from space 12288K, 0% used [0x00000007a2100000,0x00000007a2110000,0x00000007a2d00000)
  to   space 13312K, 0% used [0x00000007a1300000,0x00000007a1300000,0x00000007a2000000)
 ParOldGen       total 325120K, used 182077K [0x00000006c1800000, 0x00000006d5580000, 0x000000076b300000)
  object space 325120K, 56% used [0x00000006c1800000,0x00000006cc9cf5a8,0x00000006d5580000)
 Metaspace       used 18056K, capacity 18291K, committed 18560K, reserved 1067008K
  class space    used 1729K, capacity 1794K, committed 1920K, reserved 1048576K
GC Heap History (10 events):
Event: 48.450 GC heap before
{Heap before GC invocations=47 (full 1):
 PSYoungGen      total 877056K, used 860768K [0x000000076b300000, 0x00000007a2280000, 0x00000007c0000000)
  eden space 860672K, 100% used [0x000000076b300000,0x000000079fb80000,0x000000079fb80000)
  from space 16384K, 0% used [0x000000079fb80000,0x000000079fb98000,0x00000007a0b80000)
  to   space 15360K, 0% used [0x00000007a1380000,0x00000007a1380000,0x00000007a2280000)
 ParOldGen       total 325120K, used 182045K [0x00000006c1800000, 0x00000006d5580000, 0x000000076b300000)
  object space 325120K, 55% used [0x00000006c1800000,0x00000006cc9c75a8,0x00000006d5580000)
 Metaspace       used 18018K, capacity 18227K, committed 18560K, reserved 1067008K
  class space    used 1717K, capacity 1794K, committed 1920K, reserved 1048576K
Event: 48.451 GC heap after
Heap after GC invocations=47 (full 1):
 PSYoungGen      total 881152K, used 64K [0x000000076b300000, 0x00000007a1f80000, 0x00000007c0000000)
  eden space 868864K, 0% used [0x000000076b300000,0x000000076b300000,0x00000007a0380000)
  from space 12288K, 0% used [0x00000007a1380000,0x00000007a1390000,0x00000007a1f80000)
  to   space 14336K, 0% used [0x00000007a0380000,0x00000007a0380000,0x00000007a1180000)
 ParOldGen       total 325120K, used 182045K [0x00000006c1800000, 0x00000006d5580000, 0x000000076b300000)
  object space 325120K, 55% used [0x00000006c1800000,0x00000006cc9c75a8,0x00000006d5580000)
 Metaspace       used 18018K, capacity 18227K, committed 18560K, reserved 1067008K
  class space    used 1717K, capacity 1794K, committed 1920K, reserved 1048576K
}
Event: 49.789 GC heap before
{Heap before GC invocations=48 (full 1):
 PSYoungGen      total 881152K, used 868928K [0x000000076b300000, 0x00000007a1f80000, 0x00000007c0000000)
  eden space 868864K, 100% used [0x000000076b300000,0x00000007a0380000,0x00000007a0380000)
  from space 12288K, 0% used [0x00000007a1380000,0x00000007a1390000,0x00000007a1f80000)
  to   space 14336K, 0% used [0x00000007a0380000,0x00000007a0380000,0x00000007a1180000)
 ParOldGen       total 325120K, used 182045K [0x00000006c1800000, 0x00000006d5580000, 0x000000076b300000)
  object space 325120K, 55% used [0x00000006c1800000,0x00000006cc9c75a8,0x00000006d5580000)
 Metaspace       used 18018K, capacity 18227K, committed 18560K, reserved 1067008K
  class space    used 1717K, capacity 1794K, committed 1920K, reserved 1048576K
Event: 49.791 GC heap after
Heap after GC invocations=48 (full 1):
 PSYoungGen      total 883200K, used 64K [0x000000076b300000, 0x00000007a2580000, 0x00000007c0000000)
  eden space 868864K, 0% used [0x000000076b300000,0x000000076b300000,0x00000007a0380000)
  from space 14336K, 0% used [0x00000007a0380000,0x00000007a0390000,0x00000007a1180000)
  to   space 13312K, 0% used [0x00000007a1880000,0x00000007a1880000,0x00000007a2580000)
 ParOldGen       total 325120K, used 182053K [0x00000006c1800000, 0x00000006d5580000, 0x000000076b300000)
  object space 325120K, 55% used [0x00000006c1800000,0x00000006cc9c95a8,0x00000006d5580000)
 Metaspace       used 18018K, capacity 18227K, committed 18560K, reserved 1067008K
  class space    used 1717K, capacity 1794K, committed 1920K, reserved 1048576K
}
Event: 51.184 GC heap before
{Heap before GC invocations=49 (full 1):
 PSYoungGen      total 883200K, used 868557K [0x000000076b300000, 0x00000007a2580000, 0x00000007c0000000)
  eden space 868864K, 99% used [0x000000076b300000,0x00000007a0323660,0x00000007a0380000)
  from space 14336K, 0% used [0x00000007a0380000,0x00000007a0390000,0x00000007a1180000)
  to   space 13312K, 0% used [0x00000007a1880000,0x00000007a1880000,0x00000007a2580000)
 ParOldGen       total 325120K, used 182053K [0x00000006c1800000, 0x00000006d5580000, 0x000000076b300000)
  object space 325120K, 55% used [0x00000006c1800000,0x00000006cc9c95a8,0x00000006d5580000)
 Metaspace       used 18018K, capacity 18227K, committed 18560K, reserved 1067008K
  class space    used 1717K, capacity 1794K, committed 1920K, reserved 1048576K
Event: 51.191 GC heap after
Heap after GC invocations=49 (full 1):
 PSYoungGen      total 888832K, used 8164K [0x000000076b300000, 0x00000007a2b80000, 0x00000007c0000000)
  eden space 875520K, 0% used [0x000000076b300000,0x000000076b300000,0x00000007a0a00000)
  from space 13312K, 61% used [0x00000007a1880000,0x00000007a2079010,0x00000007a2580000)
  to   space 14848K, 0% used [0x00000007a0a00000,0x00000007a0a00000,0x00000007a1880000)
 ParOldGen       total 325120K, used 182061K [0x00000006c1800000, 0x00000006d5580000, 0x000000076b300000)
  object space 325120K, 55% used [0x00000006c1800000,0x00000006cc9cb5a8,0x00000006d5580000)
 Metaspace       used 18018K, capacity 18227K, committed 18560K, reserved 1067008K
  class space    used 1717K, capacity 1794K, committed 1920K, reserved 1048576K
}
Event: 52.554 GC heap before
{Heap before GC invocations=50 (full 1):
 PSYoungGen      total 888832K, used 883684K [0x000000076b300000, 0x00000007a2b80000, 0x00000007c0000000)
  eden space 875520K, 100% used [0x000000076b300000,0x00000007a0a00000,0x00000007a0a00000)
  from space 13312K, 61% used [0x00000007a1880000,0x00000007a2079010,0x00000007a2580000)
  to   space 14848K, 0% used [0x00000007a0a00000,0x00000007a0a00000,0x00000007a1880000)
 ParOldGen       total 325120K, used 182061K [0x00000006c1800000, 0x00000006d5580000, 0x000000076b300000)
  object space 325120K, 55% used [0x00000006c1800000,0x00000006cc9cb5a8,0x00000006d5580000)
 Metaspace       used 18018K, capacity 18227K, committed 18560K, reserved 1067008K
  class space    used 1717K, capacity 1794K, committed 1920K, reserved 1048576K
Event: 52.556 GC heap after
Heap after GC invocations=50 (full 1):
 PSYoungGen      total 890368K, used 96K [0x000000076b300000, 0x00000007a2e80000, 0x00000007c0000000)
  eden space 875520K, 0% used [0x000000076b300000,0x000000076b300000,0x00000007a0a00000)
  from space 14848K, 0% used [0x00000007a0a00000,0x00000007a0a18000,0x00000007a1880000)
  to   space 13824K, 0% used [0x00000007a2100000,0x00000007a2100000,0x00000007a2e80000)
 ParOldGen       total 325120K, used 182077K [0x00000006c1800000, 0x00000006d5580000, 0x000000076b300000)
  object space 325120K, 56% used [0x00000006c1800000,0x00000006cc9cf5a8,0x00000006d5580000)
 Metaspace       used 18018K, capacity 18227K, committed 18560K, reserved 1067008K
  class space    used 1717K, capacity 1794K, committed 1920K, reserved 1048576K
}
Event: 53.958 GC heap before
{Heap before GC invocations=51 (full 1):
 PSYoungGen      total 890368K, used 875616K [0x000000076b300000, 0x00000007a2e80000, 0x00000007c0000000)
  eden space 875520K, 100% used [0x000000076b300000,0x00000007a0a00000,0x00000007a0a00000)
  from space 14848K, 0% used [0x00000007a0a00000,0x00000007a0a18000,0x00000007a1880000)
  to   space 13824K, 0% used [0x00000007a2100000,0x00000007a2100000,0x00000007a2e80000)
 ParOldGen       total 325120K, used 182077K [0x00000006c1800000, 0x00000006d5580000, 0x000000076b300000)
  object space 325120K, 56% used [0x00000006c1800000,0x00000006cc9cf5a8,0x00000006d5580000)
 Metaspace       used 18020K, capacity 18227K, committed 18560K, reserved 1067008K
  class space    used 1717K, capacity 1794K, committed 1920K, reserved 1048576K
Event: 53.961 GC heap after
Heap after GC invocations=51 (full 1):
 PSYoungGen      total 897024K, used 64K [0x000000076b300000, 0x00000007a2d00000, 0x00000007c0000000)
  eden space 884736K, 0% used [0x000000076b300000,0x000000076b300000,0x00000007a1300000)
  from space 12288K, 0% used [0x00000007a2100000,0x00000007a2110000,0x00000007a2d00000)
  to   space 13312K, 0% used [0x00000007a1300000,0x00000007a1300000,0x00000007a2000000)
 ParOldGen       total 325120K, used 182077K [0x00000006c1800000, 0x00000006d5580000, 0x000000076b300000)
  object space 325120K, 56% used [0x00000006c1800000,0x00000006cc9cf5a8,0x00000006d5580000)
 Metaspace       used 18020K, capacity 18227K, committed 18560K, reserved 1067008K
  class space    used 1717K, capacity 1794K, committed 1920K, reserved 1048576K
}

