# JRE version: Java(TM) SE Runtime Environment (8.0_25-b18) (build 1.8.0_25-b18)
# Java VM: Java HotSpot(TM) 64-Bit Server VM (25.25-b02 mixed mode windows-amd64 compressed oops)
Heap:
 PSYoungGen      total 307200K, used 216568K [0x00000000e0400000, 0x00000000f4700000, 0x0000000100000000)
  eden space 282624K, 76% used [0x00000000e0400000,0x00000000ed746250,0x00000000f1800000)
  from space 24576K, 0% used [0x00000000f1800000,0x00000000f1838000,0x00000000f3000000)
  to   space 23552K, 0% used [0x00000000f3000000,0x00000000f3000000,0x00000000f4700000)
 ParOldGen       total 228864K, used 154503K [0x00000000a0c00000, 0x00000000aeb80000, 0x00000000e0400000)
  object space 228864K, 67% used [0x00000000a0c00000,0x00000000aa2e1df0,0x00000000aeb80000)
 Metaspace       used 18092K, capacity 18313K, committed 18432K, reserved 1067008K
  class space    used 1716K, capacity 1761K, committed 1792K, reserved 1048576K
GC Heap History (10 events):
Event: 23.414 GC heap before
{Heap before GC invocations=34 (full 3):
 PSYoungGen      total 307712K, used 273144K [0x00000000e0400000, 0x00000000f4e80000, 0x0000000100000000)
  eden space 280064K, 97% used [0x00000000e0400000,0x00000000f0ea6138,0x00000000f1580000)
  from space 27648K, 0% used [0x00000000f3380000,0x00000000f3398000,0x00000000f4e80000)
  to   space 29184K, 0% used [0x00000000f1580000,0x00000000f1580000,0x00000000f3200000)
 ParOldGen       total 228864K, used 154383K [0x00000000a0c00000, 0x00000000aeb80000, 0x00000000e0400000)
  object space 228864K, 67% used [0x00000000a0c00000,0x00000000aa2c3df0,0x00000000aeb80000)
 Metaspace       used 18092K, capacity 18313K, committed 18432K, reserved 1067008K
  class space    used 1716K, capacity 1761K, committed 1792K, reserved 1048576K
Event: 23.416 GC heap after
Heap after GC invocations=34 (full 3):
 PSYoungGen      total 309248K, used 192K [0x00000000e0400000, 0x00000000f4e00000, 0x0000000100000000)
  eden space 280064K, 0% used [0x00000000e0400000,0x00000000e0400000,0x00000000f1580000)
  from space 29184K, 0% used [0x00000000f1580000,0x00000000f15b0000,0x00000000f3200000)
  to   space 28160K, 0% used [0x00000000f3280000,0x00000000f3280000,0x00000000f4e00000)
 ParOldGen       total 228864K, used 154415K [0x00000000a0c00000, 0x00000000aeb80000, 0x00000000e0400000)
  object space 228864K, 67% used [0x00000000a0c00000,0x00000000aa2cbdf0,0x00000000aeb80000)
 Metaspace       used 18092K, capacity 18313K, committed 18432K, reserved 1067008K
  class space    used 1716K, capacity 1761K, committed 1792K, reserved 1048576K
}
Event: 24.512 GC heap before
{Heap before GC invocations=35 (full 3):
 PSYoungGen      total 309248K, used 273243K [0x00000000e0400000, 0x00000000f4e00000, 0x0000000100000000)
  eden space 280064K, 97% used [0x00000000e0400000,0x00000000f0ea6d30,0x00000000f1580000)
  from space 29184K, 0% used [0x00000000f1580000,0x00000000f15b0000,0x00000000f3200000)
  to   space 28160K, 0% used [0x00000000f3280000,0x00000000f3280000,0x00000000f4e00000)
 ParOldGen       total 228864K, used 154415K [0x00000000a0c00000, 0x00000000aeb80000, 0x00000000e0400000)
  object space 228864K, 67% used [0x00000000a0c00000,0x00000000aa2cbdf0,0x00000000aeb80000)
 Metaspace       used 18092K, capacity 18313K, committed 18432K, reserved 1067008K
  class space    used 1716K, capacity 1761K, committed 1792K, reserved 1048576K
Event: 24.513 GC heap after
Heap after GC invocations=35 (full 3):
 PSYoungGen      total 307712K, used 224K [0x00000000e0400000, 0x00000000f4c00000, 0x0000000100000000)
  eden space 281600K, 0% used [0x00000000e0400000,0x00000000e0400000,0x00000000f1700000)
  from space 26112K, 0% used [0x00000000f3280000,0x00000000f32b8000,0x00000000f4c00000)
  to   space 27136K, 0% used [0x00000000f1700000,0x00000000f1700000,0x00000000f3180000)
 ParOldGen       total 228864K, used 154439K [0x00000000a0c00000, 0x00000000aeb80000, 0x00000000e0400000)
  object space 228864K, 67% used [0x00000000a0c00000,0x00000000aa2d1df0,0x00000000aeb80000)
 Metaspace       used 18092K, capacity 18313K, committed 18432K, reserved 1067008K
  class space    used 1716K, capacity 1761K, committed 1792K, reserved 1048576K
}
Event: 25.645 GC heap before
{Heap before GC invocations=36 (full 3):
 PSYoungGen      total 307712K, used 281384K [0x00000000e0400000, 0x00000000f4c00000, 0x0000000100000000)
  eden space 281600K, 99% used [0x00000000e0400000,0x00000000f16921d0,0x00000000f1700000)
  from space 26112K, 0% used [0x00000000f3280000,0x00000000f32b8000,0x00000000f4c00000)
  to   space 27136K, 0% used [0x00000000f1700000,0x00000000f1700000,0x00000000f3180000)
 ParOldGen       total 228864K, used 154439K [0x00000000a0c00000, 0x00000000aeb80000, 0x00000000e0400000)
  object space 228864K, 67% used [0x00000000a0c00000,0x00000000aa2d1df0,0x00000000aeb80000)
 Metaspace       used 18092K, capacity 18313K, committed 18432K, reserved 1067008K
  class space    used 1716K, capacity 1761K, committed 1792K, reserved 1048576K
Event: 25.646 GC heap after
Heap after GC invocations=36 (full 3):
 PSYoungGen      total 282112K, used 224K [0x00000000e0400000, 0x00000000f4a00000, 0x0000000100000000)
  eden space 281600K, 0% used [0x00000000e0400000,0x00000000e0400000,0x00000000f1700000)
  from space 512K, 43% used [0x00000000f1700000,0x00000000f1738000,0x00000000f1780000)
  to   space 25600K, 0% used [0x00000000f3100000,0x00000000f3100000,0x00000000f4a00000)
 ParOldGen       total 228864K, used 154455K [0x00000000a0c00000, 0x00000000aeb80000, 0x00000000e0400000)
  object space 228864K, 67% used [0x00000000a0c00000,0x00000000aa2d5df0,0x00000000aeb80000)
 Metaspace       used 18092K, capacity 18313K, committed 18432K, reserved 1067008K
  class space    used 1716K, capacity 1761K, committed 1792K, reserved 1048576K
}
Event: 26.779 GC heap before
{Heap before GC invocations=37 (full 3):
 PSYoungGen      total 282112K, used 281402K [0x00000000e0400000, 0x00000000f4a00000, 0x0000000100000000)
  eden space 281600K, 99% used [0x00000000e0400000,0x00000000f1696a00,0x00000000f1700000)
  from space 512K, 43% used [0x00000000f1700000,0x00000000f1738000,0x00000000f1780000)
  to   space 25600K, 0% used [0x00000000f3100000,0x00000000f3100000,0x00000000f4a00000)
 ParOldGen       total 228864K, used 154455K [0x00000000a0c00000, 0x00000000aeb80000, 0x00000000e0400000)
  object space 228864K, 67% used [0x00000000a0c00000,0x00000000aa2d5df0,0x00000000aeb80000)
 Metaspace       used 18092K, capacity 18313K, committed 18432K, reserved 1067008K
  class space    used 1716K, capacity 1761K, committed 1792K, reserved 1048576K
Event: 26.780 GC heap after
Heap after GC invocations=37 (full 3):
 PSYoungGen      total 306176K, used 192K [0x00000000e0400000, 0x00000000f4800000, 0x0000000100000000)
  eden space 282624K, 0% used [0x00000000e0400000,0x00000000e0400000,0x00000000f1800000)
  from space 23552K, 0% used [0x00000000f3100000,0x00000000f3130000,0x00000000f4800000)
  to   space 24576K, 0% used [0x00000000f1800000,0x00000000f1800000,0x00000000f3000000)
 ParOldGen       total 228864K, used 154479K [0x00000000a0c00000, 0x00000000aeb80000, 0x00000000e0400000)
  object space 228864K, 67% used [0x00000000a0c00000,0x00000000aa2dbdf0,0x00000000aeb80000)
 Metaspace       used 18092K, capacity 18313K, committed 18432K, reserved 1067008K
  class space    used 1716K, capacity 1761K, committed 1792K, reserved 1048576K
}
Event: 27.911 GC heap before
{Heap before GC invocations=38 (full 3):
 PSYoungGen      total 306176K, used 281409K [0x00000000e0400000, 0x00000000f4800000, 0x0000000100000000)
  eden space 282624K, 99% used [0x00000000e0400000,0x00000000f16a0640,0x00000000f1800000)
  from space 23552K, 0% used [0x00000000f3100000,0x00000000f3130000,0x00000000f4800000)
  to   space 24576K, 0% used [0x00000000f1800000,0x00000000f1800000,0x00000000f3000000)
 ParOldGen       total 228864K, used 154479K [0x00000000a0c00000, 0x00000000aeb80000, 0x00000000e0400000)
  object space 228864K, 67% used [0x00000000a0c00000,0x00000000aa2dbdf0,0x00000000aeb80000)
 Metaspace       used 18092K, capacity 18313K, committed 18432K, reserved 1067008K
  class space    used 1716K, capacity 1761K, committed 1792K, reserved 1048576K
Event: 27.912 GC heap after
Heap after GC invocations=38 (full 3):
 PSYoungGen      total 307200K, used 224K [0x00000000e0400000, 0x00000000f4700000, 0x0000000100000000)
  eden space 282624K, 0% used [0x00000000e0400000,0x00000000e0400000,0x00000000f1800000)
  from space 24576K, 0% used [0x00000000f1800000,0x00000000f1838000,0x00000000f3000000)
  to   space 23552K, 0% used [0x00000000f3000000,0x00000000f3000000,0x00000000f4700000)
 ParOldGen       total 228864K, used 154503K [0x00000000a0c00000, 0x00000000aeb80000, 0x00000000e0400000)
  object space 228864K, 67% used [0x00000000a0c00000,0x00000000aa2e1df0,0x00000000aeb80000)
 Metaspace       used 18092K, capacity 18313K, committed 18432K, reserved 1067008K
  class space    used 1716K, capacity 1761K, committed 1792K, reserved 1048576K
}

