# JRE version: Java(TM) SE Runtime Environment (8.0_31-b13) (build 1.8.0_31-b13)
# Java VM: Java HotSpot(TM) 64-Bit Server VM (25.31-b07 mixed mode windows-amd64 compressed oops)
Heap:
 PSYoungGen      total 1020928K, used 944658K [0x000000076b300000, 0x00000007ab400000, 0x00000007c0000000)
  eden space 997376K, 94% used [0x000000076b300000,0x00000007a4d74918,0x00000007a8100000)
  from space 23552K, 0% used [0x00000007a9d00000,0x00000007a9d10000,0x00000007ab400000)
  to   space 26112K, 0% used [0x00000007a8100000,0x00000007a8100000,0x00000007a9a80000)
 ParOldGen       total 289792K, used 165167K [0x00000006c1800000, 0x00000006d3300000, 0x000000076b300000)
  object space 289792K, 56% used [0x00000006c1800000,0x00000006cb94bc50,0x00000006d3300000)
 Metaspace       used 18011K, capacity 18227K, committed 18560K, reserved 1067008K
  class space    used 1728K, capacity 1794K, committed 1920K, reserved 1048576K
GC Heap History (10 events):
Event: 28.828 GC heap before
{Heap before GC invocations=29 (full 1):
 PSYoungGen      total 979456K, used 943256K [0x000000076b300000, 0x00000007a9b00000, 0x00000007c0000000)
  eden space 943616K, 99% used [0x000000076b300000,0x00000007a4c061b8,0x00000007a4c80000)
  from space 35840K, 0% used [0x00000007a4c80000,0x00000007a4ca0000,0x00000007a6f80000)
  to   space 33792K, 0% used [0x00000007a7a00000,0x00000007a7a00000,0x00000007a9b00000)
 ParOldGen       total 289792K, used 165119K [0x00000006c1800000, 0x00000006d3300000, 0x000000076b300000)
  object space 289792K, 56% used [0x00000006c1800000,0x00000006cb93fc50,0x00000006d3300000)
 Metaspace       used 17975K, capacity 18227K, committed 18560K, reserved 1067008K
  class space    used 1717K, capacity 1794K, committed 1920K, reserved 1048576K
Event: 28.835 GC heap after
Heap after GC invocations=29 (full 1):
 PSYoungGen      total 991744K, used 9044K [0x000000076b300000, 0x00000007a9f00000, 0x00000007c0000000)
  eden space 957952K, 0% used [0x000000076b300000,0x000000076b300000,0x00000007a5a80000)
  from space 33792K, 26% used [0x00000007a7a00000,0x00000007a82d5020,0x00000007a9b00000)
  to   space 32256K, 0% used [0x00000007a5a80000,0x00000007a5a80000,0x00000007a7a00000)
 ParOldGen       total 289792K, used 165127K [0x00000006c1800000, 0x00000006d3300000, 0x000000076b300000)
  object space 289792K, 56% used [0x00000006c1800000,0x00000006cb941c50,0x00000006d3300000)
 Metaspace       used 17975K, capacity 18227K, committed 18560K, reserved 1067008K
  class space    used 1717K, capacity 1794K, committed 1920K, reserved 1048576K
}
Event: 30.362 GC heap before
{Heap before GC invocations=30 (full 1):
 PSYoungGen      total 991744K, used 966996K [0x000000076b300000, 0x00000007a9f00000, 0x00000007c0000000)
  eden space 957952K, 100% used [0x000000076b300000,0x00000007a5a80000,0x00000007a5a80000)
  from space 33792K, 26% used [0x00000007a7a00000,0x00000007a82d5020,0x00000007a9b00000)
  to   space 32256K, 0% used [0x00000007a5a80000,0x00000007a5a80000,0x00000007a7a00000)
 ParOldGen       total 289792K, used 165127K [0x00000006c1800000, 0x00000006d3300000, 0x000000076b300000)
  object space 289792K, 56% used [0x00000006c1800000,0x00000006cb941c50,0x00000006d3300000)
 Metaspace       used 17975K, capacity 18227K, committed 18560K, reserved 1067008K
  class space    used 1717K, capacity 1794K, committed 1920K, reserved 1048576K
Event: 30.369 GC heap after
Heap after GC invocations=30 (full 1):
 PSYoungGen      total 990208K, used 9044K [0x000000076b300000, 0x00000007ab080000, 0x00000007c0000000)
  eden space 957952K, 0% used [0x000000076b300000,0x000000076b300000,0x00000007a5a80000)
  from space 32256K, 28% used [0x00000007a5a80000,0x00000007a6355020,0x00000007a7a00000)
  to   space 31232K, 0% used [0x00000007a9200000,0x00000007a9200000,0x00000007ab080000)
 ParOldGen       total 289792K, used 165143K [0x00000006c1800000, 0x00000006d3300000, 0x000000076b300000)
  object space 289792K, 56% used [0x00000006c1800000,0x00000006cb945c50,0x00000006d3300000)
 Metaspace       used 17975K, capacity 18227K, committed 18560K, reserved 1067008K
  class space    used 1717K, capacity 1794K, committed 1920K, reserved 1048576K
}
Event: 31.909 GC heap before
{Heap before GC invocations=31 (full 1):
 PSYoungGen      total 990208K, used 966996K [0x000000076b300000, 0x00000007ab080000, 0x00000007c0000000)
  eden space 957952K, 100% used [0x000000076b300000,0x00000007a5a80000,0x00000007a5a80000)
  from space 32256K, 28% used [0x00000007a5a80000,0x00000007a6355020,0x00000007a7a00000)
  to   space 31232K, 0% used [0x00000007a9200000,0x00000007a9200000,0x00000007ab080000)
 ParOldGen       total 289792K, used 165143K [0x00000006c1800000, 0x00000006d3300000, 0x000000076b300000)
  object space 289792K, 56% used [0x00000006c1800000,0x00000006cb945c50,0x00000006d3300000)
 Metaspace       used 17975K, capacity 18227K, committed 18560K, reserved 1067008K
  class space    used 1717K, capacity 1794K, committed 1920K, reserved 1048576K
Event: 31.910 GC heap after
Heap after GC invocations=31 (full 1):
 PSYoungGen      total 1003520K, used 96K [0x000000076b300000, 0x00000007aa980000, 0x00000007c0000000)
  eden space 979456K, 0% used [0x000000076b300000,0x000000076b300000,0x00000007a6f80000)
  from space 24064K, 0% used [0x00000007a9200000,0x00000007a9218000,0x00000007aa980000)
  to   space 29696K, 0% used [0x00000007a6f80000,0x00000007a6f80000,0x00000007a8c80000)
 ParOldGen       total 289792K, used 165159K [0x00000006c1800000, 0x00000006d3300000, 0x000000076b300000)
  object space 289792K, 56% used [0x00000006c1800000,0x00000006cb949c50,0x00000006d3300000)
 Metaspace       used 17975K, capacity 18227K, committed 18560K, reserved 1067008K
  class space    used 1717K, capacity 1794K, committed 1920K, reserved 1048576K
}
Event: 33.439 GC heap before
{Heap before GC invocations=32 (full 1):
 PSYoungGen      total 1003520K, used 979552K [0x000000076b300000, 0x00000007aa980000, 0x00000007c0000000)
  eden space 979456K, 100% used [0x000000076b300000,0x00000007a6f80000,0x00000007a6f80000)
  from space 24064K, 0% used [0x00000007a9200000,0x00000007a9218000,0x00000007aa980000)
  to   space 29696K, 0% used [0x00000007a6f80000,0x00000007a6f80000,0x00000007a8c80000)
 ParOldGen       total 289792K, used 165159K [0x00000006c1800000, 0x00000006d3300000, 0x000000076b300000)
  object space 289792K, 56% used [0x00000006c1800000,0x00000006cb949c50,0x00000006d3300000)
 Metaspace       used 17976K, capacity 18227K, committed 18560K, reserved 1067008K
  class space    used 1717K, capacity 1794K, committed 1920K, reserved 1048576K
Event: 33.441 GC heap after
Heap after GC invocations=32 (full 1):
 PSYoungGen      total 1009152K, used 96K [0x000000076b300000, 0x00000007ab800000, 0x00000007c0000000)
  eden space 979456K, 0% used [0x000000076b300000,0x000000076b300000,0x00000007a6f80000)
  from space 29696K, 0% used [0x00000007a6f80000,0x00000007a6f98000,0x00000007a8c80000)
  to   space 27648K, 0% used [0x00000007a9d00000,0x00000007a9d00000,0x00000007ab800000)
 ParOldGen       total 289792K, used 165167K [0x00000006c1800000, 0x00000006d3300000, 0x000000076b300000)
  object space 289792K, 56% used [0x00000006c1800000,0x00000006cb94bc50,0x00000006d3300000)
 Metaspace       used 17976K, capacity 18227K, committed 18560K, reserved 1067008K
  class space    used 1717K, capacity 1794K, committed 1920K, reserved 1048576K
}
Event: 34.935 GC heap before
{Heap before GC invocations=33 (full 1):
 PSYoungGen      total 1009152K, used 979552K [0x000000076b300000, 0x00000007ab800000, 0x00000007c0000000)
  eden space 979456K, 100% used [0x000000076b300000,0x00000007a6f80000,0x00000007a6f80000)
  from space 29696K, 0% used [0x00000007a6f80000,0x00000007a6f98000,0x00000007a8c80000)
  to   space 27648K, 0% used [0x00000007a9d00000,0x00000007a9d00000,0x00000007ab800000)
 ParOldGen       total 289792K, used 165167K [0x00000006c1800000, 0x00000006d3300000, 0x000000076b300000)
  object space 289792K, 56% used [0x00000006c1800000,0x00000006cb94bc50,0x00000006d3300000)
 Metaspace       used 17976K, capacity 18227K, committed 18560K, reserved 1067008K
  class space    used 1717K, capacity 1794K, committed 1920K, reserved 1048576K
Event: 34.937 GC heap after
Heap after GC invocations=33 (full 1):
 PSYoungGen      total 1020928K, used 64K [0x000000076b300000, 0x00000007ab400000, 0x00000007c0000000)
  eden space 997376K, 0% used [0x000000076b300000,0x000000076b300000,0x00000007a8100000)
  from space 23552K, 0% used [0x00000007a9d00000,0x00000007a9d10000,0x00000007ab400000)
  to   space 26112K, 0% used [0x00000007a8100000,0x00000007a8100000,0x00000007a9a80000)
 ParOldGen       total 289792K, used 165167K [0x00000006c1800000, 0x00000006d3300000, 0x000000076b300000)
  object space 289792K, 56% used [0x00000006c1800000,0x00000006cb94bc50,0x00000006d3300000)
 Metaspace       used 17976K, capacity 18227K, committed 18560K, reserved 1067008K
  class space    used 1717K, capacity 1794K, committed 1920K, reserved 1048576K
}

