# JRE version: Java(TM) SE Runtime Environment (8.0_25-b18) (build 1.8.0_25-b18)
# Java VM: Java HotSpot(TM) 64-Bit Server VM (25.25-b02 mixed mode windows-amd64 compressed oops)
Heap:
 PSYoungGen      total 519680K, used 158986K [0x00000000e0400000, 0x0000000100000000, 0x0000000100000000)
  eden space 519168K, 30% used [0x00000000e0400000,0x00000000e9f2abf8,0x00000000fff00000)
  from space 512K, 18% used [0x00000000fff80000,0x00000000fff98000,0x0000000100000000)
  to   space 512K, 0% used [0x00000000fff00000,0x00000000fff00000,0x00000000fff80000)
 ParOldGen       total 340992K, used 308147K [0x00000000a0c00000, 0x00000000b5900000, 0x00000000e0400000)
  object space 340992K, 90% used [0x00000000a0c00000,0x00000000b38ecc50,0x00000000b5900000)
 Metaspace       used 18079K, capacity 18287K, committed 18560K, reserved 1067008K
  class space    used 1734K, capacity 1794K, committed 1920K, reserved 1048576K
GC Heap History (10 events):
Event: 277.138 GC heap before
{Heap before GC invocations=285 (full 7):
 PSYoungGen      total 519680K, used 513260K [0x00000000e0400000, 0x0000000100000000, 0x0000000100000000)
  eden space 519168K, 98% used [0x00000000e0400000,0x00000000ff923340,0x00000000fff00000)
  from space 512K, 18% used [0x00000000fff00000,0x00000000fff18000,0x00000000fff80000)
  to   space 512K, 0% used [0x00000000fff80000,0x00000000fff80000,0x0000000100000000)
 ParOldGen       total 340992K, used 300047K [0x00000000a0c00000, 0x00000000b5900000, 0x00000000e0400000)
  object space 340992K, 87% used [0x00000000a0c00000,0x00000000b3103c40,0x00000000b5900000)
 Metaspace       used 18078K, capacity 18287K, committed 18560K, reserved 1067008K
  class space    used 1734K, capacity 1794K, committed 1920K, reserved 1048576K
Event: 277.139 GC heap after
Heap after GC invocations=285 (full 7):
 PSYoungGen      total 519680K, used 128K [0x00000000e0400000, 0x0000000100000000, 0x0000000100000000)
  eden space 519168K, 0% used [0x00000000e0400000,0x00000000e0400000,0x00000000fff00000)
  from space 512K, 25% used [0x00000000fff80000,0x00000000fffa0000,0x0000000100000000)
  to   space 512K, 0% used [0x00000000fff00000,0x00000000fff00000,0x00000000fff80000)
 ParOldGen       total 340992K, used 300047K [0x00000000a0c00000, 0x00000000b5900000, 0x00000000e0400000)
  object space 340992K, 87% used [0x00000000a0c00000,0x00000000b3103c40,0x00000000b5900000)
 Metaspace       used 18078K, capacity 18287K, committed 18560K, reserved 1067008K
  class space    used 1734K, capacity 1794K, committed 1920K, reserved 1048576K
}
Event: 277.972 GC heap before
{Heap before GC invocations=286 (full 7):
 PSYoungGen      total 519680K, used 513427K [0x00000000e0400000, 0x0000000100000000, 0x0000000100000000)
  eden space 519168K, 98% used [0x00000000e0400000,0x00000000ff944e38,0x00000000fff00000)
  from space 512K, 25% used [0x00000000fff80000,0x00000000fffa0000,0x0000000100000000)
  to   space 512K, 0% used [0x00000000fff00000,0x00000000fff00000,0x00000000fff80000)
 ParOldGen       total 340992K, used 300047K [0x00000000a0c00000, 0x00000000b5900000, 0x00000000e0400000)
  object space 340992K, 87% used [0x00000000a0c00000,0x00000000b3103c40,0x00000000b5900000)
 Metaspace       used 18078K, capacity 18287K, committed 18560K, reserved 1067008K
  class space    used 1734K, capacity 1794K, committed 1920K, reserved 1048576K
Event: 277.975 GC heap after
Heap after GC invocations=286 (full 7):
 PSYoungGen      total 519680K, used 128K [0x00000000e0400000, 0x0000000100000000, 0x0000000100000000)
  eden space 519168K, 0% used [0x00000000e0400000,0x00000000e0400000,0x00000000fff00000)
  from space 512K, 25% used [0x00000000fff00000,0x00000000fff20000,0x00000000fff80000)
  to   space 512K, 0% used [0x00000000fff80000,0x00000000fff80000,0x0000000100000000)
 ParOldGen       total 340992K, used 300047K [0x00000000a0c00000, 0x00000000b5900000, 0x00000000e0400000)
  object space 340992K, 87% used [0x00000000a0c00000,0x00000000b3103c40,0x00000000b5900000)
 Metaspace       used 18078K, capacity 18287K, committed 18560K, reserved 1067008K
  class space    used 1734K, capacity 1794K, committed 1920K, reserved 1048576K
}
Event: 278.788 GC heap before
{Heap before GC invocations=287 (full 7):
 PSYoungGen      total 519680K, used 519296K [0x00000000e0400000, 0x0000000100000000, 0x0000000100000000)
  eden space 519168K, 100% used [0x00000000e0400000,0x00000000fff00000,0x00000000fff00000)
  from space 512K, 25% used [0x00000000fff00000,0x00000000fff20000,0x00000000fff80000)
  to   space 512K, 0% used [0x00000000fff80000,0x00000000fff80000,0x0000000100000000)
 ParOldGen       total 340992K, used 300047K [0x00000000a0c00000, 0x00000000b5900000, 0x00000000e0400000)
  object space 340992K, 87% used [0x00000000a0c00000,0x00000000b3103c40,0x00000000b5900000)
 Metaspace       used 18078K, capacity 18287K, committed 18560K, reserved 1067008K
  class space    used 1734K, capacity 1794K, committed 1920K, reserved 1048576K
Event: 278.798 GC heap after
Heap after GC invocations=287 (full 7):
 PSYoungGen      total 519680K, used 128K [0x00000000e0400000, 0x0000000100000000, 0x0000000100000000)
  eden space 519168K, 0% used [0x00000000e0400000,0x00000000e0400000,0x00000000fff00000)
  from space 512K, 25% used [0x00000000fff80000,0x00000000fffa0000,0x0000000100000000)
  to   space 512K, 0% used [0x00000000fff00000,0x00000000fff00000,0x00000000fff80000)
 ParOldGen       total 340992K, used 308147K [0x00000000a0c00000, 0x00000000b5900000, 0x00000000e0400000)
  object space 340992K, 90% used [0x00000000a0c00000,0x00000000b38ecc50,0x00000000b5900000)
 Metaspace       used 18078K, capacity 18287K, committed 18560K, reserved 1067008K
  class space    used 1734K, capacity 1794K, committed 1920K, reserved 1048576K
}
Event: 279.670 GC heap before
{Heap before GC invocations=288 (full 7):
 PSYoungGen      total 519680K, used 517171K [0x00000000e0400000, 0x0000000100000000, 0x0000000100000000)
  eden space 519168K, 99% used [0x00000000e0400000,0x00000000ffcecf88,0x00000000fff00000)
  from space 512K, 25% used [0x00000000fff80000,0x00000000fffa0000,0x0000000100000000)
  to   space 512K, 0% used [0x00000000fff00000,0x00000000fff00000,0x00000000fff80000)
 ParOldGen       total 340992K, used 308147K [0x00000000a0c00000, 0x00000000b5900000, 0x00000000e0400000)
  object space 340992K, 90% used [0x00000000a0c00000,0x00000000b38ecc50,0x00000000b5900000)
 Metaspace       used 18078K, capacity 18287K, committed 18560K, reserved 1067008K
  class space    used 1734K, capacity 1794K, committed 1920K, reserved 1048576K
Event: 279.672 GC heap after
Heap after GC invocations=288 (full 7):
 PSYoungGen      total 519680K, used 128K [0x00000000e0400000, 0x0000000100000000, 0x0000000100000000)
  eden space 519168K, 0% used [0x00000000e0400000,0x00000000e0400000,0x00000000fff00000)
  from space 512K, 25% used [0x00000000fff00000,0x00000000fff20000,0x00000000fff80000)
  to   space 512K, 0% used [0x00000000fff80000,0x00000000fff80000,0x0000000100000000)
 ParOldGen       total 340992K, used 308147K [0x00000000a0c00000, 0x00000000b5900000, 0x00000000e0400000)
  object space 340992K, 90% used [0x00000000a0c00000,0x00000000b38ecc50,0x00000000b5900000)
 Metaspace       used 18078K, capacity 18287K, committed 18560K, reserved 1067008K
  class space    used 1734K, capacity 1794K, committed 1920K, reserved 1048576K
}
Event: 280.512 GC heap before
{Heap before GC invocations=289 (full 7):
 PSYoungGen      total 519680K, used 511819K [0x00000000e0400000, 0x0000000100000000, 0x0000000100000000)
  eden space 519168K, 98% used [0x00000000e0400000,0x00000000ff7b2f88,0x00000000fff00000)
  from space 512K, 25% used [0x00000000fff00000,0x00000000fff20000,0x00000000fff80000)
  to   space 512K, 0% used [0x00000000fff80000,0x00000000fff80000,0x0000000100000000)
 ParOldGen       total 340992K, used 308147K [0x00000000a0c00000, 0x00000000b5900000, 0x00000000e0400000)
  object space 340992K, 90% used [0x00000000a0c00000,0x00000000b38ecc50,0x00000000b5900000)
 Metaspace       used 18078K, capacity 18287K, committed 18560K, reserved 1067008K
  class space    used 1734K, capacity 1794K, committed 1920K, reserved 1048576K
Event: 280.516 GC heap after
Heap after GC invocations=289 (full 7):
 PSYoungGen      total 519680K, used 96K [0x00000000e0400000, 0x0000000100000000, 0x0000000100000000)
  eden space 519168K, 0% used [0x00000000e0400000,0x00000000e0400000,0x00000000fff00000)
  from space 512K, 18% used [0x00000000fff80000,0x00000000fff98000,0x0000000100000000)
  to   space 512K, 0% used [0x00000000fff00000,0x00000000fff00000,0x00000000fff80000)
 ParOldGen       total 340992K, used 308147K [0x00000000a0c00000, 0x00000000b5900000, 0x00000000e0400000)
  object space 340992K, 90% used [0x00000000a0c00000,0x00000000b38ecc50,0x00000000b5900000)
 Metaspace       used 18078K, capacity 18287K, committed 18560K, reserved 1067008K
  class space    used 1734K, capacity 1794K, committed 1920K, reserved 1048576K
}

