# JRE version: Java(TM) SE Runtime Environment (8.0_31-b13) (build 1.8.0_31-b13)
# Java VM: Java HotSpot(TM) 64-Bit Server VM (25.31-b07 mixed mode windows-amd64 compressed oops)
Heap:
 PSYoungGen      total 948224K, used 67171K [0x000000076b300000, 0x00000007a6d00000, 0x00000007c0000000)
  eden space 926720K, 7% used [0x000000076b300000,0x000000076f478fe8,0x00000007a3c00000)
  from space 21504K, 0% used [0x00000007a5800000,0x00000007a5820000,0x00000007a6d00000)
  to   space 25088K, 0% used [0x00000007a3c00000,0x00000007a3c00000,0x00000007a5480000)
 ParOldGen       total 313856K, used 178289K [0x00000006c1800000, 0x00000006d4a80000, 0x000000076b300000)
  object space 313856K, 56% used [0x00000006c1800000,0x00000006cc61c5f0,0x00000006d4a80000)
 Metaspace       used 18020K, capacity 18227K, committed 18560K, reserved 1067008K
  class space    used 1729K, capacity 1794K, committed 1920K, reserved 1048576K
GC Heap History (10 events):
Event: 29.495 GC heap before
{Heap before GC invocations=29 (full 1):
 PSYoungGen      total 928256K, used 882616K [0x000000076b300000, 0x00000007a6c00000, 0x00000007c0000000)
  eden space 890368K, 99% used [0x000000076b300000,0x00000007a10ce348,0x00000007a1880000)
  from space 37888K, 0% used [0x00000007a1880000,0x00000007a18a0000,0x00000007a3d80000)
  to   space 35328K, 0% used [0x00000007a4980000,0x00000007a4980000,0x00000007a6c00000)
 ParOldGen       total 313856K, used 178241K [0x00000006c1800000, 0x00000006d4a80000, 0x000000076b300000)
  object space 313856K, 56% used [0x00000006c1800000,0x00000006cc6105f0,0x00000006d4a80000)
 Metaspace       used 17983K, capacity 18227K, committed 18560K, reserved 1067008K
  class space    used 1717K, capacity 1794K, committed 1920K, reserved 1048576K
Event: 29.497 GC heap after
Heap after GC invocations=29 (full 1):
 PSYoungGen      total 934400K, used 96K [0x000000076b300000, 0x00000007a6700000, 0x00000007c0000000)
  eden space 904192K, 0% used [0x000000076b300000,0x000000076b300000,0x00000007a2600000)
  from space 30208K, 0% used [0x00000007a4980000,0x00000007a4998000,0x00000007a6700000)
  to   space 33280K, 0% used [0x00000007a2600000,0x00000007a2600000,0x00000007a4680000)
 ParOldGen       total 313856K, used 178249K [0x00000006c1800000, 0x00000006d4a80000, 0x000000076b300000)
  object space 313856K, 56% used [0x00000006c1800000,0x00000006cc6125f0,0x00000006d4a80000)
 Metaspace       used 17983K, capacity 18227K, committed 18560K, reserved 1067008K
  class space    used 1717K, capacity 1794K, committed 1920K, reserved 1048576K
}
Event: 30.954 GC heap before
{Heap before GC invocations=30 (full 1):
 PSYoungGen      total 934400K, used 904288K [0x000000076b300000, 0x00000007a6700000, 0x00000007c0000000)
  eden space 904192K, 100% used [0x000000076b300000,0x00000007a2600000,0x00000007a2600000)
  from space 30208K, 0% used [0x00000007a4980000,0x00000007a4998000,0x00000007a6700000)
  to   space 33280K, 0% used [0x00000007a2600000,0x00000007a2600000,0x00000007a4680000)
 ParOldGen       total 313856K, used 178249K [0x00000006c1800000, 0x00000006d4a80000, 0x000000076b300000)
  object space 313856K, 56% used [0x00000006c1800000,0x00000006cc6125f0,0x00000006d4a80000)
 Metaspace       used 17983K, capacity 18227K, committed 18560K, reserved 1067008K
  class space    used 1717K, capacity 1794K, committed 1920K, reserved 1048576K
Event: 30.955 GC heap after
Heap after GC invocations=30 (full 1):
 PSYoungGen      total 937472K, used 96K [0x000000076b300000, 0x00000007a7000000, 0x00000007c0000000)
  eden space 904192K, 0% used [0x000000076b300000,0x000000076b300000,0x00000007a2600000)
  from space 33280K, 0% used [0x00000007a2600000,0x00000007a2618000,0x00000007a4680000)
  to   space 31232K, 0% used [0x00000007a5180000,0x00000007a5180000,0x00000007a7000000)
 ParOldGen       total 313856K, used 178249K [0x00000006c1800000, 0x00000006d4a80000, 0x000000076b300000)
  object space 313856K, 56% used [0x00000006c1800000,0x00000006cc6125f0,0x00000006d4a80000)
 Metaspace       used 17983K, capacity 18227K, committed 18560K, reserved 1067008K
  class space    used 1717K, capacity 1794K, committed 1920K, reserved 1048576K
}
Event: 32.392 GC heap before
{Heap before GC invocations=31 (full 1):
 PSYoungGen      total 937472K, used 904288K [0x000000076b300000, 0x00000007a7000000, 0x00000007c0000000)
  eden space 904192K, 100% used [0x000000076b300000,0x00000007a2600000,0x00000007a2600000)
  from space 33280K, 0% used [0x00000007a2600000,0x00000007a2618000,0x00000007a4680000)
  to   space 31232K, 0% used [0x00000007a5180000,0x00000007a5180000,0x00000007a7000000)
 ParOldGen       total 313856K, used 178249K [0x00000006c1800000, 0x00000006d4a80000, 0x000000076b300000)
  object space 313856K, 56% used [0x00000006c1800000,0x00000006cc6125f0,0x00000006d4a80000)
 Metaspace       used 17984K, capacity 18227K, committed 18560K, reserved 1067008K
  class space    used 1718K, capacity 1794K, committed 1920K, reserved 1048576K
Event: 32.394 GC heap after
Heap after GC invocations=31 (full 1):
 PSYoungGen      total 943616K, used 128K [0x000000076b300000, 0x00000007a6b80000, 0x00000007c0000000)
  eden space 916992K, 0% used [0x000000076b300000,0x000000076b300000,0x00000007a3280000)
  from space 26624K, 0% used [0x00000007a5180000,0x00000007a51a0000,0x00000007a6b80000)
  to   space 29184K, 0% used [0x00000007a3280000,0x00000007a3280000,0x00000007a4f00000)
 ParOldGen       total 313856K, used 178281K [0x00000006c1800000, 0x00000006d4a80000, 0x000000076b300000)
  object space 313856K, 56% used [0x00000006c1800000,0x00000006cc61a5f0,0x00000006d4a80000)
 Metaspace       used 17984K, capacity 18227K, committed 18560K, reserved 1067008K
  class space    used 1718K, capacity 1794K, committed 1920K, reserved 1048576K
}
Event: 34.861 GC heap before
{Heap before GC invocations=32 (full 1):
 PSYoungGen      total 943616K, used 911350K [0x000000076b300000, 0x00000007a6b80000, 0x00000007c0000000)
  eden space 916992K, 99% used [0x000000076b300000,0x00000007a2cddb00,0x00000007a3280000)
  from space 26624K, 0% used [0x00000007a5180000,0x00000007a51a0000,0x00000007a6b80000)
  to   space 29184K, 0% used [0x00000007a3280000,0x00000007a3280000,0x00000007a4f00000)
 ParOldGen       total 313856K, used 178281K [0x00000006c1800000, 0x00000006d4a80000, 0x000000076b300000)
  object space 313856K, 56% used [0x00000006c1800000,0x00000006cc61a5f0,0x00000006d4a80000)
 Metaspace       used 17985K, capacity 18227K, committed 18560K, reserved 1067008K
  class space    used 1718K, capacity 1794K, committed 1920K, reserved 1048576K
Event: 34.863 GC heap after
Heap after GC invocations=32 (full 1):
 PSYoungGen      total 946176K, used 160K [0x000000076b300000, 0x00000007a7280000, 0x00000007c0000000)
  eden space 916992K, 0% used [0x000000076b300000,0x000000076b300000,0x00000007a3280000)
  from space 29184K, 0% used [0x00000007a3280000,0x00000007a32a8000,0x00000007a4f00000)
  to   space 27136K, 0% used [0x00000007a5800000,0x00000007a5800000,0x00000007a7280000)
 ParOldGen       total 313856K, used 178289K [0x00000006c1800000, 0x00000006d4a80000, 0x000000076b300000)
  object space 313856K, 56% used [0x00000006c1800000,0x00000006cc61c5f0,0x00000006d4a80000)
 Metaspace       used 17985K, capacity 18227K, committed 18560K, reserved 1067008K
  class space    used 1718K, capacity 1794K, committed 1920K, reserved 1048576K
}
Event: 37.996 GC heap before
{Heap before GC invocations=33 (full 1):
 PSYoungGen      total 946176K, used 910717K [0x000000076b300000, 0x00000007a7280000, 0x00000007c0000000)
  eden space 916992K, 99% used [0x000000076b300000,0x00000007a2c374f0,0x00000007a3280000)
  from space 29184K, 0% used [0x00000007a3280000,0x00000007a32a8000,0x00000007a4f00000)
  to   space 27136K, 0% used [0x00000007a5800000,0x00000007a5800000,0x00000007a7280000)
 ParOldGen       total 313856K, used 178289K [0x00000006c1800000, 0x00000006d4a80000, 0x000000076b300000)
  object space 313856K, 56% used [0x00000006c1800000,0x00000006cc61c5f0,0x00000006d4a80000)
 Metaspace       used 17985K, capacity 18227K, committed 18560K, reserved 1067008K
  class space    used 1718K, capacity 1794K, committed 1920K, reserved 1048576K
Event: 37.998 GC heap after
Heap after GC invocations=33 (full 1):
 PSYoungGen      total 948224K, used 128K [0x000000076b300000, 0x00000007a6d00000, 0x00000007c0000000)
  eden space 926720K, 0% used [0x000000076b300000,0x000000076b300000,0x00000007a3c00000)
  from space 21504K, 0% used [0x00000007a5800000,0x00000007a5820000,0x00000007a6d00000)
  to   space 25088K, 0% used [0x00000007a3c00000,0x00000007a3c00000,0x00000007a5480000)
 ParOldGen       total 313856K, used 178289K [0x00000006c1800000, 0x00000006d4a80000, 0x000000076b300000)
  object space 313856K, 56% used [0x00000006c1800000,0x00000006cc61c5f0,0x00000006d4a80000)
 Metaspace       used 17985K, capacity 18227K, committed 18560K, reserved 1067008K
  class space    used 1718K, capacity 1794K, committed 1920K, reserved 1048576K
}

