# JRE version: Java(TM) SE Runtime Environment (8.0_25-b18) (build 1.8.0_25-b18)
# Java VM: Java HotSpot(TM) 64-Bit Server VM (25.25-b02 mixed mode windows-amd64 compressed oops)
Heap:
 PSYoungGen      total 380928K, used 45749K [0x00000000e0400000, 0x00000000f9c00000, 0x0000000100000000)
  eden space 349184K, 13% used [0x00000000e0400000,0x00000000e30756b0,0x00000000f5900000)
  from space 31744K, 0% used [0x00000000f7d00000,0x00000000f7d38000,0x00000000f9c00000)
  to   space 34304K, 0% used [0x00000000f5900000,0x00000000f5900000,0x00000000f7a80000)
 ParOldGen       total 224768K, used 155130K [0x00000000a0c00000, 0x00000000ae780000, 0x00000000e0400000)
  object space 224768K, 69% used [0x00000000a0c00000,0x00000000aa37ebc0,0x00000000ae780000)
 Metaspace       used 17879K, capacity 18093K, committed 18304K, reserved 1064960K
  class space    used 1733K, capacity 1793K, committed 1920K, reserved 1048576K
GC Heap History (10 events):
Event: 8.631 GC heap before
{Heap before GC invocations=25 (full 3):
 PSYoungGen      total 377344K, used 327151K [0x00000000e0400000, 0x00000000fa880000, 0x0000000100000000)
  eden space 329728K, 99% used [0x00000000e0400000,0x00000000f434bee0,0x00000000f4600000)
  from space 47616K, 0% used [0x00000000f4600000,0x00000000f4630000,0x00000000f7480000)
  to   space 45568K, 0% used [0x00000000f7c00000,0x00000000f7c00000,0x00000000fa880000)
 ParOldGen       total 224768K, used 155098K [0x00000000a0c00000, 0x00000000ae780000, 0x00000000e0400000)
  object space 224768K, 69% used [0x00000000a0c00000,0x00000000aa376bc0,0x00000000ae780000)
 Metaspace       used 17729K, capacity 17965K, committed 18304K, reserved 1064960K
  class space    used 1722K, capacity 1793K, committed 1920K, reserved 1048576K
Event: 8.632 GC heap after
Heap after GC invocations=25 (full 3):
 PSYoungGen      total 377856K, used 224K [0x00000000e0400000, 0x00000000fa280000, 0x0000000100000000)
  eden space 338432K, 0% used [0x00000000e0400000,0x00000000e0400000,0x00000000f4e80000)
  from space 39424K, 0% used [0x00000000f7c00000,0x00000000f7c38000,0x00000000fa280000)
  to   space 43008K, 0% used [0x00000000f4e80000,0x00000000f4e80000,0x00000000f7880000)
 ParOldGen       total 224768K, used 155106K [0x00000000a0c00000, 0x00000000ae780000, 0x00000000e0400000)
  object space 224768K, 69% used [0x00000000a0c00000,0x00000000aa378bc0,0x00000000ae780000)
 Metaspace       used 17729K, capacity 17965K, committed 18304K, reserved 1064960K
  class space    used 1722K, capacity 1793K, committed 1920K, reserved 1048576K
}
Event: 9.114 GC heap before
{Heap before GC invocations=26 (full 3):
 PSYoungGen      total 377856K, used 338656K [0x00000000e0400000, 0x00000000fa280000, 0x0000000100000000)
  eden space 338432K, 100% used [0x00000000e0400000,0x00000000f4e80000,0x00000000f4e80000)
  from space 39424K, 0% used [0x00000000f7c00000,0x00000000f7c38000,0x00000000fa280000)
  to   space 43008K, 0% used [0x00000000f4e80000,0x00000000f4e80000,0x00000000f7880000)
 ParOldGen       total 224768K, used 155106K [0x00000000a0c00000, 0x00000000ae780000, 0x00000000e0400000)
  object space 224768K, 69% used [0x00000000a0c00000,0x00000000aa378bc0,0x00000000ae780000)
 Metaspace       used 17806K, capacity 18029K, committed 18304K, reserved 1064960K
  class space    used 1722K, capacity 1793K, committed 1920K, reserved 1048576K
Event: 9.116 GC heap after
Heap after GC invocations=26 (full 3):
 PSYoungGen      total 381440K, used 224K [0x00000000e0400000, 0x00000000fa600000, 0x0000000100000000)
  eden space 338432K, 0% used [0x00000000e0400000,0x00000000e0400000,0x00000000f4e80000)
  from space 43008K, 0% used [0x00000000f4e80000,0x00000000f4eb8000,0x00000000f7880000)
  to   space 40960K, 0% used [0x00000000f7e00000,0x00000000f7e00000,0x00000000fa600000)
 ParOldGen       total 224768K, used 155114K [0x00000000a0c00000, 0x00000000ae780000, 0x00000000e0400000)
  object space 224768K, 69% used [0x00000000a0c00000,0x00000000aa37abc0,0x00000000ae780000)
 Metaspace       used 17806K, capacity 18029K, committed 18304K, reserved 1064960K
  class space    used 1722K, capacity 1793K, committed 1920K, reserved 1048576K
}
Event: 9.605 GC heap before
{Heap before GC invocations=27 (full 3):
 PSYoungGen      total 381440K, used 338656K [0x00000000e0400000, 0x00000000fa600000, 0x0000000100000000)
  eden space 338432K, 100% used [0x00000000e0400000,0x00000000f4e80000,0x00000000f4e80000)
  from space 43008K, 0% used [0x00000000f4e80000,0x00000000f4eb8000,0x00000000f7880000)
  to   space 40960K, 0% used [0x00000000f7e00000,0x00000000f7e00000,0x00000000fa600000)
 ParOldGen       total 224768K, used 155114K [0x00000000a0c00000, 0x00000000ae780000, 0x00000000e0400000)
  object space 224768K, 69% used [0x00000000a0c00000,0x00000000aa37abc0,0x00000000ae780000)
 Metaspace       used 17821K, capacity 18029K, committed 18304K, reserved 1064960K
  class space    used 1722K, capacity 1793K, committed 1920K, reserved 1048576K
Event: 9.606 GC heap after
Heap after GC invocations=27 (full 3):
 PSYoungGen      total 380928K, used 160K [0x00000000e0400000, 0x00000000fa100000, 0x0000000100000000)
  eden space 345088K, 0% used [0x00000000e0400000,0x00000000e0400000,0x00000000f5500000)
  from space 35840K, 0% used [0x00000000f7e00000,0x00000000f7e28000,0x00000000fa100000)
  to   space 38912K, 0% used [0x00000000f5500000,0x00000000f5500000,0x00000000f7b00000)
 ParOldGen       total 224768K, used 155122K [0x00000000a0c00000, 0x00000000ae780000, 0x00000000e0400000)
  object space 224768K, 69% used [0x00000000a0c00000,0x00000000aa37cbc0,0x00000000ae780000)
 Metaspace       used 17821K, capacity 18029K, committed 18304K, reserved 1064960K
  class space    used 1722K, capacity 1793K, committed 1920K, reserved 1048576K
}
Event: 10.088 GC heap before
{Heap before GC invocations=28 (full 3):
 PSYoungGen      total 380928K, used 345248K [0x00000000e0400000, 0x00000000fa100000, 0x0000000100000000)
  eden space 345088K, 100% used [0x00000000e0400000,0x00000000f5500000,0x00000000f5500000)
  from space 35840K, 0% used [0x00000000f7e00000,0x00000000f7e28000,0x00000000fa100000)
  to   space 38912K, 0% used [0x00000000f5500000,0x00000000f5500000,0x00000000f7b00000)
 ParOldGen       total 224768K, used 155122K [0x00000000a0c00000, 0x00000000ae780000, 0x00000000e0400000)
  object space 224768K, 69% used [0x00000000a0c00000,0x00000000aa37cbc0,0x00000000ae780000)
 Metaspace       used 17822K, capacity 18029K, committed 18304K, reserved 1064960K
  class space    used 1722K, capacity 1793K, committed 1920K, reserved 1048576K
Event: 10.090 GC heap after
Heap after GC invocations=28 (full 3):
 PSYoungGen      total 384000K, used 192K [0x00000000e0400000, 0x00000000fa080000, 0x0000000100000000)
  eden space 345088K, 0% used [0x00000000e0400000,0x00000000e0400000,0x00000000f5500000)
  from space 38912K, 0% used [0x00000000f5500000,0x00000000f5530000,0x00000000f7b00000)
  to   space 36352K, 0% used [0x00000000f7d00000,0x00000000f7d00000,0x00000000fa080000)
 ParOldGen       total 224768K, used 155122K [0x00000000a0c00000, 0x00000000ae780000, 0x00000000e0400000)
  object space 224768K, 69% used [0x00000000a0c00000,0x00000000aa37cbc0,0x00000000ae780000)
 Metaspace       used 17822K, capacity 18029K, committed 18304K, reserved 1064960K
  class space    used 1722K, capacity 1793K, committed 1920K, reserved 1048576K
}
Event: 10.519 GC heap before
{Heap before GC invocations=29 (full 3):
 PSYoungGen      total 384000K, used 345280K [0x00000000e0400000, 0x00000000fa080000, 0x0000000100000000)
  eden space 345088K, 100% used [0x00000000e0400000,0x00000000f5500000,0x00000000f5500000)
  from space 38912K, 0% used [0x00000000f5500000,0x00000000f5530000,0x00000000f7b00000)
  to   space 36352K, 0% used [0x00000000f7d00000,0x00000000f7d00000,0x00000000fa080000)
 ParOldGen       total 224768K, used 155122K [0x00000000a0c00000, 0x00000000ae780000, 0x00000000e0400000)
  object space 224768K, 69% used [0x00000000a0c00000,0x00000000aa37cbc0,0x00000000ae780000)
 Metaspace       used 17842K, capacity 18093K, committed 18304K, reserved 1064960K
  class space    used 1722K, capacity 1793K, committed 1920K, reserved 1048576K
Event: 10.520 GC heap after
Heap after GC invocations=29 (full 3):
 PSYoungGen      total 380928K, used 224K [0x00000000e0400000, 0x00000000f9c00000, 0x0000000100000000)
  eden space 349184K, 0% used [0x00000000e0400000,0x00000000e0400000,0x00000000f5900000)
  from space 31744K, 0% used [0x00000000f7d00000,0x00000000f7d38000,0x00000000f9c00000)
  to   space 34304K, 0% used [0x00000000f5900000,0x00000000f5900000,0x00000000f7a80000)
 ParOldGen       total 224768K, used 155130K [0x00000000a0c00000, 0x00000000ae780000, 0x00000000e0400000)
  object space 224768K, 69% used [0x00000000a0c00000,0x00000000aa37ebc0,0x00000000ae780000)
 Metaspace       used 17842K, capacity 18093K, committed 18304K, reserved 1064960K
  class space    used 1722K, capacity 1793K, committed 1920K, reserved 1048576K
}

