# JRE version: Java(TM) SE Runtime Environment (8.0_25-b18) (build 1.8.0_25-b18)
# Java VM: Java HotSpot(TM) 64-Bit Server VM (25.25-b02 mixed mode windows-amd64 compressed oops)
Heap:
 PSYoungGen      total 486400K, used 369274K [0x00000000e0400000, 0x00000000fe700000, 0x0000000100000000)
  eden space 479744K, 76% used [0x00000000e0400000,0x00000000f6c76908,0x00000000fd880000)
  from space 6656K, 2% used [0x00000000fd880000,0x00000000fd8a8000,0x00000000fdf00000)
  to   space 6144K, 0% used [0x00000000fe100000,0x00000000fe100000,0x00000000fe700000)
 ParOldGen       total 210432K, used 164378K [0x00000000a0c00000, 0x00000000ad980000, 0x00000000e0400000)
  object space 210432K, 78% used [0x00000000a0c00000,0x00000000aac86a30,0x00000000ad980000)
 Metaspace       used 18457K, capacity 18665K, committed 18816K, reserved 1067008K
  class space    used 1762K, capacity 1793K, committed 1920K, reserved 1048576K
GC Heap History (10 events):
Event: 27.445 GC heap before
{Heap before GC invocations=60 (full 3):
 PSYoungGen      total 482816K, used 470569K [0x00000000e0400000, 0x00000000fe480000, 0x0000000100000000)
  eden space 474624K, 99% used [0x00000000e0400000,0x00000000fcf52410,0x00000000fd380000)
  from space 8192K, 2% used [0x00000000fdc80000,0x00000000fdcb8000,0x00000000fe480000)
  to   space 8704K, 0% used [0x00000000fd380000,0x00000000fd380000,0x00000000fdc00000)
 ParOldGen       total 210432K, used 164354K [0x00000000a0c00000, 0x00000000ad980000, 0x00000000e0400000)
  object space 210432K, 78% used [0x00000000a0c00000,0x00000000aac80a30,0x00000000ad980000)
 Metaspace       used 18456K, capacity 18665K, committed 18816K, reserved 1067008K
  class space    used 1762K, capacity 1793K, committed 1920K, reserved 1048576K
Event: 27.446 GC heap after
Heap after GC invocations=60 (full 3):
 PSYoungGen      total 483328K, used 224K [0x00000000e0400000, 0x00000000fe600000, 0x0000000100000000)
  eden space 474624K, 0% used [0x00000000e0400000,0x00000000e0400000,0x00000000fd380000)
  from space 8704K, 2% used [0x00000000fd380000,0x00000000fd3b8000,0x00000000fdc00000)
  to   space 8192K, 0% used [0x00000000fde00000,0x00000000fde00000,0x00000000fe600000)
 ParOldGen       total 210432K, used 164354K [0x00000000a0c00000, 0x00000000ad980000, 0x00000000e0400000)
  object space 210432K, 78% used [0x00000000a0c00000,0x00000000aac80a30,0x00000000ad980000)
 Metaspace       used 18456K, capacity 18665K, committed 18816K, reserved 1067008K
  class space    used 1762K, capacity 1793K, committed 1920K, reserved 1048576K
}
Event: 28.009 GC heap before
{Heap before GC invocations=61 (full 3):
 PSYoungGen      total 483328K, used 474848K [0x00000000e0400000, 0x00000000fe600000, 0x0000000100000000)
  eden space 474624K, 100% used [0x00000000e0400000,0x00000000fd380000,0x00000000fd380000)
  from space 8704K, 2% used [0x00000000fd380000,0x00000000fd3b8000,0x00000000fdc00000)
  to   space 8192K, 0% used [0x00000000fde00000,0x00000000fde00000,0x00000000fe600000)
 ParOldGen       total 210432K, used 164354K [0x00000000a0c00000, 0x00000000ad980000, 0x00000000e0400000)
  object space 210432K, 78% used [0x00000000a0c00000,0x00000000aac80a30,0x00000000ad980000)
 Metaspace       used 18456K, capacity 18665K, committed 18816K, reserved 1067008K
  class space    used 1762K, capacity 1793K, committed 1920K, reserved 1048576K
Event: 28.010 GC heap after
Heap after GC invocations=61 (full 3):
 PSYoungGen      total 484352K, used 256K [0x00000000e0400000, 0x00000000fe500000, 0x0000000100000000)
  eden space 477184K, 0% used [0x00000000e0400000,0x00000000e0400000,0x00000000fd600000)
  from space 7168K, 3% used [0x00000000fde00000,0x00000000fde40000,0x00000000fe500000)
  to   space 7680K, 0% used [0x00000000fd600000,0x00000000fd600000,0x00000000fdd80000)
 ParOldGen       total 210432K, used 164354K [0x00000000a0c00000, 0x00000000ad980000, 0x00000000e0400000)
  object space 210432K, 78% used [0x00000000a0c00000,0x00000000aac80a30,0x00000000ad980000)
 Metaspace       used 18456K, capacity 18665K, committed 18816K, reserved 1067008K
  class space    used 1762K, capacity 1793K, committed 1920K, reserved 1048576K
}
Event: 28.574 GC heap before
{Heap before GC invocations=62 (full 3):
 PSYoungGen      total 484352K, used 476329K [0x00000000e0400000, 0x00000000fe500000, 0x0000000100000000)
  eden space 477184K, 99% used [0x00000000e0400000,0x00000000fd4ea668,0x00000000fd600000)
  from space 7168K, 3% used [0x00000000fde00000,0x00000000fde40000,0x00000000fe500000)
  to   space 7680K, 0% used [0x00000000fd600000,0x00000000fd600000,0x00000000fdd80000)
 ParOldGen       total 210432K, used 164354K [0x00000000a0c00000, 0x00000000ad980000, 0x00000000e0400000)
  object space 210432K, 78% used [0x00000000a0c00000,0x00000000aac80a30,0x00000000ad980000)
 Metaspace       used 18456K, capacity 18665K, committed 18816K, reserved 1067008K
  class space    used 1762K, capacity 1793K, committed 1920K, reserved 1048576K
Event: 28.576 GC heap after
Heap after GC invocations=62 (full 3):
 PSYoungGen      total 484864K, used 192K [0x00000000e0400000, 0x00000000fe680000, 0x0000000100000000)
  eden space 477184K, 0% used [0x00000000e0400000,0x00000000e0400000,0x00000000fd600000)
  from space 7680K, 2% used [0x00000000fd600000,0x00000000fd630000,0x00000000fdd80000)
  to   space 7168K, 0% used [0x00000000fdf80000,0x00000000fdf80000,0x00000000fe680000)
 ParOldGen       total 210432K, used 164362K [0x00000000a0c00000, 0x00000000ad980000, 0x00000000e0400000)
  object space 210432K, 78% used [0x00000000a0c00000,0x00000000aac82a30,0x00000000ad980000)
 Metaspace       used 18456K, capacity 18665K, committed 18816K, reserved 1067008K
  class space    used 1762K, capacity 1793K, committed 1920K, reserved 1048576K
}
Event: 29.123 GC heap before
{Heap before GC invocations=63 (full 3):
 PSYoungGen      total 484864K, used 477376K [0x00000000e0400000, 0x00000000fe680000, 0x0000000100000000)
  eden space 477184K, 100% used [0x00000000e0400000,0x00000000fd600000,0x00000000fd600000)
  from space 7680K, 2% used [0x00000000fd600000,0x00000000fd630000,0x00000000fdd80000)
  to   space 7168K, 0% used [0x00000000fdf80000,0x00000000fdf80000,0x00000000fe680000)
 ParOldGen       total 210432K, used 164362K [0x00000000a0c00000, 0x00000000ad980000, 0x00000000e0400000)
  object space 210432K, 78% used [0x00000000a0c00000,0x00000000aac82a30,0x00000000ad980000)
 Metaspace       used 18456K, capacity 18665K, committed 18816K, reserved 1067008K
  class space    used 1762K, capacity 1793K, committed 1920K, reserved 1048576K
Event: 29.124 GC heap after
Heap after GC invocations=63 (full 3):
 PSYoungGen      total 485888K, used 192K [0x00000000e0400000, 0x00000000fe580000, 0x0000000100000000)
  eden space 479744K, 0% used [0x00000000e0400000,0x00000000e0400000,0x00000000fd880000)
  from space 6144K, 3% used [0x00000000fdf80000,0x00000000fdfb0000,0x00000000fe580000)
  to   space 6656K, 0% used [0x00000000fd880000,0x00000000fd880000,0x00000000fdf00000)
 ParOldGen       total 210432K, used 164378K [0x00000000a0c00000, 0x00000000ad980000, 0x00000000e0400000)
  object space 210432K, 78% used [0x00000000a0c00000,0x00000000aac86a30,0x00000000ad980000)
 Metaspace       used 18456K, capacity 18665K, committed 18816K, reserved 1067008K
  class space    used 1762K, capacity 1793K, committed 1920K, reserved 1048576K
}
Event: 29.693 GC heap before
{Heap before GC invocations=64 (full 3):
 PSYoungGen      total 485888K, used 479936K [0x00000000e0400000, 0x00000000fe580000, 0x0000000100000000)
  eden space 479744K, 100% used [0x00000000e0400000,0x00000000fd880000,0x00000000fd880000)
  from space 6144K, 3% used [0x00000000fdf80000,0x00000000fdfb0000,0x00000000fe580000)
  to   space 6656K, 0% used [0x00000000fd880000,0x00000000fd880000,0x00000000fdf00000)
 ParOldGen       total 210432K, used 164378K [0x00000000a0c00000, 0x00000000ad980000, 0x00000000e0400000)
  object space 210432K, 78% used [0x00000000a0c00000,0x00000000aac86a30,0x00000000ad980000)
 Metaspace       used 18456K, capacity 18665K, committed 18816K, reserved 1067008K
  class space    used 1762K, capacity 1793K, committed 1920K, reserved 1048576K
Event: 29.695 GC heap after
Heap after GC invocations=64 (full 3):
 PSYoungGen      total 486400K, used 160K [0x00000000e0400000, 0x00000000fe700000, 0x0000000100000000)
  eden space 479744K, 0% used [0x00000000e0400000,0x00000000e0400000,0x00000000fd880000)
  from space 6656K, 2% used [0x00000000fd880000,0x00000000fd8a8000,0x00000000fdf00000)
  to   space 6144K, 0% used [0x00000000fe100000,0x00000000fe100000,0x00000000fe700000)
 ParOldGen       total 210432K, used 164378K [0x00000000a0c00000, 0x00000000ad980000, 0x00000000e0400000)
  object space 210432K, 78% used [0x00000000a0c00000,0x00000000aac86a30,0x00000000ad980000)
 Metaspace       used 18456K, capacity 18665K, committed 18816K, reserved 1067008K
  class space    used 1762K, capacity 1793K, committed 1920K, reserved 1048576K
}

