# JRE version: Java(TM) SE Runtime Environment (8.0_25-b18) (build 1.8.0_25-b18)
# Java VM: Java HotSpot(TM) 64-Bit Server VM (25.25-b02 mixed mode windows-amd64 compressed oops)
Heap:
 PSYoungGen      total 354304K, used 88027K [0x00000000e0400000, 0x00000000f9f00000, 0x0000000100000000)
  eden space 308224K, 25% used [0x00000000e0400000,0x00000000e51d5db8,0x00000000f3100000)
  from space 46080K, 18% used [0x00000000f7200000,0x00000000f7a21010,0x00000000f9f00000)
  to   space 56320K, 0% used [0x00000000f3100000,0x00000000f3100000,0x00000000f6800000)
 ParOldGen       total 228864K, used 145912K [0x00000000a0c00000, 0x00000000aeb80000, 0x00000000e0400000)
  object space 228864K, 63% used [0x00000000a0c00000,0x00000000a9a7e370,0x00000000aeb80000)
 Metaspace       used 17768K, capacity 17993K, committed 18176K, reserved 1064960K
  class space    used 1722K, capacity 1761K, committed 1792K, reserved 1048576K
GC Heap History (10 events):
Event: 3.657 GC heap before
{Heap before GC invocations=13 (full 3):
 PSYoungGen      total 273408K, used 14940K [0x00000000e0400000, 0x00000000f4f80000, 0x0000000100000000)
  eden space 219648K, 0% used [0x00000000e0400000,0x00000000e0400000,0x00000000eda80000)
  from space 53760K, 27% used [0x00000000f1b00000,0x00000000f29970d0,0x00000000f4f80000)
  to   space 59904K, 0% used [0x00000000eda80000,0x00000000eda80000,0x00000000f1500000)
 ParOldGen       total 166912K, used 132215K [0x00000000a0c00000, 0x00000000aaf00000, 0x00000000e0400000)
  object space 166912K, 79% used [0x00000000a0c00000,0x00000000a8d1dc58,0x00000000aaf00000)
 Metaspace       used 17355K, capacity 17537K, committed 17664K, reserved 1064960K
  class space    used 1710K, capacity 1761K, committed 1792K, reserved 1048576K
Event: 3.891 GC heap after
Heap after GC invocations=13 (full 3):
 PSYoungGen      total 273408K, used 0K [0x00000000e0400000, 0x00000000f4f80000, 0x0000000100000000)
  eden space 219648K, 0% used [0x00000000e0400000,0x00000000e0400000,0x00000000eda80000)
  from space 53760K, 0% used [0x00000000f1b00000,0x00000000f1b00000,0x00000000f4f80000)
  to   space 59904K, 0% used [0x00000000eda80000,0x00000000eda80000,0x00000000f1500000)
 ParOldGen       total 228864K, used 145880K [0x00000000a0c00000, 0x00000000aeb80000, 0x00000000e0400000)
  object space 228864K, 63% used [0x00000000a0c00000,0x00000000a9a76370,0x00000000aeb80000)
 Metaspace       used 17355K, capacity 17537K, committed 17664K, reserved 1064960K
  class space    used 1710K, capacity 1761K, committed 1792K, reserved 1048576K
}
Event: 4.671 GC heap before
{Heap before GC invocations=14 (full 3):
 PSYoungGen      total 273408K, used 218031K [0x00000000e0400000, 0x00000000f4f80000, 0x0000000100000000)
  eden space 219648K, 99% used [0x00000000e0400000,0x00000000ed8ebf90,0x00000000eda80000)
  from space 53760K, 0% used [0x00000000f1b00000,0x00000000f1b00000,0x00000000f4f80000)
  to   space 59904K, 0% used [0x00000000eda80000,0x00000000eda80000,0x00000000f1500000)
 ParOldGen       total 228864K, used 145880K [0x00000000a0c00000, 0x00000000aeb80000, 0x00000000e0400000)
  object space 228864K, 63% used [0x00000000a0c00000,0x00000000a9a76370,0x00000000aeb80000)
 Metaspace       used 17479K, capacity 17729K, committed 17920K, reserved 1064960K
  class space    used 1710K, capacity 1761K, committed 1792K, reserved 1048576K
Event: 4.675 GC heap after
Heap after GC invocations=14 (full 3):
 PSYoungGen      total 279552K, used 8260K [0x00000000e0400000, 0x00000000f8600000, 0x0000000100000000)
  eden space 219648K, 0% used [0x00000000e0400000,0x00000000e0400000,0x00000000eda80000)
  from space 59904K, 13% used [0x00000000eda80000,0x00000000ee291010,0x00000000f1500000)
  to   space 59392K, 0% used [0x00000000f4c00000,0x00000000f4c00000,0x00000000f8600000)
 ParOldGen       total 228864K, used 145888K [0x00000000a0c00000, 0x00000000aeb80000, 0x00000000e0400000)
  object space 228864K, 63% used [0x00000000a0c00000,0x00000000a9a78370,0x00000000aeb80000)
 Metaspace       used 17479K, capacity 17729K, committed 17920K, reserved 1064960K
  class space    used 1710K, capacity 1761K, committed 1792K, reserved 1048576K
}
Event: 5.541 GC heap before
{Heap before GC invocations=15 (full 3):
 PSYoungGen      total 279552K, used 225178K [0x00000000e0400000, 0x00000000f8600000, 0x0000000100000000)
  eden space 219648K, 98% used [0x00000000e0400000,0x00000000ed7d5830,0x00000000eda80000)
  from space 59904K, 13% used [0x00000000eda80000,0x00000000ee291010,0x00000000f1500000)
  to   space 59392K, 0% used [0x00000000f4c00000,0x00000000f4c00000,0x00000000f8600000)
 ParOldGen       total 228864K, used 145888K [0x00000000a0c00000, 0x00000000aeb80000, 0x00000000e0400000)
  object space 228864K, 63% used [0x00000000a0c00000,0x00000000a9a78370,0x00000000aeb80000)
 Metaspace       used 17554K, capacity 17729K, committed 17920K, reserved 1064960K
  class space    used 1722K, capacity 1761K, committed 1792K, reserved 1048576K
Event: 5.546 GC heap after
Heap after GC invocations=15 (full 3):
 PSYoungGen      total 317440K, used 8292K [0x00000000e0400000, 0x00000000f7c80000, 0x0000000100000000)
  eden space 267776K, 0% used [0x00000000e0400000,0x00000000e0400000,0x00000000f0980000)
  from space 49664K, 16% used [0x00000000f4c00000,0x00000000f5419010,0x00000000f7c80000)
  to   space 58880K, 0% used [0x00000000f0980000,0x00000000f0980000,0x00000000f4300000)
 ParOldGen       total 228864K, used 145896K [0x00000000a0c00000, 0x00000000aeb80000, 0x00000000e0400000)
  object space 228864K, 63% used [0x00000000a0c00000,0x00000000a9a7a370,0x00000000aeb80000)
 Metaspace       used 17554K, capacity 17729K, committed 17920K, reserved 1064960K
  class space    used 1722K, capacity 1761K, committed 1792K, reserved 1048576K
}
Event: 6.604 GC heap before
{Heap before GC invocations=16 (full 3):
 PSYoungGen      total 317440K, used 274322K [0x00000000e0400000, 0x00000000f7c80000, 0x0000000100000000)
  eden space 267776K, 99% used [0x00000000e0400000,0x00000000f07cb9c8,0x00000000f0980000)
  from space 49664K, 16% used [0x00000000f4c00000,0x00000000f5419010,0x00000000f7c80000)
  to   space 58880K, 0% used [0x00000000f0980000,0x00000000f0980000,0x00000000f4300000)
 ParOldGen       total 228864K, used 145896K [0x00000000a0c00000, 0x00000000aeb80000, 0x00000000e0400000)
  object space 228864K, 63% used [0x00000000a0c00000,0x00000000a9a7a370,0x00000000aeb80000)
 Metaspace       used 17611K, capacity 17857K, committed 17920K, reserved 1064960K
  class space    used 1722K, capacity 1761K, committed 1792K, reserved 1048576K
Event: 6.609 GC heap after
Heap after GC invocations=16 (full 3):
 PSYoungGen      total 326656K, used 8324K [0x00000000e0400000, 0x00000000faa80000, 0x0000000100000000)
  eden space 267776K, 0% used [0x00000000e0400000,0x00000000e0400000,0x00000000f0980000)
  from space 58880K, 14% used [0x00000000f0980000,0x00000000f11a1010,0x00000000f4300000)
  to   space 57856K, 0% used [0x00000000f7200000,0x00000000f7200000,0x00000000faa80000)
 ParOldGen       total 228864K, used 145904K [0x00000000a0c00000, 0x00000000aeb80000, 0x00000000e0400000)
  object space 228864K, 63% used [0x00000000a0c00000,0x00000000a9a7c370,0x00000000aeb80000)
 Metaspace       used 17611K, capacity 17857K, committed 17920K, reserved 1064960K
  class space    used 1722K, capacity 1761K, committed 1792K, reserved 1048576K
}
Event: 7.672 GC heap before
{Heap before GC invocations=17 (full 3):
 PSYoungGen      total 326656K, used 273795K [0x00000000e0400000, 0x00000000faa80000, 0x0000000100000000)
  eden space 267776K, 99% used [0x00000000e0400000,0x00000000f073fbf8,0x00000000f0980000)
  from space 58880K, 14% used [0x00000000f0980000,0x00000000f11a1010,0x00000000f4300000)
  to   space 57856K, 0% used [0x00000000f7200000,0x00000000f7200000,0x00000000faa80000)
 ParOldGen       total 228864K, used 145904K [0x00000000a0c00000, 0x00000000aeb80000, 0x00000000e0400000)
  object space 228864K, 63% used [0x00000000a0c00000,0x00000000a9a7c370,0x00000000aeb80000)
 Metaspace       used 17651K, capacity 17865K, committed 17920K, reserved 1064960K
  class space    used 1722K, capacity 1761K, committed 1792K, reserved 1048576K
Event: 7.677 GC heap after
Heap after GC invocations=17 (full 3):
 PSYoungGen      total 354304K, used 8324K [0x00000000e0400000, 0x00000000f9f00000, 0x0000000100000000)
  eden space 308224K, 0% used [0x00000000e0400000,0x00000000e0400000,0x00000000f3100000)
  from space 46080K, 18% used [0x00000000f7200000,0x00000000f7a21010,0x00000000f9f00000)
  to   space 56320K, 0% used [0x00000000f3100000,0x00000000f3100000,0x00000000f6800000)
 ParOldGen       total 228864K, used 145912K [0x00000000a0c00000, 0x00000000aeb80000, 0x00000000e0400000)
  object space 228864K, 63% used [0x00000000a0c00000,0x00000000a9a7e370,0x00000000aeb80000)
 Metaspace       used 17651K, capacity 17865K, committed 17920K, reserved 1064960K
  class space    used 1722K, capacity 1761K, committed 1792K, reserved 1048576K
}

