# JRE version: Java(TM) SE Runtime Environment (8.0_31-b13) (build 1.8.0_31-b13)
# Java VM: Java HotSpot(TM) 64-Bit Server VM (25.31-b07 mixed mode windows-amd64 compressed oops)
Heap:
 PSYoungGen      total 510976K, used 392521K [0x000000076b300000, 0x000000078b480000, 0x00000007c0000000)
  eden space 499200K, 78% used [0x000000076b300000,0x000000078322a4f0,0x0000000789a80000)
  from space 11776K, 1% used [0x000000078a900000,0x000000078a928000,0x000000078b480000)
  to   space 13312K, 0% used [0x0000000789a80000,0x0000000789a80000,0x000000078a780000)
 ParOldGen       total 303104K, used 153364K [0x00000006c1800000, 0x00000006d4000000, 0x000000076b300000)
  object space 303104K, 50% used [0x00000006c1800000,0x00000006cadc53d8,0x00000006d4000000)
 Metaspace       used 18006K, capacity 18195K, committed 18432K, reserved 1067008K
  class space    used 1716K, capacity 1762K, committed 1792K, reserved 1048576K
GC Heap History (10 events):
Event: 36.044 GC heap before
{Heap before GC invocations=49 (full 1):
 PSYoungGen      total 505856K, used 492636K [0x000000076b300000, 0x000000078ae00000, 0x00000007c0000000)
  eden space 492544K, 99% used [0x000000076b300000,0x00000007893ff158,0x0000000789400000)
  from space 13312K, 0% used [0x0000000789400000,0x0000000789418000,0x000000078a100000)
  to   space 12288K, 0% used [0x000000078a200000,0x000000078a200000,0x000000078ae00000)
 ParOldGen       total 303104K, used 153340K [0x00000006c1800000, 0x00000006d4000000, 0x000000076b300000)
  object space 303104K, 50% used [0x00000006c1800000,0x00000006cadbf3d8,0x00000006d4000000)
 Metaspace       used 17971K, capacity 18195K, committed 18432K, reserved 1067008K
  class space    used 1705K, capacity 1762K, committed 1792K, reserved 1048576K
Event: 36.051 GC heap after
Heap after GC invocations=49 (full 1):
 PSYoungGen      total 504832K, used 9044K [0x000000076b300000, 0x000000078b380000, 0x00000007c0000000)
  eden space 492544K, 0% used [0x000000076b300000,0x000000076b300000,0x0000000789400000)
  from space 12288K, 73% used [0x000000078a200000,0x000000078aad5020,0x000000078ae00000)
  to   space 14336K, 0% used [0x0000000789400000,0x0000000789400000,0x000000078a200000)
 ParOldGen       total 303104K, used 153340K [0x00000006c1800000, 0x00000006d4000000, 0x000000076b300000)
  object space 303104K, 50% used [0x00000006c1800000,0x00000006cadbf3d8,0x00000006d4000000)
 Metaspace       used 17971K, capacity 18195K, committed 18432K, reserved 1067008K
  class space    used 1705K, capacity 1762K, committed 1792K, reserved 1048576K
}
Event: 36.839 GC heap before
{Heap before GC invocations=50 (full 1):
 PSYoungGen      total 504832K, used 501588K [0x000000076b300000, 0x000000078b380000, 0x00000007c0000000)
  eden space 492544K, 100% used [0x000000076b300000,0x0000000789400000,0x0000000789400000)
  from space 12288K, 73% used [0x000000078a200000,0x000000078aad5020,0x000000078ae00000)
  to   space 14336K, 0% used [0x0000000789400000,0x0000000789400000,0x000000078a200000)
 ParOldGen       total 303104K, used 153340K [0x00000006c1800000, 0x00000006d4000000, 0x000000076b300000)
  object space 303104K, 50% used [0x00000006c1800000,0x00000006cadbf3d8,0x00000006d4000000)
 Metaspace       used 17971K, capacity 18195K, committed 18432K, reserved 1067008K
  class space    used 1705K, capacity 1762K, committed 1792K, reserved 1048576K
Event: 36.841 GC heap after
Heap after GC invocations=50 (full 1):
 PSYoungGen      total 506880K, used 128K [0x000000076b300000, 0x000000078b100000, 0x00000007c0000000)
  eden space 492544K, 0% used [0x000000076b300000,0x000000076b300000,0x0000000789400000)
  from space 14336K, 0% used [0x0000000789400000,0x0000000789420000,0x000000078a200000)
  to   space 13312K, 0% used [0x000000078a400000,0x000000078a400000,0x000000078b100000)
 ParOldGen       total 303104K, used 153348K [0x00000006c1800000, 0x00000006d4000000, 0x000000076b300000)
  object space 303104K, 50% used [0x00000006c1800000,0x00000006cadc13d8,0x00000006d4000000)
 Metaspace       used 17971K, capacity 18195K, committed 18432K, reserved 1067008K
  class space    used 1705K, capacity 1762K, committed 1792K, reserved 1048576K
}
Event: 37.631 GC heap before
{Heap before GC invocations=51 (full 1):
 PSYoungGen      total 506880K, used 492672K [0x000000076b300000, 0x000000078b100000, 0x00000007c0000000)
  eden space 492544K, 100% used [0x000000076b300000,0x0000000789400000,0x0000000789400000)
  from space 14336K, 0% used [0x0000000789400000,0x0000000789420000,0x000000078a200000)
  to   space 13312K, 0% used [0x000000078a400000,0x000000078a400000,0x000000078b100000)
 ParOldGen       total 303104K, used 153348K [0x00000006c1800000, 0x00000006d4000000, 0x000000076b300000)
  object space 303104K, 50% used [0x00000006c1800000,0x00000006cadc13d8,0x00000006d4000000)
 Metaspace       used 17971K, capacity 18195K, committed 18432K, reserved 1067008K
  class space    used 1705K, capacity 1762K, committed 1792K, reserved 1048576K
Event: 37.632 GC heap after
Heap after GC invocations=51 (full 1):
 PSYoungGen      total 507904K, used 96K [0x000000076b300000, 0x000000078b000000, 0x00000007c0000000)
  eden space 495616K, 0% used [0x000000076b300000,0x000000076b300000,0x0000000789700000)
  from space 12288K, 0% used [0x000000078a400000,0x000000078a418000,0x000000078b000000)
  to   space 12800K, 0% used [0x0000000789700000,0x0000000789700000,0x000000078a380000)
 ParOldGen       total 303104K, used 153348K [0x00000006c1800000, 0x00000006d4000000, 0x000000076b300000)
  object space 303104K, 50% used [0x00000006c1800000,0x00000006cadc13d8,0x00000006d4000000)
 Metaspace       used 17971K, capacity 18195K, committed 18432K, reserved 1067008K
  class space    used 1705K, capacity 1762K, committed 1792K, reserved 1048576K
}
Event: 38.411 GC heap before
{Heap before GC invocations=52 (full 1):
 PSYoungGen      total 507904K, used 495262K [0x000000076b300000, 0x000000078b000000, 0x00000007c0000000)
  eden space 495616K, 99% used [0x000000076b300000,0x000000078968fbc8,0x0000000789700000)
  from space 12288K, 0% used [0x000000078a400000,0x000000078a418000,0x000000078b000000)
  to   space 12800K, 0% used [0x0000000789700000,0x0000000789700000,0x000000078a380000)
 ParOldGen       total 303104K, used 153348K [0x00000006c1800000, 0x00000006d4000000, 0x000000076b300000)
  object space 303104K, 50% used [0x00000006c1800000,0x00000006cadc13d8,0x00000006d4000000)
 Metaspace       used 17971K, capacity 18195K, committed 18432K, reserved 1067008K
  class space    used 1705K, capacity 1762K, committed 1792K, reserved 1048576K
Event: 38.417 GC heap after
Heap after GC invocations=52 (full 1):
 PSYoungGen      total 508416K, used 9012K [0x000000076b300000, 0x000000078b700000, 0x00000007c0000000)
  eden space 495616K, 0% used [0x000000076b300000,0x000000076b300000,0x0000000789700000)
  from space 12800K, 70% used [0x0000000789700000,0x0000000789fcd020,0x000000078a380000)
  to   space 14336K, 0% used [0x000000078a900000,0x000000078a900000,0x000000078b700000)
 ParOldGen       total 303104K, used 153356K [0x00000006c1800000, 0x00000006d4000000, 0x000000076b300000)
  object space 303104K, 50% used [0x00000006c1800000,0x00000006cadc33d8,0x00000006d4000000)
 Metaspace       used 17971K, capacity 18195K, committed 18432K, reserved 1067008K
  class space    used 1705K, capacity 1762K, committed 1792K, reserved 1048576K
}
Event: 39.205 GC heap before
{Heap before GC invocations=53 (full 1):
 PSYoungGen      total 508416K, used 504628K [0x000000076b300000, 0x000000078b700000, 0x00000007c0000000)
  eden space 495616K, 100% used [0x000000076b300000,0x0000000789700000,0x0000000789700000)
  from space 12800K, 70% used [0x0000000789700000,0x0000000789fcd020,0x000000078a380000)
  to   space 14336K, 0% used [0x000000078a900000,0x000000078a900000,0x000000078b700000)
 ParOldGen       total 303104K, used 153356K [0x00000006c1800000, 0x00000006d4000000, 0x000000076b300000)
  object space 303104K, 50% used [0x00000006c1800000,0x00000006cadc33d8,0x00000006d4000000)
 Metaspace       used 17971K, capacity 18195K, committed 18432K, reserved 1067008K
  class space    used 1705K, capacity 1762K, committed 1792K, reserved 1048576K
Event: 39.207 GC heap after
Heap after GC invocations=53 (full 1):
 PSYoungGen      total 510976K, used 160K [0x000000076b300000, 0x000000078b480000, 0x00000007c0000000)
  eden space 499200K, 0% used [0x000000076b300000,0x000000076b300000,0x0000000789a80000)
  from space 11776K, 1% used [0x000000078a900000,0x000000078a928000,0x000000078b480000)
  to   space 13312K, 0% used [0x0000000789a80000,0x0000000789a80000,0x000000078a780000)
 ParOldGen       total 303104K, used 153364K [0x00000006c1800000, 0x00000006d4000000, 0x000000076b300000)
  object space 303104K, 50% used [0x00000006c1800000,0x00000006cadc53d8,0x00000006d4000000)
 Metaspace       used 17971K, capacity 18195K, committed 18432K, reserved 1067008K
  class space    used 1705K, capacity 1762K, committed 1792K, reserved 1048576K
}

