# JRE version: Java(TM) SE Runtime Environment (8.0_31-b13) (build 1.8.0_31-b13)
# Java VM: Java HotSpot(TM) 64-Bit Server VM (25.31-b07 mixed mode windows-amd64 compressed oops)
Heap:
 PSYoungGen      total 972288K, used 310270K [0x000000076b300000, 0x00000007abe80000, 0x00000007c0000000)
  eden space 937472K, 33% used [0x000000076b300000,0x000000077e1d7b08,0x00000007a4680000)
  from space 34816K, 0% used [0x00000007a9c80000,0x00000007a9ca8000,0x00000007abe80000)
  to   space 61440K, 0% used [0x00000007a4680000,0x00000007a4680000,0x00000007a8280000)
 ParOldGen       total 291328K, used 165209K [0x00000006c1800000, 0x00000006d3480000, 0x000000076b300000)
  object space 291328K, 56% used [0x00000006c1800000,0x00000006cb956428,0x00000006d3480000)
 Metaspace       used 17989K, capacity 18195K, committed 18432K, reserved 1067008K
  class space    used 1717K, capacity 1762K, committed 1792K, reserved 1048576K
GC Heap History (10 events):
Event: 13.245 GC heap before
{Heap before GC invocations=13 (full 1):
 PSYoungGen      total 584192K, used 510814K [0x000000076b300000, 0x000000079d900000, 0x00000007c0000000)
  eden space 515072K, 99% used [0x000000076b300000,0x000000078a5bfab0,0x000000078aa00000)
  from space 69120K, 0% used [0x000000078aa00000,0x000000078aa18000,0x000000078ed80000)
  to   space 69120K, 0% used [0x0000000799580000,0x0000000799580000,0x000000079d900000)
 ParOldGen       total 291328K, used 165177K [0x00000006c1800000, 0x00000006d3480000, 0x000000076b300000)
  object space 291328K, 56% used [0x00000006c1800000,0x00000006cb94e428,0x00000006d3480000)
 Metaspace       used 17866K, capacity 18131K, committed 18176K, reserved 1064960K
  class space    used 1705K, capacity 1762K, committed 1792K, reserved 1048576K
Event: 13.246 GC heap after
Heap after GC invocations=13 (full 1):
 PSYoungGen      total 714240K, used 96K [0x000000076b300000, 0x000000079c400000, 0x00000007c0000000)
  eden space 666624K, 0% used [0x000000076b300000,0x000000076b300000,0x0000000793e00000)
  from space 47616K, 0% used [0x0000000799580000,0x0000000799598000,0x000000079c400000)
  to   space 68608K, 0% used [0x0000000793e00000,0x0000000793e00000,0x0000000798100000)
 ParOldGen       total 291328K, used 165201K [0x00000006c1800000, 0x00000006d3480000, 0x000000076b300000)
  object space 291328K, 56% used [0x00000006c1800000,0x00000006cb954428,0x00000006d3480000)
 Metaspace       used 17866K, capacity 18131K, committed 18176K, reserved 1064960K
  class space    used 1705K, capacity 1762K, committed 1792K, reserved 1048576K
}
Event: 14.309 GC heap before
{Heap before GC invocations=14 (full 1):
 PSYoungGen      total 714240K, used 659597K [0x000000076b300000, 0x000000079c400000, 0x00000007c0000000)
  eden space 666624K, 98% used [0x000000076b300000,0x000000079370b5a8,0x0000000793e00000)
  from space 47616K, 0% used [0x0000000799580000,0x0000000799598000,0x000000079c400000)
  to   space 68608K, 0% used [0x0000000793e00000,0x0000000793e00000,0x0000000798100000)
 ParOldGen       total 291328K, used 165201K [0x00000006c1800000, 0x00000006d3480000, 0x000000076b300000)
  object space 291328K, 56% used [0x00000006c1800000,0x00000006cb954428,0x00000006d3480000)
 Metaspace       used 17875K, capacity 18131K, committed 18176K, reserved 1064960K
  class space    used 1705K, capacity 1762K, committed 1792K, reserved 1048576K
Event: 14.311 GC heap after
Heap after GC invocations=14 (full 1):
 PSYoungGen      total 735232K, used 128K [0x000000076b300000, 0x00000007a6700000, 0x00000007c0000000)
  eden space 666624K, 0% used [0x000000076b300000,0x000000076b300000,0x0000000793e00000)
  from space 68608K, 0% used [0x0000000793e00000,0x0000000793e20000,0x0000000798100000)
  to   space 67072K, 0% used [0x00000007a2580000,0x00000007a2580000,0x00000007a6700000)
 ParOldGen       total 291328K, used 165201K [0x00000006c1800000, 0x00000006d3480000, 0x000000076b300000)
  object space 291328K, 56% used [0x00000006c1800000,0x00000006cb954428,0x00000006d3480000)
 Metaspace       used 17875K, capacity 18131K, committed 18176K, reserved 1064960K
  class space    used 1705K, capacity 1762K, committed 1792K, reserved 1048576K
}
Event: 15.375 GC heap before
{Heap before GC invocations=15 (full 1):
 PSYoungGen      total 735232K, used 666752K [0x000000076b300000, 0x00000007a6700000, 0x00000007c0000000)
  eden space 666624K, 100% used [0x000000076b300000,0x0000000793e00000,0x0000000793e00000)
  from space 68608K, 0% used [0x0000000793e00000,0x0000000793e20000,0x0000000798100000)
  to   space 67072K, 0% used [0x00000007a2580000,0x00000007a2580000,0x00000007a6700000)
 ParOldGen       total 291328K, used 165201K [0x00000006c1800000, 0x00000006d3480000, 0x000000076b300000)
  object space 291328K, 56% used [0x00000006c1800000,0x00000006cb954428,0x00000006d3480000)
 Metaspace       used 17878K, capacity 18131K, committed 18176K, reserved 1064960K
  class space    used 1705K, capacity 1762K, committed 1792K, reserved 1048576K
Event: 15.377 GC heap after
Heap after GC invocations=15 (full 1):
 PSYoungGen      total 851456K, used 96K [0x000000076b300000, 0x00000007a4c00000, 0x00000007c0000000)
  eden space 812032K, 0% used [0x000000076b300000,0x000000076b300000,0x000000079cc00000)
  from space 39424K, 0% used [0x00000007a2580000,0x00000007a2598000,0x00000007a4c00000)
  to   space 65536K, 0% used [0x000000079cc00000,0x000000079cc00000,0x00000007a0c00000)
 ParOldGen       total 291328K, used 165201K [0x00000006c1800000, 0x00000006d3480000, 0x000000076b300000)
  object space 291328K, 56% used [0x00000006c1800000,0x00000006cb954428,0x00000006d3480000)
 Metaspace       used 17878K, capacity 18131K, committed 18176K, reserved 1064960K
  class space    used 1705K, capacity 1762K, committed 1792K, reserved 1048576K
}
Event: 16.656 GC heap before
{Heap before GC invocations=16 (full 1):
 PSYoungGen      total 851456K, used 812128K [0x000000076b300000, 0x00000007a4c00000, 0x00000007c0000000)
  eden space 812032K, 100% used [0x000000076b300000,0x000000079cc00000,0x000000079cc00000)
  from space 39424K, 0% used [0x00000007a2580000,0x00000007a2598000,0x00000007a4c00000)
  to   space 65536K, 0% used [0x000000079cc00000,0x000000079cc00000,0x00000007a0c00000)
 ParOldGen       total 291328K, used 165201K [0x00000006c1800000, 0x00000006d3480000, 0x000000076b300000)
  object space 291328K, 56% used [0x00000006c1800000,0x00000006cb954428,0x00000006d3480000)
 Metaspace       used 17935K, capacity 18195K, committed 18432K, reserved 1067008K
  class space    used 1705K, capacity 1762K, committed 1792K, reserved 1048576K
Event: 16.658 GC heap after
Heap after GC invocations=16 (full 1):
 PSYoungGen      total 877568K, used 96K [0x000000076b300000, 0x00000007ada80000, 0x00000007c0000000)
  eden space 812032K, 0% used [0x000000076b300000,0x000000076b300000,0x000000079cc00000)
  from space 65536K, 0% used [0x000000079cc00000,0x000000079cc18000,0x00000007a0c00000)
  to   space 63488K, 0% used [0x00000007a9c80000,0x00000007a9c80000,0x00000007ada80000)
 ParOldGen       total 291328K, used 165209K [0x00000006c1800000, 0x00000006d3480000, 0x000000076b300000)
  object space 291328K, 56% used [0x00000006c1800000,0x00000006cb956428,0x00000006d3480000)
 Metaspace       used 17935K, capacity 18195K, committed 18432K, reserved 1067008K
  class space    used 1705K, capacity 1762K, committed 1792K, reserved 1048576K
}
Event: 17.944 GC heap before
{Heap before GC invocations=17 (full 1):
 PSYoungGen      total 877568K, used 812128K [0x000000076b300000, 0x00000007ada80000, 0x00000007c0000000)
  eden space 812032K, 100% used [0x000000076b300000,0x000000079cc00000,0x000000079cc00000)
  from space 65536K, 0% used [0x000000079cc00000,0x000000079cc18000,0x00000007a0c00000)
  to   space 63488K, 0% used [0x00000007a9c80000,0x00000007a9c80000,0x00000007ada80000)
 ParOldGen       total 291328K, used 165209K [0x00000006c1800000, 0x00000006d3480000, 0x000000076b300000)
  object space 291328K, 56% used [0x00000006c1800000,0x00000006cb956428,0x00000006d3480000)
 Metaspace       used 17938K, capacity 18195K, committed 18432K, reserved 1067008K
  class space    used 1705K, capacity 1762K, committed 1792K, reserved 1048576K
Event: 17.945 GC heap after
Heap after GC invocations=17 (full 1):
 PSYoungGen      total 972288K, used 160K [0x000000076b300000, 0x00000007abe80000, 0x00000007c0000000)
  eden space 937472K, 0% used [0x000000076b300000,0x000000076b300000,0x00000007a4680000)
  from space 34816K, 0% used [0x00000007a9c80000,0x00000007a9ca8000,0x00000007abe80000)
  to   space 61440K, 0% used [0x00000007a4680000,0x00000007a4680000,0x00000007a8280000)
 ParOldGen       total 291328K, used 165209K [0x00000006c1800000, 0x00000006d3480000, 0x000000076b300000)
  object space 291328K, 56% used [0x00000006c1800000,0x00000006cb956428,0x00000006d3480000)
 Metaspace       used 17938K, capacity 18195K, committed 18432K, reserved 1067008K
  class space    used 1705K, capacity 1762K, committed 1792K, reserved 1048576K
}

