# JRE version: Java(TM) SE Runtime Environment (8.0_25-b18) (build 1.8.0_25-b18)
# Java VM: Java HotSpot(TM) 64-Bit Server VM (25.25-b02 mixed mode windows-amd64 compressed oops)
Heap:
 PSYoungGen      total 304640K, used 100761K [0x00000000e0400000, 0x00000000f7080000, 0x0000000100000000)
  eden space 253440K, 39% used [0x00000000e0400000,0x00000000e66364f0,0x00000000efb80000)
  from space 51200K, 0% used [0x00000000f3e80000,0x00000000f3eb0000,0x00000000f7080000)
  to   space 59904K, 0% used [0x00000000efb80000,0x00000000efb80000,0x00000000f3600000)
 ParOldGen       total 225280K, used 154869K [0x00000000a0c00000, 0x00000000ae800000, 0x00000000e0400000)
  object space 225280K, 68% used [0x00000000a0c00000,0x00000000aa33d4c8,0x00000000ae800000)
 Metaspace       used 17583K, capacity 17793K, committed 17920K, reserved 1064960K
  class space    used 1717K, capacity 1761K, committed 1792K, reserved 1048576K
GC Heap History (10 events):
Event: 3.486 GC heap before
{Heap before GC invocations=13 (full 3):
 PSYoungGen      total 225792K, used 14969K [0x00000000e0400000, 0x00000000f1e80000, 0x0000000100000000)
  eden space 169472K, 0% used [0x00000000e0400000,0x00000000e0400000,0x00000000ea980000)
  from space 56320K, 26% used [0x00000000ee780000,0x00000000ef61e750,0x00000000f1e80000)
  to   space 59904K, 0% used [0x00000000ea980000,0x00000000ea980000,0x00000000ee400000)
 ParOldGen       total 153600K, used 142056K [0x00000000a0c00000, 0x00000000aa200000, 0x00000000e0400000)
  object space 153600K, 92% used [0x00000000a0c00000,0x00000000a96ba010,0x00000000aa200000)
 Metaspace       used 17346K, capacity 17537K, committed 17664K, reserved 1064960K
  class space    used 1705K, capacity 1761K, committed 1792K, reserved 1048576K
Event: 3.589 GC heap after
Heap after GC invocations=13 (full 3):
 PSYoungGen      total 225792K, used 0K [0x00000000e0400000, 0x00000000f1e80000, 0x0000000100000000)
  eden space 169472K, 0% used [0x00000000e0400000,0x00000000e0400000,0x00000000ea980000)
  from space 56320K, 0% used [0x00000000ee780000,0x00000000ee780000,0x00000000f1e80000)
  to   space 59904K, 0% used [0x00000000ea980000,0x00000000ea980000,0x00000000ee400000)
 ParOldGen       total 225280K, used 145865K [0x00000000a0c00000, 0x00000000ae800000, 0x00000000e0400000)
  object space 225280K, 64% used [0x00000000a0c00000,0x00000000a9a724a8,0x00000000ae800000)
 Metaspace       used 17346K, capacity 17537K, committed 17664K, reserved 1064960K
  class space    used 1705K, capacity 1761K, committed 1792K, reserved 1048576K
}
Event: 4.138 GC heap before
{Heap before GC invocations=14 (full 3):
 PSYoungGen      total 225792K, used 163992K [0x00000000e0400000, 0x00000000f1e80000, 0x0000000100000000)
  eden space 169472K, 96% used [0x00000000e0400000,0x00000000ea426080,0x00000000ea980000)
  from space 56320K, 0% used [0x00000000ee780000,0x00000000ee780000,0x00000000f1e80000)
  to   space 59904K, 0% used [0x00000000ea980000,0x00000000ea980000,0x00000000ee400000)
 ParOldGen       total 225280K, used 145865K [0x00000000a0c00000, 0x00000000ae800000, 0x00000000e0400000)
  object space 225280K, 64% used [0x00000000a0c00000,0x00000000a9a724a8,0x00000000ae800000)
 Metaspace       used 17446K, capacity 17665K, committed 17920K, reserved 1064960K
  class space    used 1705K, capacity 1761K, committed 1792K, reserved 1048576K
Event: 4.141 GC heap after
Heap after GC invocations=14 (full 3):
 PSYoungGen      total 229376K, used 9076K [0x00000000e0400000, 0x00000000f5000000, 0x0000000100000000)
  eden space 169472K, 0% used [0x00000000e0400000,0x00000000e0400000,0x00000000ea980000)
  from space 59904K, 15% used [0x00000000ea980000,0x00000000eb25d020,0x00000000ee400000)
  to   space 59392K, 0% used [0x00000000f1600000,0x00000000f1600000,0x00000000f5000000)
 ParOldGen       total 225280K, used 145873K [0x00000000a0c00000, 0x00000000ae800000, 0x00000000e0400000)
  object space 225280K, 64% used [0x00000000a0c00000,0x00000000a9a744a8,0x00000000ae800000)
 Metaspace       used 17446K, capacity 17665K, committed 17920K, reserved 1064960K
  class space    used 1705K, capacity 1761K, committed 1792K, reserved 1048576K
}
Event: 4.732 GC heap before
{Heap before GC invocations=15 (full 3):
 PSYoungGen      total 229376K, used 172596K [0x00000000e0400000, 0x00000000f5000000, 0x0000000100000000)
  eden space 169472K, 96% used [0x00000000e0400000,0x00000000ea3b02c8,0x00000000ea980000)
  from space 59904K, 15% used [0x00000000ea980000,0x00000000eb25d020,0x00000000ee400000)
  to   space 59392K, 0% used [0x00000000f1600000,0x00000000f1600000,0x00000000f5000000)
 ParOldGen       total 225280K, used 145873K [0x00000000a0c00000, 0x00000000ae800000, 0x00000000e0400000)
  object space 225280K, 64% used [0x00000000a0c00000,0x00000000a9a744a8,0x00000000ae800000)
 Metaspace       used 17492K, capacity 17729K, committed 17920K, reserved 1064960K
  class space    used 1705K, capacity 1761K, committed 1792K, reserved 1048576K
Event: 4.737 GC heap after
Heap after GC invocations=15 (full 3):
 PSYoungGen      total 268288K, used 128K [0x00000000e0400000, 0x00000000f4b00000, 0x0000000100000000)
  eden space 214016K, 0% used [0x00000000e0400000,0x00000000e0400000,0x00000000ed500000)
  from space 54272K, 0% used [0x00000000f1600000,0x00000000f1620000,0x00000000f4b00000)
  to   space 60416K, 0% used [0x00000000ed500000,0x00000000ed500000,0x00000000f1000000)
 ParOldGen       total 225280K, used 154853K [0x00000000a0c00000, 0x00000000ae800000, 0x00000000e0400000)
  object space 225280K, 68% used [0x00000000a0c00000,0x00000000aa3394c8,0x00000000ae800000)
 Metaspace       used 17492K, capacity 17729K, committed 17920K, reserved 1064960K
  class space    used 1705K, capacity 1761K, committed 1792K, reserved 1048576K
}
Event: 5.501 GC heap before
{Heap before GC invocations=16 (full 3):
 PSYoungGen      total 268288K, used 208274K [0x00000000e0400000, 0x00000000f4b00000, 0x0000000100000000)
  eden space 214016K, 97% used [0x00000000e0400000,0x00000000ecf44a90,0x00000000ed500000)
  from space 54272K, 0% used [0x00000000f1600000,0x00000000f1620000,0x00000000f4b00000)
  to   space 60416K, 0% used [0x00000000ed500000,0x00000000ed500000,0x00000000f1000000)
 ParOldGen       total 225280K, used 154853K [0x00000000a0c00000, 0x00000000ae800000, 0x00000000e0400000)
  object space 225280K, 68% used [0x00000000a0c00000,0x00000000aa3394c8,0x00000000ae800000)
 Metaspace       used 17524K, capacity 17729K, committed 17920K, reserved 1064960K
  class space    used 1705K, capacity 1761K, committed 1792K, reserved 1048576K
Event: 5.502 GC heap after
Heap after GC invocations=16 (full 3):
 PSYoungGen      total 274432K, used 96K [0x00000000e0400000, 0x00000000f7980000, 0x0000000100000000)
  eden space 214016K, 0% used [0x00000000e0400000,0x00000000e0400000,0x00000000ed500000)
  from space 60416K, 0% used [0x00000000ed500000,0x00000000ed518000,0x00000000f1000000)
  to   space 60416K, 0% used [0x00000000f3e80000,0x00000000f3e80000,0x00000000f7980000)
 ParOldGen       total 225280K, used 154861K [0x00000000a0c00000, 0x00000000ae800000, 0x00000000e0400000)
  object space 225280K, 68% used [0x00000000a0c00000,0x00000000aa33b4c8,0x00000000ae800000)
 Metaspace       used 17524K, capacity 17729K, committed 17920K, reserved 1064960K
  class space    used 1705K, capacity 1761K, committed 1792K, reserved 1048576K
}
Event: 6.266 GC heap before
{Heap before GC invocations=17 (full 3):
 PSYoungGen      total 274432K, used 207349K [0x00000000e0400000, 0x00000000f7980000, 0x0000000100000000)
  eden space 214016K, 96% used [0x00000000e0400000,0x00000000ece65490,0x00000000ed500000)
  from space 60416K, 0% used [0x00000000ed500000,0x00000000ed518000,0x00000000f1000000)
  to   space 60416K, 0% used [0x00000000f3e80000,0x00000000f3e80000,0x00000000f7980000)
 ParOldGen       total 225280K, used 154861K [0x00000000a0c00000, 0x00000000ae800000, 0x00000000e0400000)
  object space 225280K, 68% used [0x00000000a0c00000,0x00000000aa33b4c8,0x00000000ae800000)
 Metaspace       used 17537K, capacity 17793K, committed 17920K, reserved 1064960K
  class space    used 1705K, capacity 1761K, committed 1792K, reserved 1048576K
Event: 6.267 GC heap after
Heap after GC invocations=17 (full 3):
 PSYoungGen      total 304640K, used 192K [0x00000000e0400000, 0x00000000f7080000, 0x0000000100000000)
  eden space 253440K, 0% used [0x00000000e0400000,0x00000000e0400000,0x00000000efb80000)
  from space 51200K, 0% used [0x00000000f3e80000,0x00000000f3eb0000,0x00000000f7080000)
  to   space 59904K, 0% used [0x00000000efb80000,0x00000000efb80000,0x00000000f3600000)
 ParOldGen       total 225280K, used 154869K [0x00000000a0c00000, 0x00000000ae800000, 0x00000000e0400000)
  object space 225280K, 68% used [0x00000000a0c00000,0x00000000aa33d4c8,0x00000000ae800000)
 Metaspace       used 17537K, capacity 17793K, committed 17920K, reserved 1064960K
  class space    used 1705K, capacity 1761K, committed 1792K, reserved 1048576K
}

