# JRE version: Java(TM) SE Runtime Environment (8.0_25-b18) (build 1.8.0_25-b18)
# Java VM: Java HotSpot(TM) 64-Bit Server VM (25.25-b02 mixed mode windows-amd64 compressed oops)
Heap:
 PSYoungGen      total 519680K, used 515083K [0x00000000e0400000, 0x0000000100000000, 0x0000000100000000)
  eden space 519168K, 99% used [0x00000000e0400000,0x00000000ffadaed0,0x00000000fff00000)
  from space 512K, 31% used [0x00000000fff00000,0x00000000fff28000,0x00000000fff80000)
  to   space 512K, 0% used [0x00000000fff80000,0x00000000fff80000,0x0000000100000000)
 ParOldGen       total 278016K, used 178636K [0x00000000a0c00000, 0x00000000b1b80000, 0x00000000e0400000)
  object space 278016K, 64% used [0x00000000a0c00000,0x00000000aba733b8,0x00000000b1b80000)
 Metaspace       used 17990K, capacity 18181K, committed 18432K, reserved 1067008K
  class space    used 1721K, capacity 1761K, committed 1792K, reserved 1048576K
GC Heap History (10 events):
Event: 111.313 GC heap before
{Heap before GC invocations=180 (full 5):
 PSYoungGen      total 512000K, used 507403K [0x00000000e0400000, 0x00000000ff980000, 0x0000000100000000)
  eden space 511488K, 99% used [0x00000000e0400000,0x00000000ff36adb8,0x00000000ff780000)
  from space 512K, 18% used [0x00000000ff800000,0x00000000ff818000,0x00000000ff880000)
  to   space 512K, 0% used [0x00000000ff780000,0x00000000ff780000,0x00000000ff800000)
 ParOldGen       total 278016K, used 178636K [0x00000000a0c00000, 0x00000000b1b80000, 0x00000000e0400000)
  object space 278016K, 64% used [0x00000000a0c00000,0x00000000aba733b8,0x00000000b1b80000)
 Metaspace       used 17989K, capacity 18181K, committed 18432K, reserved 1067008K
  class space    used 1721K, capacity 1761K, committed 1792K, reserved 1048576K
Event: 111.315 GC heap after
Heap after GC invocations=180 (full 5):
 PSYoungGen      total 512000K, used 128K [0x00000000e0400000, 0x00000000ffd00000, 0x0000000100000000)
  eden space 511488K, 0% used [0x00000000e0400000,0x00000000e0400000,0x00000000ff780000)
  from space 512K, 25% used [0x00000000ff780000,0x00000000ff7a0000,0x00000000ff800000)
  to   space 512K, 0% used [0x00000000ffc80000,0x00000000ffc80000,0x00000000ffd00000)
 ParOldGen       total 278016K, used 178636K [0x00000000a0c00000, 0x00000000b1b80000, 0x00000000e0400000)
  object space 278016K, 64% used [0x00000000a0c00000,0x00000000aba733b8,0x00000000b1b80000)
 Metaspace       used 17989K, capacity 18181K, committed 18432K, reserved 1067008K
  class space    used 1721K, capacity 1761K, committed 1792K, reserved 1048576K
}
Event: 112.089 GC heap before
{Heap before GC invocations=181 (full 5):
 PSYoungGen      total 512000K, used 511616K [0x00000000e0400000, 0x00000000ffd00000, 0x0000000100000000)
  eden space 511488K, 100% used [0x00000000e0400000,0x00000000ff780000,0x00000000ff780000)
  from space 512K, 25% used [0x00000000ff780000,0x00000000ff7a0000,0x00000000ff800000)
  to   space 512K, 0% used [0x00000000ffc80000,0x00000000ffc80000,0x00000000ffd00000)
 ParOldGen       total 278016K, used 178636K [0x00000000a0c00000, 0x00000000b1b80000, 0x00000000e0400000)
  object space 278016K, 64% used [0x00000000a0c00000,0x00000000aba733b8,0x00000000b1b80000)
 Metaspace       used 17989K, capacity 18181K, committed 18432K, reserved 1067008K
  class space    used 1721K, capacity 1761K, committed 1792K, reserved 1048576K
Event: 112.091 GC heap after
Heap after GC invocations=181 (full 5):
 PSYoungGen      total 516096K, used 128K [0x00000000e0400000, 0x00000000ffd00000, 0x0000000100000000)
  eden space 515584K, 0% used [0x00000000e0400000,0x00000000e0400000,0x00000000ffb80000)
  from space 512K, 25% used [0x00000000ffc80000,0x00000000ffca0000,0x00000000ffd00000)
  to   space 512K, 0% used [0x00000000ffc00000,0x00000000ffc00000,0x00000000ffc80000)
 ParOldGen       total 278016K, used 178636K [0x00000000a0c00000, 0x00000000b1b80000, 0x00000000e0400000)
  object space 278016K, 64% used [0x00000000a0c00000,0x00000000aba733b8,0x00000000b1b80000)
 Metaspace       used 17989K, capacity 18181K, committed 18432K, reserved 1067008K
  class space    used 1721K, capacity 1761K, committed 1792K, reserved 1048576K
}
Event: 112.878 GC heap before
{Heap before GC invocations=182 (full 5):
 PSYoungGen      total 516096K, used 509034K [0x00000000e0400000, 0x00000000ffd00000, 0x0000000100000000)
  eden space 515584K, 98% used [0x00000000e0400000,0x00000000ff4fa9e0,0x00000000ffb80000)
  from space 512K, 25% used [0x00000000ffc80000,0x00000000ffca0000,0x00000000ffd00000)
  to   space 512K, 0% used [0x00000000ffc00000,0x00000000ffc00000,0x00000000ffc80000)
 ParOldGen       total 278016K, used 178636K [0x00000000a0c00000, 0x00000000b1b80000, 0x00000000e0400000)
  object space 278016K, 64% used [0x00000000a0c00000,0x00000000aba733b8,0x00000000b1b80000)
 Metaspace       used 17989K, capacity 18181K, committed 18432K, reserved 1067008K
  class space    used 1721K, capacity 1761K, committed 1792K, reserved 1048576K
Event: 112.880 GC heap after
Heap after GC invocations=182 (full 5):
 PSYoungGen      total 516608K, used 128K [0x00000000e0400000, 0x0000000100000000, 0x0000000100000000)
  eden space 516096K, 0% used [0x00000000e0400000,0x00000000e0400000,0x00000000ffc00000)
  from space 512K, 25% used [0x00000000ffc00000,0x00000000ffc20000,0x00000000ffc80000)
  to   space 512K, 0% used [0x00000000fff80000,0x00000000fff80000,0x0000000100000000)
 ParOldGen       total 278016K, used 178636K [0x00000000a0c00000, 0x00000000b1b80000, 0x00000000e0400000)
  object space 278016K, 64% used [0x00000000a0c00000,0x00000000aba733b8,0x00000000b1b80000)
 Metaspace       used 17989K, capacity 18181K, committed 18432K, reserved 1067008K
  class space    used 1721K, capacity 1761K, committed 1792K, reserved 1048576K
}
Event: 113.651 GC heap before
{Heap before GC invocations=183 (full 5):
 PSYoungGen      total 516608K, used 508531K [0x00000000e0400000, 0x0000000100000000, 0x0000000100000000)
  eden space 516096K, 98% used [0x00000000e0400000,0x00000000ff47cec0,0x00000000ffc00000)
  from space 512K, 25% used [0x00000000ffc00000,0x00000000ffc20000,0x00000000ffc80000)
  to   space 512K, 0% used [0x00000000fff80000,0x00000000fff80000,0x0000000100000000)
 ParOldGen       total 278016K, used 178636K [0x00000000a0c00000, 0x00000000b1b80000, 0x00000000e0400000)
  object space 278016K, 64% used [0x00000000a0c00000,0x00000000aba733b8,0x00000000b1b80000)
 Metaspace       used 17989K, capacity 18181K, committed 18432K, reserved 1067008K
  class space    used 1721K, capacity 1761K, committed 1792K, reserved 1048576K
Event: 113.653 GC heap after
Heap after GC invocations=183 (full 5):
 PSYoungGen      total 519680K, used 160K [0x00000000e0400000, 0x0000000100000000, 0x0000000100000000)
  eden space 519168K, 0% used [0x00000000e0400000,0x00000000e0400000,0x00000000fff00000)
  from space 512K, 31% used [0x00000000fff80000,0x00000000fffa8000,0x0000000100000000)
  to   space 512K, 0% used [0x00000000fff00000,0x00000000fff00000,0x00000000fff80000)
 ParOldGen       total 278016K, used 178636K [0x00000000a0c00000, 0x00000000b1b80000, 0x00000000e0400000)
  object space 278016K, 64% used [0x00000000a0c00000,0x00000000aba733b8,0x00000000b1b80000)
 Metaspace       used 17989K, capacity 18181K, committed 18432K, reserved 1067008K
  class space    used 1721K, capacity 1761K, committed 1792K, reserved 1048576K
}
Event: 114.389 GC heap before
{Heap before GC invocations=184 (full 5):
 PSYoungGen      total 519680K, used 519328K [0x00000000e0400000, 0x0000000100000000, 0x0000000100000000)
  eden space 519168K, 100% used [0x00000000e0400000,0x00000000fff00000,0x00000000fff00000)
  from space 512K, 31% used [0x00000000fff80000,0x00000000fffa8000,0x0000000100000000)
  to   space 512K, 0% used [0x00000000fff00000,0x00000000fff00000,0x00000000fff80000)
 ParOldGen       total 278016K, used 178636K [0x00000000a0c00000, 0x00000000b1b80000, 0x00000000e0400000)
  object space 278016K, 64% used [0x00000000a0c00000,0x00000000aba733b8,0x00000000b1b80000)
 Metaspace       used 17989K, capacity 18181K, committed 18432K, reserved 1067008K
  class space    used 1721K, capacity 1761K, committed 1792K, reserved 1048576K
Event: 114.392 GC heap after
Heap after GC invocations=184 (full 5):
 PSYoungGen      total 519680K, used 160K [0x00000000e0400000, 0x0000000100000000, 0x0000000100000000)
  eden space 519168K, 0% used [0x00000000e0400000,0x00000000e0400000,0x00000000fff00000)
  from space 512K, 31% used [0x00000000fff00000,0x00000000fff28000,0x00000000fff80000)
  to   space 512K, 0% used [0x00000000fff80000,0x00000000fff80000,0x0000000100000000)
 ParOldGen       total 278016K, used 178636K [0x00000000a0c00000, 0x00000000b1b80000, 0x00000000e0400000)
  object space 278016K, 64% used [0x00000000a0c00000,0x00000000aba733b8,0x00000000b1b80000)
 Metaspace       used 17989K, capacity 18181K, committed 18432K, reserved 1067008K
  class space    used 1721K, capacity 1761K, committed 1792K, reserved 1048576K
}

