# JRE version: Java(TM) SE Runtime Environment (8.0_25-b18) (build 1.8.0_25-b18)
# Java VM: Java HotSpot(TM) 64-Bit Server VM (25.25-b02 mixed mode windows-amd64 compressed oops)
Heap:
 PSYoungGen      total 288768K, used 70098K [0x00000000e0400000, 0x00000000f3b00000, 0x0000000100000000)
  eden space 257536K, 27% used [0x00000000e0400000,0x00000000e48448d8,0x00000000eff80000)
  from space 31232K, 0% used [0x00000000eff80000,0x00000000effb0000,0x00000000f1e00000)
  to   space 29696K, 0% used [0x00000000f1e00000,0x00000000f1e00000,0x00000000f3b00000)
 ParOldGen       total 228352K, used 146059K [0x00000000a0c00000, 0x00000000aeb00000, 0x00000000e0400000)
  object space 228352K, 63% used [0x00000000a0c00000,0x00000000a9aa2dc0,0x00000000aeb00000)
 Metaspace       used 18115K, capacity 18351K, committed 18560K, reserved 1067008K
  class space    used 1735K, capacity 1794K, committed 1920K, reserved 1048576K
GC Heap History (10 events):
Event: 14.539 GC heap before
{Heap before GC invocations=26 (full 3):
 PSYoungGen      total 289792K, used 248401K [0x00000000e0400000, 0x00000000f4900000, 0x0000000100000000)
  eden space 252928K, 98% used [0x00000000e0400000,0x00000000ef6645e0,0x00000000efb00000)
  from space 36864K, 0% used [0x00000000f2500000,0x00000000f2530000,0x00000000f4900000)
  to   space 39936K, 0% used [0x00000000efb00000,0x00000000efb00000,0x00000000f2200000)
 ParOldGen       total 228352K, used 145963K [0x00000000a0c00000, 0x00000000aeb00000, 0x00000000e0400000)
  object space 228352K, 63% used [0x00000000a0c00000,0x00000000a9a8adc0,0x00000000aeb00000)
 Metaspace       used 18090K, capacity 18287K, committed 18560K, reserved 1067008K
  class space    used 1735K, capacity 1794K, committed 1920K, reserved 1048576K
Event: 14.540 GC heap after
Heap after GC invocations=26 (full 3):
 PSYoungGen      total 292864K, used 224K [0x00000000e0400000, 0x00000000f4880000, 0x0000000100000000)
  eden space 252928K, 0% used [0x00000000e0400000,0x00000000e0400000,0x00000000efb00000)
  from space 39936K, 0% used [0x00000000efb00000,0x00000000efb38000,0x00000000f2200000)
  to   space 37888K, 0% used [0x00000000f2380000,0x00000000f2380000,0x00000000f4880000)
 ParOldGen       total 228352K, used 145971K [0x00000000a0c00000, 0x00000000aeb00000, 0x00000000e0400000)
  object space 228352K, 63% used [0x00000000a0c00000,0x00000000a9a8cdc0,0x00000000aeb00000)
 Metaspace       used 18090K, capacity 18287K, committed 18560K, reserved 1067008K
  class space    used 1735K, capacity 1794K, committed 1920K, reserved 1048576K
}
Event: 15.537 GC heap before
{Heap before GC invocations=27 (full 3):
 PSYoungGen      total 292864K, used 248408K [0x00000000e0400000, 0x00000000f4880000, 0x0000000100000000)
  eden space 252928K, 98% used [0x00000000e0400000,0x00000000ef65e130,0x00000000efb00000)
  from space 39936K, 0% used [0x00000000efb00000,0x00000000efb38000,0x00000000f2200000)
  to   space 37888K, 0% used [0x00000000f2380000,0x00000000f2380000,0x00000000f4880000)
 ParOldGen       total 228352K, used 145971K [0x00000000a0c00000, 0x00000000aeb00000, 0x00000000e0400000)
  object space 228352K, 63% used [0x00000000a0c00000,0x00000000a9a8cdc0,0x00000000aeb00000)
 Metaspace       used 18097K, capacity 18287K, committed 18560K, reserved 1067008K
  class space    used 1735K, capacity 1794K, committed 1920K, reserved 1048576K
Event: 15.538 GC heap after
Heap after GC invocations=27 (full 3):
 PSYoungGen      total 288256K, used 192K [0x00000000e0400000, 0x00000000f4300000, 0x0000000100000000)
  eden space 256000K, 0% used [0x00000000e0400000,0x00000000e0400000,0x00000000efe00000)
  from space 32256K, 0% used [0x00000000f2380000,0x00000000f23b0000,0x00000000f4300000)
  to   space 35328K, 0% used [0x00000000efe00000,0x00000000efe00000,0x00000000f2080000)
 ParOldGen       total 228352K, used 145979K [0x00000000a0c00000, 0x00000000aeb00000, 0x00000000e0400000)
  object space 228352K, 63% used [0x00000000a0c00000,0x00000000a9a8edc0,0x00000000aeb00000)
 Metaspace       used 18097K, capacity 18287K, committed 18560K, reserved 1067008K
  class space    used 1735K, capacity 1794K, committed 1920K, reserved 1048576K
}
Event: 16.537 GC heap before
{Heap before GC invocations=28 (full 3):
 PSYoungGen      total 288256K, used 248459K [0x00000000e0400000, 0x00000000f4300000, 0x0000000100000000)
  eden space 256000K, 96% used [0x00000000e0400000,0x00000000ef672fe8,0x00000000efe00000)
  from space 32256K, 0% used [0x00000000f2380000,0x00000000f23b0000,0x00000000f4300000)
  to   space 35328K, 0% used [0x00000000efe00000,0x00000000efe00000,0x00000000f2080000)
 ParOldGen       total 228352K, used 145979K [0x00000000a0c00000, 0x00000000aeb00000, 0x00000000e0400000)
  object space 228352K, 63% used [0x00000000a0c00000,0x00000000a9a8edc0,0x00000000aeb00000)
 Metaspace       used 18114K, capacity 18351K, committed 18560K, reserved 1067008K
  class space    used 1735K, capacity 1794K, committed 1920K, reserved 1048576K
Event: 16.538 GC heap after
Heap after GC invocations=28 (full 3):
 PSYoungGen      total 291328K, used 224K [0x00000000e0400000, 0x00000000f4100000, 0x0000000100000000)
  eden space 256000K, 0% used [0x00000000e0400000,0x00000000e0400000,0x00000000efe00000)
  from space 35328K, 0% used [0x00000000efe00000,0x00000000efe38000,0x00000000f2080000)
  to   space 33280K, 0% used [0x00000000f2080000,0x00000000f2080000,0x00000000f4100000)
 ParOldGen       total 228352K, used 145987K [0x00000000a0c00000, 0x00000000aeb00000, 0x00000000e0400000)
  object space 228352K, 63% used [0x00000000a0c00000,0x00000000a9a90dc0,0x00000000aeb00000)
 Metaspace       used 18114K, capacity 18351K, committed 18560K, reserved 1067008K
  class space    used 1735K, capacity 1794K, committed 1920K, reserved 1048576K
}
Event: 17.538 GC heap before
{Heap before GC invocations=29 (full 3):
 PSYoungGen      total 291328K, used 248490K [0x00000000e0400000, 0x00000000f4100000, 0x0000000100000000)
  eden space 256000K, 96% used [0x00000000e0400000,0x00000000ef672b40,0x00000000efe00000)
  from space 35328K, 0% used [0x00000000efe00000,0x00000000efe38000,0x00000000f2080000)
  to   space 33280K, 0% used [0x00000000f2080000,0x00000000f2080000,0x00000000f4100000)
 ParOldGen       total 228352K, used 145987K [0x00000000a0c00000, 0x00000000aeb00000, 0x00000000e0400000)
  object space 228352K, 63% used [0x00000000a0c00000,0x00000000a9a90dc0,0x00000000aeb00000)
 Metaspace       used 18115K, capacity 18351K, committed 18560K, reserved 1067008K
  class space    used 1735K, capacity 1794K, committed 1920K, reserved 1048576K
Event: 17.539 GC heap after
Heap after GC invocations=29 (full 3):
 PSYoungGen      total 286208K, used 224K [0x00000000e0400000, 0x00000000f3c80000, 0x0000000100000000)
  eden space 257536K, 0% used [0x00000000e0400000,0x00000000e0400000,0x00000000eff80000)
  from space 28672K, 0% used [0x00000000f2080000,0x00000000f20b8000,0x00000000f3c80000)
  to   space 31232K, 0% used [0x00000000eff80000,0x00000000eff80000,0x00000000f1e00000)
 ParOldGen       total 228352K, used 146019K [0x00000000a0c00000, 0x00000000aeb00000, 0x00000000e0400000)
  object space 228352K, 63% used [0x00000000a0c00000,0x00000000a9a98dc0,0x00000000aeb00000)
 Metaspace       used 18115K, capacity 18351K, committed 18560K, reserved 1067008K
  class space    used 1735K, capacity 1794K, committed 1920K, reserved 1048576K
}
Event: 18.573 GC heap before
{Heap before GC invocations=30 (full 3):
 PSYoungGen      total 286208K, used 256625K [0x00000000e0400000, 0x00000000f3c80000, 0x0000000100000000)
  eden space 257536K, 99% used [0x00000000e0400000,0x00000000efe64788,0x00000000eff80000)
  from space 28672K, 0% used [0x00000000f2080000,0x00000000f20b8000,0x00000000f3c80000)
  to   space 31232K, 0% used [0x00000000eff80000,0x00000000eff80000,0x00000000f1e00000)
 ParOldGen       total 228352K, used 146019K [0x00000000a0c00000, 0x00000000aeb00000, 0x00000000e0400000)
  object space 228352K, 63% used [0x00000000a0c00000,0x00000000a9a98dc0,0x00000000aeb00000)
 Metaspace       used 18115K, capacity 18351K, committed 18560K, reserved 1067008K
  class space    used 1735K, capacity 1794K, committed 1920K, reserved 1048576K
Event: 18.574 GC heap after
Heap after GC invocations=30 (full 3):
 PSYoungGen      total 288768K, used 192K [0x00000000e0400000, 0x00000000f3b00000, 0x0000000100000000)
  eden space 257536K, 0% used [0x00000000e0400000,0x00000000e0400000,0x00000000eff80000)
  from space 31232K, 0% used [0x00000000eff80000,0x00000000effb0000,0x00000000f1e00000)
  to   space 29696K, 0% used [0x00000000f1e00000,0x00000000f1e00000,0x00000000f3b00000)
 ParOldGen       total 228352K, used 146059K [0x00000000a0c00000, 0x00000000aeb00000, 0x00000000e0400000)
  object space 228352K, 63% used [0x00000000a0c00000,0x00000000a9aa2dc0,0x00000000aeb00000)
 Metaspace       used 18115K, capacity 18351K, committed 18560K, reserved 1067008K
  class space    used 1735K, capacity 1794K, committed 1920K, reserved 1048576K
}

