# JRE version: Java(TM) SE Runtime Environment (8.0_25-b18) (build 1.8.0_25-b18)
# Java VM: Java HotSpot(TM) 64-Bit Server VM (25.25-b02 mixed mode windows-amd64 compressed oops)
Heap:
 PSYoungGen      total 271360K, used 22098K [0x00000000e0400000, 0x00000000f2600000, 0x0000000100000000)
  eden space 247296K, 8% used [0x00000000e0400000,0x00000000e1964850,0x00000000ef580000)
  from space 24064K, 0% used [0x00000000ef580000,0x00000000ef5b0000,0x00000000f0d00000)
  to   space 24064K, 0% used [0x00000000f0e80000,0x00000000f0e80000,0x00000000f2600000)
 ParOldGen       total 228864K, used 155248K [0x00000000a0c00000, 0x00000000aeb80000, 0x00000000e0400000)
  object space 228864K, 67% used [0x00000000a0c00000,0x00000000aa39c2e0,0x00000000aeb80000)
 Metaspace       used 17576K, capacity 17793K, committed 17920K, reserved 1064960K
  class space    used 1723K, capacity 1761K, committed 1792K, reserved 1048576K
GC Heap History (10 events):
Event: 20.198 GC heap before
{Heap before GC invocations=34 (full 3):
 PSYoungGen      total 267776K, used 252720K [0x00000000e0400000, 0x00000000f2500000, 0x0000000100000000)
  eden space 243712K, 99% used [0x00000000e0400000,0x00000000ef1ef060,0x00000000ef200000)
  from space 24064K, 37% used [0x00000000f0d80000,0x00000000f165d020,0x00000000f2500000)
  to   space 26112K, 0% used [0x00000000ef200000,0x00000000ef200000,0x00000000f0b80000)
 ParOldGen       total 228864K, used 146268K [0x00000000a0c00000, 0x00000000aeb80000, 0x00000000e0400000)
  object space 228864K, 63% used [0x00000000a0c00000,0x00000000a9ad72c0,0x00000000aeb80000)
 Metaspace       used 17536K, capacity 17793K, committed 17920K, reserved 1064960K
  class space    used 1711K, capacity 1761K, committed 1792K, reserved 1048576K
Event: 20.203 GC heap after
Heap after GC invocations=34 (full 3):
 PSYoungGen      total 269824K, used 8228K [0x00000000e0400000, 0x00000000f2580000, 0x0000000100000000)
  eden space 243712K, 0% used [0x00000000e0400000,0x00000000e0400000,0x00000000ef200000)
  from space 26112K, 31% used [0x00000000ef200000,0x00000000efa09010,0x00000000f0b80000)
  to   space 25088K, 0% used [0x00000000f0d00000,0x00000000f0d00000,0x00000000f2580000)
 ParOldGen       total 228864K, used 155232K [0x00000000a0c00000, 0x00000000aeb80000, 0x00000000e0400000)
  object space 228864K, 67% used [0x00000000a0c00000,0x00000000aa3982e0,0x00000000aeb80000)
 Metaspace       used 17536K, capacity 17793K, committed 17920K, reserved 1064960K
  class space    used 1711K, capacity 1761K, committed 1792K, reserved 1048576K
}
Event: 20.994 GC heap before
{Heap before GC invocations=35 (full 3):
 PSYoungGen      total 269824K, used 247478K [0x00000000e0400000, 0x00000000f2580000, 0x0000000100000000)
  eden space 243712K, 98% used [0x00000000e0400000,0x00000000eeda4ab0,0x00000000ef200000)
  from space 26112K, 31% used [0x00000000ef200000,0x00000000efa09010,0x00000000f0b80000)
  to   space 25088K, 0% used [0x00000000f0d00000,0x00000000f0d00000,0x00000000f2580000)
 ParOldGen       total 228864K, used 155232K [0x00000000a0c00000, 0x00000000aeb80000, 0x00000000e0400000)
  object space 228864K, 67% used [0x00000000a0c00000,0x00000000aa3982e0,0x00000000aeb80000)
 Metaspace       used 17539K, capacity 17793K, committed 17920K, reserved 1064960K
  class space    used 1711K, capacity 1761K, committed 1792K, reserved 1048576K
Event: 20.995 GC heap after
Heap after GC invocations=35 (full 3):
 PSYoungGen      total 270848K, used 96K [0x00000000e0400000, 0x00000000f2600000, 0x0000000100000000)
  eden space 245760K, 0% used [0x00000000e0400000,0x00000000e0400000,0x00000000ef400000)
  from space 25088K, 0% used [0x00000000f0d00000,0x00000000f0d18000,0x00000000f2580000)
  to   space 25600K, 0% used [0x00000000ef400000,0x00000000ef400000,0x00000000f0d00000)
 ParOldGen       total 228864K, used 155240K [0x00000000a0c00000, 0x00000000aeb80000, 0x00000000e0400000)
  object space 228864K, 67% used [0x00000000a0c00000,0x00000000aa39a2e0,0x00000000aeb80000)
 Metaspace       used 17539K, capacity 17793K, committed 17920K, reserved 1064960K
  class space    used 1711K, capacity 1761K, committed 1792K, reserved 1048576K
}
Event: 21.765 GC heap before
{Heap before GC invocations=36 (full 3):
 PSYoungGen      total 270848K, used 245307K [0x00000000e0400000, 0x00000000f2600000, 0x0000000100000000)
  eden space 245760K, 99% used [0x00000000e0400000,0x00000000ef376f40,0x00000000ef400000)
  from space 25088K, 0% used [0x00000000f0d00000,0x00000000f0d18000,0x00000000f2580000)
  to   space 25600K, 0% used [0x00000000ef400000,0x00000000ef400000,0x00000000f0d00000)
 ParOldGen       total 228864K, used 155240K [0x00000000a0c00000, 0x00000000aeb80000, 0x00000000e0400000)
  object space 228864K, 67% used [0x00000000a0c00000,0x00000000aa39a2e0,0x00000000aeb80000)
 Metaspace       used 17539K, capacity 17793K, committed 17920K, reserved 1064960K
  class space    used 1711K, capacity 1761K, committed 1792K, reserved 1048576K
Event: 21.767 GC heap after
Heap after GC invocations=36 (full 3):
 PSYoungGen      total 271360K, used 8228K [0x00000000e0400000, 0x00000000f2480000, 0x0000000100000000)
  eden space 245760K, 0% used [0x00000000e0400000,0x00000000e0400000,0x00000000ef400000)
  from space 25600K, 32% used [0x00000000ef400000,0x00000000efc09010,0x00000000f0d00000)
  to   space 24064K, 0% used [0x00000000f0d00000,0x00000000f0d00000,0x00000000f2480000)
 ParOldGen       total 228864K, used 155240K [0x00000000a0c00000, 0x00000000aeb80000, 0x00000000e0400000)
  object space 228864K, 67% used [0x00000000a0c00000,0x00000000aa39a2e0,0x00000000aeb80000)
 Metaspace       used 17539K, capacity 17793K, committed 17920K, reserved 1064960K
  class space    used 1711K, capacity 1761K, committed 1792K, reserved 1048576K
}
Event: 22.561 GC heap before
{Heap before GC invocations=37 (full 3):
 PSYoungGen      total 271360K, used 248798K [0x00000000e0400000, 0x00000000f2480000, 0x0000000100000000)
  eden space 245760K, 97% used [0x00000000e0400000,0x00000000eeeee9d0,0x00000000ef400000)
  from space 25600K, 32% used [0x00000000ef400000,0x00000000efc09010,0x00000000f0d00000)
  to   space 24064K, 0% used [0x00000000f0d00000,0x00000000f0d00000,0x00000000f2480000)
 ParOldGen       total 228864K, used 155240K [0x00000000a0c00000, 0x00000000aeb80000, 0x00000000e0400000)
  object space 228864K, 67% used [0x00000000a0c00000,0x00000000aa39a2e0,0x00000000aeb80000)
 Metaspace       used 17575K, capacity 17793K, committed 17920K, reserved 1064960K
  class space    used 1723K, capacity 1761K, committed 1792K, reserved 1048576K
Event: 22.562 GC heap after
Heap after GC invocations=37 (full 3):
 PSYoungGen      total 271360K, used 160K [0x00000000e0400000, 0x00000000f2480000, 0x0000000100000000)
  eden space 247296K, 0% used [0x00000000e0400000,0x00000000e0400000,0x00000000ef580000)
  from space 24064K, 0% used [0x00000000f0d00000,0x00000000f0d28000,0x00000000f2480000)
  to   space 24064K, 0% used [0x00000000ef580000,0x00000000ef580000,0x00000000f0d00000)
 ParOldGen       total 228864K, used 155248K [0x00000000a0c00000, 0x00000000aeb80000, 0x00000000e0400000)
  object space 228864K, 67% used [0x00000000a0c00000,0x00000000aa39c2e0,0x00000000aeb80000)
 Metaspace       used 17575K, capacity 17793K, committed 17920K, reserved 1064960K
  class space    used 1723K, capacity 1761K, committed 1792K, reserved 1048576K
}
Event: 23.383 GC heap before
{Heap before GC invocations=38 (full 3):
 PSYoungGen      total 271360K, used 247456K [0x00000000e0400000, 0x00000000f2480000, 0x0000000100000000)
  eden space 247296K, 100% used [0x00000000e0400000,0x00000000ef580000,0x00000000ef580000)
  from space 24064K, 0% used [0x00000000f0d00000,0x00000000f0d28000,0x00000000f2480000)
  to   space 24064K, 0% used [0x00000000ef580000,0x00000000ef580000,0x00000000f0d00000)
 ParOldGen       total 228864K, used 155248K [0x00000000a0c00000, 0x00000000aeb80000, 0x00000000e0400000)
  object space 228864K, 67% used [0x00000000a0c00000,0x00000000aa39c2e0,0x00000000aeb80000)
 Metaspace       used 17575K, capacity 17793K, committed 17920K, reserved 1064960K
  class space    used 1723K, capacity 1761K, committed 1792K, reserved 1048576K
Event: 23.384 GC heap after
Heap after GC invocations=38 (full 3):
 PSYoungGen      total 271360K, used 192K [0x00000000e0400000, 0x00000000f2600000, 0x0000000100000000)
  eden space 247296K, 0% used [0x00000000e0400000,0x00000000e0400000,0x00000000ef580000)
  from space 24064K, 0% used [0x00000000ef580000,0x00000000ef5b0000,0x00000000f0d00000)
  to   space 24064K, 0% used [0x00000000f0e80000,0x00000000f0e80000,0x00000000f2600000)
 ParOldGen       total 228864K, used 155248K [0x00000000a0c00000, 0x00000000aeb80000, 0x00000000e0400000)
  object space 228864K, 67% used [0x00000000a0c00000,0x00000000aa39c2e0,0x00000000aeb80000)
 Metaspace       used 17575K, capacity 17793K, committed 17920K, reserved 1064960K
  class space    used 1723K, capacity 1761K, committed 1792K, reserved 1048576K
}

