# JRE version: Java(TM) SE Runtime Environment (8.0_25-b18) (build 1.8.0_25-b18)
# Java VM: Java HotSpot(TM) 64-Bit Server VM (25.25-b02 mixed mode windows-amd64 compressed oops)
Heap:
 PSYoungGen      total 338432K, used 152808K [0x00000000e0400000, 0x00000000f5080000, 0x0000000100000000)
  eden space 336384K, 45% used [0x00000000e0400000,0x00000000e989a1c0,0x00000000f4c80000)
  from space 2048K, 31% used [0x00000000f4e80000,0x00000000f4f20000,0x00000000f5080000)
  to   space 2048K, 0% used [0x00000000f4c80000,0x00000000f4c80000,0x00000000f4e80000)
 ParOldGen       total 229376K, used 164014K [0x00000000a0c00000, 0x00000000aec00000, 0x00000000e0400000)
  object space 229376K, 71% used [0x00000000a0c00000,0x00000000aac2b900,0x00000000aec00000)
 Metaspace       used 18640K, capacity 18799K, committed 19072K, reserved 1067008K
  class space    used 1762K, capacity 1794K, committed 1920K, reserved 1048576K
GC Heap History (10 events):
Event: 75.569 GC heap before
{Heap before GC invocations=77 (full 3):
 PSYoungGen      total 335872K, used 328217K [0x00000000e0400000, 0x00000000f4e80000, 0x0000000100000000)
  eden space 333312K, 98% used [0x00000000e0400000,0x00000000f445e558,0x00000000f4980000)
  from space 2560K, 6% used [0x00000000f4980000,0x00000000f49a8000,0x00000000f4c00000)
  to   space 2048K, 0% used [0x00000000f4c80000,0x00000000f4c80000,0x00000000f4e80000)
 ParOldGen       total 229376K, used 163950K [0x00000000a0c00000, 0x00000000aec00000, 0x00000000e0400000)
  object space 229376K, 71% used [0x00000000a0c00000,0x00000000aac1b900,0x00000000aec00000)
 Metaspace       used 18546K, capacity 18799K, committed 19072K, reserved 1067008K
  class space    used 1762K, capacity 1794K, committed 1920K, reserved 1048576K
Event: 75.571 GC heap after
Heap after GC invocations=77 (full 3):
 PSYoungGen      total 336384K, used 704K [0x00000000e0400000, 0x00000000f4e80000, 0x0000000100000000)
  eden space 334336K, 0% used [0x00000000e0400000,0x00000000e0400000,0x00000000f4a80000)
  from space 2048K, 34% used [0x00000000f4c80000,0x00000000f4d30000,0x00000000f4e80000)
  to   space 2048K, 0% used [0x00000000f4a80000,0x00000000f4a80000,0x00000000f4c80000)
 ParOldGen       total 229376K, used 163966K [0x00000000a0c00000, 0x00000000aec00000, 0x00000000e0400000)
  object space 229376K, 71% used [0x00000000a0c00000,0x00000000aac1f900,0x00000000aec00000)
 Metaspace       used 18546K, capacity 18799K, committed 19072K, reserved 1067008K
  class space    used 1762K, capacity 1794K, committed 1920K, reserved 1048576K
}
Event: 76.801 GC heap before
{Heap before GC invocations=78 (full 3):
 PSYoungGen      total 336384K, used 332752K [0x00000000e0400000, 0x00000000f4e80000, 0x0000000100000000)
  eden space 334336K, 99% used [0x00000000e0400000,0x00000000f4844020,0x00000000f4a80000)
  from space 2048K, 34% used [0x00000000f4c80000,0x00000000f4d30000,0x00000000f4e80000)
  to   space 2048K, 0% used [0x00000000f4a80000,0x00000000f4a80000,0x00000000f4c80000)
 ParOldGen       total 229376K, used 163966K [0x00000000a0c00000, 0x00000000aec00000, 0x00000000e0400000)
  object space 229376K, 71% used [0x00000000a0c00000,0x00000000aac1f900,0x00000000aec00000)
 Metaspace       used 18580K, capacity 18799K, committed 19072K, reserved 1067008K
  class space    used 1762K, capacity 1794K, committed 1920K, reserved 1048576K
Event: 76.803 GC heap after
Heap after GC invocations=78 (full 3):
 PSYoungGen      total 336384K, used 640K [0x00000000e0400000, 0x00000000f4f80000, 0x0000000100000000)
  eden space 334336K, 0% used [0x00000000e0400000,0x00000000e0400000,0x00000000f4a80000)
  from space 2048K, 31% used [0x00000000f4a80000,0x00000000f4b20000,0x00000000f4c80000)
  to   space 2048K, 0% used [0x00000000f4d80000,0x00000000f4d80000,0x00000000f4f80000)
 ParOldGen       total 229376K, used 163990K [0x00000000a0c00000, 0x00000000aec00000, 0x00000000e0400000)
  object space 229376K, 71% used [0x00000000a0c00000,0x00000000aac25900,0x00000000aec00000)
 Metaspace       used 18580K, capacity 18799K, committed 19072K, reserved 1067008K
  class space    used 1762K, capacity 1794K, committed 1920K, reserved 1048576K
}
Event: 78.034 GC heap before
{Heap before GC invocations=79 (full 3):
 PSYoungGen      total 336384K, used 332707K [0x00000000e0400000, 0x00000000f4f80000, 0x0000000100000000)
  eden space 334336K, 99% used [0x00000000e0400000,0x00000000f4848e80,0x00000000f4a80000)
  from space 2048K, 31% used [0x00000000f4a80000,0x00000000f4b20000,0x00000000f4c80000)
  to   space 2048K, 0% used [0x00000000f4d80000,0x00000000f4d80000,0x00000000f4f80000)
 ParOldGen       total 229376K, used 163990K [0x00000000a0c00000, 0x00000000aec00000, 0x00000000e0400000)
  object space 229376K, 71% used [0x00000000a0c00000,0x00000000aac25900,0x00000000aec00000)
 Metaspace       used 18609K, capacity 18799K, committed 19072K, reserved 1067008K
  class space    used 1762K, capacity 1794K, committed 1920K, reserved 1048576K
Event: 78.036 GC heap after
Heap after GC invocations=79 (full 3):
 PSYoungGen      total 337408K, used 640K [0x00000000e0400000, 0x00000000f4f80000, 0x0000000100000000)
  eden space 335360K, 0% used [0x00000000e0400000,0x00000000e0400000,0x00000000f4b80000)
  from space 2048K, 31% used [0x00000000f4d80000,0x00000000f4e20000,0x00000000f4f80000)
  to   space 2048K, 0% used [0x00000000f4b80000,0x00000000f4b80000,0x00000000f4d80000)
 ParOldGen       total 229376K, used 163998K [0x00000000a0c00000, 0x00000000aec00000, 0x00000000e0400000)
  object space 229376K, 71% used [0x00000000a0c00000,0x00000000aac27900,0x00000000aec00000)
 Metaspace       used 18609K, capacity 18799K, committed 19072K, reserved 1067008K
  class space    used 1762K, capacity 1794K, committed 1920K, reserved 1048576K
}
Event: 79.267 GC heap before
{Heap before GC invocations=80 (full 3):
 PSYoungGen      total 337408K, used 332750K [0x00000000e0400000, 0x00000000f4f80000, 0x0000000100000000)
  eden space 335360K, 99% used [0x00000000e0400000,0x00000000f4853b90,0x00000000f4b80000)
  from space 2048K, 31% used [0x00000000f4d80000,0x00000000f4e20000,0x00000000f4f80000)
  to   space 2048K, 0% used [0x00000000f4b80000,0x00000000f4b80000,0x00000000f4d80000)
 ParOldGen       total 229376K, used 163998K [0x00000000a0c00000, 0x00000000aec00000, 0x00000000e0400000)
  object space 229376K, 71% used [0x00000000a0c00000,0x00000000aac27900,0x00000000aec00000)
 Metaspace       used 18627K, capacity 18799K, committed 19072K, reserved 1067008K
  class space    used 1762K, capacity 1794K, committed 1920K, reserved 1048576K
Event: 79.268 GC heap after
Heap after GC invocations=80 (full 3):
 PSYoungGen      total 337408K, used 672K [0x00000000e0400000, 0x00000000f5080000, 0x0000000100000000)
  eden space 335360K, 0% used [0x00000000e0400000,0x00000000e0400000,0x00000000f4b80000)
  from space 2048K, 32% used [0x00000000f4b80000,0x00000000f4c28000,0x00000000f4d80000)
  to   space 2048K, 0% used [0x00000000f4e80000,0x00000000f4e80000,0x00000000f5080000)
 ParOldGen       total 229376K, used 164006K [0x00000000a0c00000, 0x00000000aec00000, 0x00000000e0400000)
  object space 229376K, 71% used [0x00000000a0c00000,0x00000000aac29900,0x00000000aec00000)
 Metaspace       used 18627K, capacity 18799K, committed 19072K, reserved 1067008K
  class space    used 1762K, capacity 1794K, committed 1920K, reserved 1048576K
}
Event: 80.502 GC heap before
{Heap before GC invocations=81 (full 3):
 PSYoungGen      total 337408K, used 332795K [0x00000000e0400000, 0x00000000f5080000, 0x0000000100000000)
  eden space 335360K, 99% used [0x00000000e0400000,0x00000000f4856d60,0x00000000f4b80000)
  from space 2048K, 32% used [0x00000000f4b80000,0x00000000f4c28000,0x00000000f4d80000)
  to   space 2048K, 0% used [0x00000000f4e80000,0x00000000f4e80000,0x00000000f5080000)
 ParOldGen       total 229376K, used 164006K [0x00000000a0c00000, 0x00000000aec00000, 0x00000000e0400000)
  object space 229376K, 71% used [0x00000000a0c00000,0x00000000aac29900,0x00000000aec00000)
 Metaspace       used 18636K, capacity 18799K, committed 19072K, reserved 1067008K
  class space    used 1762K, capacity 1794K, committed 1920K, reserved 1048576K
Event: 80.503 GC heap after
Heap after GC invocations=81 (full 3):
 PSYoungGen      total 338432K, used 640K [0x00000000e0400000, 0x00000000f5080000, 0x0000000100000000)
  eden space 336384K, 0% used [0x00000000e0400000,0x00000000e0400000,0x00000000f4c80000)
  from space 2048K, 31% used [0x00000000f4e80000,0x00000000f4f20000,0x00000000f5080000)
  to   space 2048K, 0% used [0x00000000f4c80000,0x00000000f4c80000,0x00000000f4e80000)
 ParOldGen       total 229376K, used 164014K [0x00000000a0c00000, 0x00000000aec00000, 0x00000000e0400000)
  object space 229376K, 71% used [0x00000000a0c00000,0x00000000aac2b900,0x00000000aec00000)
 Metaspace       used 18636K, capacity 18799K, committed 19072K, reserved 1067008K
  class space    used 1762K, capacity 1794K, committed 1920K, reserved 1048576K
}

