# JRE version: Java(TM) SE Runtime Environment (8.0_31-b13) (build 1.8.0_31-b13)
# Java VM: Java HotSpot(TM) 64-Bit Server VM (25.31-b07 mixed mode windows-amd64 compressed oops)
Heap:
 PSYoungGen      total 141824K, used 85396K [0x000000076b300000, 0x0000000774800000, 0x00000007c0000000)
  eden space 131072K, 56% used [0x000000076b300000,0x000000076fbecba0,0x0000000773300000)
  from space 10752K, 99% used [0x0000000773d80000,0x00000007747f8640,0x0000000774800000)
  to   space 10752K, 0% used [0x0000000773300000,0x0000000773300000,0x0000000773d80000)
 ParOldGen       total 175104K, used 119209K [0x00000006c1800000, 0x00000006cc300000, 0x000000076b300000)
  object space 175104K, 68% used [0x00000006c1800000,0x00000006c8c6a4d8,0x00000006cc300000)
 Metaspace       used 17936K, capacity 18165K, committed 18304K, reserved 1064960K
  class space    used 1732K, capacity 1795K, committed 1920K, reserved 1048576K
GC Heap History (8 events):
Event: 2.003 GC heap before
{Heap before GC invocations=1 (full 0):
 PSYoungGen      total 76288K, used 64395K [0x000000076b300000, 0x0000000770800000, 0x00000007c0000000)
  eden space 65536K, 98% used [0x000000076b300000,0x000000076f1e2cd8,0x000000076f300000)
  from space 10752K, 0% used [0x000000076fd80000,0x000000076fd80000,0x0000000770800000)
  to   space 10752K, 0% used [0x000000076f300000,0x000000076f300000,0x000000076fd80000)
 ParOldGen       total 175104K, used 0K [0x00000006c1800000, 0x00000006cc300000, 0x000000076b300000)
  object space 175104K, 0% used [0x00000006c1800000,0x00000006c1800000,0x00000006cc300000)
 Metaspace       used 16576K, capacity 16807K, committed 16896K, reserved 1064960K
  class space    used 1670K, capacity 1730K, committed 1792K, reserved 1048576K
Event: 2.018 GC heap after
Heap after GC invocations=1 (full 0):
 PSYoungGen      total 76288K, used 10740K [0x000000076b300000, 0x0000000770800000, 0x00000007c0000000)
  eden space 65536K, 0% used [0x000000076b300000,0x000000076b300000,0x000000076f300000)
  from space 10752K, 99% used [0x000000076f300000,0x000000076fd7d040,0x000000076fd80000)
  to   space 10752K, 0% used [0x000000076fd80000,0x000000076fd80000,0x0000000770800000)
 ParOldGen       total 175104K, used 14377K [0x00000006c1800000, 0x00000006cc300000, 0x000000076b300000)
  object space 175104K, 8% used [0x00000006c1800000,0x00000006c260a680,0x00000006cc300000)
 Metaspace       used 16576K, capacity 16807K, committed 16896K, reserved 1064960K
  class space    used 1670K, capacity 1730K, committed 1792K, reserved 1048576K
}
Event: 3.186 GC heap before
{Heap before GC invocations=2 (full 0):
 PSYoungGen      total 76288K, used 75896K [0x000000076b300000, 0x0000000770800000, 0x00000007c0000000)
  eden space 65536K, 99% used [0x000000076b300000,0x000000076f2a1380,0x000000076f300000)
  from space 10752K, 99% used [0x000000076f300000,0x000000076fd7d040,0x000000076fd80000)
  to   space 10752K, 0% used [0x000000076fd80000,0x000000076fd80000,0x0000000770800000)
 ParOldGen       total 175104K, used 14377K [0x00000006c1800000, 0x00000006cc300000, 0x000000076b300000)
  object space 175104K, 8% used [0x00000006c1800000,0x00000006c260a680,0x00000006cc300000)
 Metaspace       used 16736K, capacity 16935K, committed 17152K, reserved 1064960K
  class space    used 1687K, capacity 1730K, committed 1792K, reserved 1048576K
Event: 3.221 GC heap after
Heap after GC invocations=2 (full 0):
 PSYoungGen      total 76288K, used 10721K [0x000000076b300000, 0x0000000774800000, 0x00000007c0000000)
  eden space 65536K, 0% used [0x000000076b300000,0x000000076b300000,0x000000076f300000)
  from space 10752K, 99% used [0x000000076fd80000,0x00000007707f8500,0x0000000770800000)
  to   space 10752K, 0% used [0x000000076f300000,0x000000076f300000,0x000000076fd80000)
 ParOldGen       total 175104K, used 69703K [0x00000006c1800000, 0x00000006cc300000, 0x000000076b300000)
  object space 175104K, 39% used [0x00000006c1800000,0x00000006c5c11d00,0x00000006cc300000)
 Metaspace       used 16736K, capacity 16935K, committed 17152K, reserved 1064960K
  class space    used 1687K, capacity 1730K, committed 1792K, reserved 1048576K
}
Event: 3.489 GC heap before
{Heap before GC invocations=3 (full 0):
 PSYoungGen      total 76288K, used 76257K [0x000000076b300000, 0x0000000774800000, 0x00000007c0000000)
  eden space 65536K, 100% used [0x000000076b300000,0x000000076f300000,0x000000076f300000)
  from space 10752K, 99% used [0x000000076fd80000,0x00000007707f8500,0x0000000770800000)
  to   space 10752K, 0% used [0x000000076f300000,0x000000076f300000,0x000000076fd80000)
 ParOldGen       total 175104K, used 69703K [0x00000006c1800000, 0x00000006cc300000, 0x000000076b300000)
  object space 175104K, 39% used [0x00000006c1800000,0x00000006c5c11d00,0x00000006cc300000)
 Metaspace       used 16835K, capacity 16999K, committed 17152K, reserved 1064960K
  class space    used 1688K, capacity 1730K, committed 1792K, reserved 1048576K
Event: 3.511 GC heap after
Heap after GC invocations=3 (full 0):
 PSYoungGen      total 76288K, used 10739K [0x000000076b300000, 0x0000000774800000, 0x00000007c0000000)
  eden space 65536K, 0% used [0x000000076b300000,0x000000076b300000,0x000000076f300000)
  from space 10752K, 99% used [0x000000076f300000,0x000000076fd7ce60,0x000000076fd80000)
  to   space 10752K, 0% used [0x0000000773d80000,0x0000000773d80000,0x0000000774800000)
 ParOldGen       total 175104K, used 93388K [0x00000006c1800000, 0x00000006cc300000, 0x000000076b300000)
  object space 175104K, 53% used [0x00000006c1800000,0x00000006c73332c0,0x00000006cc300000)
 Metaspace       used 16835K, capacity 16999K, committed 17152K, reserved 1064960K
  class space    used 1688K, capacity 1730K, committed 1792K, reserved 1048576K
}
Event: 3.662 GC heap before
{Heap before GC invocations=4 (full 0):
 PSYoungGen      total 76288K, used 76058K [0x000000076b300000, 0x0000000774800000, 0x00000007c0000000)
  eden space 65536K, 99% used [0x000000076b300000,0x000000076f2c9a48,0x000000076f300000)
  from space 10752K, 99% used [0x000000076f300000,0x000000076fd7ce60,0x000000076fd80000)
  to   space 10752K, 0% used [0x0000000773d80000,0x0000000773d80000,0x0000000774800000)
 ParOldGen       total 175104K, used 93388K [0x00000006c1800000, 0x00000006cc300000, 0x000000076b300000)
  object space 175104K, 53% used [0x00000006c1800000,0x00000006c73332c0,0x00000006cc300000)
 Metaspace       used 16877K, capacity 17127K, committed 17408K, reserved 1064960K
  class space    used 1688K, capacity 1730K, committed 1792K, reserved 1048576K
Event: 3.697 GC heap after
Heap after GC invocations=4 (full 0):
 PSYoungGen      total 141824K, used 10721K [0x000000076b300000, 0x0000000774800000, 0x00000007c0000000)
  eden space 131072K, 0% used [0x000000076b300000,0x000000076b300000,0x0000000773300000)
  from space 10752K, 99% used [0x0000000773d80000,0x00000007747f8640,0x0000000774800000)
  to   space 10752K, 0% used [0x0000000773300000,0x0000000773300000,0x0000000773d80000)
 ParOldGen       total 175104K, used 119209K [0x00000006c1800000, 0x00000006cc300000, 0x000000076b300000)
  object space 175104K, 68% used [0x00000006c1800000,0x00000006c8c6a4d8,0x00000006cc300000)
 Metaspace       used 16877K, capacity 17127K, committed 17408K, reserved 1064960K
  class space    used 1688K, capacity 1730K, committed 1792K, reserved 1048576K
}

