# JRE version: Java(TM) SE Runtime Environment (8.0_25-b18) (build 1.8.0_25-b18)
# Java VM: Java HotSpot(TM) 64-Bit Server VM (25.25-b02 mixed mode windows-amd64 compressed oops)
Heap:
 PSYoungGen      total 519168K, used 489340K [0x00000000e0400000, 0x0000000100000000, 0x0000000100000000)
  eden space 518144K, 94% used [0x00000000e0400000,0x00000000fe1b7160,0x00000000ffe00000)
  from space 1024K, 15% used [0x00000000fff00000,0x00000000fff28000,0x0000000100000000)
  to   space 1024K, 0% used [0x00000000ffe00000,0x00000000ffe00000,0x00000000fff00000)
 ParOldGen       total 233984K, used 204609K [0x00000000a0c00000, 0x00000000af080000, 0x00000000e0400000)
  object space 233984K, 87% used [0x00000000a0c00000,0x00000000ad3d04a0,0x00000000af080000)
 Metaspace       used 18173K, capacity 18377K, committed 18432K, reserved 1067008K
  class space    used 1723K, capacity 1761K, committed 1792K, reserved 1048576K
GC Heap History (10 events):
Event: 68.414 GC heap before
{Heap before GC invocations=100 (full 4):
 PSYoungGen      total 518144K, used 513274K [0x00000000e0400000, 0x0000000100000000, 0x0000000100000000)
  eden space 517120K, 99% used [0x00000000e0400000,0x00000000ff916b40,0x00000000ffd00000)
  from space 1024K, 15% used [0x00000000ffd00000,0x00000000ffd28000,0x00000000ffe00000)
  to   space 1024K, 0% used [0x00000000fff00000,0x00000000fff00000,0x0000000100000000)
 ParOldGen       total 233984K, used 196509K [0x00000000a0c00000, 0x00000000af080000, 0x00000000e0400000)
  object space 233984K, 83% used [0x00000000a0c00000,0x00000000acbe7490,0x00000000af080000)
 Metaspace       used 18139K, capacity 18313K, committed 18432K, reserved 1067008K
  class space    used 1711K, capacity 1761K, committed 1792K, reserved 1048576K
Event: 68.416 GC heap after
Heap after GC invocations=100 (full 4):
 PSYoungGen      total 519168K, used 128K [0x00000000e0400000, 0x0000000100000000, 0x0000000100000000)
  eden space 518144K, 0% used [0x00000000e0400000,0x00000000e0400000,0x00000000ffe00000)
  from space 1024K, 12% used [0x00000000fff00000,0x00000000fff20000,0x0000000100000000)
  to   space 1024K, 0% used [0x00000000ffe00000,0x00000000ffe00000,0x00000000fff00000)
 ParOldGen       total 233984K, used 196509K [0x00000000a0c00000, 0x00000000af080000, 0x00000000e0400000)
  object space 233984K, 83% used [0x00000000a0c00000,0x00000000acbe7490,0x00000000af080000)
 Metaspace       used 18139K, capacity 18313K, committed 18432K, reserved 1067008K
  class space    used 1711K, capacity 1761K, committed 1792K, reserved 1048576K
}
Event: 69.214 GC heap before
{Heap before GC invocations=101 (full 4):
 PSYoungGen      total 519168K, used 518062K [0x00000000e0400000, 0x0000000100000000, 0x0000000100000000)
  eden space 518144K, 99% used [0x00000000e0400000,0x00000000ffdcb9a0,0x00000000ffe00000)
  from space 1024K, 12% used [0x00000000fff00000,0x00000000fff20000,0x0000000100000000)
  to   space 1024K, 0% used [0x00000000ffe00000,0x00000000ffe00000,0x00000000fff00000)
 ParOldGen       total 233984K, used 196509K [0x00000000a0c00000, 0x00000000af080000, 0x00000000e0400000)
  object space 233984K, 83% used [0x00000000a0c00000,0x00000000acbe7490,0x00000000af080000)
 Metaspace       used 18139K, capacity 18313K, committed 18432K, reserved 1067008K
  class space    used 1711K, capacity 1761K, committed 1792K, reserved 1048576K
Event: 69.219 GC heap after
Heap after GC invocations=101 (full 4):
 PSYoungGen      total 519168K, used 128K [0x00000000e0400000, 0x0000000100000000, 0x0000000100000000)
  eden space 518144K, 0% used [0x00000000e0400000,0x00000000e0400000,0x00000000ffe00000)
  from space 1024K, 12% used [0x00000000ffe00000,0x00000000ffe20000,0x00000000fff00000)
  to   space 1024K, 0% used [0x00000000fff00000,0x00000000fff00000,0x0000000100000000)
 ParOldGen       total 233984K, used 204609K [0x00000000a0c00000, 0x00000000af080000, 0x00000000e0400000)
  object space 233984K, 87% used [0x00000000a0c00000,0x00000000ad3d04a0,0x00000000af080000)
 Metaspace       used 18139K, capacity 18313K, committed 18432K, reserved 1067008K
  class space    used 1711K, capacity 1761K, committed 1792K, reserved 1048576K
}
Event: 70.063 GC heap before
{Heap before GC invocations=102 (full 4):
 PSYoungGen      total 519168K, used 518272K [0x00000000e0400000, 0x0000000100000000, 0x0000000100000000)
  eden space 518144K, 100% used [0x00000000e0400000,0x00000000ffe00000,0x00000000ffe00000)
  from space 1024K, 12% used [0x00000000ffe00000,0x00000000ffe20000,0x00000000fff00000)
  to   space 1024K, 0% used [0x00000000fff00000,0x00000000fff00000,0x0000000100000000)
 ParOldGen       total 233984K, used 204609K [0x00000000a0c00000, 0x00000000af080000, 0x00000000e0400000)
  object space 233984K, 87% used [0x00000000a0c00000,0x00000000ad3d04a0,0x00000000af080000)
 Metaspace       used 18139K, capacity 18313K, committed 18432K, reserved 1067008K
  class space    used 1711K, capacity 1761K, committed 1792K, reserved 1048576K
Event: 70.066 GC heap after
Heap after GC invocations=102 (full 4):
 PSYoungGen      total 519168K, used 128K [0x00000000e0400000, 0x0000000100000000, 0x0000000100000000)
  eden space 518144K, 0% used [0x00000000e0400000,0x00000000e0400000,0x00000000ffe00000)
  from space 1024K, 12% used [0x00000000fff00000,0x00000000fff20000,0x0000000100000000)
  to   space 1024K, 0% used [0x00000000ffe00000,0x00000000ffe00000,0x00000000fff00000)
 ParOldGen       total 233984K, used 204609K [0x00000000a0c00000, 0x00000000af080000, 0x00000000e0400000)
  object space 233984K, 87% used [0x00000000a0c00000,0x00000000ad3d04a0,0x00000000af080000)
 Metaspace       used 18139K, capacity 18313K, committed 18432K, reserved 1067008K
  class space    used 1711K, capacity 1761K, committed 1792K, reserved 1048576K
}
Event: 70.877 GC heap before
{Heap before GC invocations=103 (full 4):
 PSYoungGen      total 519168K, used 518272K [0x00000000e0400000, 0x0000000100000000, 0x0000000100000000)
  eden space 518144K, 100% used [0x00000000e0400000,0x00000000ffe00000,0x00000000ffe00000)
  from space 1024K, 12% used [0x00000000fff00000,0x00000000fff20000,0x0000000100000000)
  to   space 1024K, 0% used [0x00000000ffe00000,0x00000000ffe00000,0x00000000fff00000)
 ParOldGen       total 233984K, used 204609K [0x00000000a0c00000, 0x00000000af080000, 0x00000000e0400000)
  object space 233984K, 87% used [0x00000000a0c00000,0x00000000ad3d04a0,0x00000000af080000)
 Metaspace       used 18139K, capacity 18313K, committed 18432K, reserved 1067008K
  class space    used 1711K, capacity 1761K, committed 1792K, reserved 1048576K
Event: 70.878 GC heap after
Heap after GC invocations=103 (full 4):
 PSYoungGen      total 519168K, used 160K [0x00000000e0400000, 0x0000000100000000, 0x0000000100000000)
  eden space 518144K, 0% used [0x00000000e0400000,0x00000000e0400000,0x00000000ffe00000)
  from space 1024K, 15% used [0x00000000ffe00000,0x00000000ffe28000,0x00000000fff00000)
  to   space 1024K, 0% used [0x00000000fff00000,0x00000000fff00000,0x0000000100000000)
 ParOldGen       total 233984K, used 204609K [0x00000000a0c00000, 0x00000000af080000, 0x00000000e0400000)
  object space 233984K, 87% used [0x00000000a0c00000,0x00000000ad3d04a0,0x00000000af080000)
 Metaspace       used 18139K, capacity 18313K, committed 18432K, reserved 1067008K
  class space    used 1711K, capacity 1761K, committed 1792K, reserved 1048576K
}
Event: 71.700 GC heap before
{Heap before GC invocations=104 (full 4):
 PSYoungGen      total 519168K, used 518304K [0x00000000e0400000, 0x0000000100000000, 0x0000000100000000)
  eden space 518144K, 100% used [0x00000000e0400000,0x00000000ffe00000,0x00000000ffe00000)
  from space 1024K, 15% used [0x00000000ffe00000,0x00000000ffe28000,0x00000000fff00000)
  to   space 1024K, 0% used [0x00000000fff00000,0x00000000fff00000,0x0000000100000000)
 ParOldGen       total 233984K, used 204609K [0x00000000a0c00000, 0x00000000af080000, 0x00000000e0400000)
  object space 233984K, 87% used [0x00000000a0c00000,0x00000000ad3d04a0,0x00000000af080000)
 Metaspace       used 18139K, capacity 18313K, committed 18432K, reserved 1067008K
  class space    used 1711K, capacity 1761K, committed 1792K, reserved 1048576K
Event: 71.701 GC heap after
Heap after GC invocations=104 (full 4):
 PSYoungGen      total 519168K, used 160K [0x00000000e0400000, 0x0000000100000000, 0x0000000100000000)
  eden space 518144K, 0% used [0x00000000e0400000,0x00000000e0400000,0x00000000ffe00000)
  from space 1024K, 15% used [0x00000000fff00000,0x00000000fff28000,0x0000000100000000)
  to   space 1024K, 0% used [0x00000000ffe00000,0x00000000ffe00000,0x00000000fff00000)
 ParOldGen       total 233984K, used 204609K [0x00000000a0c00000, 0x00000000af080000, 0x00000000e0400000)
  object space 233984K, 87% used [0x00000000a0c00000,0x00000000ad3d04a0,0x00000000af080000)
 Metaspace       used 18139K, capacity 18313K, committed 18432K, reserved 1067008K
  class space    used 1711K, capacity 1761K, committed 1792K, reserved 1048576K
}

