# JRE version: Java(TM) SE Runtime Environment (8.0_25-b18) (build 1.8.0_25-b18)
# Java VM: Java HotSpot(TM) 64-Bit Server VM (25.25-b02 mixed mode windows-amd64 compressed oops)
Heap:
 PSYoungGen      total 273920K, used 119785K [0x00000000e0400000, 0x00000000f1c00000, 0x0000000100000000)
  eden space 262144K, 45% used [0x00000000e0400000,0x00000000e78d2450,0x00000000f0400000)
  from space 11776K, 1% used [0x00000000f1080000,0x00000000f10a8000,0x00000000f1c00000)
  to   space 12288K, 0% used [0x00000000f0400000,0x00000000f0400000,0x00000000f1000000)
 ParOldGen       total 227840K, used 155435K [0x00000000a0c00000, 0x00000000aea80000, 0x00000000e0400000)
  object space 227840K, 68% used [0x00000000a0c00000,0x00000000aa3caee8,0x00000000aea80000)
 Metaspace       used 17964K, capacity 18153K, committed 18304K, reserved 1064960K
  class space    used 1735K, capacity 1793K, committed 1920K, reserved 1048576K
GC Heap History (10 events):
Event: 36.700 GC heap before
{Heap before GC invocations=55 (full 3):
 PSYoungGen      total 276480K, used 258931K [0x00000000e0400000, 0x00000000f2180000, 0x0000000100000000)
  eden space 259584K, 99% used [0x00000000e0400000,0x00000000f00acf40,0x00000000f0180000)
  from space 16896K, 1% used [0x00000000f0180000,0x00000000f01b0000,0x00000000f1200000)
  to   space 15872K, 0% used [0x00000000f1200000,0x00000000f1200000,0x00000000f2180000)
 ParOldGen       total 227840K, used 155291K [0x00000000a0c00000, 0x00000000aea80000, 0x00000000e0400000)
  object space 227840K, 68% used [0x00000000a0c00000,0x00000000aa3a6ee8,0x00000000aea80000)
 Metaspace       used 17923K, capacity 18153K, committed 18304K, reserved 1064960K
  class space    used 1723K, capacity 1793K, committed 1920K, reserved 1048576K
Event: 36.701 GC heap after
Heap after GC invocations=55 (full 3):
 PSYoungGen      total 275456K, used 160K [0x00000000e0400000, 0x00000000f2080000, 0x0000000100000000)
  eden space 260608K, 0% used [0x00000000e0400000,0x00000000e0400000,0x00000000f0280000)
  from space 14848K, 1% used [0x00000000f1200000,0x00000000f1228000,0x00000000f2080000)
  to   space 15360K, 0% used [0x00000000f0280000,0x00000000f0280000,0x00000000f1180000)
 ParOldGen       total 227840K, used 155291K [0x00000000a0c00000, 0x00000000aea80000, 0x00000000e0400000)
  object space 227840K, 68% used [0x00000000a0c00000,0x00000000aa3a6ee8,0x00000000aea80000)
 Metaspace       used 17923K, capacity 18153K, committed 18304K, reserved 1064960K
  class space    used 1723K, capacity 1793K, committed 1920K, reserved 1048576K
}
Event: 37.568 GC heap before
{Heap before GC invocations=56 (full 3):
 PSYoungGen      total 275456K, used 255919K [0x00000000e0400000, 0x00000000f2080000, 0x0000000100000000)
  eden space 260608K, 98% used [0x00000000e0400000,0x00000000efdc3e80,0x00000000f0280000)
  from space 14848K, 1% used [0x00000000f1200000,0x00000000f1228000,0x00000000f2080000)
  to   space 15360K, 0% used [0x00000000f0280000,0x00000000f0280000,0x00000000f1180000)
 ParOldGen       total 227840K, used 155291K [0x00000000a0c00000, 0x00000000aea80000, 0x00000000e0400000)
  object space 227840K, 68% used [0x00000000a0c00000,0x00000000aa3a6ee8,0x00000000aea80000)
 Metaspace       used 17923K, capacity 18153K, committed 18304K, reserved 1064960K
  class space    used 1723K, capacity 1793K, committed 1920K, reserved 1048576K
Event: 37.569 GC heap after
Heap after GC invocations=56 (full 3):
 PSYoungGen      total 261120K, used 192K [0x00000000e0400000, 0x00000000f1f00000, 0x0000000100000000)
  eden space 260608K, 0% used [0x00000000e0400000,0x00000000e0400000,0x00000000f0280000)
  from space 512K, 37% used [0x00000000f0280000,0x00000000f02b0000,0x00000000f0300000)
  to   space 14336K, 0% used [0x00000000f1100000,0x00000000f1100000,0x00000000f1f00000)
 ParOldGen       total 227840K, used 155339K [0x00000000a0c00000, 0x00000000aea80000, 0x00000000e0400000)
  object space 227840K, 68% used [0x00000000a0c00000,0x00000000aa3b2ee8,0x00000000aea80000)
 Metaspace       used 17923K, capacity 18153K, committed 18304K, reserved 1064960K
  class space    used 1723K, capacity 1793K, committed 1920K, reserved 1048576K
}
Event: 38.434 GC heap before
{Heap before GC invocations=57 (full 3):
 PSYoungGen      total 261120K, used 259055K [0x00000000e0400000, 0x00000000f1f00000, 0x0000000100000000)
  eden space 260608K, 99% used [0x00000000e0400000,0x00000000f00cbf70,0x00000000f0280000)
  from space 512K, 37% used [0x00000000f0280000,0x00000000f02b0000,0x00000000f0300000)
  to   space 14336K, 0% used [0x00000000f1100000,0x00000000f1100000,0x00000000f1f00000)
 ParOldGen       total 227840K, used 155339K [0x00000000a0c00000, 0x00000000aea80000, 0x00000000e0400000)
  object space 227840K, 68% used [0x00000000a0c00000,0x00000000aa3b2ee8,0x00000000aea80000)
 Metaspace       used 17928K, capacity 18153K, committed 18304K, reserved 1064960K
  class space    used 1723K, capacity 1793K, committed 1920K, reserved 1048576K
Event: 38.435 GC heap after
Heap after GC invocations=57 (full 3):
 PSYoungGen      total 274432K, used 192K [0x00000000e0400000, 0x00000000f1e00000, 0x0000000100000000)
  eden space 261120K, 0% used [0x00000000e0400000,0x00000000e0400000,0x00000000f0300000)
  from space 13312K, 1% used [0x00000000f1100000,0x00000000f1130000,0x00000000f1e00000)
  to   space 13824K, 0% used [0x00000000f0300000,0x00000000f0300000,0x00000000f1080000)
 ParOldGen       total 227840K, used 155387K [0x00000000a0c00000, 0x00000000aea80000, 0x00000000e0400000)
  object space 227840K, 68% used [0x00000000a0c00000,0x00000000aa3beee8,0x00000000aea80000)
 Metaspace       used 17928K, capacity 18153K, committed 18304K, reserved 1064960K
  class space    used 1723K, capacity 1793K, committed 1920K, reserved 1048576K
}
Event: 39.300 GC heap before
{Heap before GC invocations=58 (full 3):
 PSYoungGen      total 274432K, used 258819K [0x00000000e0400000, 0x00000000f1e00000, 0x0000000100000000)
  eden space 261120K, 99% used [0x00000000e0400000,0x00000000f0090e18,0x00000000f0300000)
  from space 13312K, 1% used [0x00000000f1100000,0x00000000f1130000,0x00000000f1e00000)
  to   space 13824K, 0% used [0x00000000f0300000,0x00000000f0300000,0x00000000f1080000)
 ParOldGen       total 227840K, used 155387K [0x00000000a0c00000, 0x00000000aea80000, 0x00000000e0400000)
  object space 227840K, 68% used [0x00000000a0c00000,0x00000000aa3beee8,0x00000000aea80000)
 Metaspace       used 17929K, capacity 18153K, committed 18304K, reserved 1064960K
  class space    used 1723K, capacity 1793K, committed 1920K, reserved 1048576K
Event: 39.301 GC heap after
Heap after GC invocations=58 (full 3):
 PSYoungGen      total 274944K, used 224K [0x00000000e0400000, 0x00000000f1d80000, 0x0000000100000000)
  eden space 261120K, 0% used [0x00000000e0400000,0x00000000e0400000,0x00000000f0300000)
  from space 13824K, 1% used [0x00000000f0300000,0x00000000f0338000,0x00000000f1080000)
  to   space 13312K, 0% used [0x00000000f1080000,0x00000000f1080000,0x00000000f1d80000)
 ParOldGen       total 227840K, used 155435K [0x00000000a0c00000, 0x00000000aea80000, 0x00000000e0400000)
  object space 227840K, 68% used [0x00000000a0c00000,0x00000000aa3caee8,0x00000000aea80000)
 Metaspace       used 17929K, capacity 18153K, committed 18304K, reserved 1064960K
  class space    used 1723K, capacity 1793K, committed 1920K, reserved 1048576K
}
Event: 40.182 GC heap before
{Heap before GC invocations=59 (full 3):
 PSYoungGen      total 274944K, used 258886K [0x00000000e0400000, 0x00000000f1d80000, 0x0000000100000000)
  eden space 261120K, 99% used [0x00000000e0400000,0x00000000f0099b98,0x00000000f0300000)
  from space 13824K, 1% used [0x00000000f0300000,0x00000000f0338000,0x00000000f1080000)
  to   space 13312K, 0% used [0x00000000f1080000,0x00000000f1080000,0x00000000f1d80000)
 ParOldGen       total 227840K, used 155435K [0x00000000a0c00000, 0x00000000aea80000, 0x00000000e0400000)
  object space 227840K, 68% used [0x00000000a0c00000,0x00000000aa3caee8,0x00000000aea80000)
 Metaspace       used 17929K, capacity 18153K, committed 18304K, reserved 1064960K
  class space    used 1723K, capacity 1793K, committed 1920K, reserved 1048576K
Event: 40.184 GC heap after
Heap after GC invocations=59 (full 3):
 PSYoungGen      total 273920K, used 160K [0x00000000e0400000, 0x00000000f1c00000, 0x0000000100000000)
  eden space 262144K, 0% used [0x00000000e0400000,0x00000000e0400000,0x00000000f0400000)
  from space 11776K, 1% used [0x00000000f1080000,0x00000000f10a8000,0x00000000f1c00000)
  to   space 12288K, 0% used [0x00000000f0400000,0x00000000f0400000,0x00000000f1000000)
 ParOldGen       total 227840K, used 155435K [0x00000000a0c00000, 0x00000000aea80000, 0x00000000e0400000)
  object space 227840K, 68% used [0x00000000a0c00000,0x00000000aa3caee8,0x00000000aea80000)
 Metaspace       used 17929K, capacity 18153K, committed 18304K, reserved 1064960K
  class space    used 1723K, capacity 1793K, committed 1920K, reserved 1048576K
}

