# JRE version: Java(TM) SE Runtime Environment (8.0_25-b18) (build 1.8.0_25-b18)
# Java VM: Java HotSpot(TM) 64-Bit Server VM (25.25-b02 mixed mode windows-amd64 compressed oops)
Heap:
 PSYoungGen      total 344576K, used 84491K [0x00000000e0400000, 0x00000000f5680000, 0x0000000100000000)
  eden space 342528K, 24% used [0x00000000e0400000,0x00000000e5672de0,0x00000000f5280000)
  from space 2048K, 3% used [0x00000000f5480000,0x00000000f5490000,0x00000000f5680000)
  to   space 2048K, 0% used [0x00000000f5280000,0x00000000f5280000,0x00000000f5480000)
 ParOldGen       total 237568K, used 164519K [0x00000000a0c00000, 0x00000000af400000, 0x00000000e0400000)
  object space 237568K, 69% used [0x00000000a0c00000,0x00000000aaca9f00,0x00000000af400000)
 Metaspace       used 17996K, capacity 18185K, committed 18432K, reserved 1067008K
  class space    used 1721K, capacity 1761K, committed 1792K, reserved 1048576K
GC Heap History (10 events):
Event: 35.050 GC heap before
{Heap before GC invocations=77 (full 3):
 PSYoungGen      total 340992K, used 334628K [0x00000000e0400000, 0x00000000f5480000, 0x0000000100000000)
  eden space 337920K, 98% used [0x00000000e0400000,0x00000000f4aa92d0,0x00000000f4e00000)
  from space 3072K, 4% used [0x00000000f4e00000,0x00000000f4e20000,0x00000000f5100000)
  to   space 2560K, 0% used [0x00000000f5200000,0x00000000f5200000,0x00000000f5480000)
 ParOldGen       total 237568K, used 164519K [0x00000000a0c00000, 0x00000000af400000, 0x00000000e0400000)
  object space 237568K, 69% used [0x00000000a0c00000,0x00000000aaca9f00,0x00000000af400000)
 Metaspace       used 17961K, capacity 18185K, committed 18432K, reserved 1067008K
  class space    used 1710K, capacity 1761K, committed 1792K, reserved 1048576K
Event: 35.051 GC heap after
Heap after GC invocations=77 (full 3):
 PSYoungGen      total 342016K, used 96K [0x00000000e0400000, 0x00000000f5480000, 0x0000000100000000)
  eden space 339456K, 0% used [0x00000000e0400000,0x00000000e0400000,0x00000000f4f80000)
  from space 2560K, 3% used [0x00000000f5200000,0x00000000f5218000,0x00000000f5480000)
  to   space 2560K, 0% used [0x00000000f4f80000,0x00000000f4f80000,0x00000000f5200000)
 ParOldGen       total 237568K, used 164519K [0x00000000a0c00000, 0x00000000af400000, 0x00000000e0400000)
  object space 237568K, 69% used [0x00000000a0c00000,0x00000000aaca9f00,0x00000000af400000)
 Metaspace       used 17961K, capacity 18185K, committed 18432K, reserved 1067008K
  class space    used 1710K, capacity 1761K, committed 1792K, reserved 1048576K
}
Event: 35.583 GC heap before
{Heap before GC invocations=78 (full 3):
 PSYoungGen      total 342016K, used 335172K [0x00000000e0400000, 0x00000000f5480000, 0x0000000100000000)
  eden space 339456K, 98% used [0x00000000e0400000,0x00000000f4b392f8,0x00000000f4f80000)
  from space 2560K, 3% used [0x00000000f5200000,0x00000000f5218000,0x00000000f5480000)
  to   space 2560K, 0% used [0x00000000f4f80000,0x00000000f4f80000,0x00000000f5200000)
 ParOldGen       total 237568K, used 164519K [0x00000000a0c00000, 0x00000000af400000, 0x00000000e0400000)
  object space 237568K, 69% used [0x00000000a0c00000,0x00000000aaca9f00,0x00000000af400000)
 Metaspace       used 17961K, capacity 18185K, committed 18432K, reserved 1067008K
  class space    used 1710K, capacity 1761K, committed 1792K, reserved 1048576K
Event: 35.584 GC heap after
Heap after GC invocations=78 (full 3):
 PSYoungGen      total 342016K, used 96K [0x00000000e0400000, 0x00000000f5600000, 0x0000000100000000)
  eden space 339456K, 0% used [0x00000000e0400000,0x00000000e0400000,0x00000000f4f80000)
  from space 2560K, 3% used [0x00000000f4f80000,0x00000000f4f98000,0x00000000f5200000)
  to   space 2560K, 0% used [0x00000000f5380000,0x00000000f5380000,0x00000000f5600000)
 ParOldGen       total 237568K, used 164519K [0x00000000a0c00000, 0x00000000af400000, 0x00000000e0400000)
  object space 237568K, 69% used [0x00000000a0c00000,0x00000000aaca9f00,0x00000000af400000)
 Metaspace       used 17961K, capacity 18185K, committed 18432K, reserved 1067008K
  class space    used 1710K, capacity 1761K, committed 1792K, reserved 1048576K
}
Event: 36.117 GC heap before
{Heap before GC invocations=79 (full 3):
 PSYoungGen      total 342016K, used 335107K [0x00000000e0400000, 0x00000000f5600000, 0x0000000100000000)
  eden space 339456K, 98% used [0x00000000e0400000,0x00000000f4b28ea0,0x00000000f4f80000)
  from space 2560K, 3% used [0x00000000f4f80000,0x00000000f4f98000,0x00000000f5200000)
  to   space 2560K, 0% used [0x00000000f5380000,0x00000000f5380000,0x00000000f5600000)
 ParOldGen       total 237568K, used 164519K [0x00000000a0c00000, 0x00000000af400000, 0x00000000e0400000)
  object space 237568K, 69% used [0x00000000a0c00000,0x00000000aaca9f00,0x00000000af400000)
 Metaspace       used 17961K, capacity 18185K, committed 18432K, reserved 1067008K
  class space    used 1710K, capacity 1761K, committed 1792K, reserved 1048576K
Event: 36.118 GC heap after
Heap after GC invocations=79 (full 3):
 PSYoungGen      total 342528K, used 96K [0x00000000e0400000, 0x00000000f5500000, 0x0000000100000000)
  eden space 340992K, 0% used [0x00000000e0400000,0x00000000e0400000,0x00000000f5100000)
  from space 1536K, 6% used [0x00000000f5380000,0x00000000f5398000,0x00000000f5500000)
  to   space 2048K, 0% used [0x00000000f5100000,0x00000000f5100000,0x00000000f5300000)
 ParOldGen       total 237568K, used 164519K [0x00000000a0c00000, 0x00000000af400000, 0x00000000e0400000)
  object space 237568K, 69% used [0x00000000a0c00000,0x00000000aaca9f00,0x00000000af400000)
 Metaspace       used 17961K, capacity 18185K, committed 18432K, reserved 1067008K
  class space    used 1710K, capacity 1761K, committed 1792K, reserved 1048576K
}
Event: 36.650 GC heap before
{Heap before GC invocations=80 (full 3):
 PSYoungGen      total 342528K, used 337901K [0x00000000e0400000, 0x00000000f5500000, 0x0000000100000000)
  eden space 340992K, 99% used [0x00000000e0400000,0x00000000f4de34d8,0x00000000f5100000)
  from space 1536K, 6% used [0x00000000f5380000,0x00000000f5398000,0x00000000f5500000)
  to   space 2048K, 0% used [0x00000000f5100000,0x00000000f5100000,0x00000000f5300000)
 ParOldGen       total 237568K, used 164519K [0x00000000a0c00000, 0x00000000af400000, 0x00000000e0400000)
  object space 237568K, 69% used [0x00000000a0c00000,0x00000000aaca9f00,0x00000000af400000)
 Metaspace       used 17961K, capacity 18185K, committed 18432K, reserved 1067008K
  class space    used 1710K, capacity 1761K, committed 1792K, reserved 1048576K
Event: 36.651 GC heap after
Heap after GC invocations=80 (full 3):
 PSYoungGen      total 343040K, used 160K [0x00000000e0400000, 0x00000000f5680000, 0x0000000100000000)
  eden space 340992K, 0% used [0x00000000e0400000,0x00000000e0400000,0x00000000f5100000)
  from space 2048K, 7% used [0x00000000f5100000,0x00000000f5128000,0x00000000f5300000)
  to   space 2048K, 0% used [0x00000000f5480000,0x00000000f5480000,0x00000000f5680000)
 ParOldGen       total 237568K, used 164519K [0x00000000a0c00000, 0x00000000af400000, 0x00000000e0400000)
  object space 237568K, 69% used [0x00000000a0c00000,0x00000000aaca9f00,0x00000000af400000)
 Metaspace       used 17961K, capacity 18185K, committed 18432K, reserved 1067008K
  class space    used 1710K, capacity 1761K, committed 1792K, reserved 1048576K
}
Event: 37.182 GC heap before
{Heap before GC invocations=81 (full 3):
 PSYoungGen      total 343040K, used 336715K [0x00000000e0400000, 0x00000000f5680000, 0x0000000100000000)
  eden space 340992K, 98% used [0x00000000e0400000,0x00000000f4caae50,0x00000000f5100000)
  from space 2048K, 7% used [0x00000000f5100000,0x00000000f5128000,0x00000000f5300000)
  to   space 2048K, 0% used [0x00000000f5480000,0x00000000f5480000,0x00000000f5680000)
 ParOldGen       total 237568K, used 164519K [0x00000000a0c00000, 0x00000000af400000, 0x00000000e0400000)
  object space 237568K, 69% used [0x00000000a0c00000,0x00000000aaca9f00,0x00000000af400000)
 Metaspace       used 17961K, capacity 18185K, committed 18432K, reserved 1067008K
  class space    used 1710K, capacity 1761K, committed 1792K, reserved 1048576K
Event: 37.184 GC heap after
Heap after GC invocations=81 (full 3):
 PSYoungGen      total 344576K, used 64K [0x00000000e0400000, 0x00000000f5680000, 0x0000000100000000)
  eden space 342528K, 0% used [0x00000000e0400000,0x00000000e0400000,0x00000000f5280000)
  from space 2048K, 3% used [0x00000000f5480000,0x00000000f5490000,0x00000000f5680000)
  to   space 2048K, 0% used [0x00000000f5280000,0x00000000f5280000,0x00000000f5480000)
 ParOldGen       total 237568K, used 164519K [0x00000000a0c00000, 0x00000000af400000, 0x00000000e0400000)
  object space 237568K, 69% used [0x00000000a0c00000,0x00000000aaca9f00,0x00000000af400000)
 Metaspace       used 17961K, capacity 18185K, committed 18432K, reserved 1067008K
  class space    used 1710K, capacity 1761K, committed 1792K, reserved 1048576K
}

