# JRE version: Java(TM) SE Runtime Environment (8.0_25-b18) (build 1.8.0_25-b18)
# Java VM: Java HotSpot(TM) 64-Bit Server VM (25.25-b02 mixed mode windows-amd64 compressed oops)
Heap:
 PSYoungGen      total 284672K, used 82507K [0x00000000e0400000, 0x00000000f7e80000, 0x0000000100000000)
  eden space 225792K, 32% used [0x00000000e0400000,0x00000000e4badcd8,0x00000000ee080000)
  from space 58880K, 15% used [0x00000000ee080000,0x00000000ee965020,0x00000000f1a00000)
  to   space 57344K, 0% used [0x00000000f4680000,0x00000000f4680000,0x00000000f7e80000)
 ParOldGen       total 224256K, used 145889K [0x00000000a0c00000, 0x00000000ae700000, 0x00000000e0400000)
  object space 224256K, 65% used [0x00000000a0c00000,0x00000000a9a786c0,0x00000000ae700000)
 Metaspace       used 17547K, capacity 17761K, committed 18048K, reserved 1064960K
  class space    used 1735K, capacity 1793K, committed 1920K, reserved 1048576K
GC Heap History (10 events):
Event: 3.638 GC heap before
{Heap before GC invocations=12 (full 2):
 PSYoungGen      total 193536K, used 163789K [0x00000000e0400000, 0x00000000f2a80000, 0x0000000100000000)
  eden space 134656K, 94% used [0x00000000e0400000,0x00000000e80ea9f8,0x00000000e8780000)
  from space 58880K, 60% used [0x00000000e8780000,0x00000000eaa88ca8,0x00000000ec100000)
  to   space 58880K, 0% used [0x00000000ef100000,0x00000000ef100000,0x00000000f2a80000)
 ParOldGen       total 148992K, used 111409K [0x00000000a0c00000, 0x00000000a9d80000, 0x00000000e0400000)
  object space 148992K, 74% used [0x00000000a0c00000,0x00000000a78cc7f8,0x00000000a9d80000)
 Metaspace       used 17385K, capacity 17569K, committed 17792K, reserved 1064960K
  class space    used 1723K, capacity 1793K, committed 1920K, reserved 1048576K
Event: 3.657 GC heap after
Heap after GC invocations=12 (full 2):
 PSYoungGen      total 240640K, used 160K [0x00000000e0400000, 0x00000000f2c80000, 0x0000000100000000)
  eden space 181760K, 0% used [0x00000000e0400000,0x00000000e0400000,0x00000000eb580000)
  from space 58880K, 0% used [0x00000000ef100000,0x00000000ef128000,0x00000000f2a80000)
  to   space 60928K, 0% used [0x00000000eb580000,0x00000000eb580000,0x00000000ef100000)
 ParOldGen       total 148992K, used 147284K [0x00000000a0c00000, 0x00000000a9d80000, 0x00000000e0400000)
  object space 148992K, 98% used [0x00000000a0c00000,0x00000000a9bd51b0,0x00000000a9d80000)
 Metaspace       used 17385K, capacity 17569K, committed 17792K, reserved 1064960K
  class space    used 1723K, capacity 1793K, committed 1920K, reserved 1048576K
}
Event: 3.657 GC heap before
{Heap before GC invocations=13 (full 3):
 PSYoungGen      total 240640K, used 160K [0x00000000e0400000, 0x00000000f2c80000, 0x0000000100000000)
  eden space 181760K, 0% used [0x00000000e0400000,0x00000000e0400000,0x00000000eb580000)
  from space 58880K, 0% used [0x00000000ef100000,0x00000000ef128000,0x00000000f2a80000)
  to   space 60928K, 0% used [0x00000000eb580000,0x00000000eb580000,0x00000000ef100000)
 ParOldGen       total 148992K, used 147284K [0x00000000a0c00000, 0x00000000a9d80000, 0x00000000e0400000)
  object space 148992K, 98% used [0x00000000a0c00000,0x00000000a9bd51b0,0x00000000a9d80000)
 Metaspace       used 17385K, capacity 17569K, committed 17792K, reserved 1064960K
  class space    used 1723K, capacity 1793K, committed 1920K, reserved 1048576K
Event: 3.964 GC heap after
Heap after GC invocations=13 (full 3):
 PSYoungGen      total 240640K, used 0K [0x00000000e0400000, 0x00000000f2c80000, 0x0000000100000000)
  eden space 181760K, 0% used [0x00000000e0400000,0x00000000e0400000,0x00000000eb580000)
  from space 58880K, 0% used [0x00000000ef100000,0x00000000ef100000,0x00000000f2a80000)
  to   space 60928K, 0% used [0x00000000eb580000,0x00000000eb580000,0x00000000ef100000)
 ParOldGen       total 224256K, used 145865K [0x00000000a0c00000, 0x00000000ae700000, 0x00000000e0400000)
  object space 224256K, 65% used [0x00000000a0c00000,0x00000000a9a726c0,0x00000000ae700000)
 Metaspace       used 17385K, capacity 17569K, committed 17792K, reserved 1064960K
  class space    used 1723K, capacity 1793K, committed 1920K, reserved 1048576K
}
Event: 4.226 GC heap before
{Heap before GC invocations=14 (full 3):
 PSYoungGen      total 240640K, used 181760K [0x00000000e0400000, 0x00000000f2c80000, 0x0000000100000000)
  eden space 181760K, 100% used [0x00000000e0400000,0x00000000eb580000,0x00000000eb580000)
  from space 58880K, 0% used [0x00000000ef100000,0x00000000ef100000,0x00000000f2a80000)
  to   space 60928K, 0% used [0x00000000eb580000,0x00000000eb580000,0x00000000ef100000)
 ParOldGen       total 224256K, used 145865K [0x00000000a0c00000, 0x00000000ae700000, 0x00000000e0400000)
  object space 224256K, 65% used [0x00000000a0c00000,0x00000000a9a726c0,0x00000000ae700000)
 Metaspace       used 17460K, capacity 17697K, committed 18048K, reserved 1064960K
  class space    used 1723K, capacity 1793K, committed 1920K, reserved 1048576K
Event: 4.231 GC heap after
Heap after GC invocations=14 (full 3):
 PSYoungGen      total 242688K, used 9172K [0x00000000e0400000, 0x00000000f5b80000, 0x0000000100000000)
  eden space 181760K, 0% used [0x00000000e0400000,0x00000000e0400000,0x00000000eb580000)
  from space 60928K, 15% used [0x00000000eb580000,0x00000000ebe75020,0x00000000ef100000)
  to   space 59904K, 0% used [0x00000000f2100000,0x00000000f2100000,0x00000000f5b80000)
 ParOldGen       total 224256K, used 145873K [0x00000000a0c00000, 0x00000000ae700000, 0x00000000e0400000)
  object space 224256K, 65% used [0x00000000a0c00000,0x00000000a9a746c0,0x00000000ae700000)
 Metaspace       used 17460K, capacity 17697K, committed 18048K, reserved 1064960K
  class space    used 1723K, capacity 1793K, committed 1920K, reserved 1048576K
}
Event: 4.491 GC heap before
{Heap before GC invocations=15 (full 3):
 PSYoungGen      total 242688K, used 190932K [0x00000000e0400000, 0x00000000f5b80000, 0x0000000100000000)
  eden space 181760K, 100% used [0x00000000e0400000,0x00000000eb580000,0x00000000eb580000)
  from space 60928K, 15% used [0x00000000eb580000,0x00000000ebe75020,0x00000000ef100000)
  to   space 59904K, 0% used [0x00000000f2100000,0x00000000f2100000,0x00000000f5b80000)
 ParOldGen       total 224256K, used 145873K [0x00000000a0c00000, 0x00000000ae700000, 0x00000000e0400000)
  object space 224256K, 65% used [0x00000000a0c00000,0x00000000a9a746c0,0x00000000ae700000)
 Metaspace       used 17478K, capacity 17697K, committed 18048K, reserved 1064960K
  class space    used 1723K, capacity 1793K, committed 1920K, reserved 1048576K
Event: 4.496 GC heap after
Heap after GC invocations=15 (full 3):
 PSYoungGen      total 277504K, used 9076K [0x00000000e0400000, 0x00000000f5380000, 0x0000000100000000)
  eden space 225792K, 0% used [0x00000000e0400000,0x00000000e0400000,0x00000000ee080000)
  from space 51712K, 17% used [0x00000000f2100000,0x00000000f29dd020,0x00000000f5380000)
  to   space 58880K, 0% used [0x00000000ee080000,0x00000000ee080000,0x00000000f1a00000)
 ParOldGen       total 224256K, used 145881K [0x00000000a0c00000, 0x00000000ae700000, 0x00000000e0400000)
  object space 224256K, 65% used [0x00000000a0c00000,0x00000000a9a766c0,0x00000000ae700000)
 Metaspace       used 17478K, capacity 17697K, committed 18048K, reserved 1064960K
  class space    used 1723K, capacity 1793K, committed 1920K, reserved 1048576K
}
Event: 4.823 GC heap before
{Heap before GC invocations=16 (full 3):
 PSYoungGen      total 277504K, used 234868K [0x00000000e0400000, 0x00000000f5380000, 0x0000000100000000)
  eden space 225792K, 100% used [0x00000000e0400000,0x00000000ee080000,0x00000000ee080000)
  from space 51712K, 17% used [0x00000000f2100000,0x00000000f29dd020,0x00000000f5380000)
  to   space 58880K, 0% used [0x00000000ee080000,0x00000000ee080000,0x00000000f1a00000)
 ParOldGen       total 224256K, used 145881K [0x00000000a0c00000, 0x00000000ae700000, 0x00000000e0400000)
  object space 224256K, 65% used [0x00000000a0c00000,0x00000000a9a766c0,0x00000000ae700000)
 Metaspace       used 17507K, capacity 17761K, committed 18048K, reserved 1064960K
  class space    used 1723K, capacity 1793K, committed 1920K, reserved 1048576K
Event: 4.826 GC heap after
Heap after GC invocations=16 (full 3):
 PSYoungGen      total 284672K, used 9108K [0x00000000e0400000, 0x00000000f7e80000, 0x0000000100000000)
  eden space 225792K, 0% used [0x00000000e0400000,0x00000000e0400000,0x00000000ee080000)
  from space 58880K, 15% used [0x00000000ee080000,0x00000000ee965020,0x00000000f1a00000)
  to   space 57344K, 0% used [0x00000000f4680000,0x00000000f4680000,0x00000000f7e80000)
 ParOldGen       total 224256K, used 145889K [0x00000000a0c00000, 0x00000000ae700000, 0x00000000e0400000)
  object space 224256K, 65% used [0x00000000a0c00000,0x00000000a9a786c0,0x00000000ae700000)
 Metaspace       used 17507K, capacity 17761K, committed 18048K, reserved 1064960K
  class space    used 1723K, capacity 1793K, committed 1920K, reserved 1048576K
}

