# JRE version: Java(TM) SE Runtime Environment (8.0_25-b18) (build 1.8.0_25-b18)
# Java VM: Java HotSpot(TM) 64-Bit Server VM (25.25-b02 mixed mode windows-amd64 compressed oops)
Heap:
 PSYoungGen      total 468480K, used 186810K [0x00000000e0400000, 0x00000000fcf80000, 0x0000000100000000)
  eden space 467968K, 39% used [0x00000000e0400000,0x00000000eba4eb40,0x00000000fcd00000)
  from space 512K, 25% used [0x00000000fcf00000,0x00000000fcf20000,0x00000000fcf80000)
  to   space 1024K, 0% used [0x00000000fcd80000,0x00000000fcd80000,0x00000000fce80000)
 ParOldGen       total 243712K, used 172419K [0x00000000a0c00000, 0x00000000afa00000, 0x00000000e0400000)
  object space 243712K, 70% used [0x00000000a0c00000,0x00000000ab460f60,0x00000000afa00000)
 Metaspace       used 18700K, capacity 18927K, committed 19072K, reserved 1067008K
  class space    used 1765K, capacity 1794K, committed 1920K, reserved 1048576K
GC Heap History (10 events):
Event: 102.912 GC heap before
{Heap before GC invocations=142 (full 3):
 PSYoungGen      total 461312K, used 460928K [0x00000000e0400000, 0x00000000fc800000, 0x0000000100000000)
  eden space 460800K, 100% used [0x00000000e0400000,0x00000000fc600000,0x00000000fc600000)
  from space 512K, 25% used [0x00000000fc780000,0x00000000fc7a0000,0x00000000fc800000)
  to   space 1024K, 0% used [0x00000000fc600000,0x00000000fc600000,0x00000000fc700000)
 ParOldGen       total 226304K, used 213751K [0x00000000a0c00000, 0x00000000ae900000, 0x00000000e0400000)
  object space 226304K, 94% used [0x00000000a0c00000,0x00000000adcbde70,0x00000000ae900000)
 Metaspace       used 18695K, capacity 18927K, committed 19072K, reserved 1067008K
  class space    used 1764K, capacity 1794K, committed 1920K, reserved 1048576K
Event: 102.914 GC heap after
Heap after GC invocations=142 (full 3):
 PSYoungGen      total 461824K, used 128K [0x00000000e0400000, 0x00000000fcb80000, 0x0000000100000000)
  eden space 460800K, 0% used [0x00000000e0400000,0x00000000e0400000,0x00000000fc600000)
  from space 1024K, 12% used [0x00000000fc600000,0x00000000fc620000,0x00000000fc700000)
  to   space 1024K, 0% used [0x00000000fca80000,0x00000000fca80000,0x00000000fcb80000)
 ParOldGen       total 226304K, used 213751K [0x00000000a0c00000, 0x00000000ae900000, 0x00000000e0400000)
  object space 226304K, 94% used [0x00000000a0c00000,0x00000000adcbde70,0x00000000ae900000)
 Metaspace       used 18695K, capacity 18927K, committed 19072K, reserved 1067008K
  class space    used 1764K, capacity 1794K, committed 1920K, reserved 1048576K
}
Event: 103.386 GC heap before
{Heap before GC invocations=143 (full 3):
 PSYoungGen      total 461824K, used 460928K [0x00000000e0400000, 0x00000000fcb80000, 0x0000000100000000)
  eden space 460800K, 100% used [0x00000000e0400000,0x00000000fc600000,0x00000000fc600000)
  from space 1024K, 12% used [0x00000000fc600000,0x00000000fc620000,0x00000000fc700000)
  to   space 1024K, 0% used [0x00000000fca80000,0x00000000fca80000,0x00000000fcb80000)
 ParOldGen       total 226304K, used 213751K [0x00000000a0c00000, 0x00000000ae900000, 0x00000000e0400000)
  object space 226304K, 94% used [0x00000000a0c00000,0x00000000adcbde70,0x00000000ae900000)
 Metaspace       used 18695K, capacity 18927K, committed 19072K, reserved 1067008K
  class space    used 1764K, capacity 1794K, committed 1920K, reserved 1048576K
Event: 103.390 GC heap after
Heap after GC invocations=143 (full 3):
 PSYoungGen      total 465408K, used 160K [0x00000000e0400000, 0x00000000fcc00000, 0x0000000100000000)
  eden space 464384K, 0% used [0x00000000e0400000,0x00000000e0400000,0x00000000fc980000)
  from space 1024K, 15% used [0x00000000fca80000,0x00000000fcaa8000,0x00000000fcb80000)
  to   space 1024K, 0% used [0x00000000fc980000,0x00000000fc980000,0x00000000fca80000)
 ParOldGen       total 226304K, used 221851K [0x00000000a0c00000, 0x00000000ae900000, 0x00000000e0400000)
  object space 226304K, 98% used [0x00000000a0c00000,0x00000000ae4a6e80,0x00000000ae900000)
 Metaspace       used 18695K, capacity 18927K, committed 19072K, reserved 1067008K
  class space    used 1764K, capacity 1794K, committed 1920K, reserved 1048576K
}
Event: 103.390 GC heap before
{Heap before GC invocations=144 (full 4):
 PSYoungGen      total 465408K, used 160K [0x00000000e0400000, 0x00000000fcc00000, 0x0000000100000000)
  eden space 464384K, 0% used [0x00000000e0400000,0x00000000e0400000,0x00000000fc980000)
  from space 1024K, 15% used [0x00000000fca80000,0x00000000fcaa8000,0x00000000fcb80000)
  to   space 1024K, 0% used [0x00000000fc980000,0x00000000fc980000,0x00000000fca80000)
 ParOldGen       total 226304K, used 221851K [0x00000000a0c00000, 0x00000000ae900000, 0x00000000e0400000)
  object space 226304K, 98% used [0x00000000a0c00000,0x00000000ae4a6e80,0x00000000ae900000)
 Metaspace       used 18695K, capacity 18927K, committed 19072K, reserved 1067008K
  class space    used 1764K, capacity 1794K, committed 1920K, reserved 1048576K
Event: 103.437 GC heap after
Heap after GC invocations=144 (full 4):
 PSYoungGen      total 465408K, used 0K [0x00000000e0400000, 0x00000000fcc00000, 0x0000000100000000)
  eden space 464384K, 0% used [0x00000000e0400000,0x00000000e0400000,0x00000000fc980000)
  from space 1024K, 0% used [0x00000000fca80000,0x00000000fca80000,0x00000000fcb80000)
  to   space 1024K, 0% used [0x00000000fc980000,0x00000000fc980000,0x00000000fca80000)
 ParOldGen       total 243712K, used 164319K [0x00000000a0c00000, 0x00000000afa00000, 0x00000000e0400000)
  object space 243712K, 67% used [0x00000000a0c00000,0x00000000aac77f50,0x00000000afa00000)
 Metaspace       used 18695K, capacity 18927K, committed 19072K, reserved 1067008K
  class space    used 1764K, capacity 1794K, committed 1920K, reserved 1048576K
}
Event: 104.846 GC heap before
{Heap before GC invocations=145 (full 4):
 PSYoungGen      total 465408K, used 459360K [0x00000000e0400000, 0x00000000fcc00000, 0x0000000100000000)
  eden space 464384K, 98% used [0x00000000e0400000,0x00000000fc498330,0x00000000fc980000)
  from space 1024K, 0% used [0x00000000fca80000,0x00000000fca80000,0x00000000fcb80000)
  to   space 1024K, 0% used [0x00000000fc980000,0x00000000fc980000,0x00000000fca80000)
 ParOldGen       total 243712K, used 164319K [0x00000000a0c00000, 0x00000000afa00000, 0x00000000e0400000)
  object space 243712K, 67% used [0x00000000a0c00000,0x00000000aac77f50,0x00000000afa00000)
 Metaspace       used 18695K, capacity 18927K, committed 19072K, reserved 1067008K
  class space    used 1764K, capacity 1794K, committed 1920K, reserved 1048576K
Event: 104.847 GC heap after
Heap after GC invocations=145 (full 4):
 PSYoungGen      total 465408K, used 192K [0x00000000e0400000, 0x00000000fd000000, 0x0000000100000000)
  eden space 464384K, 0% used [0x00000000e0400000,0x00000000e0400000,0x00000000fc980000)
  from space 1024K, 18% used [0x00000000fc980000,0x00000000fc9b0000,0x00000000fca80000)
  to   space 1024K, 0% used [0x00000000fcf00000,0x00000000fcf00000,0x00000000fd000000)
 ParOldGen       total 243712K, used 164319K [0x00000000a0c00000, 0x00000000afa00000, 0x00000000e0400000)
  object space 243712K, 67% used [0x00000000a0c00000,0x00000000aac77f50,0x00000000afa00000)
 Metaspace       used 18695K, capacity 18927K, committed 19072K, reserved 1067008K
  class space    used 1764K, capacity 1794K, committed 1920K, reserved 1048576K
}
Event: 106.384 GC heap before
{Heap before GC invocations=146 (full 4):
 PSYoungGen      total 465408K, used 463877K [0x00000000e0400000, 0x00000000fd000000, 0x0000000100000000)
  eden space 464384K, 99% used [0x00000000e0400000,0x00000000fc8d1538,0x00000000fc980000)
  from space 1024K, 18% used [0x00000000fc980000,0x00000000fc9b0000,0x00000000fca80000)
  to   space 1024K, 0% used [0x00000000fcf00000,0x00000000fcf00000,0x00000000fd000000)
 ParOldGen       total 243712K, used 164319K [0x00000000a0c00000, 0x00000000afa00000, 0x00000000e0400000)
  object space 243712K, 67% used [0x00000000a0c00000,0x00000000aac77f50,0x00000000afa00000)
 Metaspace       used 18695K, capacity 18927K, committed 19072K, reserved 1067008K
  class space    used 1764K, capacity 1794K, committed 1920K, reserved 1048576K
Event: 106.386 GC heap after
Heap after GC invocations=146 (full 4):
 PSYoungGen      total 468480K, used 128K [0x00000000e0400000, 0x00000000fcf80000, 0x0000000100000000)
  eden space 467968K, 0% used [0x00000000e0400000,0x00000000e0400000,0x00000000fcd00000)
  from space 512K, 25% used [0x00000000fcf00000,0x00000000fcf20000,0x00000000fcf80000)
  to   space 1024K, 0% used [0x00000000fcd80000,0x00000000fcd80000,0x00000000fce80000)
 ParOldGen       total 243712K, used 172419K [0x00000000a0c00000, 0x00000000afa00000, 0x00000000e0400000)
  object space 243712K, 70% used [0x00000000a0c00000,0x00000000ab460f60,0x00000000afa00000)
 Metaspace       used 18695K, capacity 18927K, committed 19072K, reserved 1067008K
  class space    used 1764K, capacity 1794K, committed 1920K, reserved 1048576K
}

