# JRE version: Java(TM) SE Runtime Environment (8.0_25-b18) (build 1.8.0_25-b18)
# Java VM: Java HotSpot(TM) 64-Bit Server VM (25.25-b02 mixed mode windows-amd64 compressed oops)
Heap:
 PSYoungGen      total 240128K, used 177549K [0x00000000e0400000, 0x00000000f0b00000, 0x0000000100000000)
  eden space 212992K, 83% used [0x00000000e0400000,0x00000000eb12b640,0x00000000ed400000)
  from space 27136K, 0% used [0x00000000ef080000,0x00000000ef0b8000,0x00000000f0b00000)
  to   space 28160K, 0% used [0x00000000ed400000,0x00000000ed400000,0x00000000eef80000)
 ParOldGen       total 224256K, used 155384K [0x00000000a0c00000, 0x00000000ae700000, 0x00000000e0400000)
  object space 224256K, 69% used [0x00000000a0c00000,0x00000000aa3be3c0,0x00000000ae700000)
 Metaspace       used 17927K, capacity 18125K, committed 18176K, reserved 1064960K
  class space    used 1718K, capacity 1761K, committed 1792K, reserved 1048576K
GC Heap History (10 events):
Event: 15.215 GC heap before
{Heap before GC invocations=33 (full 3):
 PSYoungGen      total 242688K, used 206819K [0x00000000e0400000, 0x00000000f1200000, 0x0000000100000000)
  eden space 209408K, 98% used [0x00000000e0400000,0x00000000ecdc8f78,0x00000000ed080000)
  from space 33280K, 0% used [0x00000000ed080000,0x00000000ed0b0000,0x00000000ef100000)
  to   space 32768K, 0% used [0x00000000ef200000,0x00000000ef200000,0x00000000f1200000)
 ParOldGen       total 224256K, used 155256K [0x00000000a0c00000, 0x00000000ae700000, 0x00000000e0400000)
  object space 224256K, 69% used [0x00000000a0c00000,0x00000000aa39e3c0,0x00000000ae700000)
 Metaspace       used 17885K, capacity 18125K, committed 18176K, reserved 1064960K
  class space    used 1706K, capacity 1761K, committed 1792K, reserved 1048576K
Event: 15.216 GC heap after
Heap after GC invocations=33 (full 3):
 PSYoungGen      total 242688K, used 224K [0x00000000e0400000, 0x00000000f1100000, 0x0000000100000000)
  eden space 210944K, 0% used [0x00000000e0400000,0x00000000e0400000,0x00000000ed200000)
  from space 31744K, 0% used [0x00000000ef200000,0x00000000ef238000,0x00000000f1100000)
  to   space 32256K, 0% used [0x00000000ed200000,0x00000000ed200000,0x00000000ef180000)
 ParOldGen       total 224256K, used 155280K [0x00000000a0c00000, 0x00000000ae700000, 0x00000000e0400000)
  object space 224256K, 69% used [0x00000000a0c00000,0x00000000aa3a43c0,0x00000000ae700000)
 Metaspace       used 17885K, capacity 18125K, committed 18176K, reserved 1064960K
  class space    used 1706K, capacity 1761K, committed 1792K, reserved 1048576K
}
Event: 15.916 GC heap before
{Heap before GC invocations=34 (full 3):
 PSYoungGen      total 242688K, used 206883K [0x00000000e0400000, 0x00000000f1100000, 0x0000000100000000)
  eden space 210944K, 97% used [0x00000000e0400000,0x00000000ecdd0c28,0x00000000ed200000)
  from space 31744K, 0% used [0x00000000ef200000,0x00000000ef238000,0x00000000f1100000)
  to   space 32256K, 0% used [0x00000000ed200000,0x00000000ed200000,0x00000000ef180000)
 ParOldGen       total 224256K, used 155280K [0x00000000a0c00000, 0x00000000ae700000, 0x00000000e0400000)
  object space 224256K, 69% used [0x00000000a0c00000,0x00000000aa3a43c0,0x00000000ae700000)
 Metaspace       used 17885K, capacity 18125K, committed 18176K, reserved 1064960K
  class space    used 1706K, capacity 1761K, committed 1792K, reserved 1048576K
Event: 15.917 GC heap after
Heap after GC invocations=34 (full 3):
 PSYoungGen      total 243200K, used 192K [0x00000000e0400000, 0x00000000f1080000, 0x0000000100000000)
  eden space 210944K, 0% used [0x00000000e0400000,0x00000000e0400000,0x00000000ed200000)
  from space 32256K, 0% used [0x00000000ed200000,0x00000000ed230000,0x00000000ef180000)
  to   space 31232K, 0% used [0x00000000ef200000,0x00000000ef200000,0x00000000f1080000)
 ParOldGen       total 224256K, used 155304K [0x00000000a0c00000, 0x00000000ae700000, 0x00000000e0400000)
  object space 224256K, 69% used [0x00000000a0c00000,0x00000000aa3aa3c0,0x00000000ae700000)
 Metaspace       used 17885K, capacity 18125K, committed 18176K, reserved 1064960K
  class space    used 1706K, capacity 1761K, committed 1792K, reserved 1048576K
}
Event: 16.615 GC heap before
{Heap before GC invocations=35 (full 3):
 PSYoungGen      total 243200K, used 206974K [0x00000000e0400000, 0x00000000f1080000, 0x0000000100000000)
  eden space 210944K, 98% used [0x00000000e0400000,0x00000000ecdef9f0,0x00000000ed200000)
  from space 32256K, 0% used [0x00000000ed200000,0x00000000ed230000,0x00000000ef180000)
  to   space 31232K, 0% used [0x00000000ef200000,0x00000000ef200000,0x00000000f1080000)
 ParOldGen       total 224256K, used 155304K [0x00000000a0c00000, 0x00000000ae700000, 0x00000000e0400000)
  object space 224256K, 69% used [0x00000000a0c00000,0x00000000aa3aa3c0,0x00000000ae700000)
 Metaspace       used 17921K, capacity 18125K, committed 18176K, reserved 1064960K
  class space    used 1718K, capacity 1761K, committed 1792K, reserved 1048576K
Event: 16.616 GC heap after
Heap after GC invocations=35 (full 3):
 PSYoungGen      total 240640K, used 224K [0x00000000e0400000, 0x00000000f0e00000, 0x0000000100000000)
  eden space 211968K, 0% used [0x00000000e0400000,0x00000000e0400000,0x00000000ed300000)
  from space 28672K, 0% used [0x00000000ef200000,0x00000000ef238000,0x00000000f0e00000)
  to   space 30208K, 0% used [0x00000000ed300000,0x00000000ed300000,0x00000000ef080000)
 ParOldGen       total 224256K, used 155328K [0x00000000a0c00000, 0x00000000ae700000, 0x00000000e0400000)
  object space 224256K, 69% used [0x00000000a0c00000,0x00000000aa3b03c0,0x00000000ae700000)
 Metaspace       used 17921K, capacity 18125K, committed 18176K, reserved 1064960K
  class space    used 1718K, capacity 1761K, committed 1792K, reserved 1048576K
}
Event: 17.316 GC heap before
{Heap before GC invocations=36 (full 3):
 PSYoungGen      total 240640K, used 206979K [0x00000000e0400000, 0x00000000f0e00000, 0x0000000100000000)
  eden space 211968K, 97% used [0x00000000e0400000,0x00000000ecde8d48,0x00000000ed300000)
  from space 28672K, 0% used [0x00000000ef200000,0x00000000ef238000,0x00000000f0e00000)
  to   space 30208K, 0% used [0x00000000ed300000,0x00000000ed300000,0x00000000ef080000)
 ParOldGen       total 224256K, used 155328K [0x00000000a0c00000, 0x00000000ae700000, 0x00000000e0400000)
  object space 224256K, 69% used [0x00000000a0c00000,0x00000000aa3b03c0,0x00000000ae700000)
 Metaspace       used 17925K, capacity 18125K, committed 18176K, reserved 1064960K
  class space    used 1718K, capacity 1761K, committed 1792K, reserved 1048576K
Event: 17.317 GC heap after
Heap after GC invocations=36 (full 3):
 PSYoungGen      total 242176K, used 224K [0x00000000e0400000, 0x00000000f0d00000, 0x0000000100000000)
  eden space 211968K, 0% used [0x00000000e0400000,0x00000000e0400000,0x00000000ed300000)
  from space 30208K, 0% used [0x00000000ed300000,0x00000000ed338000,0x00000000ef080000)
  to   space 29184K, 0% used [0x00000000ef080000,0x00000000ef080000,0x00000000f0d00000)
 ParOldGen       total 224256K, used 155360K [0x00000000a0c00000, 0x00000000ae700000, 0x00000000e0400000)
  object space 224256K, 69% used [0x00000000a0c00000,0x00000000aa3b83c0,0x00000000ae700000)
 Metaspace       used 17925K, capacity 18125K, committed 18176K, reserved 1064960K
  class space    used 1718K, capacity 1761K, committed 1792K, reserved 1048576K
}
Event: 18.017 GC heap before
{Heap before GC invocations=37 (full 3):
 PSYoungGen      total 242176K, used 206951K [0x00000000e0400000, 0x00000000f0d00000, 0x0000000100000000)
  eden space 211968K, 97% used [0x00000000e0400000,0x00000000ecde1df8,0x00000000ed300000)
  from space 30208K, 0% used [0x00000000ed300000,0x00000000ed338000,0x00000000ef080000)
  to   space 29184K, 0% used [0x00000000ef080000,0x00000000ef080000,0x00000000f0d00000)
 ParOldGen       total 224256K, used 155360K [0x00000000a0c00000, 0x00000000ae700000, 0x00000000e0400000)
  object space 224256K, 69% used [0x00000000a0c00000,0x00000000aa3b83c0,0x00000000ae700000)
 Metaspace       used 17926K, capacity 18125K, committed 18176K, reserved 1064960K
  class space    used 1718K, capacity 1761K, committed 1792K, reserved 1048576K
Event: 18.018 GC heap after
Heap after GC invocations=37 (full 3):
 PSYoungGen      total 240128K, used 224K [0x00000000e0400000, 0x00000000f0b00000, 0x0000000100000000)
  eden space 212992K, 0% used [0x00000000e0400000,0x00000000e0400000,0x00000000ed400000)
  from space 27136K, 0% used [0x00000000ef080000,0x00000000ef0b8000,0x00000000f0b00000)
  to   space 28160K, 0% used [0x00000000ed400000,0x00000000ed400000,0x00000000eef80000)
 ParOldGen       total 224256K, used 155384K [0x00000000a0c00000, 0x00000000ae700000, 0x00000000e0400000)
  object space 224256K, 69% used [0x00000000a0c00000,0x00000000aa3be3c0,0x00000000ae700000)
 Metaspace       used 17926K, capacity 18125K, committed 18176K, reserved 1064960K
  class space    used 1718K, capacity 1761K, committed 1792K, reserved 1048576K
}

