# JRE version: Java(TM) SE Runtime Environment (8.0_25-b18) (build 1.8.0_25-b18)
# Java VM: Java HotSpot(TM) 64-Bit Server VM (25.25-b02 mixed mode windows-amd64 compressed oops)
Heap:
 PSYoungGen      total 370688K, used 40661K [0x00000000e0400000, 0x00000000f7c00000, 0x0000000100000000)
  eden space 358400K, 11% used [0x00000000e0400000,0x00000000e2b7d638,0x00000000f6200000)
  from space 12288K, 1% used [0x00000000f7000000,0x00000000f7038000,0x00000000f7c00000)
  to   space 13312K, 0% used [0x00000000f6200000,0x00000000f6200000,0x00000000f6f00000)
 ParOldGen       total 223744K, used 156397K [0x00000000a0c00000, 0x00000000ae680000, 0x00000000e0400000)
  object space 223744K, 69% used [0x00000000a0c00000,0x00000000aa4bb7a8,0x00000000ae680000)
 Metaspace       used 18536K, capacity 18729K, committed 19072K, reserved 1067008K
  class space    used 1761K, capacity 1793K, committed 1920K, reserved 1048576K
GC Heap History (10 events):
Event: 42.285 GC heap before
{Heap before GC invocations=49 (full 3):
 PSYoungGen      total 372736K, used 356032K [0x00000000e0400000, 0x00000000f8080000, 0x0000000100000000)
  eden space 355840K, 100% used [0x00000000e0400000,0x00000000f5f80000,0x00000000f5f80000)
  from space 16896K, 1% used [0x00000000f5f80000,0x00000000f5fb0000,0x00000000f7000000)
  to   space 16384K, 0% used [0x00000000f7080000,0x00000000f7080000,0x00000000f8080000)
 ParOldGen       total 223744K, used 156197K [0x00000000a0c00000, 0x00000000ae680000, 0x00000000e0400000)
  object space 223744K, 69% used [0x00000000a0c00000,0x00000000aa4897a8,0x00000000ae680000)
 Metaspace       used 18525K, capacity 18729K, committed 19072K, reserved 1067008K
  class space    used 1761K, capacity 1793K, committed 1920K, reserved 1048576K
Event: 42.288 GC heap after
Heap after GC invocations=49 (full 3):
 PSYoungGen      total 372736K, used 8356K [0x00000000e0400000, 0x00000000f8180000, 0x0000000100000000)
  eden space 356352K, 0% used [0x00000000e0400000,0x00000000e0400000,0x00000000f6000000)
  from space 16384K, 51% used [0x00000000f7080000,0x00000000f78a9010,0x00000000f8080000)
  to   space 16896K, 0% used [0x00000000f6000000,0x00000000f6000000,0x00000000f7080000)
 ParOldGen       total 223744K, used 156237K [0x00000000a0c00000, 0x00000000ae680000, 0x00000000e0400000)
  object space 223744K, 69% used [0x00000000a0c00000,0x00000000aa4937a8,0x00000000ae680000)
 Metaspace       used 18525K, capacity 18729K, committed 19072K, reserved 1067008K
  class space    used 1761K, capacity 1793K, committed 1920K, reserved 1048576K
}
Event: 43.483 GC heap before
{Heap before GC invocations=50 (full 3):
 PSYoungGen      total 372736K, used 359272K [0x00000000e0400000, 0x00000000f8180000, 0x0000000100000000)
  eden space 356352K, 98% used [0x00000000e0400000,0x00000000f5ab1278,0x00000000f6000000)
  from space 16384K, 51% used [0x00000000f7080000,0x00000000f78a9010,0x00000000f8080000)
  to   space 16896K, 0% used [0x00000000f6000000,0x00000000f6000000,0x00000000f7080000)
 ParOldGen       total 223744K, used 156237K [0x00000000a0c00000, 0x00000000ae680000, 0x00000000e0400000)
  object space 223744K, 69% used [0x00000000a0c00000,0x00000000aa4937a8,0x00000000ae680000)
 Metaspace       used 18525K, capacity 18729K, committed 19072K, reserved 1067008K
  class space    used 1761K, capacity 1793K, committed 1920K, reserved 1048576K
Event: 43.484 GC heap after
Heap after GC invocations=50 (full 3):
 PSYoungGen      total 373248K, used 160K [0x00000000e0400000, 0x00000000f8000000, 0x0000000100000000)
  eden space 356352K, 0% used [0x00000000e0400000,0x00000000e0400000,0x00000000f6000000)
  from space 16896K, 0% used [0x00000000f6000000,0x00000000f6028000,0x00000000f7080000)
  to   space 15872K, 0% used [0x00000000f7080000,0x00000000f7080000,0x00000000f8000000)
 ParOldGen       total 223744K, used 156277K [0x00000000a0c00000, 0x00000000ae680000, 0x00000000e0400000)
  object space 223744K, 69% used [0x00000000a0c00000,0x00000000aa49d7a8,0x00000000ae680000)
 Metaspace       used 18525K, capacity 18729K, committed 19072K, reserved 1067008K
  class space    used 1761K, capacity 1793K, committed 1920K, reserved 1048576K
}
Event: 44.681 GC heap before
{Heap before GC invocations=51 (full 3):
 PSYoungGen      total 373248K, used 353979K [0x00000000e0400000, 0x00000000f8000000, 0x0000000100000000)
  eden space 356352K, 99% used [0x00000000e0400000,0x00000000f5d86c50,0x00000000f6000000)
  from space 16896K, 0% used [0x00000000f6000000,0x00000000f6028000,0x00000000f7080000)
  to   space 15872K, 0% used [0x00000000f7080000,0x00000000f7080000,0x00000000f8000000)
 ParOldGen       total 223744K, used 156277K [0x00000000a0c00000, 0x00000000ae680000, 0x00000000e0400000)
  object space 223744K, 69% used [0x00000000a0c00000,0x00000000aa49d7a8,0x00000000ae680000)
 Metaspace       used 18525K, capacity 18729K, committed 19072K, reserved 1067008K
  class space    used 1761K, capacity 1793K, committed 1920K, reserved 1048576K
Event: 44.682 GC heap after
Heap after GC invocations=51 (full 3):
 PSYoungGen      total 372224K, used 224K [0x00000000e0400000, 0x00000000f7f00000, 0x0000000100000000)
  eden space 357376K, 0% used [0x00000000e0400000,0x00000000e0400000,0x00000000f6100000)
  from space 14848K, 1% used [0x00000000f7080000,0x00000000f70b8000,0x00000000f7f00000)
  to   space 15360K, 0% used [0x00000000f6100000,0x00000000f6100000,0x00000000f7000000)
 ParOldGen       total 223744K, used 156333K [0x00000000a0c00000, 0x00000000ae680000, 0x00000000e0400000)
  object space 223744K, 69% used [0x00000000a0c00000,0x00000000aa4ab7a8,0x00000000ae680000)
 Metaspace       used 18525K, capacity 18729K, committed 19072K, reserved 1067008K
  class space    used 1761K, capacity 1793K, committed 1920K, reserved 1048576K
}
Event: 45.881 GC heap before
{Heap before GC invocations=52 (full 3):
 PSYoungGen      total 372224K, used 353773K [0x00000000e0400000, 0x00000000f7f00000, 0x0000000100000000)
  eden space 357376K, 98% used [0x00000000e0400000,0x00000000f5d434d8,0x00000000f6100000)
  from space 14848K, 1% used [0x00000000f7080000,0x00000000f70b8000,0x00000000f7f00000)
  to   space 15360K, 0% used [0x00000000f6100000,0x00000000f6100000,0x00000000f7000000)
 ParOldGen       total 223744K, used 156333K [0x00000000a0c00000, 0x00000000ae680000, 0x00000000e0400000)
  object space 223744K, 69% used [0x00000000a0c00000,0x00000000aa4ab7a8,0x00000000ae680000)
 Metaspace       used 18528K, capacity 18729K, committed 19072K, reserved 1067008K
  class space    used 1761K, capacity 1793K, committed 1920K, reserved 1048576K
Event: 45.882 GC heap after
Heap after GC invocations=52 (full 3):
 PSYoungGen      total 372736K, used 192K [0x00000000e0400000, 0x00000000f7e00000, 0x0000000100000000)
  eden space 357376K, 0% used [0x00000000e0400000,0x00000000e0400000,0x00000000f6100000)
  from space 15360K, 1% used [0x00000000f6100000,0x00000000f6130000,0x00000000f7000000)
  to   space 14336K, 0% used [0x00000000f7000000,0x00000000f7000000,0x00000000f7e00000)
 ParOldGen       total 223744K, used 156373K [0x00000000a0c00000, 0x00000000ae680000, 0x00000000e0400000)
  object space 223744K, 69% used [0x00000000a0c00000,0x00000000aa4b57a8,0x00000000ae680000)
 Metaspace       used 18528K, capacity 18729K, committed 19072K, reserved 1067008K
  class space    used 1761K, capacity 1793K, committed 1920K, reserved 1048576K
}
Event: 47.082 GC heap before
{Heap before GC invocations=53 (full 3):
 PSYoungGen      total 372736K, used 357159K [0x00000000e0400000, 0x00000000f7e00000, 0x0000000100000000)
  eden space 357376K, 99% used [0x00000000e0400000,0x00000000f6099f40,0x00000000f6100000)
  from space 15360K, 1% used [0x00000000f6100000,0x00000000f6130000,0x00000000f7000000)
  to   space 14336K, 0% used [0x00000000f7000000,0x00000000f7000000,0x00000000f7e00000)
 ParOldGen       total 223744K, used 156373K [0x00000000a0c00000, 0x00000000ae680000, 0x00000000e0400000)
  object space 223744K, 69% used [0x00000000a0c00000,0x00000000aa4b57a8,0x00000000ae680000)
 Metaspace       used 18535K, capacity 18729K, committed 19072K, reserved 1067008K
  class space    used 1761K, capacity 1793K, committed 1920K, reserved 1048576K
Event: 47.084 GC heap after
Heap after GC invocations=53 (full 3):
 PSYoungGen      total 370688K, used 224K [0x00000000e0400000, 0x00000000f7c00000, 0x0000000100000000)
  eden space 358400K, 0% used [0x00000000e0400000,0x00000000e0400000,0x00000000f6200000)
  from space 12288K, 1% used [0x00000000f7000000,0x00000000f7038000,0x00000000f7c00000)
  to   space 13312K, 0% used [0x00000000f6200000,0x00000000f6200000,0x00000000f6f00000)
 ParOldGen       total 223744K, used 156397K [0x00000000a0c00000, 0x00000000ae680000, 0x00000000e0400000)
  object space 223744K, 69% used [0x00000000a0c00000,0x00000000aa4bb7a8,0x00000000ae680000)
 Metaspace       used 18535K, capacity 18729K, committed 19072K, reserved 1067008K
  class space    used 1761K, capacity 1793K, committed 1920K, reserved 1048576K
}

