# JRE version: Java(TM) SE Runtime Environment (8.0_31-b13) (build 1.8.0_31-b13)
# Java VM: Java HotSpot(TM) 64-Bit Server VM (25.31-b07 mixed mode windows-amd64 compressed oops)
Heap:
 PSYoungGen      total 802304K, used 249724K [0x000000076b300000, 0x00000007a1000000, 0x00000007c0000000)
  eden space 746496K, 33% used [0x000000076b300000,0x000000077a6bf150,0x0000000798c00000)
  from space 55808K, 0% used [0x0000000798c00000,0x0000000798c20000,0x000000079c280000)
  to   space 53248K, 0% used [0x000000079dc00000,0x000000079dc00000,0x00000007a1000000)
 ParOldGen       total 289792K, used 164888K [0x00000006c1800000, 0x00000006d3300000, 0x000000076b300000)
  object space 289792K, 56% used [0x00000006c1800000,0x00000006cb906230,0x00000006d3300000)
 Metaspace       used 18007K, capacity 18227K, committed 18560K, reserved 1067008K
  class space    used 1735K, capacity 1794K, committed 1920K, reserved 1048576K
GC Heap History (10 events):
Event: 12.431 GC heap before
{Heap before GC invocations=16 (full 1):
 PSYoungGen      total 694784K, used 643428K [0x000000076b300000, 0x000000079ad00000, 0x00000007c0000000)
  eden space 648192K, 99% used [0x000000076b300000,0x00000007927412f0,0x0000000792c00000)
  from space 46592K, 0% used [0x0000000797f80000,0x0000000797f98000,0x000000079ad00000)
  to   space 66048K, 0% used [0x0000000792c00000,0x0000000792c00000,0x0000000796c80000)
 ParOldGen       total 289792K, used 164856K [0x00000006c1800000, 0x00000006d3300000, 0x000000076b300000)
  object space 289792K, 56% used [0x00000006c1800000,0x00000006cb8fe230,0x00000006d3300000)
 Metaspace       used 17893K, capacity 18163K, committed 18304K, reserved 1064960K
  class space    used 1724K, capacity 1794K, committed 1920K, reserved 1048576K
Event: 12.433 GC heap after
Heap after GC invocations=16 (full 1):
 PSYoungGen      total 714240K, used 128K [0x000000076b300000, 0x000000079f580000, 0x00000007c0000000)
  eden space 648192K, 0% used [0x000000076b300000,0x000000076b300000,0x0000000792c00000)
  from space 66048K, 0% used [0x0000000792c00000,0x0000000792c20000,0x0000000796c80000)
  to   space 63488K, 0% used [0x000000079b780000,0x000000079b780000,0x000000079f580000)
 ParOldGen       total 289792K, used 164864K [0x00000006c1800000, 0x00000006d3300000, 0x000000076b300000)
  object space 289792K, 56% used [0x00000006c1800000,0x00000006cb900230,0x00000006d3300000)
 Metaspace       used 17893K, capacity 18163K, committed 18304K, reserved 1064960K
  class space    used 1724K, capacity 1794K, committed 1920K, reserved 1048576K
}
Event: 13.466 GC heap before
{Heap before GC invocations=17 (full 1):
 PSYoungGen      total 714240K, used 646190K [0x000000076b300000, 0x000000079f580000, 0x00000007c0000000)
  eden space 648192K, 99% used [0x000000076b300000,0x00000007929eb990,0x0000000792c00000)
  from space 66048K, 0% used [0x0000000792c00000,0x0000000792c20000,0x0000000796c80000)
  to   space 63488K, 0% used [0x000000079b780000,0x000000079b780000,0x000000079f580000)
 ParOldGen       total 289792K, used 164864K [0x00000006c1800000, 0x00000006d3300000, 0x000000076b300000)
  object space 289792K, 56% used [0x00000006c1800000,0x00000006cb900230,0x00000006d3300000)
 Metaspace       used 17895K, capacity 18163K, committed 18304K, reserved 1064960K
  class space    used 1724K, capacity 1794K, committed 1920K, reserved 1048576K
Event: 13.468 GC heap after
Heap after GC invocations=17 (full 1):
 PSYoungGen      total 759296K, used 128K [0x000000076b300000, 0x000000079e400000, 0x00000007c0000000)
  eden space 713728K, 0% used [0x000000076b300000,0x000000076b300000,0x0000000796c00000)
  from space 45568K, 0% used [0x000000079b780000,0x000000079b7a0000,0x000000079e400000)
  to   space 61440K, 0% used [0x0000000796c00000,0x0000000796c00000,0x000000079a800000)
 ParOldGen       total 289792K, used 164872K [0x00000006c1800000, 0x00000006d3300000, 0x000000076b300000)
  object space 289792K, 56% used [0x00000006c1800000,0x00000006cb902230,0x00000006d3300000)
 Metaspace       used 17895K, capacity 18163K, committed 18304K, reserved 1064960K
  class space    used 1724K, capacity 1794K, committed 1920K, reserved 1048576K
}
Event: 14.599 GC heap before
{Heap before GC invocations=18 (full 1):
 PSYoungGen      total 759296K, used 708990K [0x000000076b300000, 0x000000079e400000, 0x00000007c0000000)
  eden space 713728K, 99% used [0x000000076b300000,0x000000079673faf0,0x0000000796c00000)
  from space 45568K, 0% used [0x000000079b780000,0x000000079b7a0000,0x000000079e400000)
  to   space 61440K, 0% used [0x0000000796c00000,0x0000000796c00000,0x000000079a800000)
 ParOldGen       total 289792K, used 164872K [0x00000006c1800000, 0x00000006d3300000, 0x000000076b300000)
  object space 289792K, 56% used [0x00000006c1800000,0x00000006cb902230,0x00000006d3300000)
 Metaspace       used 17895K, capacity 18163K, committed 18304K, reserved 1064960K
  class space    used 1724K, capacity 1794K, committed 1920K, reserved 1048576K
Event: 14.601 GC heap after
Heap after GC invocations=18 (full 1):
 PSYoungGen      total 775168K, used 128K [0x000000076b300000, 0x00000007a0500000, 0x00000007c0000000)
  eden space 713728K, 0% used [0x000000076b300000,0x000000076b300000,0x0000000796c00000)
  from space 61440K, 0% used [0x0000000796c00000,0x0000000796c20000,0x000000079a800000)
  to   space 58368K, 0% used [0x000000079cc00000,0x000000079cc00000,0x00000007a0500000)
 ParOldGen       total 289792K, used 164872K [0x00000006c1800000, 0x00000006d3300000, 0x000000076b300000)
  object space 289792K, 56% used [0x00000006c1800000,0x00000006cb902230,0x00000006d3300000)
 Metaspace       used 17895K, capacity 18163K, committed 18304K, reserved 1064960K
  class space    used 1724K, capacity 1794K, committed 1920K, reserved 1048576K
}
Event: 15.732 GC heap before
{Heap before GC invocations=19 (full 1):
 PSYoungGen      total 775168K, used 713856K [0x000000076b300000, 0x00000007a0500000, 0x00000007c0000000)
  eden space 713728K, 100% used [0x000000076b300000,0x0000000796c00000,0x0000000796c00000)
  from space 61440K, 0% used [0x0000000796c00000,0x0000000796c20000,0x000000079a800000)
  to   space 58368K, 0% used [0x000000079cc00000,0x000000079cc00000,0x00000007a0500000)
 ParOldGen       total 289792K, used 164872K [0x00000006c1800000, 0x00000006d3300000, 0x000000076b300000)
  object space 289792K, 56% used [0x00000006c1800000,0x00000006cb902230,0x00000006d3300000)
 Metaspace       used 17920K, capacity 18163K, committed 18304K, reserved 1064960K
  class space    used 1724K, capacity 1794K, committed 1920K, reserved 1048576K
Event: 15.733 GC heap after
Heap after GC invocations=19 (full 1):
 PSYoungGen      total 792576K, used 192K [0x000000076b300000, 0x000000079f900000, 0x00000007c0000000)
  eden space 746496K, 0% used [0x000000076b300000,0x000000076b300000,0x0000000798c00000)
  from space 46080K, 0% used [0x000000079cc00000,0x000000079cc30000,0x000000079f900000)
  to   space 55808K, 0% used [0x0000000798c00000,0x0000000798c00000,0x000000079c280000)
 ParOldGen       total 289792K, used 164880K [0x00000006c1800000, 0x00000006d3300000, 0x000000076b300000)
  object space 289792K, 56% used [0x00000006c1800000,0x00000006cb904230,0x00000006d3300000)
 Metaspace       used 17920K, capacity 18163K, committed 18304K, reserved 1064960K
  class space    used 1724K, capacity 1794K, committed 1920K, reserved 1048576K
}
Event: 16.931 GC heap before
{Heap before GC invocations=20 (full 1):
 PSYoungGen      total 792576K, used 746688K [0x000000076b300000, 0x000000079f900000, 0x00000007c0000000)
  eden space 746496K, 100% used [0x000000076b300000,0x0000000798c00000,0x0000000798c00000)
  from space 46080K, 0% used [0x000000079cc00000,0x000000079cc30000,0x000000079f900000)
  to   space 55808K, 0% used [0x0000000798c00000,0x0000000798c00000,0x000000079c280000)
 ParOldGen       total 289792K, used 164880K [0x00000006c1800000, 0x00000006d3300000, 0x000000076b300000)
  object space 289792K, 56% used [0x00000006c1800000,0x00000006cb904230,0x00000006d3300000)
 Metaspace       used 17972K, capacity 18227K, committed 18560K, reserved 1067008K
  class space    used 1724K, capacity 1794K, committed 1920K, reserved 1048576K
Event: 16.933 GC heap after
Heap after GC invocations=20 (full 1):
 PSYoungGen      total 802304K, used 128K [0x000000076b300000, 0x00000007a1000000, 0x00000007c0000000)
  eden space 746496K, 0% used [0x000000076b300000,0x000000076b300000,0x0000000798c00000)
  from space 55808K, 0% used [0x0000000798c00000,0x0000000798c20000,0x000000079c280000)
  to   space 53248K, 0% used [0x000000079dc00000,0x000000079dc00000,0x00000007a1000000)
 ParOldGen       total 289792K, used 164888K [0x00000006c1800000, 0x00000006d3300000, 0x000000076b300000)
  object space 289792K, 56% used [0x00000006c1800000,0x00000006cb906230,0x00000006d3300000)
 Metaspace       used 17972K, capacity 18227K, committed 18560K, reserved 1067008K
  class space    used 1724K, capacity 1794K, committed 1920K, reserved 1048576K
}

