# JRE version: Java(TM) SE Runtime Environment (8.0_31-b13) (build 1.8.0_31-b13)
# Java VM: Java HotSpot(TM) 64-Bit Server VM (25.31-b07 mixed mode windows-amd64 compressed oops)
Heap:
 PSYoungGen      total 914944K, used 636674K [0x000000076b300000, 0x00000007a4800000, 0x00000007c0000000)
  eden space 896000K, 71% used [0x000000076b300000,0x00000007920a0848,0x00000007a1e00000)
  from space 18944K, 0% used [0x00000007a3580000,0x00000007a35a0000,0x00000007a4800000)
  to   space 21504K, 0% used [0x00000007a1e00000,0x00000007a1e00000,0x00000007a3300000)
 ParOldGen       total 305152K, used 173060K [0x00000006c1800000, 0x00000006d4200000, 0x000000076b300000)
  object space 305152K, 56% used [0x00000006c1800000,0x00000006cc1013b8,0x00000006d4200000)
 Metaspace       used 18006K, capacity 18195K, committed 18432K, reserved 1067008K
  class space    used 1717K, capacity 1762K, committed 1792K, reserved 1048576K
GC Heap History (10 events):
Event: 36.356 GC heap before
{Heap before GC invocations=35 (full 1):
 PSYoungGen      total 890368K, used 870436K [0x000000076b300000, 0x00000007a4080000, 0x00000007c0000000)
  eden space 862208K, 100% used [0x000000076b300000,0x000000079fd00000,0x000000079fd00000)
  from space 28160K, 29% used [0x000000079fd00000,0x00000007a0509010,0x00000007a1880000)
  to   space 27136K, 0% used [0x00000007a2600000,0x00000007a2600000,0x00000007a4080000)
 ParOldGen       total 305152K, used 172964K [0x00000006c1800000, 0x00000006d4200000, 0x000000076b300000)
  object space 305152K, 56% used [0x00000006c1800000,0x00000006cc0e93b8,0x00000006d4200000)
 Metaspace       used 17971K, capacity 18195K, committed 18432K, reserved 1067008K
  class space    used 1706K, capacity 1762K, committed 1792K, reserved 1048576K
Event: 36.358 GC heap after
Heap after GC invocations=35 (full 1):
 PSYoungGen      total 897024K, used 96K [0x000000076b300000, 0x00000007a3b80000, 0x00000007c0000000)
  eden space 875008K, 0% used [0x000000076b300000,0x000000076b300000,0x00000007a0980000)
  from space 22016K, 0% used [0x00000007a2600000,0x00000007a2618000,0x00000007a3b80000)
  to   space 25600K, 0% used [0x00000007a0980000,0x00000007a0980000,0x00000007a2280000)
 ParOldGen       total 305152K, used 172988K [0x00000006c1800000, 0x00000006d4200000, 0x000000076b300000)
  object space 305152K, 56% used [0x00000006c1800000,0x00000006cc0ef3b8,0x00000006d4200000)
 Metaspace       used 17971K, capacity 18195K, committed 18432K, reserved 1067008K
  class space    used 1706K, capacity 1762K, committed 1792K, reserved 1048576K
}
Event: 37.780 GC heap before
{Heap before GC invocations=36 (full 1):
 PSYoungGen      total 897024K, used 875104K [0x000000076b300000, 0x00000007a3b80000, 0x00000007c0000000)
  eden space 875008K, 100% used [0x000000076b300000,0x00000007a0980000,0x00000007a0980000)
  from space 22016K, 0% used [0x00000007a2600000,0x00000007a2618000,0x00000007a3b80000)
  to   space 25600K, 0% used [0x00000007a0980000,0x00000007a0980000,0x00000007a2280000)
 ParOldGen       total 305152K, used 172988K [0x00000006c1800000, 0x00000006d4200000, 0x000000076b300000)
  object space 305152K, 56% used [0x00000006c1800000,0x00000006cc0ef3b8,0x00000006d4200000)
 Metaspace       used 17971K, capacity 18195K, committed 18432K, reserved 1067008K
  class space    used 1706K, capacity 1762K, committed 1792K, reserved 1048576K
Event: 37.782 GC heap after
Heap after GC invocations=36 (full 1):
 PSYoungGen      total 900608K, used 224K [0x000000076b300000, 0x00000007a4480000, 0x00000007c0000000)
  eden space 875008K, 0% used [0x000000076b300000,0x000000076b300000,0x00000007a0980000)
  from space 25600K, 0% used [0x00000007a0980000,0x00000007a09b8000,0x00000007a2280000)
  to   space 24576K, 0% used [0x00000007a2c80000,0x00000007a2c80000,0x00000007a4480000)
 ParOldGen       total 305152K, used 173004K [0x00000006c1800000, 0x00000006d4200000, 0x000000076b300000)
  object space 305152K, 56% used [0x00000006c1800000,0x00000006cc0f33b8,0x00000006d4200000)
 Metaspace       used 17971K, capacity 18195K, committed 18432K, reserved 1067008K
  class space    used 1706K, capacity 1762K, committed 1792K, reserved 1048576K
}
Event: 39.183 GC heap before
{Heap before GC invocations=37 (full 1):
 PSYoungGen      total 900608K, used 875232K [0x000000076b300000, 0x00000007a4480000, 0x00000007c0000000)
  eden space 875008K, 100% used [0x000000076b300000,0x00000007a0980000,0x00000007a0980000)
  from space 25600K, 0% used [0x00000007a0980000,0x00000007a09b8000,0x00000007a2280000)
  to   space 24576K, 0% used [0x00000007a2c80000,0x00000007a2c80000,0x00000007a4480000)
 ParOldGen       total 305152K, used 173004K [0x00000006c1800000, 0x00000006d4200000, 0x000000076b300000)
  object space 305152K, 56% used [0x00000006c1800000,0x00000006cc0f33b8,0x00000006d4200000)
 Metaspace       used 17971K, capacity 18195K, committed 18432K, reserved 1067008K
  class space    used 1706K, capacity 1762K, committed 1792K, reserved 1048576K
Event: 39.184 GC heap after
Heap after GC invocations=37 (full 1):
 PSYoungGen      total 905728K, used 192K [0x000000076b300000, 0x00000007a4080000, 0x00000007c0000000)
  eden space 885248K, 0% used [0x000000076b300000,0x000000076b300000,0x00000007a1380000)
  from space 20480K, 0% used [0x00000007a2c80000,0x00000007a2cb0000,0x00000007a4080000)
  to   space 23040K, 0% used [0x00000007a1380000,0x00000007a1380000,0x00000007a2a00000)
 ParOldGen       total 305152K, used 173044K [0x00000006c1800000, 0x00000006d4200000, 0x000000076b300000)
  object space 305152K, 56% used [0x00000006c1800000,0x00000006cc0fd3b8,0x00000006d4200000)
 Metaspace       used 17971K, capacity 18195K, committed 18432K, reserved 1067008K
  class space    used 1706K, capacity 1762K, committed 1792K, reserved 1048576K
}
Event: 40.589 GC heap before
{Heap before GC invocations=38 (full 1):
 PSYoungGen      total 905728K, used 885440K [0x000000076b300000, 0x00000007a4080000, 0x00000007c0000000)
  eden space 885248K, 100% used [0x000000076b300000,0x00000007a1380000,0x00000007a1380000)
  from space 20480K, 0% used [0x00000007a2c80000,0x00000007a2cb0000,0x00000007a4080000)
  to   space 23040K, 0% used [0x00000007a1380000,0x00000007a1380000,0x00000007a2a00000)
 ParOldGen       total 305152K, used 173044K [0x00000006c1800000, 0x00000006d4200000, 0x000000076b300000)
  object space 305152K, 56% used [0x00000006c1800000,0x00000006cc0fd3b8,0x00000006d4200000)
 Metaspace       used 17971K, capacity 18195K, committed 18432K, reserved 1067008K
  class space    used 1706K, capacity 1762K, committed 1792K, reserved 1048576K
Event: 40.594 GC heap after
Heap after GC invocations=38 (full 1):
 PSYoungGen      total 908288K, used 8132K [0x000000076b300000, 0x00000007a4b80000, 0x00000007c0000000)
  eden space 885248K, 0% used [0x000000076b300000,0x000000076b300000,0x00000007a1380000)
  from space 23040K, 35% used [0x00000007a1380000,0x00000007a1b71010,0x00000007a2a00000)
  to   space 22528K, 0% used [0x00000007a3580000,0x00000007a3580000,0x00000007a4b80000)
 ParOldGen       total 305152K, used 173060K [0x00000006c1800000, 0x00000006d4200000, 0x000000076b300000)
  object space 305152K, 56% used [0x00000006c1800000,0x00000006cc1013b8,0x00000006d4200000)
 Metaspace       used 17971K, capacity 18195K, committed 18432K, reserved 1067008K
  class space    used 1706K, capacity 1762K, committed 1792K, reserved 1048576K
}
Event: 42.016 GC heap before
{Heap before GC invocations=39 (full 1):
 PSYoungGen      total 908288K, used 893380K [0x000000076b300000, 0x00000007a4b80000, 0x00000007c0000000)
  eden space 885248K, 100% used [0x000000076b300000,0x00000007a1380000,0x00000007a1380000)
  from space 23040K, 35% used [0x00000007a1380000,0x00000007a1b71010,0x00000007a2a00000)
  to   space 22528K, 0% used [0x00000007a3580000,0x00000007a3580000,0x00000007a4b80000)
 ParOldGen       total 305152K, used 173060K [0x00000006c1800000, 0x00000006d4200000, 0x000000076b300000)
  object space 305152K, 56% used [0x00000006c1800000,0x00000006cc1013b8,0x00000006d4200000)
 Metaspace       used 17971K, capacity 18195K, committed 18432K, reserved 1067008K
  class space    used 1706K, capacity 1762K, committed 1792K, reserved 1048576K
Event: 42.018 GC heap after
Heap after GC invocations=39 (full 1):
 PSYoungGen      total 914944K, used 128K [0x000000076b300000, 0x00000007a4800000, 0x00000007c0000000)
  eden space 896000K, 0% used [0x000000076b300000,0x000000076b300000,0x00000007a1e00000)
  from space 18944K, 0% used [0x00000007a3580000,0x00000007a35a0000,0x00000007a4800000)
  to   space 21504K, 0% used [0x00000007a1e00000,0x00000007a1e00000,0x00000007a3300000)
 ParOldGen       total 305152K, used 173060K [0x00000006c1800000, 0x00000006d4200000, 0x000000076b300000)
  object space 305152K, 56% used [0x00000006c1800000,0x00000006cc1013b8,0x00000006d4200000)
 Metaspace       used 17971K, capacity 18195K, committed 18432K, reserved 1067008K
  class space    used 1706K, capacity 1762K, committed 1792K, reserved 1048576K
}

