# JRE version: Java(TM) SE Runtime Environment (8.0_25-b18) (build 1.8.0_25-b18)
# Java VM: Java HotSpot(TM) 64-Bit Server VM (25.25-b02 mixed mode windows-amd64 compressed oops)
Heap:
 PSYoungGen      total 382464K, used 96630K [0x00000000e0400000, 0x00000000fba00000, 0x0000000100000000)
  eden space 330752K, 29% used [0x00000000e0400000,0x00000000e622d9a8,0x00000000f4700000)
  from space 51712K, 0% used [0x00000000f4700000,0x00000000f4730000,0x00000000f7980000)
  to   space 50176K, 0% used [0x00000000f8900000,0x00000000f8900000,0x00000000fba00000)
 ParOldGen       total 225280K, used 154905K [0x00000000a0c00000, 0x00000000ae800000, 0x00000000e0400000)
  object space 225280K, 68% used [0x00000000a0c00000,0x00000000aa346450,0x00000000ae800000)
 Metaspace       used 17605K, capacity 17793K, committed 17920K, reserved 1064960K
  class space    used 1722K, capacity 1761K, committed 1792K, reserved 1048576K
GC Heap History (10 events):
Event: 5.106 GC heap before
{Heap before GC invocations=18 (full 3):
 PSYoungGen      total 325632K, used 274592K [0x00000000e0400000, 0x00000000f8600000, 0x0000000100000000)
  eden space 274432K, 100% used [0x00000000e0400000,0x00000000f1000000,0x00000000f1000000)
  from space 51200K, 0% used [0x00000000f5400000,0x00000000f5428000,0x00000000f8600000)
  to   space 60416K, 0% used [0x00000000f1000000,0x00000000f1000000,0x00000000f4b00000)
 ParOldGen       total 225280K, used 154881K [0x00000000a0c00000, 0x00000000ae800000, 0x00000000e0400000)
  object space 225280K, 68% used [0x00000000a0c00000,0x00000000aa340450,0x00000000ae800000)
 Metaspace       used 17518K, capacity 17729K, committed 17920K, reserved 1064960K
  class space    used 1710K, capacity 1761K, committed 1792K, reserved 1048576K
Event: 5.108 GC heap after
Heap after GC invocations=18 (full 3):
 PSYoungGen      total 334848K, used 160K [0x00000000e0400000, 0x00000000fad80000, 0x0000000100000000)
  eden space 274432K, 0% used [0x00000000e0400000,0x00000000e0400000,0x00000000f1000000)
  from space 60416K, 0% used [0x00000000f1000000,0x00000000f1028000,0x00000000f4b00000)
  to   space 58880K, 0% used [0x00000000f7400000,0x00000000f7400000,0x00000000fad80000)
 ParOldGen       total 225280K, used 154889K [0x00000000a0c00000, 0x00000000ae800000, 0x00000000e0400000)
  object space 225280K, 68% used [0x00000000a0c00000,0x00000000aa342450,0x00000000ae800000)
 Metaspace       used 17518K, capacity 17729K, committed 17920K, reserved 1064960K
  class space    used 1710K, capacity 1761K, committed 1792K, reserved 1048576K
}
Event: 5.403 GC heap before
{Heap before GC invocations=19 (full 3):
 PSYoungGen      total 334848K, used 274592K [0x00000000e0400000, 0x00000000fad80000, 0x0000000100000000)
  eden space 274432K, 100% used [0x00000000e0400000,0x00000000f1000000,0x00000000f1000000)
  from space 60416K, 0% used [0x00000000f1000000,0x00000000f1028000,0x00000000f4b00000)
  to   space 58880K, 0% used [0x00000000f7400000,0x00000000f7400000,0x00000000fad80000)
 ParOldGen       total 225280K, used 154889K [0x00000000a0c00000, 0x00000000ae800000, 0x00000000e0400000)
  object space 225280K, 68% used [0x00000000a0c00000,0x00000000aa342450,0x00000000ae800000)
 Metaspace       used 17533K, capacity 17729K, committed 17920K, reserved 1064960K
  class space    used 1710K, capacity 1761K, committed 1792K, reserved 1048576K
Event: 5.405 GC heap after
Heap after GC invocations=19 (full 3):
 PSYoungGen      total 359424K, used 160K [0x00000000e0400000, 0x00000000fa380000, 0x0000000100000000)
  eden space 310784K, 0% used [0x00000000e0400000,0x00000000e0400000,0x00000000f3380000)
  from space 48640K, 0% used [0x00000000f7400000,0x00000000f7428000,0x00000000fa380000)
  to   space 57344K, 0% used [0x00000000f3380000,0x00000000f3380000,0x00000000f6b80000)
 ParOldGen       total 225280K, used 154889K [0x00000000a0c00000, 0x00000000ae800000, 0x00000000e0400000)
  object space 225280K, 68% used [0x00000000a0c00000,0x00000000aa342450,0x00000000ae800000)
 Metaspace       used 17533K, capacity 17729K, committed 17920K, reserved 1064960K
  class space    used 1710K, capacity 1761K, committed 1792K, reserved 1048576K
}
Event: 5.803 GC heap before
{Heap before GC invocations=20 (full 3):
 PSYoungGen      total 359424K, used 310944K [0x00000000e0400000, 0x00000000fa380000, 0x0000000100000000)
  eden space 310784K, 100% used [0x00000000e0400000,0x00000000f3380000,0x00000000f3380000)
  from space 48640K, 0% used [0x00000000f7400000,0x00000000f7428000,0x00000000fa380000)
  to   space 57344K, 0% used [0x00000000f3380000,0x00000000f3380000,0x00000000f6b80000)
 ParOldGen       total 225280K, used 154889K [0x00000000a0c00000, 0x00000000ae800000, 0x00000000e0400000)
  object space 225280K, 68% used [0x00000000a0c00000,0x00000000aa342450,0x00000000ae800000)
 Metaspace       used 17540K, capacity 17729K, committed 17920K, reserved 1064960K
  class space    used 1710K, capacity 1761K, committed 1792K, reserved 1048576K
Event: 5.805 GC heap after
Heap after GC invocations=20 (full 3):
 PSYoungGen      total 368128K, used 160K [0x00000000e0400000, 0x00000000fb580000, 0x0000000100000000)
  eden space 310784K, 0% used [0x00000000e0400000,0x00000000e0400000,0x00000000f3380000)
  from space 57344K, 0% used [0x00000000f3380000,0x00000000f33a8000,0x00000000f6b80000)
  to   space 55296K, 0% used [0x00000000f7f80000,0x00000000f7f80000,0x00000000fb580000)
 ParOldGen       total 225280K, used 154897K [0x00000000a0c00000, 0x00000000ae800000, 0x00000000e0400000)
  object space 225280K, 68% used [0x00000000a0c00000,0x00000000aa344450,0x00000000ae800000)
 Metaspace       used 17540K, capacity 17729K, committed 17920K, reserved 1064960K
  class space    used 1710K, capacity 1761K, committed 1792K, reserved 1048576K
}
Event: 6.182 GC heap before
{Heap before GC invocations=21 (full 3):
 PSYoungGen      total 368128K, used 310401K [0x00000000e0400000, 0x00000000fb580000, 0x0000000100000000)
  eden space 310784K, 99% used [0x00000000e0400000,0x00000000f32f8508,0x00000000f3380000)
  from space 57344K, 0% used [0x00000000f3380000,0x00000000f33a8000,0x00000000f6b80000)
  to   space 55296K, 0% used [0x00000000f7f80000,0x00000000f7f80000,0x00000000fb580000)
 ParOldGen       total 225280K, used 154897K [0x00000000a0c00000, 0x00000000ae800000, 0x00000000e0400000)
  object space 225280K, 68% used [0x00000000a0c00000,0x00000000aa344450,0x00000000ae800000)
 Metaspace       used 17544K, capacity 17793K, committed 17920K, reserved 1064960K
  class space    used 1710K, capacity 1761K, committed 1792K, reserved 1048576K
Event: 6.187 GC heap after
Heap after GC invocations=21 (full 3):
 PSYoungGen      total 376320K, used 9140K [0x00000000e0400000, 0x00000000fac00000, 0x0000000100000000)
  eden space 330752K, 0% used [0x00000000e0400000,0x00000000e0400000,0x00000000f4700000)
  from space 45568K, 20% used [0x00000000f7f80000,0x00000000f886d020,0x00000000fac00000)
  to   space 51712K, 0% used [0x00000000f4700000,0x00000000f4700000,0x00000000f7980000)
 ParOldGen       total 225280K, used 154905K [0x00000000a0c00000, 0x00000000ae800000, 0x00000000e0400000)
  object space 225280K, 68% used [0x00000000a0c00000,0x00000000aa346450,0x00000000ae800000)
 Metaspace       used 17544K, capacity 17793K, committed 17920K, reserved 1064960K
  class space    used 1710K, capacity 1761K, committed 1792K, reserved 1048576K
}
Event: 6.602 GC heap before
{Heap before GC invocations=22 (full 3):
 PSYoungGen      total 376320K, used 339892K [0x00000000e0400000, 0x00000000fac00000, 0x0000000100000000)
  eden space 330752K, 100% used [0x00000000e0400000,0x00000000f4700000,0x00000000f4700000)
  from space 45568K, 20% used [0x00000000f7f80000,0x00000000f886d020,0x00000000fac00000)
  to   space 51712K, 0% used [0x00000000f4700000,0x00000000f4700000,0x00000000f7980000)
 ParOldGen       total 225280K, used 154905K [0x00000000a0c00000, 0x00000000ae800000, 0x00000000e0400000)
  object space 225280K, 68% used [0x00000000a0c00000,0x00000000aa346450,0x00000000ae800000)
 Metaspace       used 17570K, capacity 17793K, committed 17920K, reserved 1064960K
  class space    used 1710K, capacity 1761K, committed 1792K, reserved 1048576K
Event: 6.603 GC heap after
Heap after GC invocations=22 (full 3):
 PSYoungGen      total 382464K, used 192K [0x00000000e0400000, 0x00000000fba00000, 0x0000000100000000)
  eden space 330752K, 0% used [0x00000000e0400000,0x00000000e0400000,0x00000000f4700000)
  from space 51712K, 0% used [0x00000000f4700000,0x00000000f4730000,0x00000000f7980000)
  to   space 50176K, 0% used [0x00000000f8900000,0x00000000f8900000,0x00000000fba00000)
 ParOldGen       total 225280K, used 154905K [0x00000000a0c00000, 0x00000000ae800000, 0x00000000e0400000)
  object space 225280K, 68% used [0x00000000a0c00000,0x00000000aa346450,0x00000000ae800000)
 Metaspace       used 17570K, capacity 17793K, committed 17920K, reserved 1064960K
  class space    used 1710K, capacity 1761K, committed 1792K, reserved 1048576K
}

