# JRE version: Java(TM) SE Runtime Environment (8.0_25-b18) (build 1.8.0_25-b18)
# Java VM: Java HotSpot(TM) 64-Bit Server VM (25.25-b02 mixed mode windows-amd64 compressed oops)
Heap:
 PSYoungGen      total 327168K, used 177763K [0x00000000e0400000, 0x00000000f6200000, 0x0000000100000000)
  eden space 299008K, 59% used [0x00000000e0400000,0x00000000eb0e8eb0,0x00000000f2800000)
  from space 28160K, 2% used [0x00000000f4680000,0x00000000f4730000,0x00000000f6200000)
  to   space 29696K, 0% used [0x00000000f2800000,0x00000000f2800000,0x00000000f4500000)
 ParOldGen       total 228864K, used 155049K [0x00000000a0c00000, 0x00000000aeb80000, 0x00000000e0400000)
  object space 228864K, 67% used [0x00000000a0c00000,0x00000000aa36a790,0x00000000aeb80000)
 Metaspace       used 18353K, capacity 18569K, committed 18816K, reserved 1067008K
  class space    used 1774K, capacity 1825K, committed 1920K, reserved 1048576K
GC Heap History (10 events):
Event: 9.691 GC heap before
{Heap before GC invocations=31 (full 3):
 PSYoungGen      total 320000K, used 283714K [0x00000000e0400000, 0x00000000f6480000, 0x0000000100000000)
  eden space 284160K, 99% used [0x00000000e0400000,0x00000000f18e0820,0x00000000f1980000)
  from space 35840K, 0% used [0x00000000f1980000,0x00000000f19b0000,0x00000000f3c80000)
  to   space 35328K, 0% used [0x00000000f4200000,0x00000000f4200000,0x00000000f6480000)
 ParOldGen       total 228864K, used 154961K [0x00000000a0c00000, 0x00000000aeb80000, 0x00000000e0400000)
  object space 228864K, 67% used [0x00000000a0c00000,0x00000000aa354790,0x00000000aeb80000)
 Metaspace       used 17769K, capacity 18025K, committed 18304K, reserved 1064960K
  class space    used 1723K, capacity 1793K, committed 1920K, reserved 1048576K
Event: 9.695 GC heap after
Heap after GC invocations=31 (full 3):
 PSYoungGen      total 322560K, used 9140K [0x00000000e0400000, 0x00000000f6100000, 0x0000000100000000)
  eden space 290816K, 0% used [0x00000000e0400000,0x00000000e0400000,0x00000000f2000000)
  from space 31744K, 28% used [0x00000000f4200000,0x00000000f4aed020,0x00000000f6100000)
  to   space 33280K, 0% used [0x00000000f2000000,0x00000000f2000000,0x00000000f4080000)
 ParOldGen       total 228864K, used 154977K [0x00000000a0c00000, 0x00000000aeb80000, 0x00000000e0400000)
  object space 228864K, 67% used [0x00000000a0c00000,0x00000000aa358790,0x00000000aeb80000)
 Metaspace       used 17769K, capacity 18025K, committed 18304K, reserved 1064960K
  class space    used 1723K, capacity 1793K, committed 1920K, reserved 1048576K
}
Event: 10.095 GC heap before
{Heap before GC invocations=32 (full 3):
 PSYoungGen      total 322560K, used 299956K [0x00000000e0400000, 0x00000000f6100000, 0x0000000100000000)
  eden space 290816K, 100% used [0x00000000e0400000,0x00000000f2000000,0x00000000f2000000)
  from space 31744K, 28% used [0x00000000f4200000,0x00000000f4aed020,0x00000000f6100000)
  to   space 33280K, 0% used [0x00000000f2000000,0x00000000f2000000,0x00000000f4080000)
 ParOldGen       total 228864K, used 154977K [0x00000000a0c00000, 0x00000000aeb80000, 0x00000000e0400000)
  object space 228864K, 67% used [0x00000000a0c00000,0x00000000aa358790,0x00000000aeb80000)
 Metaspace       used 17772K, capacity 18025K, committed 18304K, reserved 1064960K
  class space    used 1723K, capacity 1793K, committed 1920K, reserved 1048576K
Event: 10.096 GC heap after
Heap after GC invocations=32 (full 3):
 PSYoungGen      total 324096K, used 160K [0x00000000e0400000, 0x00000000f6580000, 0x0000000100000000)
  eden space 290816K, 0% used [0x00000000e0400000,0x00000000e0400000,0x00000000f2000000)
  from space 33280K, 0% used [0x00000000f2000000,0x00000000f2028000,0x00000000f4080000)
  to   space 32768K, 0% used [0x00000000f4580000,0x00000000f4580000,0x00000000f6580000)
 ParOldGen       total 228864K, used 154993K [0x00000000a0c00000, 0x00000000aeb80000, 0x00000000e0400000)
  object space 228864K, 67% used [0x00000000a0c00000,0x00000000aa35c790,0x00000000aeb80000)
 Metaspace       used 17772K, capacity 18025K, committed 18304K, reserved 1064960K
  class space    used 1723K, capacity 1793K, committed 1920K, reserved 1048576K
}
Event: 10.648 GC heap before
{Heap before GC invocations=33 (full 3):
 PSYoungGen      total 324096K, used 290976K [0x00000000e0400000, 0x00000000f6580000, 0x0000000100000000)
  eden space 290816K, 100% used [0x00000000e0400000,0x00000000f2000000,0x00000000f2000000)
  from space 33280K, 0% used [0x00000000f2000000,0x00000000f2028000,0x00000000f4080000)
  to   space 32768K, 0% used [0x00000000f4580000,0x00000000f4580000,0x00000000f6580000)
 ParOldGen       total 228864K, used 154993K [0x00000000a0c00000, 0x00000000aeb80000, 0x00000000e0400000)
  object space 228864K, 67% used [0x00000000a0c00000,0x00000000aa35c790,0x00000000aeb80000)
 Metaspace       used 18243K, capacity 18441K, committed 18560K, reserved 1067008K
  class space    used 1774K, capacity 1825K, committed 1920K, reserved 1048576K
Event: 10.649 GC heap after
Heap after GC invocations=33 (full 3):
 PSYoungGen      total 325120K, used 736K [0x00000000e0400000, 0x00000000f6280000, 0x0000000100000000)
  eden space 295424K, 0% used [0x00000000e0400000,0x00000000e0400000,0x00000000f2480000)
  from space 29696K, 2% used [0x00000000f4580000,0x00000000f4638000,0x00000000f6280000)
  to   space 31744K, 0% used [0x00000000f2480000,0x00000000f2480000,0x00000000f4380000)
 ParOldGen       total 228864K, used 155001K [0x00000000a0c00000, 0x00000000aeb80000, 0x00000000e0400000)
  object space 228864K, 67% used [0x00000000a0c00000,0x00000000aa35e790,0x00000000aeb80000)
 Metaspace       used 18243K, capacity 18441K, committed 18560K, reserved 1067008K
  class space    used 1774K, capacity 1825K, committed 1920K, reserved 1048576K
}
Event: 11.114 GC heap before
{Heap before GC invocations=34 (full 3):
 PSYoungGen      total 325120K, used 296160K [0x00000000e0400000, 0x00000000f6280000, 0x0000000100000000)
  eden space 295424K, 100% used [0x00000000e0400000,0x00000000f2480000,0x00000000f2480000)
  from space 29696K, 2% used [0x00000000f4580000,0x00000000f4638000,0x00000000f6280000)
  to   space 31744K, 0% used [0x00000000f2480000,0x00000000f2480000,0x00000000f4380000)
 ParOldGen       total 228864K, used 155001K [0x00000000a0c00000, 0x00000000aeb80000, 0x00000000e0400000)
  object space 228864K, 67% used [0x00000000a0c00000,0x00000000aa35e790,0x00000000aeb80000)
 Metaspace       used 18258K, capacity 18441K, committed 18560K, reserved 1067008K
  class space    used 1774K, capacity 1825K, committed 1920K, reserved 1048576K
Event: 11.116 GC heap after
Heap after GC invocations=34 (full 3):
 PSYoungGen      total 327168K, used 640K [0x00000000e0400000, 0x00000000f6480000, 0x0000000100000000)
  eden space 295424K, 0% used [0x00000000e0400000,0x00000000e0400000,0x00000000f2480000)
  from space 31744K, 2% used [0x00000000f2480000,0x00000000f2520000,0x00000000f4380000)
  to   space 30720K, 0% used [0x00000000f4680000,0x00000000f4680000,0x00000000f6480000)
 ParOldGen       total 228864K, used 155025K [0x00000000a0c00000, 0x00000000aeb80000, 0x00000000e0400000)
  object space 228864K, 67% used [0x00000000a0c00000,0x00000000aa364790,0x00000000aeb80000)
 Metaspace       used 18258K, capacity 18441K, committed 18560K, reserved 1067008K
  class space    used 1774K, capacity 1825K, committed 1920K, reserved 1048576K
}
Event: 11.580 GC heap before
{Heap before GC invocations=35 (full 3):
 PSYoungGen      total 327168K, used 296064K [0x00000000e0400000, 0x00000000f6480000, 0x0000000100000000)
  eden space 295424K, 100% used [0x00000000e0400000,0x00000000f2480000,0x00000000f2480000)
  from space 31744K, 2% used [0x00000000f2480000,0x00000000f2520000,0x00000000f4380000)
  to   space 30720K, 0% used [0x00000000f4680000,0x00000000f4680000,0x00000000f6480000)
 ParOldGen       total 228864K, used 155025K [0x00000000a0c00000, 0x00000000aeb80000, 0x00000000e0400000)
  object space 228864K, 67% used [0x00000000a0c00000,0x00000000aa364790,0x00000000aeb80000)
 Metaspace       used 18280K, capacity 18505K, committed 18816K, reserved 1067008K
  class space    used 1774K, capacity 1825K, committed 1920K, reserved 1048576K
Event: 11.581 GC heap after
Heap after GC invocations=35 (full 3):
 PSYoungGen      total 327168K, used 704K [0x00000000e0400000, 0x00000000f6200000, 0x0000000100000000)
  eden space 299008K, 0% used [0x00000000e0400000,0x00000000e0400000,0x00000000f2800000)
  from space 28160K, 2% used [0x00000000f4680000,0x00000000f4730000,0x00000000f6200000)
  to   space 29696K, 0% used [0x00000000f2800000,0x00000000f2800000,0x00000000f4500000)
 ParOldGen       total 228864K, used 155049K [0x00000000a0c00000, 0x00000000aeb80000, 0x00000000e0400000)
  object space 228864K, 67% used [0x00000000a0c00000,0x00000000aa36a790,0x00000000aeb80000)
 Metaspace       used 18280K, capacity 18505K, committed 18816K, reserved 1067008K
  class space    used 1774K, capacity 1825K, committed 1920K, reserved 1048576K
}

