# JRE version: Java(TM) SE Runtime Environment (8.0_25-b18) (build 1.8.0_25-b18)
# Java VM: Java HotSpot(TM) 64-Bit Server VM (25.25-b02 mixed mode windows-amd64 compressed oops)
Heap:
 PSYoungGen      total 448512K, used 61246K [0x00000000e0400000, 0x00000000fbd80000, 0x0000000100000000)
  eden space 447488K, 13% used [0x00000000e0400000,0x00000000e3ed3918,0x00000000fb900000)
  from space 1024K, 98% used [0x00000000fba80000,0x00000000fbb7c010,0x00000000fbb80000)
  to   space 1536K, 0% used [0x00000000fb900000,0x00000000fb900000,0x00000000fba80000)
 ParOldGen       total 236544K, used 171769K [0x00000000a0c00000, 0x00000000af300000, 0x00000000e0400000)
  object space 236544K, 72% used [0x00000000a0c00000,0x00000000ab3be580,0x00000000af300000)
 Metaspace       used 18007K, capacity 18213K, committed 18560K, reserved 1067008K
  class space    used 1735K, capacity 1793K, committed 1920K, reserved 1048576K
GC Heap History (10 events):
Event: 44.842 GC heap before
{Heap before GC invocations=81 (full 3):
 PSYoungGen      total 444928K, used 443552K [0x00000000e0400000, 0x00000000fb980000, 0x0000000100000000)
  eden space 443392K, 100% used [0x00000000e0400000,0x00000000fb500000,0x00000000fb500000)
  from space 1536K, 10% used [0x00000000fb500000,0x00000000fb528000,0x00000000fb680000)
  to   space 1536K, 0% used [0x00000000fb800000,0x00000000fb800000,0x00000000fb980000)
 ParOldGen       total 236544K, used 163669K [0x00000000a0c00000, 0x00000000af300000, 0x00000000e0400000)
  object space 236544K, 69% used [0x00000000a0c00000,0x00000000aabd5570,0x00000000af300000)
 Metaspace       used 17972K, capacity 18213K, committed 18560K, reserved 1067008K
  class space    used 1724K, capacity 1793K, committed 1920K, reserved 1048576K
Event: 44.844 GC heap after
Heap after GC invocations=81 (full 3):
 PSYoungGen      total 446464K, used 192K [0x00000000e0400000, 0x00000000fb980000, 0x0000000100000000)
  eden space 444928K, 0% used [0x00000000e0400000,0x00000000e0400000,0x00000000fb680000)
  from space 1536K, 12% used [0x00000000fb800000,0x00000000fb830000,0x00000000fb980000)
  to   space 1536K, 0% used [0x00000000fb680000,0x00000000fb680000,0x00000000fb800000)
 ParOldGen       total 236544K, used 163669K [0x00000000a0c00000, 0x00000000af300000, 0x00000000e0400000)
  object space 236544K, 69% used [0x00000000a0c00000,0x00000000aabd5570,0x00000000af300000)
 Metaspace       used 17972K, capacity 18213K, committed 18560K, reserved 1067008K
  class space    used 1724K, capacity 1793K, committed 1920K, reserved 1048576K
}
Event: 45.504 GC heap before
{Heap before GC invocations=82 (full 3):
 PSYoungGen      total 446464K, used 445120K [0x00000000e0400000, 0x00000000fb980000, 0x0000000100000000)
  eden space 444928K, 100% used [0x00000000e0400000,0x00000000fb680000,0x00000000fb680000)
  from space 1536K, 12% used [0x00000000fb800000,0x00000000fb830000,0x00000000fb980000)
  to   space 1536K, 0% used [0x00000000fb680000,0x00000000fb680000,0x00000000fb800000)
 ParOldGen       total 236544K, used 163669K [0x00000000a0c00000, 0x00000000af300000, 0x00000000e0400000)
  object space 236544K, 69% used [0x00000000a0c00000,0x00000000aabd5570,0x00000000af300000)
 Metaspace       used 17972K, capacity 18213K, committed 18560K, reserved 1067008K
  class space    used 1724K, capacity 1793K, committed 1920K, reserved 1048576K
Event: 45.505 GC heap after
Heap after GC invocations=82 (full 3):
 PSYoungGen      total 446464K, used 128K [0x00000000e0400000, 0x00000000fbb00000, 0x0000000100000000)
  eden space 444928K, 0% used [0x00000000e0400000,0x00000000e0400000,0x00000000fb680000)
  from space 1536K, 8% used [0x00000000fb680000,0x00000000fb6a0000,0x00000000fb800000)
  to   space 1536K, 0% used [0x00000000fb980000,0x00000000fb980000,0x00000000fbb00000)
 ParOldGen       total 236544K, used 163669K [0x00000000a0c00000, 0x00000000af300000, 0x00000000e0400000)
  object space 236544K, 69% used [0x00000000a0c00000,0x00000000aabd5570,0x00000000af300000)
 Metaspace       used 17972K, capacity 18213K, committed 18560K, reserved 1067008K
  class space    used 1724K, capacity 1793K, committed 1920K, reserved 1048576K
}
Event: 46.168 GC heap before
{Heap before GC invocations=83 (full 3):
 PSYoungGen      total 446464K, used 445056K [0x00000000e0400000, 0x00000000fbb00000, 0x0000000100000000)
  eden space 444928K, 100% used [0x00000000e0400000,0x00000000fb680000,0x00000000fb680000)
  from space 1536K, 8% used [0x00000000fb680000,0x00000000fb6a0000,0x00000000fb800000)
  to   space 1536K, 0% used [0x00000000fb980000,0x00000000fb980000,0x00000000fbb00000)
 ParOldGen       total 236544K, used 163669K [0x00000000a0c00000, 0x00000000af300000, 0x00000000e0400000)
  object space 236544K, 69% used [0x00000000a0c00000,0x00000000aabd5570,0x00000000af300000)
 Metaspace       used 17972K, capacity 18213K, committed 18560K, reserved 1067008K
  class space    used 1724K, capacity 1793K, committed 1920K, reserved 1048576K
Event: 46.169 GC heap after
Heap after GC invocations=83 (full 3):
 PSYoungGen      total 448000K, used 160K [0x00000000e0400000, 0x00000000fbb00000, 0x0000000100000000)
  eden space 446464K, 0% used [0x00000000e0400000,0x00000000e0400000,0x00000000fb800000)
  from space 1536K, 10% used [0x00000000fb980000,0x00000000fb9a8000,0x00000000fbb00000)
  to   space 1536K, 0% used [0x00000000fb800000,0x00000000fb800000,0x00000000fb980000)
 ParOldGen       total 236544K, used 163669K [0x00000000a0c00000, 0x00000000af300000, 0x00000000e0400000)
  object space 236544K, 69% used [0x00000000a0c00000,0x00000000aabd5570,0x00000000af300000)
 Metaspace       used 17972K, capacity 18213K, committed 18560K, reserved 1067008K
  class space    used 1724K, capacity 1793K, committed 1920K, reserved 1048576K
}
Event: 46.839 GC heap before
{Heap before GC invocations=84 (full 3):
 PSYoungGen      total 448000K, used 446624K [0x00000000e0400000, 0x00000000fbb00000, 0x0000000100000000)
  eden space 446464K, 100% used [0x00000000e0400000,0x00000000fb800000,0x00000000fb800000)
  from space 1536K, 10% used [0x00000000fb980000,0x00000000fb9a8000,0x00000000fbb00000)
  to   space 1536K, 0% used [0x00000000fb800000,0x00000000fb800000,0x00000000fb980000)
 ParOldGen       total 236544K, used 163669K [0x00000000a0c00000, 0x00000000af300000, 0x00000000e0400000)
  object space 236544K, 69% used [0x00000000a0c00000,0x00000000aabd5570,0x00000000af300000)
 Metaspace       used 17972K, capacity 18213K, committed 18560K, reserved 1067008K
  class space    used 1724K, capacity 1793K, committed 1920K, reserved 1048576K
Event: 46.840 GC heap after
Heap after GC invocations=84 (full 3):
 PSYoungGen      total 448000K, used 160K [0x00000000e0400000, 0x00000000fbb80000, 0x0000000100000000)
  eden space 446464K, 0% used [0x00000000e0400000,0x00000000e0400000,0x00000000fb800000)
  from space 1536K, 10% used [0x00000000fb800000,0x00000000fb828000,0x00000000fb980000)
  to   space 1024K, 0% used [0x00000000fba80000,0x00000000fba80000,0x00000000fbb80000)
 ParOldGen       total 236544K, used 163669K [0x00000000a0c00000, 0x00000000af300000, 0x00000000e0400000)
  object space 236544K, 69% used [0x00000000a0c00000,0x00000000aabd5570,0x00000000af300000)
 Metaspace       used 17972K, capacity 18213K, committed 18560K, reserved 1067008K
  class space    used 1724K, capacity 1793K, committed 1920K, reserved 1048576K
}
Event: 47.507 GC heap before
{Heap before GC invocations=85 (full 3):
 PSYoungGen      total 448000K, used 445838K [0x00000000e0400000, 0x00000000fbb80000, 0x0000000100000000)
  eden space 446464K, 99% used [0x00000000e0400000,0x00000000fb73b9f8,0x00000000fb800000)
  from space 1536K, 10% used [0x00000000fb800000,0x00000000fb828000,0x00000000fb980000)
  to   space 1024K, 0% used [0x00000000fba80000,0x00000000fba80000,0x00000000fbb80000)
 ParOldGen       total 236544K, used 163669K [0x00000000a0c00000, 0x00000000af300000, 0x00000000e0400000)
  object space 236544K, 69% used [0x00000000a0c00000,0x00000000aabd5570,0x00000000af300000)
 Metaspace       used 17972K, capacity 18213K, committed 18560K, reserved 1067008K
  class space    used 1724K, capacity 1793K, committed 1920K, reserved 1048576K
Event: 47.512 GC heap after
Heap after GC invocations=85 (full 3):
 PSYoungGen      total 448512K, used 1008K [0x00000000e0400000, 0x00000000fbd80000, 0x0000000100000000)
  eden space 447488K, 0% used [0x00000000e0400000,0x00000000e0400000,0x00000000fb900000)
  from space 1024K, 98% used [0x00000000fba80000,0x00000000fbb7c010,0x00000000fbb80000)
  to   space 1536K, 0% used [0x00000000fb900000,0x00000000fb900000,0x00000000fba80000)
 ParOldGen       total 236544K, used 171769K [0x00000000a0c00000, 0x00000000af300000, 0x00000000e0400000)
  object space 236544K, 72% used [0x00000000a0c00000,0x00000000ab3be580,0x00000000af300000)
 Metaspace       used 17972K, capacity 18213K, committed 18560K, reserved 1067008K
  class space    used 1724K, capacity 1793K, committed 1920K, reserved 1048576K
}

