# JRE version: Java(TM) SE Runtime Environment (8.0_25-b18) (build 1.8.0_25-b18)
# Java VM: Java HotSpot(TM) 64-Bit Server VM (25.25-b02 mixed mode windows-amd64 compressed oops)
Heap:
 PSYoungGen      total 432128K, used 403291K [0x00000000e0400000, 0x00000000ff600000, 0x0000000100000000)
  eden space 380928K, 96% used [0x00000000e0400000,0x00000000f6b15570,0x00000000f7800000)
  from space 51200K, 69% used [0x00000000f7800000,0x00000000f9ac1948,0x00000000faa00000)
  to   space 50176K, 0% used [0x00000000fc500000,0x00000000fc500000,0x00000000ff600000)
 ParOldGen       total 210944K, used 120227K [0x00000000a0c00000, 0x00000000ada00000, 0x00000000e0400000)
  object space 210944K, 56% used [0x00000000a0c00000,0x00000000a8168fe0,0x00000000ada00000)
 Metaspace       used 17602K, capacity 17793K, committed 17920K, reserved 1064960K
  class space    used 1719K, capacity 1761K, committed 1792K, reserved 1048576K
GC Heap History (10 events):
Event: 5.534 GC heap before
{Heap before GC invocations=15 (full 2):
 PSYoungGen      total 343552K, used 330486K [0x00000000e0400000, 0x00000000f8400000, 0x0000000100000000)
  eden space 294912K, 100% used [0x00000000e0400000,0x00000000f2400000,0x00000000f2400000)
  from space 48640K, 73% used [0x00000000f5400000,0x00000000f76bd938,0x00000000f8380000)
  to   space 49152K, 0% used [0x00000000f2400000,0x00000000f2400000,0x00000000f5400000)
 ParOldGen       total 210944K, used 120195K [0x00000000a0c00000, 0x00000000ada00000, 0x00000000e0400000)
  object space 210944K, 56% used [0x00000000a0c00000,0x00000000a8160fe0,0x00000000ada00000)
 Metaspace       used 17489K, capacity 17665K, committed 17920K, reserved 1064960K
  class space    used 1706K, capacity 1761K, committed 1792K, reserved 1048576K
Event: 5.542 GC heap after
Heap after GC invocations=15 (full 2):
 PSYoungGen      total 344064K, used 35536K [0x00000000e0400000, 0x00000000fb100000, 0x0000000100000000)
  eden space 294912K, 0% used [0x00000000e0400000,0x00000000e0400000,0x00000000f2400000)
  from space 49152K, 72% used [0x00000000f2400000,0x00000000f46b4120,0x00000000f5400000)
  to   space 49152K, 0% used [0x00000000f8100000,0x00000000f8100000,0x00000000fb100000)
 ParOldGen       total 210944K, used 120203K [0x00000000a0c00000, 0x00000000ada00000, 0x00000000e0400000)
  object space 210944K, 56% used [0x00000000a0c00000,0x00000000a8162fe0,0x00000000ada00000)
 Metaspace       used 17489K, capacity 17665K, committed 17920K, reserved 1064960K
  class space    used 1706K, capacity 1761K, committed 1792K, reserved 1048576K
}
Event: 5.984 GC heap before
{Heap before GC invocations=16 (full 2):
 PSYoungGen      total 344064K, used 329744K [0x00000000e0400000, 0x00000000fb100000, 0x0000000100000000)
  eden space 294912K, 99% used [0x00000000e0400000,0x00000000f2350228,0x00000000f2400000)
  from space 49152K, 72% used [0x00000000f2400000,0x00000000f46b4120,0x00000000f5400000)
  to   space 49152K, 0% used [0x00000000f8100000,0x00000000f8100000,0x00000000fb100000)
 ParOldGen       total 210944K, used 120203K [0x00000000a0c00000, 0x00000000ada00000, 0x00000000e0400000)
  object space 210944K, 56% used [0x00000000a0c00000,0x00000000a8162fe0,0x00000000ada00000)
 Metaspace       used 17503K, capacity 17665K, committed 17920K, reserved 1064960K
  class space    used 1706K, capacity 1761K, committed 1792K, reserved 1048576K
Event: 6.000 GC heap after
Heap after GC invocations=16 (full 2):
 PSYoungGen      total 387072K, used 43594K [0x00000000e0400000, 0x00000000fb500000, 0x0000000100000000)
  eden space 337920K, 0% used [0x00000000e0400000,0x00000000e0400000,0x00000000f4e00000)
  from space 49152K, 88% used [0x00000000f8100000,0x00000000fab92958,0x00000000fb100000)
  to   space 52224K, 0% used [0x00000000f4e00000,0x00000000f4e00000,0x00000000f8100000)
 ParOldGen       total 210944K, used 120211K [0x00000000a0c00000, 0x00000000ada00000, 0x00000000e0400000)
  object space 210944K, 56% used [0x00000000a0c00000,0x00000000a8164fe0,0x00000000ada00000)
 Metaspace       used 17503K, capacity 17665K, committed 17920K, reserved 1064960K
  class space    used 1706K, capacity 1761K, committed 1792K, reserved 1048576K
}
Event: 6.470 GC heap before
{Heap before GC invocations=17 (full 2):
 PSYoungGen      total 387072K, used 381514K [0x00000000e0400000, 0x00000000fb500000, 0x0000000100000000)
  eden space 337920K, 100% used [0x00000000e0400000,0x00000000f4e00000,0x00000000f4e00000)
  from space 49152K, 88% used [0x00000000f8100000,0x00000000fab92958,0x00000000fb100000)
  to   space 52224K, 0% used [0x00000000f4e00000,0x00000000f4e00000,0x00000000f8100000)
 ParOldGen       total 210944K, used 120211K [0x00000000a0c00000, 0x00000000ada00000, 0x00000000e0400000)
  object space 210944K, 56% used [0x00000000a0c00000,0x00000000a8164fe0,0x00000000ada00000)
 Metaspace       used 17520K, capacity 17793K, committed 17920K, reserved 1064960K
  class space    used 1706K, capacity 1761K, committed 1792K, reserved 1048576K
Event: 6.480 GC heap after
Heap after GC invocations=17 (full 2):
 PSYoungGen      total 390144K, used 35494K [0x00000000e0400000, 0x00000000fdf80000, 0x0000000100000000)
  eden space 337920K, 0% used [0x00000000e0400000,0x00000000e0400000,0x00000000f4e00000)
  from space 52224K, 67% used [0x00000000f4e00000,0x00000000f70a9948,0x00000000f8100000)
  to   space 51712K, 0% used [0x00000000fad00000,0x00000000fad00000,0x00000000fdf80000)
 ParOldGen       total 210944K, used 120219K [0x00000000a0c00000, 0x00000000ada00000, 0x00000000e0400000)
  object space 210944K, 56% used [0x00000000a0c00000,0x00000000a8166fe0,0x00000000ada00000)
 Metaspace       used 17520K, capacity 17793K, committed 17920K, reserved 1064960K
  class space    used 1706K, capacity 1761K, committed 1792K, reserved 1048576K
}
Event: 6.979 GC heap before
{Heap before GC invocations=18 (full 2):
 PSYoungGen      total 390144K, used 372277K [0x00000000e0400000, 0x00000000fdf80000, 0x0000000100000000)
  eden space 337920K, 99% used [0x00000000e0400000,0x00000000f4ce3e48,0x00000000f4e00000)
  from space 52224K, 67% used [0x00000000f4e00000,0x00000000f70a9948,0x00000000f8100000)
  to   space 51712K, 0% used [0x00000000fad00000,0x00000000fad00000,0x00000000fdf80000)
 ParOldGen       total 210944K, used 120219K [0x00000000a0c00000, 0x00000000ada00000, 0x00000000e0400000)
  object space 210944K, 56% used [0x00000000a0c00000,0x00000000a8166fe0,0x00000000ada00000)
 Metaspace       used 17566K, capacity 17793K, committed 17920K, reserved 1064960K
  class space    used 1719K, capacity 1761K, committed 1792K, reserved 1048576K
Event: 6.992 GC heap after
Heap after GC invocations=18 (full 2):
 PSYoungGen      total 429056K, used 35613K [0x00000000e0400000, 0x00000000fdc00000, 0x0000000100000000)
  eden space 380928K, 0% used [0x00000000e0400000,0x00000000e0400000,0x00000000f7800000)
  from space 48128K, 73% used [0x00000000fad00000,0x00000000fcfc7790,0x00000000fdc00000)
  to   space 51200K, 0% used [0x00000000f7800000,0x00000000f7800000,0x00000000faa00000)
 ParOldGen       total 210944K, used 120219K [0x00000000a0c00000, 0x00000000ada00000, 0x00000000e0400000)
  object space 210944K, 56% used [0x00000000a0c00000,0x00000000a8166fe0,0x00000000ada00000)
 Metaspace       used 17566K, capacity 17793K, committed 17920K, reserved 1064960K
  class space    used 1719K, capacity 1761K, committed 1792K, reserved 1048576K
}
Event: 7.578 GC heap before
{Heap before GC invocations=19 (full 2):
 PSYoungGen      total 429056K, used 409890K [0x00000000e0400000, 0x00000000fdc00000, 0x0000000100000000)
  eden space 380928K, 98% used [0x00000000e0400000,0x00000000f7181278,0x00000000f7800000)
  from space 48128K, 73% used [0x00000000fad00000,0x00000000fcfc7790,0x00000000fdc00000)
  to   space 51200K, 0% used [0x00000000f7800000,0x00000000f7800000,0x00000000faa00000)
 ParOldGen       total 210944K, used 120219K [0x00000000a0c00000, 0x00000000ada00000, 0x00000000e0400000)
  object space 210944K, 56% used [0x00000000a0c00000,0x00000000a8166fe0,0x00000000ada00000)
 Metaspace       used 17598K, capacity 17793K, committed 17920K, reserved 1064960K
  class space    used 1719K, capacity 1761K, committed 1792K, reserved 1048576K
Event: 7.587 GC heap after
Heap after GC invocations=19 (full 2):
 PSYoungGen      total 432128K, used 35590K [0x00000000e0400000, 0x00000000ff600000, 0x0000000100000000)
  eden space 380928K, 0% used [0x00000000e0400000,0x00000000e0400000,0x00000000f7800000)
  from space 51200K, 69% used [0x00000000f7800000,0x00000000f9ac1948,0x00000000faa00000)
  to   space 50176K, 0% used [0x00000000fc500000,0x00000000fc500000,0x00000000ff600000)
 ParOldGen       total 210944K, used 120227K [0x00000000a0c00000, 0x00000000ada00000, 0x00000000e0400000)
  object space 210944K, 56% used [0x00000000a0c00000,0x00000000a8168fe0,0x00000000ada00000)
 Metaspace       used 17598K, capacity 17793K, committed 17920K, reserved 1064960K
  class space    used 1719K, capacity 1761K, committed 1792K, reserved 1048576K
}

