# JRE version: Java(TM) SE Runtime Environment (8.0_25-b18) (build 1.8.0_25-b18)
# Java VM: Java HotSpot(TM) 64-Bit Server VM (25.25-b02 mixed mode windows-amd64 compressed oops)
Heap:
 PSYoungGen      total 331264K, used 102269K [0x00000000e0400000, 0x00000000f5500000, 0x0000000100000000)
  eden space 316928K, 32% used [0x00000000e0400000,0x00000000e67a7628,0x00000000f3980000)
  from space 14336K, 1% used [0x00000000f3980000,0x00000000f39b8000,0x00000000f4780000)
  to   space 13312K, 0% used [0x00000000f4800000,0x00000000f4800000,0x00000000f5500000)
 ParOldGen       total 228864K, used 155452K [0x00000000a0c00000, 0x00000000aeb80000, 0x00000000e0400000)
  object space 228864K, 67% used [0x00000000a0c00000,0x00000000aa3cf0b0,0x00000000aeb80000)
 Metaspace       used 18036K, capacity 18217K, committed 18560K, reserved 1067008K
  class space    used 1729K, capacity 1793K, committed 1920K, reserved 1048576K
GC Heap History (10 events):
Event: 32.013 GC heap before
{Heap before GC invocations=50 (full 3):
 PSYoungGen      total 328704K, used 314048K [0x00000000e0400000, 0x00000000f5580000, 0x0000000100000000)
  eden space 313856K, 100% used [0x00000000e0400000,0x00000000f3680000,0x00000000f3680000)
  from space 14848K, 1% used [0x00000000f4700000,0x00000000f4730000,0x00000000f5580000)
  to   space 15872K, 0% used [0x00000000f3680000,0x00000000f3680000,0x00000000f4600000)
 ParOldGen       total 228864K, used 155420K [0x00000000a0c00000, 0x00000000aeb80000, 0x00000000e0400000)
  object space 228864K, 67% used [0x00000000a0c00000,0x00000000aa3c70b0,0x00000000aeb80000)
 Metaspace       used 18001K, capacity 18217K, committed 18560K, reserved 1067008K
  class space    used 1718K, capacity 1793K, committed 1920K, reserved 1048576K
Event: 32.015 GC heap after
Heap after GC invocations=50 (full 3):
 PSYoungGen      total 329728K, used 8292K [0x00000000e0400000, 0x00000000f5900000, 0x0000000100000000)
  eden space 313856K, 0% used [0x00000000e0400000,0x00000000e0400000,0x00000000f3680000)
  from space 15872K, 52% used [0x00000000f3680000,0x00000000f3e99010,0x00000000f4600000)
  to   space 16896K, 0% used [0x00000000f4880000,0x00000000f4880000,0x00000000f5900000)
 ParOldGen       total 228864K, used 155452K [0x00000000a0c00000, 0x00000000aeb80000, 0x00000000e0400000)
  object space 228864K, 67% used [0x00000000a0c00000,0x00000000aa3cf0b0,0x00000000aeb80000)
 Metaspace       used 18001K, capacity 18217K, committed 18560K, reserved 1067008K
  class space    used 1718K, capacity 1793K, committed 1920K, reserved 1048576K
}
Event: 32.480 GC heap before
{Heap before GC invocations=51 (full 3):
 PSYoungGen      total 329728K, used 320973K [0x00000000e0400000, 0x00000000f5900000, 0x0000000100000000)
  eden space 313856K, 99% used [0x00000000e0400000,0x00000000f355a7b8,0x00000000f3680000)
  from space 15872K, 52% used [0x00000000f3680000,0x00000000f3e99010,0x00000000f4600000)
  to   space 16896K, 0% used [0x00000000f4880000,0x00000000f4880000,0x00000000f5900000)
 ParOldGen       total 228864K, used 155452K [0x00000000a0c00000, 0x00000000aeb80000, 0x00000000e0400000)
  object space 228864K, 67% used [0x00000000a0c00000,0x00000000aa3cf0b0,0x00000000aeb80000)
 Metaspace       used 18001K, capacity 18217K, committed 18560K, reserved 1067008K
  class space    used 1718K, capacity 1793K, committed 1920K, reserved 1048576K
Event: 32.482 GC heap after
Heap after GC invocations=51 (full 3):
 PSYoungGen      total 330240K, used 192K [0x00000000e0400000, 0x00000000f5700000, 0x0000000100000000)
  eden space 315392K, 0% used [0x00000000e0400000,0x00000000e0400000,0x00000000f3800000)
  from space 14848K, 1% used [0x00000000f4880000,0x00000000f48b0000,0x00000000f5700000)
  to   space 15872K, 0% used [0x00000000f3800000,0x00000000f3800000,0x00000000f4780000)
 ParOldGen       total 228864K, used 155452K [0x00000000a0c00000, 0x00000000aeb80000, 0x00000000e0400000)
  object space 228864K, 67% used [0x00000000a0c00000,0x00000000aa3cf0b0,0x00000000aeb80000)
 Metaspace       used 18001K, capacity 18217K, committed 18560K, reserved 1067008K
  class space    used 1718K, capacity 1793K, committed 1920K, reserved 1048576K
}
Event: 32.969 GC heap before
{Heap before GC invocations=52 (full 3):
 PSYoungGen      total 330240K, used 315584K [0x00000000e0400000, 0x00000000f5700000, 0x0000000100000000)
  eden space 315392K, 100% used [0x00000000e0400000,0x00000000f3800000,0x00000000f3800000)
  from space 14848K, 1% used [0x00000000f4880000,0x00000000f48b0000,0x00000000f5700000)
  to   space 15872K, 0% used [0x00000000f3800000,0x00000000f3800000,0x00000000f4780000)
 ParOldGen       total 228864K, used 155452K [0x00000000a0c00000, 0x00000000aeb80000, 0x00000000e0400000)
  object space 228864K, 67% used [0x00000000a0c00000,0x00000000aa3cf0b0,0x00000000aeb80000)
 Metaspace       used 18001K, capacity 18217K, committed 18560K, reserved 1067008K
  class space    used 1718K, capacity 1793K, committed 1920K, reserved 1048576K
Event: 32.970 GC heap after
Heap after GC invocations=52 (full 3):
 PSYoungGen      total 331264K, used 192K [0x00000000e0400000, 0x00000000f5680000, 0x0000000100000000)
  eden space 315392K, 0% used [0x00000000e0400000,0x00000000e0400000,0x00000000f3800000)
  from space 15872K, 1% used [0x00000000f3800000,0x00000000f3830000,0x00000000f4780000)
  to   space 14848K, 0% used [0x00000000f4800000,0x00000000f4800000,0x00000000f5680000)
 ParOldGen       total 228864K, used 155452K [0x00000000a0c00000, 0x00000000aeb80000, 0x00000000e0400000)
  object space 228864K, 67% used [0x00000000a0c00000,0x00000000aa3cf0b0,0x00000000aeb80000)
 Metaspace       used 18001K, capacity 18217K, committed 18560K, reserved 1067008K
  class space    used 1718K, capacity 1793K, committed 1920K, reserved 1048576K
}
Event: 33.461 GC heap before
{Heap before GC invocations=53 (full 3):
 PSYoungGen      total 331264K, used 315584K [0x00000000e0400000, 0x00000000f5680000, 0x0000000100000000)
  eden space 315392K, 100% used [0x00000000e0400000,0x00000000f3800000,0x00000000f3800000)
  from space 15872K, 1% used [0x00000000f3800000,0x00000000f3830000,0x00000000f4780000)
  to   space 14848K, 0% used [0x00000000f4800000,0x00000000f4800000,0x00000000f5680000)
 ParOldGen       total 228864K, used 155452K [0x00000000a0c00000, 0x00000000aeb80000, 0x00000000e0400000)
  object space 228864K, 67% used [0x00000000a0c00000,0x00000000aa3cf0b0,0x00000000aeb80000)
 Metaspace       used 18001K, capacity 18217K, committed 18560K, reserved 1067008K
  class space    used 1718K, capacity 1793K, committed 1920K, reserved 1048576K
Event: 33.462 GC heap after
Heap after GC invocations=53 (full 3):
 PSYoungGen      total 330752K, used 192K [0x00000000e0400000, 0x00000000f5580000, 0x0000000100000000)
  eden space 316928K, 0% used [0x00000000e0400000,0x00000000e0400000,0x00000000f3980000)
  from space 13824K, 1% used [0x00000000f4800000,0x00000000f4830000,0x00000000f5580000)
  to   space 14336K, 0% used [0x00000000f3980000,0x00000000f3980000,0x00000000f4780000)
 ParOldGen       total 228864K, used 155452K [0x00000000a0c00000, 0x00000000aeb80000, 0x00000000e0400000)
  object space 228864K, 67% used [0x00000000a0c00000,0x00000000aa3cf0b0,0x00000000aeb80000)
 Metaspace       used 18001K, capacity 18217K, committed 18560K, reserved 1067008K
  class space    used 1718K, capacity 1793K, committed 1920K, reserved 1048576K
}
Event: 33.952 GC heap before
{Heap before GC invocations=54 (full 3):
 PSYoungGen      total 330752K, used 310726K [0x00000000e0400000, 0x00000000f5580000, 0x0000000100000000)
  eden space 316928K, 97% used [0x00000000e0400000,0x00000000f3341aa8,0x00000000f3980000)
  from space 13824K, 1% used [0x00000000f4800000,0x00000000f4830000,0x00000000f5580000)
  to   space 14336K, 0% used [0x00000000f3980000,0x00000000f3980000,0x00000000f4780000)
 ParOldGen       total 228864K, used 155452K [0x00000000a0c00000, 0x00000000aeb80000, 0x00000000e0400000)
  object space 228864K, 67% used [0x00000000a0c00000,0x00000000aa3cf0b0,0x00000000aeb80000)
 Metaspace       used 18001K, capacity 18217K, committed 18560K, reserved 1067008K
  class space    used 1718K, capacity 1793K, committed 1920K, reserved 1048576K
Event: 33.955 GC heap after
Heap after GC invocations=54 (full 3):
 PSYoungGen      total 331264K, used 224K [0x00000000e0400000, 0x00000000f5500000, 0x0000000100000000)
  eden space 316928K, 0% used [0x00000000e0400000,0x00000000e0400000,0x00000000f3980000)
  from space 14336K, 1% used [0x00000000f3980000,0x00000000f39b8000,0x00000000f4780000)
  to   space 13312K, 0% used [0x00000000f4800000,0x00000000f4800000,0x00000000f5500000)
 ParOldGen       total 228864K, used 155452K [0x00000000a0c00000, 0x00000000aeb80000, 0x00000000e0400000)
  object space 228864K, 67% used [0x00000000a0c00000,0x00000000aa3cf0b0,0x00000000aeb80000)
 Metaspace       used 18001K, capacity 18217K, committed 18560K, reserved 1067008K
  class space    used 1718K, capacity 1793K, committed 1920K, reserved 1048576K
}

