# JRE version: Java(TM) SE Runtime Environment (8.0_25-b18) (build 1.8.0_25-b18)
# Java VM: Java HotSpot(TM) 64-Bit Server VM (25.25-b02 mixed mode windows-amd64 compressed oops)
Heap:
 PSYoungGen      total 155648K, used 125029K [0x00000000e0400000, 0x00000000ede80000, 0x0000000100000000)
  eden space 118272K, 74% used [0x00000000e0400000,0x00000000e599ece8,0x00000000e7780000)
  from space 37376K, 99% used [0x00000000ea700000,0x00000000ecb7aa30,0x00000000ecb80000)
  to   space 48640K, 0% used [0x00000000e7780000,0x00000000e7780000,0x00000000ea700000)
 ParOldGen       total 153088K, used 95455K [0x00000000a0c00000, 0x00000000aa180000, 0x00000000e0400000)
  object space 153088K, 62% used [0x00000000a0c00000,0x00000000a6937e60,0x00000000aa180000)
 Metaspace       used 17619K, capacity 17825K, committed 18048K, reserved 1064960K
  class space    used 1735K, capacity 1793K, committed 1920K, reserved 1048576K
GC Heap History (10 events):
Event: 2.715 GC heap before
{Heap before GC invocations=6 (full 1):
 PSYoungGen      total 53248K, used 34590K [0x00000000e0400000, 0x00000000e3c00000, 0x0000000100000000)
  eden space 49152K, 70% used [0x00000000e0400000,0x00000000e25c78e8,0x00000000e3400000)
  from space 4096K, 0% used [0x00000000e3800000,0x00000000e3800000,0x00000000e3c00000)
  to   space 4096K, 0% used [0x00000000e3400000,0x00000000e3400000,0x00000000e3800000)
 ParOldGen       total 100864K, used 48694K [0x00000000a0c00000, 0x00000000a6e80000, 0x00000000e0400000)
  object space 100864K, 48% used [0x00000000a0c00000,0x00000000a3b8d918,0x00000000a6e80000)
 Metaspace       used 16689K, capacity 16955K, committed 17152K, reserved 1064960K
  class space    used 1687K, capacity 1760K, committed 1792K, reserved 1048576K
Event: 2.726 GC heap after
Heap after GC invocations=6 (full 1):
 PSYoungGen      total 53248K, used 4084K [0x00000000e0400000, 0x00000000eb180000, 0x0000000100000000)
  eden space 49152K, 0% used [0x00000000e0400000,0x00000000e0400000,0x00000000e3400000)
  from space 4096K, 99% used [0x00000000e3400000,0x00000000e37fd050,0x00000000e3800000)
  to   space 40448K, 0% used [0x00000000e8a00000,0x00000000e8a00000,0x00000000eb180000)
 ParOldGen       total 100864K, used 78708K [0x00000000a0c00000, 0x00000000a6e80000, 0x00000000e0400000)
  object space 100864K, 78% used [0x00000000a0c00000,0x00000000a58dd158,0x00000000a6e80000)
 Metaspace       used 16689K, capacity 16955K, committed 17152K, reserved 1064960K
  class space    used 1687K, capacity 1760K, committed 1792K, reserved 1048576K
}
Event: 2.726 GC heap before
{Heap before GC invocations=7 (full 2):
 PSYoungGen      total 53248K, used 4084K [0x00000000e0400000, 0x00000000eb180000, 0x0000000100000000)
  eden space 49152K, 0% used [0x00000000e0400000,0x00000000e0400000,0x00000000e3400000)
  from space 4096K, 99% used [0x00000000e3400000,0x00000000e37fd050,0x00000000e3800000)
  to   space 40448K, 0% used [0x00000000e8a00000,0x00000000e8a00000,0x00000000eb180000)
 ParOldGen       total 100864K, used 78708K [0x00000000a0c00000, 0x00000000a6e80000, 0x00000000e0400000)
  object space 100864K, 78% used [0x00000000a0c00000,0x00000000a58dd158,0x00000000a6e80000)
 Metaspace       used 16689K, capacity 16955K, committed 17152K, reserved 1064960K
  class space    used 1687K, capacity 1760K, committed 1792K, reserved 1048576K
Event: 2.747 GC heap after
Heap after GC invocations=7 (full 2):
 PSYoungGen      total 53248K, used 0K [0x00000000e0400000, 0x00000000eb180000, 0x0000000100000000)
  eden space 49152K, 0% used [0x00000000e0400000,0x00000000e0400000,0x00000000e3400000)
  from space 4096K, 0% used [0x00000000e3400000,0x00000000e3400000,0x00000000e3800000)
  to   space 40448K, 0% used [0x00000000e8a00000,0x00000000e8a00000,0x00000000eb180000)
 ParOldGen       total 153088K, used 82639K [0x00000000a0c00000, 0x00000000aa180000, 0x00000000e0400000)
  object space 153088K, 53% used [0x00000000a0c00000,0x00000000a5cb3e60,0x00000000aa180000)
 Metaspace       used 16689K, capacity 16955K, committed 17152K, reserved 1064960K
  class space    used 1687K, capacity 1760K, committed 1792K, reserved 1048576K
}
Event: 2.770 GC heap before
{Heap before GC invocations=8 (full 2):
 PSYoungGen      total 53248K, used 25902K [0x00000000e0400000, 0x00000000eb180000, 0x0000000100000000)
  eden space 49152K, 52% used [0x00000000e0400000,0x00000000e1d4b938,0x00000000e3400000)
  from space 4096K, 0% used [0x00000000e3400000,0x00000000e3400000,0x00000000e3800000)
  to   space 40448K, 0% used [0x00000000e8a00000,0x00000000e8a00000,0x00000000eb180000)
 ParOldGen       total 153088K, used 82639K [0x00000000a0c00000, 0x00000000aa180000, 0x00000000e0400000)
  object space 153088K, 53% used [0x00000000a0c00000,0x00000000a5cb3e60,0x00000000aa180000)
 Metaspace       used 16708K, capacity 16955K, committed 17152K, reserved 1064960K
  class space    used 1691K, capacity 1760K, committed 1792K, reserved 1048576K
Event: 2.781 GC heap after
Heap after GC invocations=8 (full 2):
 PSYoungGen      total 106496K, used 25084K [0x00000000e0400000, 0x00000000ea280000, 0x0000000100000000)
  eden space 81408K, 0% used [0x00000000e0400000,0x00000000e0400000,0x00000000e5380000)
  from space 25088K, 99% used [0x00000000e8a00000,0x00000000ea27f020,0x00000000ea280000)
  to   space 40448K, 0% used [0x00000000e5380000,0x00000000e5380000,0x00000000e7b00000)
 ParOldGen       total 153088K, used 82639K [0x00000000a0c00000, 0x00000000aa180000, 0x00000000e0400000)
  object space 153088K, 53% used [0x00000000a0c00000,0x00000000a5cb3e60,0x00000000aa180000)
 Metaspace       used 16708K, capacity 16955K, committed 17152K, reserved 1064960K
  class space    used 1691K, capacity 1760K, committed 1792K, reserved 1048576K
}
Event: 3.104 GC heap before
{Heap before GC invocations=9 (full 2):
 PSYoungGen      total 106496K, used 106492K [0x00000000e0400000, 0x00000000ea280000, 0x0000000100000000)
  eden space 81408K, 100% used [0x00000000e0400000,0x00000000e5380000,0x00000000e5380000)
  from space 25088K, 99% used [0x00000000e8a00000,0x00000000ea27f020,0x00000000ea280000)
  to   space 40448K, 0% used [0x00000000e5380000,0x00000000e5380000,0x00000000e7b00000)
 ParOldGen       total 153088K, used 82639K [0x00000000a0c00000, 0x00000000aa180000, 0x00000000e0400000)
  object space 153088K, 53% used [0x00000000a0c00000,0x00000000a5cb3e60,0x00000000aa180000)
 Metaspace       used 16861K, capacity 17083K, committed 17152K, reserved 1064960K
  class space    used 1693K, capacity 1760K, committed 1792K, reserved 1048576K
Event: 3.113 GC heap after
Heap after GC invocations=9 (full 2):
 PSYoungGen      total 121856K, used 19544K [0x00000000e0400000, 0x00000000ecb80000, 0x0000000100000000)
  eden space 81408K, 0% used [0x00000000e0400000,0x00000000e0400000,0x00000000e5380000)
  from space 40448K, 48% used [0x00000000e5380000,0x00000000e66961e8,0x00000000e7b00000)
  to   space 37376K, 0% used [0x00000000ea700000,0x00000000ea700000,0x00000000ecb80000)
 ParOldGen       total 153088K, used 82647K [0x00000000a0c00000, 0x00000000aa180000, 0x00000000e0400000)
  object space 153088K, 53% used [0x00000000a0c00000,0x00000000a5cb5e60,0x00000000aa180000)
 Metaspace       used 16861K, capacity 17083K, committed 17152K, reserved 1064960K
  class space    used 1693K, capacity 1760K, committed 1792K, reserved 1048576K
}
Event: 3.506 GC heap before
{Heap before GC invocations=10 (full 2):
 PSYoungGen      total 121856K, used 100833K [0x00000000e0400000, 0x00000000ecb80000, 0x0000000100000000)
  eden space 81408K, 99% used [0x00000000e0400000,0x00000000e53624e8,0x00000000e5380000)
  from space 40448K, 48% used [0x00000000e5380000,0x00000000e66961e8,0x00000000e7b00000)
  to   space 37376K, 0% used [0x00000000ea700000,0x00000000ea700000,0x00000000ecb80000)
 ParOldGen       total 153088K, used 82647K [0x00000000a0c00000, 0x00000000aa180000, 0x00000000e0400000)
  object space 153088K, 53% used [0x00000000a0c00000,0x00000000a5cb5e60,0x00000000aa180000)
 Metaspace       used 16906K, capacity 17147K, committed 17408K, reserved 1064960K
  class space    used 1693K, capacity 1760K, committed 1792K, reserved 1048576K
Event: 3.543 GC heap after
Heap after GC invocations=10 (full 2):
 PSYoungGen      total 155648K, used 37354K [0x00000000e0400000, 0x00000000ede80000, 0x0000000100000000)
  eden space 118272K, 0% used [0x00000000e0400000,0x00000000e0400000,0x00000000e7780000)
  from space 37376K, 99% used [0x00000000ea700000,0x00000000ecb7aa30,0x00000000ecb80000)
  to   space 48640K, 0% used [0x00000000e7780000,0x00000000e7780000,0x00000000ea700000)
 ParOldGen       total 153088K, used 95455K [0x00000000a0c00000, 0x00000000aa180000, 0x00000000e0400000)
  object space 153088K, 62% used [0x00000000a0c00000,0x00000000a6937e60,0x00000000aa180000)
 Metaspace       used 16906K, capacity 17147K, committed 17408K, reserved 1064960K
  class space    used 1693K, capacity 1760K, committed 1792K, reserved 1048576K
}

