# JRE version: Java(TM) SE Runtime Environment (8.0_25-b18) (build 1.8.0_25-b18)
# Java VM: Java HotSpot(TM) 64-Bit Server VM (25.25-b02 mixed mode windows-amd64 compressed oops)
Heap:
 PSYoungGen      total 366080K, used 49811K [0x00000000e0400000, 0x00000000f6d80000, 0x0000000100000000)
  eden space 364032K, 13% used [0x00000000e0400000,0x00000000e346cdf0,0x00000000f6780000)
  from space 2048K, 10% used [0x00000000f6780000,0x00000000f67b8000,0x00000000f6980000)
  to   space 2048K, 0% used [0x00000000f6b80000,0x00000000f6b80000,0x00000000f6d80000)
 ParOldGen       total 226304K, used 155015K [0x00000000a0c00000, 0x00000000ae900000, 0x00000000e0400000)
  object space 226304K, 68% used [0x00000000a0c00000,0x00000000aa361e08,0x00000000ae900000)
 Metaspace       used 18091K, capacity 18255K, committed 18432K, reserved 1067008K
  class space    used 1722K, capacity 1762K, committed 1792K, reserved 1048576K
GC Heap History (10 events):
Event: 25.833 GC heap before
{Heap before GC invocations=70 (full 3):
 PSYoungGen      total 363008K, used 360192K [0x00000000e0400000, 0x00000000f6980000, 0x0000000100000000)
  eden space 359936K, 100% used [0x00000000e0400000,0x00000000f6380000,0x00000000f6380000)
  from space 3072K, 8% used [0x00000000f6680000,0x00000000f66c0000,0x00000000f6980000)
  to   space 3072K, 0% used [0x00000000f6380000,0x00000000f6380000,0x00000000f6680000)
 ParOldGen       total 226304K, used 154967K [0x00000000a0c00000, 0x00000000ae900000, 0x00000000e0400000)
  object space 226304K, 68% used [0x00000000a0c00000,0x00000000aa355e08,0x00000000ae900000)
 Metaspace       used 18081K, capacity 18255K, committed 18432K, reserved 1067008K
  class space    used 1722K, capacity 1762K, committed 1792K, reserved 1048576K
Event: 25.834 GC heap after
Heap after GC invocations=70 (full 3):
 PSYoungGen      total 363008K, used 224K [0x00000000e0400000, 0x00000000f6a80000, 0x0000000100000000)
  eden space 359936K, 0% used [0x00000000e0400000,0x00000000e0400000,0x00000000f6380000)
  from space 3072K, 7% used [0x00000000f6380000,0x00000000f63b8000,0x00000000f6680000)
  to   space 2560K, 0% used [0x00000000f6800000,0x00000000f6800000,0x00000000f6a80000)
 ParOldGen       total 226304K, used 154967K [0x00000000a0c00000, 0x00000000ae900000, 0x00000000e0400000)
  object space 226304K, 68% used [0x00000000a0c00000,0x00000000aa355e08,0x00000000ae900000)
 Metaspace       used 18081K, capacity 18255K, committed 18432K, reserved 1067008K
  class space    used 1722K, capacity 1762K, committed 1792K, reserved 1048576K
}
Event: 26.238 GC heap before
{Heap before GC invocations=71 (full 3):
 PSYoungGen      total 363008K, used 358070K [0x00000000e0400000, 0x00000000f6a80000, 0x0000000100000000)
  eden space 359936K, 99% used [0x00000000e0400000,0x00000000f6175828,0x00000000f6380000)
  from space 3072K, 7% used [0x00000000f6380000,0x00000000f63b8000,0x00000000f6680000)
  to   space 2560K, 0% used [0x00000000f6800000,0x00000000f6800000,0x00000000f6a80000)
 ParOldGen       total 226304K, used 154967K [0x00000000a0c00000, 0x00000000ae900000, 0x00000000e0400000)
  object space 226304K, 68% used [0x00000000a0c00000,0x00000000aa355e08,0x00000000ae900000)
 Metaspace       used 18086K, capacity 18255K, committed 18432K, reserved 1067008K
  class space    used 1722K, capacity 1762K, committed 1792K, reserved 1048576K
Event: 26.239 GC heap after
Heap after GC invocations=71 (full 3):
 PSYoungGen      total 364544K, used 224K [0x00000000e0400000, 0x00000000f6a80000, 0x0000000100000000)
  eden space 361984K, 0% used [0x00000000e0400000,0x00000000e0400000,0x00000000f6580000)
  from space 2560K, 8% used [0x00000000f6800000,0x00000000f6838000,0x00000000f6a80000)
  to   space 2560K, 0% used [0x00000000f6580000,0x00000000f6580000,0x00000000f6800000)
 ParOldGen       total 226304K, used 154967K [0x00000000a0c00000, 0x00000000ae900000, 0x00000000e0400000)
  object space 226304K, 68% used [0x00000000a0c00000,0x00000000aa355e08,0x00000000ae900000)
 Metaspace       used 18086K, capacity 18255K, committed 18432K, reserved 1067008K
  class space    used 1722K, capacity 1762K, committed 1792K, reserved 1048576K
}
Event: 26.639 GC heap before
{Heap before GC invocations=72 (full 3):
 PSYoungGen      total 364544K, used 362208K [0x00000000e0400000, 0x00000000f6a80000, 0x0000000100000000)
  eden space 361984K, 100% used [0x00000000e0400000,0x00000000f6580000,0x00000000f6580000)
  from space 2560K, 8% used [0x00000000f6800000,0x00000000f6838000,0x00000000f6a80000)
  to   space 2560K, 0% used [0x00000000f6580000,0x00000000f6580000,0x00000000f6800000)
 ParOldGen       total 226304K, used 154967K [0x00000000a0c00000, 0x00000000ae900000, 0x00000000e0400000)
  object space 226304K, 68% used [0x00000000a0c00000,0x00000000aa355e08,0x00000000ae900000)
 Metaspace       used 18090K, capacity 18255K, committed 18432K, reserved 1067008K
  class space    used 1722K, capacity 1762K, committed 1792K, reserved 1048576K
Event: 26.640 GC heap after
Heap after GC invocations=72 (full 3):
 PSYoungGen      total 364544K, used 256K [0x00000000e0400000, 0x00000000f6c80000, 0x0000000100000000)
  eden space 361984K, 0% used [0x00000000e0400000,0x00000000e0400000,0x00000000f6580000)
  from space 2560K, 10% used [0x00000000f6580000,0x00000000f65c0000,0x00000000f6800000)
  to   space 2560K, 0% used [0x00000000f6a00000,0x00000000f6a00000,0x00000000f6c80000)
 ParOldGen       total 226304K, used 154999K [0x00000000a0c00000, 0x00000000ae900000, 0x00000000e0400000)
  object space 226304K, 68% used [0x00000000a0c00000,0x00000000aa35de08,0x00000000ae900000)
 Metaspace       used 18090K, capacity 18255K, committed 18432K, reserved 1067008K
  class space    used 1722K, capacity 1762K, committed 1792K, reserved 1048576K
}
Event: 27.039 GC heap before
{Heap before GC invocations=73 (full 3):
 PSYoungGen      total 364544K, used 362240K [0x00000000e0400000, 0x00000000f6c80000, 0x0000000100000000)
  eden space 361984K, 100% used [0x00000000e0400000,0x00000000f6580000,0x00000000f6580000)
  from space 2560K, 10% used [0x00000000f6580000,0x00000000f65c0000,0x00000000f6800000)
  to   space 2560K, 0% used [0x00000000f6a00000,0x00000000f6a00000,0x00000000f6c80000)
 ParOldGen       total 226304K, used 154999K [0x00000000a0c00000, 0x00000000ae900000, 0x00000000e0400000)
  object space 226304K, 68% used [0x00000000a0c00000,0x00000000aa35de08,0x00000000ae900000)
 Metaspace       used 18090K, capacity 18255K, committed 18432K, reserved 1067008K
  class space    used 1722K, capacity 1762K, committed 1792K, reserved 1048576K
Event: 27.040 GC heap after
Heap after GC invocations=73 (full 3):
 PSYoungGen      total 365568K, used 256K [0x00000000e0400000, 0x00000000f6b80000, 0x0000000100000000)
  eden space 364032K, 0% used [0x00000000e0400000,0x00000000e0400000,0x00000000f6780000)
  from space 1536K, 16% used [0x00000000f6a00000,0x00000000f6a40000,0x00000000f6b80000)
  to   space 2048K, 0% used [0x00000000f6780000,0x00000000f6780000,0x00000000f6980000)
 ParOldGen       total 226304K, used 155007K [0x00000000a0c00000, 0x00000000ae900000, 0x00000000e0400000)
  object space 226304K, 68% used [0x00000000a0c00000,0x00000000aa35fe08,0x00000000ae900000)
 Metaspace       used 18090K, capacity 18255K, committed 18432K, reserved 1067008K
  class space    used 1722K, capacity 1762K, committed 1792K, reserved 1048576K
}
Event: 27.444 GC heap before
{Heap before GC invocations=74 (full 3):
 PSYoungGen      total 365568K, used 364288K [0x00000000e0400000, 0x00000000f6b80000, 0x0000000100000000)
  eden space 364032K, 100% used [0x00000000e0400000,0x00000000f6780000,0x00000000f6780000)
  from space 1536K, 16% used [0x00000000f6a00000,0x00000000f6a40000,0x00000000f6b80000)
  to   space 2048K, 0% used [0x00000000f6780000,0x00000000f6780000,0x00000000f6980000)
 ParOldGen       total 226304K, used 155007K [0x00000000a0c00000, 0x00000000ae900000, 0x00000000e0400000)
  object space 226304K, 68% used [0x00000000a0c00000,0x00000000aa35fe08,0x00000000ae900000)
 Metaspace       used 18090K, capacity 18255K, committed 18432K, reserved 1067008K
  class space    used 1722K, capacity 1762K, committed 1792K, reserved 1048576K
Event: 27.445 GC heap after
Heap after GC invocations=74 (full 3):
 PSYoungGen      total 366080K, used 224K [0x00000000e0400000, 0x00000000f6d80000, 0x0000000100000000)
  eden space 364032K, 0% used [0x00000000e0400000,0x00000000e0400000,0x00000000f6780000)
  from space 2048K, 10% used [0x00000000f6780000,0x00000000f67b8000,0x00000000f6980000)
  to   space 2048K, 0% used [0x00000000f6b80000,0x00000000f6b80000,0x00000000f6d80000)
 ParOldGen       total 226304K, used 155015K [0x00000000a0c00000, 0x00000000ae900000, 0x00000000e0400000)
  object space 226304K, 68% used [0x00000000a0c00000,0x00000000aa361e08,0x00000000ae900000)
 Metaspace       used 18090K, capacity 18255K, committed 18432K, reserved 1067008K
  class space    used 1722K, capacity 1762K, committed 1792K, reserved 1048576K
}

