# JRE version: Java(TM) SE Runtime Environment (8.0_25-b18) (build 1.8.0_25-b18)
# Java VM: Java HotSpot(TM) 64-Bit Server VM (25.25-b02 mixed mode windows-amd64 compressed oops)
Heap:
 PSYoungGen      total 480256K, used 331456K [0x00000000e0400000, 0x00000000fea00000, 0x0000000100000000)
  eden space 464896K, 71% used [0x00000000e0400000,0x00000000f47780e0,0x00000000fca00000)
  from space 15360K, 1% used [0x00000000fdb00000,0x00000000fdb38000,0x00000000fea00000)
  to   space 16384K, 0% used [0x00000000fca00000,0x00000000fca00000,0x00000000fda00000)
 ParOldGen       total 224768K, used 155340K [0x00000000a0c00000, 0x00000000ae780000, 0x00000000e0400000)
  object space 224768K, 69% used [0x00000000a0c00000,0x00000000aa3b31d0,0x00000000ae780000)
 Metaspace       used 17960K, capacity 18217K, committed 18560K, reserved 1067008K
  class space    used 1735K, capacity 1793K, committed 1920K, reserved 1048576K
GC Heap History (10 events):
Event: 27.636 GC heap before
{Heap before GC invocations=67 (full 3):
 PSYoungGen      total 471552K, used 464756K [0x00000000e0400000, 0x00000000fe580000, 0x0000000100000000)
  eden space 455680K, 100% used [0x00000000e0400000,0x00000000fc100000,0x00000000fc100000)
  from space 15872K, 57% used [0x00000000fc100000,0x00000000fc9dd020,0x00000000fd080000)
  to   space 16896K, 0% used [0x00000000fd500000,0x00000000fd500000,0x00000000fe580000)
 ParOldGen       total 224768K, used 155308K [0x00000000a0c00000, 0x00000000ae780000, 0x00000000e0400000)
  object space 224768K, 69% used [0x00000000a0c00000,0x00000000aa3ab1d0,0x00000000ae780000)
 Metaspace       used 17925K, capacity 18153K, committed 18304K, reserved 1064960K
  class space    used 1724K, capacity 1793K, committed 1920K, reserved 1048576K
Event: 27.637 GC heap after
Heap after GC invocations=67 (full 3):
 PSYoungGen      total 474112K, used 160K [0x00000000e0400000, 0x00000000fe400000, 0x0000000100000000)
  eden space 458752K, 0% used [0x00000000e0400000,0x00000000e0400000,0x00000000fc400000)
  from space 15360K, 1% used [0x00000000fd500000,0x00000000fd528000,0x00000000fe400000)
  to   space 16384K, 0% used [0x00000000fc400000,0x00000000fc400000,0x00000000fd400000)
 ParOldGen       total 224768K, used 155308K [0x00000000a0c00000, 0x00000000ae780000, 0x00000000e0400000)
  object space 224768K, 69% used [0x00000000a0c00000,0x00000000aa3ab1d0,0x00000000ae780000)
 Metaspace       used 17925K, capacity 18153K, committed 18304K, reserved 1064960K
  class space    used 1724K, capacity 1793K, committed 1920K, reserved 1048576K
}
Event: 28.133 GC heap before
{Heap before GC invocations=68 (full 3):
 PSYoungGen      total 474112K, used 458912K [0x00000000e0400000, 0x00000000fe400000, 0x0000000100000000)
  eden space 458752K, 100% used [0x00000000e0400000,0x00000000fc400000,0x00000000fc400000)
  from space 15360K, 1% used [0x00000000fd500000,0x00000000fd528000,0x00000000fe400000)
  to   space 16384K, 0% used [0x00000000fc400000,0x00000000fc400000,0x00000000fd400000)
 ParOldGen       total 224768K, used 155308K [0x00000000a0c00000, 0x00000000ae780000, 0x00000000e0400000)
  object space 224768K, 69% used [0x00000000a0c00000,0x00000000aa3ab1d0,0x00000000ae780000)
 Metaspace       used 17925K, capacity 18153K, committed 18304K, reserved 1064960K
  class space    used 1724K, capacity 1793K, committed 1920K, reserved 1048576K
Event: 28.135 GC heap after
Heap after GC invocations=68 (full 3):
 PSYoungGen      total 475136K, used 256K [0x00000000e0400000, 0x00000000fe600000, 0x0000000100000000)
  eden space 458752K, 0% used [0x00000000e0400000,0x00000000e0400000,0x00000000fc400000)
  from space 16384K, 1% used [0x00000000fc400000,0x00000000fc440000,0x00000000fd400000)
  to   space 15872K, 0% used [0x00000000fd680000,0x00000000fd680000,0x00000000fe600000)
 ParOldGen       total 224768K, used 155308K [0x00000000a0c00000, 0x00000000ae780000, 0x00000000e0400000)
  object space 224768K, 69% used [0x00000000a0c00000,0x00000000aa3ab1d0,0x00000000ae780000)
 Metaspace       used 17925K, capacity 18153K, committed 18304K, reserved 1064960K
  class space    used 1724K, capacity 1793K, committed 1920K, reserved 1048576K
}
Event: 28.615 GC heap before
{Heap before GC invocations=69 (full 3):
 PSYoungGen      total 475136K, used 458988K [0x00000000e0400000, 0x00000000fe600000, 0x0000000100000000)
  eden space 458752K, 99% used [0x00000000e0400000,0x00000000fc3fb248,0x00000000fc400000)
  from space 16384K, 1% used [0x00000000fc400000,0x00000000fc440000,0x00000000fd400000)
  to   space 15872K, 0% used [0x00000000fd680000,0x00000000fd680000,0x00000000fe600000)
 ParOldGen       total 224768K, used 155308K [0x00000000a0c00000, 0x00000000ae780000, 0x00000000e0400000)
  object space 224768K, 69% used [0x00000000a0c00000,0x00000000aa3ab1d0,0x00000000ae780000)
 Metaspace       used 17925K, capacity 18153K, committed 18304K, reserved 1064960K
  class space    used 1724K, capacity 1793K, committed 1920K, reserved 1048576K
Event: 28.619 GC heap after
Heap after GC invocations=69 (full 3):
 PSYoungGen      total 477184K, used 9140K [0x00000000e0400000, 0x00000000fe800000, 0x0000000100000000)
  eden space 461312K, 0% used [0x00000000e0400000,0x00000000e0400000,0x00000000fc680000)
  from space 15872K, 57% used [0x00000000fd680000,0x00000000fdf6d020,0x00000000fe600000)
  to   space 16384K, 0% used [0x00000000fc680000,0x00000000fc680000,0x00000000fd680000)
 ParOldGen       total 224768K, used 155308K [0x00000000a0c00000, 0x00000000ae780000, 0x00000000e0400000)
  object space 224768K, 69% used [0x00000000a0c00000,0x00000000aa3ab1d0,0x00000000ae780000)
 Metaspace       used 17925K, capacity 18153K, committed 18304K, reserved 1064960K
  class space    used 1724K, capacity 1793K, committed 1920K, reserved 1048576K
}
Event: 29.114 GC heap before
{Heap before GC invocations=70 (full 3):
 PSYoungGen      total 477184K, used 470452K [0x00000000e0400000, 0x00000000fe800000, 0x0000000100000000)
  eden space 461312K, 100% used [0x00000000e0400000,0x00000000fc680000,0x00000000fc680000)
  from space 15872K, 57% used [0x00000000fd680000,0x00000000fdf6d020,0x00000000fe600000)
  to   space 16384K, 0% used [0x00000000fc680000,0x00000000fc680000,0x00000000fd680000)
 ParOldGen       total 224768K, used 155308K [0x00000000a0c00000, 0x00000000ae780000, 0x00000000e0400000)
  object space 224768K, 69% used [0x00000000a0c00000,0x00000000aa3ab1d0,0x00000000ae780000)
 Metaspace       used 17925K, capacity 18153K, committed 18304K, reserved 1064960K
  class space    used 1724K, capacity 1793K, committed 1920K, reserved 1048576K
Event: 29.116 GC heap after
Heap after GC invocations=70 (full 3):
 PSYoungGen      total 477696K, used 8292K [0x00000000e0400000, 0x00000000feb80000, 0x0000000100000000)
  eden space 461312K, 0% used [0x00000000e0400000,0x00000000e0400000,0x00000000fc680000)
  from space 16384K, 50% used [0x00000000fc680000,0x00000000fce99010,0x00000000fd680000)
  to   space 16896K, 0% used [0x00000000fdb00000,0x00000000fdb00000,0x00000000feb80000)
 ParOldGen       total 224768K, used 155332K [0x00000000a0c00000, 0x00000000ae780000, 0x00000000e0400000)
  object space 224768K, 69% used [0x00000000a0c00000,0x00000000aa3b11d0,0x00000000ae780000)
 Metaspace       used 17925K, capacity 18153K, committed 18304K, reserved 1064960K
  class space    used 1724K, capacity 1793K, committed 1920K, reserved 1048576K
}
Event: 29.643 GC heap before
{Heap before GC invocations=71 (full 3):
 PSYoungGen      total 477696K, used 469604K [0x00000000e0400000, 0x00000000feb80000, 0x0000000100000000)
  eden space 461312K, 100% used [0x00000000e0400000,0x00000000fc680000,0x00000000fc680000)
  from space 16384K, 50% used [0x00000000fc680000,0x00000000fce99010,0x00000000fd680000)
  to   space 16896K, 0% used [0x00000000fdb00000,0x00000000fdb00000,0x00000000feb80000)
 ParOldGen       total 224768K, used 155332K [0x00000000a0c00000, 0x00000000ae780000, 0x00000000e0400000)
  object space 224768K, 69% used [0x00000000a0c00000,0x00000000aa3b11d0,0x00000000ae780000)
 Metaspace       used 17925K, capacity 18153K, committed 18304K, reserved 1064960K
  class space    used 1724K, capacity 1793K, committed 1920K, reserved 1048576K
Event: 29.644 GC heap after
Heap after GC invocations=71 (full 3):
 PSYoungGen      total 480256K, used 224K [0x00000000e0400000, 0x00000000fea00000, 0x0000000100000000)
  eden space 464896K, 0% used [0x00000000e0400000,0x00000000e0400000,0x00000000fca00000)
  from space 15360K, 1% used [0x00000000fdb00000,0x00000000fdb38000,0x00000000fea00000)
  to   space 16384K, 0% used [0x00000000fca00000,0x00000000fca00000,0x00000000fda00000)
 ParOldGen       total 224768K, used 155340K [0x00000000a0c00000, 0x00000000ae780000, 0x00000000e0400000)
  object space 224768K, 69% used [0x00000000a0c00000,0x00000000aa3b31d0,0x00000000ae780000)
 Metaspace       used 17925K, capacity 18153K, committed 18304K, reserved 1064960K
  class space    used 1724K, capacity 1793K, committed 1920K, reserved 1048576K
}

