# JRE version: Java(TM) SE Runtime Environment (8.0_25-b18) (build 1.8.0_25-b18)
# Java VM: Java HotSpot(TM) 64-Bit Server VM (25.25-b02 mixed mode windows-amd64 compressed oops)
Heap:
 PSYoungGen      total 412672K, used 300003K [0x00000000e0400000, 0x00000000fb080000, 0x0000000100000000)
  eden space 388608K, 77% used [0x00000000e0400000,0x00000000f28d0d98,0x00000000f7f80000)
  from space 24064K, 0% used [0x00000000f9900000,0x00000000f9928000,0x00000000fb080000)
  to   space 25088K, 0% used [0x00000000f7f80000,0x00000000f7f80000,0x00000000f9800000)
 ParOldGen       total 216576K, used 155491K [0x00000000a0c00000, 0x00000000adf80000, 0x00000000e0400000)
  object space 216576K, 71% used [0x00000000a0c00000,0x00000000aa3d8df8,0x00000000adf80000)
 Metaspace       used 18032K, capacity 18217K, committed 18560K, reserved 1067008K
  class space    used 1735K, capacity 1793K, committed 1920K, reserved 1048576K
GC Heap History (10 events):
Event: 14.585 GC heap before
{Heap before GC invocations=35 (full 3):
 PSYoungGen      total 410112K, used 373005K [0x00000000e0400000, 0x00000000fb700000, 0x0000000100000000)
  eden space 377856K, 98% used [0x00000000e0400000,0x00000000f7023710,0x00000000f7500000)
  from space 32256K, 0% used [0x00000000f7500000,0x00000000f7520000,0x00000000f9480000)
  to   space 31232K, 0% used [0x00000000f9880000,0x00000000f9880000,0x00000000fb700000)
 ParOldGen       total 216576K, used 155387K [0x00000000a0c00000, 0x00000000adf80000, 0x00000000e0400000)
  object space 216576K, 71% used [0x00000000a0c00000,0x00000000aa3bedf8,0x00000000adf80000)
 Metaspace       used 17906K, capacity 18153K, committed 18304K, reserved 1064960K
  class space    used 1723K, capacity 1793K, committed 1920K, reserved 1048576K
Event: 14.587 GC heap after
Heap after GC invocations=35 (full 3):
 PSYoungGen      total 411136K, used 224K [0x00000000e0400000, 0x00000000fb480000, 0x0000000100000000)
  eden space 382464K, 0% used [0x00000000e0400000,0x00000000e0400000,0x00000000f7980000)
  from space 28672K, 0% used [0x00000000f9880000,0x00000000f98b8000,0x00000000fb480000)
  to   space 30208K, 0% used [0x00000000f7980000,0x00000000f7980000,0x00000000f9700000)
 ParOldGen       total 216576K, used 155403K [0x00000000a0c00000, 0x00000000adf80000, 0x00000000e0400000)
  object space 216576K, 71% used [0x00000000a0c00000,0x00000000aa3c2df8,0x00000000adf80000)
 Metaspace       used 17906K, capacity 18153K, committed 18304K, reserved 1064960K
  class space    used 1723K, capacity 1793K, committed 1920K, reserved 1048576K
}
Event: 15.181 GC heap before
{Heap before GC invocations=36 (full 3):
 PSYoungGen      total 411136K, used 382688K [0x00000000e0400000, 0x00000000fb480000, 0x0000000100000000)
  eden space 382464K, 100% used [0x00000000e0400000,0x00000000f7980000,0x00000000f7980000)
  from space 28672K, 0% used [0x00000000f9880000,0x00000000f98b8000,0x00000000fb480000)
  to   space 30208K, 0% used [0x00000000f7980000,0x00000000f7980000,0x00000000f9700000)
 ParOldGen       total 216576K, used 155403K [0x00000000a0c00000, 0x00000000adf80000, 0x00000000e0400000)
  object space 216576K, 71% used [0x00000000a0c00000,0x00000000aa3c2df8,0x00000000adf80000)
 Metaspace       used 17906K, capacity 18153K, committed 18304K, reserved 1064960K
  class space    used 1723K, capacity 1793K, committed 1920K, reserved 1048576K
Event: 15.183 GC heap after
Heap after GC invocations=36 (full 3):
 PSYoungGen      total 412672K, used 160K [0x00000000e0400000, 0x00000000fb500000, 0x0000000100000000)
  eden space 382464K, 0% used [0x00000000e0400000,0x00000000e0400000,0x00000000f7980000)
  from space 30208K, 0% used [0x00000000f7980000,0x00000000f79a8000,0x00000000f9700000)
  to   space 28672K, 0% used [0x00000000f9900000,0x00000000f9900000,0x00000000fb500000)
 ParOldGen       total 216576K, used 155427K [0x00000000a0c00000, 0x00000000adf80000, 0x00000000e0400000)
  object space 216576K, 71% used [0x00000000a0c00000,0x00000000aa3c8df8,0x00000000adf80000)
 Metaspace       used 17906K, capacity 18153K, committed 18304K, reserved 1064960K
  class space    used 1723K, capacity 1793K, committed 1920K, reserved 1048576K
}
Event: 15.779 GC heap before
{Heap before GC invocations=37 (full 3):
 PSYoungGen      total 412672K, used 382624K [0x00000000e0400000, 0x00000000fb500000, 0x0000000100000000)
  eden space 382464K, 100% used [0x00000000e0400000,0x00000000f7980000,0x00000000f7980000)
  from space 30208K, 0% used [0x00000000f7980000,0x00000000f79a8000,0x00000000f9700000)
  to   space 28672K, 0% used [0x00000000f9900000,0x00000000f9900000,0x00000000fb500000)
 ParOldGen       total 216576K, used 155427K [0x00000000a0c00000, 0x00000000adf80000, 0x00000000e0400000)
  object space 216576K, 71% used [0x00000000a0c00000,0x00000000aa3c8df8,0x00000000adf80000)
 Metaspace       used 17980K, capacity 18217K, committed 18560K, reserved 1067008K
  class space    used 1723K, capacity 1793K, committed 1920K, reserved 1048576K
Event: 15.781 GC heap after
Heap after GC invocations=37 (full 3):
 PSYoungGen      total 411648K, used 160K [0x00000000e0400000, 0x00000000fb280000, 0x0000000100000000)
  eden space 385536K, 0% used [0x00000000e0400000,0x00000000e0400000,0x00000000f7c80000)
  from space 26112K, 0% used [0x00000000f9900000,0x00000000f9928000,0x00000000fb280000)
  to   space 27648K, 0% used [0x00000000f7c80000,0x00000000f7c80000,0x00000000f9780000)
 ParOldGen       total 216576K, used 155451K [0x00000000a0c00000, 0x00000000adf80000, 0x00000000e0400000)
  object space 216576K, 71% used [0x00000000a0c00000,0x00000000aa3cedf8,0x00000000adf80000)
 Metaspace       used 17980K, capacity 18217K, committed 18560K, reserved 1067008K
  class space    used 1723K, capacity 1793K, committed 1920K, reserved 1048576K
}
Event: 16.384 GC heap before
{Heap before GC invocations=38 (full 3):
 PSYoungGen      total 411648K, used 385696K [0x00000000e0400000, 0x00000000fb280000, 0x0000000100000000)
  eden space 385536K, 100% used [0x00000000e0400000,0x00000000f7c80000,0x00000000f7c80000)
  from space 26112K, 0% used [0x00000000f9900000,0x00000000f9928000,0x00000000fb280000)
  to   space 27648K, 0% used [0x00000000f7c80000,0x00000000f7c80000,0x00000000f9780000)
 ParOldGen       total 216576K, used 155451K [0x00000000a0c00000, 0x00000000adf80000, 0x00000000e0400000)
  object space 216576K, 71% used [0x00000000a0c00000,0x00000000aa3cedf8,0x00000000adf80000)
 Metaspace       used 17980K, capacity 18217K, committed 18560K, reserved 1067008K
  class space    used 1723K, capacity 1793K, committed 1920K, reserved 1048576K
Event: 16.385 GC heap after
Heap after GC invocations=38 (full 3):
 PSYoungGen      total 413184K, used 160K [0x00000000e0400000, 0x00000000fb280000, 0x0000000100000000)
  eden space 385536K, 0% used [0x00000000e0400000,0x00000000e0400000,0x00000000f7c80000)
  from space 27648K, 0% used [0x00000000f7c80000,0x00000000f7ca8000,0x00000000f9780000)
  to   space 26112K, 0% used [0x00000000f9900000,0x00000000f9900000,0x00000000fb280000)
 ParOldGen       total 216576K, used 155483K [0x00000000a0c00000, 0x00000000adf80000, 0x00000000e0400000)
  object space 216576K, 71% used [0x00000000a0c00000,0x00000000aa3d6df8,0x00000000adf80000)
 Metaspace       used 17980K, capacity 18217K, committed 18560K, reserved 1067008K
  class space    used 1723K, capacity 1793K, committed 1920K, reserved 1048576K
}
Event: 16.984 GC heap before
{Heap before GC invocations=39 (full 3):
 PSYoungGen      total 413184K, used 384574K [0x00000000e0400000, 0x00000000fb280000, 0x0000000100000000)
  eden space 385536K, 99% used [0x00000000e0400000,0x00000000f7b67bc0,0x00000000f7c80000)
  from space 27648K, 0% used [0x00000000f7c80000,0x00000000f7ca8000,0x00000000f9780000)
  to   space 26112K, 0% used [0x00000000f9900000,0x00000000f9900000,0x00000000fb280000)
 ParOldGen       total 216576K, used 155483K [0x00000000a0c00000, 0x00000000adf80000, 0x00000000e0400000)
  object space 216576K, 71% used [0x00000000a0c00000,0x00000000aa3d6df8,0x00000000adf80000)
 Metaspace       used 17980K, capacity 18217K, committed 18560K, reserved 1067008K
  class space    used 1723K, capacity 1793K, committed 1920K, reserved 1048576K
Event: 16.985 GC heap after
Heap after GC invocations=39 (full 3):
 PSYoungGen      total 412672K, used 160K [0x00000000e0400000, 0x00000000fb080000, 0x0000000100000000)
  eden space 388608K, 0% used [0x00000000e0400000,0x00000000e0400000,0x00000000f7f80000)
  from space 24064K, 0% used [0x00000000f9900000,0x00000000f9928000,0x00000000fb080000)
  to   space 25088K, 0% used [0x00000000f7f80000,0x00000000f7f80000,0x00000000f9800000)
 ParOldGen       total 216576K, used 155491K [0x00000000a0c00000, 0x00000000adf80000, 0x00000000e0400000)
  object space 216576K, 71% used [0x00000000a0c00000,0x00000000aa3d8df8,0x00000000adf80000)
 Metaspace       used 17980K, capacity 18217K, committed 18560K, reserved 1067008K
  class space    used 1723K, capacity 1793K, committed 1920K, reserved 1048576K
}

