# JRE version: Java(TM) SE Runtime Environment (8.0_31-b13) (build 1.8.0_31-b13)
# Java VM: Java HotSpot(TM) 64-Bit Server VM (25.31-b07 mixed mode windows-amd64 compressed oops)
Heap:
 PSYoungGen      total 569856K, used 516485K [0x000000076b300000, 0x0000000792700000, 0x00000007c0000000)
  eden space 515072K, 98% used [0x000000076b300000,0x000000078a3106e8,0x000000078aa00000)
  from space 54784K, 15% used [0x000000078aa00000,0x000000078b251030,0x000000078df80000)
  to   space 52736K, 0% used [0x000000078f380000,0x000000078f380000,0x0000000792700000)
 ParOldGen       total 297984K, used 158692K [0x00000006c1800000, 0x00000006d3b00000, 0x000000076b300000)
  object space 297984K, 53% used [0x00000006c1800000,0x00000006cb2f91a0,0x00000006d3b00000)
 Metaspace       used 17856K, capacity 18099K, committed 18304K, reserved 1064960K
  class space    used 1728K, capacity 1794K, committed 1920K, reserved 1048576K
GC Heap History (10 events):
Event: 9.807 GC heap before
{Heap before GC invocations=16 (full 1):
 PSYoungGen      total 517632K, used 465131K [0x000000076b300000, 0x000000078f180000, 0x00000007c0000000)
  eden space 458240K, 99% used [0x000000076b300000,0x0000000786e87d68,0x0000000787280000)
  from space 59392K, 18% used [0x000000078b780000,0x000000078c233088,0x000000078f180000)
  to   space 65024K, 0% used [0x0000000787280000,0x0000000787280000,0x000000078b200000)
 ParOldGen       total 297984K, used 156116K [0x00000006c1800000, 0x00000006d3b00000, 0x000000076b300000)
  object space 297984K, 52% used [0x00000006c1800000,0x00000006cb075188,0x00000006d3b00000)
 Metaspace       used 17691K, capacity 17899K, committed 18048K, reserved 1064960K
  class space    used 1717K, capacity 1794K, committed 1920K, reserved 1048576K
Event: 9.814 GC heap after
Heap after GC invocations=16 (full 1):
 PSYoungGen      total 523264K, used 11004K [0x000000076b300000, 0x0000000791000000, 0x00000007c0000000)
  eden space 458240K, 0% used [0x000000076b300000,0x000000076b300000,0x0000000787280000)
  from space 65024K, 16% used [0x0000000787280000,0x0000000787d3f098,0x000000078b200000)
  to   space 62464K, 0% used [0x000000078d300000,0x000000078d300000,0x0000000791000000)
 ParOldGen       total 297984K, used 156124K [0x00000006c1800000, 0x00000006d3b00000, 0x000000076b300000)
  object space 297984K, 52% used [0x00000006c1800000,0x00000006cb077188,0x00000006d3b00000)
 Metaspace       used 17691K, capacity 17899K, committed 18048K, reserved 1064960K
  class space    used 1717K, capacity 1794K, committed 1920K, reserved 1048576K
}
Event: 10.514 GC heap before
{Heap before GC invocations=17 (full 1):
 PSYoungGen      total 523264K, used 467419K [0x000000076b300000, 0x0000000791000000, 0x00000007c0000000)
  eden space 458240K, 99% used [0x000000076b300000,0x00000007870b7f00,0x0000000787280000)
  from space 65024K, 16% used [0x0000000787280000,0x0000000787d3f098,0x000000078b200000)
  to   space 62464K, 0% used [0x000000078d300000,0x000000078d300000,0x0000000791000000)
 ParOldGen       total 297984K, used 156124K [0x00000006c1800000, 0x00000006d3b00000, 0x000000076b300000)
  object space 297984K, 52% used [0x00000006c1800000,0x00000006cb077188,0x00000006d3b00000)
 Metaspace       used 17712K, capacity 17971K, committed 18304K, reserved 1064960K
  class space    used 1717K, capacity 1794K, committed 1920K, reserved 1048576K
Event: 10.522 GC heap after
Heap after GC invocations=17 (full 1):
 PSYoungGen      total 548864K, used 11068K [0x000000076b300000, 0x0000000790980000, 0x00000007c0000000)
  eden space 493056K, 0% used [0x000000076b300000,0x000000076b300000,0x0000000789480000)
  from space 55808K, 19% used [0x000000078d300000,0x000000078ddcf098,0x0000000790980000)
  to   space 59904K, 0% used [0x0000000789480000,0x0000000789480000,0x000000078cf00000)
 ParOldGen       total 297984K, used 156124K [0x00000006c1800000, 0x00000006d3b00000, 0x000000076b300000)
  object space 297984K, 52% used [0x00000006c1800000,0x00000006cb077188,0x00000006d3b00000)
 Metaspace       used 17712K, capacity 17971K, committed 18304K, reserved 1064960K
  class space    used 1717K, capacity 1794K, committed 1920K, reserved 1048576K
}
Event: 11.309 GC heap before
{Heap before GC invocations=18 (full 1):
 PSYoungGen      total 548864K, used 504124K [0x000000076b300000, 0x0000000790980000, 0x00000007c0000000)
  eden space 493056K, 100% used [0x000000076b300000,0x0000000789480000,0x0000000789480000)
  from space 55808K, 19% used [0x000000078d300000,0x000000078ddcf098,0x0000000790980000)
  to   space 59904K, 0% used [0x0000000789480000,0x0000000789480000,0x000000078cf00000)
 ParOldGen       total 297984K, used 156124K [0x00000006c1800000, 0x00000006d3b00000, 0x000000076b300000)
  object space 297984K, 52% used [0x00000006c1800000,0x00000006cb077188,0x00000006d3b00000)
 Metaspace       used 17776K, capacity 18035K, committed 18304K, reserved 1064960K
  class space    used 1717K, capacity 1794K, committed 1920K, reserved 1048576K
Event: 11.315 GC heap after
Heap after GC invocations=18 (full 1):
 PSYoungGen      total 552960K, used 11052K [0x000000076b300000, 0x0000000791b00000, 0x00000007c0000000)
  eden space 493056K, 0% used [0x000000076b300000,0x000000076b300000,0x0000000789480000)
  from space 59904K, 18% used [0x0000000789480000,0x0000000789f4b088,0x000000078cf00000)
  to   space 57344K, 0% used [0x000000078e300000,0x000000078e300000,0x0000000791b00000)
 ParOldGen       total 297984K, used 156132K [0x00000006c1800000, 0x00000006d3b00000, 0x000000076b300000)
  object space 297984K, 52% used [0x00000006c1800000,0x00000006cb079188,0x00000006d3b00000)
 Metaspace       used 17776K, capacity 18035K, committed 18304K, reserved 1064960K
  class space    used 1717K, capacity 1794K, committed 1920K, reserved 1048576K
}
Event: 12.073 GC heap before
{Heap before GC invocations=19 (full 1):
 PSYoungGen      total 552960K, used 499723K [0x000000076b300000, 0x0000000791b00000, 0x00000007c0000000)
  eden space 493056K, 99% used [0x000000076b300000,0x0000000789037c00,0x0000000789480000)
  from space 59904K, 18% used [0x0000000789480000,0x0000000789f4b088,0x000000078cf00000)
  to   space 57344K, 0% used [0x000000078e300000,0x000000078e300000,0x0000000791b00000)
 ParOldGen       total 297984K, used 156132K [0x00000006c1800000, 0x00000006d3b00000, 0x000000076b300000)
  object space 297984K, 52% used [0x00000006c1800000,0x00000006cb079188,0x00000006d3b00000)
 Metaspace       used 17788K, capacity 18035K, committed 18304K, reserved 1064960K
  class space    used 1717K, capacity 1794K, committed 1920K, reserved 1048576K
Event: 12.081 GC heap after
Heap after GC invocations=19 (full 1):
 PSYoungGen      total 566272K, used 11059K [0x000000076b300000, 0x0000000791500000, 0x00000007c0000000)
  eden space 515072K, 0% used [0x000000076b300000,0x000000076b300000,0x000000078aa00000)
  from space 51200K, 21% used [0x000000078e300000,0x000000078edccee0,0x0000000791500000)
  to   space 54784K, 0% used [0x000000078aa00000,0x000000078aa00000,0x000000078df80000)
 ParOldGen       total 297984K, used 156132K [0x00000006c1800000, 0x00000006d3b00000, 0x000000076b300000)
  object space 297984K, 52% used [0x00000006c1800000,0x00000006cb079188,0x00000006d3b00000)
 Metaspace       used 17788K, capacity 18035K, committed 18304K, reserved 1064960K
  class space    used 1717K, capacity 1794K, committed 1920K, reserved 1048576K
}
Event: 12.902 GC heap before
{Heap before GC invocations=20 (full 1):
 PSYoungGen      total 566272K, used 526131K [0x000000076b300000, 0x0000000791500000, 0x00000007c0000000)
  eden space 515072K, 100% used [0x000000076b300000,0x000000078aa00000,0x000000078aa00000)
  from space 51200K, 21% used [0x000000078e300000,0x000000078edccee0,0x0000000791500000)
  to   space 54784K, 0% used [0x000000078aa00000,0x000000078aa00000,0x000000078df80000)
 ParOldGen       total 297984K, used 156132K [0x00000006c1800000, 0x00000006d3b00000, 0x000000076b300000)
  object space 297984K, 52% used [0x00000006c1800000,0x00000006cb079188,0x00000006d3b00000)
 Metaspace       used 17813K, capacity 18035K, committed 18304K, reserved 1064960K
  class space    used 1717K, capacity 1794K, committed 1920K, reserved 1048576K
Event: 12.911 GC heap after
Heap after GC invocations=20 (full 1):
 PSYoungGen      total 569856K, used 8516K [0x000000076b300000, 0x0000000792700000, 0x00000007c0000000)
  eden space 515072K, 0% used [0x000000076b300000,0x000000076b300000,0x000000078aa00000)
  from space 54784K, 15% used [0x000000078aa00000,0x000000078b251030,0x000000078df80000)
  to   space 52736K, 0% used [0x000000078f380000,0x000000078f380000,0x0000000792700000)
 ParOldGen       total 297984K, used 158692K [0x00000006c1800000, 0x00000006d3b00000, 0x000000076b300000)
  object space 297984K, 53% used [0x00000006c1800000,0x00000006cb2f91a0,0x00000006d3b00000)
 Metaspace       used 17813K, capacity 18035K, committed 18304K, reserved 1064960K
  class space    used 1717K, capacity 1794K, committed 1920K, reserved 1048576K
}

