# JRE version: Java(TM) SE Runtime Environment (8.0_25-b18) (build 1.8.0_25-b18)
# Java VM: Java HotSpot(TM) 64-Bit Server VM (25.25-b02 mixed mode windows-amd64 compressed oops)
Heap:
 PSYoungGen      total 329216K, used 218941K [0x00000000e0400000, 0x00000000f7180000, 0x0000000100000000)
  eden space 291328K, 72% used [0x00000000e0400000,0x00000000ed18e428,0x00000000f2080000)
  from space 37888K, 22% used [0x00000000f4c80000,0x00000000f54c1030,0x00000000f7180000)
  to   space 41472K, 0% used [0x00000000f2080000,0x00000000f2080000,0x00000000f4900000)
 ParOldGen       total 226304K, used 146798K [0x00000000a0c00000, 0x00000000ae900000, 0x00000000e0400000)
  object space 226304K, 64% used [0x00000000a0c00000,0x00000000a9b5b890,0x00000000ae900000)
 Metaspace       used 17996K, capacity 18185K, committed 18432K, reserved 1067008K
  class space    used 1723K, capacity 1761K, committed 1792K, reserved 1048576K
GC Heap History (10 events):
Event: 9.352 GC heap before
{Heap before GC invocations=21 (full 3):
 PSYoungGen      total 313856K, used 261470K [0x00000000e0400000, 0x00000000f7680000, 0x0000000100000000)
  eden space 260096K, 97% used [0x00000000e0400000,0x00000000efb1ab50,0x00000000f0200000)
  from space 53760K, 15% used [0x00000000f0200000,0x00000000f0a3d040,0x00000000f3680000)
  to   space 51712K, 0% used [0x00000000f4400000,0x00000000f4400000,0x00000000f7680000)
 ParOldGen       total 226304K, used 146766K [0x00000000a0c00000, 0x00000000ae900000, 0x00000000e0400000)
  object space 226304K, 64% used [0x00000000a0c00000,0x00000000a9b53890,0x00000000ae900000)
 Metaspace       used 17826K, capacity 18057K, committed 18176K, reserved 1064960K
  class space    used 1711K, capacity 1761K, committed 1792K, reserved 1048576K
Event: 9.357 GC heap after
Heap after GC invocations=21 (full 3):
 PSYoungGen      total 318464K, used 8436K [0x00000000e0400000, 0x00000000f7000000, 0x0000000100000000)
  eden space 273408K, 0% used [0x00000000e0400000,0x00000000e0400000,0x00000000f0f00000)
  from space 45056K, 18% used [0x00000000f4400000,0x00000000f4c3d040,0x00000000f7000000)
  to   space 49664K, 0% used [0x00000000f0f00000,0x00000000f0f00000,0x00000000f3f80000)
 ParOldGen       total 226304K, used 146766K [0x00000000a0c00000, 0x00000000ae900000, 0x00000000e0400000)
  object space 226304K, 64% used [0x00000000a0c00000,0x00000000a9b53890,0x00000000ae900000)
 Metaspace       used 17826K, capacity 18057K, committed 18176K, reserved 1064960K
  class space    used 1711K, capacity 1761K, committed 1792K, reserved 1048576K
}
Event: 10.205 GC heap before
{Heap before GC invocations=22 (full 3):
 PSYoungGen      total 318464K, used 281844K [0x00000000e0400000, 0x00000000f7000000, 0x0000000100000000)
  eden space 273408K, 100% used [0x00000000e0400000,0x00000000f0f00000,0x00000000f0f00000)
  from space 45056K, 18% used [0x00000000f4400000,0x00000000f4c3d040,0x00000000f7000000)
  to   space 49664K, 0% used [0x00000000f0f00000,0x00000000f0f00000,0x00000000f3f80000)
 ParOldGen       total 226304K, used 146766K [0x00000000a0c00000, 0x00000000ae900000, 0x00000000e0400000)
  object space 226304K, 64% used [0x00000000a0c00000,0x00000000a9b53890,0x00000000ae900000)
 Metaspace       used 17903K, capacity 18121K, committed 18176K, reserved 1064960K
  class space    used 1711K, capacity 1761K, committed 1792K, reserved 1048576K
Event: 10.210 GC heap after
Heap after GC invocations=22 (full 3):
 PSYoungGen      total 323072K, used 8436K [0x00000000e0400000, 0x00000000f7780000, 0x0000000100000000)
  eden space 273408K, 0% used [0x00000000e0400000,0x00000000e0400000,0x00000000f0f00000)
  from space 49664K, 16% used [0x00000000f0f00000,0x00000000f173d040,0x00000000f3f80000)
  to   space 47616K, 0% used [0x00000000f4900000,0x00000000f4900000,0x00000000f7780000)
 ParOldGen       total 226304K, used 146774K [0x00000000a0c00000, 0x00000000ae900000, 0x00000000e0400000)
  object space 226304K, 64% used [0x00000000a0c00000,0x00000000a9b55890,0x00000000ae900000)
 Metaspace       used 17903K, capacity 18121K, committed 18176K, reserved 1064960K
  class space    used 1711K, capacity 1761K, committed 1792K, reserved 1048576K
}
Event: 11.052 GC heap before
{Heap before GC invocations=23 (full 3):
 PSYoungGen      total 323072K, used 278375K [0x00000000e0400000, 0x00000000f7780000, 0x0000000100000000)
  eden space 273408K, 98% used [0x00000000e0400000,0x00000000f0b9cf10,0x00000000f0f00000)
  from space 49664K, 16% used [0x00000000f0f00000,0x00000000f173d040,0x00000000f3f80000)
  to   space 47616K, 0% used [0x00000000f4900000,0x00000000f4900000,0x00000000f7780000)
 ParOldGen       total 226304K, used 146774K [0x00000000a0c00000, 0x00000000ae900000, 0x00000000e0400000)
  object space 226304K, 64% used [0x00000000a0c00000,0x00000000a9b55890,0x00000000ae900000)
 Metaspace       used 17903K, capacity 18121K, committed 18176K, reserved 1064960K
  class space    used 1711K, capacity 1761K, committed 1792K, reserved 1048576K
Event: 11.056 GC heap after
Heap after GC invocations=23 (full 3):
 PSYoungGen      total 325632K, used 8468K [0x00000000e0400000, 0x00000000f7200000, 0x0000000100000000)
  eden space 283648K, 0% used [0x00000000e0400000,0x00000000e0400000,0x00000000f1900000)
  from space 41984K, 20% used [0x00000000f4900000,0x00000000f5145040,0x00000000f7200000)
  to   space 45568K, 0% used [0x00000000f1900000,0x00000000f1900000,0x00000000f4580000)
 ParOldGen       total 226304K, used 146782K [0x00000000a0c00000, 0x00000000ae900000, 0x00000000e0400000)
  object space 226304K, 64% used [0x00000000a0c00000,0x00000000a9b57890,0x00000000ae900000)
 Metaspace       used 17903K, capacity 18121K, committed 18176K, reserved 1064960K
  class space    used 1711K, capacity 1761K, committed 1792K, reserved 1048576K
}
Event: 11.918 GC heap before
{Heap before GC invocations=24 (full 3):
 PSYoungGen      total 325632K, used 285929K [0x00000000e0400000, 0x00000000f7200000, 0x0000000100000000)
  eden space 283648K, 97% used [0x00000000e0400000,0x00000000f12f5548,0x00000000f1900000)
  from space 41984K, 20% used [0x00000000f4900000,0x00000000f5145040,0x00000000f7200000)
  to   space 45568K, 0% used [0x00000000f1900000,0x00000000f1900000,0x00000000f4580000)
 ParOldGen       total 226304K, used 146782K [0x00000000a0c00000, 0x00000000ae900000, 0x00000000e0400000)
  object space 226304K, 64% used [0x00000000a0c00000,0x00000000a9b57890,0x00000000ae900000)
 Metaspace       used 17906K, capacity 18121K, committed 18176K, reserved 1064960K
  class space    used 1711K, capacity 1761K, committed 1792K, reserved 1048576K
Event: 11.922 GC heap after
Heap after GC invocations=24 (full 3):
 PSYoungGen      total 329216K, used 8452K [0x00000000e0400000, 0x00000000f7700000, 0x0000000100000000)
  eden space 283648K, 0% used [0x00000000e0400000,0x00000000e0400000,0x00000000f1900000)
  from space 45568K, 18% used [0x00000000f1900000,0x00000000f2141030,0x00000000f4580000)
  to   space 43520K, 0% used [0x00000000f4c80000,0x00000000f4c80000,0x00000000f7700000)
 ParOldGen       total 226304K, used 146790K [0x00000000a0c00000, 0x00000000ae900000, 0x00000000e0400000)
  object space 226304K, 64% used [0x00000000a0c00000,0x00000000a9b59890,0x00000000ae900000)
 Metaspace       used 17906K, capacity 18121K, committed 18176K, reserved 1064960K
  class space    used 1711K, capacity 1761K, committed 1792K, reserved 1048576K
}
Event: 12.785 GC heap before
{Heap before GC invocations=25 (full 3):
 PSYoungGen      total 329216K, used 285930K [0x00000000e0400000, 0x00000000f7700000, 0x0000000100000000)
  eden space 283648K, 97% used [0x00000000e0400000,0x00000000f12f97f0,0x00000000f1900000)
  from space 45568K, 18% used [0x00000000f1900000,0x00000000f2141030,0x00000000f4580000)
  to   space 43520K, 0% used [0x00000000f4c80000,0x00000000f4c80000,0x00000000f7700000)
 ParOldGen       total 226304K, used 146790K [0x00000000a0c00000, 0x00000000ae900000, 0x00000000e0400000)
  object space 226304K, 64% used [0x00000000a0c00000,0x00000000a9b59890,0x00000000ae900000)
 Metaspace       used 17961K, capacity 18185K, committed 18432K, reserved 1067008K
  class space    used 1711K, capacity 1761K, committed 1792K, reserved 1048576K
Event: 12.788 GC heap after
Heap after GC invocations=25 (full 3):
 PSYoungGen      total 329216K, used 8452K [0x00000000e0400000, 0x00000000f7180000, 0x0000000100000000)
  eden space 291328K, 0% used [0x00000000e0400000,0x00000000e0400000,0x00000000f2080000)
  from space 37888K, 22% used [0x00000000f4c80000,0x00000000f54c1030,0x00000000f7180000)
  to   space 41472K, 0% used [0x00000000f2080000,0x00000000f2080000,0x00000000f4900000)
 ParOldGen       total 226304K, used 146798K [0x00000000a0c00000, 0x00000000ae900000, 0x00000000e0400000)
  object space 226304K, 64% used [0x00000000a0c00000,0x00000000a9b5b890,0x00000000ae900000)
 Metaspace       used 17961K, capacity 18185K, committed 18432K, reserved 1067008K
  class space    used 1711K, capacity 1761K, committed 1792K, reserved 1048576K
}

