# JRE version: Java(TM) SE Runtime Environment (8.0_25-b18) (build 1.8.0_25-b18)
# Java VM: Java HotSpot(TM) 64-Bit Server VM (25.25-b02 mixed mode windows-amd64 compressed oops)
Heap:
 PSYoungGen      total 374784K, used 331752K [0x00000000e0400000, 0x00000000f9200000, 0x0000000100000000)
  eden space 346112K, 95% used [0x00000000e0400000,0x00000000f47aa0b0,0x00000000f5600000)
  from space 28672K, 1% used [0x00000000f7600000,0x00000000f7650020,0x00000000f9200000)
  to   space 30720K, 0% used [0x00000000f5600000,0x00000000f5600000,0x00000000f7400000)
 ParOldGen       total 225280K, used 154924K [0x00000000a0c00000, 0x00000000ae800000, 0x00000000e0400000)
  object space 225280K, 68% used [0x00000000a0c00000,0x00000000aa34b078,0x00000000ae800000)
 Metaspace       used 17917K, capacity 18121K, committed 18176K, reserved 1064960K
  class space    used 1721K, capacity 1761K, committed 1792K, reserved 1048576K
GC Heap History (10 events):
Event: 11.543 GC heap before
{Heap before GC invocations=27 (full 3):
 PSYoungGen      total 372224K, used 330000K [0x00000000e0400000, 0x00000000f9e00000, 0x0000000100000000)
  eden space 329728K, 100% used [0x00000000e0400000,0x00000000f4600000,0x00000000f4600000)
  from space 42496K, 0% used [0x00000000f4600000,0x00000000f4644030,0x00000000f6f80000)
  to   space 40448K, 0% used [0x00000000f7680000,0x00000000f7680000,0x00000000f9e00000)
 ParOldGen       total 225280K, used 154884K [0x00000000a0c00000, 0x00000000ae800000, 0x00000000e0400000)
  object space 225280K, 68% used [0x00000000a0c00000,0x00000000aa341078,0x00000000ae800000)
 Metaspace       used 17796K, capacity 17993K, committed 18176K, reserved 1064960K
  class space    used 1710K, capacity 1761K, committed 1792K, reserved 1048576K
Event: 11.544 GC heap after
Heap after GC invocations=27 (full 3):
 PSYoungGen      total 372224K, used 400K [0x00000000e0400000, 0x00000000f9880000, 0x0000000100000000)
  eden space 337408K, 0% used [0x00000000e0400000,0x00000000e0400000,0x00000000f4d80000)
  from space 34816K, 1% used [0x00000000f7680000,0x00000000f76e4030,0x00000000f9880000)
  to   space 38400K, 0% used [0x00000000f4d80000,0x00000000f4d80000,0x00000000f7300000)
 ParOldGen       total 225280K, used 154892K [0x00000000a0c00000, 0x00000000ae800000, 0x00000000e0400000)
  object space 225280K, 68% used [0x00000000a0c00000,0x00000000aa343078,0x00000000ae800000)
 Metaspace       used 17796K, capacity 17993K, committed 18176K, reserved 1064960K
  class space    used 1710K, capacity 1761K, committed 1792K, reserved 1048576K
}
Event: 12.070 GC heap before
{Heap before GC invocations=28 (full 3):
 PSYoungGen      total 372224K, used 336594K [0x00000000e0400000, 0x00000000f9880000, 0x0000000100000000)
  eden space 337408K, 99% used [0x00000000e0400000,0x00000000f4c50b68,0x00000000f4d80000)
  from space 34816K, 1% used [0x00000000f7680000,0x00000000f76e4030,0x00000000f9880000)
  to   space 38400K, 0% used [0x00000000f4d80000,0x00000000f4d80000,0x00000000f7300000)
 ParOldGen       total 225280K, used 154892K [0x00000000a0c00000, 0x00000000ae800000, 0x00000000e0400000)
  object space 225280K, 68% used [0x00000000a0c00000,0x00000000aa343078,0x00000000ae800000)
 Metaspace       used 17802K, capacity 18057K, committed 18176K, reserved 1064960K
  class space    used 1710K, capacity 1761K, committed 1792K, reserved 1048576K
Event: 12.071 GC heap after
Heap after GC invocations=28 (full 3):
 PSYoungGen      total 375808K, used 416K [0x00000000e0400000, 0x00000000f9980000, 0x0000000100000000)
  eden space 337408K, 0% used [0x00000000e0400000,0x00000000e0400000,0x00000000f4d80000)
  from space 38400K, 1% used [0x00000000f4d80000,0x00000000f4de8020,0x00000000f7300000)
  to   space 36352K, 0% used [0x00000000f7600000,0x00000000f7600000,0x00000000f9980000)
 ParOldGen       total 225280K, used 154892K [0x00000000a0c00000, 0x00000000ae800000, 0x00000000e0400000)
  object space 225280K, 68% used [0x00000000a0c00000,0x00000000aa343078,0x00000000ae800000)
 Metaspace       used 17802K, capacity 18057K, committed 18176K, reserved 1064960K
  class space    used 1710K, capacity 1761K, committed 1792K, reserved 1048576K
}
Event: 12.601 GC heap before
{Heap before GC invocations=29 (full 3):
 PSYoungGen      total 375808K, used 337824K [0x00000000e0400000, 0x00000000f9980000, 0x0000000100000000)
  eden space 337408K, 100% used [0x00000000e0400000,0x00000000f4d80000,0x00000000f4d80000)
  from space 38400K, 1% used [0x00000000f4d80000,0x00000000f4de8020,0x00000000f7300000)
  to   space 36352K, 0% used [0x00000000f7600000,0x00000000f7600000,0x00000000f9980000)
 ParOldGen       total 225280K, used 154892K [0x00000000a0c00000, 0x00000000ae800000, 0x00000000e0400000)
  object space 225280K, 68% used [0x00000000a0c00000,0x00000000aa343078,0x00000000ae800000)
 Metaspace       used 17806K, capacity 18057K, committed 18176K, reserved 1064960K
  class space    used 1710K, capacity 1761K, committed 1792K, reserved 1048576K
Event: 12.602 GC heap after
Heap after GC invocations=29 (full 3):
 PSYoungGen      total 373760K, used 320K [0x00000000e0400000, 0x00000000f9500000, 0x0000000100000000)
  eden space 342016K, 0% used [0x00000000e0400000,0x00000000e0400000,0x00000000f5200000)
  from space 31744K, 1% used [0x00000000f7600000,0x00000000f7650020,0x00000000f9500000)
  to   space 34304K, 0% used [0x00000000f5200000,0x00000000f5200000,0x00000000f7380000)
 ParOldGen       total 225280K, used 154900K [0x00000000a0c00000, 0x00000000ae800000, 0x00000000e0400000)
  object space 225280K, 68% used [0x00000000a0c00000,0x00000000aa345078,0x00000000ae800000)
 Metaspace       used 17806K, capacity 18057K, committed 18176K, reserved 1064960K
  class space    used 1710K, capacity 1761K, committed 1792K, reserved 1048576K
}
Event: 13.136 GC heap before
{Heap before GC invocations=30 (full 3):
 PSYoungGen      total 373760K, used 342336K [0x00000000e0400000, 0x00000000f9500000, 0x0000000100000000)
  eden space 342016K, 100% used [0x00000000e0400000,0x00000000f5200000,0x00000000f5200000)
  from space 31744K, 1% used [0x00000000f7600000,0x00000000f7650020,0x00000000f9500000)
  to   space 34304K, 0% used [0x00000000f5200000,0x00000000f5200000,0x00000000f7380000)
 ParOldGen       total 225280K, used 154900K [0x00000000a0c00000, 0x00000000ae800000, 0x00000000e0400000)
  object space 225280K, 68% used [0x00000000a0c00000,0x00000000aa345078,0x00000000ae800000)
 Metaspace       used 17878K, capacity 18121K, committed 18176K, reserved 1064960K
  class space    used 1710K, capacity 1761K, committed 1792K, reserved 1048576K
Event: 13.137 GC heap after
Heap after GC invocations=30 (full 3):
 PSYoungGen      total 376320K, used 352K [0x00000000e0400000, 0x00000000f9600000, 0x0000000100000000)
  eden space 342016K, 0% used [0x00000000e0400000,0x00000000e0400000,0x00000000f5200000)
  from space 34304K, 1% used [0x00000000f5200000,0x00000000f5258020,0x00000000f7380000)
  to   space 32768K, 0% used [0x00000000f7600000,0x00000000f7600000,0x00000000f9600000)
 ParOldGen       total 225280K, used 154916K [0x00000000a0c00000, 0x00000000ae800000, 0x00000000e0400000)
  object space 225280K, 68% used [0x00000000a0c00000,0x00000000aa349078,0x00000000ae800000)
 Metaspace       used 17878K, capacity 18121K, committed 18176K, reserved 1064960K
  class space    used 1710K, capacity 1761K, committed 1792K, reserved 1048576K
}
Event: 13.663 GC heap before
{Heap before GC invocations=31 (full 3):
 PSYoungGen      total 376320K, used 342368K [0x00000000e0400000, 0x00000000f9600000, 0x0000000100000000)
  eden space 342016K, 100% used [0x00000000e0400000,0x00000000f5200000,0x00000000f5200000)
  from space 34304K, 1% used [0x00000000f5200000,0x00000000f5258020,0x00000000f7380000)
  to   space 32768K, 0% used [0x00000000f7600000,0x00000000f7600000,0x00000000f9600000)
 ParOldGen       total 225280K, used 154916K [0x00000000a0c00000, 0x00000000ae800000, 0x00000000e0400000)
  object space 225280K, 68% used [0x00000000a0c00000,0x00000000aa349078,0x00000000ae800000)
 Metaspace       used 17882K, capacity 18121K, committed 18176K, reserved 1064960K
  class space    used 1710K, capacity 1761K, committed 1792K, reserved 1048576K
Event: 13.665 GC heap after
Heap after GC invocations=31 (full 3):
 PSYoungGen      total 374784K, used 320K [0x00000000e0400000, 0x00000000f9200000, 0x0000000100000000)
  eden space 346112K, 0% used [0x00000000e0400000,0x00000000e0400000,0x00000000f5600000)
  from space 28672K, 1% used [0x00000000f7600000,0x00000000f7650020,0x00000000f9200000)
  to   space 30720K, 0% used [0x00000000f5600000,0x00000000f5600000,0x00000000f7400000)
 ParOldGen       total 225280K, used 154924K [0x00000000a0c00000, 0x00000000ae800000, 0x00000000e0400000)
  object space 225280K, 68% used [0x00000000a0c00000,0x00000000aa34b078,0x00000000ae800000)
 Metaspace       used 17882K, capacity 18121K, committed 18176K, reserved 1064960K
  class space    used 1710K, capacity 1761K, committed 1792K, reserved 1048576K
}

