# JRE version: Java(TM) SE Runtime Environment (8.0_31-b13) (build 1.8.0_31-b13)
# Java VM: Java HotSpot(TM) 64-Bit Server VM (25.31-b07 mixed mode windows-amd64 compressed oops)
Heap:
 PSYoungGen      total 464896K, used 301092K [0x000000076b300000, 0x000000078ba00000, 0x00000007c0000000)
  eden space 413184K, 70% used [0x000000076b300000,0x000000077cee1918,0x0000000784680000)
  from space 51712K, 20% used [0x0000000784680000,0x00000007850a7780,0x0000000787900000)
  to   space 49152K, 0% used [0x0000000788a00000,0x0000000788a00000,0x000000078ba00000)
 ParOldGen       total 301568K, used 142812K [0x00000006c1800000, 0x00000006d3e80000, 0x000000076b300000)
  object space 301568K, 47% used [0x00000006c1800000,0x00000006ca3772c8,0x00000006d3e80000)
 Metaspace       used 17896K, capacity 18163K, committed 18304K, reserved 1064960K
  class space    used 1729K, capacity 1794K, committed 1920K, reserved 1048576K
GC Heap History (10 events):
Event: 9.089 GC heap before
{Heap before GC invocations=14 (full 1):
 PSYoungGen      total 403968K, used 358382K [0x000000076b300000, 0x0000000788180000, 0x00000007c0000000)
  eden space 348672K, 99% used [0x000000076b300000,0x00000007806d0b90,0x0000000780780000)
  from space 55296K, 18% used [0x0000000784b80000,0x00000007855aadf0,0x0000000788180000)
  to   space 62464K, 0% used [0x0000000780780000,0x0000000780780000,0x0000000784480000)
 ParOldGen       total 301568K, used 142796K [0x00000006c1800000, 0x00000006d3e80000, 0x000000076b300000)
  object space 301568K, 47% used [0x00000006c1800000,0x00000006ca3732c8,0x00000006d3e80000)
 Metaspace       used 17789K, capacity 18035K, committed 18304K, reserved 1064960K
  class space    used 1717K, capacity 1794K, committed 1920K, reserved 1048576K
Event: 9.096 GC heap after
Heap after GC invocations=14 (full 1):
 PSYoungGen      total 411136K, used 18463K [0x000000076b300000, 0x0000000789e00000, 0x00000007c0000000)
  eden space 348672K, 0% used [0x000000076b300000,0x000000076b300000,0x0000000780780000)
  from space 62464K, 29% used [0x0000000780780000,0x0000000781987df0,0x0000000784480000)
  to   space 58368K, 0% used [0x0000000786500000,0x0000000786500000,0x0000000789e00000)
 ParOldGen       total 301568K, used 142796K [0x00000006c1800000, 0x00000006d3e80000, 0x000000076b300000)
  object space 301568K, 47% used [0x00000006c1800000,0x00000006ca3732c8,0x00000006d3e80000)
 Metaspace       used 17789K, capacity 18035K, committed 18304K, reserved 1064960K
  class space    used 1717K, capacity 1794K, committed 1920K, reserved 1048576K
}
Event: 9.645 GC heap before
{Heap before GC invocations=15 (full 1):
 PSYoungGen      total 411136K, used 365147K [0x000000076b300000, 0x0000000789e00000, 0x00000007c0000000)
  eden space 348672K, 99% used [0x000000076b300000,0x000000078058f028,0x0000000780780000)
  from space 62464K, 29% used [0x0000000780780000,0x0000000781987df0,0x0000000784480000)
  to   space 58368K, 0% used [0x0000000786500000,0x0000000786500000,0x0000000789e00000)
 ParOldGen       total 301568K, used 142796K [0x00000006c1800000, 0x00000006d3e80000, 0x000000076b300000)
  object space 301568K, 47% used [0x00000006c1800000,0x00000006ca3732c8,0x00000006d3e80000)
 Metaspace       used 17793K, capacity 18035K, committed 18304K, reserved 1064960K
  class space    used 1717K, capacity 1794K, committed 1920K, reserved 1048576K
Event: 9.652 GC heap after
Heap after GC invocations=15 (full 1):
 PSYoungGen      total 433152K, used 10413K [0x000000076b300000, 0x0000000789680000, 0x00000007c0000000)
  eden space 382464K, 0% used [0x000000076b300000,0x000000076b300000,0x0000000782880000)
  from space 50688K, 20% used [0x0000000786500000,0x0000000786f2b770,0x0000000789680000)
  to   space 56320K, 0% used [0x0000000782880000,0x0000000782880000,0x0000000785f80000)
 ParOldGen       total 301568K, used 142796K [0x00000006c1800000, 0x00000006d3e80000, 0x000000076b300000)
  object space 301568K, 47% used [0x00000006c1800000,0x00000006ca3732c8,0x00000006d3e80000)
 Metaspace       used 17793K, capacity 18035K, committed 18304K, reserved 1064960K
  class space    used 1717K, capacity 1794K, committed 1920K, reserved 1048576K
}
Event: 10.251 GC heap before
{Heap before GC invocations=16 (full 1):
 PSYoungGen      total 433152K, used 386705K [0x000000076b300000, 0x0000000789680000, 0x00000007c0000000)
  eden space 382464K, 98% used [0x000000076b300000,0x0000000782279008,0x0000000782880000)
  from space 50688K, 20% used [0x0000000786500000,0x0000000786f2b770,0x0000000789680000)
  to   space 56320K, 0% used [0x0000000782880000,0x0000000782880000,0x0000000785f80000)
 ParOldGen       total 301568K, used 142796K [0x00000006c1800000, 0x00000006d3e80000, 0x000000076b300000)
  object space 301568K, 47% used [0x00000006c1800000,0x00000006ca3732c8,0x00000006d3e80000)
 Metaspace       used 17801K, capacity 18035K, committed 18304K, reserved 1064960K
  class space    used 1717K, capacity 1794K, committed 1920K, reserved 1048576K
Event: 10.256 GC heap after
Heap after GC invocations=16 (full 1):
 PSYoungGen      total 438784K, used 10363K [0x000000076b300000, 0x000000078b200000, 0x00000007c0000000)
  eden space 382464K, 0% used [0x000000076b300000,0x000000076b300000,0x0000000782880000)
  from space 56320K, 18% used [0x0000000782880000,0x000000078329ef70,0x0000000785f80000)
  to   space 53760K, 0% used [0x0000000787d80000,0x0000000787d80000,0x000000078b200000)
 ParOldGen       total 301568K, used 142804K [0x00000006c1800000, 0x00000006d3e80000, 0x000000076b300000)
  object space 301568K, 47% used [0x00000006c1800000,0x00000006ca3752c8,0x00000006d3e80000)
 Metaspace       used 17801K, capacity 18035K, committed 18304K, reserved 1064960K
  class space    used 1717K, capacity 1794K, committed 1920K, reserved 1048576K
}
Event: 10.845 GC heap before
{Heap before GC invocations=17 (full 1):
 PSYoungGen      total 438784K, used 386583K [0x000000076b300000, 0x000000078b200000, 0x00000007c0000000)
  eden space 382464K, 98% used [0x000000076b300000,0x0000000782267088,0x0000000782880000)
  from space 56320K, 18% used [0x0000000782880000,0x000000078329ef70,0x0000000785f80000)
  to   space 53760K, 0% used [0x0000000787d80000,0x0000000787d80000,0x000000078b200000)
 ParOldGen       total 301568K, used 142804K [0x00000006c1800000, 0x00000006d3e80000, 0x000000076b300000)
  object space 301568K, 47% used [0x00000006c1800000,0x00000006ca3752c8,0x00000006d3e80000)
 Metaspace       used 17802K, capacity 18035K, committed 18304K, reserved 1064960K
  class space    used 1717K, capacity 1794K, committed 1920K, reserved 1048576K
Event: 10.852 GC heap after
Heap after GC invocations=17 (full 1):
 PSYoungGen      total 460288K, used 10381K [0x000000076b300000, 0x000000078ab80000, 0x00000007c0000000)
  eden space 413184K, 0% used [0x000000076b300000,0x000000076b300000,0x0000000784680000)
  from space 47104K, 22% used [0x0000000787d80000,0x00000007887a3770,0x000000078ab80000)
  to   space 51712K, 0% used [0x0000000784680000,0x0000000784680000,0x0000000787900000)
 ParOldGen       total 301568K, used 142804K [0x00000006c1800000, 0x00000006d3e80000, 0x000000076b300000)
  object space 301568K, 47% used [0x00000006c1800000,0x00000006ca3752c8,0x00000006d3e80000)
 Metaspace       used 17802K, capacity 18035K, committed 18304K, reserved 1064960K
  class space    used 1717K, capacity 1794K, committed 1920K, reserved 1048576K
}
Event: 11.511 GC heap before
{Heap before GC invocations=18 (full 1):
 PSYoungGen      total 460288K, used 423565K [0x000000076b300000, 0x000000078ab80000, 0x00000007c0000000)
  eden space 413184K, 100% used [0x000000076b300000,0x0000000784680000,0x0000000784680000)
  from space 47104K, 22% used [0x0000000787d80000,0x00000007887a3770,0x000000078ab80000)
  to   space 51712K, 0% used [0x0000000784680000,0x0000000784680000,0x0000000787900000)
 ParOldGen       total 301568K, used 142804K [0x00000006c1800000, 0x00000006d3e80000, 0x000000076b300000)
  object space 301568K, 47% used [0x00000006c1800000,0x00000006ca3752c8,0x00000006d3e80000)
 Metaspace       used 17804K, capacity 18035K, committed 18304K, reserved 1064960K
  class space    used 1718K, capacity 1794K, committed 1920K, reserved 1048576K
Event: 11.517 GC heap after
Heap after GC invocations=18 (full 1):
 PSYoungGen      total 464896K, used 10397K [0x000000076b300000, 0x000000078ba00000, 0x00000007c0000000)
  eden space 413184K, 0% used [0x000000076b300000,0x000000076b300000,0x0000000784680000)
  from space 51712K, 20% used [0x0000000784680000,0x00000007850a7780,0x0000000787900000)
  to   space 49152K, 0% used [0x0000000788a00000,0x0000000788a00000,0x000000078ba00000)
 ParOldGen       total 301568K, used 142812K [0x00000006c1800000, 0x00000006d3e80000, 0x000000076b300000)
  object space 301568K, 47% used [0x00000006c1800000,0x00000006ca3772c8,0x00000006d3e80000)
 Metaspace       used 17804K, capacity 18035K, committed 18304K, reserved 1064960K
  class space    used 1718K, capacity 1794K, committed 1920K, reserved 1048576K
}

