# JRE version: Java(TM) SE Runtime Environment (8.0_25-b18) (build 1.8.0_25-b18)
# Java VM: Java HotSpot(TM) 64-Bit Server VM (25.25-b02 mixed mode windows-amd64 compressed oops)
Heap:
 PSYoungGen      total 461824K, used 341201K [0x00000000e0400000, 0x00000000ff980000, 0x0000000100000000)
  eden space 417280K, 81% used [0x00000000e0400000,0x00000000f510c618,0x00000000f9b80000)
  from space 44544K, 0% used [0x00000000fce00000,0x00000000fce28000,0x00000000ff980000)
  to   space 48128K, 0% used [0x00000000f9b80000,0x00000000f9b80000,0x00000000fca80000)
 ParOldGen       total 221184K, used 146192K [0x00000000a0c00000, 0x00000000ae400000, 0x00000000e0400000)
  object space 221184K, 66% used [0x00000000a0c00000,0x00000000a9ac42b8,0x00000000ae400000)
 Metaspace       used 17699K, capacity 17929K, committed 18176K, reserved 1064960K
  class space    used 1722K, capacity 1761K, committed 1792K, reserved 1048576K
GC Heap History (10 events):
Event: 6.269 GC heap before
{Heap before GC invocations=19 (full 3):
 PSYoungGen      total 393216K, used 333504K [0x00000000e0400000, 0x00000000ff780000, 0x0000000100000000)
  eden space 333312K, 100% used [0x00000000e0400000,0x00000000f4980000,0x00000000f4980000)
  from space 59904K, 0% used [0x00000000f4980000,0x00000000f49b0000,0x00000000f8400000)
  to   space 58368K, 0% used [0x00000000fbe80000,0x00000000fbe80000,0x00000000ff780000)
 ParOldGen       total 221184K, used 146176K [0x00000000a0c00000, 0x00000000ae400000, 0x00000000e0400000)
  object space 221184K, 66% used [0x00000000a0c00000,0x00000000a9ac02b8,0x00000000ae400000)
 Metaspace       used 17586K, capacity 17793K, committed 17920K, reserved 1064960K
  class space    used 1710K, capacity 1761K, committed 1792K, reserved 1048576K
Event: 6.271 GC heap after
Heap after GC invocations=19 (full 3):
 PSYoungGen      total 428544K, used 224K [0x00000000e0400000, 0x00000000fea00000, 0x0000000100000000)
  eden space 384000K, 0% used [0x00000000e0400000,0x00000000e0400000,0x00000000f7b00000)
  from space 44544K, 0% used [0x00000000fbe80000,0x00000000fbeb8000,0x00000000fea00000)
  to   space 56832K, 0% used [0x00000000f7b00000,0x00000000f7b00000,0x00000000fb280000)
 ParOldGen       total 221184K, used 146176K [0x00000000a0c00000, 0x00000000ae400000, 0x00000000e0400000)
  object space 221184K, 66% used [0x00000000a0c00000,0x00000000a9ac02b8,0x00000000ae400000)
 Metaspace       used 17586K, capacity 17793K, committed 17920K, reserved 1064960K
  class space    used 1710K, capacity 1761K, committed 1792K, reserved 1048576K
}
Event: 6.714 GC heap before
{Heap before GC invocations=20 (full 3):
 PSYoungGen      total 428544K, used 384224K [0x00000000e0400000, 0x00000000fea00000, 0x0000000100000000)
  eden space 384000K, 100% used [0x00000000e0400000,0x00000000f7b00000,0x00000000f7b00000)
  from space 44544K, 0% used [0x00000000fbe80000,0x00000000fbeb8000,0x00000000fea00000)
  to   space 56832K, 0% used [0x00000000f7b00000,0x00000000f7b00000,0x00000000fb280000)
 ParOldGen       total 221184K, used 146176K [0x00000000a0c00000, 0x00000000ae400000, 0x00000000e0400000)
  object space 221184K, 66% used [0x00000000a0c00000,0x00000000a9ac02b8,0x00000000ae400000)
 Metaspace       used 17623K, capacity 17857K, committed 17920K, reserved 1064960K
  class space    used 1710K, capacity 1761K, committed 1792K, reserved 1048576K
Event: 6.716 GC heap after
Heap after GC invocations=20 (full 3):
 PSYoungGen      total 440832K, used 160K [0x00000000e0400000, 0x0000000100000000, 0x0000000100000000)
  eden space 384000K, 0% used [0x00000000e0400000,0x00000000e0400000,0x00000000f7b00000)
  from space 56832K, 0% used [0x00000000f7b00000,0x00000000f7b28000,0x00000000fb280000)
  to   space 54784K, 0% used [0x00000000fca80000,0x00000000fca80000,0x0000000100000000)
 ParOldGen       total 221184K, used 146184K [0x00000000a0c00000, 0x00000000ae400000, 0x00000000e0400000)
  object space 221184K, 66% used [0x00000000a0c00000,0x00000000a9ac22b8,0x00000000ae400000)
 Metaspace       used 17623K, capacity 17857K, committed 17920K, reserved 1064960K
  class space    used 1710K, capacity 1761K, committed 1792K, reserved 1048576K
}
Event: 7.151 GC heap before
{Heap before GC invocations=21 (full 3):
 PSYoungGen      total 440832K, used 384160K [0x00000000e0400000, 0x0000000100000000, 0x0000000100000000)
  eden space 384000K, 100% used [0x00000000e0400000,0x00000000f7b00000,0x00000000f7b00000)
  from space 56832K, 0% used [0x00000000f7b00000,0x00000000f7b28000,0x00000000fb280000)
  to   space 54784K, 0% used [0x00000000fca80000,0x00000000fca80000,0x0000000100000000)
 ParOldGen       total 221184K, used 146184K [0x00000000a0c00000, 0x00000000ae400000, 0x00000000e0400000)
  object space 221184K, 66% used [0x00000000a0c00000,0x00000000a9ac22b8,0x00000000ae400000)
 Metaspace       used 17624K, capacity 17857K, committed 17920K, reserved 1064960K
  class space    used 1710K, capacity 1761K, committed 1792K, reserved 1048576K
Event: 7.153 GC heap after
Heap after GC invocations=21 (full 3):
 PSYoungGen      total 457216K, used 160K [0x00000000e0400000, 0x00000000ffa00000, 0x0000000100000000)
  eden space 408576K, 0% used [0x00000000e0400000,0x00000000e0400000,0x00000000f9300000)
  from space 48640K, 0% used [0x00000000fca80000,0x00000000fcaa8000,0x00000000ffa00000)
  to   space 52736K, 0% used [0x00000000f9300000,0x00000000f9300000,0x00000000fc680000)
 ParOldGen       total 221184K, used 146184K [0x00000000a0c00000, 0x00000000ae400000, 0x00000000e0400000)
  object space 221184K, 66% used [0x00000000a0c00000,0x00000000a9ac22b8,0x00000000ae400000)
 Metaspace       used 17624K, capacity 17857K, committed 17920K, reserved 1064960K
  class space    used 1710K, capacity 1761K, committed 1792K, reserved 1048576K
}
Event: 7.629 GC heap before
{Heap before GC invocations=22 (full 3):
 PSYoungGen      total 457216K, used 408736K [0x00000000e0400000, 0x00000000ffa00000, 0x0000000100000000)
  eden space 408576K, 100% used [0x00000000e0400000,0x00000000f9300000,0x00000000f9300000)
  from space 48640K, 0% used [0x00000000fca80000,0x00000000fcaa8000,0x00000000ffa00000)
  to   space 52736K, 0% used [0x00000000f9300000,0x00000000f9300000,0x00000000fc680000)
 ParOldGen       total 221184K, used 146184K [0x00000000a0c00000, 0x00000000ae400000, 0x00000000e0400000)
  object space 221184K, 66% used [0x00000000a0c00000,0x00000000a9ac22b8,0x00000000ae400000)
 Metaspace       used 17643K, capacity 17857K, committed 17920K, reserved 1064960K
  class space    used 1710K, capacity 1761K, committed 1792K, reserved 1048576K
Event: 7.631 GC heap after
Heap after GC invocations=22 (full 3):
 PSYoungGen      total 461312K, used 192K [0x00000000e0400000, 0x00000000fff00000, 0x0000000100000000)
  eden space 408576K, 0% used [0x00000000e0400000,0x00000000e0400000,0x00000000f9300000)
  from space 52736K, 0% used [0x00000000f9300000,0x00000000f9330000,0x00000000fc680000)
  to   space 50176K, 0% used [0x00000000fce00000,0x00000000fce00000,0x00000000fff00000)
 ParOldGen       total 221184K, used 146192K [0x00000000a0c00000, 0x00000000ae400000, 0x00000000e0400000)
  object space 221184K, 66% used [0x00000000a0c00000,0x00000000a9ac42b8,0x00000000ae400000)
 Metaspace       used 17643K, capacity 17857K, committed 17920K, reserved 1064960K
  class space    used 1710K, capacity 1761K, committed 1792K, reserved 1048576K
}
Event: 8.116 GC heap before
{Heap before GC invocations=23 (full 3):
 PSYoungGen      total 461312K, used 408768K [0x00000000e0400000, 0x00000000fff00000, 0x0000000100000000)
  eden space 408576K, 100% used [0x00000000e0400000,0x00000000f9300000,0x00000000f9300000)
  from space 52736K, 0% used [0x00000000f9300000,0x00000000f9330000,0x00000000fc680000)
  to   space 50176K, 0% used [0x00000000fce00000,0x00000000fce00000,0x00000000fff00000)
 ParOldGen       total 221184K, used 146192K [0x00000000a0c00000, 0x00000000ae400000, 0x00000000e0400000)
  object space 221184K, 66% used [0x00000000a0c00000,0x00000000a9ac42b8,0x00000000ae400000)
 Metaspace       used 17660K, capacity 17865K, committed 17920K, reserved 1064960K
  class space    used 1710K, capacity 1761K, committed 1792K, reserved 1048576K
Event: 8.118 GC heap after
Heap after GC invocations=23 (full 3):
 PSYoungGen      total 461824K, used 160K [0x00000000e0400000, 0x00000000ff980000, 0x0000000100000000)
  eden space 417280K, 0% used [0x00000000e0400000,0x00000000e0400000,0x00000000f9b80000)
  from space 44544K, 0% used [0x00000000fce00000,0x00000000fce28000,0x00000000ff980000)
  to   space 48128K, 0% used [0x00000000f9b80000,0x00000000f9b80000,0x00000000fca80000)
 ParOldGen       total 221184K, used 146192K [0x00000000a0c00000, 0x00000000ae400000, 0x00000000e0400000)
  object space 221184K, 66% used [0x00000000a0c00000,0x00000000a9ac42b8,0x00000000ae400000)
 Metaspace       used 17660K, capacity 17865K, committed 17920K, reserved 1064960K
  class space    used 1710K, capacity 1761K, committed 1792K, reserved 1048576K
}

