# JRE version: Java(TM) SE Runtime Environment (8.0_25-b18) (build 1.8.0_25-b18)
# Java VM: Java HotSpot(TM) 64-Bit Server VM (25.25-b02 mixed mode windows-amd64 compressed oops)
Heap:
 PSYoungGen      total 434688K, used 186731K [0x00000000e0400000, 0x00000000fbc00000, 0x0000000100000000)
  eden space 420864K, 44% used [0x00000000e0400000,0x00000000eba2ad38,0x00000000f9f00000)
  from space 13824K, 1% used [0x00000000f9f00000,0x00000000f9f30000,0x00000000fac80000)
  to   space 13312K, 0% used [0x00000000faf00000,0x00000000faf00000,0x00000000fbc00000)
 ParOldGen       total 222208K, used 156764K [0x00000000a0c00000, 0x00000000ae500000, 0x00000000e0400000)
  object space 222208K, 70% used [0x00000000a0c00000,0x00000000aa517088,0x00000000ae500000)
 Metaspace       used 17994K, capacity 18217K, committed 18560K, reserved 1067008K
  class space    used 1735K, capacity 1793K, committed 1920K, reserved 1048576K
GC Heap History (10 events):
Event: 26.388 GC heap before
{Heap before GC invocations=56 (full 3):
 PSYoungGen      total 429056K, used 423524K [0x00000000e0400000, 0x00000000fb800000, 0x0000000100000000)
  eden space 415232K, 100% used [0x00000000e0400000,0x00000000f9980000,0x00000000f9980000)
  from space 13824K, 59% used [0x00000000fa800000,0x00000000fb019010,0x00000000fb580000)
  to   space 14848K, 0% used [0x00000000f9980000,0x00000000f9980000,0x00000000fa800000)
 ParOldGen       total 222208K, used 156724K [0x00000000a0c00000, 0x00000000ae500000, 0x00000000e0400000)
  object space 222208K, 70% used [0x00000000a0c00000,0x00000000aa50d088,0x00000000ae500000)
 Metaspace       used 17992K, capacity 18217K, committed 18560K, reserved 1067008K
  class space    used 1735K, capacity 1793K, committed 1920K, reserved 1048576K
Event: 26.390 GC heap after
Heap after GC invocations=56 (full 3):
 PSYoungGen      total 430080K, used 192K [0x00000000e0400000, 0x00000000fb800000, 0x0000000100000000)
  eden space 415232K, 0% used [0x00000000e0400000,0x00000000e0400000,0x00000000f9980000)
  from space 14848K, 1% used [0x00000000f9980000,0x00000000f99b0000,0x00000000fa800000)
  to   space 13824K, 0% used [0x00000000faa80000,0x00000000faa80000,0x00000000fb800000)
 ParOldGen       total 222208K, used 156740K [0x00000000a0c00000, 0x00000000ae500000, 0x00000000e0400000)
  object space 222208K, 70% used [0x00000000a0c00000,0x00000000aa511088,0x00000000ae500000)
 Metaspace       used 17992K, capacity 18217K, committed 18560K, reserved 1067008K
  class space    used 1735K, capacity 1793K, committed 1920K, reserved 1048576K
}
Event: 26.929 GC heap before
{Heap before GC invocations=57 (full 3):
 PSYoungGen      total 430080K, used 415050K [0x00000000e0400000, 0x00000000fb800000, 0x0000000100000000)
  eden space 415232K, 99% used [0x00000000e0400000,0x00000000f9922958,0x00000000f9980000)
  from space 14848K, 1% used [0x00000000f9980000,0x00000000f99b0000,0x00000000fa800000)
  to   space 13824K, 0% used [0x00000000faa80000,0x00000000faa80000,0x00000000fb800000)
 ParOldGen       total 222208K, used 156740K [0x00000000a0c00000, 0x00000000ae500000, 0x00000000e0400000)
  object space 222208K, 70% used [0x00000000a0c00000,0x00000000aa511088,0x00000000ae500000)
 Metaspace       used 17992K, capacity 18217K, committed 18560K, reserved 1067008K
  class space    used 1735K, capacity 1793K, committed 1920K, reserved 1048576K
Event: 26.933 GC heap after
Heap after GC invocations=57 (full 3):
 PSYoungGen      total 431616K, used 8324K [0x00000000e0400000, 0x00000000fba00000, 0x0000000100000000)
  eden space 417792K, 0% used [0x00000000e0400000,0x00000000e0400000,0x00000000f9c00000)
  from space 13824K, 60% used [0x00000000faa80000,0x00000000fb2a1010,0x00000000fb800000)
  to   space 14848K, 0% used [0x00000000f9c00000,0x00000000f9c00000,0x00000000faa80000)
 ParOldGen       total 222208K, used 156740K [0x00000000a0c00000, 0x00000000ae500000, 0x00000000e0400000)
  object space 222208K, 70% used [0x00000000a0c00000,0x00000000aa511088,0x00000000ae500000)
 Metaspace       used 17992K, capacity 18217K, committed 18560K, reserved 1067008K
  class space    used 1735K, capacity 1793K, committed 1920K, reserved 1048576K
}
Event: 27.508 GC heap before
{Heap before GC invocations=58 (full 3):
 PSYoungGen      total 431616K, used 426116K [0x00000000e0400000, 0x00000000fba00000, 0x0000000100000000)
  eden space 417792K, 100% used [0x00000000e0400000,0x00000000f9c00000,0x00000000f9c00000)
  from space 13824K, 60% used [0x00000000faa80000,0x00000000fb2a1010,0x00000000fb800000)
  to   space 14848K, 0% used [0x00000000f9c00000,0x00000000f9c00000,0x00000000faa80000)
 ParOldGen       total 222208K, used 156740K [0x00000000a0c00000, 0x00000000ae500000, 0x00000000e0400000)
  object space 222208K, 70% used [0x00000000a0c00000,0x00000000aa511088,0x00000000ae500000)
 Metaspace       used 17993K, capacity 18217K, committed 18560K, reserved 1067008K
  class space    used 1735K, capacity 1793K, committed 1920K, reserved 1048576K
Event: 27.510 GC heap after
Heap after GC invocations=58 (full 3):
 PSYoungGen      total 432640K, used 160K [0x00000000e0400000, 0x00000000fbb80000, 0x0000000100000000)
  eden space 417792K, 0% used [0x00000000e0400000,0x00000000e0400000,0x00000000f9c00000)
  from space 14848K, 1% used [0x00000000f9c00000,0x00000000f9c28000,0x00000000faa80000)
  to   space 14336K, 0% used [0x00000000fad80000,0x00000000fad80000,0x00000000fbb80000)
 ParOldGen       total 222208K, used 156756K [0x00000000a0c00000, 0x00000000ae500000, 0x00000000e0400000)
  object space 222208K, 70% used [0x00000000a0c00000,0x00000000aa515088,0x00000000ae500000)
 Metaspace       used 17993K, capacity 18217K, committed 18560K, reserved 1067008K
  class space    used 1735K, capacity 1793K, committed 1920K, reserved 1048576K
}
Event: 28.059 GC heap before
{Heap before GC invocations=59 (full 3):
 PSYoungGen      total 432640K, used 411978K [0x00000000e0400000, 0x00000000fbb80000, 0x0000000100000000)
  eden space 417792K, 98% used [0x00000000e0400000,0x00000000f962a828,0x00000000f9c00000)
  from space 14848K, 1% used [0x00000000f9c00000,0x00000000f9c28000,0x00000000faa80000)
  to   space 14336K, 0% used [0x00000000fad80000,0x00000000fad80000,0x00000000fbb80000)
 ParOldGen       total 222208K, used 156756K [0x00000000a0c00000, 0x00000000ae500000, 0x00000000e0400000)
  object space 222208K, 70% used [0x00000000a0c00000,0x00000000aa515088,0x00000000ae500000)
 Metaspace       used 17993K, capacity 18217K, committed 18560K, reserved 1067008K
  class space    used 1735K, capacity 1793K, committed 1920K, reserved 1048576K
Event: 28.060 GC heap after
Heap after GC invocations=59 (full 3):
 PSYoungGen      total 433664K, used 224K [0x00000000e0400000, 0x00000000fba00000, 0x0000000100000000)
  eden space 420864K, 0% used [0x00000000e0400000,0x00000000e0400000,0x00000000f9f00000)
  from space 12800K, 1% used [0x00000000fad80000,0x00000000fadb8000,0x00000000fba00000)
  to   space 13824K, 0% used [0x00000000f9f00000,0x00000000f9f00000,0x00000000fac80000)
 ParOldGen       total 222208K, used 156764K [0x00000000a0c00000, 0x00000000ae500000, 0x00000000e0400000)
  object space 222208K, 70% used [0x00000000a0c00000,0x00000000aa517088,0x00000000ae500000)
 Metaspace       used 17993K, capacity 18217K, committed 18560K, reserved 1067008K
  class space    used 1735K, capacity 1793K, committed 1920K, reserved 1048576K
}
Event: 28.638 GC heap before
{Heap before GC invocations=60 (full 3):
 PSYoungGen      total 433664K, used 421088K [0x00000000e0400000, 0x00000000fba00000, 0x0000000100000000)
  eden space 420864K, 100% used [0x00000000e0400000,0x00000000f9f00000,0x00000000f9f00000)
  from space 12800K, 1% used [0x00000000fad80000,0x00000000fadb8000,0x00000000fba00000)
  to   space 13824K, 0% used [0x00000000f9f00000,0x00000000f9f00000,0x00000000fac80000)
 ParOldGen       total 222208K, used 156764K [0x00000000a0c00000, 0x00000000ae500000, 0x00000000e0400000)
  object space 222208K, 70% used [0x00000000a0c00000,0x00000000aa517088,0x00000000ae500000)
 Metaspace       used 17993K, capacity 18217K, committed 18560K, reserved 1067008K
  class space    used 1735K, capacity 1793K, committed 1920K, reserved 1048576K
Event: 28.640 GC heap after
Heap after GC invocations=60 (full 3):
 PSYoungGen      total 434688K, used 192K [0x00000000e0400000, 0x00000000fbc00000, 0x0000000100000000)
  eden space 420864K, 0% used [0x00000000e0400000,0x00000000e0400000,0x00000000f9f00000)
  from space 13824K, 1% used [0x00000000f9f00000,0x00000000f9f30000,0x00000000fac80000)
  to   space 13312K, 0% used [0x00000000faf00000,0x00000000faf00000,0x00000000fbc00000)
 ParOldGen       total 222208K, used 156764K [0x00000000a0c00000, 0x00000000ae500000, 0x00000000e0400000)
  object space 222208K, 70% used [0x00000000a0c00000,0x00000000aa517088,0x00000000ae500000)
 Metaspace       used 17993K, capacity 18217K, committed 18560K, reserved 1067008K
  class space    used 1735K, capacity 1793K, committed 1920K, reserved 1048576K
}

