# JRE version: Java(TM) SE Runtime Environment (8.0_25-b18) (build 1.8.0_25-b18)
# Java VM: Java HotSpot(TM) 64-Bit Server VM (25.25-b02 mixed mode windows-amd64 compressed oops)
Heap:
 PSYoungGen      total 300032K, used 146316K [0x00000000e0400000, 0x00000000f3b00000, 0x0000000100000000)
  eden space 283648K, 51% used [0x00000000e0400000,0x00000000e92b3210,0x00000000f1900000)
  from space 16384K, 1% used [0x00000000f2b00000,0x00000000f2b30000,0x00000000f3b00000)
  to   space 17408K, 0% used [0x00000000f1900000,0x00000000f1900000,0x00000000f2a00000)
 ParOldGen       total 228352K, used 155563K [0x00000000a0c00000, 0x00000000aeb00000, 0x00000000e0400000)
  object space 228352K, 68% used [0x00000000a0c00000,0x00000000aa3eaea8,0x00000000aeb00000)
 Metaspace       used 17981K, capacity 18185K, committed 18432K, reserved 1067008K
  class space    used 1716K, capacity 1761K, committed 1792K, reserved 1048576K
GC Heap History (10 events):
Event: 29.675 GC heap before
{Heap before GC invocations=41 (full 3):
 PSYoungGen      total 305152K, used 275569K [0x00000000e0400000, 0x00000000f4500000, 0x0000000100000000)
  eden space 280576K, 98% used [0x00000000e0400000,0x00000000f10dc788,0x00000000f1600000)
  from space 24576K, 1% used [0x00000000f1600000,0x00000000f1640000,0x00000000f2e00000)
  to   space 23552K, 0% used [0x00000000f2e00000,0x00000000f2e00000,0x00000000f4500000)
 ParOldGen       total 228352K, used 155339K [0x00000000a0c00000, 0x00000000aeb00000, 0x00000000e0400000)
  object space 228352K, 68% used [0x00000000a0c00000,0x00000000aa3b2ea8,0x00000000aeb00000)
 Metaspace       used 17977K, capacity 18185K, committed 18432K, reserved 1067008K
  class space    used 1716K, capacity 1761K, committed 1792K, reserved 1048576K
Event: 29.676 GC heap after
Heap after GC invocations=41 (full 3):
 PSYoungGen      total 302080K, used 256K [0x00000000e0400000, 0x00000000f4200000, 0x0000000100000000)
  eden space 281600K, 0% used [0x00000000e0400000,0x00000000e0400000,0x00000000f1700000)
  from space 20480K, 1% used [0x00000000f2e00000,0x00000000f2e40000,0x00000000f4200000)
  to   space 22016K, 0% used [0x00000000f1700000,0x00000000f1700000,0x00000000f2c80000)
 ParOldGen       total 228352K, used 155387K [0x00000000a0c00000, 0x00000000aeb00000, 0x00000000e0400000)
  object space 228352K, 68% used [0x00000000a0c00000,0x00000000aa3beea8,0x00000000aeb00000)
 Metaspace       used 17977K, capacity 18185K, committed 18432K, reserved 1067008K
  class space    used 1716K, capacity 1761K, committed 1792K, reserved 1048576K
}
Event: 30.608 GC heap before
{Heap before GC invocations=42 (full 3):
 PSYoungGen      total 302080K, used 275597K [0x00000000e0400000, 0x00000000f4200000, 0x0000000100000000)
  eden space 281600K, 97% used [0x00000000e0400000,0x00000000f10e3480,0x00000000f1700000)
  from space 20480K, 1% used [0x00000000f2e00000,0x00000000f2e40000,0x00000000f4200000)
  to   space 22016K, 0% used [0x00000000f1700000,0x00000000f1700000,0x00000000f2c80000)
 ParOldGen       total 228352K, used 155387K [0x00000000a0c00000, 0x00000000aeb00000, 0x00000000e0400000)
  object space 228352K, 68% used [0x00000000a0c00000,0x00000000aa3beea8,0x00000000aeb00000)
 Metaspace       used 17977K, capacity 18185K, committed 18432K, reserved 1067008K
  class space    used 1716K, capacity 1761K, committed 1792K, reserved 1048576K
Event: 30.609 GC heap after
Heap after GC invocations=42 (full 3):
 PSYoungGen      total 303616K, used 256K [0x00000000e0400000, 0x00000000f4100000, 0x0000000100000000)
  eden space 281600K, 0% used [0x00000000e0400000,0x00000000e0400000,0x00000000f1700000)
  from space 22016K, 1% used [0x00000000f1700000,0x00000000f1740000,0x00000000f2c80000)
  to   space 20992K, 0% used [0x00000000f2c80000,0x00000000f2c80000,0x00000000f4100000)
 ParOldGen       total 228352K, used 155435K [0x00000000a0c00000, 0x00000000aeb00000, 0x00000000e0400000)
  object space 228352K, 68% used [0x00000000a0c00000,0x00000000aa3caea8,0x00000000aeb00000)
 Metaspace       used 17977K, capacity 18185K, committed 18432K, reserved 1067008K
  class space    used 1716K, capacity 1761K, committed 1792K, reserved 1048576K
}
Event: 31.542 GC heap before
{Heap before GC invocations=43 (full 3):
 PSYoungGen      total 303616K, used 275608K [0x00000000e0400000, 0x00000000f4100000, 0x0000000100000000)
  eden space 281600K, 97% used [0x00000000e0400000,0x00000000f10e62b0,0x00000000f1700000)
  from space 22016K, 1% used [0x00000000f1700000,0x00000000f1740000,0x00000000f2c80000)
  to   space 20992K, 0% used [0x00000000f2c80000,0x00000000f2c80000,0x00000000f4100000)
 ParOldGen       total 228352K, used 155435K [0x00000000a0c00000, 0x00000000aeb00000, 0x00000000e0400000)
  object space 228352K, 68% used [0x00000000a0c00000,0x00000000aa3caea8,0x00000000aeb00000)
 Metaspace       used 17977K, capacity 18185K, committed 18432K, reserved 1067008K
  class space    used 1716K, capacity 1761K, committed 1792K, reserved 1048576K
Event: 31.543 GC heap after
Heap after GC invocations=43 (full 3):
 PSYoungGen      total 300544K, used 224K [0x00000000e0400000, 0x00000000f3e00000, 0x0000000100000000)
  eden space 282624K, 0% used [0x00000000e0400000,0x00000000e0400000,0x00000000f1800000)
  from space 17920K, 1% used [0x00000000f2c80000,0x00000000f2cb8000,0x00000000f3e00000)
  to   space 19456K, 0% used [0x00000000f1800000,0x00000000f1800000,0x00000000f2b00000)
 ParOldGen       total 228352K, used 155483K [0x00000000a0c00000, 0x00000000aeb00000, 0x00000000e0400000)
  object space 228352K, 68% used [0x00000000a0c00000,0x00000000aa3d6ea8,0x00000000aeb00000)
 Metaspace       used 17977K, capacity 18185K, committed 18432K, reserved 1067008K
  class space    used 1716K, capacity 1761K, committed 1792K, reserved 1048576K
}
Event: 32.477 GC heap before
{Heap before GC invocations=44 (full 3):
 PSYoungGen      total 300544K, used 275578K [0x00000000e0400000, 0x00000000f3e00000, 0x0000000100000000)
  eden space 282624K, 97% used [0x00000000e0400000,0x00000000f10e6a00,0x00000000f1800000)
  from space 17920K, 1% used [0x00000000f2c80000,0x00000000f2cb8000,0x00000000f3e00000)
  to   space 19456K, 0% used [0x00000000f1800000,0x00000000f1800000,0x00000000f2b00000)
 ParOldGen       total 228352K, used 155483K [0x00000000a0c00000, 0x00000000aeb00000, 0x00000000e0400000)
  object space 228352K, 68% used [0x00000000a0c00000,0x00000000aa3d6ea8,0x00000000aeb00000)
 Metaspace       used 17977K, capacity 18185K, committed 18432K, reserved 1067008K
  class space    used 1716K, capacity 1761K, committed 1792K, reserved 1048576K
Event: 32.478 GC heap after
Heap after GC invocations=44 (full 3):
 PSYoungGen      total 302080K, used 192K [0x00000000e0400000, 0x00000000f3d00000, 0x0000000100000000)
  eden space 282624K, 0% used [0x00000000e0400000,0x00000000e0400000,0x00000000f1800000)
  from space 19456K, 0% used [0x00000000f1800000,0x00000000f1830000,0x00000000f2b00000)
  to   space 18432K, 0% used [0x00000000f2b00000,0x00000000f2b00000,0x00000000f3d00000)
 ParOldGen       total 228352K, used 155523K [0x00000000a0c00000, 0x00000000aeb00000, 0x00000000e0400000)
  object space 228352K, 68% used [0x00000000a0c00000,0x00000000aa3e0ea8,0x00000000aeb00000)
 Metaspace       used 17977K, capacity 18185K, committed 18432K, reserved 1067008K
  class space    used 1716K, capacity 1761K, committed 1792K, reserved 1048576K
}
Event: 33.409 GC heap before
{Heap before GC invocations=45 (full 3):
 PSYoungGen      total 302080K, used 275266K [0x00000000e0400000, 0x00000000f3d00000, 0x0000000100000000)
  eden space 282624K, 97% used [0x00000000e0400000,0x00000000f10a0a58,0x00000000f1800000)
  from space 19456K, 0% used [0x00000000f1800000,0x00000000f1830000,0x00000000f2b00000)
  to   space 18432K, 0% used [0x00000000f2b00000,0x00000000f2b00000,0x00000000f3d00000)
 ParOldGen       total 228352K, used 155523K [0x00000000a0c00000, 0x00000000aeb00000, 0x00000000e0400000)
  object space 228352K, 68% used [0x00000000a0c00000,0x00000000aa3e0ea8,0x00000000aeb00000)
 Metaspace       used 17977K, capacity 18185K, committed 18432K, reserved 1067008K
  class space    used 1716K, capacity 1761K, committed 1792K, reserved 1048576K
Event: 33.411 GC heap after
Heap after GC invocations=45 (full 3):
 PSYoungGen      total 300032K, used 192K [0x00000000e0400000, 0x00000000f3b00000, 0x0000000100000000)
  eden space 283648K, 0% used [0x00000000e0400000,0x00000000e0400000,0x00000000f1900000)
  from space 16384K, 1% used [0x00000000f2b00000,0x00000000f2b30000,0x00000000f3b00000)
  to   space 17408K, 0% used [0x00000000f1900000,0x00000000f1900000,0x00000000f2a00000)
 ParOldGen       total 228352K, used 155563K [0x00000000a0c00000, 0x00000000aeb00000, 0x00000000e0400000)
  object space 228352K, 68% used [0x00000000a0c00000,0x00000000aa3eaea8,0x00000000aeb00000)
 Metaspace       used 17977K, capacity 18185K, committed 18432K, reserved 1067008K
  class space    used 1716K, capacity 1761K, committed 1792K, reserved 1048576K
}

