# JRE version: Java(TM) SE Runtime Environment (8.0_25-b18) (build 1.8.0_25-b18)
# Java VM: Java HotSpot(TM) 64-Bit Server VM (25.25-b02 mixed mode windows-amd64 compressed oops)
Heap:
 PSYoungGen      total 408064K, used 38954K [0x00000000e0400000, 0x00000000fbf80000, 0x0000000100000000)
  eden space 369664K, 8% used [0x00000000e0400000,0x00000000e21158e8,0x00000000f6d00000)
  from space 38400K, 23% used [0x00000000f6d00000,0x00000000f75f5020,0x00000000f9280000)
  to   space 36864K, 0% used [0x00000000f9b80000,0x00000000f9b80000,0x00000000fbf80000)
 ParOldGen       total 224768K, used 145941K [0x00000000a0c00000, 0x00000000ae780000, 0x00000000e0400000)
  object space 224768K, 64% used [0x00000000a0c00000,0x00000000a9a857d8,0x00000000ae780000)
 Metaspace       used 17790K, capacity 17961K, committed 18304K, reserved 1064960K
  class space    used 1735K, capacity 1793K, committed 1920K, reserved 1048576K
GC Heap History (10 events):
Event: 8.051 GC heap before
{Heap before GC invocations=24 (full 3):
 PSYoungGen      total 376832K, used 345044K [0x00000000e0400000, 0x00000000fa400000, 0x0000000100000000)
  eden space 335872K, 100% used [0x00000000e0400000,0x00000000f4c00000,0x00000000f4c00000)
  from space 40960K, 22% used [0x00000000f7c00000,0x00000000f84f5020,0x00000000fa400000)
  to   space 45056K, 0% used [0x00000000f4c00000,0x00000000f4c00000,0x00000000f7800000)
 ParOldGen       total 224768K, used 145917K [0x00000000a0c00000, 0x00000000ae780000, 0x00000000e0400000)
  object space 224768K, 64% used [0x00000000a0c00000,0x00000000a9a7f7d8,0x00000000ae780000)
 Metaspace       used 17631K, capacity 17825K, committed 18048K, reserved 1064960K
  class space    used 1723K, capacity 1793K, committed 1920K, reserved 1048576K
Event: 8.059 GC heap after
Heap after GC invocations=24 (full 3):
 PSYoungGen      total 380928K, used 17272K [0x00000000e0400000, 0x00000000fb200000, 0x0000000100000000)
  eden space 335872K, 0% used [0x00000000e0400000,0x00000000e0400000,0x00000000f4c00000)
  from space 45056K, 38% used [0x00000000f4c00000,0x00000000f5cde030,0x00000000f7800000)
  to   space 42496K, 0% used [0x00000000f8880000,0x00000000f8880000,0x00000000fb200000)
 ParOldGen       total 224768K, used 145925K [0x00000000a0c00000, 0x00000000ae780000, 0x00000000e0400000)
  object space 224768K, 64% used [0x00000000a0c00000,0x00000000a9a817d8,0x00000000ae780000)
 Metaspace       used 17631K, capacity 17825K, committed 18048K, reserved 1064960K
  class space    used 1723K, capacity 1793K, committed 1920K, reserved 1048576K
}
Event: 8.513 GC heap before
{Heap before GC invocations=25 (full 3):
 PSYoungGen      total 380928K, used 349199K [0x00000000e0400000, 0x00000000fb200000, 0x0000000100000000)
  eden space 335872K, 98% used [0x00000000e0400000,0x00000000f4825f90,0x00000000f4c00000)
  from space 45056K, 38% used [0x00000000f4c00000,0x00000000f5cde030,0x00000000f7800000)
  to   space 42496K, 0% used [0x00000000f8880000,0x00000000f8880000,0x00000000fb200000)
 ParOldGen       total 224768K, used 145925K [0x00000000a0c00000, 0x00000000ae780000, 0x00000000e0400000)
  object space 224768K, 64% used [0x00000000a0c00000,0x00000000a9a817d8,0x00000000ae780000)
 Metaspace       used 17650K, capacity 17897K, committed 18048K, reserved 1064960K
  class space    used 1723K, capacity 1793K, committed 1920K, reserved 1048576K
Event: 8.518 GC heap after
Heap after GC invocations=25 (full 3):
 PSYoungGen      total 391680K, used 9172K [0x00000000e0400000, 0x00000000fad80000, 0x0000000100000000)
  eden space 353792K, 0% used [0x00000000e0400000,0x00000000e0400000,0x00000000f5d80000)
  from space 37888K, 24% used [0x00000000f8880000,0x00000000f9175020,0x00000000fad80000)
  to   space 40960K, 0% used [0x00000000f5d80000,0x00000000f5d80000,0x00000000f8580000)
 ParOldGen       total 224768K, used 145933K [0x00000000a0c00000, 0x00000000ae780000, 0x00000000e0400000)
  object space 224768K, 64% used [0x00000000a0c00000,0x00000000a9a837d8,0x00000000ae780000)
 Metaspace       used 17650K, capacity 17897K, committed 18048K, reserved 1064960K
  class space    used 1723K, capacity 1793K, committed 1920K, reserved 1048576K
}
Event: 8.964 GC heap before
{Heap before GC invocations=26 (full 3):
 PSYoungGen      total 391680K, used 362964K [0x00000000e0400000, 0x00000000fad80000, 0x0000000100000000)
  eden space 353792K, 100% used [0x00000000e0400000,0x00000000f5d80000,0x00000000f5d80000)
  from space 37888K, 24% used [0x00000000f8880000,0x00000000f9175020,0x00000000fad80000)
  to   space 40960K, 0% used [0x00000000f5d80000,0x00000000f5d80000,0x00000000f8580000)
 ParOldGen       total 224768K, used 145933K [0x00000000a0c00000, 0x00000000ae780000, 0x00000000e0400000)
  object space 224768K, 64% used [0x00000000a0c00000,0x00000000a9a837d8,0x00000000ae780000)
 Metaspace       used 17744K, capacity 17961K, committed 18304K, reserved 1064960K
  class space    used 1723K, capacity 1793K, committed 1920K, reserved 1048576K
Event: 8.968 GC heap after
Heap after GC invocations=26 (full 3):
 PSYoungGen      total 394752K, used 9204K [0x00000000e0400000, 0x00000000fbb80000, 0x0000000100000000)
  eden space 353792K, 0% used [0x00000000e0400000,0x00000000e0400000,0x00000000f5d80000)
  from space 40960K, 22% used [0x00000000f5d80000,0x00000000f667d020,0x00000000f8580000)
  to   space 39936K, 0% used [0x00000000f9480000,0x00000000f9480000,0x00000000fbb80000)
 ParOldGen       total 224768K, used 145941K [0x00000000a0c00000, 0x00000000ae780000, 0x00000000e0400000)
  object space 224768K, 64% used [0x00000000a0c00000,0x00000000a9a857d8,0x00000000ae780000)
 Metaspace       used 17744K, capacity 17961K, committed 18304K, reserved 1064960K
  class space    used 1723K, capacity 1793K, committed 1920K, reserved 1048576K
}
Event: 9.414 GC heap before
{Heap before GC invocations=27 (full 3):
 PSYoungGen      total 394752K, used 362996K [0x00000000e0400000, 0x00000000fbb80000, 0x0000000100000000)
  eden space 353792K, 100% used [0x00000000e0400000,0x00000000f5d80000,0x00000000f5d80000)
  from space 40960K, 22% used [0x00000000f5d80000,0x00000000f667d020,0x00000000f8580000)
  to   space 39936K, 0% used [0x00000000f9480000,0x00000000f9480000,0x00000000fbb80000)
 ParOldGen       total 224768K, used 145941K [0x00000000a0c00000, 0x00000000ae780000, 0x00000000e0400000)
  object space 224768K, 64% used [0x00000000a0c00000,0x00000000a9a857d8,0x00000000ae780000)
 Metaspace       used 17750K, capacity 17961K, committed 18304K, reserved 1064960K
  class space    used 1723K, capacity 1793K, committed 1920K, reserved 1048576K
Event: 9.419 GC heap after
Heap after GC invocations=27 (full 3):
 PSYoungGen      total 406016K, used 9140K [0x00000000e0400000, 0x00000000fb800000, 0x0000000100000000)
  eden space 369664K, 0% used [0x00000000e0400000,0x00000000e0400000,0x00000000f6d00000)
  from space 36352K, 25% used [0x00000000f9480000,0x00000000f9d6d020,0x00000000fb800000)
  to   space 38400K, 0% used [0x00000000f6d00000,0x00000000f6d00000,0x00000000f9280000)
 ParOldGen       total 224768K, used 145941K [0x00000000a0c00000, 0x00000000ae780000, 0x00000000e0400000)
  object space 224768K, 64% used [0x00000000a0c00000,0x00000000a9a857d8,0x00000000ae780000)
 Metaspace       used 17750K, capacity 17961K, committed 18304K, reserved 1064960K
  class space    used 1723K, capacity 1793K, committed 1920K, reserved 1048576K
}
Event: 9.870 GC heap before
{Heap before GC invocations=28 (full 3):
 PSYoungGen      total 406016K, used 378804K [0x00000000e0400000, 0x00000000fb800000, 0x0000000100000000)
  eden space 369664K, 100% used [0x00000000e0400000,0x00000000f6d00000,0x00000000f6d00000)
  from space 36352K, 25% used [0x00000000f9480000,0x00000000f9d6d020,0x00000000fb800000)
  to   space 38400K, 0% used [0x00000000f6d00000,0x00000000f6d00000,0x00000000f9280000)
 ParOldGen       total 224768K, used 145941K [0x00000000a0c00000, 0x00000000ae780000, 0x00000000e0400000)
  object space 224768K, 64% used [0x00000000a0c00000,0x00000000a9a857d8,0x00000000ae780000)
 Metaspace       used 17753K, capacity 17961K, committed 18304K, reserved 1064960K
  class space    used 1723K, capacity 1793K, committed 1920K, reserved 1048576K
Event: 9.873 GC heap after
Heap after GC invocations=28 (full 3):
 PSYoungGen      total 408064K, used 9172K [0x00000000e0400000, 0x00000000fbf80000, 0x0000000100000000)
  eden space 369664K, 0% used [0x00000000e0400000,0x00000000e0400000,0x00000000f6d00000)
  from space 38400K, 23% used [0x00000000f6d00000,0x00000000f75f5020,0x00000000f9280000)
  to   space 36864K, 0% used [0x00000000f9b80000,0x00000000f9b80000,0x00000000fbf80000)
 ParOldGen       total 224768K, used 145941K [0x00000000a0c00000, 0x00000000ae780000, 0x00000000e0400000)
  object space 224768K, 64% used [0x00000000a0c00000,0x00000000a9a857d8,0x00000000ae780000)
 Metaspace       used 17753K, capacity 17961K, committed 18304K, reserved 1064960K
  class space    used 1723K, capacity 1793K, committed 1920K, reserved 1048576K
}

