# JRE version: Java(TM) SE Runtime Environment (8.0_31-b13) (build 1.8.0_31-b13)
# Java VM: Java HotSpot(TM) 64-Bit Server VM (25.31-b07 mixed mode windows-amd64 compressed oops)
Heap:
 PSYoungGen      total 1046528K, used 176656K [0x000000076b300000, 0x00000007ac500000, 0x00000007c0000000)
  eden space 1033728K, 17% used [0x000000076b300000,0x0000000775f64128,0x00000007aa480000)
  from space 12800K, 1% used [0x00000007aa480000,0x00000007aa4a0000,0x00000007ab100000)
  to   space 12288K, 0% used [0x00000007ab900000,0x00000007ab900000,0x00000007ac500000)
 ParOldGen       total 282624K, used 161270K [0x00000006c1800000, 0x00000006d2c00000, 0x000000076b300000)
  object space 282624K, 57% used [0x00000006c1800000,0x00000006cb57dba0,0x00000006d2c00000)
 Metaspace       used 18018K, capacity 18227K, committed 18560K, reserved 1067008K
  class space    used 1729K, capacity 1794K, committed 1920K, reserved 1048576K
GC Heap History (10 events):
Event: 75.132 GC heap before
{Heap before GC invocations=56 (full 1):
 PSYoungGen      total 1024512K, used 1010437K [0x000000076b300000, 0x00000007aab80000, 0x00000007c0000000)
  eden space 1013248K, 99% used [0x000000076b300000,0x00000007a8da9780,0x00000007a9080000)
  from space 11264K, 0% used [0x00000007aa080000,0x00000007aa098000,0x00000007aab80000)
  to   space 13824K, 0% used [0x00000007a9080000,0x00000007a9080000,0x00000007a9e00000)
 ParOldGen       total 282624K, used 161254K [0x00000006c1800000, 0x00000006d2c00000, 0x000000076b300000)
  object space 282624K, 57% used [0x00000006c1800000,0x00000006cb579ba0,0x00000006d2c00000)
 Metaspace       used 17983K, capacity 18227K, committed 18560K, reserved 1067008K
  class space    used 1718K, capacity 1794K, committed 1920K, reserved 1048576K
Event: 75.133 GC heap after
Heap after GC invocations=56 (full 1):
 PSYoungGen      total 1027072K, used 64K [0x000000076b300000, 0x00000007ab580000, 0x00000007c0000000)
  eden space 1013248K, 0% used [0x000000076b300000,0x000000076b300000,0x00000007a9080000)
  from space 13824K, 0% used [0x00000007a9080000,0x00000007a9090000,0x00000007a9e00000)
  to   space 13312K, 0% used [0x00000007aa880000,0x00000007aa880000,0x00000007ab580000)
 ParOldGen       total 282624K, used 161270K [0x00000006c1800000, 0x00000006d2c00000, 0x000000076b300000)
  object space 282624K, 57% used [0x00000006c1800000,0x00000006cb57dba0,0x00000006d2c00000)
 Metaspace       used 17983K, capacity 18227K, committed 18560K, reserved 1067008K
  class space    used 1718K, capacity 1794K, committed 1920K, reserved 1048576K
}
Event: 76.702 GC heap before
{Heap before GC invocations=57 (full 1):
 PSYoungGen      total 1027072K, used 1013312K [0x000000076b300000, 0x00000007ab580000, 0x00000007c0000000)
  eden space 1013248K, 100% used [0x000000076b300000,0x00000007a9080000,0x00000007a9080000)
  from space 13824K, 0% used [0x00000007a9080000,0x00000007a9090000,0x00000007a9e00000)
  to   space 13312K, 0% used [0x00000007aa880000,0x00000007aa880000,0x00000007ab580000)
 ParOldGen       total 282624K, used 161270K [0x00000006c1800000, 0x00000006d2c00000, 0x000000076b300000)
  object space 282624K, 57% used [0x00000006c1800000,0x00000006cb57dba0,0x00000006d2c00000)
 Metaspace       used 17983K, capacity 18227K, committed 18560K, reserved 1067008K
  class space    used 1718K, capacity 1794K, committed 1920K, reserved 1048576K
Event: 76.708 GC heap after
Heap after GC invocations=57 (full 1):
 PSYoungGen      total 1036800K, used 8196K [0x000000076b300000, 0x00000007aba80000, 0x00000007c0000000)
  eden space 1023488K, 0% used [0x000000076b300000,0x000000076b300000,0x00000007a9a80000)
  from space 13312K, 61% used [0x00000007aa880000,0x00000007ab081010,0x00000007ab580000)
  to   space 14336K, 0% used [0x00000007a9a80000,0x00000007a9a80000,0x00000007aa880000)
 ParOldGen       total 282624K, used 161270K [0x00000006c1800000, 0x00000006d2c00000, 0x000000076b300000)
  object space 282624K, 57% used [0x00000006c1800000,0x00000006cb57dba0,0x00000006d2c00000)
 Metaspace       used 17983K, capacity 18227K, committed 18560K, reserved 1067008K
  class space    used 1718K, capacity 1794K, committed 1920K, reserved 1048576K
}
Event: 78.332 GC heap before
{Heap before GC invocations=58 (full 1):
 PSYoungGen      total 1036800K, used 1029329K [0x000000076b300000, 0x00000007aba80000, 0x00000007c0000000)
  eden space 1023488K, 99% used [0x000000076b300000,0x00000007a98334e0,0x00000007a9a80000)
  from space 13312K, 61% used [0x00000007aa880000,0x00000007ab081010,0x00000007ab580000)
  to   space 14336K, 0% used [0x00000007a9a80000,0x00000007a9a80000,0x00000007aa880000)
 ParOldGen       total 282624K, used 161270K [0x00000006c1800000, 0x00000006d2c00000, 0x000000076b300000)
  object space 282624K, 57% used [0x00000006c1800000,0x00000006cb57dba0,0x00000006d2c00000)
 Metaspace       used 17983K, capacity 18227K, committed 18560K, reserved 1067008K
  class space    used 1718K, capacity 1794K, committed 1920K, reserved 1048576K
Event: 78.333 GC heap after
Heap after GC invocations=58 (full 1):
 PSYoungGen      total 1037824K, used 64K [0x000000076b300000, 0x00000007ac100000, 0x00000007c0000000)
  eden space 1023488K, 0% used [0x000000076b300000,0x000000076b300000,0x00000007a9a80000)
  from space 14336K, 0% used [0x00000007a9a80000,0x00000007a9a90000,0x00000007aa880000)
  to   space 13824K, 0% used [0x00000007ab380000,0x00000007ab380000,0x00000007ac100000)
 ParOldGen       total 282624K, used 161270K [0x00000006c1800000, 0x00000006d2c00000, 0x000000076b300000)
  object space 282624K, 57% used [0x00000006c1800000,0x00000006cb57dba0,0x00000006d2c00000)
 Metaspace       used 17983K, capacity 18227K, committed 18560K, reserved 1067008K
  class space    used 1718K, capacity 1794K, committed 1920K, reserved 1048576K
}
Event: 79.967 GC heap before
{Heap before GC invocations=59 (full 1):
 PSYoungGen      total 1037824K, used 1023552K [0x000000076b300000, 0x00000007ac100000, 0x00000007c0000000)
  eden space 1023488K, 100% used [0x000000076b300000,0x00000007a9a80000,0x00000007a9a80000)
  from space 14336K, 0% used [0x00000007a9a80000,0x00000007a9a90000,0x00000007aa880000)
  to   space 13824K, 0% used [0x00000007ab380000,0x00000007ab380000,0x00000007ac100000)
 ParOldGen       total 282624K, used 161270K [0x00000006c1800000, 0x00000006d2c00000, 0x000000076b300000)
  object space 282624K, 57% used [0x00000006c1800000,0x00000006cb57dba0,0x00000006d2c00000)
 Metaspace       used 17983K, capacity 18227K, committed 18560K, reserved 1067008K
  class space    used 1718K, capacity 1794K, committed 1920K, reserved 1048576K
Event: 79.968 GC heap after
Heap after GC invocations=59 (full 1):
 PSYoungGen      total 1043968K, used 64K [0x000000076b300000, 0x00000007abd80000, 0x00000007c0000000)
  eden space 1033728K, 0% used [0x000000076b300000,0x000000076b300000,0x00000007aa480000)
  from space 10240K, 0% used [0x00000007ab380000,0x00000007ab390000,0x00000007abd80000)
  to   space 12800K, 0% used [0x00000007aa480000,0x00000007aa480000,0x00000007ab100000)
 ParOldGen       total 282624K, used 161270K [0x00000006c1800000, 0x00000006d2c00000, 0x000000076b300000)
  object space 282624K, 57% used [0x00000006c1800000,0x00000006cb57dba0,0x00000006d2c00000)
 Metaspace       used 17983K, capacity 18227K, committed 18560K, reserved 1067008K
  class space    used 1718K, capacity 1794K, committed 1920K, reserved 1048576K
}
Event: 82.997 GC heap before
{Heap before GC invocations=60 (full 1):
 PSYoungGen      total 1043968K, used 1032122K [0x000000076b300000, 0x00000007abd80000, 0x00000007c0000000)
  eden space 1033728K, 99% used [0x000000076b300000,0x00000007aa2dea20,0x00000007aa480000)
  from space 10240K, 0% used [0x00000007ab380000,0x00000007ab390000,0x00000007abd80000)
  to   space 12800K, 0% used [0x00000007aa480000,0x00000007aa480000,0x00000007ab100000)
 ParOldGen       total 282624K, used 161270K [0x00000006c1800000, 0x00000006d2c00000, 0x000000076b300000)
  object space 282624K, 57% used [0x00000006c1800000,0x00000006cb57dba0,0x00000006d2c00000)
 Metaspace       used 17983K, capacity 18227K, committed 18560K, reserved 1067008K
  class space    used 1718K, capacity 1794K, committed 1920K, reserved 1048576K
Event: 82.999 GC heap after
Heap after GC invocations=60 (full 1):
 PSYoungGen      total 1046528K, used 128K [0x000000076b300000, 0x00000007ac500000, 0x00000007c0000000)
  eden space 1033728K, 0% used [0x000000076b300000,0x000000076b300000,0x00000007aa480000)
  from space 12800K, 1% used [0x00000007aa480000,0x00000007aa4a0000,0x00000007ab100000)
  to   space 12288K, 0% used [0x00000007ab900000,0x00000007ab900000,0x00000007ac500000)
 ParOldGen       total 282624K, used 161270K [0x00000006c1800000, 0x00000006d2c00000, 0x000000076b300000)
  object space 282624K, 57% used [0x00000006c1800000,0x00000006cb57dba0,0x00000006d2c00000)
 Metaspace       used 17983K, capacity 18227K, committed 18560K, reserved 1067008K
  class space    used 1718K, capacity 1794K, committed 1920K, reserved 1048576K
}

