# JRE version: Java(TM) SE Runtime Environment (8.0_25-b18) (build 1.8.0_25-b18)
# Java VM: Java HotSpot(TM) 64-Bit Server VM (25.25-b02 mixed mode windows-amd64 compressed oops)
Heap:
 PSYoungGen      total 387072K, used 65393K [0x00000000e0400000, 0x00000000fa500000, 0x0000000100000000)
  eden space 347648K, 18% used [0x00000000e0400000,0x00000000e43bc508,0x00000000f5780000)
  from space 39424K, 0% used [0x00000000f5780000,0x00000000f57a0000,0x00000000f7e00000)
  to   space 37376K, 0% used [0x00000000f8080000,0x00000000f8080000,0x00000000fa500000)
 ParOldGen       total 222720K, used 154937K [0x00000000a0c00000, 0x00000000ae580000, 0x00000000e0400000)
  object space 222720K, 69% used [0x00000000a0c00000,0x00000000aa34e6c0,0x00000000ae580000)
 Metaspace       used 17770K, capacity 17961K, committed 18304K, reserved 1064960K
  class space    used 1732K, capacity 1793K, committed 1920K, reserved 1048576K
GC Heap History (10 events):
Event: 9.051 GC heap before
{Heap before GC invocations=24 (full 3):
 PSYoungGen      total 374784K, used 331424K [0x00000000e0400000, 0x00000000fa680000, 0x0000000100000000)
  eden space 331264K, 100% used [0x00000000e0400000,0x00000000f4780000,0x00000000f4780000)
  from space 43520K, 0% used [0x00000000f7c00000,0x00000000f7c28000,0x00000000fa680000)
  to   space 48640K, 0% used [0x00000000f4780000,0x00000000f4780000,0x00000000f7700000)
 ParOldGen       total 222720K, used 154905K [0x00000000a0c00000, 0x00000000ae580000, 0x00000000e0400000)
  object space 222720K, 69% used [0x00000000a0c00000,0x00000000aa3466c0,0x00000000ae580000)
 Metaspace       used 17617K, capacity 17825K, committed 18048K, reserved 1064960K
  class space    used 1721K, capacity 1793K, committed 1920K, reserved 1048576K
Event: 9.053 GC heap after
Heap after GC invocations=24 (full 3):
 PSYoungGen      total 379904K, used 96K [0x00000000e0400000, 0x00000000fad00000, 0x0000000100000000)
  eden space 331264K, 0% used [0x00000000e0400000,0x00000000e0400000,0x00000000f4780000)
  from space 48640K, 0% used [0x00000000f4780000,0x00000000f4798000,0x00000000f7700000)
  to   space 46592K, 0% used [0x00000000f7f80000,0x00000000f7f80000,0x00000000fad00000)
 ParOldGen       total 222720K, used 154913K [0x00000000a0c00000, 0x00000000ae580000, 0x00000000e0400000)
  object space 222720K, 69% used [0x00000000a0c00000,0x00000000aa3486c0,0x00000000ae580000)
 Metaspace       used 17617K, capacity 17825K, committed 18048K, reserved 1064960K
  class space    used 1721K, capacity 1793K, committed 1920K, reserved 1048576K
}
Event: 9.580 GC heap before
{Heap before GC invocations=25 (full 3):
 PSYoungGen      total 379904K, used 331360K [0x00000000e0400000, 0x00000000fad00000, 0x0000000100000000)
  eden space 331264K, 100% used [0x00000000e0400000,0x00000000f4780000,0x00000000f4780000)
  from space 48640K, 0% used [0x00000000f4780000,0x00000000f4798000,0x00000000f7700000)
  to   space 46592K, 0% used [0x00000000f7f80000,0x00000000f7f80000,0x00000000fad00000)
 ParOldGen       total 222720K, used 154913K [0x00000000a0c00000, 0x00000000ae580000, 0x00000000e0400000)
  object space 222720K, 69% used [0x00000000a0c00000,0x00000000aa3486c0,0x00000000ae580000)
 Metaspace       used 17637K, capacity 17833K, committed 18048K, reserved 1064960K
  class space    used 1721K, capacity 1793K, committed 1920K, reserved 1048576K
Event: 9.582 GC heap after
Heap after GC invocations=25 (full 3):
 PSYoungGen      total 380416K, used 64K [0x00000000e0400000, 0x00000000fa680000, 0x0000000100000000)
  eden space 340480K, 0% used [0x00000000e0400000,0x00000000e0400000,0x00000000f5080000)
  from space 39936K, 0% used [0x00000000f7f80000,0x00000000f7f90000,0x00000000fa680000)
  to   space 44032K, 0% used [0x00000000f5080000,0x00000000f5080000,0x00000000f7b80000)
 ParOldGen       total 222720K, used 154913K [0x00000000a0c00000, 0x00000000ae580000, 0x00000000e0400000)
  object space 222720K, 69% used [0x00000000a0c00000,0x00000000aa3486c0,0x00000000ae580000)
 Metaspace       used 17637K, capacity 17833K, committed 18048K, reserved 1064960K
  class space    used 1721K, capacity 1793K, committed 1920K, reserved 1048576K
}
Event: 10.115 GC heap before
{Heap before GC invocations=26 (full 3):
 PSYoungGen      total 380416K, used 340544K [0x00000000e0400000, 0x00000000fa680000, 0x0000000100000000)
  eden space 340480K, 100% used [0x00000000e0400000,0x00000000f5080000,0x00000000f5080000)
  from space 39936K, 0% used [0x00000000f7f80000,0x00000000f7f90000,0x00000000fa680000)
  to   space 44032K, 0% used [0x00000000f5080000,0x00000000f5080000,0x00000000f7b80000)
 ParOldGen       total 222720K, used 154913K [0x00000000a0c00000, 0x00000000ae580000, 0x00000000e0400000)
  object space 222720K, 69% used [0x00000000a0c00000,0x00000000aa3486c0,0x00000000ae580000)
 Metaspace       used 17674K, capacity 17897K, committed 18048K, reserved 1064960K
  class space    used 1721K, capacity 1793K, committed 1920K, reserved 1048576K
Event: 10.117 GC heap after
Heap after GC invocations=26 (full 3):
 PSYoungGen      total 384512K, used 160K [0x00000000e0400000, 0x00000000faa80000, 0x0000000100000000)
  eden space 340480K, 0% used [0x00000000e0400000,0x00000000e0400000,0x00000000f5080000)
  from space 44032K, 0% used [0x00000000f5080000,0x00000000f50a8000,0x00000000f7b80000)
  to   space 41984K, 0% used [0x00000000f8180000,0x00000000f8180000,0x00000000faa80000)
 ParOldGen       total 222720K, used 154921K [0x00000000a0c00000, 0x00000000ae580000, 0x00000000e0400000)
  object space 222720K, 69% used [0x00000000a0c00000,0x00000000aa34a6c0,0x00000000ae580000)
 Metaspace       used 17674K, capacity 17897K, committed 18048K, reserved 1064960K
  class space    used 1721K, capacity 1793K, committed 1920K, reserved 1048576K
}
Event: 10.644 GC heap before
{Heap before GC invocations=27 (full 3):
 PSYoungGen      total 384512K, used 340640K [0x00000000e0400000, 0x00000000faa80000, 0x0000000100000000)
  eden space 340480K, 100% used [0x00000000e0400000,0x00000000f5080000,0x00000000f5080000)
  from space 44032K, 0% used [0x00000000f5080000,0x00000000f50a8000,0x00000000f7b80000)
  to   space 41984K, 0% used [0x00000000f8180000,0x00000000f8180000,0x00000000faa80000)
 ParOldGen       total 222720K, used 154921K [0x00000000a0c00000, 0x00000000ae580000, 0x00000000e0400000)
  object space 222720K, 69% used [0x00000000a0c00000,0x00000000aa34a6c0,0x00000000ae580000)
 Metaspace       used 17729K, capacity 17961K, committed 18304K, reserved 1064960K
  class space    used 1721K, capacity 1793K, committed 1920K, reserved 1048576K
Event: 10.645 GC heap after
Heap after GC invocations=27 (full 3):
 PSYoungGen      total 383488K, used 160K [0x00000000e0400000, 0x00000000fa480000, 0x0000000100000000)
  eden space 347648K, 0% used [0x00000000e0400000,0x00000000e0400000,0x00000000f5780000)
  from space 35840K, 0% used [0x00000000f8180000,0x00000000f81a8000,0x00000000fa480000)
  to   space 39424K, 0% used [0x00000000f5780000,0x00000000f5780000,0x00000000f7e00000)
 ParOldGen       total 222720K, used 154929K [0x00000000a0c00000, 0x00000000ae580000, 0x00000000e0400000)
  object space 222720K, 69% used [0x00000000a0c00000,0x00000000aa34c6c0,0x00000000ae580000)
 Metaspace       used 17729K, capacity 17961K, committed 18304K, reserved 1064960K
  class space    used 1721K, capacity 1793K, committed 1920K, reserved 1048576K
}
Event: 11.196 GC heap before
{Heap before GC invocations=28 (full 3):
 PSYoungGen      total 383488K, used 347808K [0x00000000e0400000, 0x00000000fa480000, 0x0000000100000000)
  eden space 347648K, 100% used [0x00000000e0400000,0x00000000f5780000,0x00000000f5780000)
  from space 35840K, 0% used [0x00000000f8180000,0x00000000f81a8000,0x00000000fa480000)
  to   space 39424K, 0% used [0x00000000f5780000,0x00000000f5780000,0x00000000f7e00000)
 ParOldGen       total 222720K, used 154929K [0x00000000a0c00000, 0x00000000ae580000, 0x00000000e0400000)
  object space 222720K, 69% used [0x00000000a0c00000,0x00000000aa34c6c0,0x00000000ae580000)
 Metaspace       used 17735K, capacity 17961K, committed 18304K, reserved 1064960K
  class space    used 1721K, capacity 1793K, committed 1920K, reserved 1048576K
Event: 11.197 GC heap after
Heap after GC invocations=28 (full 3):
 PSYoungGen      total 387072K, used 128K [0x00000000e0400000, 0x00000000fa500000, 0x0000000100000000)
  eden space 347648K, 0% used [0x00000000e0400000,0x00000000e0400000,0x00000000f5780000)
  from space 39424K, 0% used [0x00000000f5780000,0x00000000f57a0000,0x00000000f7e00000)
  to   space 37376K, 0% used [0x00000000f8080000,0x00000000f8080000,0x00000000fa500000)
 ParOldGen       total 222720K, used 154937K [0x00000000a0c00000, 0x00000000ae580000, 0x00000000e0400000)
  object space 222720K, 69% used [0x00000000a0c00000,0x00000000aa34e6c0,0x00000000ae580000)
 Metaspace       used 17735K, capacity 17961K, committed 18304K, reserved 1064960K
  class space    used 1721K, capacity 1793K, committed 1920K, reserved 1048576K
}

