# JRE version: Java(TM) SE Runtime Environment (8.0_25-b18) (build 1.8.0_25-b18)
# Java VM: Java HotSpot(TM) 64-Bit Server VM (25.25-b02 mixed mode windows-amd64 compressed oops)
Heap:
 PSYoungGen      total 450048K, used 79865K [0x00000000e0400000, 0x00000000fdd80000, 0x0000000100000000)
  eden space 413696K, 19% used [0x00000000e0400000,0x00000000e51967b0,0x00000000f9800000)
  from space 36352K, 1% used [0x00000000f9800000,0x00000000f9868020,0x00000000fbb80000)
  to   space 34304K, 0% used [0x00000000fbc00000,0x00000000fbc00000,0x00000000fdd80000)
 ParOldGen       total 247296K, used 162944K [0x00000000a0c00000, 0x00000000afd80000, 0x00000000e0400000)
  object space 247296K, 65% used [0x00000000a0c00000,0x00000000aab20328,0x00000000afd80000)
 Metaspace       used 17817K, capacity 18057K, committed 18176K, reserved 1064960K
  class space    used 1717K, capacity 1761K, committed 1792K, reserved 1048576K
GC Heap History (10 events):
Event: 18.380 GC heap before
{Heap before GC invocations=26 (full 3):
 PSYoungGen      total 445440K, used 405312K [0x00000000e0400000, 0x00000000fe580000, 0x0000000100000000)
  eden space 404992K, 100% used [0x00000000e0400000,0x00000000f8f80000,0x00000000f8f80000)
  from space 40448K, 0% used [0x00000000fbe00000,0x00000000fbe50020,0x00000000fe580000)
  to   space 44032K, 0% used [0x00000000f8f80000,0x00000000f8f80000,0x00000000fba80000)
 ParOldGen       total 247296K, used 162936K [0x00000000a0c00000, 0x00000000afd80000, 0x00000000e0400000)
  object space 247296K, 65% used [0x00000000a0c00000,0x00000000aab1e328,0x00000000afd80000)
 Metaspace       used 17771K, capacity 17993K, committed 18176K, reserved 1064960K
  class space    used 1706K, capacity 1761K, committed 1792K, reserved 1048576K
Event: 18.382 GC heap after
Heap after GC invocations=26 (full 3):
 PSYoungGen      total 449024K, used 352K [0x00000000e0400000, 0x00000000fe880000, 0x0000000100000000)
  eden space 404992K, 0% used [0x00000000e0400000,0x00000000e0400000,0x00000000f8f80000)
  from space 44032K, 0% used [0x00000000f8f80000,0x00000000f8fd8020,0x00000000fba80000)
  to   space 41984K, 0% used [0x00000000fbf80000,0x00000000fbf80000,0x00000000fe880000)
 ParOldGen       total 247296K, used 162936K [0x00000000a0c00000, 0x00000000afd80000, 0x00000000e0400000)
  object space 247296K, 65% used [0x00000000a0c00000,0x00000000aab1e328,0x00000000afd80000)
 Metaspace       used 17771K, capacity 17993K, committed 18176K, reserved 1064960K
  class space    used 1706K, capacity 1761K, committed 1792K, reserved 1048576K
}
Event: 19.681 GC heap before
{Heap before GC invocations=27 (full 3):
 PSYoungGen      total 449024K, used 397372K [0x00000000e0400000, 0x00000000fe880000, 0x0000000100000000)
  eden space 404992K, 98% used [0x00000000e0400000,0x00000000f87b72a0,0x00000000f8f80000)
  from space 44032K, 0% used [0x00000000f8f80000,0x00000000f8fd8020,0x00000000fba80000)
  to   space 41984K, 0% used [0x00000000fbf80000,0x00000000fbf80000,0x00000000fe880000)
 ParOldGen       total 247296K, used 162936K [0x00000000a0c00000, 0x00000000afd80000, 0x00000000e0400000)
  object space 247296K, 65% used [0x00000000a0c00000,0x00000000aab1e328,0x00000000afd80000)
 Metaspace       used 17773K, capacity 17993K, committed 18176K, reserved 1064960K
  class space    used 1706K, capacity 1761K, committed 1792K, reserved 1048576K
Event: 19.683 GC heap after
Heap after GC invocations=27 (full 3):
 PSYoungGen      total 448000K, used 352K [0x00000000e0400000, 0x00000000fe400000, 0x0000000100000000)
  eden space 410624K, 0% used [0x00000000e0400000,0x00000000e0400000,0x00000000f9500000)
  from space 37376K, 0% used [0x00000000fbf80000,0x00000000fbfd8020,0x00000000fe400000)
  to   space 40448K, 0% used [0x00000000f9500000,0x00000000f9500000,0x00000000fbc80000)
 ParOldGen       total 247296K, used 162936K [0x00000000a0c00000, 0x00000000afd80000, 0x00000000e0400000)
  object space 247296K, 65% used [0x00000000a0c00000,0x00000000aab1e328,0x00000000afd80000)
 Metaspace       used 17773K, capacity 17993K, committed 18176K, reserved 1064960K
  class space    used 1706K, capacity 1761K, committed 1792K, reserved 1048576K
}
Event: 20.981 GC heap before
{Heap before GC invocations=28 (full 3):
 PSYoungGen      total 448000K, used 405884K [0x00000000e0400000, 0x00000000fe400000, 0x0000000100000000)
  eden space 410624K, 98% used [0x00000000e0400000,0x00000000f9007138,0x00000000f9500000)
  from space 37376K, 0% used [0x00000000fbf80000,0x00000000fbfd8020,0x00000000fe400000)
  to   space 40448K, 0% used [0x00000000f9500000,0x00000000f9500000,0x00000000fbc80000)
 ParOldGen       total 247296K, used 162936K [0x00000000a0c00000, 0x00000000afd80000, 0x00000000e0400000)
  object space 247296K, 65% used [0x00000000a0c00000,0x00000000aab1e328,0x00000000afd80000)
 Metaspace       used 17776K, capacity 17993K, committed 18176K, reserved 1064960K
  class space    used 1706K, capacity 1761K, committed 1792K, reserved 1048576K
Event: 20.982 GC heap after
Heap after GC invocations=28 (full 3):
 PSYoungGen      total 451072K, used 352K [0x00000000e0400000, 0x00000000fe380000, 0x0000000100000000)
  eden space 410624K, 0% used [0x00000000e0400000,0x00000000e0400000,0x00000000f9500000)
  from space 40448K, 0% used [0x00000000f9500000,0x00000000f9558020,0x00000000fbc80000)
  to   space 38400K, 0% used [0x00000000fbe00000,0x00000000fbe00000,0x00000000fe380000)
 ParOldGen       total 247296K, used 162936K [0x00000000a0c00000, 0x00000000afd80000, 0x00000000e0400000)
  object space 247296K, 65% used [0x00000000a0c00000,0x00000000aab1e328,0x00000000afd80000)
 Metaspace       used 17776K, capacity 17993K, committed 18176K, reserved 1064960K
  class space    used 1706K, capacity 1761K, committed 1792K, reserved 1048576K
}
Event: 22.313 GC heap before
{Heap before GC invocations=29 (full 3):
 PSYoungGen      total 451072K, used 407776K [0x00000000e0400000, 0x00000000fe380000, 0x0000000100000000)
  eden space 410624K, 99% used [0x00000000e0400000,0x00000000f91e0210,0x00000000f9500000)
  from space 40448K, 0% used [0x00000000f9500000,0x00000000f9558020,0x00000000fbc80000)
  to   space 38400K, 0% used [0x00000000fbe00000,0x00000000fbe00000,0x00000000fe380000)
 ParOldGen       total 247296K, used 162936K [0x00000000a0c00000, 0x00000000afd80000, 0x00000000e0400000)
  object space 247296K, 65% used [0x00000000a0c00000,0x00000000aab1e328,0x00000000afd80000)
 Metaspace       used 17776K, capacity 17993K, committed 18176K, reserved 1064960K
  class space    used 1706K, capacity 1761K, committed 1792K, reserved 1048576K
Event: 22.314 GC heap after
Heap after GC invocations=29 (full 3):
 PSYoungGen      total 447488K, used 352K [0x00000000e0400000, 0x00000000fdf00000, 0x0000000100000000)
  eden space 413696K, 0% used [0x00000000e0400000,0x00000000e0400000,0x00000000f9800000)
  from space 33792K, 1% used [0x00000000fbe00000,0x00000000fbe58020,0x00000000fdf00000)
  to   space 36352K, 0% used [0x00000000f9800000,0x00000000f9800000,0x00000000fbb80000)
 ParOldGen       total 247296K, used 162936K [0x00000000a0c00000, 0x00000000afd80000, 0x00000000e0400000)
  object space 247296K, 65% used [0x00000000a0c00000,0x00000000aab1e328,0x00000000afd80000)
 Metaspace       used 17776K, capacity 17993K, committed 18176K, reserved 1064960K
  class space    used 1706K, capacity 1761K, committed 1792K, reserved 1048576K
}
Event: 23.648 GC heap before
{Heap before GC invocations=30 (full 3):
 PSYoungGen      total 447488K, used 406011K [0x00000000e0400000, 0x00000000fdf00000, 0x0000000100000000)
  eden space 413696K, 98% used [0x00000000e0400000,0x00000000f9026d50,0x00000000f9800000)
  from space 33792K, 1% used [0x00000000fbe00000,0x00000000fbe58020,0x00000000fdf00000)
  to   space 36352K, 0% used [0x00000000f9800000,0x00000000f9800000,0x00000000fbb80000)
 ParOldGen       total 247296K, used 162936K [0x00000000a0c00000, 0x00000000afd80000, 0x00000000e0400000)
  object space 247296K, 65% used [0x00000000a0c00000,0x00000000aab1e328,0x00000000afd80000)
 Metaspace       used 17810K, capacity 17993K, committed 18176K, reserved 1064960K
  class space    used 1717K, capacity 1761K, committed 1792K, reserved 1048576K
Event: 23.649 GC heap after
Heap after GC invocations=30 (full 3):
 PSYoungGen      total 450048K, used 416K [0x00000000e0400000, 0x00000000fdd80000, 0x0000000100000000)
  eden space 413696K, 0% used [0x00000000e0400000,0x00000000e0400000,0x00000000f9800000)
  from space 36352K, 1% used [0x00000000f9800000,0x00000000f9868020,0x00000000fbb80000)
  to   space 34304K, 0% used [0x00000000fbc00000,0x00000000fbc00000,0x00000000fdd80000)
 ParOldGen       total 247296K, used 162944K [0x00000000a0c00000, 0x00000000afd80000, 0x00000000e0400000)
  object space 247296K, 65% used [0x00000000a0c00000,0x00000000aab20328,0x00000000afd80000)
 Metaspace       used 17810K, capacity 17993K, committed 18176K, reserved 1064960K
  class space    used 1717K, capacity 1761K, committed 1792K, reserved 1048576K
}

