# JRE version: Java(TM) SE Runtime Environment (8.0_25-b18) (build 1.8.0_25-b18)
# Java VM: Java HotSpot(TM) 64-Bit Server VM (25.25-b02 mixed mode windows-amd64 compressed oops)
Heap:
 PSYoungGen      total 425472K, used 71693K [0x00000000e0400000, 0x00000000fbe00000, 0x0000000100000000)
  eden space 401408K, 17% used [0x00000000e0400000,0x00000000e49db7b8,0x00000000f8c00000)
  from space 24064K, 0% used [0x00000000fa680000,0x00000000fa6a8000,0x00000000fbe00000)
  to   space 25600K, 0% used [0x00000000f8c00000,0x00000000f8c00000,0x00000000fa500000)
 ParOldGen       total 226304K, used 155069K [0x00000000a0c00000, 0x00000000ae900000, 0x00000000e0400000)
  object space 226304K, 68% used [0x00000000a0c00000,0x00000000aa36f708,0x00000000ae900000)
 Metaspace       used 17934K, capacity 18149K, committed 18304K, reserved 1064960K
  class space    used 1727K, capacity 1793K, committed 1920K, reserved 1048576K
GC Heap History (10 events):
Event: 14.428 GC heap before
{Heap before GC invocations=35 (full 3):
 PSYoungGen      total 421888K, used 386962K [0x00000000e0400000, 0x00000000fc380000, 0x0000000100000000)
  eden space 390144K, 99% used [0x00000000e0400000,0x00000000f7daca80,0x00000000f8100000)
  from space 31744K, 0% used [0x00000000f8100000,0x00000000f8138000,0x00000000fa000000)
  to   space 31232K, 0% used [0x00000000fa500000,0x00000000fa500000,0x00000000fc380000)
 ParOldGen       total 226304K, used 154989K [0x00000000a0c00000, 0x00000000ae900000, 0x00000000e0400000)
  object space 226304K, 68% used [0x00000000a0c00000,0x00000000aa35b708,0x00000000ae900000)
 Metaspace       used 17845K, capacity 18149K, committed 18304K, reserved 1064960K
  class space    used 1715K, capacity 1793K, committed 1920K, reserved 1048576K
Event: 14.429 GC heap after
Heap after GC invocations=35 (full 3):
 PSYoungGen      total 423936K, used 192K [0x00000000e0400000, 0x00000000fc100000, 0x0000000100000000)
  eden space 395264K, 0% used [0x00000000e0400000,0x00000000e0400000,0x00000000f8600000)
  from space 28672K, 0% used [0x00000000fa500000,0x00000000fa530000,0x00000000fc100000)
  to   space 30208K, 0% used [0x00000000f8600000,0x00000000f8600000,0x00000000fa380000)
 ParOldGen       total 226304K, used 155005K [0x00000000a0c00000, 0x00000000ae900000, 0x00000000e0400000)
  object space 226304K, 68% used [0x00000000a0c00000,0x00000000aa35f708,0x00000000ae900000)
 Metaspace       used 17845K, capacity 18149K, committed 18304K, reserved 1064960K
  class space    used 1715K, capacity 1793K, committed 1920K, reserved 1048576K
}
Event: 15.025 GC heap before
{Heap before GC invocations=36 (full 3):
 PSYoungGen      total 423936K, used 395456K [0x00000000e0400000, 0x00000000fc100000, 0x0000000100000000)
  eden space 395264K, 100% used [0x00000000e0400000,0x00000000f8600000,0x00000000f8600000)
  from space 28672K, 0% used [0x00000000fa500000,0x00000000fa530000,0x00000000fc100000)
  to   space 30208K, 0% used [0x00000000f8600000,0x00000000f8600000,0x00000000fa380000)
 ParOldGen       total 226304K, used 155005K [0x00000000a0c00000, 0x00000000ae900000, 0x00000000e0400000)
  object space 226304K, 68% used [0x00000000a0c00000,0x00000000aa35f708,0x00000000ae900000)
 Metaspace       used 17899K, capacity 18149K, committed 18304K, reserved 1064960K
  class space    used 1715K, capacity 1793K, committed 1920K, reserved 1048576K
Event: 15.027 GC heap after
Heap after GC invocations=36 (full 3):
 PSYoungGen      total 425472K, used 192K [0x00000000e0400000, 0x00000000fc280000, 0x0000000100000000)
  eden space 395264K, 0% used [0x00000000e0400000,0x00000000e0400000,0x00000000f8600000)
  from space 30208K, 0% used [0x00000000f8600000,0x00000000f8630000,0x00000000fa380000)
  to   space 29184K, 0% used [0x00000000fa600000,0x00000000fa600000,0x00000000fc280000)
 ParOldGen       total 226304K, used 155021K [0x00000000a0c00000, 0x00000000ae900000, 0x00000000e0400000)
  object space 226304K, 68% used [0x00000000a0c00000,0x00000000aa363708,0x00000000ae900000)
 Metaspace       used 17899K, capacity 18149K, committed 18304K, reserved 1064960K
  class space    used 1715K, capacity 1793K, committed 1920K, reserved 1048576K
}
Event: 15.630 GC heap before
{Heap before GC invocations=37 (full 3):
 PSYoungGen      total 425472K, used 395456K [0x00000000e0400000, 0x00000000fc280000, 0x0000000100000000)
  eden space 395264K, 100% used [0x00000000e0400000,0x00000000f8600000,0x00000000f8600000)
  from space 30208K, 0% used [0x00000000f8600000,0x00000000f8630000,0x00000000fa380000)
  to   space 29184K, 0% used [0x00000000fa600000,0x00000000fa600000,0x00000000fc280000)
 ParOldGen       total 226304K, used 155021K [0x00000000a0c00000, 0x00000000ae900000, 0x00000000e0400000)
  object space 226304K, 68% used [0x00000000a0c00000,0x00000000aa363708,0x00000000ae900000)
 Metaspace       used 17899K, capacity 18149K, committed 18304K, reserved 1064960K
  class space    used 1715K, capacity 1793K, committed 1920K, reserved 1048576K
Event: 15.632 GC heap after
Heap after GC invocations=37 (full 3):
 PSYoungGen      total 425984K, used 192K [0x00000000e0400000, 0x00000000fc080000, 0x0000000100000000)
  eden space 398848K, 0% used [0x00000000e0400000,0x00000000e0400000,0x00000000f8980000)
  from space 27136K, 0% used [0x00000000fa600000,0x00000000fa630000,0x00000000fc080000)
  to   space 28160K, 0% used [0x00000000f8980000,0x00000000f8980000,0x00000000fa500000)
 ParOldGen       total 226304K, used 155037K [0x00000000a0c00000, 0x00000000ae900000, 0x00000000e0400000)
  object space 226304K, 68% used [0x00000000a0c00000,0x00000000aa367708,0x00000000ae900000)
 Metaspace       used 17899K, capacity 18149K, committed 18304K, reserved 1064960K
  class space    used 1715K, capacity 1793K, committed 1920K, reserved 1048576K
}
Event: 16.276 GC heap before
{Heap before GC invocations=38 (full 3):
 PSYoungGen      total 425984K, used 399040K [0x00000000e0400000, 0x00000000fc080000, 0x0000000100000000)
  eden space 398848K, 100% used [0x00000000e0400000,0x00000000f8980000,0x00000000f8980000)
  from space 27136K, 0% used [0x00000000fa600000,0x00000000fa630000,0x00000000fc080000)
  to   space 28160K, 0% used [0x00000000f8980000,0x00000000f8980000,0x00000000fa500000)
 ParOldGen       total 226304K, used 155037K [0x00000000a0c00000, 0x00000000ae900000, 0x00000000e0400000)
  object space 226304K, 68% used [0x00000000a0c00000,0x00000000aa367708,0x00000000ae900000)
 Metaspace       used 17899K, capacity 18149K, committed 18304K, reserved 1064960K
  class space    used 1715K, capacity 1793K, committed 1920K, reserved 1048576K
Event: 16.277 GC heap after
Heap after GC invocations=38 (full 3):
 PSYoungGen      total 427008K, used 192K [0x00000000e0400000, 0x00000000fc080000, 0x0000000100000000)
  eden space 398848K, 0% used [0x00000000e0400000,0x00000000e0400000,0x00000000f8980000)
  from space 28160K, 0% used [0x00000000f8980000,0x00000000f89b0000,0x00000000fa500000)
  to   space 26624K, 0% used [0x00000000fa680000,0x00000000fa680000,0x00000000fc080000)
 ParOldGen       total 226304K, used 155045K [0x00000000a0c00000, 0x00000000ae900000, 0x00000000e0400000)
  object space 226304K, 68% used [0x00000000a0c00000,0x00000000aa369708,0x00000000ae900000)
 Metaspace       used 17899K, capacity 18149K, committed 18304K, reserved 1064960K
  class space    used 1715K, capacity 1793K, committed 1920K, reserved 1048576K
}
Event: 16.896 GC heap before
{Heap before GC invocations=39 (full 3):
 PSYoungGen      total 427008K, used 399040K [0x00000000e0400000, 0x00000000fc080000, 0x0000000100000000)
  eden space 398848K, 100% used [0x00000000e0400000,0x00000000f8980000,0x00000000f8980000)
  from space 28160K, 0% used [0x00000000f8980000,0x00000000f89b0000,0x00000000fa500000)
  to   space 26624K, 0% used [0x00000000fa680000,0x00000000fa680000,0x00000000fc080000)
 ParOldGen       total 226304K, used 155045K [0x00000000a0c00000, 0x00000000ae900000, 0x00000000e0400000)
  object space 226304K, 68% used [0x00000000a0c00000,0x00000000aa369708,0x00000000ae900000)
 Metaspace       used 17899K, capacity 18149K, committed 18304K, reserved 1064960K
  class space    used 1715K, capacity 1793K, committed 1920K, reserved 1048576K
Event: 16.897 GC heap after
Heap after GC invocations=39 (full 3):
 PSYoungGen      total 425472K, used 160K [0x00000000e0400000, 0x00000000fbe00000, 0x0000000100000000)
  eden space 401408K, 0% used [0x00000000e0400000,0x00000000e0400000,0x00000000f8c00000)
  from space 24064K, 0% used [0x00000000fa680000,0x00000000fa6a8000,0x00000000fbe00000)
  to   space 25600K, 0% used [0x00000000f8c00000,0x00000000f8c00000,0x00000000fa500000)
 ParOldGen       total 226304K, used 155069K [0x00000000a0c00000, 0x00000000ae900000, 0x00000000e0400000)
  object space 226304K, 68% used [0x00000000a0c00000,0x00000000aa36f708,0x00000000ae900000)
 Metaspace       used 17899K, capacity 18149K, committed 18304K, reserved 1064960K
  class space    used 1715K, capacity 1793K, committed 1920K, reserved 1048576K
}

