# JRE version: Java(TM) SE Runtime Environment (8.0_25-b18) (build 1.8.0_25-b18)
# Java VM: Java HotSpot(TM) 64-Bit Server VM (25.25-b02 mixed mode windows-amd64 compressed oops)
Heap:
 PSYoungGen      total 450560K, used 144066K [0x00000000e0400000, 0x00000000fcc00000, 0x0000000100000000)
  eden space 434688K, 33% used [0x00000000e0400000,0x00000000e9080918,0x00000000fac80000)
  from space 15872K, 1% used [0x00000000fac80000,0x00000000facb0000,0x00000000fbc00000)
  to   space 14848K, 0% used [0x00000000fbd80000,0x00000000fbd80000,0x00000000fcc00000)
 ParOldGen       total 223744K, used 155510K [0x00000000a0c00000, 0x00000000ae680000, 0x00000000e0400000)
  object space 223744K, 69% used [0x00000000a0c00000,0x00000000aa3dd9b0,0x00000000ae680000)
 Metaspace       used 18016K, capacity 18217K, committed 18560K, reserved 1067008K
  class space    used 1736K, capacity 1793K, committed 1920K, reserved 1048576K
GC Heap History (10 events):
Event: 19.633 GC heap before
{Heap before GC invocations=50 (full 3):
 PSYoungGen      total 448000K, used 434511K [0x00000000e0400000, 0x00000000fcd00000, 0x0000000100000000)
  eden space 429056K, 99% used [0x00000000e0400000,0x00000000fa44ae70,0x00000000fa700000)
  from space 18944K, 43% used [0x00000000fb980000,0x00000000fc189010,0x00000000fcc00000)
  to   space 18944K, 0% used [0x00000000fa700000,0x00000000fa700000,0x00000000fb980000)
 ParOldGen       total 223744K, used 155502K [0x00000000a0c00000, 0x00000000ae680000, 0x00000000e0400000)
  object space 223744K, 69% used [0x00000000a0c00000,0x00000000aa3db9b0,0x00000000ae680000)
 Metaspace       used 17975K, capacity 18217K, committed 18560K, reserved 1067008K
  class space    used 1724K, capacity 1793K, committed 1920K, reserved 1048576K
Event: 19.634 GC heap after
Heap after GC invocations=50 (full 3):
 PSYoungGen      total 448000K, used 128K [0x00000000e0400000, 0x00000000fce80000, 0x0000000100000000)
  eden space 429056K, 0% used [0x00000000e0400000,0x00000000e0400000,0x00000000fa700000)
  from space 18944K, 0% used [0x00000000fa700000,0x00000000fa720000,0x00000000fb980000)
  to   space 18432K, 0% used [0x00000000fbc80000,0x00000000fbc80000,0x00000000fce80000)
 ParOldGen       total 223744K, used 155510K [0x00000000a0c00000, 0x00000000ae680000, 0x00000000e0400000)
  object space 223744K, 69% used [0x00000000a0c00000,0x00000000aa3dd9b0,0x00000000ae680000)
 Metaspace       used 17975K, capacity 18217K, committed 18560K, reserved 1067008K
  class space    used 1724K, capacity 1793K, committed 1920K, reserved 1048576K
}
Event: 20.090 GC heap before
{Heap before GC invocations=51 (full 3):
 PSYoungGen      total 448000K, used 429184K [0x00000000e0400000, 0x00000000fce80000, 0x0000000100000000)
  eden space 429056K, 100% used [0x00000000e0400000,0x00000000fa700000,0x00000000fa700000)
  from space 18944K, 0% used [0x00000000fa700000,0x00000000fa720000,0x00000000fb980000)
  to   space 18432K, 0% used [0x00000000fbc80000,0x00000000fbc80000,0x00000000fce80000)
 ParOldGen       total 223744K, used 155510K [0x00000000a0c00000, 0x00000000ae680000, 0x00000000e0400000)
  object space 223744K, 69% used [0x00000000a0c00000,0x00000000aa3dd9b0,0x00000000ae680000)
 Metaspace       used 17975K, capacity 18217K, committed 18560K, reserved 1067008K
  class space    used 1724K, capacity 1793K, committed 1920K, reserved 1048576K
Event: 20.092 GC heap after
Heap after GC invocations=51 (full 3):
 PSYoungGen      total 448000K, used 96K [0x00000000e0400000, 0x00000000fcc00000, 0x0000000100000000)
  eden space 432128K, 0% used [0x00000000e0400000,0x00000000e0400000,0x00000000faa00000)
  from space 15872K, 0% used [0x00000000fbc80000,0x00000000fbc98000,0x00000000fcc00000)
  to   space 17408K, 0% used [0x00000000faa00000,0x00000000faa00000,0x00000000fbb00000)
 ParOldGen       total 223744K, used 155510K [0x00000000a0c00000, 0x00000000ae680000, 0x00000000e0400000)
  object space 223744K, 69% used [0x00000000a0c00000,0x00000000aa3dd9b0,0x00000000ae680000)
 Metaspace       used 17975K, capacity 18217K, committed 18560K, reserved 1067008K
  class space    used 1724K, capacity 1793K, committed 1920K, reserved 1048576K
}
Event: 20.557 GC heap before
{Heap before GC invocations=52 (full 3):
 PSYoungGen      total 448000K, used 432224K [0x00000000e0400000, 0x00000000fcc00000, 0x0000000100000000)
  eden space 432128K, 100% used [0x00000000e0400000,0x00000000faa00000,0x00000000faa00000)
  from space 15872K, 0% used [0x00000000fbc80000,0x00000000fbc98000,0x00000000fcc00000)
  to   space 17408K, 0% used [0x00000000faa00000,0x00000000faa00000,0x00000000fbb00000)
 ParOldGen       total 223744K, used 155510K [0x00000000a0c00000, 0x00000000ae680000, 0x00000000e0400000)
  object space 223744K, 69% used [0x00000000a0c00000,0x00000000aa3dd9b0,0x00000000ae680000)
 Metaspace       used 17975K, capacity 18217K, committed 18560K, reserved 1067008K
  class space    used 1724K, capacity 1793K, committed 1920K, reserved 1048576K
Event: 20.558 GC heap after
Heap after GC invocations=52 (full 3):
 PSYoungGen      total 449536K, used 192K [0x00000000e0400000, 0x00000000fcd00000, 0x0000000100000000)
  eden space 432128K, 0% used [0x00000000e0400000,0x00000000e0400000,0x00000000faa00000)
  from space 17408K, 1% used [0x00000000faa00000,0x00000000faa30000,0x00000000fbb00000)
  to   space 16384K, 0% used [0x00000000fbd00000,0x00000000fbd00000,0x00000000fcd00000)
 ParOldGen       total 223744K, used 155510K [0x00000000a0c00000, 0x00000000ae680000, 0x00000000e0400000)
  object space 223744K, 69% used [0x00000000a0c00000,0x00000000aa3dd9b0,0x00000000ae680000)
 Metaspace       used 17975K, capacity 18217K, committed 18560K, reserved 1067008K
  class space    used 1724K, capacity 1793K, committed 1920K, reserved 1048576K
}
Event: 21.031 GC heap before
{Heap before GC invocations=53 (full 3):
 PSYoungGen      total 449536K, used 432320K [0x00000000e0400000, 0x00000000fcd00000, 0x0000000100000000)
  eden space 432128K, 100% used [0x00000000e0400000,0x00000000faa00000,0x00000000faa00000)
  from space 17408K, 1% used [0x00000000faa00000,0x00000000faa30000,0x00000000fbb00000)
  to   space 16384K, 0% used [0x00000000fbd00000,0x00000000fbd00000,0x00000000fcd00000)
 ParOldGen       total 223744K, used 155510K [0x00000000a0c00000, 0x00000000ae680000, 0x00000000e0400000)
  object space 223744K, 69% used [0x00000000a0c00000,0x00000000aa3dd9b0,0x00000000ae680000)
 Metaspace       used 17975K, capacity 18217K, committed 18560K, reserved 1067008K
  class space    used 1724K, capacity 1793K, committed 1920K, reserved 1048576K
Event: 21.032 GC heap after
Heap after GC invocations=53 (full 3):
 PSYoungGen      total 449536K, used 160K [0x00000000e0400000, 0x00000000fcb80000, 0x0000000100000000)
  eden space 434688K, 0% used [0x00000000e0400000,0x00000000e0400000,0x00000000fac80000)
  from space 14848K, 1% used [0x00000000fbd00000,0x00000000fbd28000,0x00000000fcb80000)
  to   space 15872K, 0% used [0x00000000fac80000,0x00000000fac80000,0x00000000fbc00000)
 ParOldGen       total 223744K, used 155510K [0x00000000a0c00000, 0x00000000ae680000, 0x00000000e0400000)
  object space 223744K, 69% used [0x00000000a0c00000,0x00000000aa3dd9b0,0x00000000ae680000)
 Metaspace       used 17975K, capacity 18217K, committed 18560K, reserved 1067008K
  class space    used 1724K, capacity 1793K, committed 1920K, reserved 1048576K
}
Event: 21.864 GC heap before
{Heap before GC invocations=54 (full 3):
 PSYoungGen      total 449536K, used 434172K [0x00000000e0400000, 0x00000000fcb80000, 0x0000000100000000)
  eden space 434688K, 99% used [0x00000000e0400000,0x00000000fabd7330,0x00000000fac80000)
  from space 14848K, 1% used [0x00000000fbd00000,0x00000000fbd28000,0x00000000fcb80000)
  to   space 15872K, 0% used [0x00000000fac80000,0x00000000fac80000,0x00000000fbc00000)
 ParOldGen       total 223744K, used 155510K [0x00000000a0c00000, 0x00000000ae680000, 0x00000000e0400000)
  object space 223744K, 69% used [0x00000000a0c00000,0x00000000aa3dd9b0,0x00000000ae680000)
 Metaspace       used 17975K, capacity 18217K, committed 18560K, reserved 1067008K
  class space    used 1724K, capacity 1793K, committed 1920K, reserved 1048576K
Event: 21.865 GC heap after
Heap after GC invocations=54 (full 3):
 PSYoungGen      total 450560K, used 192K [0x00000000e0400000, 0x00000000fcc00000, 0x0000000100000000)
  eden space 434688K, 0% used [0x00000000e0400000,0x00000000e0400000,0x00000000fac80000)
  from space 15872K, 1% used [0x00000000fac80000,0x00000000facb0000,0x00000000fbc00000)
  to   space 14848K, 0% used [0x00000000fbd80000,0x00000000fbd80000,0x00000000fcc00000)
 ParOldGen       total 223744K, used 155510K [0x00000000a0c00000, 0x00000000ae680000, 0x00000000e0400000)
  object space 223744K, 69% used [0x00000000a0c00000,0x00000000aa3dd9b0,0x00000000ae680000)
 Metaspace       used 17975K, capacity 18217K, committed 18560K, reserved 1067008K
  class space    used 1724K, capacity 1793K, committed 1920K, reserved 1048576K
}

