# JRE version: Java(TM) SE Runtime Environment (8.0_25-b18) (build 1.8.0_25-b18)
# Java VM: Java HotSpot(TM) 64-Bit Server VM (25.25-b02 mixed mode windows-amd64 compressed oops)
Heap:
 PSYoungGen      total 300032K, used 31183K [0x00000000e0400000, 0x00000000f3280000, 0x0000000100000000)
  eden space 291328K, 10% used [0x00000000e0400000,0x00000000e224bca0,0x00000000f2080000)
  from space 8704K, 1% used [0x00000000f2a00000,0x00000000f2a28000,0x00000000f3280000)
  to   space 9216K, 0% used [0x00000000f2080000,0x00000000f2080000,0x00000000f2980000)
 ParOldGen       total 230400K, used 156187K [0x00000000a0c00000, 0x00000000aed00000, 0x00000000e0400000)
  object space 230400K, 67% used [0x00000000a0c00000,0x00000000aa486cf0,0x00000000aed00000)
 Metaspace       used 18616K, capacity 18825K, committed 19072K, reserved 1067008K
  class space    used 1773K, capacity 1825K, committed 1920K, reserved 1048576K
GC Heap History (10 events):
Event: 41.702 GC heap before
{Heap before GC invocations=53 (full 3):
 PSYoungGen      total 301056K, used 288232K [0x00000000e0400000, 0x00000000f3680000, 0x0000000100000000)
  eden space 288256K, 99% used [0x00000000e0400000,0x00000000f1cc21c0,0x00000000f1d80000)
  from space 12800K, 5% used [0x00000000f1d80000,0x00000000f1e38000,0x00000000f2a00000)
  to   space 12288K, 0% used [0x00000000f2a80000,0x00000000f2a80000,0x00000000f3680000)
 ParOldGen       total 230400K, used 155526K [0x00000000a0c00000, 0x00000000aed00000, 0x00000000e0400000)
  object space 230400K, 67% used [0x00000000a0c00000,0x00000000aa3e18a0,0x00000000aed00000)
 Metaspace       used 18560K, capacity 18761K, committed 19072K, reserved 1067008K
  class space    used 1773K, capacity 1825K, committed 1920K, reserved 1048576K
Event: 41.703 GC heap after
Heap after GC invocations=53 (full 3):
 PSYoungGen      total 299520K, used 640K [0x00000000e0400000, 0x00000000f3480000, 0x0000000100000000)
  eden space 289280K, 0% used [0x00000000e0400000,0x00000000e0400000,0x00000000f1e80000)
  from space 10240K, 6% used [0x00000000f2a80000,0x00000000f2b20000,0x00000000f3480000)
  to   space 11264K, 0% used [0x00000000f1e80000,0x00000000f1e80000,0x00000000f2980000)
 ParOldGen       total 230400K, used 155638K [0x00000000a0c00000, 0x00000000aed00000, 0x00000000e0400000)
  object space 230400K, 67% used [0x00000000a0c00000,0x00000000aa3fd8a0,0x00000000aed00000)
 Metaspace       used 18560K, capacity 18761K, committed 19072K, reserved 1067008K
  class space    used 1773K, capacity 1825K, committed 1920K, reserved 1048576K
}
Event: 42.769 GC heap before
{Heap before GC invocations=54 (full 3):
 PSYoungGen      total 299520K, used 288162K [0x00000000e0400000, 0x00000000f3480000, 0x0000000100000000)
  eden space 289280K, 99% used [0x00000000e0400000,0x00000000f1cc88d8,0x00000000f1e80000)
  from space 10240K, 6% used [0x00000000f2a80000,0x00000000f2b20000,0x00000000f3480000)
  to   space 11264K, 0% used [0x00000000f1e80000,0x00000000f1e80000,0x00000000f2980000)
 ParOldGen       total 230400K, used 155638K [0x00000000a0c00000, 0x00000000aed00000, 0x00000000e0400000)
  object space 230400K, 67% used [0x00000000a0c00000,0x00000000aa3fd8a0,0x00000000aed00000)
 Metaspace       used 18560K, capacity 18761K, committed 19072K, reserved 1067008K
  class space    used 1773K, capacity 1825K, committed 1920K, reserved 1048576K
Event: 42.770 GC heap after
Heap after GC invocations=54 (full 3):
 PSYoungGen      total 300544K, used 256K [0x00000000e0400000, 0x00000000f3480000, 0x0000000100000000)
  eden space 289280K, 0% used [0x00000000e0400000,0x00000000e0400000,0x00000000f1e80000)
  from space 11264K, 2% used [0x00000000f1e80000,0x00000000f1ec0000,0x00000000f2980000)
  to   space 10752K, 0% used [0x00000000f2a00000,0x00000000f2a00000,0x00000000f3480000)
 ParOldGen       total 230400K, used 156131K [0x00000000a0c00000, 0x00000000aed00000, 0x00000000e0400000)
  object space 230400K, 67% used [0x00000000a0c00000,0x00000000aa478cf0,0x00000000aed00000)
 Metaspace       used 18560K, capacity 18761K, committed 19072K, reserved 1067008K
  class space    used 1773K, capacity 1825K, committed 1920K, reserved 1048576K
}
Event: 43.833 GC heap before
{Heap before GC invocations=55 (full 3):
 PSYoungGen      total 300544K, used 287714K [0x00000000e0400000, 0x00000000f3480000, 0x0000000100000000)
  eden space 289280K, 99% used [0x00000000e0400000,0x00000000f1cb8ba8,0x00000000f1e80000)
  from space 11264K, 2% used [0x00000000f1e80000,0x00000000f1ec0000,0x00000000f2980000)
  to   space 10752K, 0% used [0x00000000f2a00000,0x00000000f2a00000,0x00000000f3480000)
 ParOldGen       total 230400K, used 156131K [0x00000000a0c00000, 0x00000000aed00000, 0x00000000e0400000)
  object space 230400K, 67% used [0x00000000a0c00000,0x00000000aa478cf0,0x00000000aed00000)
 Metaspace       used 18560K, capacity 18761K, committed 19072K, reserved 1067008K
  class space    used 1773K, capacity 1825K, committed 1920K, reserved 1048576K
Event: 43.834 GC heap after
Heap after GC invocations=55 (full 3):
 PSYoungGen      total 300032K, used 224K [0x00000000e0400000, 0x00000000f3380000, 0x0000000100000000)
  eden space 290304K, 0% used [0x00000000e0400000,0x00000000e0400000,0x00000000f1f80000)
  from space 9728K, 2% used [0x00000000f2a00000,0x00000000f2a38000,0x00000000f3380000)
  to   space 10240K, 0% used [0x00000000f1f80000,0x00000000f1f80000,0x00000000f2980000)
 ParOldGen       total 230400K, used 156147K [0x00000000a0c00000, 0x00000000aed00000, 0x00000000e0400000)
  object space 230400K, 67% used [0x00000000a0c00000,0x00000000aa47ccf0,0x00000000aed00000)
 Metaspace       used 18560K, capacity 18761K, committed 19072K, reserved 1067008K
  class space    used 1773K, capacity 1825K, committed 1920K, reserved 1048576K
}
Event: 44.901 GC heap before
{Heap before GC invocations=56 (full 3):
 PSYoungGen      total 300032K, used 287495K [0x00000000e0400000, 0x00000000f3380000, 0x0000000100000000)
  eden space 290304K, 98% used [0x00000000e0400000,0x00000000f1c89c30,0x00000000f1f80000)
  from space 9728K, 2% used [0x00000000f2a00000,0x00000000f2a38000,0x00000000f3380000)
  to   space 10240K, 0% used [0x00000000f1f80000,0x00000000f1f80000,0x00000000f2980000)
 ParOldGen       total 230400K, used 156147K [0x00000000a0c00000, 0x00000000aed00000, 0x00000000e0400000)
  object space 230400K, 67% used [0x00000000a0c00000,0x00000000aa47ccf0,0x00000000aed00000)
 Metaspace       used 18560K, capacity 18761K, committed 19072K, reserved 1067008K
  class space    used 1773K, capacity 1825K, committed 1920K, reserved 1048576K
Event: 44.902 GC heap after
Heap after GC invocations=56 (full 3):
 PSYoungGen      total 300544K, used 192K [0x00000000e0400000, 0x00000000f3380000, 0x0000000100000000)
  eden space 290304K, 0% used [0x00000000e0400000,0x00000000e0400000,0x00000000f1f80000)
  from space 10240K, 1% used [0x00000000f1f80000,0x00000000f1fb0000,0x00000000f2980000)
  to   space 9728K, 0% used [0x00000000f2a00000,0x00000000f2a00000,0x00000000f3380000)
 ParOldGen       total 230400K, used 156163K [0x00000000a0c00000, 0x00000000aed00000, 0x00000000e0400000)
  object space 230400K, 67% used [0x00000000a0c00000,0x00000000aa480cf0,0x00000000aed00000)
 Metaspace       used 18560K, capacity 18761K, committed 19072K, reserved 1067008K
  class space    used 1773K, capacity 1825K, committed 1920K, reserved 1048576K
}
Event: 45.968 GC heap before
{Heap before GC invocations=57 (full 3):
 PSYoungGen      total 300544K, used 287532K [0x00000000e0400000, 0x00000000f3380000, 0x0000000100000000)
  eden space 290304K, 98% used [0x00000000e0400000,0x00000000f1c9b148,0x00000000f1f80000)
  from space 10240K, 1% used [0x00000000f1f80000,0x00000000f1fb0000,0x00000000f2980000)
  to   space 9728K, 0% used [0x00000000f2a00000,0x00000000f2a00000,0x00000000f3380000)
 ParOldGen       total 230400K, used 156163K [0x00000000a0c00000, 0x00000000aed00000, 0x00000000e0400000)
  object space 230400K, 67% used [0x00000000a0c00000,0x00000000aa480cf0,0x00000000aed00000)
 Metaspace       used 18608K, capacity 18825K, committed 19072K, reserved 1067008K
  class space    used 1773K, capacity 1825K, committed 1920K, reserved 1048576K
Event: 45.970 GC heap after
Heap after GC invocations=57 (full 3):
 PSYoungGen      total 300032K, used 160K [0x00000000e0400000, 0x00000000f3280000, 0x0000000100000000)
  eden space 291328K, 0% used [0x00000000e0400000,0x00000000e0400000,0x00000000f2080000)
  from space 8704K, 1% used [0x00000000f2a00000,0x00000000f2a28000,0x00000000f3280000)
  to   space 9216K, 0% used [0x00000000f2080000,0x00000000f2080000,0x00000000f2980000)
 ParOldGen       total 230400K, used 156187K [0x00000000a0c00000, 0x00000000aed00000, 0x00000000e0400000)
  object space 230400K, 67% used [0x00000000a0c00000,0x00000000aa486cf0,0x00000000aed00000)
 Metaspace       used 18608K, capacity 18825K, committed 19072K, reserved 1067008K
  class space    used 1773K, capacity 1825K, committed 1920K, reserved 1048576K
}

