# JRE version: Java(TM) SE Runtime Environment (8.0_25-b18) (build 1.8.0_25-b18)
# Java VM: Java HotSpot(TM) 64-Bit Server VM (25.25-b02 mixed mode windows-amd64 compressed oops)
Heap:
 PSYoungGen      total 317440K, used 117776K [0x00000000e0400000, 0x00000000f7300000, 0x0000000100000000)
  eden space 268288K, 40% used [0x00000000e0400000,0x00000000e6e0f388,0x00000000f0a00000)
  from space 49152K, 18% used [0x00000000f0a00000,0x00000000f12f5020,0x00000000f3a00000)
  to   space 47616K, 0% used [0x00000000f4480000,0x00000000f4480000,0x00000000f7300000)
 ParOldGen       total 225280K, used 145927K [0x00000000a0c00000, 0x00000000ae800000, 0x00000000e0400000)
  object space 225280K, 64% used [0x00000000a0c00000,0x00000000a9a81c00,0x00000000ae800000)
 Metaspace       used 17829K, capacity 18057K, committed 18176K, reserved 1064960K
  class space    used 1717K, capacity 1761K, committed 1792K, reserved 1048576K
GC Heap History (10 events):
Event: 7.043 GC heap before
{Heap before GC invocations=18 (full 3):
 PSYoungGen      total 276992K, used 234374K [0x00000000e0400000, 0x00000000f5080000, 0x0000000100000000)
  eden space 227840K, 98% used [0x00000000e0400000,0x00000000edff4ab8,0x00000000ee280000)
  from space 49152K, 18% used [0x00000000f2080000,0x00000000f296d020,0x00000000f5080000)
  to   space 56320K, 0% used [0x00000000ee280000,0x00000000ee280000,0x00000000f1980000)
 ParOldGen       total 225280K, used 145895K [0x00000000a0c00000, 0x00000000ae800000, 0x00000000e0400000)
  object space 225280K, 64% used [0x00000000a0c00000,0x00000000a9a79c00,0x00000000ae800000)
 Metaspace       used 17619K, capacity 17857K, committed 17920K, reserved 1064960K
  class space    used 1717K, capacity 1761K, committed 1792K, reserved 1048576K
Event: 7.046 GC heap after
Heap after GC invocations=18 (full 3):
 PSYoungGen      total 284160K, used 9172K [0x00000000e0400000, 0x00000000f6d00000, 0x0000000100000000)
  eden space 227840K, 0% used [0x00000000e0400000,0x00000000e0400000,0x00000000ee280000)
  from space 56320K, 16% used [0x00000000ee280000,0x00000000eeb75020,0x00000000f1980000)
  to   space 54784K, 0% used [0x00000000f3780000,0x00000000f3780000,0x00000000f6d00000)
 ParOldGen       total 225280K, used 145903K [0x00000000a0c00000, 0x00000000ae800000, 0x00000000e0400000)
  object space 225280K, 64% used [0x00000000a0c00000,0x00000000a9a7bc00,0x00000000ae800000)
 Metaspace       used 17619K, capacity 17857K, committed 17920K, reserved 1064960K
  class space    used 1717K, capacity 1761K, committed 1792K, reserved 1048576K
}
Event: 7.876 GC heap before
{Heap before GC invocations=19 (full 3):
 PSYoungGen      total 284160K, used 234262K [0x00000000e0400000, 0x00000000f6d00000, 0x0000000100000000)
  eden space 227840K, 98% used [0x00000000e0400000,0x00000000edfd0aa0,0x00000000ee280000)
  from space 56320K, 16% used [0x00000000ee280000,0x00000000eeb75020,0x00000000f1980000)
  to   space 54784K, 0% used [0x00000000f3780000,0x00000000f3780000,0x00000000f6d00000)
 ParOldGen       total 225280K, used 145903K [0x00000000a0c00000, 0x00000000ae800000, 0x00000000e0400000)
  object space 225280K, 64% used [0x00000000a0c00000,0x00000000a9a7bc00,0x00000000ae800000)
 Metaspace       used 17730K, capacity 17929K, committed 18176K, reserved 1064960K
  class space    used 1717K, capacity 1761K, committed 1792K, reserved 1048576K
Event: 7.880 GC heap after
Heap after GC invocations=19 (full 3):
 PSYoungGen      total 300544K, used 9172K [0x00000000e0400000, 0x00000000f6480000, 0x0000000100000000)
  eden space 254464K, 0% used [0x00000000e0400000,0x00000000e0400000,0x00000000efc80000)
  from space 46080K, 19% used [0x00000000f3780000,0x00000000f4075020,0x00000000f6480000)
  to   space 53248K, 0% used [0x00000000efc80000,0x00000000efc80000,0x00000000f3080000)
 ParOldGen       total 225280K, used 145911K [0x00000000a0c00000, 0x00000000ae800000, 0x00000000e0400000)
  object space 225280K, 64% used [0x00000000a0c00000,0x00000000a9a7dc00,0x00000000ae800000)
 Metaspace       used 17730K, capacity 17929K, committed 18176K, reserved 1064960K
  class space    used 1717K, capacity 1761K, committed 1792K, reserved 1048576K
}
Event: 8.809 GC heap before
{Heap before GC invocations=20 (full 3):
 PSYoungGen      total 300544K, used 260721K [0x00000000e0400000, 0x00000000f6480000, 0x0000000100000000)
  eden space 254464K, 98% used [0x00000000e0400000,0x00000000ef9a7540,0x00000000efc80000)
  from space 46080K, 19% used [0x00000000f3780000,0x00000000f4075020,0x00000000f6480000)
  to   space 53248K, 0% used [0x00000000efc80000,0x00000000efc80000,0x00000000f3080000)
 ParOldGen       total 225280K, used 145911K [0x00000000a0c00000, 0x00000000ae800000, 0x00000000e0400000)
  object space 225280K, 64% used [0x00000000a0c00000,0x00000000a9a7dc00,0x00000000ae800000)
 Metaspace       used 17765K, capacity 17993K, committed 18176K, reserved 1064960K
  class space    used 1717K, capacity 1761K, committed 1792K, reserved 1048576K
Event: 8.813 GC heap after
Heap after GC invocations=20 (full 3):
 PSYoungGen      total 307712K, used 9172K [0x00000000e0400000, 0x00000000f7080000, 0x0000000100000000)
  eden space 254464K, 0% used [0x00000000e0400000,0x00000000e0400000,0x00000000efc80000)
  from space 53248K, 17% used [0x00000000efc80000,0x00000000f0575020,0x00000000f3080000)
  to   space 51200K, 0% used [0x00000000f3e80000,0x00000000f3e80000,0x00000000f7080000)
 ParOldGen       total 225280K, used 145919K [0x00000000a0c00000, 0x00000000ae800000, 0x00000000e0400000)
  object space 225280K, 64% used [0x00000000a0c00000,0x00000000a9a7fc00,0x00000000ae800000)
 Metaspace       used 17765K, capacity 17993K, committed 18176K, reserved 1064960K
  class space    used 1717K, capacity 1761K, committed 1792K, reserved 1048576K
}
Event: 9.746 GC heap before
{Heap before GC invocations=21 (full 3):
 PSYoungGen      total 307712K, used 260641K [0x00000000e0400000, 0x00000000f7080000, 0x0000000100000000)
  eden space 254464K, 98% used [0x00000000e0400000,0x00000000ef993678,0x00000000efc80000)
  from space 53248K, 17% used [0x00000000efc80000,0x00000000f0575020,0x00000000f3080000)
  to   space 51200K, 0% used [0x00000000f3e80000,0x00000000f3e80000,0x00000000f7080000)
 ParOldGen       total 225280K, used 145919K [0x00000000a0c00000, 0x00000000ae800000, 0x00000000e0400000)
  object space 225280K, 64% used [0x00000000a0c00000,0x00000000a9a7fc00,0x00000000ae800000)
 Metaspace       used 17766K, capacity 17993K, committed 18176K, reserved 1064960K
  class space    used 1717K, capacity 1761K, committed 1792K, reserved 1048576K
Event: 9.751 GC heap after
Heap after GC invocations=21 (full 3):
 PSYoungGen      total 312832K, used 9076K [0x00000000e0400000, 0x00000000f6a00000, 0x0000000100000000)
  eden space 268288K, 0% used [0x00000000e0400000,0x00000000e0400000,0x00000000f0a00000)
  from space 44544K, 20% used [0x00000000f3e80000,0x00000000f475d020,0x00000000f6a00000)
  to   space 49152K, 0% used [0x00000000f0a00000,0x00000000f0a00000,0x00000000f3a00000)
 ParOldGen       total 225280K, used 145919K [0x00000000a0c00000, 0x00000000ae800000, 0x00000000e0400000)
  object space 225280K, 64% used [0x00000000a0c00000,0x00000000a9a7fc00,0x00000000ae800000)
 Metaspace       used 17766K, capacity 17993K, committed 18176K, reserved 1064960K
  class space    used 1717K, capacity 1761K, committed 1792K, reserved 1048576K
}
Event: 10.708 GC heap before
{Heap before GC invocations=22 (full 3):
 PSYoungGen      total 312832K, used 273670K [0x00000000e0400000, 0x00000000f6a00000, 0x0000000100000000)
  eden space 268288K, 98% used [0x00000000e0400000,0x00000000f0664a88,0x00000000f0a00000)
  from space 44544K, 20% used [0x00000000f3e80000,0x00000000f475d020,0x00000000f6a00000)
  to   space 49152K, 0% used [0x00000000f0a00000,0x00000000f0a00000,0x00000000f3a00000)
 ParOldGen       total 225280K, used 145919K [0x00000000a0c00000, 0x00000000ae800000, 0x00000000e0400000)
  object space 225280K, 64% used [0x00000000a0c00000,0x00000000a9a7fc00,0x00000000ae800000)
 Metaspace       used 17828K, capacity 18057K, committed 18176K, reserved 1064960K
  class space    used 1717K, capacity 1761K, committed 1792K, reserved 1048576K
Event: 10.713 GC heap after
Heap after GC invocations=22 (full 3):
 PSYoungGen      total 317440K, used 9172K [0x00000000e0400000, 0x00000000f7300000, 0x0000000100000000)
  eden space 268288K, 0% used [0x00000000e0400000,0x00000000e0400000,0x00000000f0a00000)
  from space 49152K, 18% used [0x00000000f0a00000,0x00000000f12f5020,0x00000000f3a00000)
  to   space 47616K, 0% used [0x00000000f4480000,0x00000000f4480000,0x00000000f7300000)
 ParOldGen       total 225280K, used 145927K [0x00000000a0c00000, 0x00000000ae800000, 0x00000000e0400000)
  object space 225280K, 64% used [0x00000000a0c00000,0x00000000a9a81c00,0x00000000ae800000)
 Metaspace       used 17828K, capacity 18057K, committed 18176K, reserved 1064960K
  class space    used 1717K, capacity 1761K, committed 1792K, reserved 1048576K
}

