# JRE version: Java(TM) SE Runtime Environment (8.0_25-b18) (build 1.8.0_25-b18)
# Java VM: Java HotSpot(TM) 64-Bit Server VM (25.25-b02 mixed mode windows-amd64 compressed oops)
Heap:
 PSYoungGen      total 519680K, used 352436K [0x00000000e0400000, 0x0000000100000000, 0x0000000100000000)
  eden space 519168K, 67% used [0x00000000e0400000,0x00000000f5c053c8,0x00000000fff00000)
  from space 512K, 31% used [0x00000000fff80000,0x00000000fffa8000,0x0000000100000000)
  to   space 512K, 0% used [0x00000000fff00000,0x00000000fff00000,0x00000000fff80000)
 ParOldGen       total 281600K, used 179557K [0x00000000a0c00000, 0x00000000b1f00000, 0x00000000e0400000)
  object space 281600K, 63% used [0x00000000a0c00000,0x00000000abb59580,0x00000000b1f00000)
 Metaspace       used 17998K, capacity 18185K, committed 18432K, reserved 1067008K
  class space    used 1718K, capacity 1761K, committed 1792K, reserved 1048576K
GC Heap History (10 events):
Event: 197.659 GC heap before
{Heap before GC invocations=241 (full 5):
 PSYoungGen      total 519680K, used 519296K [0x00000000e0400000, 0x0000000100000000, 0x0000000100000000)
  eden space 519168K, 100% used [0x00000000e0400000,0x00000000fff00000,0x00000000fff00000)
  from space 512K, 25% used [0x00000000fff00000,0x00000000fff20000,0x00000000fff80000)
  to   space 512K, 0% used [0x00000000fff80000,0x00000000fff80000,0x0000000100000000)
 ParOldGen       total 281600K, used 171457K [0x00000000a0c00000, 0x00000000b1f00000, 0x00000000e0400000)
  object space 281600K, 60% used [0x00000000a0c00000,0x00000000ab370570,0x00000000b1f00000)
 Metaspace       used 17997K, capacity 18185K, committed 18432K, reserved 1067008K
  class space    used 1718K, capacity 1761K, committed 1792K, reserved 1048576K
Event: 197.661 GC heap after
Heap after GC invocations=241 (full 5):
 PSYoungGen      total 519680K, used 160K [0x00000000e0400000, 0x0000000100000000, 0x0000000100000000)
  eden space 519168K, 0% used [0x00000000e0400000,0x00000000e0400000,0x00000000fff00000)
  from space 512K, 31% used [0x00000000fff80000,0x00000000fffa8000,0x0000000100000000)
  to   space 512K, 0% used [0x00000000fff00000,0x00000000fff00000,0x00000000fff80000)
 ParOldGen       total 281600K, used 171457K [0x00000000a0c00000, 0x00000000b1f00000, 0x00000000e0400000)
  object space 281600K, 60% used [0x00000000a0c00000,0x00000000ab370570,0x00000000b1f00000)
 Metaspace       used 17997K, capacity 18185K, committed 18432K, reserved 1067008K
  class space    used 1718K, capacity 1761K, committed 1792K, reserved 1048576K
}
Event: 198.489 GC heap before
{Heap before GC invocations=242 (full 5):
 PSYoungGen      total 519680K, used 519139K [0x00000000e0400000, 0x0000000100000000, 0x0000000100000000)
  eden space 519168K, 99% used [0x00000000e0400000,0x00000000ffed0f38,0x00000000fff00000)
  from space 512K, 31% used [0x00000000fff80000,0x00000000fffa8000,0x0000000100000000)
  to   space 512K, 0% used [0x00000000fff00000,0x00000000fff00000,0x00000000fff80000)
 ParOldGen       total 281600K, used 171457K [0x00000000a0c00000, 0x00000000b1f00000, 0x00000000e0400000)
  object space 281600K, 60% used [0x00000000a0c00000,0x00000000ab370570,0x00000000b1f00000)
 Metaspace       used 17997K, capacity 18185K, committed 18432K, reserved 1067008K
  class space    used 1718K, capacity 1761K, committed 1792K, reserved 1048576K
Event: 198.493 GC heap after
Heap after GC invocations=242 (full 5):
 PSYoungGen      total 519680K, used 128K [0x00000000e0400000, 0x0000000100000000, 0x0000000100000000)
  eden space 519168K, 0% used [0x00000000e0400000,0x00000000e0400000,0x00000000fff00000)
  from space 512K, 25% used [0x00000000fff00000,0x00000000fff20000,0x00000000fff80000)
  to   space 512K, 0% used [0x00000000fff80000,0x00000000fff80000,0x0000000100000000)
 ParOldGen       total 281600K, used 179557K [0x00000000a0c00000, 0x00000000b1f00000, 0x00000000e0400000)
  object space 281600K, 63% used [0x00000000a0c00000,0x00000000abb59580,0x00000000b1f00000)
 Metaspace       used 17997K, capacity 18185K, committed 18432K, reserved 1067008K
  class space    used 1718K, capacity 1761K, committed 1792K, reserved 1048576K
}
Event: 199.317 GC heap before
{Heap before GC invocations=243 (full 5):
 PSYoungGen      total 519680K, used 516228K [0x00000000e0400000, 0x0000000100000000, 0x0000000100000000)
  eden space 519168K, 99% used [0x00000000e0400000,0x00000000ffc01240,0x00000000fff00000)
  from space 512K, 25% used [0x00000000fff00000,0x00000000fff20000,0x00000000fff80000)
  to   space 512K, 0% used [0x00000000fff80000,0x00000000fff80000,0x0000000100000000)
 ParOldGen       total 281600K, used 179557K [0x00000000a0c00000, 0x00000000b1f00000, 0x00000000e0400000)
  object space 281600K, 63% used [0x00000000a0c00000,0x00000000abb59580,0x00000000b1f00000)
 Metaspace       used 17997K, capacity 18185K, committed 18432K, reserved 1067008K
  class space    used 1718K, capacity 1761K, committed 1792K, reserved 1048576K
Event: 199.320 GC heap after
Heap after GC invocations=243 (full 5):
 PSYoungGen      total 519680K, used 160K [0x00000000e0400000, 0x0000000100000000, 0x0000000100000000)
  eden space 519168K, 0% used [0x00000000e0400000,0x00000000e0400000,0x00000000fff00000)
  from space 512K, 31% used [0x00000000fff80000,0x00000000fffa8000,0x0000000100000000)
  to   space 512K, 0% used [0x00000000fff00000,0x00000000fff00000,0x00000000fff80000)
 ParOldGen       total 281600K, used 179557K [0x00000000a0c00000, 0x00000000b1f00000, 0x00000000e0400000)
  object space 281600K, 63% used [0x00000000a0c00000,0x00000000abb59580,0x00000000b1f00000)
 Metaspace       used 17997K, capacity 18185K, committed 18432K, reserved 1067008K
  class space    used 1718K, capacity 1761K, committed 1792K, reserved 1048576K
}
Event: 200.102 GC heap before
{Heap before GC invocations=244 (full 5):
 PSYoungGen      total 519680K, used 516409K [0x00000000e0400000, 0x0000000100000000, 0x0000000100000000)
  eden space 519168K, 99% used [0x00000000e0400000,0x00000000ffc26430,0x00000000fff00000)
  from space 512K, 31% used [0x00000000fff80000,0x00000000fffa8000,0x0000000100000000)
  to   space 512K, 0% used [0x00000000fff00000,0x00000000fff00000,0x00000000fff80000)
 ParOldGen       total 281600K, used 179557K [0x00000000a0c00000, 0x00000000b1f00000, 0x00000000e0400000)
  object space 281600K, 63% used [0x00000000a0c00000,0x00000000abb59580,0x00000000b1f00000)
 Metaspace       used 17997K, capacity 18185K, committed 18432K, reserved 1067008K
  class space    used 1718K, capacity 1761K, committed 1792K, reserved 1048576K
Event: 200.105 GC heap after
Heap after GC invocations=244 (full 5):
 PSYoungGen      total 519680K, used 192K [0x00000000e0400000, 0x0000000100000000, 0x0000000100000000)
  eden space 519168K, 0% used [0x00000000e0400000,0x00000000e0400000,0x00000000fff00000)
  from space 512K, 37% used [0x00000000fff00000,0x00000000fff30000,0x00000000fff80000)
  to   space 512K, 0% used [0x00000000fff80000,0x00000000fff80000,0x0000000100000000)
 ParOldGen       total 281600K, used 179557K [0x00000000a0c00000, 0x00000000b1f00000, 0x00000000e0400000)
  object space 281600K, 63% used [0x00000000a0c00000,0x00000000abb59580,0x00000000b1f00000)
 Metaspace       used 17997K, capacity 18185K, committed 18432K, reserved 1067008K
  class space    used 1718K, capacity 1761K, committed 1792K, reserved 1048576K
}
Event: 200.901 GC heap before
{Heap before GC invocations=245 (full 5):
 PSYoungGen      total 519680K, used 517717K [0x00000000e0400000, 0x0000000100000000, 0x0000000100000000)
  eden space 519168K, 99% used [0x00000000e0400000,0x00000000ffd65590,0x00000000fff00000)
  from space 512K, 37% used [0x00000000fff00000,0x00000000fff30000,0x00000000fff80000)
  to   space 512K, 0% used [0x00000000fff80000,0x00000000fff80000,0x0000000100000000)
 ParOldGen       total 281600K, used 179557K [0x00000000a0c00000, 0x00000000b1f00000, 0x00000000e0400000)
  object space 281600K, 63% used [0x00000000a0c00000,0x00000000abb59580,0x00000000b1f00000)
 Metaspace       used 17997K, capacity 18185K, committed 18432K, reserved 1067008K
  class space    used 1718K, capacity 1761K, committed 1792K, reserved 1048576K
Event: 200.902 GC heap after
Heap after GC invocations=245 (full 5):
 PSYoungGen      total 519680K, used 160K [0x00000000e0400000, 0x0000000100000000, 0x0000000100000000)
  eden space 519168K, 0% used [0x00000000e0400000,0x00000000e0400000,0x00000000fff00000)
  from space 512K, 31% used [0x00000000fff80000,0x00000000fffa8000,0x0000000100000000)
  to   space 512K, 0% used [0x00000000fff00000,0x00000000fff00000,0x00000000fff80000)
 ParOldGen       total 281600K, used 179557K [0x00000000a0c00000, 0x00000000b1f00000, 0x00000000e0400000)
  object space 281600K, 63% used [0x00000000a0c00000,0x00000000abb59580,0x00000000b1f00000)
 Metaspace       used 17997K, capacity 18185K, committed 18432K, reserved 1067008K
  class space    used 1718K, capacity 1761K, committed 1792K, reserved 1048576K
}

