# JRE version: Java(TM) SE Runtime Environment (8.0_25-b18) (build 1.8.0_25-b18)
# Java VM: Java HotSpot(TM) 64-Bit Server VM (25.25-b02 mixed mode windows-amd64 compressed oops)
Heap:
 PSYoungGen      total 517632K, used 161105K [0x00000000e0400000, 0x0000000100000000, 0x0000000100000000)
  eden space 515072K, 31% used [0x00000000e0400000,0x00000000ea13c660,0x00000000ffb00000)
  from space 2560K, 3% used [0x00000000ffd80000,0x00000000ffd98000,0x0000000100000000)
  to   space 2560K, 0% used [0x00000000ffb00000,0x00000000ffb00000,0x00000000ffd80000)
 ParOldGen       total 208384K, used 187985K [0x00000000a0c00000, 0x00000000ad780000, 0x00000000e0400000)
  object space 208384K, 90% used [0x00000000a0c00000,0x00000000ac3946b8,0x00000000ad780000)
 Metaspace       used 17967K, capacity 18185K, committed 18432K, reserved 1067008K
  class space    used 1717K, capacity 1761K, committed 1792K, reserved 1048576K
GC Heap History (10 events):
Event: 60.294 GC heap before
{Heap before GC invocations=113 (full 3):
 PSYoungGen      total 515584K, used 510814K [0x00000000e0400000, 0x00000000fff00000, 0x0000000100000000)
  eden space 512000K, 99% used [0x00000000e0400000,0x00000000ff6afaa0,0x00000000ff800000)
  from space 3584K, 4% used [0x00000000ff800000,0x00000000ff828000,0x00000000ffb80000)
  to   space 3072K, 0% used [0x00000000ffc00000,0x00000000ffc00000,0x00000000fff00000)
 ParOldGen       total 208384K, used 179861K [0x00000000a0c00000, 0x00000000ad780000, 0x00000000e0400000)
  object space 208384K, 86% used [0x00000000a0c00000,0x00000000abba56a8,0x00000000ad780000)
 Metaspace       used 17932K, capacity 18185K, committed 18432K, reserved 1067008K
  class space    used 1706K, capacity 1761K, committed 1792K, reserved 1048576K
Event: 60.296 GC heap after
Heap after GC invocations=113 (full 3):
 PSYoungGen      total 516096K, used 160K [0x00000000e0400000, 0x00000000fff80000, 0x0000000100000000)
  eden space 513024K, 0% used [0x00000000e0400000,0x00000000e0400000,0x00000000ff900000)
  from space 3072K, 5% used [0x00000000ffc00000,0x00000000ffc28000,0x00000000fff00000)
  to   space 3072K, 0% used [0x00000000ff900000,0x00000000ff900000,0x00000000ffc00000)
 ParOldGen       total 208384K, used 179861K [0x00000000a0c00000, 0x00000000ad780000, 0x00000000e0400000)
  object space 208384K, 86% used [0x00000000a0c00000,0x00000000abba56a8,0x00000000ad780000)
 Metaspace       used 17932K, capacity 18185K, committed 18432K, reserved 1067008K
  class space    used 1706K, capacity 1761K, committed 1792K, reserved 1048576K
}
Event: 60.862 GC heap before
{Heap before GC invocations=114 (full 3):
 PSYoungGen      total 516096K, used 509559K [0x00000000e0400000, 0x00000000fff80000, 0x0000000100000000)
  eden space 513024K, 99% used [0x00000000e0400000,0x00000000ff575f50,0x00000000ff900000)
  from space 3072K, 5% used [0x00000000ffc00000,0x00000000ffc28000,0x00000000fff00000)
  to   space 3072K, 0% used [0x00000000ff900000,0x00000000ff900000,0x00000000ffc00000)
 ParOldGen       total 208384K, used 179861K [0x00000000a0c00000, 0x00000000ad780000, 0x00000000e0400000)
  object space 208384K, 86% used [0x00000000a0c00000,0x00000000abba56a8,0x00000000ad780000)
 Metaspace       used 17932K, capacity 18185K, committed 18432K, reserved 1067008K
  class space    used 1706K, capacity 1761K, committed 1792K, reserved 1048576K
Event: 60.863 GC heap after
Heap after GC invocations=114 (full 3):
 PSYoungGen      total 516096K, used 160K [0x00000000e0400000, 0x0000000100000000, 0x0000000100000000)
  eden space 513024K, 0% used [0x00000000e0400000,0x00000000e0400000,0x00000000ff900000)
  from space 3072K, 5% used [0x00000000ff900000,0x00000000ff928000,0x00000000ffc00000)
  to   space 3072K, 0% used [0x00000000ffd00000,0x00000000ffd00000,0x0000000100000000)
 ParOldGen       total 208384K, used 179861K [0x00000000a0c00000, 0x00000000ad780000, 0x00000000e0400000)
  object space 208384K, 86% used [0x00000000a0c00000,0x00000000abba56a8,0x00000000ad780000)
 Metaspace       used 17932K, capacity 18185K, committed 18432K, reserved 1067008K
  class space    used 1706K, capacity 1761K, committed 1792K, reserved 1048576K
}
Event: 61.422 GC heap before
{Heap before GC invocations=115 (full 3):
 PSYoungGen      total 516096K, used 513184K [0x00000000e0400000, 0x0000000100000000, 0x0000000100000000)
  eden space 513024K, 100% used [0x00000000e0400000,0x00000000ff900000,0x00000000ff900000)
  from space 3072K, 5% used [0x00000000ff900000,0x00000000ff928000,0x00000000ffc00000)
  to   space 3072K, 0% used [0x00000000ffd00000,0x00000000ffd00000,0x0000000100000000)
 ParOldGen       total 208384K, used 179861K [0x00000000a0c00000, 0x00000000ad780000, 0x00000000e0400000)
  object space 208384K, 86% used [0x00000000a0c00000,0x00000000abba56a8,0x00000000ad780000)
 Metaspace       used 17932K, capacity 18185K, committed 18432K, reserved 1067008K
  class space    used 1706K, capacity 1761K, committed 1792K, reserved 1048576K
Event: 61.424 GC heap after
Heap after GC invocations=115 (full 3):
 PSYoungGen      total 516096K, used 128K [0x00000000e0400000, 0x00000000fff00000, 0x0000000100000000)
  eden space 514048K, 0% used [0x00000000e0400000,0x00000000e0400000,0x00000000ffa00000)
  from space 2048K, 6% used [0x00000000ffd00000,0x00000000ffd20000,0x00000000fff00000)
  to   space 2560K, 0% used [0x00000000ffa00000,0x00000000ffa00000,0x00000000ffc80000)
 ParOldGen       total 208384K, used 179885K [0x00000000a0c00000, 0x00000000ad780000, 0x00000000e0400000)
  object space 208384K, 86% used [0x00000000a0c00000,0x00000000abbab6a8,0x00000000ad780000)
 Metaspace       used 17932K, capacity 18185K, committed 18432K, reserved 1067008K
  class space    used 1706K, capacity 1761K, committed 1792K, reserved 1048576K
}
Event: 62.000 GC heap before
{Heap before GC invocations=116 (full 3):
 PSYoungGen      total 516096K, used 513953K [0x00000000e0400000, 0x00000000fff00000, 0x0000000100000000)
  eden space 514048K, 99% used [0x00000000e0400000,0x00000000ff9c84b0,0x00000000ffa00000)
  from space 2048K, 6% used [0x00000000ffd00000,0x00000000ffd20000,0x00000000fff00000)
  to   space 2560K, 0% used [0x00000000ffa00000,0x00000000ffa00000,0x00000000ffc80000)
 ParOldGen       total 208384K, used 179885K [0x00000000a0c00000, 0x00000000ad780000, 0x00000000e0400000)
  object space 208384K, 86% used [0x00000000a0c00000,0x00000000abbab6a8,0x00000000ad780000)
 Metaspace       used 17932K, capacity 18185K, committed 18432K, reserved 1067008K
  class space    used 1706K, capacity 1761K, committed 1792K, reserved 1048576K
Event: 62.004 GC heap after
Heap after GC invocations=116 (full 3):
 PSYoungGen      total 516608K, used 1008K [0x00000000e0400000, 0x0000000100000000, 0x0000000100000000)
  eden space 514048K, 0% used [0x00000000e0400000,0x00000000e0400000,0x00000000ffa00000)
  from space 2560K, 39% used [0x00000000ffa00000,0x00000000ffafc010,0x00000000ffc80000)
  to   space 2560K, 0% used [0x00000000ffd80000,0x00000000ffd80000,0x0000000100000000)
 ParOldGen       total 208384K, used 187985K [0x00000000a0c00000, 0x00000000ad780000, 0x00000000e0400000)
  object space 208384K, 90% used [0x00000000a0c00000,0x00000000ac3946b8,0x00000000ad780000)
 Metaspace       used 17932K, capacity 18185K, committed 18432K, reserved 1067008K
  class space    used 1706K, capacity 1761K, committed 1792K, reserved 1048576K
}
Event: 62.561 GC heap before
{Heap before GC invocations=117 (full 3):
 PSYoungGen      total 516608K, used 512645K [0x00000000e0400000, 0x0000000100000000, 0x0000000100000000)
  eden space 514048K, 99% used [0x00000000e0400000,0x00000000ff7a5410,0x00000000ffa00000)
  from space 2560K, 39% used [0x00000000ffa00000,0x00000000ffafc010,0x00000000ffc80000)
  to   space 2560K, 0% used [0x00000000ffd80000,0x00000000ffd80000,0x0000000100000000)
 ParOldGen       total 208384K, used 187985K [0x00000000a0c00000, 0x00000000ad780000, 0x00000000e0400000)
  object space 208384K, 90% used [0x00000000a0c00000,0x00000000ac3946b8,0x00000000ad780000)
 Metaspace       used 17932K, capacity 18185K, committed 18432K, reserved 1067008K
  class space    used 1706K, capacity 1761K, committed 1792K, reserved 1048576K
Event: 62.562 GC heap after
Heap after GC invocations=117 (full 3):
 PSYoungGen      total 517632K, used 96K [0x00000000e0400000, 0x0000000100000000, 0x0000000100000000)
  eden space 515072K, 0% used [0x00000000e0400000,0x00000000e0400000,0x00000000ffb00000)
  from space 2560K, 3% used [0x00000000ffd80000,0x00000000ffd98000,0x0000000100000000)
  to   space 2560K, 0% used [0x00000000ffb00000,0x00000000ffb00000,0x00000000ffd80000)
 ParOldGen       total 208384K, used 187985K [0x00000000a0c00000, 0x00000000ad780000, 0x00000000e0400000)
  object space 208384K, 90% used [0x00000000a0c00000,0x00000000ac3946b8,0x00000000ad780000)
 Metaspace       used 17932K, capacity 18185K, committed 18432K, reserved 1067008K
  class space    used 1706K, capacity 1761K, committed 1792K, reserved 1048576K
}

