# JRE version: Java(TM) SE Runtime Environment (8.0_25-b18) (build 1.8.0_25-b18)
# Java VM: Java HotSpot(TM) 64-Bit Server VM (25.25-b02 mixed mode windows-amd64 compressed oops)
Heap:
 PSYoungGen      total 452096K, used 182000K [0x00000000e0400000, 0x0000000100000000, 0x0000000100000000)
  eden space 395776K, 45% used [0x00000000e0400000,0x00000000eb59c0e8,0x00000000f8680000)
  from space 56320K, 0% used [0x00000000f8680000,0x00000000f86a0000,0x00000000fbd80000)
  to   space 54784K, 0% used [0x00000000fca80000,0x00000000fca80000,0x0000000100000000)
 ParOldGen       total 218624K, used 154897K [0x00000000a0c00000, 0x00000000ae180000, 0x00000000e0400000)
  object space 218624K, 70% used [0x00000000a0c00000,0x00000000aa3445c8,0x00000000ae180000)
 Metaspace       used 17888K, capacity 18121K, committed 18176K, reserved 1064960K
  class space    used 1717K, capacity 1761K, committed 1792K, reserved 1048576K
GC Heap History (10 events):
Event: 6.720 GC heap before
{Heap before GC invocations=16 (full 3):
 PSYoungGen      total 339456K, used 297856K [0x00000000e0400000, 0x00000000f9380000, 0x0000000100000000)
  eden space 290304K, 99% used [0x00000000e0400000,0x00000000f1ed7310,0x00000000f1f80000)
  from space 49152K, 16% used [0x00000000f6380000,0x00000000f6b89010,0x00000000f9380000)
  to   space 59392K, 0% used [0x00000000f1f80000,0x00000000f1f80000,0x00000000f5980000)
 ParOldGen       total 218624K, used 154857K [0x00000000a0c00000, 0x00000000ae180000, 0x00000000e0400000)
  object space 218624K, 70% used [0x00000000a0c00000,0x00000000aa33a5c8,0x00000000ae180000)
 Metaspace       used 17544K, capacity 17793K, committed 17920K, reserved 1064960K
  class space    used 1705K, capacity 1761K, committed 1792K, reserved 1048576K
Event: 6.721 GC heap after
Heap after GC invocations=16 (full 3):
 PSYoungGen      total 349696K, used 96K [0x00000000e0400000, 0x00000000fd800000, 0x0000000100000000)
  eden space 290304K, 0% used [0x00000000e0400000,0x00000000e0400000,0x00000000f1f80000)
  from space 59392K, 0% used [0x00000000f1f80000,0x00000000f1f98000,0x00000000f5980000)
  to   space 59392K, 0% used [0x00000000f9e00000,0x00000000f9e00000,0x00000000fd800000)
 ParOldGen       total 218624K, used 154865K [0x00000000a0c00000, 0x00000000ae180000, 0x00000000e0400000)
  object space 218624K, 70% used [0x00000000a0c00000,0x00000000aa33c5c8,0x00000000ae180000)
 Metaspace       used 17544K, capacity 17793K, committed 17920K, reserved 1064960K
  class space    used 1705K, capacity 1761K, committed 1792K, reserved 1048576K
}
Event: 7.790 GC heap before
{Heap before GC invocations=17 (full 3):
 PSYoungGen      total 349696K, used 288545K [0x00000000e0400000, 0x00000000fd800000, 0x0000000100000000)
  eden space 290304K, 99% used [0x00000000e0400000,0x00000000f1db0530,0x00000000f1f80000)
  from space 59392K, 0% used [0x00000000f1f80000,0x00000000f1f98000,0x00000000f5980000)
  to   space 59392K, 0% used [0x00000000f9e00000,0x00000000f9e00000,0x00000000fd800000)
 ParOldGen       total 218624K, used 154865K [0x00000000a0c00000, 0x00000000ae180000, 0x00000000e0400000)
  object space 218624K, 70% used [0x00000000a0c00000,0x00000000aa33c5c8,0x00000000ae180000)
 Metaspace       used 17603K, capacity 17865K, committed 17920K, reserved 1064960K
  class space    used 1705K, capacity 1761K, committed 1792K, reserved 1048576K
Event: 7.792 GC heap after
Heap after GC invocations=17 (full 3):
 PSYoungGen      total 395264K, used 64K [0x00000000e0400000, 0x00000000fcb80000, 0x0000000100000000)
  eden space 348672K, 0% used [0x00000000e0400000,0x00000000e0400000,0x00000000f5880000)
  from space 46592K, 0% used [0x00000000f9e00000,0x00000000f9e10000,0x00000000fcb80000)
  to   space 58880K, 0% used [0x00000000f5880000,0x00000000f5880000,0x00000000f9200000)
 ParOldGen       total 218624K, used 154873K [0x00000000a0c00000, 0x00000000ae180000, 0x00000000e0400000)
  object space 218624K, 70% used [0x00000000a0c00000,0x00000000aa33e5c8,0x00000000ae180000)
 Metaspace       used 17603K, capacity 17865K, committed 17920K, reserved 1064960K
  class space    used 1705K, capacity 1761K, committed 1792K, reserved 1048576K
}
Event: 9.054 GC heap before
{Heap before GC invocations=18 (full 3):
 PSYoungGen      total 395264K, used 343807K [0x00000000e0400000, 0x00000000fcb80000, 0x0000000100000000)
  eden space 348672K, 98% used [0x00000000e0400000,0x00000000f53afdc0,0x00000000f5880000)
  from space 46592K, 0% used [0x00000000f9e00000,0x00000000f9e10000,0x00000000fcb80000)
  to   space 58880K, 0% used [0x00000000f5880000,0x00000000f5880000,0x00000000f9200000)
 ParOldGen       total 218624K, used 154873K [0x00000000a0c00000, 0x00000000ae180000, 0x00000000e0400000)
  object space 218624K, 70% used [0x00000000a0c00000,0x00000000aa33e5c8,0x00000000ae180000)
 Metaspace       used 17720K, capacity 17929K, committed 18176K, reserved 1064960K
  class space    used 1705K, capacity 1761K, committed 1792K, reserved 1048576K
Event: 9.055 GC heap after
Heap after GC invocations=18 (full 3):
 PSYoungGen      total 407552K, used 128K [0x00000000e0400000, 0x0000000100000000, 0x0000000100000000)
  eden space 348672K, 0% used [0x00000000e0400000,0x00000000e0400000,0x00000000f5880000)
  from space 58880K, 0% used [0x00000000f5880000,0x00000000f58a0000,0x00000000f9200000)
  to   space 57856K, 0% used [0x00000000fc780000,0x00000000fc780000,0x0000000100000000)
 ParOldGen       total 218624K, used 154881K [0x00000000a0c00000, 0x00000000ae180000, 0x00000000e0400000)
  object space 218624K, 70% used [0x00000000a0c00000,0x00000000aa3405c8,0x00000000ae180000)
 Metaspace       used 17720K, capacity 17929K, committed 18176K, reserved 1064960K
  class space    used 1705K, capacity 1761K, committed 1792K, reserved 1048576K
}
Event: 10.319 GC heap before
{Heap before GC invocations=19 (full 3):
 PSYoungGen      total 407552K, used 341418K [0x00000000e0400000, 0x0000000100000000, 0x0000000100000000)
  eden space 348672K, 97% used [0x00000000e0400000,0x00000000f514a978,0x00000000f5880000)
  from space 58880K, 0% used [0x00000000f5880000,0x00000000f58a0000,0x00000000f9200000)
  to   space 57856K, 0% used [0x00000000fc780000,0x00000000fc780000,0x0000000100000000)
 ParOldGen       total 218624K, used 154881K [0x00000000a0c00000, 0x00000000ae180000, 0x00000000e0400000)
  object space 218624K, 70% used [0x00000000a0c00000,0x00000000aa3405c8,0x00000000ae180000)
 Metaspace       used 17781K, capacity 17993K, committed 18176K, reserved 1064960K
  class space    used 1705K, capacity 1761K, committed 1792K, reserved 1048576K
Event: 10.320 GC heap after
Heap after GC invocations=19 (full 3):
 PSYoungGen      total 441856K, used 96K [0x00000000e0400000, 0x00000000ff480000, 0x0000000100000000)
  eden space 395776K, 0% used [0x00000000e0400000,0x00000000e0400000,0x00000000f8680000)
  from space 46080K, 0% used [0x00000000fc780000,0x00000000fc798000,0x00000000ff480000)
  to   space 56320K, 0% used [0x00000000f8680000,0x00000000f8680000,0x00000000fbd80000)
 ParOldGen       total 218624K, used 154889K [0x00000000a0c00000, 0x00000000ae180000, 0x00000000e0400000)
  object space 218624K, 70% used [0x00000000a0c00000,0x00000000aa3425c8,0x00000000ae180000)
 Metaspace       used 17781K, capacity 17993K, committed 18176K, reserved 1064960K
  class space    used 1705K, capacity 1761K, committed 1792K, reserved 1048576K
}
Event: 11.788 GC heap before
{Heap before GC invocations=20 (full 3):
 PSYoungGen      total 441856K, used 395079K [0x00000000e0400000, 0x00000000ff480000, 0x0000000100000000)
  eden space 395776K, 99% used [0x00000000e0400000,0x00000000f85b9e88,0x00000000f8680000)
  from space 46080K, 0% used [0x00000000fc780000,0x00000000fc798000,0x00000000ff480000)
  to   space 56320K, 0% used [0x00000000f8680000,0x00000000f8680000,0x00000000fbd80000)
 ParOldGen       total 218624K, used 154889K [0x00000000a0c00000, 0x00000000ae180000, 0x00000000e0400000)
  object space 218624K, 70% used [0x00000000a0c00000,0x00000000aa3425c8,0x00000000ae180000)
 Metaspace       used 17791K, capacity 17993K, committed 18176K, reserved 1064960K
  class space    used 1705K, capacity 1761K, committed 1792K, reserved 1048576K
Event: 11.789 GC heap after
Heap after GC invocations=20 (full 3):
 PSYoungGen      total 452096K, used 128K [0x00000000e0400000, 0x0000000100000000, 0x0000000100000000)
  eden space 395776K, 0% used [0x00000000e0400000,0x00000000e0400000,0x00000000f8680000)
  from space 56320K, 0% used [0x00000000f8680000,0x00000000f86a0000,0x00000000fbd80000)
  to   space 54784K, 0% used [0x00000000fca80000,0x00000000fca80000,0x0000000100000000)
 ParOldGen       total 218624K, used 154897K [0x00000000a0c00000, 0x00000000ae180000, 0x00000000e0400000)
  object space 218624K, 70% used [0x00000000a0c00000,0x00000000aa3445c8,0x00000000ae180000)
 Metaspace       used 17791K, capacity 17993K, committed 18176K, reserved 1064960K
  class space    used 1705K, capacity 1761K, committed 1792K, reserved 1048576K
}

