# JRE version: Java(TM) SE Runtime Environment (8.0_25-b18) (build 1.8.0_25-b18)
# Java VM: Java HotSpot(TM) 64-Bit Server VM (25.25-b02 mixed mode windows-amd64 compressed oops)
Heap:
 PSYoungGen      total 421376K, used 382243K [0x00000000e0400000, 0x00000000fdc80000, 0x0000000100000000)
  eden space 420864K, 90% used [0x00000000e0400000,0x00000000f7920de0,0x00000000f9f00000)
  from space 512K, 31% used [0x00000000f9f00000,0x00000000f9f28000,0x00000000f9f80000)
  to   space 30720K, 0% used [0x00000000fbe80000,0x00000000fbe80000,0x00000000fdc80000)
 ParOldGen       total 211968K, used 156608K [0x00000000a0c00000, 0x00000000adb00000, 0x00000000e0400000)
  object space 211968K, 73% used [0x00000000a0c00000,0x00000000aa4f0138,0x00000000adb00000)
 Metaspace       used 18011K, capacity 18185K, committed 18432K, reserved 1067008K
  class space    used 1723K, capacity 1761K, committed 1792K, reserved 1048576K
GC Heap History (10 events):
Event: 17.571 GC heap before
{Heap before GC invocations=39 (full 2):
 PSYoungGen      total 454656K, used 416960K [0x00000000e0400000, 0x00000000fea00000, 0x0000000100000000)
  eden space 416768K, 100% used [0x00000000e0400000,0x00000000f9b00000,0x00000000f9b00000)
  from space 37888K, 0% used [0x00000000fc500000,0x00000000fc530000,0x00000000fea00000)
  to   space 40448K, 0% used [0x00000000f9b00000,0x00000000f9b00000,0x00000000fc280000)
 ParOldGen       total 211968K, used 156520K [0x00000000a0c00000, 0x00000000adb00000, 0x00000000e0400000)
  object space 211968K, 73% used [0x00000000a0c00000,0x00000000aa4da138,0x00000000adb00000)
 Metaspace       used 17958K, capacity 18185K, committed 18432K, reserved 1067008K
  class space    used 1712K, capacity 1761K, committed 1792K, reserved 1048576K
Event: 17.572 GC heap after
Heap after GC invocations=39 (full 2):
 PSYoungGen      total 457216K, used 192K [0x00000000e0400000, 0x00000000fe900000, 0x0000000100000000)
  eden space 416768K, 0% used [0x00000000e0400000,0x00000000e0400000,0x00000000f9b00000)
  from space 40448K, 0% used [0x00000000f9b00000,0x00000000f9b30000,0x00000000fc280000)
  to   space 38912K, 0% used [0x00000000fc300000,0x00000000fc300000,0x00000000fe900000)
 ParOldGen       total 211968K, used 156544K [0x00000000a0c00000, 0x00000000adb00000, 0x00000000e0400000)
  object space 211968K, 73% used [0x00000000a0c00000,0x00000000aa4e0138,0x00000000adb00000)
 Metaspace       used 17958K, capacity 18185K, committed 18432K, reserved 1067008K
  class space    used 1712K, capacity 1761K, committed 1792K, reserved 1048576K
}
Event: 18.110 GC heap before
{Heap before GC invocations=40 (full 2):
 PSYoungGen      total 457216K, used 415425K [0x00000000e0400000, 0x00000000fe900000, 0x0000000100000000)
  eden space 416768K, 99% used [0x00000000e0400000,0x00000000f9980570,0x00000000f9b00000)
  from space 40448K, 0% used [0x00000000f9b00000,0x00000000f9b30000,0x00000000fc280000)
  to   space 38912K, 0% used [0x00000000fc300000,0x00000000fc300000,0x00000000fe900000)
 ParOldGen       total 211968K, used 156544K [0x00000000a0c00000, 0x00000000adb00000, 0x00000000e0400000)
  object space 211968K, 73% used [0x00000000a0c00000,0x00000000aa4e0138,0x00000000adb00000)
 Metaspace       used 17960K, capacity 18185K, committed 18432K, reserved 1067008K
  class space    used 1712K, capacity 1761K, committed 1792K, reserved 1048576K
Event: 18.112 GC heap after
Heap after GC invocations=40 (full 2):
 PSYoungGen      total 453632K, used 192K [0x00000000e0400000, 0x00000000fe500000, 0x0000000100000000)
  eden space 418816K, 0% used [0x00000000e0400000,0x00000000e0400000,0x00000000f9d00000)
  from space 34816K, 0% used [0x00000000fc300000,0x00000000fc330000,0x00000000fe500000)
  to   space 36864K, 0% used [0x00000000f9d00000,0x00000000f9d00000,0x00000000fc100000)
 ParOldGen       total 211968K, used 156568K [0x00000000a0c00000, 0x00000000adb00000, 0x00000000e0400000)
  object space 211968K, 73% used [0x00000000a0c00000,0x00000000aa4e6138,0x00000000adb00000)
 Metaspace       used 17960K, capacity 18185K, committed 18432K, reserved 1067008K
  class space    used 1712K, capacity 1761K, committed 1792K, reserved 1048576K
}
Event: 18.643 GC heap before
{Heap before GC invocations=41 (full 2):
 PSYoungGen      total 453632K, used 419008K [0x00000000e0400000, 0x00000000fe500000, 0x0000000100000000)
  eden space 418816K, 100% used [0x00000000e0400000,0x00000000f9d00000,0x00000000f9d00000)
  from space 34816K, 0% used [0x00000000fc300000,0x00000000fc330000,0x00000000fe500000)
  to   space 36864K, 0% used [0x00000000f9d00000,0x00000000f9d00000,0x00000000fc100000)
 ParOldGen       total 211968K, used 156568K [0x00000000a0c00000, 0x00000000adb00000, 0x00000000e0400000)
  object space 211968K, 73% used [0x00000000a0c00000,0x00000000aa4e6138,0x00000000adb00000)
 Metaspace       used 17960K, capacity 18185K, committed 18432K, reserved 1067008K
  class space    used 1712K, capacity 1761K, committed 1792K, reserved 1048576K
Event: 18.644 GC heap after
Heap after GC invocations=41 (full 2):
 PSYoungGen      total 455680K, used 192K [0x00000000e0400000, 0x00000000fe300000, 0x0000000100000000)
  eden space 418816K, 0% used [0x00000000e0400000,0x00000000e0400000,0x00000000f9d00000)
  from space 36864K, 0% used [0x00000000f9d00000,0x00000000f9d30000,0x00000000fc100000)
  to   space 34816K, 0% used [0x00000000fc100000,0x00000000fc100000,0x00000000fe300000)
 ParOldGen       total 211968K, used 156584K [0x00000000a0c00000, 0x00000000adb00000, 0x00000000e0400000)
  object space 211968K, 73% used [0x00000000a0c00000,0x00000000aa4ea138,0x00000000adb00000)
 Metaspace       used 17960K, capacity 18185K, committed 18432K, reserved 1067008K
  class space    used 1712K, capacity 1761K, committed 1792K, reserved 1048576K
}
Event: 19.178 GC heap before
{Heap before GC invocations=42 (full 2):
 PSYoungGen      total 455680K, used 411434K [0x00000000e0400000, 0x00000000fe300000, 0x0000000100000000)
  eden space 418816K, 98% used [0x00000000e0400000,0x00000000f959a858,0x00000000f9d00000)
  from space 36864K, 0% used [0x00000000f9d00000,0x00000000f9d30000,0x00000000fc100000)
  to   space 34816K, 0% used [0x00000000fc100000,0x00000000fc100000,0x00000000fe300000)
 ParOldGen       total 211968K, used 156584K [0x00000000a0c00000, 0x00000000adb00000, 0x00000000e0400000)
  object space 211968K, 73% used [0x00000000a0c00000,0x00000000aa4ea138,0x00000000adb00000)
 Metaspace       used 17964K, capacity 18185K, committed 18432K, reserved 1067008K
  class space    used 1712K, capacity 1761K, committed 1792K, reserved 1048576K
Event: 19.180 GC heap after
Heap after GC invocations=42 (full 2):
 PSYoungGen      total 451584K, used 192K [0x00000000e0400000, 0x00000000fdf00000, 0x0000000100000000)
  eden space 420864K, 0% used [0x00000000e0400000,0x00000000e0400000,0x00000000f9f00000)
  from space 30720K, 0% used [0x00000000fc100000,0x00000000fc130000,0x00000000fdf00000)
  to   space 32768K, 0% used [0x00000000f9f00000,0x00000000f9f00000,0x00000000fbf00000)
 ParOldGen       total 211968K, used 156608K [0x00000000a0c00000, 0x00000000adb00000, 0x00000000e0400000)
  object space 211968K, 73% used [0x00000000a0c00000,0x00000000aa4f0138,0x00000000adb00000)
 Metaspace       used 17964K, capacity 18185K, committed 18432K, reserved 1067008K
  class space    used 1712K, capacity 1761K, committed 1792K, reserved 1048576K
}
Event: 19.736 GC heap before
{Heap before GC invocations=43 (full 2):
 PSYoungGen      total 451584K, used 421056K [0x00000000e0400000, 0x00000000fdf00000, 0x0000000100000000)
  eden space 420864K, 100% used [0x00000000e0400000,0x00000000f9f00000,0x00000000f9f00000)
  from space 30720K, 0% used [0x00000000fc100000,0x00000000fc130000,0x00000000fdf00000)
  to   space 32768K, 0% used [0x00000000f9f00000,0x00000000f9f00000,0x00000000fbf00000)
 ParOldGen       total 211968K, used 156608K [0x00000000a0c00000, 0x00000000adb00000, 0x00000000e0400000)
  object space 211968K, 73% used [0x00000000a0c00000,0x00000000aa4f0138,0x00000000adb00000)
 Metaspace       used 17968K, capacity 18185K, committed 18432K, reserved 1067008K
  class space    used 1712K, capacity 1761K, committed 1792K, reserved 1048576K
Event: 19.737 GC heap after
Heap after GC invocations=43 (full 2):
 PSYoungGen      total 421376K, used 160K [0x00000000e0400000, 0x00000000fdc80000, 0x0000000100000000)
  eden space 420864K, 0% used [0x00000000e0400000,0x00000000e0400000,0x00000000f9f00000)
  from space 512K, 31% used [0x00000000f9f00000,0x00000000f9f28000,0x00000000f9f80000)
  to   space 30720K, 0% used [0x00000000fbe80000,0x00000000fbe80000,0x00000000fdc80000)
 ParOldGen       total 211968K, used 156608K [0x00000000a0c00000, 0x00000000adb00000, 0x00000000e0400000)
  object space 211968K, 73% used [0x00000000a0c00000,0x00000000aa4f0138,0x00000000adb00000)
 Metaspace       used 17968K, capacity 18185K, committed 18432K, reserved 1067008K
  class space    used 1712K, capacity 1761K, committed 1792K, reserved 1048576K
}

