# JRE version: Java(TM) SE Runtime Environment (8.0_25-b18) (build 1.8.0_25-b18)
# Java VM: Java HotSpot(TM) 64-Bit Server VM (25.25-b02 mixed mode windows-amd64 compressed oops)
Heap:
 PSYoungGen      total 380416K, used 284150K [0x00000000e0400000, 0x00000000f8800000, 0x0000000100000000)
  eden space 364544K, 77% used [0x00000000e0400000,0x00000000f1965898,0x00000000f6800000)
  from space 15872K, 0% used [0x00000000f7880000,0x00000000f7898000,0x00000000f8800000)
  to   space 16384K, 0% used [0x00000000f6800000,0x00000000f6800000,0x00000000f7800000)
 ParOldGen       total 233984K, used 163655K [0x00000000a0c00000, 0x00000000af080000, 0x00000000e0400000)
  object space 233984K, 69% used [0x00000000a0c00000,0x00000000aabd1dc0,0x00000000af080000)
 Metaspace       used 18156K, capacity 18313K, committed 18432K, reserved 1067008K
  class space    used 1716K, capacity 1761K, committed 1792K, reserved 1048576K
GC Heap History (10 events):
Event: 23.519 GC heap before
{Heap before GC invocations=51 (full 3):
 PSYoungGen      total 374272K, used 365092K [0x00000000e0400000, 0x00000000f8580000, 0x0000000100000000)
  eden space 356864K, 100% used [0x00000000e0400000,0x00000000f6080000,0x00000000f6080000)
  from space 17408K, 47% used [0x00000000f6080000,0x00000000f6889010,0x00000000f7180000)
  to   space 17408K, 0% used [0x00000000f7480000,0x00000000f7480000,0x00000000f8580000)
 ParOldGen       total 233984K, used 163559K [0x00000000a0c00000, 0x00000000af080000, 0x00000000e0400000)
  object space 233984K, 69% used [0x00000000a0c00000,0x00000000aabb9dc0,0x00000000af080000)
 Metaspace       used 18108K, capacity 18313K, committed 18432K, reserved 1067008K
  class space    used 1705K, capacity 1761K, committed 1792K, reserved 1048576K
Event: 23.523 GC heap after
Heap after GC invocations=51 (full 3):
 PSYoungGen      total 376832K, used 8260K [0x00000000e0400000, 0x00000000f8700000, 0x0000000100000000)
  eden space 359424K, 0% used [0x00000000e0400000,0x00000000e0400000,0x00000000f6300000)
  from space 17408K, 47% used [0x00000000f7480000,0x00000000f7c91010,0x00000000f8580000)
  to   space 17920K, 0% used [0x00000000f6300000,0x00000000f6300000,0x00000000f7480000)
 ParOldGen       total 233984K, used 163591K [0x00000000a0c00000, 0x00000000af080000, 0x00000000e0400000)
  object space 233984K, 69% used [0x00000000a0c00000,0x00000000aabc1dc0,0x00000000af080000)
 Metaspace       used 18108K, capacity 18313K, committed 18432K, reserved 1067008K
  class space    used 1705K, capacity 1761K, committed 1792K, reserved 1048576K
}
Event: 24.089 GC heap before
{Heap before GC invocations=52 (full 3):
 PSYoungGen      total 376832K, used 367684K [0x00000000e0400000, 0x00000000f8700000, 0x0000000100000000)
  eden space 359424K, 100% used [0x00000000e0400000,0x00000000f6300000,0x00000000f6300000)
  from space 17408K, 47% used [0x00000000f7480000,0x00000000f7c91010,0x00000000f8580000)
  to   space 17920K, 0% used [0x00000000f6300000,0x00000000f6300000,0x00000000f7480000)
 ParOldGen       total 233984K, used 163591K [0x00000000a0c00000, 0x00000000af080000, 0x00000000e0400000)
  object space 233984K, 69% used [0x00000000a0c00000,0x00000000aabc1dc0,0x00000000af080000)
 Metaspace       used 18110K, capacity 18313K, committed 18432K, reserved 1067008K
  class space    used 1705K, capacity 1761K, committed 1792K, reserved 1048576K
Event: 24.092 GC heap after
Heap after GC invocations=52 (full 3):
 PSYoungGen      total 377344K, used 8228K [0x00000000e0400000, 0x00000000f8900000, 0x0000000100000000)
  eden space 359424K, 0% used [0x00000000e0400000,0x00000000e0400000,0x00000000f6300000)
  from space 17920K, 45% used [0x00000000f6300000,0x00000000f6b09010,0x00000000f7480000)
  to   space 17920K, 0% used [0x00000000f7780000,0x00000000f7780000,0x00000000f8900000)
 ParOldGen       total 233984K, used 163599K [0x00000000a0c00000, 0x00000000af080000, 0x00000000e0400000)
  object space 233984K, 69% used [0x00000000a0c00000,0x00000000aabc3dc0,0x00000000af080000)
 Metaspace       used 18110K, capacity 18313K, committed 18432K, reserved 1067008K
  class space    used 1705K, capacity 1761K, committed 1792K, reserved 1048576K
}
Event: 24.650 GC heap before
{Heap before GC invocations=53 (full 3):
 PSYoungGen      total 377344K, used 364843K [0x00000000e0400000, 0x00000000f8900000, 0x0000000100000000)
  eden space 359424K, 99% used [0x00000000e0400000,0x00000000f6041ce8,0x00000000f6300000)
  from space 17920K, 45% used [0x00000000f6300000,0x00000000f6b09010,0x00000000f7480000)
  to   space 17920K, 0% used [0x00000000f7780000,0x00000000f7780000,0x00000000f8900000)
 ParOldGen       total 233984K, used 163599K [0x00000000a0c00000, 0x00000000af080000, 0x00000000e0400000)
  object space 233984K, 69% used [0x00000000a0c00000,0x00000000aabc3dc0,0x00000000af080000)
 Metaspace       used 18110K, capacity 18313K, committed 18432K, reserved 1067008K
  class space    used 1705K, capacity 1761K, committed 1792K, reserved 1048576K
Event: 24.651 GC heap after
Heap after GC invocations=53 (full 3):
 PSYoungGen      total 378368K, used 128K [0x00000000e0400000, 0x00000000f8780000, 0x0000000100000000)
  eden space 361984K, 0% used [0x00000000e0400000,0x00000000e0400000,0x00000000f6580000)
  from space 16384K, 0% used [0x00000000f7780000,0x00000000f77a0000,0x00000000f8780000)
  to   space 17408K, 0% used [0x00000000f6580000,0x00000000f6580000,0x00000000f7680000)
 ParOldGen       total 233984K, used 163623K [0x00000000a0c00000, 0x00000000af080000, 0x00000000e0400000)
  object space 233984K, 69% used [0x00000000a0c00000,0x00000000aabc9dc0,0x00000000af080000)
 Metaspace       used 18110K, capacity 18313K, committed 18432K, reserved 1067008K
  class space    used 1705K, capacity 1761K, committed 1792K, reserved 1048576K
}
Event: 25.216 GC heap before
{Heap before GC invocations=54 (full 3):
 PSYoungGen      total 378368K, used 360019K [0x00000000e0400000, 0x00000000f8780000, 0x0000000100000000)
  eden space 361984K, 99% used [0x00000000e0400000,0x00000000f6374e80,0x00000000f6580000)
  from space 16384K, 0% used [0x00000000f7780000,0x00000000f77a0000,0x00000000f8780000)
  to   space 17408K, 0% used [0x00000000f6580000,0x00000000f6580000,0x00000000f7680000)
 ParOldGen       total 233984K, used 163623K [0x00000000a0c00000, 0x00000000af080000, 0x00000000e0400000)
  object space 233984K, 69% used [0x00000000a0c00000,0x00000000aabc9dc0,0x00000000af080000)
 Metaspace       used 18117K, capacity 18313K, committed 18432K, reserved 1067008K
  class space    used 1705K, capacity 1761K, committed 1792K, reserved 1048576K
Event: 25.218 GC heap after
Heap after GC invocations=54 (full 3):
 PSYoungGen      total 379392K, used 160K [0x00000000e0400000, 0x00000000f8900000, 0x0000000100000000)
  eden space 361984K, 0% used [0x00000000e0400000,0x00000000e0400000,0x00000000f6580000)
  from space 17408K, 0% used [0x00000000f6580000,0x00000000f65a8000,0x00000000f7680000)
  to   space 16896K, 0% used [0x00000000f7880000,0x00000000f7880000,0x00000000f8900000)
 ParOldGen       total 233984K, used 163655K [0x00000000a0c00000, 0x00000000af080000, 0x00000000e0400000)
  object space 233984K, 69% used [0x00000000a0c00000,0x00000000aabd1dc0,0x00000000af080000)
 Metaspace       used 18117K, capacity 18313K, committed 18432K, reserved 1067008K
  class space    used 1705K, capacity 1761K, committed 1792K, reserved 1048576K
}
Event: 25.783 GC heap before
{Heap before GC invocations=55 (full 3):
 PSYoungGen      total 379392K, used 361703K [0x00000000e0400000, 0x00000000f8900000, 0x0000000100000000)
  eden space 361984K, 99% used [0x00000000e0400000,0x00000000f6511c60,0x00000000f6580000)
  from space 17408K, 0% used [0x00000000f6580000,0x00000000f65a8000,0x00000000f7680000)
  to   space 16896K, 0% used [0x00000000f7880000,0x00000000f7880000,0x00000000f8900000)
 ParOldGen       total 233984K, used 163655K [0x00000000a0c00000, 0x00000000af080000, 0x00000000e0400000)
  object space 233984K, 69% used [0x00000000a0c00000,0x00000000aabd1dc0,0x00000000af080000)
 Metaspace       used 18122K, capacity 18313K, committed 18432K, reserved 1067008K
  class space    used 1705K, capacity 1761K, committed 1792K, reserved 1048576K
Event: 25.784 GC heap after
Heap after GC invocations=55 (full 3):
 PSYoungGen      total 380416K, used 96K [0x00000000e0400000, 0x00000000f8800000, 0x0000000100000000)
  eden space 364544K, 0% used [0x00000000e0400000,0x00000000e0400000,0x00000000f6800000)
  from space 15872K, 0% used [0x00000000f7880000,0x00000000f7898000,0x00000000f8800000)
  to   space 16384K, 0% used [0x00000000f6800000,0x00000000f6800000,0x00000000f7800000)
 ParOldGen       total 233984K, used 163655K [0x00000000a0c00000, 0x00000000af080000, 0x00000000e0400000)
  object space 233984K, 69% used [0x00000000a0c00000,0x00000000aabd1dc0,0x00000000af080000)
 Metaspace       used 18122K, capacity 18313K, committed 18432K, reserved 1067008K
  class space    used 1705K, capacity 1761K, committed 1792K, reserved 1048576K
}

