# JRE version: Java(TM) SE Runtime Environment (8.0_31-b13) (build 1.8.0_31-b13)
# Java VM: Java HotSpot(TM) 64-Bit Server VM (25.31-b07 mixed mode windows-amd64 compressed oops)
Heap:
 PSYoungGen      total 1174528K, used 569070K [0x000000076b300000, 0x00000007b5a00000, 0x00000007c0000000)
  eden space 1144832K, 49% used [0x000000076b300000,0x000000078deabbc8,0x00000007b1100000)
  from space 29696K, 0% used [0x00000007b1100000,0x00000007b1110000,0x00000007b2e00000)
  to   space 28160K, 0% used [0x00000007b3e80000,0x00000007b3e80000,0x00000007b5a00000)
 ParOldGen       total 261632K, used 168110K [0x00000006c1800000, 0x00000006d1780000, 0x000000076b300000)
  object space 261632K, 64% used [0x00000006c1800000,0x00000006cbc2b900,0x00000006d1780000)
 Metaspace       used 18015K, capacity 18195K, committed 18432K, reserved 1067008K
  class space    used 1723K, capacity 1762K, committed 1792K, reserved 1048576K
GC Heap History (10 events):
Event: 30.209 GC heap before
{Heap before GC invocations=28 (full 1):
 PSYoungGen      total 1139200K, used 1100960K [0x000000076b300000, 0x00000007b2f00000, 0x00000007c0000000)
  eden space 1100288K, 99% used [0x000000076b300000,0x00000007ade27118,0x00000007ae580000)
  from space 38912K, 21% used [0x00000007b0900000,0x00000007b1101010,0x00000007b2f00000)
  to   space 36352K, 0% used [0x00000007ae580000,0x00000007ae580000,0x00000007b0900000)
 ParOldGen       total 261632K, used 168054K [0x00000006c1800000, 0x00000006d1780000, 0x000000076b300000)
  object space 261632K, 64% used [0x00000006c1800000,0x00000006cbc1d900,0x00000006d1780000)
 Metaspace       used 17980K, capacity 18195K, committed 18432K, reserved 1067008K
  class space    used 1712K, capacity 1762K, committed 1792K, reserved 1048576K
Event: 30.211 GC heap after
Heap after GC invocations=28 (full 1):
 PSYoungGen      total 1136640K, used 128K [0x000000076b300000, 0x00000007b3e80000, 0x00000007c0000000)
  eden space 1100288K, 0% used [0x000000076b300000,0x000000076b300000,0x00000007ae580000)
  from space 36352K, 0% used [0x00000007ae580000,0x00000007ae5a0000,0x00000007b0900000)
  to   space 34304K, 0% used [0x00000007b1d00000,0x00000007b1d00000,0x00000007b3e80000)
 ParOldGen       total 261632K, used 168062K [0x00000006c1800000, 0x00000006d1780000, 0x000000076b300000)
  object space 261632K, 64% used [0x00000006c1800000,0x00000006cbc1f900,0x00000006d1780000)
 Metaspace       used 17980K, capacity 18195K, committed 18432K, reserved 1067008K
  class space    used 1712K, capacity 1762K, committed 1792K, reserved 1048576K
}
Event: 31.950 GC heap before
{Heap before GC invocations=29 (full 1):
 PSYoungGen      total 1136640K, used 1099847K [0x000000076b300000, 0x00000007b3e80000, 0x00000007c0000000)
  eden space 1100288K, 99% used [0x000000076b300000,0x00000007ae4f1dc8,0x00000007ae580000)
  from space 36352K, 0% used [0x00000007ae580000,0x00000007ae5a0000,0x00000007b0900000)
  to   space 34304K, 0% used [0x00000007b1d00000,0x00000007b1d00000,0x00000007b3e80000)
 ParOldGen       total 261632K, used 168062K [0x00000006c1800000, 0x00000006d1780000, 0x000000076b300000)
  object space 261632K, 64% used [0x00000006c1800000,0x00000006cbc1f900,0x00000006d1780000)
 Metaspace       used 17980K, capacity 18195K, committed 18432K, reserved 1067008K
  class space    used 1712K, capacity 1762K, committed 1792K, reserved 1048576K
Event: 31.957 GC heap after
Heap after GC invocations=29 (full 1):
 PSYoungGen      total 1158656K, used 9012K [0x000000076b300000, 0x00000007b4000000, 0x00000007c0000000)
  eden space 1124352K, 0% used [0x000000076b300000,0x000000076b300000,0x00000007afd00000)
  from space 34304K, 26% used [0x00000007b1d00000,0x00000007b25cd020,0x00000007b3e80000)
  to   space 32768K, 0% used [0x00000007afd00000,0x00000007afd00000,0x00000007b1d00000)
 ParOldGen       total 261632K, used 168078K [0x00000006c1800000, 0x00000006d1780000, 0x000000076b300000)
  object space 261632K, 64% used [0x00000006c1800000,0x00000006cbc23900,0x00000006d1780000)
 Metaspace       used 17980K, capacity 18195K, committed 18432K, reserved 1067008K
  class space    used 1712K, capacity 1762K, committed 1792K, reserved 1048576K
}
Event: 33.755 GC heap before
{Heap before GC invocations=30 (full 1):
 PSYoungGen      total 1158656K, used 1133364K [0x000000076b300000, 0x00000007b4000000, 0x00000007c0000000)
  eden space 1124352K, 100% used [0x000000076b300000,0x00000007afd00000,0x00000007afd00000)
  from space 34304K, 26% used [0x00000007b1d00000,0x00000007b25cd020,0x00000007b3e80000)
  to   space 32768K, 0% used [0x00000007afd00000,0x00000007afd00000,0x00000007b1d00000)
 ParOldGen       total 261632K, used 168078K [0x00000006c1800000, 0x00000006d1780000, 0x000000076b300000)
  object space 261632K, 64% used [0x00000006c1800000,0x00000006cbc23900,0x00000006d1780000)
 Metaspace       used 17980K, capacity 18195K, committed 18432K, reserved 1067008K
  class space    used 1712K, capacity 1762K, committed 1792K, reserved 1048576K
Event: 33.757 GC heap after
Heap after GC invocations=30 (full 1):
 PSYoungGen      total 1157120K, used 128K [0x000000076b300000, 0x00000007b5100000, 0x00000007c0000000)
  eden space 1124352K, 0% used [0x000000076b300000,0x000000076b300000,0x00000007afd00000)
  from space 32768K, 0% used [0x00000007afd00000,0x00000007afd20000,0x00000007b1d00000)
  to   space 31232K, 0% used [0x00000007b3280000,0x00000007b3280000,0x00000007b5100000)
 ParOldGen       total 261632K, used 168086K [0x00000006c1800000, 0x00000006d1780000, 0x000000076b300000)
  object space 261632K, 64% used [0x00000006c1800000,0x00000006cbc25900,0x00000006d1780000)
 Metaspace       used 17980K, capacity 18195K, committed 18432K, reserved 1067008K
  class space    used 1712K, capacity 1762K, committed 1792K, reserved 1048576K
}
Event: 35.577 GC heap before
{Heap before GC invocations=31 (full 1):
 PSYoungGen      total 1157120K, used 1124011K [0x000000076b300000, 0x00000007b5100000, 0x00000007c0000000)
  eden space 1124352K, 99% used [0x000000076b300000,0x00000007afc8acb8,0x00000007afd00000)
  from space 32768K, 0% used [0x00000007afd00000,0x00000007afd20000,0x00000007b1d00000)
  to   space 31232K, 0% used [0x00000007b3280000,0x00000007b3280000,0x00000007b5100000)
 ParOldGen       total 261632K, used 168086K [0x00000006c1800000, 0x00000006d1780000, 0x000000076b300000)
  object space 261632K, 64% used [0x00000006c1800000,0x00000006cbc25900,0x00000006d1780000)
 Metaspace       used 17980K, capacity 18195K, committed 18432K, reserved 1067008K
  class space    used 1712K, capacity 1762K, committed 1792K, reserved 1048576K
Event: 35.578 GC heap after
Heap after GC invocations=31 (full 1):
 PSYoungGen      total 1169920K, used 96K [0x000000076b300000, 0x00000007b4b00000, 0x00000007c0000000)
  eden space 1144832K, 0% used [0x000000076b300000,0x000000076b300000,0x00000007b1100000)
  from space 25088K, 0% used [0x00000007b3280000,0x00000007b3298000,0x00000007b4b00000)
  to   space 29696K, 0% used [0x00000007b1100000,0x00000007b1100000,0x00000007b2e00000)
 ParOldGen       total 261632K, used 168094K [0x00000006c1800000, 0x00000006d1780000, 0x000000076b300000)
  object space 261632K, 64% used [0x00000006c1800000,0x00000006cbc27900,0x00000006d1780000)
 Metaspace       used 17980K, capacity 18195K, committed 18432K, reserved 1067008K
  class space    used 1712K, capacity 1762K, committed 1792K, reserved 1048576K
}
Event: 37.410 GC heap before
{Heap before GC invocations=32 (full 1):
 PSYoungGen      total 1169920K, used 1144928K [0x000000076b300000, 0x00000007b4b00000, 0x00000007c0000000)
  eden space 1144832K, 100% used [0x000000076b300000,0x00000007b1100000,0x00000007b1100000)
  from space 25088K, 0% used [0x00000007b3280000,0x00000007b3298000,0x00000007b4b00000)
  to   space 29696K, 0% used [0x00000007b1100000,0x00000007b1100000,0x00000007b2e00000)
 ParOldGen       total 261632K, used 168094K [0x00000006c1800000, 0x00000006d1780000, 0x000000076b300000)
  object space 261632K, 64% used [0x00000006c1800000,0x00000006cbc27900,0x00000006d1780000)
 Metaspace       used 17980K, capacity 18195K, committed 18432K, reserved 1067008K
  class space    used 1712K, capacity 1762K, committed 1792K, reserved 1048576K
Event: 37.412 GC heap after
Heap after GC invocations=32 (full 1):
 PSYoungGen      total 1174528K, used 64K [0x000000076b300000, 0x00000007b5a00000, 0x00000007c0000000)
  eden space 1144832K, 0% used [0x000000076b300000,0x000000076b300000,0x00000007b1100000)
  from space 29696K, 0% used [0x00000007b1100000,0x00000007b1110000,0x00000007b2e00000)
  to   space 28160K, 0% used [0x00000007b3e80000,0x00000007b3e80000,0x00000007b5a00000)
 ParOldGen       total 261632K, used 168110K [0x00000006c1800000, 0x00000006d1780000, 0x000000076b300000)
  object space 261632K, 64% used [0x00000006c1800000,0x00000006cbc2b900,0x00000006d1780000)
 Metaspace       used 17980K, capacity 18195K, committed 18432K, reserved 1067008K
  class space    used 1712K, capacity 1762K, committed 1792K, reserved 1048576K
}

