# JRE version: Java(TM) SE Runtime Environment (8.0_25-b18) (build 1.8.0_25-b18)
# Java VM: Java HotSpot(TM) 64-Bit Server VM (25.25-b02 mixed mode windows-amd64 compressed oops)
Heap:
 PSYoungGen      total 340480K, used 209963K [0x00000000e0400000, 0x00000000f7480000, 0x0000000100000000)
  eden space 307712K, 68% used [0x00000000e0400000,0x00000000ed0e2df0,0x00000000f3080000)
  from space 32768K, 0% used [0x00000000f3080000,0x00000000f30a8000,0x00000000f5080000)
  to   space 32256K, 0% used [0x00000000f5500000,0x00000000f5500000,0x00000000f7480000)
 ParOldGen       total 228864K, used 155248K [0x00000000a0c00000, 0x00000000aeb80000, 0x00000000e0400000)
  object space 228864K, 67% used [0x00000000a0c00000,0x00000000aa39c320,0x00000000aeb80000)
 Metaspace       used 17878K, capacity 18057K, committed 18176K, reserved 1064960K
  class space    used 1723K, capacity 1761K, committed 1792K, reserved 1048576K
GC Heap History (10 events):
Event: 9.079 GC heap before
{Heap before GC invocations=28 (full 3):
 PSYoungGen      total 329728K, used 304532K [0x00000000e0400000, 0x00000000f6a80000, 0x0000000100000000)
  eden space 295424K, 100% used [0x00000000e0400000,0x00000000f2480000,0x00000000f2480000)
  from space 34304K, 26% used [0x00000000f4900000,0x00000000f51e5020,0x00000000f6a80000)
  to   space 35840K, 0% used [0x00000000f2480000,0x00000000f2480000,0x00000000f4780000)
 ParOldGen       total 228864K, used 146180K [0x00000000a0c00000, 0x00000000aeb80000, 0x00000000e0400000)
  object space 228864K, 63% used [0x00000000a0c00000,0x00000000a9ac1300,0x00000000aeb80000)
 Metaspace       used 17726K, capacity 17929K, committed 18176K, reserved 1064960K
  class space    used 1711K, capacity 1761K, committed 1792K, reserved 1048576K
Event: 9.082 GC heap after
Heap after GC invocations=28 (full 3):
 PSYoungGen      total 331264K, used 9076K [0x00000000e0400000, 0x00000000f6e80000, 0x0000000100000000)
  eden space 295424K, 0% used [0x00000000e0400000,0x00000000e0400000,0x00000000f2480000)
  from space 35840K, 25% used [0x00000000f2480000,0x00000000f2d5d020,0x00000000f4780000)
  to   space 34304K, 0% used [0x00000000f4d00000,0x00000000f4d00000,0x00000000f6e80000)
 ParOldGen       total 228864K, used 146188K [0x00000000a0c00000, 0x00000000aeb80000, 0x00000000e0400000)
  object space 228864K, 63% used [0x00000000a0c00000,0x00000000a9ac3300,0x00000000aeb80000)
 Metaspace       used 17726K, capacity 17929K, committed 18176K, reserved 1064960K
  class space    used 1711K, capacity 1761K, committed 1792K, reserved 1048576K
}
Event: 9.527 GC heap before
{Heap before GC invocations=29 (full 3):
 PSYoungGen      total 331264K, used 304500K [0x00000000e0400000, 0x00000000f6e80000, 0x0000000100000000)
  eden space 295424K, 100% used [0x00000000e0400000,0x00000000f2480000,0x00000000f2480000)
  from space 35840K, 25% used [0x00000000f2480000,0x00000000f2d5d020,0x00000000f4780000)
  to   space 34304K, 0% used [0x00000000f4d00000,0x00000000f4d00000,0x00000000f6e80000)
 ParOldGen       total 228864K, used 146188K [0x00000000a0c00000, 0x00000000aeb80000, 0x00000000e0400000)
  object space 228864K, 63% used [0x00000000a0c00000,0x00000000a9ac3300,0x00000000aeb80000)
 Metaspace       used 17821K, capacity 18057K, committed 18176K, reserved 1064960K
  class space    used 1711K, capacity 1761K, committed 1792K, reserved 1048576K
Event: 9.530 GC heap after
Heap after GC invocations=29 (full 3):
 PSYoungGen      total 332800K, used 9172K [0x00000000e0400000, 0x00000000f6b00000, 0x0000000100000000)
  eden space 302080K, 0% used [0x00000000e0400000,0x00000000e0400000,0x00000000f2b00000)
  from space 30720K, 29% used [0x00000000f4d00000,0x00000000f55f5020,0x00000000f6b00000)
  to   space 32768K, 0% used [0x00000000f2b00000,0x00000000f2b00000,0x00000000f4b00000)
 ParOldGen       total 228864K, used 146212K [0x00000000a0c00000, 0x00000000aeb80000, 0x00000000e0400000)
  object space 228864K, 63% used [0x00000000a0c00000,0x00000000a9ac9300,0x00000000aeb80000)
 Metaspace       used 17821K, capacity 18057K, committed 18176K, reserved 1064960K
  class space    used 1711K, capacity 1761K, committed 1792K, reserved 1048576K
}
Event: 9.975 GC heap before
{Heap before GC invocations=30 (full 3):
 PSYoungGen      total 332800K, used 311252K [0x00000000e0400000, 0x00000000f6b00000, 0x0000000100000000)
  eden space 302080K, 100% used [0x00000000e0400000,0x00000000f2b00000,0x00000000f2b00000)
  from space 30720K, 29% used [0x00000000f4d00000,0x00000000f55f5020,0x00000000f6b00000)
  to   space 32768K, 0% used [0x00000000f2b00000,0x00000000f2b00000,0x00000000f4b00000)
 ParOldGen       total 228864K, used 146212K [0x00000000a0c00000, 0x00000000aeb80000, 0x00000000e0400000)
  object space 228864K, 63% used [0x00000000a0c00000,0x00000000a9ac9300,0x00000000aeb80000)
 Metaspace       used 17827K, capacity 18057K, committed 18176K, reserved 1064960K
  class space    used 1711K, capacity 1761K, committed 1792K, reserved 1048576K
Event: 9.979 GC heap after
Heap after GC invocations=30 (full 3):
 PSYoungGen      total 334848K, used 128K [0x00000000e0400000, 0x00000000f7180000, 0x0000000100000000)
  eden space 302080K, 0% used [0x00000000e0400000,0x00000000e0400000,0x00000000f2b00000)
  from space 32768K, 0% used [0x00000000f2b00000,0x00000000f2b20000,0x00000000f4b00000)
  to   space 32768K, 0% used [0x00000000f5180000,0x00000000f5180000,0x00000000f7180000)
 ParOldGen       total 228864K, used 155192K [0x00000000a0c00000, 0x00000000aeb80000, 0x00000000e0400000)
  object space 228864K, 67% used [0x00000000a0c00000,0x00000000aa38e320,0x00000000aeb80000)
 Metaspace       used 17827K, capacity 18057K, committed 18176K, reserved 1064960K
  class space    used 1711K, capacity 1761K, committed 1792K, reserved 1048576K
}
Event: 10.438 GC heap before
{Heap before GC invocations=31 (full 3):
 PSYoungGen      total 334848K, used 302208K [0x00000000e0400000, 0x00000000f7180000, 0x0000000100000000)
  eden space 302080K, 100% used [0x00000000e0400000,0x00000000f2b00000,0x00000000f2b00000)
  from space 32768K, 0% used [0x00000000f2b00000,0x00000000f2b20000,0x00000000f4b00000)
  to   space 32768K, 0% used [0x00000000f5180000,0x00000000f5180000,0x00000000f7180000)
 ParOldGen       total 228864K, used 155192K [0x00000000a0c00000, 0x00000000aeb80000, 0x00000000e0400000)
  object space 228864K, 67% used [0x00000000a0c00000,0x00000000aa38e320,0x00000000aeb80000)
 Metaspace       used 17827K, capacity 18057K, committed 18176K, reserved 1064960K
  class space    used 1711K, capacity 1761K, committed 1792K, reserved 1048576K
Event: 10.439 GC heap after
Heap after GC invocations=31 (full 3):
 PSYoungGen      total 339456K, used 160K [0x00000000e0400000, 0x00000000f7080000, 0x0000000100000000)
  eden space 307712K, 0% used [0x00000000e0400000,0x00000000e0400000,0x00000000f3080000)
  from space 31744K, 0% used [0x00000000f5180000,0x00000000f51a8000,0x00000000f7080000)
  to   space 32768K, 0% used [0x00000000f3080000,0x00000000f3080000,0x00000000f5080000)
 ParOldGen       total 228864K, used 155224K [0x00000000a0c00000, 0x00000000aeb80000, 0x00000000e0400000)
  object space 228864K, 67% used [0x00000000a0c00000,0x00000000aa396320,0x00000000aeb80000)
 Metaspace       used 17827K, capacity 18057K, committed 18176K, reserved 1064960K
  class space    used 1711K, capacity 1761K, committed 1792K, reserved 1048576K
}
Event: 10.882 GC heap before
{Heap before GC invocations=32 (full 3):
 PSYoungGen      total 339456K, used 299968K [0x00000000e0400000, 0x00000000f7080000, 0x0000000100000000)
  eden space 307712K, 97% used [0x00000000e0400000,0x00000000f28c8090,0x00000000f3080000)
  from space 31744K, 0% used [0x00000000f5180000,0x00000000f51a8000,0x00000000f7080000)
  to   space 32768K, 0% used [0x00000000f3080000,0x00000000f3080000,0x00000000f5080000)
 ParOldGen       total 228864K, used 155224K [0x00000000a0c00000, 0x00000000aeb80000, 0x00000000e0400000)
  object space 228864K, 67% used [0x00000000a0c00000,0x00000000aa396320,0x00000000aeb80000)
 Metaspace       used 17837K, capacity 18057K, committed 18176K, reserved 1064960K
  class space    used 1711K, capacity 1761K, committed 1792K, reserved 1048576K
Event: 10.883 GC heap after
Heap after GC invocations=32 (full 3):
 PSYoungGen      total 340480K, used 160K [0x00000000e0400000, 0x00000000f7480000, 0x0000000100000000)
  eden space 307712K, 0% used [0x00000000e0400000,0x00000000e0400000,0x00000000f3080000)
  from space 32768K, 0% used [0x00000000f3080000,0x00000000f30a8000,0x00000000f5080000)
  to   space 32256K, 0% used [0x00000000f5500000,0x00000000f5500000,0x00000000f7480000)
 ParOldGen       total 228864K, used 155248K [0x00000000a0c00000, 0x00000000aeb80000, 0x00000000e0400000)
  object space 228864K, 67% used [0x00000000a0c00000,0x00000000aa39c320,0x00000000aeb80000)
 Metaspace       used 17837K, capacity 18057K, committed 18176K, reserved 1064960K
  class space    used 1711K, capacity 1761K, committed 1792K, reserved 1048576K
}

