# JRE version: Java(TM) SE Runtime Environment (8.0_31-b13) (build 1.8.0_31-b13)
# Java VM: Java HotSpot(TM) 64-Bit Server VM (25.31-b07 mixed mode windows-amd64 compressed oops)
Heap:
 PSYoungGen      total 660992K, used 208055K [0x000000076b300000, 0x0000000797380000, 0x00000007c0000000)
  eden space 613888K, 33% used [0x000000076b300000,0x0000000777e15fd8,0x0000000790a80000)
  from space 47104K, 0% used [0x0000000794580000,0x0000000794598000,0x0000000797380000)
  to   space 53760K, 0% used [0x0000000790a80000,0x0000000790a80000,0x0000000793f00000)
 ParOldGen       total 292352K, used 164449K [0x00000006c1800000, 0x00000006d3580000, 0x000000076b300000)
  object space 292352K, 56% used [0x00000006c1800000,0x00000006cb898640,0x00000006d3580000)
 Metaspace       used 17834K, capacity 18099K, committed 18304K, reserved 1064960K
  class space    used 1735K, capacity 1794K, committed 1920K, reserved 1048576K
GC Heap History (10 events):
Event: 8.917 GC heap before
{Heap before GC invocations=15 (full 1):
 PSYoungGen      total 543232K, used 477501K [0x000000076b300000, 0x0000000794c80000, 0x00000007c0000000)
  eden space 478720K, 99% used [0x000000076b300000,0x00000007885377e0,0x0000000788680000)
  from space 64512K, 0% used [0x0000000788680000,0x0000000788698000,0x000000078c580000)
  to   space 63488K, 0% used [0x0000000790e80000,0x0000000790e80000,0x0000000794c80000)
 ParOldGen       total 292352K, used 164425K [0x00000006c1800000, 0x00000006d3580000, 0x000000076b300000)
  object space 292352K, 56% used [0x00000006c1800000,0x00000006cb892640,0x00000006d3580000)
 Metaspace       used 17669K, capacity 17899K, committed 18048K, reserved 1064960K
  class space    used 1724K, capacity 1794K, committed 1920K, reserved 1048576K
Event: 8.918 GC heap after
Heap after GC invocations=15 (full 1):
 PSYoungGen      total 589312K, used 160K [0x000000076b300000, 0x0000000793d00000, 0x00000007c0000000)
  eden space 541696K, 0% used [0x000000076b300000,0x000000076b300000,0x000000078c400000)
  from space 47616K, 0% used [0x0000000790e80000,0x0000000790ea8000,0x0000000793d00000)
  to   space 61952K, 0% used [0x000000078c400000,0x000000078c400000,0x0000000790080000)
 ParOldGen       total 292352K, used 164433K [0x00000006c1800000, 0x00000006d3580000, 0x000000076b300000)
  object space 292352K, 56% used [0x00000006c1800000,0x00000006cb894640,0x00000006d3580000)
 Metaspace       used 17669K, capacity 17899K, committed 18048K, reserved 1064960K
  class space    used 1724K, capacity 1794K, committed 1920K, reserved 1048576K
}
Event: 9.783 GC heap before
{Heap before GC invocations=16 (full 1):
 PSYoungGen      total 589312K, used 541856K [0x000000076b300000, 0x0000000793d00000, 0x00000007c0000000)
  eden space 541696K, 100% used [0x000000076b300000,0x000000078c400000,0x000000078c400000)
  from space 47616K, 0% used [0x0000000790e80000,0x0000000790ea8000,0x0000000793d00000)
  to   space 61952K, 0% used [0x000000078c400000,0x000000078c400000,0x0000000790080000)
 ParOldGen       total 292352K, used 164433K [0x00000006c1800000, 0x00000006d3580000, 0x000000076b300000)
  object space 292352K, 56% used [0x00000006c1800000,0x00000006cb894640,0x00000006d3580000)
 Metaspace       used 17694K, capacity 17899K, committed 18048K, reserved 1064960K
  class space    used 1724K, capacity 1794K, committed 1920K, reserved 1048576K
Event: 9.784 GC heap after
Heap after GC invocations=16 (full 1):
 PSYoungGen      total 603648K, used 128K [0x000000076b300000, 0x0000000797300000, 0x00000007c0000000)
  eden space 541696K, 0% used [0x000000076b300000,0x000000076b300000,0x000000078c400000)
  from space 61952K, 0% used [0x000000078c400000,0x000000078c420000,0x0000000790080000)
  to   space 60416K, 0% used [0x0000000793800000,0x0000000793800000,0x0000000797300000)
 ParOldGen       total 292352K, used 164441K [0x00000006c1800000, 0x00000006d3580000, 0x000000076b300000)
  object space 292352K, 56% used [0x00000006c1800000,0x00000006cb896640,0x00000006d3580000)
 Metaspace       used 17694K, capacity 17899K, committed 18048K, reserved 1064960K
  class space    used 1724K, capacity 1794K, committed 1920K, reserved 1048576K
}
Event: 10.649 GC heap before
{Heap before GC invocations=17 (full 1):
 PSYoungGen      total 603648K, used 541824K [0x000000076b300000, 0x0000000797300000, 0x00000007c0000000)
  eden space 541696K, 100% used [0x000000076b300000,0x000000078c400000,0x000000078c400000)
  from space 61952K, 0% used [0x000000078c400000,0x000000078c420000,0x0000000790080000)
  to   space 60416K, 0% used [0x0000000793800000,0x0000000793800000,0x0000000797300000)
 ParOldGen       total 292352K, used 164441K [0x00000006c1800000, 0x00000006d3580000, 0x000000076b300000)
  object space 292352K, 56% used [0x00000006c1800000,0x00000006cb896640,0x00000006d3580000)
 Metaspace       used 17718K, capacity 17971K, committed 18304K, reserved 1064960K
  class space    used 1724K, capacity 1794K, committed 1920K, reserved 1048576K
Event: 10.650 GC heap after
Heap after GC invocations=17 (full 1):
 PSYoungGen      total 635904K, used 224K [0x000000076b300000, 0x0000000796500000, 0x00000007c0000000)
  eden space 589824K, 0% used [0x000000076b300000,0x000000076b300000,0x000000078f300000)
  from space 46080K, 0% used [0x0000000793800000,0x0000000793838000,0x0000000796500000)
  to   space 58368K, 0% used [0x000000078f300000,0x000000078f300000,0x0000000792c00000)
 ParOldGen       total 292352K, used 164441K [0x00000006c1800000, 0x00000006d3580000, 0x000000076b300000)
  object space 292352K, 56% used [0x00000006c1800000,0x00000006cb896640,0x00000006d3580000)
 Metaspace       used 17718K, capacity 17971K, committed 18304K, reserved 1064960K
  class space    used 1724K, capacity 1794K, committed 1920K, reserved 1048576K
}
Event: 11.584 GC heap before
{Heap before GC invocations=18 (full 1):
 PSYoungGen      total 635904K, used 586430K [0x000000076b300000, 0x0000000796500000, 0x00000007c0000000)
  eden space 589824K, 99% used [0x000000076b300000,0x000000078ef77ab0,0x000000078f300000)
  from space 46080K, 0% used [0x0000000793800000,0x0000000793838000,0x0000000796500000)
  to   space 58368K, 0% used [0x000000078f300000,0x000000078f300000,0x0000000792c00000)
 ParOldGen       total 292352K, used 164441K [0x00000006c1800000, 0x00000006d3580000, 0x000000076b300000)
  object space 292352K, 56% used [0x00000006c1800000,0x00000006cb896640,0x00000006d3580000)
 Metaspace       used 17793K, capacity 18035K, committed 18304K, reserved 1064960K
  class space    used 1724K, capacity 1794K, committed 1920K, reserved 1048576K
Event: 11.585 GC heap after
Heap after GC invocations=18 (full 1):
 PSYoungGen      total 648192K, used 128K [0x000000076b300000, 0x0000000797c00000, 0x00000007c0000000)
  eden space 589824K, 0% used [0x000000076b300000,0x000000076b300000,0x000000078f300000)
  from space 58368K, 0% used [0x000000078f300000,0x000000078f320000,0x0000000792c00000)
  to   space 55808K, 0% used [0x0000000794580000,0x0000000794580000,0x0000000797c00000)
 ParOldGen       total 292352K, used 164449K [0x00000006c1800000, 0x00000006d3580000, 0x000000076b300000)
  object space 292352K, 56% used [0x00000006c1800000,0x00000006cb898640,0x00000006d3580000)
 Metaspace       used 17793K, capacity 18035K, committed 18304K, reserved 1064960K
  class space    used 1724K, capacity 1794K, committed 1920K, reserved 1048576K
}
Event: 12.517 GC heap before
{Heap before GC invocations=19 (full 1):
 PSYoungGen      total 648192K, used 585525K [0x000000076b300000, 0x0000000797c00000, 0x00000007c0000000)
  eden space 589824K, 99% used [0x000000076b300000,0x000000078eead4f8,0x000000078f300000)
  from space 58368K, 0% used [0x000000078f300000,0x000000078f320000,0x0000000792c00000)
  to   space 55808K, 0% used [0x0000000794580000,0x0000000794580000,0x0000000797c00000)
 ParOldGen       total 292352K, used 164449K [0x00000006c1800000, 0x00000006d3580000, 0x000000076b300000)
  object space 292352K, 56% used [0x00000006c1800000,0x00000006cb898640,0x00000006d3580000)
 Metaspace       used 17794K, capacity 18035K, committed 18304K, reserved 1064960K
  class space    used 1724K, capacity 1794K, committed 1920K, reserved 1048576K
Event: 12.518 GC heap after
Heap after GC invocations=19 (full 1):
 PSYoungGen      total 660992K, used 96K [0x000000076b300000, 0x0000000797380000, 0x00000007c0000000)
  eden space 613888K, 0% used [0x000000076b300000,0x000000076b300000,0x0000000790a80000)
  from space 47104K, 0% used [0x0000000794580000,0x0000000794598000,0x0000000797380000)
  to   space 53760K, 0% used [0x0000000790a80000,0x0000000790a80000,0x0000000793f00000)
 ParOldGen       total 292352K, used 164449K [0x00000006c1800000, 0x00000006d3580000, 0x000000076b300000)
  object space 292352K, 56% used [0x00000006c1800000,0x00000006cb898640,0x00000006d3580000)
 Metaspace       used 17794K, capacity 18035K, committed 18304K, reserved 1064960K
  class space    used 1724K, capacity 1794K, committed 1920K, reserved 1048576K
}

