# JRE version: Java(TM) SE Runtime Environment (8.0_25-b18) (build 1.8.0_25-b18)
# Java VM: Java HotSpot(TM) 64-Bit Server VM (25.25-b02 mixed mode windows-amd64 compressed oops)
Heap:
 PSYoungGen      total 440320K, used 120427K [0x00000000e0400000, 0x00000000fc200000, 0x0000000100000000)
  eden space 425984K, 28% used [0x00000000e0400000,0x00000000e797ada8,0x00000000fa400000)
  from space 14336K, 0% used [0x00000000fb400000,0x00000000fb420000,0x00000000fc200000)
  to   space 15360K, 0% used [0x00000000fa400000,0x00000000fa400000,0x00000000fb300000)
 ParOldGen       total 231424K, used 162585K [0x00000000a0c00000, 0x00000000aee00000, 0x00000000e0400000)
  object space 231424K, 70% used [0x00000000a0c00000,0x00000000aaac6790,0x00000000aee00000)
 Metaspace       used 18005K, capacity 18217K, committed 18560K, reserved 1067008K
  class space    used 1730K, capacity 1793K, committed 1920K, reserved 1048576K
GC Heap History (10 events):
Event: 85.378 GC heap before
{Heap before GC invocations=159 (full 3):
 PSYoungGen      total 436224K, used 428948K [0x00000000e0400000, 0x00000000fc180000, 0x0000000100000000)
  eden space 419840K, 100% used [0x00000000e0400000,0x00000000f9e00000,0x00000000f9e00000)
  from space 16384K, 55% used [0x00000000f9e00000,0x00000000fa6e5020,0x00000000fae00000)
  to   space 16896K, 0% used [0x00000000fb100000,0x00000000fb100000,0x00000000fc180000)
 ParOldGen       total 231424K, used 162569K [0x00000000a0c00000, 0x00000000aee00000, 0x00000000e0400000)
  object space 231424K, 70% used [0x00000000a0c00000,0x00000000aaac2790,0x00000000aee00000)
 Metaspace       used 17970K, capacity 18217K, committed 18560K, reserved 1067008K
  class space    used 1718K, capacity 1793K, committed 1920K, reserved 1048576K
Event: 85.380 GC heap after
Heap after GC invocations=159 (full 3):
 PSYoungGen      total 439296K, used 128K [0x00000000e0400000, 0x00000000fc180000, 0x0000000100000000)
  eden space 422400K, 0% used [0x00000000e0400000,0x00000000e0400000,0x00000000fa080000)
  from space 16896K, 0% used [0x00000000fb100000,0x00000000fb120000,0x00000000fc180000)
  to   space 16896K, 0% used [0x00000000fa080000,0x00000000fa080000,0x00000000fb100000)
 ParOldGen       total 231424K, used 162569K [0x00000000a0c00000, 0x00000000aee00000, 0x00000000e0400000)
  object space 231424K, 70% used [0x00000000a0c00000,0x00000000aaac2790,0x00000000aee00000)
 Metaspace       used 17970K, capacity 18217K, committed 18560K, reserved 1067008K
  class space    used 1718K, capacity 1793K, committed 1920K, reserved 1048576K
}
Event: 86.042 GC heap before
{Heap before GC invocations=160 (full 3):
 PSYoungGen      total 439296K, used 419701K [0x00000000e0400000, 0x00000000fc180000, 0x0000000100000000)
  eden space 422400K, 99% used [0x00000000e0400000,0x00000000f9dbd718,0x00000000fa080000)
  from space 16896K, 0% used [0x00000000fb100000,0x00000000fb120000,0x00000000fc180000)
  to   space 16896K, 0% used [0x00000000fa080000,0x00000000fa080000,0x00000000fb100000)
 ParOldGen       total 231424K, used 162569K [0x00000000a0c00000, 0x00000000aee00000, 0x00000000e0400000)
  object space 231424K, 70% used [0x00000000a0c00000,0x00000000aaac2790,0x00000000aee00000)
 Metaspace       used 17970K, capacity 18217K, committed 18560K, reserved 1067008K
  class space    used 1718K, capacity 1793K, committed 1920K, reserved 1048576K
Event: 86.043 GC heap after
Heap after GC invocations=160 (full 3):
 PSYoungGen      total 439296K, used 128K [0x00000000e0400000, 0x00000000fc280000, 0x0000000100000000)
  eden space 422400K, 0% used [0x00000000e0400000,0x00000000e0400000,0x00000000fa080000)
  from space 16896K, 0% used [0x00000000fa080000,0x00000000fa0a0000,0x00000000fb100000)
  to   space 16384K, 0% used [0x00000000fb280000,0x00000000fb280000,0x00000000fc280000)
 ParOldGen       total 231424K, used 162569K [0x00000000a0c00000, 0x00000000aee00000, 0x00000000e0400000)
  object space 231424K, 70% used [0x00000000a0c00000,0x00000000aaac2790,0x00000000aee00000)
 Metaspace       used 17970K, capacity 18217K, committed 18560K, reserved 1067008K
  class space    used 1718K, capacity 1793K, committed 1920K, reserved 1048576K
}
Event: 86.709 GC heap before
{Heap before GC invocations=161 (full 3):
 PSYoungGen      total 439296K, used 418957K [0x00000000e0400000, 0x00000000fc280000, 0x0000000100000000)
  eden space 422400K, 99% used [0x00000000e0400000,0x00000000f9d03400,0x00000000fa080000)
  from space 16896K, 0% used [0x00000000fa080000,0x00000000fa0a0000,0x00000000fb100000)
  to   space 16384K, 0% used [0x00000000fb280000,0x00000000fb280000,0x00000000fc280000)
 ParOldGen       total 231424K, used 162569K [0x00000000a0c00000, 0x00000000aee00000, 0x00000000e0400000)
  object space 231424K, 70% used [0x00000000a0c00000,0x00000000aaac2790,0x00000000aee00000)
 Metaspace       used 17970K, capacity 18217K, committed 18560K, reserved 1067008K
  class space    used 1718K, capacity 1793K, committed 1920K, reserved 1048576K
Event: 86.711 GC heap after
Heap after GC invocations=161 (full 3):
 PSYoungGen      total 439808K, used 192K [0x00000000e0400000, 0x00000000fc180000, 0x0000000100000000)
  eden space 424448K, 0% used [0x00000000e0400000,0x00000000e0400000,0x00000000fa280000)
  from space 15360K, 1% used [0x00000000fb280000,0x00000000fb2b0000,0x00000000fc180000)
  to   space 15872K, 0% used [0x00000000fa280000,0x00000000fa280000,0x00000000fb200000)
 ParOldGen       total 231424K, used 162569K [0x00000000a0c00000, 0x00000000aee00000, 0x00000000e0400000)
  object space 231424K, 70% used [0x00000000a0c00000,0x00000000aaac2790,0x00000000aee00000)
 Metaspace       used 17970K, capacity 18217K, committed 18560K, reserved 1067008K
  class space    used 1718K, capacity 1793K, committed 1920K, reserved 1048576K
}
Event: 87.375 GC heap before
{Heap before GC invocations=162 (full 3):
 PSYoungGen      total 439808K, used 419381K [0x00000000e0400000, 0x00000000fc180000, 0x0000000100000000)
  eden space 424448K, 98% used [0x00000000e0400000,0x00000000f9d5d578,0x00000000fa280000)
  from space 15360K, 1% used [0x00000000fb280000,0x00000000fb2b0000,0x00000000fc180000)
  to   space 15872K, 0% used [0x00000000fa280000,0x00000000fa280000,0x00000000fb200000)
 ParOldGen       total 231424K, used 162569K [0x00000000a0c00000, 0x00000000aee00000, 0x00000000e0400000)
  object space 231424K, 70% used [0x00000000a0c00000,0x00000000aaac2790,0x00000000aee00000)
 Metaspace       used 17970K, capacity 18217K, committed 18560K, reserved 1067008K
  class space    used 1718K, capacity 1793K, committed 1920K, reserved 1048576K
Event: 87.377 GC heap after
Heap after GC invocations=162 (full 3):
 PSYoungGen      total 440320K, used 160K [0x00000000e0400000, 0x00000000fc380000, 0x0000000100000000)
  eden space 424448K, 0% used [0x00000000e0400000,0x00000000e0400000,0x00000000fa280000)
  from space 15872K, 1% used [0x00000000fa280000,0x00000000fa2a8000,0x00000000fb200000)
  to   space 15872K, 0% used [0x00000000fb400000,0x00000000fb400000,0x00000000fc380000)
 ParOldGen       total 231424K, used 162569K [0x00000000a0c00000, 0x00000000aee00000, 0x00000000e0400000)
  object space 231424K, 70% used [0x00000000a0c00000,0x00000000aaac2790,0x00000000aee00000)
 Metaspace       used 17970K, capacity 18217K, committed 18560K, reserved 1067008K
  class space    used 1718K, capacity 1793K, committed 1920K, reserved 1048576K
}
Event: 88.041 GC heap before
{Heap before GC invocations=163 (full 3):
 PSYoungGen      total 440320K, used 419490K [0x00000000e0400000, 0x00000000fc380000, 0x0000000100000000)
  eden space 424448K, 98% used [0x00000000e0400000,0x00000000f9d80b78,0x00000000fa280000)
  from space 15872K, 1% used [0x00000000fa280000,0x00000000fa2a8000,0x00000000fb200000)
  to   space 15872K, 0% used [0x00000000fb400000,0x00000000fb400000,0x00000000fc380000)
 ParOldGen       total 231424K, used 162569K [0x00000000a0c00000, 0x00000000aee00000, 0x00000000e0400000)
  object space 231424K, 70% used [0x00000000a0c00000,0x00000000aaac2790,0x00000000aee00000)
 Metaspace       used 17970K, capacity 18217K, committed 18560K, reserved 1067008K
  class space    used 1718K, capacity 1793K, committed 1920K, reserved 1048576K
Event: 88.043 GC heap after
Heap after GC invocations=163 (full 3):
 PSYoungGen      total 440320K, used 128K [0x00000000e0400000, 0x00000000fc200000, 0x0000000100000000)
  eden space 425984K, 0% used [0x00000000e0400000,0x00000000e0400000,0x00000000fa400000)
  from space 14336K, 0% used [0x00000000fb400000,0x00000000fb420000,0x00000000fc200000)
  to   space 15360K, 0% used [0x00000000fa400000,0x00000000fa400000,0x00000000fb300000)
 ParOldGen       total 231424K, used 162585K [0x00000000a0c00000, 0x00000000aee00000, 0x00000000e0400000)
  object space 231424K, 70% used [0x00000000a0c00000,0x00000000aaac6790,0x00000000aee00000)
 Metaspace       used 17970K, capacity 18217K, committed 18560K, reserved 1067008K
  class space    used 1718K, capacity 1793K, committed 1920K, reserved 1048576K
}

