# JRE version: Java(TM) SE Runtime Environment (8.0_25-b18) (build 1.8.0_25-b18)
# Java VM: Java HotSpot(TM) 64-Bit Server VM (25.25-b02 mixed mode windows-amd64 compressed oops)
Heap:
 PSYoungGen      total 519680K, used 119511K [0x00000000e0400000, 0x0000000100000000, 0x0000000100000000)
  eden space 519168K, 22% used [0x00000000e0400000,0x00000000e7875da0,0x00000000fff00000)
  from space 512K, 50% used [0x00000000fff00000,0x00000000fff40000,0x00000000fff80000)
  to   space 512K, 0% used [0x00000000fff80000,0x00000000fff80000,0x0000000100000000)
 ParOldGen       total 284672K, used 238044K [0x00000000a0c00000, 0x00000000b2200000, 0x00000000e0400000)
  object space 284672K, 83% used [0x00000000a0c00000,0x00000000af4772f0,0x00000000b2200000)
 Metaspace       used 18046K, capacity 18249K, committed 18432K, reserved 1067008K
  class space    used 1725K, capacity 1761K, committed 1792K, reserved 1048576K
GC Heap History (10 events):
Event: 105.033 GC heap before
{Heap before GC invocations=232 (full 5):
 PSYoungGen      total 519680K, used 519264K [0x00000000e0400000, 0x0000000100000000, 0x0000000100000000)
  eden space 519168K, 100% used [0x00000000e0400000,0x00000000fff00000,0x00000000fff00000)
  from space 512K, 18% used [0x00000000fff80000,0x00000000fff98000,0x0000000100000000)
  to   space 512K, 0% used [0x00000000fff00000,0x00000000fff00000,0x00000000fff80000)
 ParOldGen       total 284672K, used 229944K [0x00000000a0c00000, 0x00000000b2200000, 0x00000000e0400000)
  object space 284672K, 80% used [0x00000000a0c00000,0x00000000aec8e2e0,0x00000000b2200000)
 Metaspace       used 18005K, capacity 18185K, committed 18432K, reserved 1067008K
  class space    used 1712K, capacity 1761K, committed 1792K, reserved 1048576K
Event: 105.034 GC heap after
Heap after GC invocations=232 (full 5):
 PSYoungGen      total 519680K, used 128K [0x00000000e0400000, 0x0000000100000000, 0x0000000100000000)
  eden space 519168K, 0% used [0x00000000e0400000,0x00000000e0400000,0x00000000fff00000)
  from space 512K, 25% used [0x00000000fff00000,0x00000000fff20000,0x00000000fff80000)
  to   space 512K, 0% used [0x00000000fff80000,0x00000000fff80000,0x0000000100000000)
 ParOldGen       total 284672K, used 229944K [0x00000000a0c00000, 0x00000000b2200000, 0x00000000e0400000)
  object space 284672K, 80% used [0x00000000a0c00000,0x00000000aec8e2e0,0x00000000b2200000)
 Metaspace       used 18005K, capacity 18185K, committed 18432K, reserved 1067008K
  class space    used 1712K, capacity 1761K, committed 1792K, reserved 1048576K
}
Event: 105.573 GC heap before
{Heap before GC invocations=233 (full 5):
 PSYoungGen      total 519680K, used 519296K [0x00000000e0400000, 0x0000000100000000, 0x0000000100000000)
  eden space 519168K, 100% used [0x00000000e0400000,0x00000000fff00000,0x00000000fff00000)
  from space 512K, 25% used [0x00000000fff00000,0x00000000fff20000,0x00000000fff80000)
  to   space 512K, 0% used [0x00000000fff80000,0x00000000fff80000,0x0000000100000000)
 ParOldGen       total 284672K, used 229944K [0x00000000a0c00000, 0x00000000b2200000, 0x00000000e0400000)
  object space 284672K, 80% used [0x00000000a0c00000,0x00000000aec8e2e0,0x00000000b2200000)
 Metaspace       used 18007K, capacity 18185K, committed 18432K, reserved 1067008K
  class space    used 1712K, capacity 1761K, committed 1792K, reserved 1048576K
Event: 105.574 GC heap after
Heap after GC invocations=233 (full 5):
 PSYoungGen      total 519680K, used 160K [0x00000000e0400000, 0x0000000100000000, 0x0000000100000000)
  eden space 519168K, 0% used [0x00000000e0400000,0x00000000e0400000,0x00000000fff00000)
  from space 512K, 31% used [0x00000000fff80000,0x00000000fffa8000,0x0000000100000000)
  to   space 512K, 0% used [0x00000000fff00000,0x00000000fff00000,0x00000000fff80000)
 ParOldGen       total 284672K, used 229944K [0x00000000a0c00000, 0x00000000b2200000, 0x00000000e0400000)
  object space 284672K, 80% used [0x00000000a0c00000,0x00000000aec8e2e0,0x00000000b2200000)
 Metaspace       used 18007K, capacity 18185K, committed 18432K, reserved 1067008K
  class space    used 1712K, capacity 1761K, committed 1792K, reserved 1048576K
}
Event: 106.112 GC heap before
{Heap before GC invocations=234 (full 5):
 PSYoungGen      total 519680K, used 519328K [0x00000000e0400000, 0x0000000100000000, 0x0000000100000000)
  eden space 519168K, 100% used [0x00000000e0400000,0x00000000fff00000,0x00000000fff00000)
  from space 512K, 31% used [0x00000000fff80000,0x00000000fffa8000,0x0000000100000000)
  to   space 512K, 0% used [0x00000000fff00000,0x00000000fff00000,0x00000000fff80000)
 ParOldGen       total 284672K, used 229944K [0x00000000a0c00000, 0x00000000b2200000, 0x00000000e0400000)
  object space 284672K, 80% used [0x00000000a0c00000,0x00000000aec8e2e0,0x00000000b2200000)
 Metaspace       used 18007K, capacity 18185K, committed 18432K, reserved 1067008K
  class space    used 1712K, capacity 1761K, committed 1792K, reserved 1048576K
Event: 106.115 GC heap after
Heap after GC invocations=234 (full 5):
 PSYoungGen      total 519680K, used 192K [0x00000000e0400000, 0x0000000100000000, 0x0000000100000000)
  eden space 519168K, 0% used [0x00000000e0400000,0x00000000e0400000,0x00000000fff00000)
  from space 512K, 37% used [0x00000000fff00000,0x00000000fff30000,0x00000000fff80000)
  to   space 512K, 0% used [0x00000000fff80000,0x00000000fff80000,0x0000000100000000)
 ParOldGen       total 284672K, used 238044K [0x00000000a0c00000, 0x00000000b2200000, 0x00000000e0400000)
  object space 284672K, 83% used [0x00000000a0c00000,0x00000000af4772f0,0x00000000b2200000)
 Metaspace       used 18007K, capacity 18185K, committed 18432K, reserved 1067008K
  class space    used 1712K, capacity 1761K, committed 1792K, reserved 1048576K
}
Event: 106.666 GC heap before
{Heap before GC invocations=235 (full 5):
 PSYoungGen      total 519680K, used 519360K [0x00000000e0400000, 0x0000000100000000, 0x0000000100000000)
  eden space 519168K, 100% used [0x00000000e0400000,0x00000000fff00000,0x00000000fff00000)
  from space 512K, 37% used [0x00000000fff00000,0x00000000fff30000,0x00000000fff80000)
  to   space 512K, 0% used [0x00000000fff80000,0x00000000fff80000,0x0000000100000000)
 ParOldGen       total 284672K, used 238044K [0x00000000a0c00000, 0x00000000b2200000, 0x00000000e0400000)
  object space 284672K, 83% used [0x00000000a0c00000,0x00000000af4772f0,0x00000000b2200000)
 Metaspace       used 18007K, capacity 18185K, committed 18432K, reserved 1067008K
  class space    used 1712K, capacity 1761K, committed 1792K, reserved 1048576K
Event: 106.668 GC heap after
Heap after GC invocations=235 (full 5):
 PSYoungGen      total 519680K, used 192K [0x00000000e0400000, 0x0000000100000000, 0x0000000100000000)
  eden space 519168K, 0% used [0x00000000e0400000,0x00000000e0400000,0x00000000fff00000)
  from space 512K, 37% used [0x00000000fff80000,0x00000000fffb0000,0x0000000100000000)
  to   space 512K, 0% used [0x00000000fff00000,0x00000000fff00000,0x00000000fff80000)
 ParOldGen       total 284672K, used 238044K [0x00000000a0c00000, 0x00000000b2200000, 0x00000000e0400000)
  object space 284672K, 83% used [0x00000000a0c00000,0x00000000af4772f0,0x00000000b2200000)
 Metaspace       used 18007K, capacity 18185K, committed 18432K, reserved 1067008K
  class space    used 1712K, capacity 1761K, committed 1792K, reserved 1048576K
}
Event: 107.241 GC heap before
{Heap before GC invocations=236 (full 5):
 PSYoungGen      total 519680K, used 515757K [0x00000000e0400000, 0x0000000100000000, 0x0000000100000000)
  eden space 519168K, 99% used [0x00000000e0400000,0x00000000ffb7b540,0x00000000fff00000)
  from space 512K, 37% used [0x00000000fff80000,0x00000000fffb0000,0x0000000100000000)
  to   space 512K, 0% used [0x00000000fff00000,0x00000000fff00000,0x00000000fff80000)
 ParOldGen       total 284672K, used 238044K [0x00000000a0c00000, 0x00000000b2200000, 0x00000000e0400000)
  object space 284672K, 83% used [0x00000000a0c00000,0x00000000af4772f0,0x00000000b2200000)
 Metaspace       used 18007K, capacity 18185K, committed 18432K, reserved 1067008K
  class space    used 1712K, capacity 1761K, committed 1792K, reserved 1048576K
Event: 107.242 GC heap after
Heap after GC invocations=236 (full 5):
 PSYoungGen      total 519680K, used 256K [0x00000000e0400000, 0x0000000100000000, 0x0000000100000000)
  eden space 519168K, 0% used [0x00000000e0400000,0x00000000e0400000,0x00000000fff00000)
  from space 512K, 50% used [0x00000000fff00000,0x00000000fff40000,0x00000000fff80000)
  to   space 512K, 0% used [0x00000000fff80000,0x00000000fff80000,0x0000000100000000)
 ParOldGen       total 284672K, used 238044K [0x00000000a0c00000, 0x00000000b2200000, 0x00000000e0400000)
  object space 284672K, 83% used [0x00000000a0c00000,0x00000000af4772f0,0x00000000b2200000)
 Metaspace       used 18007K, capacity 18185K, committed 18432K, reserved 1067008K
  class space    used 1712K, capacity 1761K, committed 1792K, reserved 1048576K
}

