# JRE version: Java(TM) SE Runtime Environment (8.0_31-b13) (build 1.8.0_31-b13)
# Java VM: Java HotSpot(TM) 64-Bit Server VM (25.31-b07 mixed mode windows-amd64 compressed oops)
Heap:
 PSYoungGen      total 681984K, used 463939K [0x000000076b300000, 0x0000000798a00000, 0x00000007c0000000)
  eden space 631808K, 71% used [0x000000076b300000,0x0000000786efbc90,0x0000000791c00000)
  from space 50176K, 18% used [0x0000000795900000,0x0000000796215040,0x0000000798a00000)
  to   space 56320K, 0% used [0x0000000791c00000,0x0000000791c00000,0x0000000795300000)
 ParOldGen       total 296448K, used 155383K [0x00000006c1800000, 0x00000006d3980000, 0x000000076b300000)
  object space 296448K, 52% used [0x00000006c1800000,0x00000006cafbdcd0,0x00000006d3980000)
 Metaspace       used 17822K, capacity 18095K, committed 18304K, reserved 1064960K
  class space    used 1728K, capacity 1794K, committed 1920K, reserved 1048576K
GC Heap History (10 events):
Event: 7.607 GC heap before
{Heap before GC invocations=13 (full 1):
 PSYoungGen      total 468992K, used 407604K [0x000000076b300000, 0x0000000791600000, 0x00000007c0000000)
  eden space 399872K, 99% used [0x000000076b300000,0x00000007837fc040,0x0000000783980000)
  from space 69120K, 13% used [0x0000000783980000,0x0000000784291050,0x0000000787d00000)
  to   space 67584K, 0% used [0x000000078d400000,0x000000078d400000,0x0000000791600000)
 ParOldGen       total 296448K, used 155359K [0x00000006c1800000, 0x00000006d3980000, 0x000000076b300000)
  object space 296448K, 52% used [0x00000006c1800000,0x00000006cafb7cd0,0x00000006d3980000)
 Metaspace       used 17632K, capacity 17895K, committed 18048K, reserved 1064960K
  class space    used 1717K, capacity 1794K, committed 1920K, reserved 1048576K
Event: 7.613 GC heap after
Heap after GC invocations=13 (full 1):
 PSYoungGen      total 534528K, used 9300K [0x000000076b300000, 0x0000000790880000, 0x00000007c0000000)
  eden space 480768K, 0% used [0x000000076b300000,0x000000076b300000,0x0000000788880000)
  from space 53760K, 17% used [0x000000078d400000,0x000000078dd15040,0x0000000790880000)
  to   space 65536K, 0% used [0x0000000788880000,0x0000000788880000,0x000000078c880000)
 ParOldGen       total 296448K, used 155359K [0x00000006c1800000, 0x00000006d3980000, 0x000000076b300000)
  object space 296448K, 52% used [0x00000006c1800000,0x00000006cafb7cd0,0x00000006d3980000)
 Metaspace       used 17632K, capacity 17895K, committed 18048K, reserved 1064960K
  class space    used 1717K, capacity 1794K, committed 1920K, reserved 1048576K
}
Event: 8.374 GC heap before
{Heap before GC invocations=14 (full 1):
 PSYoungGen      total 534528K, used 486773K [0x000000076b300000, 0x0000000790880000, 0x00000007c0000000)
  eden space 480768K, 99% used [0x000000076b300000,0x0000000788548568,0x0000000788880000)
  from space 53760K, 17% used [0x000000078d400000,0x000000078dd15040,0x0000000790880000)
  to   space 65536K, 0% used [0x0000000788880000,0x0000000788880000,0x000000078c880000)
 ParOldGen       total 296448K, used 155359K [0x00000006c1800000, 0x00000006d3980000, 0x000000076b300000)
  object space 296448K, 52% used [0x00000006c1800000,0x00000006cafb7cd0,0x00000006d3980000)
 Metaspace       used 17639K, capacity 17895K, committed 18048K, reserved 1064960K
  class space    used 1717K, capacity 1794K, committed 1920K, reserved 1048576K
Event: 8.378 GC heap after
Heap after GC invocations=14 (full 1):
 PSYoungGen      total 546304K, used 9300K [0x000000076b300000, 0x0000000795700000, 0x00000007c0000000)
  eden space 480768K, 0% used [0x000000076b300000,0x000000076b300000,0x0000000788880000)
  from space 65536K, 14% used [0x0000000788880000,0x0000000789195040,0x000000078c880000)
  to   space 63488K, 0% used [0x0000000791900000,0x0000000791900000,0x0000000795700000)
 ParOldGen       total 296448K, used 155359K [0x00000006c1800000, 0x00000006d3980000, 0x000000076b300000)
  object space 296448K, 52% used [0x00000006c1800000,0x00000006cafb7cd0,0x00000006d3980000)
 Metaspace       used 17639K, capacity 17895K, committed 18048K, reserved 1064960K
  class space    used 1717K, capacity 1794K, committed 1920K, reserved 1048576K
}
Event: 9.138 GC heap before
{Heap before GC invocations=15 (full 1):
 PSYoungGen      total 546304K, used 486355K [0x000000076b300000, 0x0000000795700000, 0x00000007c0000000)
  eden space 480768K, 99% used [0x000000076b300000,0x00000007884dfc90,0x0000000788880000)
  from space 65536K, 14% used [0x0000000788880000,0x0000000789195040,0x000000078c880000)
  to   space 63488K, 0% used [0x0000000791900000,0x0000000791900000,0x0000000795700000)
 ParOldGen       total 296448K, used 155359K [0x00000006c1800000, 0x00000006d3980000, 0x000000076b300000)
  object space 296448K, 52% used [0x00000006c1800000,0x00000006cafb7cd0,0x00000006d3980000)
 Metaspace       used 17668K, capacity 17895K, committed 18048K, reserved 1064960K
  class space    used 1717K, capacity 1794K, committed 1920K, reserved 1048576K
Event: 9.144 GC heap after
Heap after GC invocations=15 (full 1):
 PSYoungGen      total 607232K, used 9348K [0x000000076b300000, 0x0000000794a80000, 0x00000007c0000000)
  eden space 556544K, 0% used [0x000000076b300000,0x000000076b300000,0x000000078d280000)
  from space 50688K, 18% used [0x0000000791900000,0x0000000792221050,0x0000000794a80000)
  to   space 61440K, 0% used [0x000000078d280000,0x000000078d280000,0x0000000790e80000)
 ParOldGen       total 296448K, used 155367K [0x00000006c1800000, 0x00000006d3980000, 0x000000076b300000)
  object space 296448K, 52% used [0x00000006c1800000,0x00000006cafb9cd0,0x00000006d3980000)
 Metaspace       used 17668K, capacity 17895K, committed 18048K, reserved 1064960K
  class space    used 1717K, capacity 1794K, committed 1920K, reserved 1048576K
}
Event: 10.033 GC heap before
{Heap before GC invocations=16 (full 1):
 PSYoungGen      total 607232K, used 565892K [0x000000076b300000, 0x0000000794a80000, 0x00000007c0000000)
  eden space 556544K, 100% used [0x000000076b300000,0x000000078d280000,0x000000078d280000)
  from space 50688K, 18% used [0x0000000791900000,0x0000000792221050,0x0000000794a80000)
  to   space 61440K, 0% used [0x000000078d280000,0x000000078d280000,0x0000000790e80000)
 ParOldGen       total 296448K, used 155367K [0x00000006c1800000, 0x00000006d3980000, 0x000000076b300000)
  object space 296448K, 52% used [0x00000006c1800000,0x00000006cafb9cd0,0x00000006d3980000)
 Metaspace       used 17702K, capacity 17967K, committed 18304K, reserved 1064960K
  class space    used 1717K, capacity 1794K, committed 1920K, reserved 1048576K
Event: 10.040 GC heap after
Heap after GC invocations=16 (full 1):
 PSYoungGen      total 617984K, used 9348K [0x000000076b300000, 0x0000000799280000, 0x00000007c0000000)
  eden space 556544K, 0% used [0x000000076b300000,0x000000076b300000,0x000000078d280000)
  from space 61440K, 15% used [0x000000078d280000,0x000000078dba1050,0x0000000790e80000)
  to   space 58880K, 0% used [0x0000000795900000,0x0000000795900000,0x0000000799280000)
 ParOldGen       total 296448K, used 155375K [0x00000006c1800000, 0x00000006d3980000, 0x000000076b300000)
  object space 296448K, 52% used [0x00000006c1800000,0x00000006cafbbcd0,0x00000006d3980000)
 Metaspace       used 17702K, capacity 17967K, committed 18304K, reserved 1064960K
  class space    used 1717K, capacity 1794K, committed 1920K, reserved 1048576K
}
Event: 10.902 GC heap before
{Heap before GC invocations=17 (full 1):
 PSYoungGen      total 617984K, used 565892K [0x000000076b300000, 0x0000000799280000, 0x00000007c0000000)
  eden space 556544K, 100% used [0x000000076b300000,0x000000078d280000,0x000000078d280000)
  from space 61440K, 15% used [0x000000078d280000,0x000000078dba1050,0x0000000790e80000)
  to   space 58880K, 0% used [0x0000000795900000,0x0000000795900000,0x0000000799280000)
 ParOldGen       total 296448K, used 155375K [0x00000006c1800000, 0x00000006d3980000, 0x000000076b300000)
  object space 296448K, 52% used [0x00000006c1800000,0x00000006cafbbcd0,0x00000006d3980000)
 Metaspace       used 17784K, capacity 18031K, committed 18304K, reserved 1064960K
  class space    used 1717K, capacity 1794K, committed 1920K, reserved 1048576K
Event: 10.911 GC heap after
Heap after GC invocations=17 (full 1):
 PSYoungGen      total 681984K, used 9300K [0x000000076b300000, 0x0000000798a00000, 0x00000007c0000000)
  eden space 631808K, 0% used [0x000000076b300000,0x000000076b300000,0x0000000791c00000)
  from space 50176K, 18% used [0x0000000795900000,0x0000000796215040,0x0000000798a00000)
  to   space 56320K, 0% used [0x0000000791c00000,0x0000000791c00000,0x0000000795300000)
 ParOldGen       total 296448K, used 155383K [0x00000006c1800000, 0x00000006d3980000, 0x000000076b300000)
  object space 296448K, 52% used [0x00000006c1800000,0x00000006cafbdcd0,0x00000006d3980000)
 Metaspace       used 17784K, capacity 18031K, committed 18304K, reserved 1064960K
  class space    used 1717K, capacity 1794K, committed 1920K, reserved 1048576K
}

