# JRE version: Java(TM) SE Runtime Environment (8.0_25-b18) (build 1.8.0_25-b18)
# Java VM: Java HotSpot(TM) 64-Bit Server VM (25.25-b02 mixed mode windows-amd64 compressed oops)
Heap:
 PSYoungGen      total 519680K, used 96168K [0x00000000e0400000, 0x0000000100000000, 0x0000000100000000)
  eden space 519168K, 18% used [0x00000000e0400000,0x00000000e61d2050,0x00000000fff00000)
  from space 512K, 18% used [0x00000000fff80000,0x00000000fff98000,0x0000000100000000)
  to   space 512K, 0% used [0x00000000fff00000,0x00000000fff00000,0x00000000fff80000)
 ParOldGen       total 307200K, used 261937K [0x00000000a0c00000, 0x00000000b3800000, 0x00000000e0400000)
  object space 307200K, 85% used [0x00000000a0c00000,0x00000000b0bcc4d8,0x00000000b3800000)
 Metaspace       used 18683K, capacity 18889K, committed 19072K, reserved 1067008K
  class space    used 1775K, capacity 1825K, committed 1920K, reserved 1048576K
GC Heap History (10 events):
Event: 118.110 GC heap before
{Heap before GC invocations=192 (full 6):
 PSYoungGen      total 519680K, used 519264K [0x00000000e0400000, 0x0000000100000000, 0x0000000100000000)
  eden space 519168K, 100% used [0x00000000e0400000,0x00000000fff00000,0x00000000fff00000)
  from space 512K, 18% used [0x00000000fff00000,0x00000000fff18000,0x00000000fff80000)
  to   space 512K, 0% used [0x00000000fff80000,0x00000000fff80000,0x0000000100000000)
 ParOldGen       total 307200K, used 253837K [0x00000000a0c00000, 0x00000000b3800000, 0x00000000e0400000)
  object space 307200K, 82% used [0x00000000a0c00000,0x00000000b03e34c8,0x00000000b3800000)
 Metaspace       used 18683K, capacity 18889K, committed 19072K, reserved 1067008K
  class space    used 1775K, capacity 1825K, committed 1920K, reserved 1048576K
Event: 118.112 GC heap after
Heap after GC invocations=192 (full 6):
 PSYoungGen      total 519680K, used 128K [0x00000000e0400000, 0x0000000100000000, 0x0000000100000000)
  eden space 519168K, 0% used [0x00000000e0400000,0x00000000e0400000,0x00000000fff00000)
  from space 512K, 25% used [0x00000000fff80000,0x00000000fffa0000,0x0000000100000000)
  to   space 512K, 0% used [0x00000000fff00000,0x00000000fff00000,0x00000000fff80000)
 ParOldGen       total 307200K, used 253837K [0x00000000a0c00000, 0x00000000b3800000, 0x00000000e0400000)
  object space 307200K, 82% used [0x00000000a0c00000,0x00000000b03e34c8,0x00000000b3800000)
 Metaspace       used 18683K, capacity 18889K, committed 19072K, reserved 1067008K
  class space    used 1775K, capacity 1825K, committed 1920K, reserved 1048576K
}
Event: 118.866 GC heap before
{Heap before GC invocations=193 (full 6):
 PSYoungGen      total 519680K, used 519296K [0x00000000e0400000, 0x0000000100000000, 0x0000000100000000)
  eden space 519168K, 100% used [0x00000000e0400000,0x00000000fff00000,0x00000000fff00000)
  from space 512K, 25% used [0x00000000fff80000,0x00000000fffa0000,0x0000000100000000)
  to   space 512K, 0% used [0x00000000fff00000,0x00000000fff00000,0x00000000fff80000)
 ParOldGen       total 307200K, used 253837K [0x00000000a0c00000, 0x00000000b3800000, 0x00000000e0400000)
  object space 307200K, 82% used [0x00000000a0c00000,0x00000000b03e34c8,0x00000000b3800000)
 Metaspace       used 18683K, capacity 18889K, committed 19072K, reserved 1067008K
  class space    used 1775K, capacity 1825K, committed 1920K, reserved 1048576K
Event: 118.867 GC heap after
Heap after GC invocations=193 (full 6):
 PSYoungGen      total 519680K, used 160K [0x00000000e0400000, 0x0000000100000000, 0x0000000100000000)
  eden space 519168K, 0% used [0x00000000e0400000,0x00000000e0400000,0x00000000fff00000)
  from space 512K, 31% used [0x00000000fff00000,0x00000000fff28000,0x00000000fff80000)
  to   space 512K, 0% used [0x00000000fff80000,0x00000000fff80000,0x0000000100000000)
 ParOldGen       total 307200K, used 253837K [0x00000000a0c00000, 0x00000000b3800000, 0x00000000e0400000)
  object space 307200K, 82% used [0x00000000a0c00000,0x00000000b03e34c8,0x00000000b3800000)
 Metaspace       used 18683K, capacity 18889K, committed 19072K, reserved 1067008K
  class space    used 1775K, capacity 1825K, committed 1920K, reserved 1048576K
}
Event: 119.547 GC heap before
{Heap before GC invocations=194 (full 6):
 PSYoungGen      total 519680K, used 519328K [0x00000000e0400000, 0x0000000100000000, 0x0000000100000000)
  eden space 519168K, 100% used [0x00000000e0400000,0x00000000fff00000,0x00000000fff00000)
  from space 512K, 31% used [0x00000000fff00000,0x00000000fff28000,0x00000000fff80000)
  to   space 512K, 0% used [0x00000000fff80000,0x00000000fff80000,0x0000000100000000)
 ParOldGen       total 307200K, used 253837K [0x00000000a0c00000, 0x00000000b3800000, 0x00000000e0400000)
  object space 307200K, 82% used [0x00000000a0c00000,0x00000000b03e34c8,0x00000000b3800000)
 Metaspace       used 18683K, capacity 18889K, committed 19072K, reserved 1067008K
  class space    used 1775K, capacity 1825K, committed 1920K, reserved 1048576K
Event: 119.550 GC heap after
Heap after GC invocations=194 (full 6):
 PSYoungGen      total 519680K, used 96K [0x00000000e0400000, 0x0000000100000000, 0x0000000100000000)
  eden space 519168K, 0% used [0x00000000e0400000,0x00000000e0400000,0x00000000fff00000)
  from space 512K, 18% used [0x00000000fff80000,0x00000000fff98000,0x0000000100000000)
  to   space 512K, 0% used [0x00000000fff00000,0x00000000fff00000,0x00000000fff80000)
 ParOldGen       total 307200K, used 261937K [0x00000000a0c00000, 0x00000000b3800000, 0x00000000e0400000)
  object space 307200K, 85% used [0x00000000a0c00000,0x00000000b0bcc4d8,0x00000000b3800000)
 Metaspace       used 18683K, capacity 18889K, committed 19072K, reserved 1067008K
  class space    used 1775K, capacity 1825K, committed 1920K, reserved 1048576K
}
Event: 120.278 GC heap before
{Heap before GC invocations=195 (full 6):
 PSYoungGen      total 519680K, used 519264K [0x00000000e0400000, 0x0000000100000000, 0x0000000100000000)
  eden space 519168K, 100% used [0x00000000e0400000,0x00000000fff00000,0x00000000fff00000)
  from space 512K, 18% used [0x00000000fff80000,0x00000000fff98000,0x0000000100000000)
  to   space 512K, 0% used [0x00000000fff00000,0x00000000fff00000,0x00000000fff80000)
 ParOldGen       total 307200K, used 261937K [0x00000000a0c00000, 0x00000000b3800000, 0x00000000e0400000)
  object space 307200K, 85% used [0x00000000a0c00000,0x00000000b0bcc4d8,0x00000000b3800000)
 Metaspace       used 18683K, capacity 18889K, committed 19072K, reserved 1067008K
  class space    used 1775K, capacity 1825K, committed 1920K, reserved 1048576K
Event: 120.279 GC heap after
Heap after GC invocations=195 (full 6):
 PSYoungGen      total 519680K, used 96K [0x00000000e0400000, 0x0000000100000000, 0x0000000100000000)
  eden space 519168K, 0% used [0x00000000e0400000,0x00000000e0400000,0x00000000fff00000)
  from space 512K, 18% used [0x00000000fff00000,0x00000000fff18000,0x00000000fff80000)
  to   space 512K, 0% used [0x00000000fff80000,0x00000000fff80000,0x0000000100000000)
 ParOldGen       total 307200K, used 261937K [0x00000000a0c00000, 0x00000000b3800000, 0x00000000e0400000)
  object space 307200K, 85% used [0x00000000a0c00000,0x00000000b0bcc4d8,0x00000000b3800000)
 Metaspace       used 18683K, capacity 18889K, committed 19072K, reserved 1067008K
  class space    used 1775K, capacity 1825K, committed 1920K, reserved 1048576K
}
Event: 121.011 GC heap before
{Heap before GC invocations=196 (full 6):
 PSYoungGen      total 519680K, used 517566K [0x00000000e0400000, 0x0000000100000000, 0x0000000100000000)
  eden space 519168K, 99% used [0x00000000e0400000,0x00000000ffd579f8,0x00000000fff00000)
  from space 512K, 18% used [0x00000000fff00000,0x00000000fff18000,0x00000000fff80000)
  to   space 512K, 0% used [0x00000000fff80000,0x00000000fff80000,0x0000000100000000)
 ParOldGen       total 307200K, used 261937K [0x00000000a0c00000, 0x00000000b3800000, 0x00000000e0400000)
  object space 307200K, 85% used [0x00000000a0c00000,0x00000000b0bcc4d8,0x00000000b3800000)
 Metaspace       used 18683K, capacity 18889K, committed 19072K, reserved 1067008K
  class space    used 1775K, capacity 1825K, committed 1920K, reserved 1048576K
Event: 121.013 GC heap after
Heap after GC invocations=196 (full 6):
 PSYoungGen      total 519680K, used 96K [0x00000000e0400000, 0x0000000100000000, 0x0000000100000000)
  eden space 519168K, 0% used [0x00000000e0400000,0x00000000e0400000,0x00000000fff00000)
  from space 512K, 18% used [0x00000000fff80000,0x00000000fff98000,0x0000000100000000)
  to   space 512K, 0% used [0x00000000fff00000,0x00000000fff00000,0x00000000fff80000)
 ParOldGen       total 307200K, used 261937K [0x00000000a0c00000, 0x00000000b3800000, 0x00000000e0400000)
  object space 307200K, 85% used [0x00000000a0c00000,0x00000000b0bcc4d8,0x00000000b3800000)
 Metaspace       used 18683K, capacity 18889K, committed 19072K, reserved 1067008K
  class space    used 1775K, capacity 1825K, committed 1920K, reserved 1048576K
}

