# JRE version: Java(TM) SE Runtime Environment (8.0_31-b13) (build 1.8.0_31-b13)
# Java VM: Java HotSpot(TM) 64-Bit Server VM (25.31-b07 mixed mode windows-amd64 compressed oops)
Heap:
 PSYoungGen      total 1296384K, used 1209536K [0x000000076b300000, 0x00000007bf580000, 0x00000007c0000000)
  eden space 1227264K, 97% used [0x000000076b300000,0x00000007b48373e8,0x00000007b6180000)
  from space 69120K, 11% used [0x00000007bb200000,0x00000007bb9f9010,0x00000007bf580000)
  to   space 75776K, 0% used [0x00000007b6180000,0x00000007b6180000,0x00000007bab80000)
 ParOldGen       total 318976K, used 152744K [0x00000006c1800000, 0x00000006d4f80000, 0x000000076b300000)
  object space 318976K, 47% used [0x00000006c1800000,0x00000006cad2a008,0x00000006d4f80000)
 Metaspace       used 17913K, capacity 18131K, committed 18176K, reserved 1064960K
  class space    used 1717K, capacity 1762K, committed 1792K, reserved 1048576K
GC Heap History (10 events):
Event: 7.570 GC heap before
{Heap before GC invocations=14 (full 2):
 PSYoungGen      total 740352K, used 657281K [0x000000076b300000, 0x00000007ad800000, 0x00000007c0000000)
  eden space 649216K, 99% used [0x000000076b300000,0x0000000792cdf740,0x0000000792d00000)
  from space 91136K, 8% used [0x0000000792d00000,0x0000000793501010,0x0000000798600000)
  to   space 88576K, 0% used [0x00000007a8180000,0x00000007a8180000,0x00000007ad800000)
 ParOldGen       total 318976K, used 152451K [0x00000006c1800000, 0x00000006d4f80000, 0x000000076b300000)
  object space 318976K, 47% used [0x00000006c1800000,0x00000006cace0f48,0x00000006d4f80000)
 Metaspace       used 17590K, capacity 17803K, committed 17920K, reserved 1064960K
  class space    used 1706K, capacity 1762K, committed 1792K, reserved 1048576K
Event: 7.578 GC heap after
Heap after GC invocations=14 (full 2):
 PSYoungGen      total 949760K, used 8468K [0x000000076b300000, 0x00000007abe00000, 0x00000007c0000000)
  eden space 887808K, 0% used [0x000000076b300000,0x000000076b300000,0x00000007a1600000)
  from space 61952K, 13% used [0x00000007a8180000,0x00000007a89c5040,0x00000007abe00000)
  to   space 86016K, 0% used [0x00000007a1600000,0x00000007a1600000,0x00000007a6a00000)
 ParOldGen       total 318976K, used 152467K [0x00000006c1800000, 0x00000006d4f80000, 0x000000076b300000)
  object space 318976K, 47% used [0x00000006c1800000,0x00000006cace4f48,0x00000006d4f80000)
 Metaspace       used 17590K, capacity 17803K, committed 17920K, reserved 1064960K
  class space    used 1706K, capacity 1762K, committed 1792K, reserved 1048576K
}
Event: 8.996 GC heap before
{Heap before GC invocations=15 (full 2):
 PSYoungGen      total 949760K, used 893550K [0x000000076b300000, 0x00000007abe00000, 0x00000007c0000000)
  eden space 887808K, 99% used [0x000000076b300000,0x00000007a1356868,0x00000007a1600000)
  from space 61952K, 13% used [0x00000007a8180000,0x00000007a89c5040,0x00000007abe00000)
  to   space 86016K, 0% used [0x00000007a1600000,0x00000007a1600000,0x00000007a6a00000)
 ParOldGen       total 318976K, used 152467K [0x00000006c1800000, 0x00000006d4f80000, 0x000000076b300000)
  object space 318976K, 47% used [0x00000006c1800000,0x00000006cace4f48,0x00000006d4f80000)
 Metaspace       used 17632K, capacity 17867K, committed 17920K, reserved 1064960K
  class space    used 1706K, capacity 1762K, committed 1792K, reserved 1048576K
Event: 9.000 GC heap after
Heap after GC invocations=15 (full 2):
 PSYoungGen      total 973824K, used 256K [0x000000076b300000, 0x00000007bd800000, 0x00000007c0000000)
  eden space 887808K, 0% used [0x000000076b300000,0x000000076b300000,0x00000007a1600000)
  from space 86016K, 0% used [0x00000007a1600000,0x00000007a1640000,0x00000007a6a00000)
  to   space 84480K, 0% used [0x00000007b8580000,0x00000007b8580000,0x00000007bd800000)
 ParOldGen       total 318976K, used 152712K [0x00000006c1800000, 0x00000006d4f80000, 0x000000076b300000)
  object space 318976K, 47% used [0x00000006c1800000,0x00000006cad22008,0x00000006d4f80000)
 Metaspace       used 17632K, capacity 17867K, committed 17920K, reserved 1064960K
  class space    used 1706K, capacity 1762K, committed 1792K, reserved 1048576K
}
Event: 10.394 GC heap before
{Heap before GC invocations=16 (full 2):
 PSYoungGen      total 973824K, used 887430K [0x000000076b300000, 0x00000007bd800000, 0x00000007c0000000)
  eden space 887808K, 99% used [0x000000076b300000,0x00000007a1561830,0x00000007a1600000)
  from space 86016K, 0% used [0x00000007a1600000,0x00000007a1640000,0x00000007a6a00000)
  to   space 84480K, 0% used [0x00000007b8580000,0x00000007b8580000,0x00000007bd800000)
 ParOldGen       total 318976K, used 152712K [0x00000006c1800000, 0x00000006d4f80000, 0x000000076b300000)
  object space 318976K, 47% used [0x00000006c1800000,0x00000006cad22008,0x00000006d4f80000)
 Metaspace       used 17682K, capacity 17939K, committed 18176K, reserved 1064960K
  class space    used 1706K, capacity 1762K, committed 1792K, reserved 1048576K
Event: 10.396 GC heap after
Heap after GC invocations=16 (full 2):
 PSYoungGen      total 1186304K, used 96K [0x000000076b300000, 0x00000007bb000000, 0x00000007c0000000)
  eden space 1142784K, 0% used [0x000000076b300000,0x000000076b300000,0x00000007b0f00000)
  from space 43520K, 0% used [0x00000007b8580000,0x00000007b8598000,0x00000007bb000000)
  to   space 82432K, 0% used [0x00000007b0f00000,0x00000007b0f00000,0x00000007b5f80000)
 ParOldGen       total 318976K, used 152720K [0x00000006c1800000, 0x00000006d4f80000, 0x000000076b300000)
  object space 318976K, 47% used [0x00000006c1800000,0x00000006cad24008,0x00000006d4f80000)
 Metaspace       used 17682K, capacity 17939K, committed 18176K, reserved 1064960K
  class space    used 1706K, capacity 1762K, committed 1792K, reserved 1048576K
}
Event: 12.196 GC heap before
{Heap before GC invocations=17 (full 2):
 PSYoungGen      total 1186304K, used 1136930K [0x000000076b300000, 0x00000007bb000000, 0x00000007c0000000)
  eden space 1142784K, 99% used [0x000000076b300000,0x00000007b09308f0,0x00000007b0f00000)
  from space 43520K, 0% used [0x00000007b8580000,0x00000007b8598000,0x00000007bb000000)
  to   space 82432K, 0% used [0x00000007b0f00000,0x00000007b0f00000,0x00000007b5f80000)
 ParOldGen       total 318976K, used 152720K [0x00000006c1800000, 0x00000006d4f80000, 0x000000076b300000)
  object space 318976K, 47% used [0x00000006c1800000,0x00000006cad24008,0x00000006d4f80000)
 Metaspace       used 17781K, capacity 18003K, committed 18176K, reserved 1064960K
  class space    used 1706K, capacity 1762K, committed 1792K, reserved 1048576K
Event: 12.198 GC heap after
Heap after GC invocations=17 (full 2):
 PSYoungGen      total 1225216K, used 96K [0x000000076b300000, 0x00000007c0000000, 0x00000007c0000000)
  eden space 1142784K, 0% used [0x000000076b300000,0x000000076b300000,0x00000007b0f00000)
  from space 82432K, 0% used [0x00000007b0f00000,0x00000007b0f18000,0x00000007b5f80000)
  to   space 79872K, 0% used [0x00000007bb200000,0x00000007bb200000,0x00000007c0000000)
 ParOldGen       total 318976K, used 152736K [0x00000006c1800000, 0x00000006d4f80000, 0x000000076b300000)
  object space 318976K, 47% used [0x00000006c1800000,0x00000006cad28008,0x00000006d4f80000)
 Metaspace       used 17781K, capacity 18003K, committed 18176K, reserved 1064960K
  class space    used 1706K, capacity 1762K, committed 1792K, reserved 1048576K
}
Event: 14.005 GC heap before
{Heap before GC invocations=18 (full 2):
 PSYoungGen      total 1225216K, used 1142880K [0x000000076b300000, 0x00000007c0000000, 0x00000007c0000000)
  eden space 1142784K, 100% used [0x000000076b300000,0x00000007b0f00000,0x00000007b0f00000)
  from space 82432K, 0% used [0x00000007b0f00000,0x00000007b0f18000,0x00000007b5f80000)
  to   space 79872K, 0% used [0x00000007bb200000,0x00000007bb200000,0x00000007c0000000)
 ParOldGen       total 318976K, used 152736K [0x00000006c1800000, 0x00000006d4f80000, 0x000000076b300000)
  object space 318976K, 47% used [0x00000006c1800000,0x00000006cad28008,0x00000006d4f80000)
 Metaspace       used 17794K, capacity 18003K, committed 18176K, reserved 1064960K
  class space    used 1706K, capacity 1762K, committed 1792K, reserved 1048576K
Event: 14.010 GC heap after
Heap after GC invocations=18 (full 2):
 PSYoungGen      total 1296384K, used 8164K [0x000000076b300000, 0x00000007bf580000, 0x00000007c0000000)
  eden space 1227264K, 0% used [0x000000076b300000,0x000000076b300000,0x00000007b6180000)
  from space 69120K, 11% used [0x00000007bb200000,0x00000007bb9f9010,0x00000007bf580000)
  to   space 75776K, 0% used [0x00000007b6180000,0x00000007b6180000,0x00000007bab80000)
 ParOldGen       total 318976K, used 152744K [0x00000006c1800000, 0x00000006d4f80000, 0x000000076b300000)
  object space 318976K, 47% used [0x00000006c1800000,0x00000006cad2a008,0x00000006d4f80000)
 Metaspace       used 17794K, capacity 18003K, committed 18176K, reserved 1064960K
  class space    used 1706K, capacity 1762K, committed 1792K, reserved 1048576K
}

