# JRE version: Java(TM) SE Runtime Environment (8.0_25-b18) (build 1.8.0_25-b18)
# Java VM: Java HotSpot(TM) 64-Bit Server VM (25.25-b02 mixed mode windows-amd64 compressed oops)
Heap:
 PSYoungGen      total 346624K, used 65400K [0x00000000e0400000, 0x00000000f7c80000, 0x0000000100000000)
  eden space 312832K, 17% used [0x00000000e0400000,0x00000000e3a69270,0x00000000f3580000)
  from space 33792K, 28% used [0x00000000f5b80000,0x00000000f64f5020,0x00000000f7c80000)
  to   space 36352K, 0% used [0x00000000f3580000,0x00000000f3580000,0x00000000f5900000)
 ParOldGen       total 219648K, used 145973K [0x00000000a0c00000, 0x00000000ae280000, 0x00000000e0400000)
  object space 219648K, 66% used [0x00000000a0c00000,0x00000000a9a8d518,0x00000000ae280000)
 Metaspace       used 18484K, capacity 18671K, committed 18816K, reserved 1067008K
  class space    used 1762K, capacity 1794K, committed 1920K, reserved 1048576K
GC Heap History (10 events):
Event: 13.668 GC heap before
{Heap before GC invocations=23 (full 3):
 PSYoungGen      total 335872K, used 296984K [0x00000000e0400000, 0x00000000f8280000, 0x0000000100000000)
  eden space 288256K, 99% used [0x00000000e0400000,0x00000000f1ca11a8,0x00000000f1d80000)
  from space 47616K, 20% used [0x00000000f1d80000,0x00000000f26e5020,0x00000000f4c00000)
  to   space 45568K, 0% used [0x00000000f5600000,0x00000000f5600000,0x00000000f8280000)
 ParOldGen       total 219648K, used 145941K [0x00000000a0c00000, 0x00000000ae280000, 0x00000000e0400000)
  object space 219648K, 66% used [0x00000000a0c00000,0x00000000a9a85518,0x00000000ae280000)
 Metaspace       used 18395K, capacity 18601K, committed 18816K, reserved 1067008K
  class space    used 1761K, capacity 1793K, committed 1920K, reserved 1048576K
Event: 13.672 GC heap after
Heap after GC invocations=23 (full 3):
 PSYoungGen      total 337920K, used 9620K [0x00000000e0400000, 0x00000000f7c80000, 0x0000000100000000)
  eden space 298496K, 0% used [0x00000000e0400000,0x00000000e0400000,0x00000000f2780000)
  from space 39424K, 24% used [0x00000000f5600000,0x00000000f5f65020,0x00000000f7c80000)
  to   space 43520K, 0% used [0x00000000f2780000,0x00000000f2780000,0x00000000f5200000)
 ParOldGen       total 219648K, used 145949K [0x00000000a0c00000, 0x00000000ae280000, 0x00000000e0400000)
  object space 219648K, 66% used [0x00000000a0c00000,0x00000000a9a87518,0x00000000ae280000)
 Metaspace       used 18395K, capacity 18601K, committed 18816K, reserved 1067008K
  class space    used 1761K, capacity 1793K, committed 1920K, reserved 1048576K
}
Event: 14.768 GC heap before
{Heap before GC invocations=24 (full 3):
 PSYoungGen      total 337920K, used 306075K [0x00000000e0400000, 0x00000000f7c80000, 0x0000000100000000)
  eden space 298496K, 99% used [0x00000000e0400000,0x00000000f2581e98,0x00000000f2780000)
  from space 39424K, 24% used [0x00000000f5600000,0x00000000f5f65020,0x00000000f7c80000)
  to   space 43520K, 0% used [0x00000000f2780000,0x00000000f2780000,0x00000000f5200000)
 ParOldGen       total 219648K, used 145949K [0x00000000a0c00000, 0x00000000ae280000, 0x00000000e0400000)
  object space 219648K, 66% used [0x00000000a0c00000,0x00000000a9a87518,0x00000000ae280000)
 Metaspace       used 18412K, capacity 18601K, committed 18816K, reserved 1067008K
  class space    used 1761K, capacity 1793K, committed 1920K, reserved 1048576K
Event: 14.776 GC heap after
Heap after GC invocations=24 (full 3):
 PSYoungGen      total 342016K, used 9620K [0x00000000e0400000, 0x00000000f8300000, 0x0000000100000000)
  eden space 298496K, 0% used [0x00000000e0400000,0x00000000e0400000,0x00000000f2780000)
  from space 43520K, 22% used [0x00000000f2780000,0x00000000f30e5020,0x00000000f5200000)
  to   space 41984K, 0% used [0x00000000f5a00000,0x00000000f5a00000,0x00000000f8300000)
 ParOldGen       total 219648K, used 145957K [0x00000000a0c00000, 0x00000000ae280000, 0x00000000e0400000)
  object space 219648K, 66% used [0x00000000a0c00000,0x00000000a9a89518,0x00000000ae280000)
 Metaspace       used 18412K, capacity 18601K, committed 18816K, reserved 1067008K
  class space    used 1761K, capacity 1793K, committed 1920K, reserved 1048576K
}
Event: 15.866 GC heap before
{Heap before GC invocations=25 (full 3):
 PSYoungGen      total 342016K, used 306097K [0x00000000e0400000, 0x00000000f8300000, 0x0000000100000000)
  eden space 298496K, 99% used [0x00000000e0400000,0x00000000f25877a8,0x00000000f2780000)
  from space 43520K, 22% used [0x00000000f2780000,0x00000000f30e5020,0x00000000f5200000)
  to   space 41984K, 0% used [0x00000000f5a00000,0x00000000f5a00000,0x00000000f8300000)
 ParOldGen       total 219648K, used 145957K [0x00000000a0c00000, 0x00000000ae280000, 0x00000000e0400000)
  object space 219648K, 66% used [0x00000000a0c00000,0x00000000a9a89518,0x00000000ae280000)
 Metaspace       used 18457K, capacity 18665K, committed 18816K, reserved 1067008K
  class space    used 1761K, capacity 1793K, committed 1920K, reserved 1048576K
Event: 15.870 GC heap after
Heap after GC invocations=25 (full 3):
 PSYoungGen      total 343040K, used 9652K [0x00000000e0400000, 0x00000000f7d80000, 0x0000000100000000)
  eden space 306688K, 0% used [0x00000000e0400000,0x00000000e0400000,0x00000000f2f80000)
  from space 36352K, 26% used [0x00000000f5a00000,0x00000000f636d020,0x00000000f7d80000)
  to   space 39936K, 0% used [0x00000000f2f80000,0x00000000f2f80000,0x00000000f5680000)
 ParOldGen       total 219648K, used 145965K [0x00000000a0c00000, 0x00000000ae280000, 0x00000000e0400000)
  object space 219648K, 66% used [0x00000000a0c00000,0x00000000a9a8b518,0x00000000ae280000)
 Metaspace       used 18457K, capacity 18665K, committed 18816K, reserved 1067008K
  class space    used 1761K, capacity 1793K, committed 1920K, reserved 1048576K
}
Event: 17.001 GC heap before
{Heap before GC invocations=26 (full 3):
 PSYoungGen      total 343040K, used 314803K [0x00000000e0400000, 0x00000000f7d80000, 0x0000000100000000)
  eden space 306688K, 99% used [0x00000000e0400000,0x00000000f2dfff10,0x00000000f2f80000)
  from space 36352K, 26% used [0x00000000f5a00000,0x00000000f636d020,0x00000000f7d80000)
  to   space 39936K, 0% used [0x00000000f2f80000,0x00000000f2f80000,0x00000000f5680000)
 ParOldGen       total 219648K, used 145965K [0x00000000a0c00000, 0x00000000ae280000, 0x00000000e0400000)
  object space 219648K, 66% used [0x00000000a0c00000,0x00000000a9a8b518,0x00000000ae280000)
 Metaspace       used 18461K, capacity 18665K, committed 18816K, reserved 1067008K
  class space    used 1761K, capacity 1793K, committed 1920K, reserved 1048576K
Event: 17.005 GC heap after
Heap after GC invocations=26 (full 3):
 PSYoungGen      total 346624K, used 9684K [0x00000000e0400000, 0x00000000f8080000, 0x0000000100000000)
  eden space 306688K, 0% used [0x00000000e0400000,0x00000000e0400000,0x00000000f2f80000)
  from space 39936K, 24% used [0x00000000f2f80000,0x00000000f38f5020,0x00000000f5680000)
  to   space 37888K, 0% used [0x00000000f5b80000,0x00000000f5b80000,0x00000000f8080000)
 ParOldGen       total 219648K, used 145965K [0x00000000a0c00000, 0x00000000ae280000, 0x00000000e0400000)
  object space 219648K, 66% used [0x00000000a0c00000,0x00000000a9a8b518,0x00000000ae280000)
 Metaspace       used 18461K, capacity 18665K, committed 18816K, reserved 1067008K
  class space    used 1761K, capacity 1793K, committed 1920K, reserved 1048576K
}
Event: 18.101 GC heap before
{Heap before GC invocations=27 (full 3):
 PSYoungGen      total 346624K, used 308330K [0x00000000e0400000, 0x00000000f8080000, 0x0000000100000000)
  eden space 306688K, 97% used [0x00000000e0400000,0x00000000f27a58c0,0x00000000f2f80000)
  from space 39936K, 24% used [0x00000000f2f80000,0x00000000f38f5020,0x00000000f5680000)
  to   space 37888K, 0% used [0x00000000f5b80000,0x00000000f5b80000,0x00000000f8080000)
 ParOldGen       total 219648K, used 145965K [0x00000000a0c00000, 0x00000000ae280000, 0x00000000e0400000)
  object space 219648K, 66% used [0x00000000a0c00000,0x00000000a9a8b518,0x00000000ae280000)
 Metaspace       used 18477K, capacity 18665K, committed 18816K, reserved 1067008K
  class space    used 1761K, capacity 1793K, committed 1920K, reserved 1048576K
Event: 18.104 GC heap after
Heap after GC invocations=27 (full 3):
 PSYoungGen      total 346624K, used 9684K [0x00000000e0400000, 0x00000000f7c80000, 0x0000000100000000)
  eden space 312832K, 0% used [0x00000000e0400000,0x00000000e0400000,0x00000000f3580000)
  from space 33792K, 28% used [0x00000000f5b80000,0x00000000f64f5020,0x00000000f7c80000)
  to   space 36352K, 0% used [0x00000000f3580000,0x00000000f3580000,0x00000000f5900000)
 ParOldGen       total 219648K, used 145973K [0x00000000a0c00000, 0x00000000ae280000, 0x00000000e0400000)
  object space 219648K, 66% used [0x00000000a0c00000,0x00000000a9a8d518,0x00000000ae280000)
 Metaspace       used 18477K, capacity 18665K, committed 18816K, reserved 1067008K
  class space    used 1761K, capacity 1793K, committed 1920K, reserved 1048576K
}

