# JRE version: Java(TM) SE Runtime Environment (8.0_25-b18) (build 1.8.0_25-b18)
# Java VM: Java HotSpot(TM) 64-Bit Server VM (25.25-b02 mixed mode windows-amd64 compressed oops)
Heap:
 PSYoungGen      total 329216K, used 255232K [0x00000000e0400000, 0x00000000f8980000, 0x0000000100000000)
  eden space 276992K, 92% used [0x00000000e0400000,0x00000000efd30200,0x00000000f1280000)
  from space 52224K, 0% used [0x00000000f5680000,0x00000000f5690000,0x00000000f8980000)
  to   space 60928K, 0% used [0x00000000f1280000,0x00000000f1280000,0x00000000f4e00000)
 ParOldGen       total 205312K, used 154948K [0x00000000a0c00000, 0x00000000ad480000, 0x00000000e0400000)
  object space 205312K, 75% used [0x00000000a0c00000,0x00000000aa3510c8,0x00000000ad480000)
 Metaspace       used 17587K, capacity 17825K, committed 18048K, reserved 1064960K
  class space    used 1729K, capacity 1793K, committed 1920K, reserved 1048576K
GC Heap History (10 events):
Event: 3.416 GC heap before
{Heap before GC invocations=11 (full 2):
 PSYoungGen      total 204288K, used 201510K [0x00000000e0400000, 0x00000000f1380000, 0x0000000100000000)
  eden space 154624K, 98% used [0x00000000e0400000,0x00000000e984cec8,0x00000000e9b00000)
  from space 49664K, 99% used [0x00000000ed480000,0x00000000f04fc980,0x00000000f0500000)
  to   space 58880K, 0% used [0x00000000e9b00000,0x00000000e9b00000,0x00000000ed480000)
 ParOldGen       total 139264K, used 97410K [0x00000000a0c00000, 0x00000000a9400000, 0x00000000e0400000)
  object space 139264K, 69% used [0x00000000a0c00000,0x00000000a6b209e0,0x00000000a9400000)
 Metaspace       used 17356K, capacity 17569K, committed 17792K, reserved 1064960K
  class space    used 1717K, capacity 1793K, committed 1920K, reserved 1048576K
Event: 3.446 GC heap after
Heap after GC invocations=11 (full 2):
 PSYoungGen      total 213504K, used 38301K [0x00000000e0400000, 0x00000000f5580000, 0x0000000100000000)
  eden space 154624K, 0% used [0x00000000e0400000,0x00000000e0400000,0x00000000e9b00000)
  from space 58880K, 65% used [0x00000000e9b00000,0x00000000ec0674a0,0x00000000ed480000)
  to   space 60416K, 0% used [0x00000000f1a80000,0x00000000f1a80000,0x00000000f5580000)
 ParOldGen       total 139264K, used 109759K [0x00000000a0c00000, 0x00000000a9400000, 0x00000000e0400000)
  object space 139264K, 78% used [0x00000000a0c00000,0x00000000a772fe78,0x00000000a9400000)
 Metaspace       used 17356K, capacity 17569K, committed 17792K, reserved 1064960K
  class space    used 1717K, capacity 1793K, committed 1920K, reserved 1048576K
}
Event: 3.446 GC heap before
{Heap before GC invocations=12 (full 3):
 PSYoungGen      total 213504K, used 38301K [0x00000000e0400000, 0x00000000f5580000, 0x0000000100000000)
  eden space 154624K, 0% used [0x00000000e0400000,0x00000000e0400000,0x00000000e9b00000)
  from space 58880K, 65% used [0x00000000e9b00000,0x00000000ec0674a0,0x00000000ed480000)
  to   space 60416K, 0% used [0x00000000f1a80000,0x00000000f1a80000,0x00000000f5580000)
 ParOldGen       total 139264K, used 109759K [0x00000000a0c00000, 0x00000000a9400000, 0x00000000e0400000)
  object space 139264K, 78% used [0x00000000a0c00000,0x00000000a772fe78,0x00000000a9400000)
 Metaspace       used 17356K, capacity 17569K, committed 17792K, reserved 1064960K
  class space    used 1717K, capacity 1793K, committed 1920K, reserved 1048576K
Event: 3.607 GC heap after
Heap after GC invocations=12 (full 3):
 PSYoungGen      total 213504K, used 6942K [0x00000000e0400000, 0x00000000f5580000, 0x0000000100000000)
  eden space 154624K, 0% used [0x00000000e0400000,0x00000000e0400000,0x00000000e9b00000)
  from space 58880K, 11% used [0x00000000e9b00000,0x00000000ea1c79b0,0x00000000ed480000)
  to   space 60416K, 0% used [0x00000000f1a80000,0x00000000f1a80000,0x00000000f5580000)
 ParOldGen       total 205312K, used 138935K [0x00000000a0c00000, 0x00000000ad480000, 0x00000000e0400000)
  object space 205312K, 67% used [0x00000000a0c00000,0x00000000a93add38,0x00000000ad480000)
 Metaspace       used 17356K, capacity 17569K, committed 17792K, reserved 1064960K
  class space    used 1717K, capacity 1793K, committed 1920K, reserved 1048576K
}
Event: 4.088 GC heap before
{Heap before GC invocations=13 (full 3):
 PSYoungGen      total 213504K, used 160820K [0x00000000e0400000, 0x00000000f5580000, 0x0000000100000000)
  eden space 154624K, 99% used [0x00000000e0400000,0x00000000e9a45708,0x00000000e9b00000)
  from space 58880K, 11% used [0x00000000e9b00000,0x00000000ea1c79b0,0x00000000ed480000)
  to   space 60416K, 0% used [0x00000000f1a80000,0x00000000f1a80000,0x00000000f5580000)
 ParOldGen       total 205312K, used 138935K [0x00000000a0c00000, 0x00000000ad480000, 0x00000000e0400000)
  object space 205312K, 67% used [0x00000000a0c00000,0x00000000a93add38,0x00000000ad480000)
 Metaspace       used 17443K, capacity 17633K, committed 17792K, reserved 1064960K
  class space    used 1717K, capacity 1793K, committed 1920K, reserved 1048576K
Event: 4.100 GC heap after
Heap after GC invocations=13 (full 3):
 PSYoungGen      total 259584K, used 17304K [0x00000000e0400000, 0x00000000f4780000, 0x0000000100000000)
  eden space 213504K, 0% used [0x00000000e0400000,0x00000000e0400000,0x00000000ed480000)
  from space 46080K, 37% used [0x00000000f1a80000,0x00000000f2b66040,0x00000000f4780000)
  to   space 58880K, 0% used [0x00000000ed480000,0x00000000ed480000,0x00000000f0e00000)
 ParOldGen       total 205312K, used 145928K [0x00000000a0c00000, 0x00000000ad480000, 0x00000000e0400000)
  object space 205312K, 71% used [0x00000000a0c00000,0x00000000a9a82098,0x00000000ad480000)
 Metaspace       used 17443K, capacity 17633K, committed 17792K, reserved 1064960K
  class space    used 1717K, capacity 1793K, committed 1920K, reserved 1048576K
}
Event: 4.883 GC heap before
{Heap before GC invocations=14 (full 3):
 PSYoungGen      total 259584K, used 227574K [0x00000000e0400000, 0x00000000f4780000, 0x0000000100000000)
  eden space 213504K, 98% used [0x00000000e0400000,0x00000000ed157b18,0x00000000ed480000)
  from space 46080K, 37% used [0x00000000f1a80000,0x00000000f2b66040,0x00000000f4780000)
  to   space 58880K, 0% used [0x00000000ed480000,0x00000000ed480000,0x00000000f0e00000)
 ParOldGen       total 205312K, used 145928K [0x00000000a0c00000, 0x00000000ad480000, 0x00000000e0400000)
  object space 205312K, 71% used [0x00000000a0c00000,0x00000000a9a82098,0x00000000ad480000)
 Metaspace       used 17514K, capacity 17761K, committed 18048K, reserved 1064960K
  class space    used 1717K, capacity 1793K, committed 1920K, reserved 1048576K
Event: 4.887 GC heap after
Heap after GC invocations=14 (full 3):
 PSYoungGen      total 272384K, used 96K [0x00000000e0400000, 0x00000000f9180000, 0x0000000100000000)
  eden space 213504K, 0% used [0x00000000e0400000,0x00000000e0400000,0x00000000ed480000)
  from space 58880K, 0% used [0x00000000ed480000,0x00000000ed498000,0x00000000f0e00000)
  to   space 60416K, 0% used [0x00000000f5680000,0x00000000f5680000,0x00000000f9180000)
 ParOldGen       total 205312K, used 154932K [0x00000000a0c00000, 0x00000000ad480000, 0x00000000e0400000)
  object space 205312K, 75% used [0x00000000a0c00000,0x00000000aa34d0c8,0x00000000ad480000)
 Metaspace       used 17514K, capacity 17761K, committed 18048K, reserved 1064960K
  class space    used 1717K, capacity 1793K, committed 1920K, reserved 1048576K
}
Event: 5.651 GC heap before
{Heap before GC invocations=15 (full 3):
 PSYoungGen      total 272384K, used 208289K [0x00000000e0400000, 0x00000000f9180000, 0x0000000100000000)
  eden space 213504K, 97% used [0x00000000e0400000,0x00000000ecf50658,0x00000000ed480000)
  from space 58880K, 0% used [0x00000000ed480000,0x00000000ed498000,0x00000000f0e00000)
  to   space 60416K, 0% used [0x00000000f5680000,0x00000000f5680000,0x00000000f9180000)
 ParOldGen       total 205312K, used 154932K [0x00000000a0c00000, 0x00000000ad480000, 0x00000000e0400000)
  object space 205312K, 75% used [0x00000000a0c00000,0x00000000aa34d0c8,0x00000000ad480000)
 Metaspace       used 17549K, capacity 17825K, committed 18048K, reserved 1064960K
  class space    used 1717K, capacity 1793K, committed 1920K, reserved 1048576K
Event: 5.652 GC heap after
Heap after GC invocations=15 (full 3):
 PSYoungGen      total 329216K, used 64K [0x00000000e0400000, 0x00000000f8980000, 0x0000000100000000)
  eden space 276992K, 0% used [0x00000000e0400000,0x00000000e0400000,0x00000000f1280000)
  from space 52224K, 0% used [0x00000000f5680000,0x00000000f5690000,0x00000000f8980000)
  to   space 60928K, 0% used [0x00000000f1280000,0x00000000f1280000,0x00000000f4e00000)
 ParOldGen       total 205312K, used 154948K [0x00000000a0c00000, 0x00000000ad480000, 0x00000000e0400000)
  object space 205312K, 75% used [0x00000000a0c00000,0x00000000aa3510c8,0x00000000ad480000)
 Metaspace       used 17549K, capacity 17825K, committed 18048K, reserved 1064960K
  class space    used 1717K, capacity 1793K, committed 1920K, reserved 1048576K
}

