# JRE version: Java(TM) SE Runtime Environment (8.0_25-b18) (build 1.8.0_25-b18)
# Java VM: Java HotSpot(TM) 64-Bit Server VM (25.25-b02 mixed mode windows-amd64 compressed oops)
Heap:
 PSYoungGen      total 449024K, used 252805K [0x00000000e0400000, 0x00000000ff500000, 0x0000000100000000)
  eden space 393216K, 54% used [0x00000000e0400000,0x00000000ed43fb10,0x00000000f8400000)
  from space 55808K, 70% used [0x00000000fbe80000,0x00000000fe521948,0x00000000ff500000)
  to   space 57856K, 0% used [0x00000000f8400000,0x00000000f8400000,0x00000000fbc80000)
 ParOldGen       total 204800K, used 116317K [0x00000000a0c00000, 0x00000000ad400000, 0x00000000e0400000)
  object space 204800K, 56% used [0x00000000a0c00000,0x00000000a7d97418,0x00000000ad400000)
 Metaspace       used 17984K, capacity 18185K, committed 18432K, reserved 1067008K
  class space    used 1722K, capacity 1761K, committed 1792K, reserved 1048576K
GC Heap History (10 events):
Event: 9.557 GC heap before
{Heap before GC invocations=16 (full 2):
 PSYoungGen      total 351232K, used 327034K [0x00000000e0400000, 0x00000000fbb00000, 0x0000000100000000)
  eden space 291840K, 98% used [0x00000000e0400000,0x00000000f1cc3218,0x00000000f2100000)
  from space 59392K, 66% used [0x00000000f2100000,0x00000000f479b7a0,0x00000000f5b00000)
  to   space 58880K, 0% used [0x00000000f8180000,0x00000000f8180000,0x00000000fbb00000)
 ParOldGen       total 204800K, used 116285K [0x00000000a0c00000, 0x00000000ad400000, 0x00000000e0400000)
  object space 204800K, 56% used [0x00000000a0c00000,0x00000000a7d8f418,0x00000000ad400000)
 Metaspace       used 17787K, capacity 17993K, committed 18176K, reserved 1064960K
  class space    used 1710K, capacity 1761K, committed 1792K, reserved 1048576K
Event: 9.595 GC heap after
Heap after GC invocations=16 (full 2):
 PSYoungGen      total 389632K, used 39494K [0x00000000e0400000, 0x00000000fba00000, 0x0000000100000000)
  eden space 331776K, 0% used [0x00000000e0400000,0x00000000e0400000,0x00000000f4800000)
  from space 57856K, 68% used [0x00000000f8180000,0x00000000fa811948,0x00000000fba00000)
  to   space 58368K, 0% used [0x00000000f4800000,0x00000000f4800000,0x00000000f8100000)
 ParOldGen       total 204800K, used 116293K [0x00000000a0c00000, 0x00000000ad400000, 0x00000000e0400000)
  object space 204800K, 56% used [0x00000000a0c00000,0x00000000a7d91418,0x00000000ad400000)
 Metaspace       used 17787K, capacity 17993K, committed 18176K, reserved 1064960K
  class space    used 1710K, capacity 1761K, committed 1792K, reserved 1048576K
}
Event: 10.762 GC heap before
{Heap before GC invocations=17 (full 2):
 PSYoungGen      total 389632K, used 370741K [0x00000000e0400000, 0x00000000fba00000, 0x0000000100000000)
  eden space 331776K, 99% used [0x00000000e0400000,0x00000000f477be40,0x00000000f4800000)
  from space 57856K, 68% used [0x00000000f8180000,0x00000000fa811948,0x00000000fba00000)
  to   space 58368K, 0% used [0x00000000f4800000,0x00000000f4800000,0x00000000f8100000)
 ParOldGen       total 204800K, used 116293K [0x00000000a0c00000, 0x00000000ad400000, 0x00000000e0400000)
  object space 204800K, 56% used [0x00000000a0c00000,0x00000000a7d91418,0x00000000ad400000)
 Metaspace       used 17858K, capacity 18057K, committed 18176K, reserved 1064960K
  class space    used 1710K, capacity 1761K, committed 1792K, reserved 1048576K
Event: 10.773 GC heap after
Heap after GC invocations=17 (full 2):
 PSYoungGen      total 390144K, used 47617K [0x00000000e0400000, 0x00000000fe480000, 0x0000000100000000)
  eden space 331776K, 0% used [0x00000000e0400000,0x00000000e0400000,0x00000000f4800000)
  from space 58368K, 81% used [0x00000000f4800000,0x00000000f76807a0,0x00000000f8100000)
  to   space 60928K, 0% used [0x00000000fa900000,0x00000000fa900000,0x00000000fe480000)
 ParOldGen       total 204800K, used 116301K [0x00000000a0c00000, 0x00000000ad400000, 0x00000000e0400000)
  object space 204800K, 56% used [0x00000000a0c00000,0x00000000a7d93418,0x00000000ad400000)
 Metaspace       used 17858K, capacity 18057K, committed 18176K, reserved 1064960K
  class space    used 1710K, capacity 1761K, committed 1792K, reserved 1048576K
}
Event: 11.993 GC heap before
{Heap before GC invocations=18 (full 2):
 PSYoungGen      total 390144K, used 371828K [0x00000000e0400000, 0x00000000fe480000, 0x0000000100000000)
  eden space 331776K, 97% used [0x00000000e0400000,0x00000000f409ca90,0x00000000f4800000)
  from space 58368K, 81% used [0x00000000f4800000,0x00000000f76807a0,0x00000000f8100000)
  to   space 60928K, 0% used [0x00000000fa900000,0x00000000fa900000,0x00000000fe480000)
 ParOldGen       total 204800K, used 116301K [0x00000000a0c00000, 0x00000000ad400000, 0x00000000e0400000)
  object space 204800K, 56% used [0x00000000a0c00000,0x00000000a7d93418,0x00000000ad400000)
 Metaspace       used 17920K, capacity 18121K, committed 18176K, reserved 1064960K
  class space    used 1710K, capacity 1761K, committed 1792K, reserved 1048576K
Event: 12.027 GC heap after
Heap after GC invocations=18 (full 2):
 PSYoungGen      total 429056K, used 39542K [0x00000000e0400000, 0x00000000fe280000, 0x0000000100000000)
  eden space 370176K, 0% used [0x00000000e0400000,0x00000000e0400000,0x00000000f6d80000)
  from space 58880K, 67% used [0x00000000fa900000,0x00000000fcf9d938,0x00000000fe280000)
  to   space 59904K, 0% used [0x00000000f6d80000,0x00000000f6d80000,0x00000000fa800000)
 ParOldGen       total 204800K, used 116309K [0x00000000a0c00000, 0x00000000ad400000, 0x00000000e0400000)
  object space 204800K, 56% used [0x00000000a0c00000,0x00000000a7d95418,0x00000000ad400000)
 Metaspace       used 17920K, capacity 18121K, committed 18176K, reserved 1064960K
  class space    used 1710K, capacity 1761K, committed 1792K, reserved 1048576K
}
Event: 13.360 GC heap before
{Heap before GC invocations=19 (full 2):
 PSYoungGen      total 429056K, used 407552K [0x00000000e0400000, 0x00000000fe280000, 0x0000000100000000)
  eden space 370176K, 99% used [0x00000000e0400000,0x00000000f6b627d0,0x00000000f6d80000)
  from space 58880K, 67% used [0x00000000fa900000,0x00000000fcf9d938,0x00000000fe280000)
  to   space 59904K, 0% used [0x00000000f6d80000,0x00000000f6d80000,0x00000000fa800000)
 ParOldGen       total 204800K, used 116309K [0x00000000a0c00000, 0x00000000ad400000, 0x00000000e0400000)
  object space 204800K, 56% used [0x00000000a0c00000,0x00000000a7d95418,0x00000000ad400000)
 Metaspace       used 17926K, capacity 18121K, committed 18176K, reserved 1064960K
  class space    used 1710K, capacity 1761K, committed 1792K, reserved 1048576K
Event: 13.369 GC heap after
Heap after GC invocations=19 (full 2):
 PSYoungGen      total 430080K, used 39494K [0x00000000e0400000, 0x00000000ff800000, 0x0000000100000000)
  eden space 370176K, 0% used [0x00000000e0400000,0x00000000e0400000,0x00000000f6d80000)
  from space 59904K, 65% used [0x00000000f6d80000,0x00000000f9411948,0x00000000fa800000)
  to   space 58880K, 0% used [0x00000000fbe80000,0x00000000fbe80000,0x00000000ff800000)
 ParOldGen       total 204800K, used 116317K [0x00000000a0c00000, 0x00000000ad400000, 0x00000000e0400000)
  object space 204800K, 56% used [0x00000000a0c00000,0x00000000a7d97418,0x00000000ad400000)
 Metaspace       used 17926K, capacity 18121K, committed 18176K, reserved 1064960K
  class space    used 1710K, capacity 1761K, committed 1792K, reserved 1048576K
}
Event: 14.723 GC heap before
{Heap before GC invocations=20 (full 2):
 PSYoungGen      total 430080K, used 407321K [0x00000000e0400000, 0x00000000ff800000, 0x0000000100000000)
  eden space 370176K, 99% used [0x00000000e0400000,0x00000000f6b34e20,0x00000000f6d80000)
  from space 59904K, 65% used [0x00000000f6d80000,0x00000000f9411948,0x00000000fa800000)
  to   space 58880K, 0% used [0x00000000fbe80000,0x00000000fbe80000,0x00000000ff800000)
 ParOldGen       total 204800K, used 116317K [0x00000000a0c00000, 0x00000000ad400000, 0x00000000e0400000)
  object space 204800K, 56% used [0x00000000a0c00000,0x00000000a7d97418,0x00000000ad400000)
 Metaspace       used 17941K, capacity 18185K, committed 18432K, reserved 1067008K
  class space    used 1710K, capacity 1761K, committed 1792K, reserved 1048576K
Event: 14.746 GC heap after
Heap after GC invocations=20 (full 2):
 PSYoungGen      total 449024K, used 39558K [0x00000000e0400000, 0x00000000ff500000, 0x0000000100000000)
  eden space 393216K, 0% used [0x00000000e0400000,0x00000000e0400000,0x00000000f8400000)
  from space 55808K, 70% used [0x00000000fbe80000,0x00000000fe521948,0x00000000ff500000)
  to   space 57856K, 0% used [0x00000000f8400000,0x00000000f8400000,0x00000000fbc80000)
 ParOldGen       total 204800K, used 116317K [0x00000000a0c00000, 0x00000000ad400000, 0x00000000e0400000)
  object space 204800K, 56% used [0x00000000a0c00000,0x00000000a7d97418,0x00000000ad400000)
 Metaspace       used 17941K, capacity 18185K, committed 18432K, reserved 1067008K
  class space    used 1710K, capacity 1761K, committed 1792K, reserved 1048576K
}

