# JRE version: Java(TM) SE Runtime Environment (8.0_25-b18) (build 1.8.0_25-b18)
# Java VM: Java HotSpot(TM) 64-Bit Server VM (25.25-b02 mixed mode windows-amd64 compressed oops)
Heap:
 PSYoungGen      total 346112K, used 182944K [0x00000000e0400000, 0x00000000f6700000, 0x0000000100000000)
  eden space 334848K, 51% used [0x00000000e0400000,0x00000000eadcb1c8,0x00000000f4b00000)
  from space 11264K, 80% used [0x00000000f4b00000,0x00000000f53dd020,0x00000000f5600000)
  to   space 13312K, 0% used [0x00000000f5a00000,0x00000000f5a00000,0x00000000f6700000)
 ParOldGen       total 236544K, used 163965K [0x00000000a0c00000, 0x00000000af300000, 0x00000000e0400000)
  object space 236544K, 69% used [0x00000000a0c00000,0x00000000aac1f430,0x00000000af300000)
 Metaspace       used 18003K, capacity 18217K, committed 18560K, reserved 1067008K
  class space    used 1735K, capacity 1793K, committed 1920K, reserved 1048576K
GC Heap History (10 events):
Event: 23.044 GC heap before
{Heap before GC invocations=56 (full 3):
 PSYoungGen      total 345088K, used 332032K [0x00000000e0400000, 0x00000000f6400000, 0x0000000100000000)
  eden space 331776K, 100% used [0x00000000e0400000,0x00000000f4800000,0x00000000f4800000)
  from space 13312K, 1% used [0x00000000f5700000,0x00000000f5740000,0x00000000f6400000)
  to   space 14336K, 0% used [0x00000000f4800000,0x00000000f4800000,0x00000000f5600000)
 ParOldGen       total 236544K, used 163893K [0x00000000a0c00000, 0x00000000af300000, 0x00000000e0400000)
  object space 236544K, 69% used [0x00000000a0c00000,0x00000000aac0d430,0x00000000af300000)
 Metaspace       used 17952K, capacity 18217K, committed 18560K, reserved 1067008K
  class space    used 1723K, capacity 1793K, committed 1920K, reserved 1048576K
Event: 23.045 GC heap after
Heap after GC invocations=56 (full 3):
 PSYoungGen      total 346112K, used 160K [0x00000000e0400000, 0x00000000f6380000, 0x0000000100000000)
  eden space 331776K, 0% used [0x00000000e0400000,0x00000000e0400000,0x00000000f4800000)
  from space 14336K, 1% used [0x00000000f4800000,0x00000000f4828000,0x00000000f5600000)
  to   space 13312K, 0% used [0x00000000f5680000,0x00000000f5680000,0x00000000f6380000)
 ParOldGen       total 236544K, used 163933K [0x00000000a0c00000, 0x00000000af300000, 0x00000000e0400000)
  object space 236544K, 69% used [0x00000000a0c00000,0x00000000aac17430,0x00000000af300000)
 Metaspace       used 17952K, capacity 18217K, committed 18560K, reserved 1067008K
  class space    used 1723K, capacity 1793K, committed 1920K, reserved 1048576K
}
Event: 23.554 GC heap before
{Heap before GC invocations=57 (full 3):
 PSYoungGen      total 346112K, used 324268K [0x00000000e0400000, 0x00000000f6380000, 0x0000000100000000)
  eden space 331776K, 97% used [0x00000000e0400000,0x00000000f4083108,0x00000000f4800000)
  from space 14336K, 1% used [0x00000000f4800000,0x00000000f4828000,0x00000000f5600000)
  to   space 13312K, 0% used [0x00000000f5680000,0x00000000f5680000,0x00000000f6380000)
 ParOldGen       total 236544K, used 163933K [0x00000000a0c00000, 0x00000000af300000, 0x00000000e0400000)
  object space 236544K, 69% used [0x00000000a0c00000,0x00000000aac17430,0x00000000af300000)
 Metaspace       used 17952K, capacity 18217K, committed 18560K, reserved 1067008K
  class space    used 1723K, capacity 1793K, committed 1920K, reserved 1048576K
Event: 23.555 GC heap after
Heap after GC invocations=57 (full 3):
 PSYoungGen      total 345600K, used 192K [0x00000000e0400000, 0x00000000f6280000, 0x0000000100000000)
  eden space 333312K, 0% used [0x00000000e0400000,0x00000000e0400000,0x00000000f4980000)
  from space 12288K, 1% used [0x00000000f5680000,0x00000000f56b0000,0x00000000f6280000)
  to   space 12800K, 0% used [0x00000000f4980000,0x00000000f4980000,0x00000000f5600000)
 ParOldGen       total 236544K, used 163933K [0x00000000a0c00000, 0x00000000af300000, 0x00000000e0400000)
  object space 236544K, 69% used [0x00000000a0c00000,0x00000000aac17430,0x00000000af300000)
 Metaspace       used 17952K, capacity 18217K, committed 18560K, reserved 1067008K
  class space    used 1723K, capacity 1793K, committed 1920K, reserved 1048576K
}
Event: 24.079 GC heap before
{Heap before GC invocations=58 (full 3):
 PSYoungGen      total 345600K, used 333504K [0x00000000e0400000, 0x00000000f6280000, 0x0000000100000000)
  eden space 333312K, 100% used [0x00000000e0400000,0x00000000f4980000,0x00000000f4980000)
  from space 12288K, 1% used [0x00000000f5680000,0x00000000f56b0000,0x00000000f6280000)
  to   space 12800K, 0% used [0x00000000f4980000,0x00000000f4980000,0x00000000f5600000)
 ParOldGen       total 236544K, used 163933K [0x00000000a0c00000, 0x00000000af300000, 0x00000000e0400000)
  object space 236544K, 69% used [0x00000000a0c00000,0x00000000aac17430,0x00000000af300000)
 Metaspace       used 17968K, capacity 18217K, committed 18560K, reserved 1067008K
  class space    used 1723K, capacity 1793K, committed 1920K, reserved 1048576K
Event: 24.080 GC heap after
Heap after GC invocations=58 (full 3):
 PSYoungGen      total 346112K, used 128K [0x00000000e0400000, 0x00000000f6200000, 0x0000000100000000)
  eden space 333312K, 0% used [0x00000000e0400000,0x00000000e0400000,0x00000000f4980000)
  from space 12800K, 1% used [0x00000000f4980000,0x00000000f49a0000,0x00000000f5600000)
  to   space 11776K, 0% used [0x00000000f5680000,0x00000000f5680000,0x00000000f6200000)
 ParOldGen       total 236544K, used 163941K [0x00000000a0c00000, 0x00000000af300000, 0x00000000e0400000)
  object space 236544K, 69% used [0x00000000a0c00000,0x00000000aac19430,0x00000000af300000)
 Metaspace       used 17968K, capacity 18217K, committed 18560K, reserved 1067008K
  class space    used 1723K, capacity 1793K, committed 1920K, reserved 1048576K
}
Event: 24.610 GC heap before
{Heap before GC invocations=59 (full 3):
 PSYoungGen      total 346112K, used 333440K [0x00000000e0400000, 0x00000000f6200000, 0x0000000100000000)
  eden space 333312K, 100% used [0x00000000e0400000,0x00000000f4980000,0x00000000f4980000)
  from space 12800K, 1% used [0x00000000f4980000,0x00000000f49a0000,0x00000000f5600000)
  to   space 11776K, 0% used [0x00000000f5680000,0x00000000f5680000,0x00000000f6200000)
 ParOldGen       total 236544K, used 163941K [0x00000000a0c00000, 0x00000000af300000, 0x00000000e0400000)
  object space 236544K, 69% used [0x00000000a0c00000,0x00000000aac19430,0x00000000af300000)
 Metaspace       used 17968K, capacity 18217K, committed 18560K, reserved 1067008K
  class space    used 1723K, capacity 1793K, committed 1920K, reserved 1048576K
Event: 24.612 GC heap after
Heap after GC invocations=59 (full 3):
 PSYoungGen      total 345600K, used 128K [0x00000000e0400000, 0x00000000f6100000, 0x0000000100000000)
  eden space 334848K, 0% used [0x00000000e0400000,0x00000000e0400000,0x00000000f4b00000)
  from space 10752K, 1% used [0x00000000f5680000,0x00000000f56a0000,0x00000000f6100000)
  to   space 11264K, 0% used [0x00000000f4b00000,0x00000000f4b00000,0x00000000f5600000)
 ParOldGen       total 236544K, used 163941K [0x00000000a0c00000, 0x00000000af300000, 0x00000000e0400000)
  object space 236544K, 69% used [0x00000000a0c00000,0x00000000aac19430,0x00000000af300000)
 Metaspace       used 17968K, capacity 18217K, committed 18560K, reserved 1067008K
  class space    used 1723K, capacity 1793K, committed 1920K, reserved 1048576K
}
Event: 25.125 GC heap before
{Heap before GC invocations=60 (full 3):
 PSYoungGen      total 345600K, used 334436K [0x00000000e0400000, 0x00000000f6100000, 0x0000000100000000)
  eden space 334848K, 99% used [0x00000000e0400000,0x00000000f4a79230,0x00000000f4b00000)
  from space 10752K, 1% used [0x00000000f5680000,0x00000000f56a0000,0x00000000f6100000)
  to   space 11264K, 0% used [0x00000000f4b00000,0x00000000f4b00000,0x00000000f5600000)
 ParOldGen       total 236544K, used 163941K [0x00000000a0c00000, 0x00000000af300000, 0x00000000e0400000)
  object space 236544K, 69% used [0x00000000a0c00000,0x00000000aac19430,0x00000000af300000)
 Metaspace       used 17968K, capacity 18217K, committed 18560K, reserved 1067008K
  class space    used 1723K, capacity 1793K, committed 1920K, reserved 1048576K
Event: 25.128 GC heap after
Heap after GC invocations=60 (full 3):
 PSYoungGen      total 346112K, used 9076K [0x00000000e0400000, 0x00000000f6700000, 0x0000000100000000)
  eden space 334848K, 0% used [0x00000000e0400000,0x00000000e0400000,0x00000000f4b00000)
  from space 11264K, 80% used [0x00000000f4b00000,0x00000000f53dd020,0x00000000f5600000)
  to   space 13312K, 0% used [0x00000000f5a00000,0x00000000f5a00000,0x00000000f6700000)
 ParOldGen       total 236544K, used 163965K [0x00000000a0c00000, 0x00000000af300000, 0x00000000e0400000)
  object space 236544K, 69% used [0x00000000a0c00000,0x00000000aac1f430,0x00000000af300000)
 Metaspace       used 17968K, capacity 18217K, committed 18560K, reserved 1067008K
  class space    used 1723K, capacity 1793K, committed 1920K, reserved 1048576K
}

