# JRE version: Java(TM) SE Runtime Environment (8.0_25-b18) (build 1.8.0_25-b18)
# Java VM: Java HotSpot(TM) 64-Bit Server VM (25.25-b02 mixed mode windows-amd64 compressed oops)
Heap:
 PSYoungGen      total 415232K, used 220544K [0x00000000e0400000, 0x00000000fb680000, 0x0000000100000000)
  eden space 388608K, 56% used [0x00000000e0400000,0x00000000edab8058,0x00000000f7f80000)
  from space 26624K, 2% used [0x00000000f9c80000,0x00000000f9d28000,0x00000000fb680000)
  to   space 28160K, 0% used [0x00000000f7f80000,0x00000000f7f80000,0x00000000f9b00000)
 ParOldGen       total 230912K, used 155089K [0x00000000a0c00000, 0x00000000aed80000, 0x00000000e0400000)
  object space 230912K, 67% used [0x00000000a0c00000,0x00000000aa3746c0,0x00000000aed80000)
 Metaspace       used 18438K, capacity 18629K, committed 18816K, reserved 1067008K
  class space    used 1771K, capacity 1825K, committed 1920K, reserved 1048576K
GC Heap History (10 events):
Event: 13.105 GC heap before
{Heap before GC invocations=33 (full 3):
 PSYoungGen      total 412160K, used 377088K [0x00000000e0400000, 0x00000000fbd80000, 0x0000000100000000)
  eden space 376320K, 100% used [0x00000000e0400000,0x00000000f7380000,0x00000000f7380000)
  from space 35840K, 2% used [0x00000000f7380000,0x00000000f7440000,0x00000000f9680000)
  to   space 34816K, 0% used [0x00000000f9b80000,0x00000000f9b80000,0x00000000fbd80000)
 ParOldGen       total 230912K, used 155017K [0x00000000a0c00000, 0x00000000aed80000, 0x00000000e0400000)
  object space 230912K, 67% used [0x00000000a0c00000,0x00000000aa3626c0,0x00000000aed80000)
 Metaspace       used 18334K, capacity 18565K, committed 18816K, reserved 1067008K
  class space    used 1771K, capacity 1825K, committed 1920K, reserved 1048576K
Event: 13.107 GC heap after
Heap after GC invocations=33 (full 3):
 PSYoungGen      total 413184K, used 672K [0x00000000e0400000, 0x00000000fba80000, 0x0000000100000000)
  eden space 381440K, 0% used [0x00000000e0400000,0x00000000e0400000,0x00000000f7880000)
  from space 31744K, 2% used [0x00000000f9b80000,0x00000000f9c28000,0x00000000fba80000)
  to   space 33792K, 0% used [0x00000000f7880000,0x00000000f7880000,0x00000000f9980000)
 ParOldGen       total 230912K, used 155033K [0x00000000a0c00000, 0x00000000aed80000, 0x00000000e0400000)
  object space 230912K, 67% used [0x00000000a0c00000,0x00000000aa3666c0,0x00000000aed80000)
 Metaspace       used 18334K, capacity 18565K, committed 18816K, reserved 1067008K
  class space    used 1771K, capacity 1825K, committed 1920K, reserved 1048576K
}
Event: 13.705 GC heap before
{Heap before GC invocations=34 (full 3):
 PSYoungGen      total 413184K, used 382112K [0x00000000e0400000, 0x00000000fba80000, 0x0000000100000000)
  eden space 381440K, 100% used [0x00000000e0400000,0x00000000f7880000,0x00000000f7880000)
  from space 31744K, 2% used [0x00000000f9b80000,0x00000000f9c28000,0x00000000fba80000)
  to   space 33792K, 0% used [0x00000000f7880000,0x00000000f7880000,0x00000000f9980000)
 ParOldGen       total 230912K, used 155033K [0x00000000a0c00000, 0x00000000aed80000, 0x00000000e0400000)
  object space 230912K, 67% used [0x00000000a0c00000,0x00000000aa3666c0,0x00000000aed80000)
 Metaspace       used 18352K, capacity 18565K, committed 18816K, reserved 1067008K
  class space    used 1771K, capacity 1825K, committed 1920K, reserved 1048576K
Event: 13.706 GC heap after
Heap after GC invocations=34 (full 3):
 PSYoungGen      total 415232K, used 672K [0x00000000e0400000, 0x00000000fbc00000, 0x0000000100000000)
  eden space 381440K, 0% used [0x00000000e0400000,0x00000000e0400000,0x00000000f7880000)
  from space 33792K, 1% used [0x00000000f7880000,0x00000000f7928000,0x00000000f9980000)
  to   space 32256K, 0% used [0x00000000f9c80000,0x00000000f9c80000,0x00000000fbc00000)
 ParOldGen       total 230912K, used 155049K [0x00000000a0c00000, 0x00000000aed80000, 0x00000000e0400000)
  object space 230912K, 67% used [0x00000000a0c00000,0x00000000aa36a6c0,0x00000000aed80000)
 Metaspace       used 18352K, capacity 18565K, committed 18816K, reserved 1067008K
  class space    used 1771K, capacity 1825K, committed 1920K, reserved 1048576K
}
Event: 14.291 GC heap before
{Heap before GC invocations=35 (full 3):
 PSYoungGen      total 415232K, used 382112K [0x00000000e0400000, 0x00000000fbc00000, 0x0000000100000000)
  eden space 381440K, 100% used [0x00000000e0400000,0x00000000f7880000,0x00000000f7880000)
  from space 33792K, 1% used [0x00000000f7880000,0x00000000f7928000,0x00000000f9980000)
  to   space 32256K, 0% used [0x00000000f9c80000,0x00000000f9c80000,0x00000000fbc00000)
 ParOldGen       total 230912K, used 155049K [0x00000000a0c00000, 0x00000000aed80000, 0x00000000e0400000)
  object space 230912K, 67% used [0x00000000a0c00000,0x00000000aa36a6c0,0x00000000aed80000)
 Metaspace       used 18354K, capacity 18565K, committed 18816K, reserved 1067008K
  class space    used 1771K, capacity 1825K, committed 1920K, reserved 1048576K
Event: 14.292 GC heap after
Heap after GC invocations=35 (full 3):
 PSYoungGen      total 415232K, used 672K [0x00000000e0400000, 0x00000000fb980000, 0x0000000100000000)
  eden space 385536K, 0% used [0x00000000e0400000,0x00000000e0400000,0x00000000f7c80000)
  from space 29696K, 2% used [0x00000000f9c80000,0x00000000f9d28000,0x00000000fb980000)
  to   space 31232K, 0% used [0x00000000f7c80000,0x00000000f7c80000,0x00000000f9b00000)
 ParOldGen       total 230912K, used 155065K [0x00000000a0c00000, 0x00000000aed80000, 0x00000000e0400000)
  object space 230912K, 67% used [0x00000000a0c00000,0x00000000aa36e6c0,0x00000000aed80000)
 Metaspace       used 18354K, capacity 18565K, committed 18816K, reserved 1067008K
  class space    used 1771K, capacity 1825K, committed 1920K, reserved 1048576K
}
Event: 14.905 GC heap before
{Heap before GC invocations=36 (full 3):
 PSYoungGen      total 415232K, used 386208K [0x00000000e0400000, 0x00000000fb980000, 0x0000000100000000)
  eden space 385536K, 100% used [0x00000000e0400000,0x00000000f7c80000,0x00000000f7c80000)
  from space 29696K, 2% used [0x00000000f9c80000,0x00000000f9d28000,0x00000000fb980000)
  to   space 31232K, 0% used [0x00000000f7c80000,0x00000000f7c80000,0x00000000f9b00000)
 ParOldGen       total 230912K, used 155065K [0x00000000a0c00000, 0x00000000aed80000, 0x00000000e0400000)
  object space 230912K, 67% used [0x00000000a0c00000,0x00000000aa36e6c0,0x00000000aed80000)
 Metaspace       used 18360K, capacity 18565K, committed 18816K, reserved 1067008K
  class space    used 1771K, capacity 1825K, committed 1920K, reserved 1048576K
Event: 14.907 GC heap after
Heap after GC invocations=36 (full 3):
 PSYoungGen      total 416768K, used 704K [0x00000000e0400000, 0x00000000fb980000, 0x0000000100000000)
  eden space 385536K, 0% used [0x00000000e0400000,0x00000000e0400000,0x00000000f7c80000)
  from space 31232K, 2% used [0x00000000f7c80000,0x00000000f7d30000,0x00000000f9b00000)
  to   space 29696K, 0% used [0x00000000f9c80000,0x00000000f9c80000,0x00000000fb980000)
 ParOldGen       total 230912K, used 155081K [0x00000000a0c00000, 0x00000000aed80000, 0x00000000e0400000)
  object space 230912K, 67% used [0x00000000a0c00000,0x00000000aa3726c0,0x00000000aed80000)
 Metaspace       used 18360K, capacity 18565K, committed 18816K, reserved 1067008K
  class space    used 1771K, capacity 1825K, committed 1920K, reserved 1048576K
}
Event: 15.506 GC heap before
{Heap before GC invocations=37 (full 3):
 PSYoungGen      total 416768K, used 386240K [0x00000000e0400000, 0x00000000fb980000, 0x0000000100000000)
  eden space 385536K, 100% used [0x00000000e0400000,0x00000000f7c80000,0x00000000f7c80000)
  from space 31232K, 2% used [0x00000000f7c80000,0x00000000f7d30000,0x00000000f9b00000)
  to   space 29696K, 0% used [0x00000000f9c80000,0x00000000f9c80000,0x00000000fb980000)
 ParOldGen       total 230912K, used 155081K [0x00000000a0c00000, 0x00000000aed80000, 0x00000000e0400000)
  object space 230912K, 67% used [0x00000000a0c00000,0x00000000aa3726c0,0x00000000aed80000)
 Metaspace       used 18436K, capacity 18629K, committed 18816K, reserved 1067008K
  class space    used 1771K, capacity 1825K, committed 1920K, reserved 1048576K
Event: 15.508 GC heap after
Heap after GC invocations=37 (full 3):
 PSYoungGen      total 415232K, used 672K [0x00000000e0400000, 0x00000000fb680000, 0x0000000100000000)
  eden space 388608K, 0% used [0x00000000e0400000,0x00000000e0400000,0x00000000f7f80000)
  from space 26624K, 2% used [0x00000000f9c80000,0x00000000f9d28000,0x00000000fb680000)
  to   space 28160K, 0% used [0x00000000f7f80000,0x00000000f7f80000,0x00000000f9b00000)
 ParOldGen       total 230912K, used 155089K [0x00000000a0c00000, 0x00000000aed80000, 0x00000000e0400000)
  object space 230912K, 67% used [0x00000000a0c00000,0x00000000aa3746c0,0x00000000aed80000)
 Metaspace       used 18436K, capacity 18629K, committed 18816K, reserved 1067008K
  class space    used 1771K, capacity 1825K, committed 1920K, reserved 1048576K
}

