# JRE version: Java(TM) SE Runtime Environment (8.0_25-b18) (build 1.8.0_25-b18)
# Java VM: Java HotSpot(TM) 64-Bit Server VM (25.25-b02 mixed mode windows-amd64 compressed oops)
Heap:
 PSYoungGen      total 394752K, used 99895K [0x00000000e0400000, 0x00000000fa400000, 0x0000000100000000)
  eden space 363008K, 27% used [0x00000000e0400000,0x00000000e6555f48,0x00000000f6680000)
  from space 31744K, 0% used [0x00000000f6680000,0x00000000f66b8000,0x00000000f8580000)
  to   space 29696K, 0% used [0x00000000f8700000,0x00000000f8700000,0x00000000fa400000)
 ParOldGen       total 225792K, used 155244K [0x00000000a0c00000, 0x00000000ae880000, 0x00000000e0400000)
  object space 225792K, 68% used [0x00000000a0c00000,0x00000000aa39b2c8,0x00000000ae880000)
 Metaspace       used 17961K, capacity 18153K, committed 18304K, reserved 1064960K
  class space    used 1735K, capacity 1793K, committed 1920K, reserved 1048576K
GC Heap History (10 events):
Event: 10.414 GC heap before
{Heap before GC invocations=28 (full 3):
 PSYoungGen      total 389120K, used 354864K [0x00000000e0400000, 0x00000000fa980000, 0x0000000100000000)
  eden space 353792K, 100% used [0x00000000e0400000,0x00000000f5d80000,0x00000000f5d80000)
  from space 35328K, 3% used [0x00000000f8700000,0x00000000f880c010,0x00000000fa980000)
  to   space 38912K, 0% used [0x00000000f5d80000,0x00000000f5d80000,0x00000000f8380000)
 ParOldGen       total 225792K, used 154284K [0x00000000a0c00000, 0x00000000ae880000, 0x00000000e0400000)
  object space 225792K, 68% used [0x00000000a0c00000,0x00000000aa2ab2b8,0x00000000ae880000)
 Metaspace       used 17835K, capacity 18089K, committed 18304K, reserved 1064960K
  class space    used 1723K, capacity 1793K, committed 1920K, reserved 1048576K
Event: 10.415 GC heap after
Heap after GC invocations=28 (full 3):
 PSYoungGen      total 392704K, used 1040K [0x00000000e0400000, 0x00000000fab00000, 0x0000000100000000)
  eden space 353792K, 0% used [0x00000000e0400000,0x00000000e0400000,0x00000000f5d80000)
  from space 38912K, 2% used [0x00000000f5d80000,0x00000000f5e84010,0x00000000f8380000)
  to   space 36864K, 0% used [0x00000000f8700000,0x00000000f8700000,0x00000000fab00000)
 ParOldGen       total 225792K, used 154292K [0x00000000a0c00000, 0x00000000ae880000, 0x00000000e0400000)
  object space 225792K, 68% used [0x00000000a0c00000,0x00000000aa2ad2b8,0x00000000ae880000)
 Metaspace       used 17835K, capacity 18089K, committed 18304K, reserved 1064960K
  class space    used 1723K, capacity 1793K, committed 1920K, reserved 1048576K
}
Event: 10.943 GC heap before
{Heap before GC invocations=29 (full 3):
 PSYoungGen      total 392704K, used 354832K [0x00000000e0400000, 0x00000000fab00000, 0x0000000100000000)
  eden space 353792K, 100% used [0x00000000e0400000,0x00000000f5d80000,0x00000000f5d80000)
  from space 38912K, 2% used [0x00000000f5d80000,0x00000000f5e84010,0x00000000f8380000)
  to   space 36864K, 0% used [0x00000000f8700000,0x00000000f8700000,0x00000000fab00000)
 ParOldGen       total 225792K, used 154292K [0x00000000a0c00000, 0x00000000ae880000, 0x00000000e0400000)
  object space 225792K, 68% used [0x00000000a0c00000,0x00000000aa2ad2b8,0x00000000ae880000)
 Metaspace       used 17869K, capacity 18089K, committed 18304K, reserved 1064960K
  class space    used 1735K, capacity 1793K, committed 1920K, reserved 1048576K
Event: 10.944 GC heap after
Heap after GC invocations=29 (full 3):
 PSYoungGen      total 392192K, used 1104K [0x00000000e0400000, 0x00000000fa780000, 0x0000000100000000)
  eden space 358912K, 0% used [0x00000000e0400000,0x00000000e0400000,0x00000000f6280000)
  from space 33280K, 3% used [0x00000000f8700000,0x00000000f8814010,0x00000000fa780000)
  to   space 35328K, 0% used [0x00000000f6280000,0x00000000f6280000,0x00000000f8500000)
 ParOldGen       total 225792K, used 154292K [0x00000000a0c00000, 0x00000000ae880000, 0x00000000e0400000)
  object space 225792K, 68% used [0x00000000a0c00000,0x00000000aa2ad2b8,0x00000000ae880000)
 Metaspace       used 17869K, capacity 18089K, committed 18304K, reserved 1064960K
  class space    used 1735K, capacity 1793K, committed 1920K, reserved 1048576K
}
Event: 11.482 GC heap before
{Heap before GC invocations=30 (full 3):
 PSYoungGen      total 392192K, used 360016K [0x00000000e0400000, 0x00000000fa780000, 0x0000000100000000)
  eden space 358912K, 100% used [0x00000000e0400000,0x00000000f6280000,0x00000000f6280000)
  from space 33280K, 3% used [0x00000000f8700000,0x00000000f8814010,0x00000000fa780000)
  to   space 35328K, 0% used [0x00000000f6280000,0x00000000f6280000,0x00000000f8500000)
 ParOldGen       total 225792K, used 154292K [0x00000000a0c00000, 0x00000000ae880000, 0x00000000e0400000)
  object space 225792K, 68% used [0x00000000a0c00000,0x00000000aa2ad2b8,0x00000000ae880000)
 Metaspace       used 17879K, capacity 18089K, committed 18304K, reserved 1064960K
  class space    used 1735K, capacity 1793K, committed 1920K, reserved 1048576K
Event: 11.484 GC heap after
Heap after GC invocations=30 (full 3):
 PSYoungGen      total 394240K, used 256K [0x00000000e0400000, 0x00000000fa800000, 0x0000000100000000)
  eden space 358912K, 0% used [0x00000000e0400000,0x00000000e0400000,0x00000000f6280000)
  from space 35328K, 0% used [0x00000000f6280000,0x00000000f62c0000,0x00000000f8500000)
  to   space 33280K, 0% used [0x00000000f8780000,0x00000000f8780000,0x00000000fa800000)
 ParOldGen       total 225792K, used 155196K [0x00000000a0c00000, 0x00000000ae880000, 0x00000000e0400000)
  object space 225792K, 68% used [0x00000000a0c00000,0x00000000aa38f2c8,0x00000000ae880000)
 Metaspace       used 17879K, capacity 18089K, committed 18304K, reserved 1064960K
  class space    used 1735K, capacity 1793K, committed 1920K, reserved 1048576K
}
Event: 12.015 GC heap before
{Heap before GC invocations=31 (full 3):
 PSYoungGen      total 394240K, used 353731K [0x00000000e0400000, 0x00000000fa800000, 0x0000000100000000)
  eden space 358912K, 98% used [0x00000000e0400000,0x00000000f5d30cc0,0x00000000f6280000)
  from space 35328K, 0% used [0x00000000f6280000,0x00000000f62c0000,0x00000000f8500000)
  to   space 33280K, 0% used [0x00000000f8780000,0x00000000f8780000,0x00000000fa800000)
 ParOldGen       total 225792K, used 155196K [0x00000000a0c00000, 0x00000000ae880000, 0x00000000e0400000)
  object space 225792K, 68% used [0x00000000a0c00000,0x00000000aa38f2c8,0x00000000ae880000)
 Metaspace       used 17883K, capacity 18089K, committed 18304K, reserved 1064960K
  class space    used 1735K, capacity 1793K, committed 1920K, reserved 1048576K
Event: 12.016 GC heap after
Heap after GC invocations=31 (full 3):
 PSYoungGen      total 392704K, used 192K [0x00000000e0400000, 0x00000000fa480000, 0x0000000100000000)
  eden space 363008K, 0% used [0x00000000e0400000,0x00000000e0400000,0x00000000f6680000)
  from space 29696K, 0% used [0x00000000f8780000,0x00000000f87b0000,0x00000000fa480000)
  to   space 31744K, 0% used [0x00000000f6680000,0x00000000f6680000,0x00000000f8580000)
 ParOldGen       total 225792K, used 155220K [0x00000000a0c00000, 0x00000000ae880000, 0x00000000e0400000)
  object space 225792K, 68% used [0x00000000a0c00000,0x00000000aa3952c8,0x00000000ae880000)
 Metaspace       used 17883K, capacity 18089K, committed 18304K, reserved 1064960K
  class space    used 1735K, capacity 1793K, committed 1920K, reserved 1048576K
}
Event: 12.570 GC heap before
{Heap before GC invocations=32 (full 3):
 PSYoungGen      total 392704K, used 363200K [0x00000000e0400000, 0x00000000fa480000, 0x0000000100000000)
  eden space 363008K, 100% used [0x00000000e0400000,0x00000000f6680000,0x00000000f6680000)
  from space 29696K, 0% used [0x00000000f8780000,0x00000000f87b0000,0x00000000fa480000)
  to   space 31744K, 0% used [0x00000000f6680000,0x00000000f6680000,0x00000000f8580000)
 ParOldGen       total 225792K, used 155220K [0x00000000a0c00000, 0x00000000ae880000, 0x00000000e0400000)
  object space 225792K, 68% used [0x00000000a0c00000,0x00000000aa3952c8,0x00000000ae880000)
 Metaspace       used 17960K, capacity 18153K, committed 18304K, reserved 1064960K
  class space    used 1735K, capacity 1793K, committed 1920K, reserved 1048576K
Event: 12.571 GC heap after
Heap after GC invocations=32 (full 3):
 PSYoungGen      total 394752K, used 224K [0x00000000e0400000, 0x00000000fa400000, 0x0000000100000000)
  eden space 363008K, 0% used [0x00000000e0400000,0x00000000e0400000,0x00000000f6680000)
  from space 31744K, 0% used [0x00000000f6680000,0x00000000f66b8000,0x00000000f8580000)
  to   space 29696K, 0% used [0x00000000f8700000,0x00000000f8700000,0x00000000fa400000)
 ParOldGen       total 225792K, used 155244K [0x00000000a0c00000, 0x00000000ae880000, 0x00000000e0400000)
  object space 225792K, 68% used [0x00000000a0c00000,0x00000000aa39b2c8,0x00000000ae880000)
 Metaspace       used 17960K, capacity 18153K, committed 18304K, reserved 1064960K
  class space    used 1735K, capacity 1793K, committed 1920K, reserved 1048576K
}

