# JRE version: Java(TM) SE Runtime Environment (8.0_25-b18) (build 1.8.0_25-b18)
# Java VM: Java HotSpot(TM) 64-Bit Server VM (25.25-b02 mixed mode windows-amd64 compressed oops)
Heap:
 PSYoungGen      total 340480K, used 292341K [0x00000000e0400000, 0x00000000f5480000, 0x0000000100000000)
  eden space 338944K, 86% used [0x00000000e0400000,0x00000000f2155450,0x00000000f4f00000)
  from space 1536K, 10% used [0x00000000f4f00000,0x00000000f4f28000,0x00000000f5080000)
  to   space 1536K, 0% used [0x00000000f5300000,0x00000000f5300000,0x00000000f5480000)
 ParOldGen       total 229376K, used 196332K [0x00000000a0c00000, 0x00000000aec00000, 0x00000000e0400000)
  object space 229376K, 85% used [0x00000000a0c00000,0x00000000acbbb268,0x00000000aec00000)
 Metaspace       used 18034K, capacity 18217K, committed 18560K, reserved 1067008K
  class space    used 1735K, capacity 1793K, committed 1920K, reserved 1048576K
GC Heap History (10 events):
Event: 33.457 GC heap before
{Heap before GC invocations=88 (full 3):
 PSYoungGen      total 336384K, used 334113K [0x00000000e0400000, 0x00000000f4e80000, 0x0000000100000000)
  eden space 334336K, 99% used [0x00000000e0400000,0x00000000f4a30438,0x00000000f4a80000)
  from space 2048K, 4% used [0x00000000f4c80000,0x00000000f4c98000,0x00000000f4e80000)
  to   space 2048K, 0% used [0x00000000f4a80000,0x00000000f4a80000,0x00000000f4c80000)
 ParOldGen       total 229376K, used 180132K [0x00000000a0c00000, 0x00000000aec00000, 0x00000000e0400000)
  object space 229376K, 78% used [0x00000000a0c00000,0x00000000abbe9248,0x00000000aec00000)
 Metaspace       used 17999K, capacity 18217K, committed 18560K, reserved 1067008K
  class space    used 1723K, capacity 1793K, committed 1920K, reserved 1048576K
Event: 33.462 GC heap after
Heap after GC invocations=88 (full 3):
 PSYoungGen      total 336384K, used 160K [0x00000000e0400000, 0x00000000f5100000, 0x0000000100000000)
  eden space 334336K, 0% used [0x00000000e0400000,0x00000000e0400000,0x00000000f4a80000)
  from space 2048K, 7% used [0x00000000f4a80000,0x00000000f4aa8000,0x00000000f4c80000)
  to   space 2048K, 0% used [0x00000000f4f00000,0x00000000f4f00000,0x00000000f5100000)
 ParOldGen       total 229376K, used 188232K [0x00000000a0c00000, 0x00000000aec00000, 0x00000000e0400000)
  object space 229376K, 82% used [0x00000000a0c00000,0x00000000ac3d2258,0x00000000aec00000)
 Metaspace       used 17999K, capacity 18217K, committed 18560K, reserved 1067008K
  class space    used 1723K, capacity 1793K, committed 1920K, reserved 1048576K
}
Event: 33.856 GC heap before
{Heap before GC invocations=89 (full 3):
 PSYoungGen      total 336384K, used 328234K [0x00000000e0400000, 0x00000000f5100000, 0x0000000100000000)
  eden space 334336K, 98% used [0x00000000e0400000,0x00000000f44628b0,0x00000000f4a80000)
  from space 2048K, 7% used [0x00000000f4a80000,0x00000000f4aa8000,0x00000000f4c80000)
  to   space 2048K, 0% used [0x00000000f4f00000,0x00000000f4f00000,0x00000000f5100000)
 ParOldGen       total 229376K, used 188232K [0x00000000a0c00000, 0x00000000aec00000, 0x00000000e0400000)
  object space 229376K, 82% used [0x00000000a0c00000,0x00000000ac3d2258,0x00000000aec00000)
 Metaspace       used 17999K, capacity 18217K, committed 18560K, reserved 1067008K
  class space    used 1723K, capacity 1793K, committed 1920K, reserved 1048576K
Event: 33.858 GC heap after
Heap after GC invocations=89 (full 3):
 PSYoungGen      total 338944K, used 160K [0x00000000e0400000, 0x00000000f5100000, 0x0000000100000000)
  eden space 336896K, 0% used [0x00000000e0400000,0x00000000e0400000,0x00000000f4d00000)
  from space 2048K, 7% used [0x00000000f4f00000,0x00000000f4f28000,0x00000000f5100000)
  to   space 2048K, 0% used [0x00000000f4d00000,0x00000000f4d00000,0x00000000f4f00000)
 ParOldGen       total 229376K, used 188232K [0x00000000a0c00000, 0x00000000aec00000, 0x00000000e0400000)
  object space 229376K, 82% used [0x00000000a0c00000,0x00000000ac3d2258,0x00000000aec00000)
 Metaspace       used 17999K, capacity 18217K, committed 18560K, reserved 1067008K
  class space    used 1723K, capacity 1793K, committed 1920K, reserved 1048576K
}
Event: 34.265 GC heap before
{Heap before GC invocations=90 (full 3):
 PSYoungGen      total 338944K, used 337056K [0x00000000e0400000, 0x00000000f5100000, 0x0000000100000000)
  eden space 336896K, 100% used [0x00000000e0400000,0x00000000f4d00000,0x00000000f4d00000)
  from space 2048K, 7% used [0x00000000f4f00000,0x00000000f4f28000,0x00000000f5100000)
  to   space 2048K, 0% used [0x00000000f4d00000,0x00000000f4d00000,0x00000000f4f00000)
 ParOldGen       total 229376K, used 188232K [0x00000000a0c00000, 0x00000000aec00000, 0x00000000e0400000)
  object space 229376K, 82% used [0x00000000a0c00000,0x00000000ac3d2258,0x00000000aec00000)
 Metaspace       used 17999K, capacity 18217K, committed 18560K, reserved 1067008K
  class space    used 1723K, capacity 1793K, committed 1920K, reserved 1048576K
Event: 34.266 GC heap after
Heap after GC invocations=90 (full 3):
 PSYoungGen      total 338944K, used 224K [0x00000000e0400000, 0x00000000f5200000, 0x0000000100000000)
  eden space 336896K, 0% used [0x00000000e0400000,0x00000000e0400000,0x00000000f4d00000)
  from space 2048K, 10% used [0x00000000f4d00000,0x00000000f4d38000,0x00000000f4f00000)
  to   space 1536K, 0% used [0x00000000f5080000,0x00000000f5080000,0x00000000f5200000)
 ParOldGen       total 229376K, used 188232K [0x00000000a0c00000, 0x00000000aec00000, 0x00000000e0400000)
  object space 229376K, 82% used [0x00000000a0c00000,0x00000000ac3d2258,0x00000000aec00000)
 Metaspace       used 17999K, capacity 18217K, committed 18560K, reserved 1067008K
  class space    used 1723K, capacity 1793K, committed 1920K, reserved 1048576K
}
Event: 34.656 GC heap before
{Heap before GC invocations=91 (full 3):
 PSYoungGen      total 338944K, used 336936K [0x00000000e0400000, 0x00000000f5200000, 0x0000000100000000)
  eden space 336896K, 99% used [0x00000000e0400000,0x00000000f4cd2368,0x00000000f4d00000)
  from space 2048K, 10% used [0x00000000f4d00000,0x00000000f4d38000,0x00000000f4f00000)
  to   space 1536K, 0% used [0x00000000f5080000,0x00000000f5080000,0x00000000f5200000)
 ParOldGen       total 229376K, used 188232K [0x00000000a0c00000, 0x00000000aec00000, 0x00000000e0400000)
  object space 229376K, 82% used [0x00000000a0c00000,0x00000000ac3d2258,0x00000000aec00000)
 Metaspace       used 17999K, capacity 18217K, committed 18560K, reserved 1067008K
  class space    used 1723K, capacity 1793K, committed 1920K, reserved 1048576K
Event: 34.661 GC heap after
Heap after GC invocations=91 (full 3):
 PSYoungGen      total 340480K, used 128K [0x00000000e0400000, 0x00000000f5300000, 0x0000000100000000)
  eden space 338944K, 0% used [0x00000000e0400000,0x00000000e0400000,0x00000000f4f00000)
  from space 1536K, 8% used [0x00000000f5080000,0x00000000f50a0000,0x00000000f5200000)
  to   space 1536K, 0% used [0x00000000f4f00000,0x00000000f4f00000,0x00000000f5080000)
 ParOldGen       total 229376K, used 196332K [0x00000000a0c00000, 0x00000000aec00000, 0x00000000e0400000)
  object space 229376K, 85% used [0x00000000a0c00000,0x00000000acbbb268,0x00000000aec00000)
 Metaspace       used 17999K, capacity 18217K, committed 18560K, reserved 1067008K
  class space    used 1723K, capacity 1793K, committed 1920K, reserved 1048576K
}
Event: 35.152 GC heap before
{Heap before GC invocations=92 (full 3):
 PSYoungGen      total 340480K, used 332644K [0x00000000e0400000, 0x00000000f5300000, 0x0000000100000000)
  eden space 338944K, 98% used [0x00000000e0400000,0x00000000f48b9148,0x00000000f4f00000)
  from space 1536K, 8% used [0x00000000f5080000,0x00000000f50a0000,0x00000000f5200000)
  to   space 1536K, 0% used [0x00000000f4f00000,0x00000000f4f00000,0x00000000f5080000)
 ParOldGen       total 229376K, used 196332K [0x00000000a0c00000, 0x00000000aec00000, 0x00000000e0400000)
  object space 229376K, 85% used [0x00000000a0c00000,0x00000000acbbb268,0x00000000aec00000)
 Metaspace       used 17999K, capacity 18217K, committed 18560K, reserved 1067008K
  class space    used 1723K, capacity 1793K, committed 1920K, reserved 1048576K
Event: 35.153 GC heap after
Heap after GC invocations=92 (full 3):
 PSYoungGen      total 340480K, used 160K [0x00000000e0400000, 0x00000000f5480000, 0x0000000100000000)
  eden space 338944K, 0% used [0x00000000e0400000,0x00000000e0400000,0x00000000f4f00000)
  from space 1536K, 10% used [0x00000000f4f00000,0x00000000f4f28000,0x00000000f5080000)
  to   space 1536K, 0% used [0x00000000f5300000,0x00000000f5300000,0x00000000f5480000)
 ParOldGen       total 229376K, used 196332K [0x00000000a0c00000, 0x00000000aec00000, 0x00000000e0400000)
  object space 229376K, 85% used [0x00000000a0c00000,0x00000000acbbb268,0x00000000aec00000)
 Metaspace       used 17999K, capacity 18217K, committed 18560K, reserved 1067008K
  class space    used 1723K, capacity 1793K, committed 1920K, reserved 1048576K
}

