# JRE version: Java(TM) SE Runtime Environment (8.0_25-b18) (build 1.8.0_25-b18)
# Java VM: Java HotSpot(TM) 64-Bit Server VM (25.25-b02 mixed mode windows-amd64 compressed oops)
Heap:
 PSYoungGen      total 454656K, used 436776K [0x00000000e0400000, 0x00000000fc380000, 0x0000000100000000)
  eden space 452096K, 96% used [0x00000000e0400000,0x00000000fae623e8,0x00000000fbd80000)
  from space 2560K, 6% used [0x00000000fc100000,0x00000000fc128000,0x00000000fc380000)
  to   space 3072K, 0% used [0x00000000fbd80000,0x00000000fbd80000,0x00000000fc080000)
 ParOldGen       total 231936K, used 186713K [0x00000000a0c00000, 0x00000000aee80000, 0x00000000e0400000)
  object space 231936K, 80% used [0x00000000a0c00000,0x00000000ac256738,0x00000000aee80000)
 Metaspace       used 17998K, capacity 18185K, committed 18432K, reserved 1067008K
  class space    used 1723K, capacity 1761K, committed 1792K, reserved 1048576K
GC Heap History (10 events):
Event: 53.638 GC heap before
{Heap before GC invocations=95 (full 3):
 PSYoungGen      total 448512K, used 444032K [0x00000000e0400000, 0x00000000fc180000, 0x0000000100000000)
  eden space 443904K, 100% used [0x00000000e0400000,0x00000000fb580000,0x00000000fb580000)
  from space 4608K, 2% used [0x00000000fb580000,0x00000000fb5a0000,0x00000000fba00000)
  to   space 4608K, 0% used [0x00000000fbd00000,0x00000000fbd00000,0x00000000fc180000)
 ParOldGen       total 231936K, used 186713K [0x00000000a0c00000, 0x00000000aee80000, 0x00000000e0400000)
  object space 231936K, 80% used [0x00000000a0c00000,0x00000000ac256738,0x00000000aee80000)
 Metaspace       used 17963K, capacity 18185K, committed 18432K, reserved 1067008K
  class space    used 1712K, capacity 1761K, committed 1792K, reserved 1048576K
Event: 53.641 GC heap after
Heap after GC invocations=95 (full 3):
 PSYoungGen      total 450560K, used 128K [0x00000000e0400000, 0x00000000fc080000, 0x0000000100000000)
  eden space 446976K, 0% used [0x00000000e0400000,0x00000000e0400000,0x00000000fb880000)
  from space 3584K, 3% used [0x00000000fbd00000,0x00000000fbd20000,0x00000000fc080000)
  to   space 4096K, 0% used [0x00000000fb880000,0x00000000fb880000,0x00000000fbc80000)
 ParOldGen       total 231936K, used 186713K [0x00000000a0c00000, 0x00000000aee80000, 0x00000000e0400000)
  object space 231936K, 80% used [0x00000000a0c00000,0x00000000ac256738,0x00000000aee80000)
 Metaspace       used 17963K, capacity 18185K, committed 18432K, reserved 1067008K
  class space    used 1712K, capacity 1761K, committed 1792K, reserved 1048576K
}
Event: 54.365 GC heap before
{Heap before GC invocations=96 (full 3):
 PSYoungGen      total 450560K, used 445367K [0x00000000e0400000, 0x00000000fc080000, 0x0000000100000000)
  eden space 446976K, 99% used [0x00000000e0400000,0x00000000fb6cdc58,0x00000000fb880000)
  from space 3584K, 3% used [0x00000000fbd00000,0x00000000fbd20000,0x00000000fc080000)
  to   space 4096K, 0% used [0x00000000fb880000,0x00000000fb880000,0x00000000fbc80000)
 ParOldGen       total 231936K, used 186713K [0x00000000a0c00000, 0x00000000aee80000, 0x00000000e0400000)
  object space 231936K, 80% used [0x00000000a0c00000,0x00000000ac256738,0x00000000aee80000)
 Metaspace       used 17963K, capacity 18185K, committed 18432K, reserved 1067008K
  class space    used 1712K, capacity 1761K, committed 1792K, reserved 1048576K
Event: 54.366 GC heap after
Heap after GC invocations=96 (full 3):
 PSYoungGen      total 451072K, used 192K [0x00000000e0400000, 0x00000000fc300000, 0x0000000100000000)
  eden space 446976K, 0% used [0x00000000e0400000,0x00000000e0400000,0x00000000fb880000)
  from space 4096K, 4% used [0x00000000fb880000,0x00000000fb8b0000,0x00000000fbc80000)
  to   space 4096K, 0% used [0x00000000fbf00000,0x00000000fbf00000,0x00000000fc300000)
 ParOldGen       total 231936K, used 186713K [0x00000000a0c00000, 0x00000000aee80000, 0x00000000e0400000)
  object space 231936K, 80% used [0x00000000a0c00000,0x00000000ac256738,0x00000000aee80000)
 Metaspace       used 17963K, capacity 18185K, committed 18432K, reserved 1067008K
  class space    used 1712K, capacity 1761K, committed 1792K, reserved 1048576K
}
Event: 55.114 GC heap before
{Heap before GC invocations=97 (full 3):
 PSYoungGen      total 451072K, used 447124K [0x00000000e0400000, 0x00000000fc300000, 0x0000000100000000)
  eden space 446976K, 99% used [0x00000000e0400000,0x00000000fb875280,0x00000000fb880000)
  from space 4096K, 4% used [0x00000000fb880000,0x00000000fb8b0000,0x00000000fbc80000)
  to   space 4096K, 0% used [0x00000000fbf00000,0x00000000fbf00000,0x00000000fc300000)
 ParOldGen       total 231936K, used 186713K [0x00000000a0c00000, 0x00000000aee80000, 0x00000000e0400000)
  object space 231936K, 80% used [0x00000000a0c00000,0x00000000ac256738,0x00000000aee80000)
 Metaspace       used 17963K, capacity 18185K, committed 18432K, reserved 1067008K
  class space    used 1712K, capacity 1761K, committed 1792K, reserved 1048576K
Event: 55.117 GC heap after
Heap after GC invocations=97 (full 3):
 PSYoungGen      total 452608K, used 96K [0x00000000e0400000, 0x00000000fc200000, 0x0000000100000000)
  eden space 449536K, 0% used [0x00000000e0400000,0x00000000e0400000,0x00000000fbb00000)
  from space 3072K, 3% used [0x00000000fbf00000,0x00000000fbf18000,0x00000000fc200000)
  to   space 3584K, 0% used [0x00000000fbb00000,0x00000000fbb00000,0x00000000fbe80000)
 ParOldGen       total 231936K, used 186713K [0x00000000a0c00000, 0x00000000aee80000, 0x00000000e0400000)
  object space 231936K, 80% used [0x00000000a0c00000,0x00000000ac256738,0x00000000aee80000)
 Metaspace       used 17963K, capacity 18185K, committed 18432K, reserved 1067008K
  class space    used 1712K, capacity 1761K, committed 1792K, reserved 1048576K
}
Event: 55.847 GC heap before
{Heap before GC invocations=98 (full 3):
 PSYoungGen      total 452608K, used 449632K [0x00000000e0400000, 0x00000000fc200000, 0x0000000100000000)
  eden space 449536K, 100% used [0x00000000e0400000,0x00000000fbb00000,0x00000000fbb00000)
  from space 3072K, 3% used [0x00000000fbf00000,0x00000000fbf18000,0x00000000fc200000)
  to   space 3584K, 0% used [0x00000000fbb00000,0x00000000fbb00000,0x00000000fbe80000)
 ParOldGen       total 231936K, used 186713K [0x00000000a0c00000, 0x00000000aee80000, 0x00000000e0400000)
  object space 231936K, 80% used [0x00000000a0c00000,0x00000000ac256738,0x00000000aee80000)
 Metaspace       used 17963K, capacity 18185K, committed 18432K, reserved 1067008K
  class space    used 1712K, capacity 1761K, committed 1792K, reserved 1048576K
Event: 55.849 GC heap after
Heap after GC invocations=98 (full 3):
 PSYoungGen      total 453120K, used 160K [0x00000000e0400000, 0x00000000fc480000, 0x0000000100000000)
  eden space 449536K, 0% used [0x00000000e0400000,0x00000000e0400000,0x00000000fbb00000)
  from space 3584K, 4% used [0x00000000fbb00000,0x00000000fbb28000,0x00000000fbe80000)
  to   space 3584K, 0% used [0x00000000fc100000,0x00000000fc100000,0x00000000fc480000)
 ParOldGen       total 231936K, used 186713K [0x00000000a0c00000, 0x00000000aee80000, 0x00000000e0400000)
  object space 231936K, 80% used [0x00000000a0c00000,0x00000000ac256738,0x00000000aee80000)
 Metaspace       used 17963K, capacity 18185K, committed 18432K, reserved 1067008K
  class space    used 1712K, capacity 1761K, committed 1792K, reserved 1048576K
}
Event: 56.553 GC heap before
{Heap before GC invocations=99 (full 3):
 PSYoungGen      total 453120K, used 449696K [0x00000000e0400000, 0x00000000fc480000, 0x0000000100000000)
  eden space 449536K, 100% used [0x00000000e0400000,0x00000000fbb00000,0x00000000fbb00000)
  from space 3584K, 4% used [0x00000000fbb00000,0x00000000fbb28000,0x00000000fbe80000)
  to   space 3584K, 0% used [0x00000000fc100000,0x00000000fc100000,0x00000000fc480000)
 ParOldGen       total 231936K, used 186713K [0x00000000a0c00000, 0x00000000aee80000, 0x00000000e0400000)
  object space 231936K, 80% used [0x00000000a0c00000,0x00000000ac256738,0x00000000aee80000)
 Metaspace       used 17963K, capacity 18185K, committed 18432K, reserved 1067008K
  class space    used 1712K, capacity 1761K, committed 1792K, reserved 1048576K
Event: 56.555 GC heap after
Heap after GC invocations=99 (full 3):
 PSYoungGen      total 454656K, used 160K [0x00000000e0400000, 0x00000000fc380000, 0x0000000100000000)
  eden space 452096K, 0% used [0x00000000e0400000,0x00000000e0400000,0x00000000fbd80000)
  from space 2560K, 6% used [0x00000000fc100000,0x00000000fc128000,0x00000000fc380000)
  to   space 3072K, 0% used [0x00000000fbd80000,0x00000000fbd80000,0x00000000fc080000)
 ParOldGen       total 231936K, used 186713K [0x00000000a0c00000, 0x00000000aee80000, 0x00000000e0400000)
  object space 231936K, 80% used [0x00000000a0c00000,0x00000000ac256738,0x00000000aee80000)
 Metaspace       used 17963K, capacity 18185K, committed 18432K, reserved 1067008K
  class space    used 1712K, capacity 1761K, committed 1792K, reserved 1048576K
}

