# JRE version: Java(TM) SE Runtime Environment (8.0_25-b18) (build 1.8.0_25-b18)
# Java VM: Java HotSpot(TM) 64-Bit Server VM (25.25-b02 mixed mode windows-amd64 compressed oops)
Heap:
 PSYoungGen      total 356864K, used 176476K [0x00000000e0400000, 0x00000000f9880000, 0x0000000100000000)
  eden space 305152K, 57% used [0x00000000e0400000,0x00000000eb01f2e0,0x00000000f2e00000)
  from space 51712K, 0% used [0x00000000f2e00000,0x00000000f2e38000,0x00000000f6080000)
  to   space 49152K, 0% used [0x00000000f6880000,0x00000000f6880000,0x00000000f9880000)
 ParOldGen       total 222208K, used 154063K [0x00000000a0c00000, 0x00000000ae500000, 0x00000000e0400000)
  object space 222208K, 69% used [0x00000000a0c00000,0x00000000aa273fe0,0x00000000ae500000)
 Metaspace       used 18011K, capacity 18223K, committed 18560K, reserved 1067008K
  class space    used 1734K, capacity 1794K, committed 1920K, reserved 1048576K
GC Heap History (10 events):
Event: 8.213 GC heap before
{Heap before GC invocations=18 (full 3):
 PSYoungGen      total 315392K, used 265247K [0x00000000e0400000, 0x00000000f7900000, 0x0000000100000000)
  eden space 265216K, 99% used [0x00000000e0400000,0x00000000f06e7d28,0x00000000f0700000)
  from space 50176K, 0% used [0x00000000f4800000,0x00000000f4820000,0x00000000f7900000)
  to   space 58368K, 0% used [0x00000000f0700000,0x00000000f0700000,0x00000000f4000000)
 ParOldGen       total 222208K, used 154023K [0x00000000a0c00000, 0x00000000ae500000, 0x00000000e0400000)
  object space 222208K, 69% used [0x00000000a0c00000,0x00000000aa269fe0,0x00000000ae500000)
 Metaspace       used 17770K, capacity 18025K, committed 18304K, reserved 1064960K
  class space    used 1733K, capacity 1793K, committed 1920K, reserved 1048576K
Event: 8.214 GC heap after
Heap after GC invocations=18 (full 3):
 PSYoungGen      total 323584K, used 192K [0x00000000e0400000, 0x00000000f9700000, 0x0000000100000000)
  eden space 265216K, 0% used [0x00000000e0400000,0x00000000e0400000,0x00000000f0700000)
  from space 58368K, 0% used [0x00000000f0700000,0x00000000f0730000,0x00000000f4000000)
  to   space 56832K, 0% used [0x00000000f5f80000,0x00000000f5f80000,0x00000000f9700000)
 ParOldGen       total 222208K, used 154031K [0x00000000a0c00000, 0x00000000ae500000, 0x00000000e0400000)
  object space 222208K, 69% used [0x00000000a0c00000,0x00000000aa26bfe0,0x00000000ae500000)
 Metaspace       used 17770K, capacity 18025K, committed 18304K, reserved 1064960K
  class space    used 1733K, capacity 1793K, committed 1920K, reserved 1048576K
}
Event: 9.282 GC heap before
{Heap before GC invocations=19 (full 3):
 PSYoungGen      total 323584K, used 265059K [0x00000000e0400000, 0x00000000f9700000, 0x0000000100000000)
  eden space 265216K, 99% used [0x00000000e0400000,0x00000000f06a8d80,0x00000000f0700000)
  from space 58368K, 0% used [0x00000000f0700000,0x00000000f0730000,0x00000000f4000000)
  to   space 56832K, 0% used [0x00000000f5f80000,0x00000000f5f80000,0x00000000f9700000)
 ParOldGen       total 222208K, used 154031K [0x00000000a0c00000, 0x00000000ae500000, 0x00000000e0400000)
  object space 222208K, 69% used [0x00000000a0c00000,0x00000000aa26bfe0,0x00000000ae500000)
 Metaspace       used 17782K, capacity 18025K, committed 18304K, reserved 1064960K
  class space    used 1733K, capacity 1793K, committed 1920K, reserved 1048576K
Event: 9.283 GC heap after
Heap after GC invocations=19 (full 3):
 PSYoungGen      total 339456K, used 256K [0x00000000e0400000, 0x00000000f8d80000, 0x0000000100000000)
  eden space 292352K, 0% used [0x00000000e0400000,0x00000000e0400000,0x00000000f2180000)
  from space 47104K, 0% used [0x00000000f5f80000,0x00000000f5fc0000,0x00000000f8d80000)
  to   space 55296K, 0% used [0x00000000f2180000,0x00000000f2180000,0x00000000f5780000)
 ParOldGen       total 222208K, used 154039K [0x00000000a0c00000, 0x00000000ae500000, 0x00000000e0400000)
  object space 222208K, 69% used [0x00000000a0c00000,0x00000000aa26dfe0,0x00000000ae500000)
 Metaspace       used 17782K, capacity 18025K, committed 18304K, reserved 1064960K
  class space    used 1733K, capacity 1793K, committed 1920K, reserved 1048576K
}
Event: 10.446 GC heap before
{Heap before GC invocations=20 (full 3):
 PSYoungGen      total 339456K, used 289824K [0x00000000e0400000, 0x00000000f8d80000, 0x0000000100000000)
  eden space 292352K, 99% used [0x00000000e0400000,0x00000000f1ec8110,0x00000000f2180000)
  from space 47104K, 0% used [0x00000000f5f80000,0x00000000f5fc0000,0x00000000f8d80000)
  to   space 55296K, 0% used [0x00000000f2180000,0x00000000f2180000,0x00000000f5780000)
 ParOldGen       total 222208K, used 154039K [0x00000000a0c00000, 0x00000000ae500000, 0x00000000e0400000)
  object space 222208K, 69% used [0x00000000a0c00000,0x00000000aa26dfe0,0x00000000ae500000)
 Metaspace       used 17838K, capacity 18089K, committed 18304K, reserved 1064960K
  class space    used 1733K, capacity 1793K, committed 1920K, reserved 1048576K
Event: 10.447 GC heap after
Heap after GC invocations=20 (full 3):
 PSYoungGen      total 347648K, used 224K [0x00000000e0400000, 0x00000000f9a00000, 0x0000000100000000)
  eden space 292352K, 0% used [0x00000000e0400000,0x00000000e0400000,0x00000000f2180000)
  from space 55296K, 0% used [0x00000000f2180000,0x00000000f21b8000,0x00000000f5780000)
  to   space 53760K, 0% used [0x00000000f6580000,0x00000000f6580000,0x00000000f9a00000)
 ParOldGen       total 222208K, used 154047K [0x00000000a0c00000, 0x00000000ae500000, 0x00000000e0400000)
  object space 222208K, 69% used [0x00000000a0c00000,0x00000000aa26ffe0,0x00000000ae500000)
 Metaspace       used 17838K, capacity 18089K, committed 18304K, reserved 1064960K
  class space    used 1733K, capacity 1793K, committed 1920K, reserved 1048576K
}
Event: 11.613 GC heap before
{Heap before GC invocations=21 (full 3):
 PSYoungGen      total 347648K, used 289822K [0x00000000e0400000, 0x00000000f9a00000, 0x0000000100000000)
  eden space 292352K, 99% used [0x00000000e0400000,0x00000000f1ecf928,0x00000000f2180000)
  from space 55296K, 0% used [0x00000000f2180000,0x00000000f21b8000,0x00000000f5780000)
  to   space 53760K, 0% used [0x00000000f6580000,0x00000000f6580000,0x00000000f9a00000)
 ParOldGen       total 222208K, used 154047K [0x00000000a0c00000, 0x00000000ae500000, 0x00000000e0400000)
  object space 222208K, 69% used [0x00000000a0c00000,0x00000000aa26ffe0,0x00000000ae500000)
 Metaspace       used 17867K, capacity 18089K, committed 18304K, reserved 1064960K
  class space    used 1733K, capacity 1793K, committed 1920K, reserved 1048576K
Event: 11.615 GC heap after
Heap after GC invocations=21 (full 3):
 PSYoungGen      total 351744K, used 256K [0x00000000e0400000, 0x00000000f9300000, 0x0000000100000000)
  eden space 305152K, 0% used [0x00000000e0400000,0x00000000e0400000,0x00000000f2e00000)
  from space 46592K, 0% used [0x00000000f6580000,0x00000000f65c0000,0x00000000f9300000)
  to   space 51712K, 0% used [0x00000000f2e00000,0x00000000f2e00000,0x00000000f6080000)
 ParOldGen       total 222208K, used 154055K [0x00000000a0c00000, 0x00000000ae500000, 0x00000000e0400000)
  object space 222208K, 69% used [0x00000000a0c00000,0x00000000aa271fe0,0x00000000ae500000)
 Metaspace       used 17867K, capacity 18089K, committed 18304K, reserved 1064960K
  class space    used 1733K, capacity 1793K, committed 1920K, reserved 1048576K
}
Event: 12.814 GC heap before
{Heap before GC invocations=22 (full 3):
 PSYoungGen      total 351744K, used 298194K [0x00000000e0400000, 0x00000000f9300000, 0x0000000100000000)
  eden space 305152K, 97% used [0x00000000e0400000,0x00000000f26f4a78,0x00000000f2e00000)
  from space 46592K, 0% used [0x00000000f6580000,0x00000000f65c0000,0x00000000f9300000)
  to   space 51712K, 0% used [0x00000000f2e00000,0x00000000f2e00000,0x00000000f6080000)
 ParOldGen       total 222208K, used 154055K [0x00000000a0c00000, 0x00000000ae500000, 0x00000000e0400000)
  object space 222208K, 69% used [0x00000000a0c00000,0x00000000aa271fe0,0x00000000ae500000)
 Metaspace       used 17994K, capacity 18217K, committed 18560K, reserved 1067008K
  class space    used 1733K, capacity 1793K, committed 1920K, reserved 1048576K
Event: 12.816 GC heap after
Heap after GC invocations=22 (full 3):
 PSYoungGen      total 356864K, used 224K [0x00000000e0400000, 0x00000000f9880000, 0x0000000100000000)
  eden space 305152K, 0% used [0x00000000e0400000,0x00000000e0400000,0x00000000f2e00000)
  from space 51712K, 0% used [0x00000000f2e00000,0x00000000f2e38000,0x00000000f6080000)
  to   space 49152K, 0% used [0x00000000f6880000,0x00000000f6880000,0x00000000f9880000)
 ParOldGen       total 222208K, used 154063K [0x00000000a0c00000, 0x00000000ae500000, 0x00000000e0400000)
  object space 222208K, 69% used [0x00000000a0c00000,0x00000000aa273fe0,0x00000000ae500000)
 Metaspace       used 17994K, capacity 18217K, committed 18560K, reserved 1067008K
  class space    used 1733K, capacity 1793K, committed 1920K, reserved 1048576K
}

