# JRE version: Java(TM) SE Runtime Environment (8.0_25-b18) (build 1.8.0_25-b18)
# Java VM: Java HotSpot(TM) 64-Bit Server VM (25.25-b02 mixed mode windows-amd64 compressed oops)
Heap:
 PSYoungGen      total 360448K, used 213830K [0x00000000e0400000, 0x00000000f7c00000, 0x0000000100000000)
  eden space 335360K, 63% used [0x00000000e0400000,0x00000000ed4b1a38,0x00000000f4b80000)
  from space 25088K, 0% used [0x00000000f4b80000,0x00000000f4ba0000,0x00000000f6400000)
  to   space 23552K, 0% used [0x00000000f6500000,0x00000000f6500000,0x00000000f7c00000)
 ParOldGen       total 233472K, used 155004K [0x00000000a0c00000, 0x00000000af000000, 0x00000000e0400000)
  object space 233472K, 66% used [0x00000000a0c00000,0x00000000aa35f288,0x00000000af000000)
 Metaspace       used 17880K, capacity 18089K, committed 18304K, reserved 1064960K
  class space    used 1735K, capacity 1793K, committed 1920K, reserved 1048576K
GC Heap History (10 events):
Event: 13.110 GC heap before
{Heap before GC invocations=32 (full 3):
 PSYoungGen      total 358912K, used 329440K [0x00000000e0400000, 0x00000000f8480000, 0x0000000100000000)
  eden space 329216K, 100% used [0x00000000e0400000,0x00000000f4580000,0x00000000f4580000)
  from space 29696K, 0% used [0x00000000f6780000,0x00000000f67b8000,0x00000000f8480000)
  to   space 32256K, 0% used [0x00000000f4580000,0x00000000f4580000,0x00000000f6500000)
 ParOldGen       total 233472K, used 154948K [0x00000000a0c00000, 0x00000000af000000, 0x00000000e0400000)
  object space 233472K, 66% used [0x00000000a0c00000,0x00000000aa351288,0x00000000af000000)
 Metaspace       used 17767K, capacity 17961K, committed 18304K, reserved 1064960K
  class space    used 1723K, capacity 1793K, committed 1920K, reserved 1048576K
Event: 13.111 GC heap after
Heap after GC invocations=32 (full 3):
 PSYoungGen      total 361472K, used 160K [0x00000000e0400000, 0x00000000f8400000, 0x0000000100000000)
  eden space 329216K, 0% used [0x00000000e0400000,0x00000000e0400000,0x00000000f4580000)
  from space 32256K, 0% used [0x00000000f4580000,0x00000000f45a8000,0x00000000f6500000)
  to   space 30208K, 0% used [0x00000000f6680000,0x00000000f6680000,0x00000000f8400000)
 ParOldGen       total 233472K, used 154972K [0x00000000a0c00000, 0x00000000af000000, 0x00000000e0400000)
  object space 233472K, 66% used [0x00000000a0c00000,0x00000000aa357288,0x00000000af000000)
 Metaspace       used 17767K, capacity 17961K, committed 18304K, reserved 1064960K
  class space    used 1723K, capacity 1793K, committed 1920K, reserved 1048576K
}
Event: 13.641 GC heap before
{Heap before GC invocations=33 (full 3):
 PSYoungGen      total 361472K, used 329376K [0x00000000e0400000, 0x00000000f8400000, 0x0000000100000000)
  eden space 329216K, 100% used [0x00000000e0400000,0x00000000f4580000,0x00000000f4580000)
  from space 32256K, 0% used [0x00000000f4580000,0x00000000f45a8000,0x00000000f6500000)
  to   space 30208K, 0% used [0x00000000f6680000,0x00000000f6680000,0x00000000f8400000)
 ParOldGen       total 233472K, used 154972K [0x00000000a0c00000, 0x00000000af000000, 0x00000000e0400000)
  object space 233472K, 66% used [0x00000000a0c00000,0x00000000aa357288,0x00000000af000000)
 Metaspace       used 17833K, capacity 18089K, committed 18304K, reserved 1064960K
  class space    used 1723K, capacity 1793K, committed 1920K, reserved 1048576K
Event: 13.643 GC heap after
Heap after GC invocations=33 (full 3):
 PSYoungGen      total 358912K, used 192K [0x00000000e0400000, 0x00000000f8080000, 0x0000000100000000)
  eden space 332288K, 0% used [0x00000000e0400000,0x00000000e0400000,0x00000000f4880000)
  from space 26624K, 0% used [0x00000000f6680000,0x00000000f66b0000,0x00000000f8080000)
  to   space 28672K, 0% used [0x00000000f4880000,0x00000000f4880000,0x00000000f6480000)
 ParOldGen       total 233472K, used 154980K [0x00000000a0c00000, 0x00000000af000000, 0x00000000e0400000)
  object space 233472K, 66% used [0x00000000a0c00000,0x00000000aa359288,0x00000000af000000)
 Metaspace       used 17833K, capacity 18089K, committed 18304K, reserved 1064960K
  class space    used 1723K, capacity 1793K, committed 1920K, reserved 1048576K
}
Event: 14.174 GC heap before
{Heap before GC invocations=34 (full 3):
 PSYoungGen      total 358912K, used 332480K [0x00000000e0400000, 0x00000000f8080000, 0x0000000100000000)
  eden space 332288K, 100% used [0x00000000e0400000,0x00000000f4880000,0x00000000f4880000)
  from space 26624K, 0% used [0x00000000f6680000,0x00000000f66b0000,0x00000000f8080000)
  to   space 28672K, 0% used [0x00000000f4880000,0x00000000f4880000,0x00000000f6480000)
 ParOldGen       total 233472K, used 154980K [0x00000000a0c00000, 0x00000000af000000, 0x00000000e0400000)
  object space 233472K, 66% used [0x00000000a0c00000,0x00000000aa359288,0x00000000af000000)
 Metaspace       used 17833K, capacity 18089K, committed 18304K, reserved 1064960K
  class space    used 1723K, capacity 1793K, committed 1920K, reserved 1048576K
Event: 14.176 GC heap after
Heap after GC invocations=34 (full 3):
 PSYoungGen      total 360960K, used 160K [0x00000000e0400000, 0x00000000f7f80000, 0x0000000100000000)
  eden space 332288K, 0% used [0x00000000e0400000,0x00000000e0400000,0x00000000f4880000)
  from space 28672K, 0% used [0x00000000f4880000,0x00000000f48a8000,0x00000000f6480000)
  to   space 26624K, 0% used [0x00000000f6580000,0x00000000f6580000,0x00000000f7f80000)
 ParOldGen       total 233472K, used 154988K [0x00000000a0c00000, 0x00000000af000000, 0x00000000e0400000)
  object space 233472K, 66% used [0x00000000a0c00000,0x00000000aa35b288,0x00000000af000000)
 Metaspace       used 17833K, capacity 18089K, committed 18304K, reserved 1064960K
  class space    used 1723K, capacity 1793K, committed 1920K, reserved 1048576K
}
Event: 14.709 GC heap before
{Heap before GC invocations=35 (full 3):
 PSYoungGen      total 360960K, used 332448K [0x00000000e0400000, 0x00000000f7f80000, 0x0000000100000000)
  eden space 332288K, 100% used [0x00000000e0400000,0x00000000f4880000,0x00000000f4880000)
  from space 28672K, 0% used [0x00000000f4880000,0x00000000f48a8000,0x00000000f6480000)
  to   space 26624K, 0% used [0x00000000f6580000,0x00000000f6580000,0x00000000f7f80000)
 ParOldGen       total 233472K, used 154988K [0x00000000a0c00000, 0x00000000af000000, 0x00000000e0400000)
  object space 233472K, 66% used [0x00000000a0c00000,0x00000000aa35b288,0x00000000af000000)
 Metaspace       used 17845K, capacity 18089K, committed 18304K, reserved 1064960K
  class space    used 1723K, capacity 1793K, committed 1920K, reserved 1048576K
Event: 14.710 GC heap after
Heap after GC invocations=35 (full 3):
 PSYoungGen      total 358912K, used 128K [0x00000000e0400000, 0x00000000f7c80000, 0x0000000100000000)
  eden space 335360K, 0% used [0x00000000e0400000,0x00000000e0400000,0x00000000f4b80000)
  from space 23552K, 0% used [0x00000000f6580000,0x00000000f65a0000,0x00000000f7c80000)
  to   space 25088K, 0% used [0x00000000f4b80000,0x00000000f4b80000,0x00000000f6400000)
 ParOldGen       total 233472K, used 154996K [0x00000000a0c00000, 0x00000000af000000, 0x00000000e0400000)
  object space 233472K, 66% used [0x00000000a0c00000,0x00000000aa35d288,0x00000000af000000)
 Metaspace       used 17845K, capacity 18089K, committed 18304K, reserved 1064960K
  class space    used 1723K, capacity 1793K, committed 1920K, reserved 1048576K
}
Event: 15.245 GC heap before
{Heap before GC invocations=36 (full 3):
 PSYoungGen      total 358912K, used 335488K [0x00000000e0400000, 0x00000000f7c80000, 0x0000000100000000)
  eden space 335360K, 100% used [0x00000000e0400000,0x00000000f4b80000,0x00000000f4b80000)
  from space 23552K, 0% used [0x00000000f6580000,0x00000000f65a0000,0x00000000f7c80000)
  to   space 25088K, 0% used [0x00000000f4b80000,0x00000000f4b80000,0x00000000f6400000)
 ParOldGen       total 233472K, used 154996K [0x00000000a0c00000, 0x00000000af000000, 0x00000000e0400000)
  object space 233472K, 66% used [0x00000000a0c00000,0x00000000aa35d288,0x00000000af000000)
 Metaspace       used 17845K, capacity 18089K, committed 18304K, reserved 1064960K
  class space    used 1723K, capacity 1793K, committed 1920K, reserved 1048576K
Event: 15.246 GC heap after
Heap after GC invocations=36 (full 3):
 PSYoungGen      total 360448K, used 128K [0x00000000e0400000, 0x00000000f7c00000, 0x0000000100000000)
  eden space 335360K, 0% used [0x00000000e0400000,0x00000000e0400000,0x00000000f4b80000)
  from space 25088K, 0% used [0x00000000f4b80000,0x00000000f4ba0000,0x00000000f6400000)
  to   space 23552K, 0% used [0x00000000f6500000,0x00000000f6500000,0x00000000f7c00000)
 ParOldGen       total 233472K, used 155004K [0x00000000a0c00000, 0x00000000af000000, 0x00000000e0400000)
  object space 233472K, 66% used [0x00000000a0c00000,0x00000000aa35f288,0x00000000af000000)
 Metaspace       used 17845K, capacity 18089K, committed 18304K, reserved 1064960K
  class space    used 1723K, capacity 1793K, committed 1920K, reserved 1048576K
}

