# JRE version: Java(TM) SE Runtime Environment (8.0_31-b13) (build 1.8.0_31-b13)
# Java VM: Java HotSpot(TM) 64-Bit Server VM (25.31-b07 mixed mode windows-amd64 compressed oops)
Heap:
 PSYoungGen      total 994304K, used 692034K [0x000000076b300000, 0x00000007aa400000, 0x00000007c0000000)
  eden space 971264K, 70% used [0x000000076b300000,0x0000000794ecfac0,0x00000007a6780000)
  from space 23040K, 35% used [0x00000007a6780000,0x00000007a6f81010,0x00000007a7e00000)
  to   space 23040K, 0% used [0x00000007a8d80000,0x00000007a8d80000,0x00000007aa400000)
 ParOldGen       total 301056K, used 170153K [0x00000006c1800000, 0x00000006d3e00000, 0x000000076b300000)
  object space 301056K, 56% used [0x00000006c1800000,0x00000006cbe2a530,0x00000006d3e00000)
 Metaspace       used 18014K, capacity 18231K, committed 18560K, reserved 1067008K
  class space    used 1729K, capacity 1794K, committed 1920K, reserved 1048576K
GC Heap History (10 events):
Event: 32.369 GC heap before
{Heap before GC invocations=32 (full 1):
 PSYoungGen      total 971776K, used 946752K [0x000000076b300000, 0x00000007a8980000, 0x00000007c0000000)
  eden space 946688K, 100% used [0x000000076b300000,0x00000007a4f80000,0x00000007a4f80000)
  from space 25088K, 0% used [0x00000007a7100000,0x00000007a7110000,0x00000007a8980000)
  to   space 29696K, 0% used [0x00000007a4f80000,0x00000007a4f80000,0x00000007a6c80000)
 ParOldGen       total 301056K, used 170097K [0x00000006c1800000, 0x00000006d3e00000, 0x000000076b300000)
  object space 301056K, 56% used [0x00000006c1800000,0x00000006cbe1c530,0x00000006d3e00000)
 Metaspace       used 17978K, capacity 18231K, committed 18560K, reserved 1067008K
  class space    used 1718K, capacity 1794K, committed 1920K, reserved 1048576K
Event: 32.371 GC heap after
Heap after GC invocations=32 (full 1):
 PSYoungGen      total 976384K, used 128K [0x000000076b300000, 0x00000007a9580000, 0x00000007c0000000)
  eden space 946688K, 0% used [0x000000076b300000,0x000000076b300000,0x00000007a4f80000)
  from space 29696K, 0% used [0x00000007a4f80000,0x00000007a4fa0000,0x00000007a6c80000)
  to   space 28160K, 0% used [0x00000007a7a00000,0x00000007a7a00000,0x00000007a9580000)
 ParOldGen       total 301056K, used 170105K [0x00000006c1800000, 0x00000006d3e00000, 0x000000076b300000)
  object space 301056K, 56% used [0x00000006c1800000,0x00000006cbe1e530,0x00000006d3e00000)
 Metaspace       used 17978K, capacity 18231K, committed 18560K, reserved 1067008K
  class space    used 1718K, capacity 1794K, committed 1920K, reserved 1048576K
}
Event: 33.869 GC heap before
{Heap before GC invocations=33 (full 1):
 PSYoungGen      total 976384K, used 945417K [0x000000076b300000, 0x00000007a9580000, 0x00000007c0000000)
  eden space 946688K, 99% used [0x000000076b300000,0x00000007a4e22640,0x00000007a4f80000)
  from space 29696K, 0% used [0x00000007a4f80000,0x00000007a4fa0000,0x00000007a6c80000)
  to   space 28160K, 0% used [0x00000007a7a00000,0x00000007a7a00000,0x00000007a9580000)
 ParOldGen       total 301056K, used 170105K [0x00000006c1800000, 0x00000006d3e00000, 0x000000076b300000)
  object space 301056K, 56% used [0x00000006c1800000,0x00000006cbe1e530,0x00000006d3e00000)
 Metaspace       used 17979K, capacity 18231K, committed 18560K, reserved 1067008K
  class space    used 1718K, capacity 1794K, committed 1920K, reserved 1048576K
Event: 33.871 GC heap after
Heap after GC invocations=33 (full 1):
 PSYoungGen      total 985088K, used 96K [0x000000076b300000, 0x00000007a9180000, 0x00000007c0000000)
  eden space 961024K, 0% used [0x000000076b300000,0x000000076b300000,0x00000007a5d80000)
  from space 24064K, 0% used [0x00000007a7a00000,0x00000007a7a18000,0x00000007a9180000)
  to   space 26624K, 0% used [0x00000007a5d80000,0x00000007a5d80000,0x00000007a7780000)
 ParOldGen       total 301056K, used 170105K [0x00000006c1800000, 0x00000006d3e00000, 0x000000076b300000)
  object space 301056K, 56% used [0x00000006c1800000,0x00000006cbe1e530,0x00000006d3e00000)
 Metaspace       used 17979K, capacity 18231K, committed 18560K, reserved 1067008K
  class space    used 1718K, capacity 1794K, committed 1920K, reserved 1048576K
}
Event: 35.402 GC heap before
{Heap before GC invocations=34 (full 1):
 PSYoungGen      total 985088K, used 960821K [0x000000076b300000, 0x00000007a9180000, 0x00000007c0000000)
  eden space 961024K, 99% used [0x000000076b300000,0x00000007a5d357f8,0x00000007a5d80000)
  from space 24064K, 0% used [0x00000007a7a00000,0x00000007a7a18000,0x00000007a9180000)
  to   space 26624K, 0% used [0x00000007a5d80000,0x00000007a5d80000,0x00000007a7780000)
 ParOldGen       total 301056K, used 170105K [0x00000006c1800000, 0x00000006d3e00000, 0x000000076b300000)
  object space 301056K, 56% used [0x00000006c1800000,0x00000006cbe1e530,0x00000006d3e00000)
 Metaspace       used 17979K, capacity 18231K, committed 18560K, reserved 1067008K
  class space    used 1718K, capacity 1794K, committed 1920K, reserved 1048576K
Event: 35.404 GC heap after
Heap after GC invocations=34 (full 1):
 PSYoungGen      total 987648K, used 128K [0x000000076b300000, 0x00000007a9880000, 0x00000007c0000000)
  eden space 961024K, 0% used [0x000000076b300000,0x000000076b300000,0x00000007a5d80000)
  from space 26624K, 0% used [0x00000007a5d80000,0x00000007a5da0000,0x00000007a7780000)
  to   space 24576K, 0% used [0x00000007a8080000,0x00000007a8080000,0x00000007a9880000)
 ParOldGen       total 301056K, used 170121K [0x00000006c1800000, 0x00000006d3e00000, 0x000000076b300000)
  object space 301056K, 56% used [0x00000006c1800000,0x00000006cbe22530,0x00000006d3e00000)
 Metaspace       used 17979K, capacity 18231K, committed 18560K, reserved 1067008K
  class space    used 1718K, capacity 1794K, committed 1920K, reserved 1048576K
}
Event: 36.936 GC heap before
{Heap before GC invocations=35 (full 1):
 PSYoungGen      total 987648K, used 958149K [0x000000076b300000, 0x00000007a9880000, 0x00000007c0000000)
  eden space 961024K, 99% used [0x000000076b300000,0x00000007a5a914a0,0x00000007a5d80000)
  from space 26624K, 0% used [0x00000007a5d80000,0x00000007a5da0000,0x00000007a7780000)
  to   space 24576K, 0% used [0x00000007a8080000,0x00000007a8080000,0x00000007a9880000)
 ParOldGen       total 301056K, used 170121K [0x00000006c1800000, 0x00000006d3e00000, 0x000000076b300000)
  object space 301056K, 56% used [0x00000006c1800000,0x00000006cbe22530,0x00000006d3e00000)
 Metaspace       used 17979K, capacity 18231K, committed 18560K, reserved 1067008K
  class space    used 1718K, capacity 1794K, committed 1920K, reserved 1048576K
Event: 36.938 GC heap after
Heap after GC invocations=35 (full 1):
 PSYoungGen      total 991744K, used 96K [0x000000076b300000, 0x00000007a9480000, 0x00000007c0000000)
  eden space 971264K, 0% used [0x000000076b300000,0x000000076b300000,0x00000007a6780000)
  from space 20480K, 0% used [0x00000007a8080000,0x00000007a8098000,0x00000007a9480000)
  to   space 23040K, 0% used [0x00000007a6780000,0x00000007a6780000,0x00000007a7e00000)
 ParOldGen       total 301056K, used 170145K [0x00000006c1800000, 0x00000006d3e00000, 0x000000076b300000)
  object space 301056K, 56% used [0x00000006c1800000,0x00000006cbe28530,0x00000006d3e00000)
 Metaspace       used 17979K, capacity 18231K, committed 18560K, reserved 1067008K
  class space    used 1718K, capacity 1794K, committed 1920K, reserved 1048576K
}
Event: 38.475 GC heap before
{Heap before GC invocations=36 (full 1):
 PSYoungGen      total 991744K, used 971360K [0x000000076b300000, 0x00000007a9480000, 0x00000007c0000000)
  eden space 971264K, 100% used [0x000000076b300000,0x00000007a6780000,0x00000007a6780000)
  from space 20480K, 0% used [0x00000007a8080000,0x00000007a8098000,0x00000007a9480000)
  to   space 23040K, 0% used [0x00000007a6780000,0x00000007a6780000,0x00000007a7e00000)
 ParOldGen       total 301056K, used 170145K [0x00000006c1800000, 0x00000006d3e00000, 0x000000076b300000)
  object space 301056K, 56% used [0x00000006c1800000,0x00000006cbe28530,0x00000006d3e00000)
 Metaspace       used 17979K, capacity 18231K, committed 18560K, reserved 1067008K
  class space    used 1718K, capacity 1794K, committed 1920K, reserved 1048576K
Event: 38.482 GC heap after
Heap after GC invocations=36 (full 1):
 PSYoungGen      total 994304K, used 8196K [0x000000076b300000, 0x00000007aa400000, 0x00000007c0000000)
  eden space 971264K, 0% used [0x000000076b300000,0x000000076b300000,0x00000007a6780000)
  from space 23040K, 35% used [0x00000007a6780000,0x00000007a6f81010,0x00000007a7e00000)
  to   space 23040K, 0% used [0x00000007a8d80000,0x00000007a8d80000,0x00000007aa400000)
 ParOldGen       total 301056K, used 170153K [0x00000006c1800000, 0x00000006d3e00000, 0x000000076b300000)
  object space 301056K, 56% used [0x00000006c1800000,0x00000006cbe2a530,0x00000006d3e00000)
 Metaspace       used 17979K, capacity 18231K, committed 18560K, reserved 1067008K
  class space    used 1718K, capacity 1794K, committed 1920K, reserved 1048576K
}

