# JRE version: Java(TM) SE Runtime Environment (8.0_25-b18) (build 1.8.0_25-b18)
# Java VM: Java HotSpot(TM) 64-Bit Server VM (25.25-b02 mixed mode windows-amd64 compressed oops)
Heap:
 PSYoungGen      total 405504K, used 67897K [0x00000000e0400000, 0x00000000f9300000, 0x0000000100000000)
  eden space 404992K, 16% used [0x00000000e0400000,0x00000000e462e6e8,0x00000000f8f80000)
  from space 512K, 25% used [0x00000000f8f80000,0x00000000f8fa0000,0x00000000f9000000)
  to   space 512K, 0% used [0x00000000f9280000,0x00000000f9280000,0x00000000f9300000)
 ParOldGen       total 228352K, used 188935K [0x00000000a0c00000, 0x00000000aeb00000, 0x00000000e0400000)
  object space 228352K, 82% used [0x00000000a0c00000,0x00000000ac481c08,0x00000000aeb00000)
 Metaspace       used 17990K, capacity 18185K, committed 18432K, reserved 1067008K
  class space    used 1721K, capacity 1761K, committed 1792K, reserved 1048576K
GC Heap History (10 events):
Event: 52.649 GC heap before
{Heap before GC invocations=104 (full 3):
 PSYoungGen      total 401408K, used 394810K [0x00000000e0400000, 0x00000000f8d80000, 0x0000000100000000)
  eden space 400896K, 98% used [0x00000000e0400000,0x00000000f856eaf8,0x00000000f8b80000)
  from space 512K, 25% used [0x00000000f8c00000,0x00000000f8c20000,0x00000000f8c80000)
  to   space 512K, 0% used [0x00000000f8b80000,0x00000000f8b80000,0x00000000f8c00000)
 ParOldGen       total 228352K, used 180834K [0x00000000a0c00000, 0x00000000aeb00000, 0x00000000e0400000)
  object space 228352K, 79% used [0x00000000a0c00000,0x00000000abc98bf8,0x00000000aeb00000)
 Metaspace       used 17963K, capacity 18185K, committed 18432K, reserved 1067008K
  class space    used 1711K, capacity 1761K, committed 1792K, reserved 1048576K
Event: 52.650 GC heap after
Heap after GC invocations=104 (full 3):
 PSYoungGen      total 401408K, used 160K [0x00000000e0400000, 0x00000000f8e80000, 0x0000000100000000)
  eden space 400896K, 0% used [0x00000000e0400000,0x00000000e0400000,0x00000000f8b80000)
  from space 512K, 31% used [0x00000000f8b80000,0x00000000f8ba8000,0x00000000f8c00000)
  to   space 512K, 0% used [0x00000000f8e00000,0x00000000f8e00000,0x00000000f8e80000)
 ParOldGen       total 228352K, used 180834K [0x00000000a0c00000, 0x00000000aeb00000, 0x00000000e0400000)
  object space 228352K, 79% used [0x00000000a0c00000,0x00000000abc98bf8,0x00000000aeb00000)
 Metaspace       used 17963K, capacity 18185K, committed 18432K, reserved 1067008K
  class space    used 1711K, capacity 1761K, committed 1792K, reserved 1048576K
}
Event: 53.284 GC heap before
{Heap before GC invocations=105 (full 3):
 PSYoungGen      total 401408K, used 400833K [0x00000000e0400000, 0x00000000f8e80000, 0x0000000100000000)
  eden space 400896K, 99% used [0x00000000e0400000,0x00000000f8b48448,0x00000000f8b80000)
  from space 512K, 31% used [0x00000000f8b80000,0x00000000f8ba8000,0x00000000f8c00000)
  to   space 512K, 0% used [0x00000000f8e00000,0x00000000f8e00000,0x00000000f8e80000)
 ParOldGen       total 228352K, used 180834K [0x00000000a0c00000, 0x00000000aeb00000, 0x00000000e0400000)
  object space 228352K, 79% used [0x00000000a0c00000,0x00000000abc98bf8,0x00000000aeb00000)
 Metaspace       used 17963K, capacity 18185K, committed 18432K, reserved 1067008K
  class space    used 1711K, capacity 1761K, committed 1792K, reserved 1048576K
Event: 53.286 GC heap after
Heap after GC invocations=105 (full 3):
 PSYoungGen      total 403456K, used 160K [0x00000000e0400000, 0x00000000f8e80000, 0x0000000100000000)
  eden space 402944K, 0% used [0x00000000e0400000,0x00000000e0400000,0x00000000f8d80000)
  from space 512K, 31% used [0x00000000f8e00000,0x00000000f8e28000,0x00000000f8e80000)
  to   space 512K, 0% used [0x00000000f8d80000,0x00000000f8d80000,0x00000000f8e00000)
 ParOldGen       total 228352K, used 180834K [0x00000000a0c00000, 0x00000000aeb00000, 0x00000000e0400000)
  object space 228352K, 79% used [0x00000000a0c00000,0x00000000abc98bf8,0x00000000aeb00000)
 Metaspace       used 17963K, capacity 18185K, committed 18432K, reserved 1067008K
  class space    used 1711K, capacity 1761K, committed 1792K, reserved 1048576K
}
Event: 53.903 GC heap before
{Heap before GC invocations=106 (full 3):
 PSYoungGen      total 403456K, used 403104K [0x00000000e0400000, 0x00000000f8e80000, 0x0000000100000000)
  eden space 402944K, 100% used [0x00000000e0400000,0x00000000f8d80000,0x00000000f8d80000)
  from space 512K, 31% used [0x00000000f8e00000,0x00000000f8e28000,0x00000000f8e80000)
  to   space 512K, 0% used [0x00000000f8d80000,0x00000000f8d80000,0x00000000f8e00000)
 ParOldGen       total 228352K, used 180834K [0x00000000a0c00000, 0x00000000aeb00000, 0x00000000e0400000)
  object space 228352K, 79% used [0x00000000a0c00000,0x00000000abc98bf8,0x00000000aeb00000)
 Metaspace       used 17963K, capacity 18185K, committed 18432K, reserved 1067008K
  class space    used 1711K, capacity 1761K, committed 1792K, reserved 1048576K
Event: 53.904 GC heap after
Heap after GC invocations=106 (full 3):
 PSYoungGen      total 403456K, used 128K [0x00000000e0400000, 0x00000000f9080000, 0x0000000100000000)
  eden space 402944K, 0% used [0x00000000e0400000,0x00000000e0400000,0x00000000f8d80000)
  from space 512K, 25% used [0x00000000f8d80000,0x00000000f8da0000,0x00000000f8e00000)
  to   space 512K, 0% used [0x00000000f9000000,0x00000000f9000000,0x00000000f9080000)
 ParOldGen       total 228352K, used 180834K [0x00000000a0c00000, 0x00000000aeb00000, 0x00000000e0400000)
  object space 228352K, 79% used [0x00000000a0c00000,0x00000000abc98bf8,0x00000000aeb00000)
 Metaspace       used 17963K, capacity 18185K, committed 18432K, reserved 1067008K
  class space    used 1711K, capacity 1761K, committed 1792K, reserved 1048576K
}
Event: 54.535 GC heap before
{Heap before GC invocations=107 (full 3):
 PSYoungGen      total 403456K, used 403072K [0x00000000e0400000, 0x00000000f9080000, 0x0000000100000000)
  eden space 402944K, 100% used [0x00000000e0400000,0x00000000f8d80000,0x00000000f8d80000)
  from space 512K, 25% used [0x00000000f8d80000,0x00000000f8da0000,0x00000000f8e00000)
  to   space 512K, 0% used [0x00000000f9000000,0x00000000f9000000,0x00000000f9080000)
 ParOldGen       total 228352K, used 180834K [0x00000000a0c00000, 0x00000000aeb00000, 0x00000000e0400000)
  object space 228352K, 79% used [0x00000000a0c00000,0x00000000abc98bf8,0x00000000aeb00000)
 Metaspace       used 17963K, capacity 18185K, committed 18432K, reserved 1067008K
  class space    used 1711K, capacity 1761K, committed 1792K, reserved 1048576K
Event: 54.536 GC heap after
Heap after GC invocations=107 (full 3):
 PSYoungGen      total 405504K, used 96K [0x00000000e0400000, 0x00000000f9080000, 0x0000000100000000)
  eden space 404992K, 0% used [0x00000000e0400000,0x00000000e0400000,0x00000000f8f80000)
  from space 512K, 18% used [0x00000000f9000000,0x00000000f9018000,0x00000000f9080000)
  to   space 512K, 0% used [0x00000000f8f80000,0x00000000f8f80000,0x00000000f9000000)
 ParOldGen       total 228352K, used 180834K [0x00000000a0c00000, 0x00000000aeb00000, 0x00000000e0400000)
  object space 228352K, 79% used [0x00000000a0c00000,0x00000000abc98bf8,0x00000000aeb00000)
 Metaspace       used 17963K, capacity 18185K, committed 18432K, reserved 1067008K
  class space    used 1711K, capacity 1761K, committed 1792K, reserved 1048576K
}
Event: 55.215 GC heap before
{Heap before GC invocations=108 (full 3):
 PSYoungGen      total 405504K, used 404624K [0x00000000e0400000, 0x00000000f9080000, 0x0000000100000000)
  eden space 404992K, 99% used [0x00000000e0400000,0x00000000f8f0c220,0x00000000f8f80000)
  from space 512K, 18% used [0x00000000f9000000,0x00000000f9018000,0x00000000f9080000)
  to   space 512K, 0% used [0x00000000f8f80000,0x00000000f8f80000,0x00000000f9000000)
 ParOldGen       total 228352K, used 180834K [0x00000000a0c00000, 0x00000000aeb00000, 0x00000000e0400000)
  object space 228352K, 79% used [0x00000000a0c00000,0x00000000abc98bf8,0x00000000aeb00000)
 Metaspace       used 17963K, capacity 18185K, committed 18432K, reserved 1067008K
  class space    used 1711K, capacity 1761K, committed 1792K, reserved 1048576K
Event: 55.219 GC heap after
Heap after GC invocations=108 (full 3):
 PSYoungGen      total 405504K, used 128K [0x00000000e0400000, 0x00000000f9300000, 0x0000000100000000)
  eden space 404992K, 0% used [0x00000000e0400000,0x00000000e0400000,0x00000000f8f80000)
  from space 512K, 25% used [0x00000000f8f80000,0x00000000f8fa0000,0x00000000f9000000)
  to   space 512K, 0% used [0x00000000f9280000,0x00000000f9280000,0x00000000f9300000)
 ParOldGen       total 228352K, used 188935K [0x00000000a0c00000, 0x00000000aeb00000, 0x00000000e0400000)
  object space 228352K, 82% used [0x00000000a0c00000,0x00000000ac481c08,0x00000000aeb00000)
 Metaspace       used 17963K, capacity 18185K, committed 18432K, reserved 1067008K
  class space    used 1711K, capacity 1761K, committed 1792K, reserved 1048576K
}

