# JRE version: Java(TM) SE Runtime Environment (8.0_31-b13) (build 1.8.0_31-b13)
# Java VM: Java HotSpot(TM) 64-Bit Server VM (25.31-b07 mixed mode windows-amd64 compressed oops)
Heap:
 PSYoungGen      total 1128448K, used 688082K [0x000000076b300000, 0x00000007b3700000, 0x00000007c0000000)
  eden space 1091584K, 63% used [0x000000076b300000,0x00000007952a8a60,0x00000007add00000)
  from space 36864K, 0% used [0x00000007add00000,0x00000007add4c030,0x00000007b0100000)
  to   space 34816K, 0% used [0x00000007b1500000,0x00000007b1500000,0x00000007b3700000)
 ParOldGen       total 304640K, used 161955K [0x00000006c1800000, 0x00000006d4180000, 0x000000076b300000)
  object space 304640K, 53% used [0x00000006c1800000,0x00000006cb628f00,0x00000006d4180000)
 Metaspace       used 18134K, capacity 18355K, committed 18560K, reserved 1067008K
  class space    used 1729K, capacity 1794K, committed 1920K, reserved 1048576K
GC Heap History (10 events):
Event: 34.030 GC heap before
{Heap before GC invocations=24 (full 1):
 PSYoungGen      total 1082880K, used 1045888K [0x000000076b300000, 0x00000007b0a00000, 0x00000007c0000000)
  eden space 1045504K, 100% used [0x000000076b300000,0x00000007ab000000,0x00000007ab000000)
  from space 37376K, 1% used [0x00000007ae580000,0x00000007ae5e0020,0x00000007b0a00000)
  to   space 46080K, 0% used [0x00000007ab000000,0x00000007ab000000,0x00000007add00000)
 ParOldGen       total 304640K, used 161923K [0x00000006c1800000, 0x00000006d4180000, 0x000000076b300000)
  object space 304640K, 53% used [0x00000006c1800000,0x00000006cb620f00,0x00000006d4180000)
 Metaspace       used 18098K, capacity 18355K, committed 18560K, reserved 1067008K
  class space    used 1718K, capacity 1794K, committed 1920K, reserved 1048576K
Event: 34.032 GC heap after
Heap after GC invocations=24 (full 1):
 PSYoungGen      total 1091584K, used 352K [0x000000076b300000, 0x00000007b2300000, 0x00000007c0000000)
  eden space 1045504K, 0% used [0x000000076b300000,0x000000076b300000,0x00000007ab000000)
  from space 46080K, 0% used [0x00000007ab000000,0x00000007ab058020,0x00000007add00000)
  to   space 43520K, 0% used [0x00000007af880000,0x00000007af880000,0x00000007b2300000)
 ParOldGen       total 304640K, used 161923K [0x00000006c1800000, 0x00000006d4180000, 0x000000076b300000)
  object space 304640K, 53% used [0x00000006c1800000,0x00000006cb620f00,0x00000006d4180000)
 Metaspace       used 18098K, capacity 18355K, committed 18560K, reserved 1067008K
  class space    used 1718K, capacity 1794K, committed 1920K, reserved 1048576K
}
Event: 35.698 GC heap before
{Heap before GC invocations=25 (full 1):
 PSYoungGen      total 1091584K, used 1045856K [0x000000076b300000, 0x00000007b2300000, 0x00000007c0000000)
  eden space 1045504K, 100% used [0x000000076b300000,0x00000007ab000000,0x00000007ab000000)
  from space 46080K, 0% used [0x00000007ab000000,0x00000007ab058020,0x00000007add00000)
  to   space 43520K, 0% used [0x00000007af880000,0x00000007af880000,0x00000007b2300000)
 ParOldGen       total 304640K, used 161923K [0x00000006c1800000, 0x00000006d4180000, 0x000000076b300000)
  object space 304640K, 53% used [0x00000006c1800000,0x00000006cb620f00,0x00000006d4180000)
 Metaspace       used 18099K, capacity 18355K, committed 18560K, reserved 1067008K
  class space    used 1718K, capacity 1794K, committed 1920K, reserved 1048576K
Event: 35.699 GC heap after
Heap after GC invocations=25 (full 1):
 PSYoungGen      total 1106432K, used 400K [0x000000076b300000, 0x00000007b1a80000, 0x00000007c0000000)
  eden space 1071616K, 0% used [0x000000076b300000,0x000000076b300000,0x00000007ac980000)
  from space 34816K, 1% used [0x00000007af880000,0x00000007af8e4030,0x00000007b1a80000)
  to   space 41472K, 0% used [0x00000007ac980000,0x00000007ac980000,0x00000007af200000)
 ParOldGen       total 304640K, used 161923K [0x00000006c1800000, 0x00000006d4180000, 0x000000076b300000)
  object space 304640K, 53% used [0x00000006c1800000,0x00000006cb620f00,0x00000006d4180000)
 Metaspace       used 18099K, capacity 18355K, committed 18560K, reserved 1067008K
  class space    used 1718K, capacity 1794K, committed 1920K, reserved 1048576K
}
Event: 37.398 GC heap before
{Heap before GC invocations=26 (full 1):
 PSYoungGen      total 1106432K, used 1072016K [0x000000076b300000, 0x00000007b1a80000, 0x00000007c0000000)
  eden space 1071616K, 100% used [0x000000076b300000,0x00000007ac980000,0x00000007ac980000)
  from space 34816K, 1% used [0x00000007af880000,0x00000007af8e4030,0x00000007b1a80000)
  to   space 41472K, 0% used [0x00000007ac980000,0x00000007ac980000,0x00000007af200000)
 ParOldGen       total 304640K, used 161923K [0x00000006c1800000, 0x00000006d4180000, 0x000000076b300000)
  object space 304640K, 53% used [0x00000006c1800000,0x00000006cb620f00,0x00000006d4180000)
 Metaspace       used 18099K, capacity 18355K, committed 18560K, reserved 1067008K
  class space    used 1718K, capacity 1794K, committed 1920K, reserved 1048576K
Event: 37.400 GC heap after
Heap after GC invocations=26 (full 1):
 PSYoungGen      total 1113088K, used 400K [0x000000076b300000, 0x00000007b2700000, 0x00000007c0000000)
  eden space 1071616K, 0% used [0x000000076b300000,0x000000076b300000,0x00000007ac980000)
  from space 41472K, 0% used [0x00000007ac980000,0x00000007ac9e4030,0x00000007af200000)
  to   space 38912K, 0% used [0x00000007b0100000,0x00000007b0100000,0x00000007b2700000)
 ParOldGen       total 304640K, used 161923K [0x00000006c1800000, 0x00000006d4180000, 0x000000076b300000)
  object space 304640K, 53% used [0x00000006c1800000,0x00000006cb620f00,0x00000006d4180000)
 Metaspace       used 18099K, capacity 18355K, committed 18560K, reserved 1067008K
  class space    used 1718K, capacity 1794K, committed 1920K, reserved 1048576K
}
Event: 39.103 GC heap before
{Heap before GC invocations=27 (full 1):
 PSYoungGen      total 1113088K, used 1071854K [0x000000076b300000, 0x00000007b2700000, 0x00000007c0000000)
  eden space 1071616K, 99% used [0x000000076b300000,0x00000007ac9579e0,0x00000007ac980000)
  from space 41472K, 0% used [0x00000007ac980000,0x00000007ac9e4030,0x00000007af200000)
  to   space 38912K, 0% used [0x00000007b0100000,0x00000007b0100000,0x00000007b2700000)
 ParOldGen       total 304640K, used 161923K [0x00000006c1800000, 0x00000006d4180000, 0x000000076b300000)
  object space 304640K, 53% used [0x00000006c1800000,0x00000006cb620f00,0x00000006d4180000)
 Metaspace       used 18099K, capacity 18355K, committed 18560K, reserved 1067008K
  class space    used 1718K, capacity 1794K, committed 1920K, reserved 1048576K
Event: 39.110 GC heap after
Heap after GC invocations=27 (full 1):
 PSYoungGen      total 1130496K, used 9364K [0x000000076b300000, 0x00000007b2a80000, 0x00000007c0000000)
  eden space 1091584K, 0% used [0x000000076b300000,0x000000076b300000,0x00000007add00000)
  from space 38912K, 24% used [0x00000007b0100000,0x00000007b0a25040,0x00000007b2700000)
  to   space 36864K, 0% used [0x00000007add00000,0x00000007add00000,0x00000007b0100000)
 ParOldGen       total 304640K, used 161923K [0x00000006c1800000, 0x00000006d4180000, 0x000000076b300000)
  object space 304640K, 53% used [0x00000006c1800000,0x00000006cb620f00,0x00000006d4180000)
 Metaspace       used 18099K, capacity 18355K, committed 18560K, reserved 1067008K
  class space    used 1718K, capacity 1794K, committed 1920K, reserved 1048576K
}
Event: 40.858 GC heap before
{Heap before GC invocations=28 (full 1):
 PSYoungGen      total 1130496K, used 1100948K [0x000000076b300000, 0x00000007b2a80000, 0x00000007c0000000)
  eden space 1091584K, 100% used [0x000000076b300000,0x00000007add00000,0x00000007add00000)
  from space 38912K, 24% used [0x00000007b0100000,0x00000007b0a25040,0x00000007b2700000)
  to   space 36864K, 0% used [0x00000007add00000,0x00000007add00000,0x00000007b0100000)
 ParOldGen       total 304640K, used 161923K [0x00000006c1800000, 0x00000006d4180000, 0x000000076b300000)
  object space 304640K, 53% used [0x00000006c1800000,0x00000006cb620f00,0x00000006d4180000)
 Metaspace       used 18099K, capacity 18355K, committed 18560K, reserved 1067008K
  class space    used 1718K, capacity 1794K, committed 1920K, reserved 1048576K
Event: 40.860 GC heap after
Heap after GC invocations=28 (full 1):
 PSYoungGen      total 1128448K, used 304K [0x000000076b300000, 0x00000007b3700000, 0x00000007c0000000)
  eden space 1091584K, 0% used [0x000000076b300000,0x000000076b300000,0x00000007add00000)
  from space 36864K, 0% used [0x00000007add00000,0x00000007add4c030,0x00000007b0100000)
  to   space 34816K, 0% used [0x00000007b1500000,0x00000007b1500000,0x00000007b3700000)
 ParOldGen       total 304640K, used 161955K [0x00000006c1800000, 0x00000006d4180000, 0x000000076b300000)
  object space 304640K, 53% used [0x00000006c1800000,0x00000006cb628f00,0x00000006d4180000)
 Metaspace       used 18099K, capacity 18355K, committed 18560K, reserved 1067008K
  class space    used 1718K, capacity 1794K, committed 1920K, reserved 1048576K
}

