# JRE version: Java(TM) SE Runtime Environment (8.0_25-b18) (build 1.8.0_25-b18)
# Java VM: Java HotSpot(TM) 64-Bit Server VM (25.25-b02 mixed mode windows-amd64 compressed oops)
Heap:
 PSYoungGen      total 391680K, used 232220K [0x00000000e0400000, 0x00000000f9400000, 0x0000000100000000)
  eden space 375808K, 61% used [0x00000000e0400000,0x00000000ee6a7138,0x00000000f7300000)
  from space 15872K, 0% used [0x00000000f8480000,0x00000000f84a0000,0x00000000f9400000)
  to   space 16896K, 0% used [0x00000000f7300000,0x00000000f7300000,0x00000000f8380000)
 ParOldGen       total 225792K, used 155958K [0x00000000a0c00000, 0x00000000ae880000, 0x00000000e0400000)
  object space 225792K, 69% used [0x00000000a0c00000,0x00000000aa44dbf8,0x00000000ae880000)
 Metaspace       used 18538K, capacity 18729K, committed 19072K, reserved 1067008K
  class space    used 1761K, capacity 1793K, committed 1920K, reserved 1048576K
GC Heap History (10 events):
Event: 22.286 GC heap before
{Heap before GC invocations=41 (full 3):
 PSYoungGen      total 387584K, used 365664K [0x00000000e0400000, 0x00000000f9480000, 0x0000000100000000)
  eden space 365568K, 100% used [0x00000000e0400000,0x00000000f6900000,0x00000000f6900000)
  from space 22016K, 0% used [0x00000000f6900000,0x00000000f6918000,0x00000000f7e80000)
  to   space 20480K, 0% used [0x00000000f8080000,0x00000000f8080000,0x00000000f9480000)
 ParOldGen       total 225792K, used 155934K [0x00000000a0c00000, 0x00000000ae880000, 0x00000000e0400000)
  object space 225792K, 69% used [0x00000000a0c00000,0x00000000aa447bf8,0x00000000ae880000)
 Metaspace       used 18537K, capacity 18729K, committed 19072K, reserved 1067008K
  class space    used 1761K, capacity 1793K, committed 1920K, reserved 1048576K
Event: 22.288 GC heap after
Heap after GC invocations=41 (full 3):
 PSYoungGen      total 386560K, used 128K [0x00000000e0400000, 0x00000000f9200000, 0x0000000100000000)
  eden space 368640K, 0% used [0x00000000e0400000,0x00000000e0400000,0x00000000f6c00000)
  from space 17920K, 0% used [0x00000000f8080000,0x00000000f80a0000,0x00000000f9200000)
  to   space 19456K, 0% used [0x00000000f6c00000,0x00000000f6c00000,0x00000000f7f00000)
 ParOldGen       total 225792K, used 155942K [0x00000000a0c00000, 0x00000000ae880000, 0x00000000e0400000)
  object space 225792K, 69% used [0x00000000a0c00000,0x00000000aa449bf8,0x00000000ae880000)
 Metaspace       used 18537K, capacity 18729K, committed 19072K, reserved 1067008K
  class space    used 1761K, capacity 1793K, committed 1920K, reserved 1048576K
}
Event: 22.862 GC heap before
{Heap before GC invocations=42 (full 3):
 PSYoungGen      total 386560K, used 368768K [0x00000000e0400000, 0x00000000f9200000, 0x0000000100000000)
  eden space 368640K, 100% used [0x00000000e0400000,0x00000000f6c00000,0x00000000f6c00000)
  from space 17920K, 0% used [0x00000000f8080000,0x00000000f80a0000,0x00000000f9200000)
  to   space 19456K, 0% used [0x00000000f6c00000,0x00000000f6c00000,0x00000000f7f00000)
 ParOldGen       total 225792K, used 155942K [0x00000000a0c00000, 0x00000000ae880000, 0x00000000e0400000)
  object space 225792K, 69% used [0x00000000a0c00000,0x00000000aa449bf8,0x00000000ae880000)
 Metaspace       used 18537K, capacity 18729K, committed 19072K, reserved 1067008K
  class space    used 1761K, capacity 1793K, committed 1920K, reserved 1048576K
Event: 22.867 GC heap after
Heap after GC invocations=42 (full 3):
 PSYoungGen      total 388096K, used 8228K [0x00000000e0400000, 0x00000000f9700000, 0x0000000100000000)
  eden space 368640K, 0% used [0x00000000e0400000,0x00000000e0400000,0x00000000f6c00000)
  from space 19456K, 42% used [0x00000000f6c00000,0x00000000f7409010,0x00000000f7f00000)
  to   space 19968K, 0% used [0x00000000f8380000,0x00000000f8380000,0x00000000f9700000)
 ParOldGen       total 225792K, used 155942K [0x00000000a0c00000, 0x00000000ae880000, 0x00000000e0400000)
  object space 225792K, 69% used [0x00000000a0c00000,0x00000000aa449bf8,0x00000000ae880000)
 Metaspace       used 18537K, capacity 18729K, committed 19072K, reserved 1067008K
  class space    used 1761K, capacity 1793K, committed 1920K, reserved 1048576K
}
Event: 23.457 GC heap before
{Heap before GC invocations=43 (full 3):
 PSYoungGen      total 388096K, used 376460K [0x00000000e0400000, 0x00000000f9700000, 0x0000000100000000)
  eden space 368640K, 99% used [0x00000000e0400000,0x00000000f6b9a370,0x00000000f6c00000)
  from space 19456K, 42% used [0x00000000f6c00000,0x00000000f7409010,0x00000000f7f00000)
  to   space 19968K, 0% used [0x00000000f8380000,0x00000000f8380000,0x00000000f9700000)
 ParOldGen       total 225792K, used 155942K [0x00000000a0c00000, 0x00000000ae880000, 0x00000000e0400000)
  object space 225792K, 69% used [0x00000000a0c00000,0x00000000aa449bf8,0x00000000ae880000)
 Metaspace       used 18537K, capacity 18729K, committed 19072K, reserved 1067008K
  class space    used 1761K, capacity 1793K, committed 1920K, reserved 1048576K
Event: 23.459 GC heap after
Heap after GC invocations=43 (full 3):
 PSYoungGen      total 390656K, used 128K [0x00000000e0400000, 0x00000000f9500000, 0x0000000100000000)
  eden space 372736K, 0% used [0x00000000e0400000,0x00000000e0400000,0x00000000f7000000)
  from space 17920K, 0% used [0x00000000f8380000,0x00000000f83a0000,0x00000000f9500000)
  to   space 18944K, 0% used [0x00000000f7000000,0x00000000f7000000,0x00000000f8280000)
 ParOldGen       total 225792K, used 155942K [0x00000000a0c00000, 0x00000000ae880000, 0x00000000e0400000)
  object space 225792K, 69% used [0x00000000a0c00000,0x00000000aa449bf8,0x00000000ae880000)
 Metaspace       used 18537K, capacity 18729K, committed 19072K, reserved 1067008K
  class space    used 1761K, capacity 1793K, committed 1920K, reserved 1048576K
}
Event: 24.056 GC heap before
{Heap before GC invocations=44 (full 3):
 PSYoungGen      total 390656K, used 372864K [0x00000000e0400000, 0x00000000f9500000, 0x0000000100000000)
  eden space 372736K, 100% used [0x00000000e0400000,0x00000000f7000000,0x00000000f7000000)
  from space 17920K, 0% used [0x00000000f8380000,0x00000000f83a0000,0x00000000f9500000)
  to   space 18944K, 0% used [0x00000000f7000000,0x00000000f7000000,0x00000000f8280000)
 ParOldGen       total 225792K, used 155942K [0x00000000a0c00000, 0x00000000ae880000, 0x00000000e0400000)
  object space 225792K, 69% used [0x00000000a0c00000,0x00000000aa449bf8,0x00000000ae880000)
 Metaspace       used 18537K, capacity 18729K, committed 19072K, reserved 1067008K
  class space    used 1761K, capacity 1793K, committed 1920K, reserved 1048576K
Event: 24.058 GC heap after
Heap after GC invocations=44 (full 3):
 PSYoungGen      total 391680K, used 96K [0x00000000e0400000, 0x00000000f9600000, 0x0000000100000000)
  eden space 372736K, 0% used [0x00000000e0400000,0x00000000e0400000,0x00000000f7000000)
  from space 18944K, 0% used [0x00000000f7000000,0x00000000f7018000,0x00000000f8280000)
  to   space 17920K, 0% used [0x00000000f8480000,0x00000000f8480000,0x00000000f9600000)
 ParOldGen       total 225792K, used 155958K [0x00000000a0c00000, 0x00000000ae880000, 0x00000000e0400000)
  object space 225792K, 69% used [0x00000000a0c00000,0x00000000aa44dbf8,0x00000000ae880000)
 Metaspace       used 18537K, capacity 18729K, committed 19072K, reserved 1067008K
  class space    used 1761K, capacity 1793K, committed 1920K, reserved 1048576K
}
Event: 24.643 GC heap before
{Heap before GC invocations=45 (full 3):
 PSYoungGen      total 391680K, used 372832K [0x00000000e0400000, 0x00000000f9600000, 0x0000000100000000)
  eden space 372736K, 100% used [0x00000000e0400000,0x00000000f7000000,0x00000000f7000000)
  from space 18944K, 0% used [0x00000000f7000000,0x00000000f7018000,0x00000000f8280000)
  to   space 17920K, 0% used [0x00000000f8480000,0x00000000f8480000,0x00000000f9600000)
 ParOldGen       total 225792K, used 155958K [0x00000000a0c00000, 0x00000000ae880000, 0x00000000e0400000)
  object space 225792K, 69% used [0x00000000a0c00000,0x00000000aa44dbf8,0x00000000ae880000)
 Metaspace       used 18537K, capacity 18729K, committed 19072K, reserved 1067008K
  class space    used 1761K, capacity 1793K, committed 1920K, reserved 1048576K
Event: 24.645 GC heap after
Heap after GC invocations=45 (full 3):
 PSYoungGen      total 391680K, used 128K [0x00000000e0400000, 0x00000000f9400000, 0x0000000100000000)
  eden space 375808K, 0% used [0x00000000e0400000,0x00000000e0400000,0x00000000f7300000)
  from space 15872K, 0% used [0x00000000f8480000,0x00000000f84a0000,0x00000000f9400000)
  to   space 16896K, 0% used [0x00000000f7300000,0x00000000f7300000,0x00000000f8380000)
 ParOldGen       total 225792K, used 155958K [0x00000000a0c00000, 0x00000000ae880000, 0x00000000e0400000)
  object space 225792K, 69% used [0x00000000a0c00000,0x00000000aa44dbf8,0x00000000ae880000)
 Metaspace       used 18537K, capacity 18729K, committed 19072K, reserved 1067008K
  class space    used 1761K, capacity 1793K, committed 1920K, reserved 1048576K
}

