# JRE version: Java(TM) SE Runtime Environment (8.0_25-b18) (build 1.8.0_25-b18)
# Java VM: Java HotSpot(TM) 64-Bit Server VM (25.25-b02 mixed mode windows-amd64 compressed oops)
Heap:
 PSYoungGen      total 465920K, used 290307K [0x00000000e0400000, 0x00000000fce80000, 0x0000000100000000)
  eden space 463360K, 62% used [0x00000000e0400000,0x00000000f1f58e88,0x00000000fc880000)
  from space 2560K, 6% used [0x00000000fcb00000,0x00000000fcb28000,0x00000000fcd80000)
  to   space 2560K, 0% used [0x00000000fc880000,0x00000000fc880000,0x00000000fcb00000)
 ParOldGen       total 241664K, used 171943K [0x00000000a0c00000, 0x00000000af800000, 0x00000000e0400000)
  object space 241664K, 71% used [0x00000000a0c00000,0x00000000ab3e9f88,0x00000000af800000)
 Metaspace       used 17944K, capacity 18185K, committed 18432K, reserved 1067008K
  class space    used 1723K, capacity 1761K, committed 1792K, reserved 1048576K
GC Heap History (10 events):
Event: 47.919 GC heap before
{Heap before GC invocations=84 (full 3):
 PSYoungGen      total 455680K, used 453312K [0x00000000e0400000, 0x00000000fc480000, 0x0000000100000000)
  eden space 453120K, 100% used [0x00000000e0400000,0x00000000fbe80000,0x00000000fbe80000)
  from space 2560K, 7% used [0x00000000fc200000,0x00000000fc230000,0x00000000fc480000)
  to   space 3072K, 0% used [0x00000000fbe80000,0x00000000fbe80000,0x00000000fc180000)
 ParOldGen       total 223744K, used 196756K [0x00000000a0c00000, 0x00000000ae680000, 0x00000000e0400000)
  object space 223744K, 87% used [0x00000000a0c00000,0x00000000acc253f0,0x00000000ae680000)
 Metaspace       used 17909K, capacity 18185K, committed 18432K, reserved 1067008K
  class space    used 1711K, capacity 1761K, committed 1792K, reserved 1048576K
Event: 47.921 GC heap after
Heap after GC invocations=84 (full 3):
 PSYoungGen      total 456192K, used 192K [0x00000000e0400000, 0x00000000fc780000, 0x0000000100000000)
  eden space 453120K, 0% used [0x00000000e0400000,0x00000000e0400000,0x00000000fbe80000)
  from space 3072K, 6% used [0x00000000fbe80000,0x00000000fbeb0000,0x00000000fc180000)
  to   space 2560K, 0% used [0x00000000fc500000,0x00000000fc500000,0x00000000fc780000)
 ParOldGen       total 223744K, used 196756K [0x00000000a0c00000, 0x00000000ae680000, 0x00000000e0400000)
  object space 223744K, 87% used [0x00000000a0c00000,0x00000000acc253f0,0x00000000ae680000)
 Metaspace       used 17909K, capacity 18185K, committed 18432K, reserved 1067008K
  class space    used 1711K, capacity 1761K, committed 1792K, reserved 1048576K
}
Event: 48.401 GC heap before
{Heap before GC invocations=85 (full 3):
 PSYoungGen      total 456192K, used 453120K [0x00000000e0400000, 0x00000000fc780000, 0x0000000100000000)
  eden space 453120K, 99% used [0x00000000e0400000,0x00000000fbe503a0,0x00000000fbe80000)
  from space 3072K, 6% used [0x00000000fbe80000,0x00000000fbeb0000,0x00000000fc180000)
  to   space 2560K, 0% used [0x00000000fc500000,0x00000000fc500000,0x00000000fc780000)
 ParOldGen       total 223744K, used 196756K [0x00000000a0c00000, 0x00000000ae680000, 0x00000000e0400000)
  object space 223744K, 87% used [0x00000000a0c00000,0x00000000acc253f0,0x00000000ae680000)
 Metaspace       used 17909K, capacity 18185K, committed 18432K, reserved 1067008K
  class space    used 1711K, capacity 1761K, committed 1792K, reserved 1048576K
Event: 48.407 GC heap after
Heap after GC invocations=85 (full 3):
 PSYoungGen      total 459776K, used 976K [0x00000000e0400000, 0x00000000fc900000, 0x0000000100000000)
  eden space 457216K, 0% used [0x00000000e0400000,0x00000000e0400000,0x00000000fc280000)
  from space 2560K, 38% used [0x00000000fc500000,0x00000000fc5f4010,0x00000000fc780000)
  to   space 2560K, 0% used [0x00000000fc280000,0x00000000fc280000,0x00000000fc500000)
 ParOldGen       total 223744K, used 204857K [0x00000000a0c00000, 0x00000000ae680000, 0x00000000e0400000)
  object space 223744K, 91% used [0x00000000a0c00000,0x00000000ad40e400,0x00000000ae680000)
 Metaspace       used 17909K, capacity 18185K, committed 18432K, reserved 1067008K
  class space    used 1711K, capacity 1761K, committed 1792K, reserved 1048576K
}
Event: 48.935 GC heap before
{Heap before GC invocations=86 (full 3):
 PSYoungGen      total 459776K, used 457458K [0x00000000e0400000, 0x00000000fc900000, 0x0000000100000000)
  eden space 457216K, 99% used [0x00000000e0400000,0x00000000fc1c88d0,0x00000000fc280000)
  from space 2560K, 38% used [0x00000000fc500000,0x00000000fc5f4010,0x00000000fc780000)
  to   space 2560K, 0% used [0x00000000fc280000,0x00000000fc280000,0x00000000fc500000)
 ParOldGen       total 223744K, used 204857K [0x00000000a0c00000, 0x00000000ae680000, 0x00000000e0400000)
  object space 223744K, 91% used [0x00000000a0c00000,0x00000000ad40e400,0x00000000ae680000)
 Metaspace       used 17909K, capacity 18185K, committed 18432K, reserved 1067008K
  class space    used 1711K, capacity 1761K, committed 1792K, reserved 1048576K
Event: 48.941 GC heap after
Heap after GC invocations=86 (full 3):
 PSYoungGen      total 459776K, used 1008K [0x00000000e0400000, 0x00000000fcd80000, 0x0000000100000000)
  eden space 457216K, 0% used [0x00000000e0400000,0x00000000e0400000,0x00000000fc280000)
  from space 2560K, 39% used [0x00000000fc280000,0x00000000fc37c010,0x00000000fc500000)
  to   space 2560K, 0% used [0x00000000fcb00000,0x00000000fcb00000,0x00000000fcd80000)
 ParOldGen       total 223744K, used 212957K [0x00000000a0c00000, 0x00000000ae680000, 0x00000000e0400000)
  object space 223744K, 95% used [0x00000000a0c00000,0x00000000adbf7410,0x00000000ae680000)
 Metaspace       used 17909K, capacity 18185K, committed 18432K, reserved 1067008K
  class space    used 1711K, capacity 1761K, committed 1792K, reserved 1048576K
}
Event: 48.941 GC heap before
{Heap before GC invocations=87 (full 4):
 PSYoungGen      total 459776K, used 1008K [0x00000000e0400000, 0x00000000fcd80000, 0x0000000100000000)
  eden space 457216K, 0% used [0x00000000e0400000,0x00000000e0400000,0x00000000fc280000)
  from space 2560K, 39% used [0x00000000fc280000,0x00000000fc37c010,0x00000000fc500000)
  to   space 2560K, 0% used [0x00000000fcb00000,0x00000000fcb00000,0x00000000fcd80000)
 ParOldGen       total 223744K, used 212957K [0x00000000a0c00000, 0x00000000ae680000, 0x00000000e0400000)
  object space 223744K, 95% used [0x00000000a0c00000,0x00000000adbf7410,0x00000000ae680000)
 Metaspace       used 17909K, capacity 18185K, committed 18432K, reserved 1067008K
  class space    used 1711K, capacity 1761K, committed 1792K, reserved 1048576K
Event: 48.985 GC heap after
Heap after GC invocations=87 (full 4):
 PSYoungGen      total 459776K, used 0K [0x00000000e0400000, 0x00000000fcd80000, 0x0000000100000000)
  eden space 457216K, 0% used [0x00000000e0400000,0x00000000e0400000,0x00000000fc280000)
  from space 2560K, 0% used [0x00000000fc280000,0x00000000fc280000,0x00000000fc500000)
  to   space 2560K, 0% used [0x00000000fcb00000,0x00000000fcb00000,0x00000000fcd80000)
 ParOldGen       total 241664K, used 163843K [0x00000000a0c00000, 0x00000000af800000, 0x00000000e0400000)
  object space 241664K, 67% used [0x00000000a0c00000,0x00000000aac00f78,0x00000000af800000)
 Metaspace       used 17909K, capacity 18185K, committed 18432K, reserved 1067008K
  class space    used 1711K, capacity 1761K, committed 1792K, reserved 1048576K
}
Event: 49.501 GC heap before
{Heap before GC invocations=88 (full 4):
 PSYoungGen      total 459776K, used 456522K [0x00000000e0400000, 0x00000000fcd80000, 0x0000000100000000)
  eden space 457216K, 99% used [0x00000000e0400000,0x00000000fc1d2af0,0x00000000fc280000)
  from space 2560K, 0% used [0x00000000fc280000,0x00000000fc280000,0x00000000fc500000)
  to   space 2560K, 0% used [0x00000000fcb00000,0x00000000fcb00000,0x00000000fcd80000)
 ParOldGen       total 241664K, used 163843K [0x00000000a0c00000, 0x00000000af800000, 0x00000000e0400000)
  object space 241664K, 67% used [0x00000000a0c00000,0x00000000aac00f78,0x00000000af800000)
 Metaspace       used 17909K, capacity 18185K, committed 18432K, reserved 1067008K
  class space    used 1711K, capacity 1761K, committed 1792K, reserved 1048576K
Event: 49.503 GC heap after
Heap after GC invocations=88 (full 4):
 PSYoungGen      total 465920K, used 160K [0x00000000e0400000, 0x00000000fce80000, 0x0000000100000000)
  eden space 463360K, 0% used [0x00000000e0400000,0x00000000e0400000,0x00000000fc880000)
  from space 2560K, 6% used [0x00000000fcb00000,0x00000000fcb28000,0x00000000fcd80000)
  to   space 2560K, 0% used [0x00000000fc880000,0x00000000fc880000,0x00000000fcb00000)
 ParOldGen       total 241664K, used 171943K [0x00000000a0c00000, 0x00000000af800000, 0x00000000e0400000)
  object space 241664K, 71% used [0x00000000a0c00000,0x00000000ab3e9f88,0x00000000af800000)
 Metaspace       used 17909K, capacity 18185K, committed 18432K, reserved 1067008K
  class space    used 1711K, capacity 1761K, committed 1792K, reserved 1048576K
}

