# JRE version: Java(TM) SE Runtime Environment (8.0_25-b18) (build 1.8.0_25-b18)
# Java VM: Java HotSpot(TM) 64-Bit Server VM (25.25-b02 mixed mode windows-amd64 compressed oops)
Heap:
 PSYoungGen      total 283648K, used 216800K [0x00000000e0400000, 0x00000000f3380000, 0x0000000100000000)
  eden space 257024K, 80% used [0x00000000e0400000,0x00000000ececaff8,0x00000000eff00000)
  from space 26624K, 34% used [0x00000000eff00000,0x00000000f07ed020,0x00000000f1900000)
  to   space 25600K, 0% used [0x00000000f1a80000,0x00000000f1a80000,0x00000000f3380000)
 ParOldGen       total 227840K, used 155091K [0x00000000a0c00000, 0x00000000aea80000, 0x00000000e0400000)
  object space 227840K, 68% used [0x00000000a0c00000,0x00000000aa374fb8,0x00000000aea80000)
 Metaspace       used 17845K, capacity 18057K, committed 18176K, reserved 1064960K
  class space    used 1719K, capacity 1761K, committed 1792K, reserved 1048576K
GC Heap History (10 events):
Event: 9.319 GC heap before
{Heap before GC invocations=34 (full 3):
 PSYoungGen      total 281600K, used 252096K [0x00000000e0400000, 0x00000000f3600000, 0x0000000100000000)
  eden space 251904K, 100% used [0x00000000e0400000,0x00000000efa00000,0x00000000efa00000)
  from space 29696K, 0% used [0x00000000f1900000,0x00000000f1930000,0x00000000f3600000)
  to   space 30720K, 0% used [0x00000000efa00000,0x00000000efa00000,0x00000000f1800000)
 ParOldGen       total 227840K, used 155011K [0x00000000a0c00000, 0x00000000aea80000, 0x00000000e0400000)
  object space 227840K, 68% used [0x00000000a0c00000,0x00000000aa360fb8,0x00000000aea80000)
 Metaspace       used 17774K, capacity 17993K, committed 18176K, reserved 1064960K
  class space    used 1719K, capacity 1761K, committed 1792K, reserved 1048576K
Event: 9.320 GC heap after
Heap after GC invocations=34 (full 3):
 PSYoungGen      total 282624K, used 256K [0x00000000e0400000, 0x00000000f3700000, 0x0000000100000000)
  eden space 251904K, 0% used [0x00000000e0400000,0x00000000e0400000,0x00000000efa00000)
  from space 30720K, 0% used [0x00000000efa00000,0x00000000efa40000,0x00000000f1800000)
  to   space 29696K, 0% used [0x00000000f1a00000,0x00000000f1a00000,0x00000000f3700000)
 ParOldGen       total 227840K, used 155027K [0x00000000a0c00000, 0x00000000aea80000, 0x00000000e0400000)
  object space 227840K, 68% used [0x00000000a0c00000,0x00000000aa364fb8,0x00000000aea80000)
 Metaspace       used 17774K, capacity 17993K, committed 18176K, reserved 1064960K
  class space    used 1719K, capacity 1761K, committed 1792K, reserved 1048576K
}
Event: 9.651 GC heap before
{Heap before GC invocations=35 (full 3):
 PSYoungGen      total 282624K, used 252160K [0x00000000e0400000, 0x00000000f3700000, 0x0000000100000000)
  eden space 251904K, 100% used [0x00000000e0400000,0x00000000efa00000,0x00000000efa00000)
  from space 30720K, 0% used [0x00000000efa00000,0x00000000efa40000,0x00000000f1800000)
  to   space 29696K, 0% used [0x00000000f1a00000,0x00000000f1a00000,0x00000000f3700000)
 ParOldGen       total 227840K, used 155027K [0x00000000a0c00000, 0x00000000aea80000, 0x00000000e0400000)
  object space 227840K, 68% used [0x00000000a0c00000,0x00000000aa364fb8,0x00000000aea80000)
 Metaspace       used 17775K, capacity 17993K, committed 18176K, reserved 1064960K
  class space    used 1719K, capacity 1761K, committed 1792K, reserved 1048576K
Event: 9.653 GC heap after
Heap after GC invocations=35 (full 3):
 PSYoungGen      total 282624K, used 224K [0x00000000e0400000, 0x00000000f3500000, 0x0000000100000000)
  eden space 254976K, 0% used [0x00000000e0400000,0x00000000e0400000,0x00000000efd00000)
  from space 27648K, 0% used [0x00000000f1a00000,0x00000000f1a38000,0x00000000f3500000)
  to   space 28672K, 0% used [0x00000000efd00000,0x00000000efd00000,0x00000000f1900000)
 ParOldGen       total 227840K, used 155059K [0x00000000a0c00000, 0x00000000aea80000, 0x00000000e0400000)
  object space 227840K, 68% used [0x00000000a0c00000,0x00000000aa36cfb8,0x00000000aea80000)
 Metaspace       used 17775K, capacity 17993K, committed 18176K, reserved 1064960K
  class space    used 1719K, capacity 1761K, committed 1792K, reserved 1048576K
}
Event: 9.974 GC heap before
{Heap before GC invocations=36 (full 3):
 PSYoungGen      total 282624K, used 255200K [0x00000000e0400000, 0x00000000f3500000, 0x0000000100000000)
  eden space 254976K, 100% used [0x00000000e0400000,0x00000000efd00000,0x00000000efd00000)
  from space 27648K, 0% used [0x00000000f1a00000,0x00000000f1a38000,0x00000000f3500000)
  to   space 28672K, 0% used [0x00000000efd00000,0x00000000efd00000,0x00000000f1900000)
 ParOldGen       total 227840K, used 155059K [0x00000000a0c00000, 0x00000000aea80000, 0x00000000e0400000)
  object space 227840K, 68% used [0x00000000a0c00000,0x00000000aa36cfb8,0x00000000aea80000)
 Metaspace       used 17777K, capacity 17993K, committed 18176K, reserved 1064960K
  class space    used 1719K, capacity 1761K, committed 1792K, reserved 1048576K
Event: 9.976 GC heap after
Heap after GC invocations=36 (full 3):
 PSYoungGen      total 283648K, used 224K [0x00000000e0400000, 0x00000000f3580000, 0x0000000100000000)
  eden space 254976K, 0% used [0x00000000e0400000,0x00000000e0400000,0x00000000efd00000)
  from space 28672K, 0% used [0x00000000efd00000,0x00000000efd38000,0x00000000f1900000)
  to   space 27648K, 0% used [0x00000000f1a80000,0x00000000f1a80000,0x00000000f3580000)
 ParOldGen       total 227840K, used 155067K [0x00000000a0c00000, 0x00000000aea80000, 0x00000000e0400000)
  object space 227840K, 68% used [0x00000000a0c00000,0x00000000aa36efb8,0x00000000aea80000)
 Metaspace       used 17777K, capacity 17993K, committed 18176K, reserved 1064960K
  class space    used 1719K, capacity 1761K, committed 1792K, reserved 1048576K
}
Event: 10.292 GC heap before
{Heap before GC invocations=37 (full 3):
 PSYoungGen      total 283648K, used 248738K [0x00000000e0400000, 0x00000000f3580000, 0x0000000100000000)
  eden space 254976K, 97% used [0x00000000e0400000,0x00000000ef6b0870,0x00000000efd00000)
  from space 28672K, 0% used [0x00000000efd00000,0x00000000efd38000,0x00000000f1900000)
  to   space 27648K, 0% used [0x00000000f1a80000,0x00000000f1a80000,0x00000000f3580000)
 ParOldGen       total 227840K, used 155067K [0x00000000a0c00000, 0x00000000aea80000, 0x00000000e0400000)
  object space 227840K, 68% used [0x00000000a0c00000,0x00000000aa36efb8,0x00000000aea80000)
 Metaspace       used 17780K, capacity 17993K, committed 18176K, reserved 1064960K
  class space    used 1719K, capacity 1761K, committed 1792K, reserved 1048576K
Event: 10.294 GC heap after
Heap after GC invocations=37 (full 3):
 PSYoungGen      total 282112K, used 256K [0x00000000e0400000, 0x00000000f3300000, 0x0000000100000000)
  eden space 257024K, 0% used [0x00000000e0400000,0x00000000e0400000,0x00000000eff00000)
  from space 25088K, 1% used [0x00000000f1a80000,0x00000000f1ac0000,0x00000000f3300000)
  to   space 26624K, 0% used [0x00000000eff00000,0x00000000eff00000,0x00000000f1900000)
 ParOldGen       total 227840K, used 155075K [0x00000000a0c00000, 0x00000000aea80000, 0x00000000e0400000)
  object space 227840K, 68% used [0x00000000a0c00000,0x00000000aa370fb8,0x00000000aea80000)
 Metaspace       used 17780K, capacity 17993K, committed 18176K, reserved 1064960K
  class space    used 1719K, capacity 1761K, committed 1792K, reserved 1048576K
}
Event: 10.633 GC heap before
{Heap before GC invocations=38 (full 3):
 PSYoungGen      total 282112K, used 257105K [0x00000000e0400000, 0x00000000f3300000, 0x0000000100000000)
  eden space 257024K, 99% used [0x00000000e0400000,0x00000000efed4568,0x00000000eff00000)
  from space 25088K, 1% used [0x00000000f1a80000,0x00000000f1ac0000,0x00000000f3300000)
  to   space 26624K, 0% used [0x00000000eff00000,0x00000000eff00000,0x00000000f1900000)
 ParOldGen       total 227840K, used 155075K [0x00000000a0c00000, 0x00000000aea80000, 0x00000000e0400000)
  object space 227840K, 68% used [0x00000000a0c00000,0x00000000aa370fb8,0x00000000aea80000)
 Metaspace       used 17843K, capacity 18057K, committed 18176K, reserved 1064960K
  class space    used 1719K, capacity 1761K, committed 1792K, reserved 1048576K
Event: 10.636 GC heap after
Heap after GC invocations=38 (full 3):
 PSYoungGen      total 283648K, used 9140K [0x00000000e0400000, 0x00000000f3380000, 0x0000000100000000)
  eden space 257024K, 0% used [0x00000000e0400000,0x00000000e0400000,0x00000000eff00000)
  from space 26624K, 34% used [0x00000000eff00000,0x00000000f07ed020,0x00000000f1900000)
  to   space 25600K, 0% used [0x00000000f1a80000,0x00000000f1a80000,0x00000000f3380000)
 ParOldGen       total 227840K, used 155091K [0x00000000a0c00000, 0x00000000aea80000, 0x00000000e0400000)
  object space 227840K, 68% used [0x00000000a0c00000,0x00000000aa374fb8,0x00000000aea80000)
 Metaspace       used 17843K, capacity 18057K, committed 18176K, reserved 1064960K
  class space    used 1719K, capacity 1761K, committed 1792K, reserved 1048576K
}

