# JRE version: Java(TM) SE Runtime Environment (8.0_25-b18) (build 1.8.0_25-b18)
# Java VM: Java HotSpot(TM) 64-Bit Server VM (25.25-b02 mixed mode windows-amd64 compressed oops)
Heap:
 PSYoungGen      total 384000K, used 52168K [0x00000000e0400000, 0x00000000f8380000, 0x0000000100000000)
  eden space 377856K, 13% used [0x00000000e0400000,0x00000000e36ca200,0x00000000f7500000)
  from space 6144K, 2% used [0x00000000f7500000,0x00000000f7528000,0x00000000f7b00000)
  to   space 6144K, 0% used [0x00000000f7d80000,0x00000000f7d80000,0x00000000f8380000)
 ParOldGen       total 226304K, used 163628K [0x00000000a0c00000, 0x00000000ae900000, 0x00000000e0400000)
  object space 226304K, 72% used [0x00000000a0c00000,0x00000000aabcb028,0x00000000ae900000)
 Metaspace       used 17998K, capacity 18185K, committed 18432K, reserved 1067008K
  class space    used 1723K, capacity 1761K, committed 1792K, reserved 1048576K
GC Heap History (10 events):
Event: 26.619 GC heap before
{Heap before GC invocations=56 (full 3):
 PSYoungGen      total 380928K, used 372896K [0x00000000e0400000, 0x00000000f8100000, 0x0000000100000000)
  eden space 372736K, 100% used [0x00000000e0400000,0x00000000f7000000,0x00000000f7000000)
  from space 8192K, 1% used [0x00000000f7900000,0x00000000f7928000,0x00000000f8100000)
  to   space 8704K, 0% used [0x00000000f7000000,0x00000000f7000000,0x00000000f7880000)
 ParOldGen       total 226304K, used 155504K [0x00000000a0c00000, 0x00000000ae900000, 0x00000000e0400000)
  object space 226304K, 68% used [0x00000000a0c00000,0x00000000aa3dc018,0x00000000ae900000)
 Metaspace       used 17961K, capacity 18185K, committed 18432K, reserved 1067008K
  class space    used 1711K, capacity 1761K, committed 1792K, reserved 1048576K
Event: 26.621 GC heap after
Heap after GC invocations=56 (full 3):
 PSYoungGen      total 381440K, used 128K [0x00000000e0400000, 0x00000000f8200000, 0x0000000100000000)
  eden space 372736K, 0% used [0x00000000e0400000,0x00000000e0400000,0x00000000f7000000)
  from space 8704K, 1% used [0x00000000f7000000,0x00000000f7020000,0x00000000f7880000)
  to   space 8192K, 0% used [0x00000000f7a00000,0x00000000f7a00000,0x00000000f8200000)
 ParOldGen       total 226304K, used 155504K [0x00000000a0c00000, 0x00000000ae900000, 0x00000000e0400000)
  object space 226304K, 68% used [0x00000000a0c00000,0x00000000aa3dc018,0x00000000ae900000)
 Metaspace       used 17961K, capacity 18185K, committed 18432K, reserved 1067008K
  class space    used 1711K, capacity 1761K, committed 1792K, reserved 1048576K
}
Event: 27.198 GC heap before
{Heap before GC invocations=57 (full 3):
 PSYoungGen      total 381440K, used 372864K [0x00000000e0400000, 0x00000000f8200000, 0x0000000100000000)
  eden space 372736K, 100% used [0x00000000e0400000,0x00000000f7000000,0x00000000f7000000)
  from space 8704K, 1% used [0x00000000f7000000,0x00000000f7020000,0x00000000f7880000)
  to   space 8192K, 0% used [0x00000000f7a00000,0x00000000f7a00000,0x00000000f8200000)
 ParOldGen       total 226304K, used 155504K [0x00000000a0c00000, 0x00000000ae900000, 0x00000000e0400000)
  object space 226304K, 68% used [0x00000000a0c00000,0x00000000aa3dc018,0x00000000ae900000)
 Metaspace       used 17962K, capacity 18185K, committed 18432K, reserved 1067008K
  class space    used 1711K, capacity 1761K, committed 1792K, reserved 1048576K
Event: 27.199 GC heap after
Heap after GC invocations=57 (full 3):
 PSYoungGen      total 380928K, used 96K [0x00000000e0400000, 0x00000000f8000000, 0x0000000100000000)
  eden space 374784K, 0% used [0x00000000e0400000,0x00000000e0400000,0x00000000f7200000)
  from space 6144K, 1% used [0x00000000f7a00000,0x00000000f7a18000,0x00000000f8000000)
  to   space 7168K, 0% used [0x00000000f7200000,0x00000000f7200000,0x00000000f7900000)
 ParOldGen       total 226304K, used 155504K [0x00000000a0c00000, 0x00000000ae900000, 0x00000000e0400000)
  object space 226304K, 68% used [0x00000000a0c00000,0x00000000aa3dc018,0x00000000ae900000)
 Metaspace       used 17962K, capacity 18185K, committed 18432K, reserved 1067008K
  class space    used 1711K, capacity 1761K, committed 1792K, reserved 1048576K
}
Event: 27.777 GC heap before
{Heap before GC invocations=58 (full 3):
 PSYoungGen      total 380928K, used 374231K [0x00000000e0400000, 0x00000000f8000000, 0x0000000100000000)
  eden space 374784K, 99% used [0x00000000e0400000,0x00000000f715df08,0x00000000f7200000)
  from space 6144K, 1% used [0x00000000f7a00000,0x00000000f7a18000,0x00000000f8000000)
  to   space 7168K, 0% used [0x00000000f7200000,0x00000000f7200000,0x00000000f7900000)
 ParOldGen       total 226304K, used 155504K [0x00000000a0c00000, 0x00000000ae900000, 0x00000000e0400000)
  object space 226304K, 68% used [0x00000000a0c00000,0x00000000aa3dc018,0x00000000ae900000)
 Metaspace       used 17962K, capacity 18185K, committed 18432K, reserved 1067008K
  class space    used 1711K, capacity 1761K, committed 1792K, reserved 1048576K
Event: 27.781 GC heap after
Heap after GC invocations=58 (full 3):
 PSYoungGen      total 381952K, used 944K [0x00000000e0400000, 0x00000000f8200000, 0x0000000100000000)
  eden space 374784K, 0% used [0x00000000e0400000,0x00000000e0400000,0x00000000f7200000)
  from space 7168K, 13% used [0x00000000f7200000,0x00000000f72ec010,0x00000000f7900000)
  to   space 6656K, 0% used [0x00000000f7b80000,0x00000000f7b80000,0x00000000f8200000)
 ParOldGen       total 226304K, used 163612K [0x00000000a0c00000, 0x00000000ae900000, 0x00000000e0400000)
  object space 226304K, 72% used [0x00000000a0c00000,0x00000000aabc7028,0x00000000ae900000)
 Metaspace       used 17962K, capacity 18185K, committed 18432K, reserved 1067008K
  class space    used 1711K, capacity 1761K, committed 1792K, reserved 1048576K
}
Event: 28.370 GC heap before
{Heap before GC invocations=59 (full 3):
 PSYoungGen      total 381952K, used 375728K [0x00000000e0400000, 0x00000000f8200000, 0x0000000100000000)
  eden space 374784K, 100% used [0x00000000e0400000,0x00000000f7200000,0x00000000f7200000)
  from space 7168K, 13% used [0x00000000f7200000,0x00000000f72ec010,0x00000000f7900000)
  to   space 6656K, 0% used [0x00000000f7b80000,0x00000000f7b80000,0x00000000f8200000)
 ParOldGen       total 226304K, used 163612K [0x00000000a0c00000, 0x00000000ae900000, 0x00000000e0400000)
  object space 226304K, 72% used [0x00000000a0c00000,0x00000000aabc7028,0x00000000ae900000)
 Metaspace       used 17963K, capacity 18185K, committed 18432K, reserved 1067008K
  class space    used 1712K, capacity 1761K, committed 1792K, reserved 1048576K
Event: 28.372 GC heap after
Heap after GC invocations=59 (full 3):
 PSYoungGen      total 383488K, used 128K [0x00000000e0400000, 0x00000000f8100000, 0x0000000100000000)
  eden space 377856K, 0% used [0x00000000e0400000,0x00000000e0400000,0x00000000f7500000)
  from space 5632K, 2% used [0x00000000f7b80000,0x00000000f7ba0000,0x00000000f8100000)
  to   space 6144K, 0% used [0x00000000f7500000,0x00000000f7500000,0x00000000f7b00000)
 ParOldGen       total 226304K, used 163628K [0x00000000a0c00000, 0x00000000ae900000, 0x00000000e0400000)
  object space 226304K, 72% used [0x00000000a0c00000,0x00000000aabcb028,0x00000000ae900000)
 Metaspace       used 17963K, capacity 18185K, committed 18432K, reserved 1067008K
  class space    used 1712K, capacity 1761K, committed 1792K, reserved 1048576K
}
Event: 28.967 GC heap before
{Heap before GC invocations=60 (full 3):
 PSYoungGen      total 383488K, used 377984K [0x00000000e0400000, 0x00000000f8100000, 0x0000000100000000)
  eden space 377856K, 100% used [0x00000000e0400000,0x00000000f7500000,0x00000000f7500000)
  from space 5632K, 2% used [0x00000000f7b80000,0x00000000f7ba0000,0x00000000f8100000)
  to   space 6144K, 0% used [0x00000000f7500000,0x00000000f7500000,0x00000000f7b00000)
 ParOldGen       total 226304K, used 163628K [0x00000000a0c00000, 0x00000000ae900000, 0x00000000e0400000)
  object space 226304K, 72% used [0x00000000a0c00000,0x00000000aabcb028,0x00000000ae900000)
 Metaspace       used 17963K, capacity 18185K, committed 18432K, reserved 1067008K
  class space    used 1712K, capacity 1761K, committed 1792K, reserved 1048576K
Event: 28.969 GC heap after
Heap after GC invocations=60 (full 3):
 PSYoungGen      total 384000K, used 160K [0x00000000e0400000, 0x00000000f8380000, 0x0000000100000000)
  eden space 377856K, 0% used [0x00000000e0400000,0x00000000e0400000,0x00000000f7500000)
  from space 6144K, 2% used [0x00000000f7500000,0x00000000f7528000,0x00000000f7b00000)
  to   space 6144K, 0% used [0x00000000f7d80000,0x00000000f7d80000,0x00000000f8380000)
 ParOldGen       total 226304K, used 163628K [0x00000000a0c00000, 0x00000000ae900000, 0x00000000e0400000)
  object space 226304K, 72% used [0x00000000a0c00000,0x00000000aabcb028,0x00000000ae900000)
 Metaspace       used 17963K, capacity 18185K, committed 18432K, reserved 1067008K
  class space    used 1712K, capacity 1761K, committed 1792K, reserved 1048576K
}

