# JRE version: Java(TM) SE Runtime Environment (8.0_31-b13) (build 1.8.0_31-b13)
# Java VM: Java HotSpot(TM) 64-Bit Server VM (25.31-b07 mixed mode windows-amd64 compressed oops)
Heap:
 PSYoungGen      total 1065472K, used 872119K [0x000000076b300000, 0x00000007ae800000, 0x00000007c0000000)
  eden space 1036288K, 84% used [0x000000076b300000,0x00000007a069dea8,0x00000007aa700000)
  from space 29184K, 0% used [0x00000007acb80000,0x00000007acb90000,0x00000007ae800000)
  to   space 33280K, 0% used [0x00000007aa700000,0x00000007aa700000,0x00000007ac780000)
 ParOldGen       total 307712K, used 162270K [0x00000006c1800000, 0x00000006d4480000, 0x000000076b300000)
  object space 307712K, 52% used [0x00000006c1800000,0x00000006cb677878,0x00000006d4480000)
 Metaspace       used 18024K, capacity 18227K, committed 18560K, reserved 1067008K
  class space    used 1730K, capacity 1794K, committed 1920K, reserved 1048576K
GC Heap History (10 events):
Event: 23.551 GC heap before
{Heap before GC invocations=25 (full 1):
 PSYoungGen      total 1018368K, used 978500K [0x000000076b300000, 0x00000007adc00000, 0x00000007c0000000)
  eden space 970240K, 100% used [0x000000076b300000,0x00000007a6680000,0x00000007a6680000)
  from space 48128K, 17% used [0x00000007a6680000,0x00000007a6e91010,0x00000007a9580000)
  to   space 44544K, 0% used [0x00000007ab080000,0x00000007ab080000,0x00000007adc00000)
 ParOldGen       total 307712K, used 162222K [0x00000006c1800000, 0x00000006d4480000, 0x000000076b300000)
  object space 307712K, 52% used [0x00000006c1800000,0x00000006cb66b878,0x00000006d4480000)
 Metaspace       used 17966K, capacity 18227K, committed 18560K, reserved 1067008K
  class space    used 1718K, capacity 1794K, committed 1920K, reserved 1048576K
Event: 23.557 GC heap after
Heap after GC invocations=25 (full 1):
 PSYoungGen      total 1044992K, used 9012K [0x000000076b300000, 0x00000007ad800000, 0x00000007c0000000)
  eden space 1004544K, 0% used [0x000000076b300000,0x000000076b300000,0x00000007a8800000)
  from space 40448K, 22% used [0x00000007ab080000,0x00000007ab94d020,0x00000007ad800000)
  to   space 40960K, 0% used [0x00000007a8800000,0x00000007a8800000,0x00000007ab000000)
 ParOldGen       total 307712K, used 162222K [0x00000006c1800000, 0x00000006d4480000, 0x000000076b300000)
  object space 307712K, 52% used [0x00000006c1800000,0x00000006cb66b878,0x00000006d4480000)
 Metaspace       used 17966K, capacity 18227K, committed 18560K, reserved 1067008K
  class space    used 1718K, capacity 1794K, committed 1920K, reserved 1048576K
}
Event: 25.177 GC heap before
{Heap before GC invocations=26 (full 1):
 PSYoungGen      total 1044992K, used 1013556K [0x000000076b300000, 0x00000007ad800000, 0x00000007c0000000)
  eden space 1004544K, 100% used [0x000000076b300000,0x00000007a8800000,0x00000007a8800000)
  from space 40448K, 22% used [0x00000007ab080000,0x00000007ab94d020,0x00000007ad800000)
  to   space 40960K, 0% used [0x00000007a8800000,0x00000007a8800000,0x00000007ab000000)
 ParOldGen       total 307712K, used 162222K [0x00000006c1800000, 0x00000006d4480000, 0x000000076b300000)
  object space 307712K, 52% used [0x00000006c1800000,0x00000006cb66b878,0x00000006d4480000)
 Metaspace       used 17982K, capacity 18227K, committed 18560K, reserved 1067008K
  class space    used 1718K, capacity 1794K, committed 1920K, reserved 1048576K
Event: 25.178 GC heap after
Heap after GC invocations=26 (full 1):
 PSYoungGen      total 1045504K, used 192K [0x000000076b300000, 0x00000007aea80000, 0x00000007c0000000)
  eden space 1004544K, 0% used [0x000000076b300000,0x000000076b300000,0x00000007a8800000)
  from space 40960K, 0% used [0x00000007a8800000,0x00000007a8830000,0x00000007ab000000)
  to   space 39424K, 0% used [0x00000007ac400000,0x00000007ac400000,0x00000007aea80000)
 ParOldGen       total 307712K, used 162230K [0x00000006c1800000, 0x00000006d4480000, 0x000000076b300000)
  object space 307712K, 52% used [0x00000006c1800000,0x00000006cb66d878,0x00000006d4480000)
 Metaspace       used 17982K, capacity 18227K, committed 18560K, reserved 1067008K
  class space    used 1718K, capacity 1794K, committed 1920K, reserved 1048576K
}
Event: 27.911 GC heap before
{Heap before GC invocations=27 (full 1):
 PSYoungGen      total 1045504K, used 1004736K [0x000000076b300000, 0x00000007aea80000, 0x00000007c0000000)
  eden space 1004544K, 100% used [0x000000076b300000,0x00000007a8800000,0x00000007a8800000)
  from space 40960K, 0% used [0x00000007a8800000,0x00000007a8830000,0x00000007ab000000)
  to   space 39424K, 0% used [0x00000007ac400000,0x00000007ac400000,0x00000007aea80000)
 ParOldGen       total 307712K, used 162230K [0x00000006c1800000, 0x00000006d4480000, 0x000000076b300000)
  object space 307712K, 52% used [0x00000006c1800000,0x00000006cb66d878,0x00000006d4480000)
 Metaspace       used 17984K, capacity 18227K, committed 18560K, reserved 1067008K
  class space    used 1718K, capacity 1794K, committed 1920K, reserved 1048576K
Event: 27.913 GC heap after
Heap after GC invocations=27 (full 1):
 PSYoungGen      total 1053696K, used 128K [0x000000076b300000, 0x00000007ae280000, 0x00000007c0000000)
  eden space 1022464K, 0% used [0x000000076b300000,0x000000076b300000,0x00000007a9980000)
  from space 31232K, 0% used [0x00000007ac400000,0x00000007ac420000,0x00000007ae280000)
  to   space 37376K, 0% used [0x00000007a9980000,0x00000007a9980000,0x00000007abe00000)
 ParOldGen       total 307712K, used 162230K [0x00000006c1800000, 0x00000006d4480000, 0x000000076b300000)
  object space 307712K, 52% used [0x00000006c1800000,0x00000006cb66d878,0x00000006d4480000)
 Metaspace       used 17984K, capacity 18227K, committed 18560K, reserved 1067008K
  class space    used 1718K, capacity 1794K, committed 1920K, reserved 1048576K
}
Event: 29.544 GC heap before
{Heap before GC invocations=28 (full 1):
 PSYoungGen      total 1053696K, used 1015646K [0x000000076b300000, 0x00000007ae280000, 0x00000007c0000000)
  eden space 1022464K, 99% used [0x000000076b300000,0x00000007a92b7bc8,0x00000007a9980000)
  from space 31232K, 0% used [0x00000007ac400000,0x00000007ac420000,0x00000007ae280000)
  to   space 37376K, 0% used [0x00000007a9980000,0x00000007a9980000,0x00000007abe00000)
 ParOldGen       total 307712K, used 162230K [0x00000006c1800000, 0x00000006d4480000, 0x000000076b300000)
  object space 307712K, 52% used [0x00000006c1800000,0x00000006cb66d878,0x00000006d4480000)
 Metaspace       used 17984K, capacity 18227K, committed 18560K, reserved 1067008K
  class space    used 1718K, capacity 1794K, committed 1920K, reserved 1048576K
Event: 29.546 GC heap after
Heap after GC invocations=28 (full 1):
 PSYoungGen      total 1059840K, used 128K [0x000000076b300000, 0x00000007aee00000, 0x00000007c0000000)
  eden space 1022464K, 0% used [0x000000076b300000,0x000000076b300000,0x00000007a9980000)
  from space 37376K, 0% used [0x00000007a9980000,0x00000007a99a0000,0x00000007abe00000)
  to   space 35328K, 0% used [0x00000007acb80000,0x00000007acb80000,0x00000007aee00000)
 ParOldGen       total 307712K, used 162254K [0x00000006c1800000, 0x00000006d4480000, 0x000000076b300000)
  object space 307712K, 52% used [0x00000006c1800000,0x00000006cb673878,0x00000006d4480000)
 Metaspace       used 17984K, capacity 18227K, committed 18560K, reserved 1067008K
  class space    used 1718K, capacity 1794K, committed 1920K, reserved 1048576K
}
Event: 31.176 GC heap before
{Heap before GC invocations=29 (full 1):
 PSYoungGen      total 1059840K, used 1022592K [0x000000076b300000, 0x00000007aee00000, 0x00000007c0000000)
  eden space 1022464K, 100% used [0x000000076b300000,0x00000007a9980000,0x00000007a9980000)
  from space 37376K, 0% used [0x00000007a9980000,0x00000007a99a0000,0x00000007abe00000)
  to   space 35328K, 0% used [0x00000007acb80000,0x00000007acb80000,0x00000007aee00000)
 ParOldGen       total 307712K, used 162254K [0x00000006c1800000, 0x00000006d4480000, 0x000000076b300000)
  object space 307712K, 52% used [0x00000006c1800000,0x00000006cb673878,0x00000006d4480000)
 Metaspace       used 17984K, capacity 18227K, committed 18560K, reserved 1067008K
  class space    used 1718K, capacity 1794K, committed 1920K, reserved 1048576K
Event: 31.178 GC heap after
Heap after GC invocations=29 (full 1):
 PSYoungGen      total 1065472K, used 64K [0x000000076b300000, 0x00000007ae800000, 0x00000007c0000000)
  eden space 1036288K, 0% used [0x000000076b300000,0x000000076b300000,0x00000007aa700000)
  from space 29184K, 0% used [0x00000007acb80000,0x00000007acb90000,0x00000007ae800000)
  to   space 33280K, 0% used [0x00000007aa700000,0x00000007aa700000,0x00000007ac780000)
 ParOldGen       total 307712K, used 162270K [0x00000006c1800000, 0x00000006d4480000, 0x000000076b300000)
  object space 307712K, 52% used [0x00000006c1800000,0x00000006cb677878,0x00000006d4480000)
 Metaspace       used 17984K, capacity 18227K, committed 18560K, reserved 1067008K
  class space    used 1718K, capacity 1794K, committed 1920K, reserved 1048576K
}

