# JRE version: Java(TM) SE Runtime Environment (8.0_25-b18) (build 1.8.0_25-b18)
# Java VM: Java HotSpot(TM) 64-Bit Server VM (25.25-b02 mixed mode windows-amd64 compressed oops)
Heap:
 PSYoungGen      total 353792K, used 321498K [0x00000000e0400000, 0x00000000f6d00000, 0x0000000100000000)
  eden space 338944K, 94% used [0x00000000e0400000,0x00000000f3dceb18,0x00000000f4f00000)
  from space 14848K, 1% used [0x00000000f4f00000,0x00000000f4f28000,0x00000000f5d80000)
  to   space 14336K, 0% used [0x00000000f5f00000,0x00000000f5f00000,0x00000000f6d00000)
 ParOldGen       total 229376K, used 155665K [0x00000000a0c00000, 0x00000000aec00000, 0x00000000e0400000)
  object space 229376K, 67% used [0x00000000a0c00000,0x00000000aa4047b8,0x00000000aec00000)
 Metaspace       used 18025K, capacity 18185K, committed 18432K, reserved 1067008K
  class space    used 1723K, capacity 1761K, committed 1792K, reserved 1048576K
GC Heap History (10 events):
Event: 19.481 GC heap before
{Heap before GC invocations=54 (full 3):
 PSYoungGen      total 351744K, used 326802K [0x00000000e0400000, 0x00000000f6d80000, 0x0000000100000000)
  eden space 334336K, 97% used [0x00000000e0400000,0x00000000f42f4970,0x00000000f4a80000)
  from space 17408K, 1% used [0x00000000f5c80000,0x00000000f5cb0000,0x00000000f6d80000)
  to   space 17920K, 0% used [0x00000000f4a80000,0x00000000f4a80000,0x00000000f5c00000)
 ParOldGen       total 229376K, used 155609K [0x00000000a0c00000, 0x00000000aec00000, 0x00000000e0400000)
  object space 229376K, 67% used [0x00000000a0c00000,0x00000000aa3f67b8,0x00000000aec00000)
 Metaspace       used 17975K, capacity 18185K, committed 18432K, reserved 1067008K
  class space    used 1711K, capacity 1761K, committed 1792K, reserved 1048576K
Event: 19.482 GC heap after
Heap after GC invocations=54 (full 3):
 PSYoungGen      total 352256K, used 160K [0x00000000e0400000, 0x00000000f6f00000, 0x0000000100000000)
  eden space 334336K, 0% used [0x00000000e0400000,0x00000000e0400000,0x00000000f4a80000)
  from space 17920K, 0% used [0x00000000f4a80000,0x00000000f4aa8000,0x00000000f5c00000)
  to   space 17408K, 0% used [0x00000000f5e00000,0x00000000f5e00000,0x00000000f6f00000)
 ParOldGen       total 229376K, used 155625K [0x00000000a0c00000, 0x00000000aec00000, 0x00000000e0400000)
  object space 229376K, 67% used [0x00000000a0c00000,0x00000000aa3fa7b8,0x00000000aec00000)
 Metaspace       used 17975K, capacity 18185K, committed 18432K, reserved 1067008K
  class space    used 1711K, capacity 1761K, committed 1792K, reserved 1048576K
}
Event: 19.922 GC heap before
{Heap before GC invocations=55 (full 3):
 PSYoungGen      total 352256K, used 333780K [0x00000000e0400000, 0x00000000f6f00000, 0x0000000100000000)
  eden space 334336K, 99% used [0x00000000e0400000,0x00000000f49cd0c0,0x00000000f4a80000)
  from space 17920K, 0% used [0x00000000f4a80000,0x00000000f4aa8000,0x00000000f5c00000)
  to   space 17408K, 0% used [0x00000000f5e00000,0x00000000f5e00000,0x00000000f6f00000)
 ParOldGen       total 229376K, used 155625K [0x00000000a0c00000, 0x00000000aec00000, 0x00000000e0400000)
  object space 229376K, 67% used [0x00000000a0c00000,0x00000000aa3fa7b8,0x00000000aec00000)
 Metaspace       used 17975K, capacity 18185K, committed 18432K, reserved 1067008K
  class space    used 1711K, capacity 1761K, committed 1792K, reserved 1048576K
Event: 19.923 GC heap after
Heap after GC invocations=55 (full 3):
 PSYoungGen      total 352256K, used 128K [0x00000000e0400000, 0x00000000f6d00000, 0x0000000100000000)
  eden space 336896K, 0% used [0x00000000e0400000,0x00000000e0400000,0x00000000f4d00000)
  from space 15360K, 0% used [0x00000000f5e00000,0x00000000f5e20000,0x00000000f6d00000)
  to   space 16384K, 0% used [0x00000000f4d00000,0x00000000f4d00000,0x00000000f5d00000)
 ParOldGen       total 229376K, used 155625K [0x00000000a0c00000, 0x00000000aec00000, 0x00000000e0400000)
  object space 229376K, 67% used [0x00000000a0c00000,0x00000000aa3fa7b8,0x00000000aec00000)
 Metaspace       used 17975K, capacity 18185K, committed 18432K, reserved 1067008K
  class space    used 1711K, capacity 1761K, committed 1792K, reserved 1048576K
}
Event: 20.349 GC heap before
{Heap before GC invocations=56 (full 3):
 PSYoungGen      total 352256K, used 331627K [0x00000000e0400000, 0x00000000f6d00000, 0x0000000100000000)
  eden space 336896K, 98% used [0x00000000e0400000,0x00000000f47bad78,0x00000000f4d00000)
  from space 15360K, 0% used [0x00000000f5e00000,0x00000000f5e20000,0x00000000f6d00000)
  to   space 16384K, 0% used [0x00000000f4d00000,0x00000000f4d00000,0x00000000f5d00000)
 ParOldGen       total 229376K, used 155625K [0x00000000a0c00000, 0x00000000aec00000, 0x00000000e0400000)
  object space 229376K, 67% used [0x00000000a0c00000,0x00000000aa3fa7b8,0x00000000aec00000)
 Metaspace       used 17990K, capacity 18185K, committed 18432K, reserved 1067008K
  class space    used 1711K, capacity 1761K, committed 1792K, reserved 1048576K
Event: 20.350 GC heap after
Heap after GC invocations=56 (full 3):
 PSYoungGen      total 353280K, used 192K [0x00000000e0400000, 0x00000000f6e00000, 0x0000000100000000)
  eden space 336896K, 0% used [0x00000000e0400000,0x00000000e0400000,0x00000000f4d00000)
  from space 16384K, 1% used [0x00000000f4d00000,0x00000000f4d30000,0x00000000f5d00000)
  to   space 15872K, 0% used [0x00000000f5e80000,0x00000000f5e80000,0x00000000f6e00000)
 ParOldGen       total 229376K, used 155625K [0x00000000a0c00000, 0x00000000aec00000, 0x00000000e0400000)
  object space 229376K, 67% used [0x00000000a0c00000,0x00000000aa3fa7b8,0x00000000aec00000)
 Metaspace       used 17990K, capacity 18185K, committed 18432K, reserved 1067008K
  class space    used 1711K, capacity 1761K, committed 1792K, reserved 1048576K
}
Event: 20.849 GC heap before
{Heap before GC invocations=57 (full 3):
 PSYoungGen      total 353280K, used 337088K [0x00000000e0400000, 0x00000000f6e00000, 0x0000000100000000)
  eden space 336896K, 100% used [0x00000000e0400000,0x00000000f4d00000,0x00000000f4d00000)
  from space 16384K, 1% used [0x00000000f4d00000,0x00000000f4d30000,0x00000000f5d00000)
  to   space 15872K, 0% used [0x00000000f5e80000,0x00000000f5e80000,0x00000000f6e00000)
 ParOldGen       total 229376K, used 155625K [0x00000000a0c00000, 0x00000000aec00000, 0x00000000e0400000)
  object space 229376K, 67% used [0x00000000a0c00000,0x00000000aa3fa7b8,0x00000000aec00000)
 Metaspace       used 17990K, capacity 18185K, committed 18432K, reserved 1067008K
  class space    used 1711K, capacity 1761K, committed 1792K, reserved 1048576K
Event: 20.850 GC heap after
Heap after GC invocations=57 (full 3):
 PSYoungGen      total 352768K, used 224K [0x00000000e0400000, 0x00000000f6c00000, 0x0000000100000000)
  eden space 338944K, 0% used [0x00000000e0400000,0x00000000e0400000,0x00000000f4f00000)
  from space 13824K, 1% used [0x00000000f5e80000,0x00000000f5eb8000,0x00000000f6c00000)
  to   space 14848K, 0% used [0x00000000f4f00000,0x00000000f4f00000,0x00000000f5d80000)
 ParOldGen       total 229376K, used 155665K [0x00000000a0c00000, 0x00000000aec00000, 0x00000000e0400000)
  object space 229376K, 67% used [0x00000000a0c00000,0x00000000aa4047b8,0x00000000aec00000)
 Metaspace       used 17990K, capacity 18185K, committed 18432K, reserved 1067008K
  class space    used 1711K, capacity 1761K, committed 1792K, reserved 1048576K
}
Event: 21.261 GC heap before
{Heap before GC invocations=58 (full 3):
 PSYoungGen      total 352768K, used 339168K [0x00000000e0400000, 0x00000000f6c00000, 0x0000000100000000)
  eden space 338944K, 100% used [0x00000000e0400000,0x00000000f4f00000,0x00000000f4f00000)
  from space 13824K, 1% used [0x00000000f5e80000,0x00000000f5eb8000,0x00000000f6c00000)
  to   space 14848K, 0% used [0x00000000f4f00000,0x00000000f4f00000,0x00000000f5d80000)
 ParOldGen       total 229376K, used 155665K [0x00000000a0c00000, 0x00000000aec00000, 0x00000000e0400000)
  object space 229376K, 67% used [0x00000000a0c00000,0x00000000aa4047b8,0x00000000aec00000)
 Metaspace       used 17990K, capacity 18185K, committed 18432K, reserved 1067008K
  class space    used 1711K, capacity 1761K, committed 1792K, reserved 1048576K
Event: 21.262 GC heap after
Heap after GC invocations=58 (full 3):
 PSYoungGen      total 353792K, used 160K [0x00000000e0400000, 0x00000000f6d00000, 0x0000000100000000)
  eden space 338944K, 0% used [0x00000000e0400000,0x00000000e0400000,0x00000000f4f00000)
  from space 14848K, 1% used [0x00000000f4f00000,0x00000000f4f28000,0x00000000f5d80000)
  to   space 14336K, 0% used [0x00000000f5f00000,0x00000000f5f00000,0x00000000f6d00000)
 ParOldGen       total 229376K, used 155665K [0x00000000a0c00000, 0x00000000aec00000, 0x00000000e0400000)
  object space 229376K, 67% used [0x00000000a0c00000,0x00000000aa4047b8,0x00000000aec00000)
 Metaspace       used 17990K, capacity 18185K, committed 18432K, reserved 1067008K
  class space    used 1711K, capacity 1761K, committed 1792K, reserved 1048576K
}

