# JRE version: Java(TM) SE Runtime Environment (8.0_25-b18) (build 1.8.0_25-b18)
# Java VM: Java HotSpot(TM) 64-Bit Server VM (25.25-b02 mixed mode windows-amd64 compressed oops)
Heap:
 PSYoungGen      total 518144K, used 64195K [0x00000000e0400000, 0x0000000100000000, 0x0000000100000000)
  eden space 517120K, 12% used [0x00000000e0400000,0x00000000e4278dd8,0x00000000ffd00000)
  from space 1024K, 21% used [0x00000000ffd00000,0x00000000ffd38000,0x00000000ffe00000)
  to   space 1024K, 0% used [0x00000000fff00000,0x00000000fff00000,0x0000000100000000)
 ParOldGen       total 236032K, used 186575K [0x00000000a0c00000, 0x00000000af280000, 0x00000000e0400000)
  object space 236032K, 79% used [0x00000000a0c00000,0x00000000ac233c50,0x00000000af280000)
 Metaspace       used 18104K, capacity 18313K, committed 18432K, reserved 1067008K
  class space    used 1721K, capacity 1761K, committed 1792K, reserved 1048576K
GC Heap History (10 events):
Event: 110.644 GC heap before
{Heap before GC invocations=117 (full 4):
 PSYoungGen      total 518656K, used 517280K [0x00000000e0400000, 0x0000000100000000, 0x0000000100000000)
  eden space 517120K, 100% used [0x00000000e0400000,0x00000000ffd00000,0x00000000ffd00000)
  from space 1536K, 10% used [0x00000000ffe80000,0x00000000ffea8000,0x0000000100000000)
  to   space 1536K, 0% used [0x00000000ffd00000,0x00000000ffd00000,0x00000000ffe80000)
 ParOldGen       total 236032K, used 186575K [0x00000000a0c00000, 0x00000000af280000, 0x00000000e0400000)
  object space 236032K, 79% used [0x00000000a0c00000,0x00000000ac233c50,0x00000000af280000)
 Metaspace       used 18069K, capacity 18249K, committed 18432K, reserved 1067008K
  class space    used 1709K, capacity 1761K, committed 1792K, reserved 1048576K
Event: 110.646 GC heap after
Heap after GC invocations=117 (full 4):
 PSYoungGen      total 518656K, used 160K [0x00000000e0400000, 0x0000000100000000, 0x0000000100000000)
  eden space 517120K, 0% used [0x00000000e0400000,0x00000000e0400000,0x00000000ffd00000)
  from space 1536K, 10% used [0x00000000ffd00000,0x00000000ffd28000,0x00000000ffe80000)
  to   space 1536K, 0% used [0x00000000ffe80000,0x00000000ffe80000,0x0000000100000000)
 ParOldGen       total 236032K, used 186575K [0x00000000a0c00000, 0x00000000af280000, 0x00000000e0400000)
  object space 236032K, 79% used [0x00000000a0c00000,0x00000000ac233c50,0x00000000af280000)
 Metaspace       used 18069K, capacity 18249K, committed 18432K, reserved 1067008K
  class space    used 1709K, capacity 1761K, committed 1792K, reserved 1048576K
}
Event: 111.515 GC heap before
{Heap before GC invocations=118 (full 4):
 PSYoungGen      total 518656K, used 517280K [0x00000000e0400000, 0x0000000100000000, 0x0000000100000000)
  eden space 517120K, 100% used [0x00000000e0400000,0x00000000ffd00000,0x00000000ffd00000)
  from space 1536K, 10% used [0x00000000ffd00000,0x00000000ffd28000,0x00000000ffe80000)
  to   space 1536K, 0% used [0x00000000ffe80000,0x00000000ffe80000,0x0000000100000000)
 ParOldGen       total 236032K, used 186575K [0x00000000a0c00000, 0x00000000af280000, 0x00000000e0400000)
  object space 236032K, 79% used [0x00000000a0c00000,0x00000000ac233c50,0x00000000af280000)
 Metaspace       used 18069K, capacity 18249K, committed 18432K, reserved 1067008K
  class space    used 1709K, capacity 1761K, committed 1792K, reserved 1048576K
Event: 111.516 GC heap after
Heap after GC invocations=118 (full 4):
 PSYoungGen      total 518656K, used 192K [0x00000000e0400000, 0x0000000100000000, 0x0000000100000000)
  eden space 517120K, 0% used [0x00000000e0400000,0x00000000e0400000,0x00000000ffd00000)
  from space 1536K, 12% used [0x00000000ffe80000,0x00000000ffeb0000,0x0000000100000000)
  to   space 1536K, 0% used [0x00000000ffd00000,0x00000000ffd00000,0x00000000ffe80000)
 ParOldGen       total 236032K, used 186575K [0x00000000a0c00000, 0x00000000af280000, 0x00000000e0400000)
  object space 236032K, 79% used [0x00000000a0c00000,0x00000000ac233c50,0x00000000af280000)
 Metaspace       used 18069K, capacity 18249K, committed 18432K, reserved 1067008K
  class space    used 1709K, capacity 1761K, committed 1792K, reserved 1048576K
}
Event: 112.441 GC heap before
{Heap before GC invocations=119 (full 4):
 PSYoungGen      total 518656K, used 515058K [0x00000000e0400000, 0x0000000100000000, 0x0000000100000000)
  eden space 517120K, 99% used [0x00000000e0400000,0x00000000ffacca08,0x00000000ffd00000)
  from space 1536K, 12% used [0x00000000ffe80000,0x00000000ffeb0000,0x0000000100000000)
  to   space 1536K, 0% used [0x00000000ffd00000,0x00000000ffd00000,0x00000000ffe80000)
 ParOldGen       total 236032K, used 186575K [0x00000000a0c00000, 0x00000000af280000, 0x00000000e0400000)
  object space 236032K, 79% used [0x00000000a0c00000,0x00000000ac233c50,0x00000000af280000)
 Metaspace       used 18069K, capacity 18249K, committed 18432K, reserved 1067008K
  class space    used 1709K, capacity 1761K, committed 1792K, reserved 1048576K
Event: 112.442 GC heap after
Heap after GC invocations=119 (full 4):
 PSYoungGen      total 518656K, used 160K [0x00000000e0400000, 0x0000000100000000, 0x0000000100000000)
  eden space 517120K, 0% used [0x00000000e0400000,0x00000000e0400000,0x00000000ffd00000)
  from space 1536K, 10% used [0x00000000ffd00000,0x00000000ffd28000,0x00000000ffe80000)
  to   space 1536K, 0% used [0x00000000ffe80000,0x00000000ffe80000,0x0000000100000000)
 ParOldGen       total 236032K, used 186575K [0x00000000a0c00000, 0x00000000af280000, 0x00000000e0400000)
  object space 236032K, 79% used [0x00000000a0c00000,0x00000000ac233c50,0x00000000af280000)
 Metaspace       used 18069K, capacity 18249K, committed 18432K, reserved 1067008K
  class space    used 1709K, capacity 1761K, committed 1792K, reserved 1048576K
}
Event: 113.343 GC heap before
{Heap before GC invocations=120 (full 4):
 PSYoungGen      total 518656K, used 517280K [0x00000000e0400000, 0x0000000100000000, 0x0000000100000000)
  eden space 517120K, 100% used [0x00000000e0400000,0x00000000ffd00000,0x00000000ffd00000)
  from space 1536K, 10% used [0x00000000ffd00000,0x00000000ffd28000,0x00000000ffe80000)
  to   space 1536K, 0% used [0x00000000ffe80000,0x00000000ffe80000,0x0000000100000000)
 ParOldGen       total 236032K, used 186575K [0x00000000a0c00000, 0x00000000af280000, 0x00000000e0400000)
  object space 236032K, 79% used [0x00000000a0c00000,0x00000000ac233c50,0x00000000af280000)
 Metaspace       used 18069K, capacity 18249K, committed 18432K, reserved 1067008K
  class space    used 1709K, capacity 1761K, committed 1792K, reserved 1048576K
Event: 113.345 GC heap after
Heap after GC invocations=120 (full 4):
 PSYoungGen      total 517632K, used 224K [0x00000000e0400000, 0x00000000fff00000, 0x0000000100000000)
  eden space 517120K, 0% used [0x00000000e0400000,0x00000000e0400000,0x00000000ffd00000)
  from space 512K, 43% used [0x00000000ffe80000,0x00000000ffeb8000,0x00000000fff00000)
  to   space 1024K, 0% used [0x00000000ffd00000,0x00000000ffd00000,0x00000000ffe00000)
 ParOldGen       total 236032K, used 186575K [0x00000000a0c00000, 0x00000000af280000, 0x00000000e0400000)
  object space 236032K, 79% used [0x00000000a0c00000,0x00000000ac233c50,0x00000000af280000)
 Metaspace       used 18069K, capacity 18249K, committed 18432K, reserved 1067008K
  class space    used 1709K, capacity 1761K, committed 1792K, reserved 1048576K
}
Event: 114.239 GC heap before
{Heap before GC invocations=121 (full 4):
 PSYoungGen      total 517632K, used 515762K [0x00000000e0400000, 0x00000000fff00000, 0x0000000100000000)
  eden space 517120K, 99% used [0x00000000e0400000,0x00000000ffb749c0,0x00000000ffd00000)
  from space 512K, 43% used [0x00000000ffe80000,0x00000000ffeb8000,0x00000000fff00000)
  to   space 1024K, 0% used [0x00000000ffd00000,0x00000000ffd00000,0x00000000ffe00000)
 ParOldGen       total 236032K, used 186575K [0x00000000a0c00000, 0x00000000af280000, 0x00000000e0400000)
  object space 236032K, 79% used [0x00000000a0c00000,0x00000000ac233c50,0x00000000af280000)
 Metaspace       used 18069K, capacity 18249K, committed 18432K, reserved 1067008K
  class space    used 1709K, capacity 1761K, committed 1792K, reserved 1048576K
Event: 114.240 GC heap after
Heap after GC invocations=121 (full 4):
 PSYoungGen      total 518144K, used 224K [0x00000000e0400000, 0x0000000100000000, 0x0000000100000000)
  eden space 517120K, 0% used [0x00000000e0400000,0x00000000e0400000,0x00000000ffd00000)
  from space 1024K, 21% used [0x00000000ffd00000,0x00000000ffd38000,0x00000000ffe00000)
  to   space 1024K, 0% used [0x00000000fff00000,0x00000000fff00000,0x0000000100000000)
 ParOldGen       total 236032K, used 186575K [0x00000000a0c00000, 0x00000000af280000, 0x00000000e0400000)
  object space 236032K, 79% used [0x00000000a0c00000,0x00000000ac233c50,0x00000000af280000)
 Metaspace       used 18069K, capacity 18249K, committed 18432K, reserved 1067008K
  class space    used 1709K, capacity 1761K, committed 1792K, reserved 1048576K
}

