# JRE version: Java(TM) SE Runtime Environment (8.0_25-b18) (build 1.8.0_25-b18)
# Java VM: Java HotSpot(TM) 64-Bit Server VM (25.25-b02 mixed mode windows-amd64 compressed oops)
Heap:
 PSYoungGen      total 387072K, used 194070K [0x00000000e0400000, 0x00000000f9600000, 0x0000000100000000)
  eden space 365568K, 53% used [0x00000000e0400000,0x00000000ec14dbe8,0x00000000f6900000)
  from space 21504K, 1% used [0x00000000f8100000,0x00000000f8138000,0x00000000f9600000)
  to   space 23040K, 0% used [0x00000000f6900000,0x00000000f6900000,0x00000000f7f80000)
 ParOldGen       total 209920K, used 162198K [0x00000000a0c00000, 0x00000000ad900000, 0x00000000e0400000)
  object space 209920K, 77% used [0x00000000a0c00000,0x00000000aaa658f0,0x00000000ad900000)
 Metaspace       used 18037K, capacity 18249K, committed 18432K, reserved 1067008K
  class space    used 1725K, capacity 1761K, committed 1792K, reserved 1048576K
GC Heap History (10 events):
Event: 18.709 GC heap before
{Heap before GC invocations=35 (full 3):
 PSYoungGen      total 385536K, used 353477K [0x00000000e0400000, 0x00000000f9980000, 0x0000000100000000)
  eden space 356352K, 99% used [0x00000000e0400000,0x00000000f5d01518,0x00000000f6000000)
  from space 29184K, 0% used [0x00000000f6000000,0x00000000f6030000,0x00000000f7c80000)
  to   space 27648K, 0% used [0x00000000f7e80000,0x00000000f7e80000,0x00000000f9980000)
 ParOldGen       total 209920K, used 162078K [0x00000000a0c00000, 0x00000000ad900000, 0x00000000e0400000)
  object space 209920K, 77% used [0x00000000a0c00000,0x00000000aaa478f0,0x00000000ad900000)
 Metaspace       used 17909K, capacity 18121K, committed 18176K, reserved 1064960K
  class space    used 1714K, capacity 1761K, committed 1792K, reserved 1048576K
Event: 18.711 GC heap after
Heap after GC invocations=35 (full 3):
 PSYoungGen      total 383488K, used 160K [0x00000000e0400000, 0x00000000f9600000, 0x0000000100000000)
  eden space 359424K, 0% used [0x00000000e0400000,0x00000000e0400000,0x00000000f6300000)
  from space 24064K, 0% used [0x00000000f7e80000,0x00000000f7ea8000,0x00000000f9600000)
  to   space 26112K, 0% used [0x00000000f6300000,0x00000000f6300000,0x00000000f7c80000)
 ParOldGen       total 209920K, used 162118K [0x00000000a0c00000, 0x00000000ad900000, 0x00000000e0400000)
  object space 209920K, 77% used [0x00000000a0c00000,0x00000000aaa518f0,0x00000000ad900000)
 Metaspace       used 17909K, capacity 18121K, committed 18176K, reserved 1064960K
  class space    used 1714K, capacity 1761K, committed 1792K, reserved 1048576K
}
Event: 19.342 GC heap before
{Heap before GC invocations=36 (full 3):
 PSYoungGen      total 383488K, used 353931K [0x00000000e0400000, 0x00000000f9600000, 0x0000000100000000)
  eden space 359424K, 98% used [0x00000000e0400000,0x00000000f5d7ad00,0x00000000f6300000)
  from space 24064K, 0% used [0x00000000f7e80000,0x00000000f7ea8000,0x00000000f9600000)
  to   space 26112K, 0% used [0x00000000f6300000,0x00000000f6300000,0x00000000f7c80000)
 ParOldGen       total 209920K, used 162118K [0x00000000a0c00000, 0x00000000ad900000, 0x00000000e0400000)
  object space 209920K, 77% used [0x00000000a0c00000,0x00000000aaa518f0,0x00000000ad900000)
 Metaspace       used 17966K, capacity 18185K, committed 18432K, reserved 1067008K
  class space    used 1714K, capacity 1761K, committed 1792K, reserved 1048576K
Event: 19.343 GC heap after
Heap after GC invocations=36 (full 3):
 PSYoungGen      total 385536K, used 128K [0x00000000e0400000, 0x00000000f9580000, 0x0000000100000000)
  eden space 359424K, 0% used [0x00000000e0400000,0x00000000e0400000,0x00000000f6300000)
  from space 26112K, 0% used [0x00000000f6300000,0x00000000f6320000,0x00000000f7c80000)
  to   space 24576K, 0% used [0x00000000f7d80000,0x00000000f7d80000,0x00000000f9580000)
 ParOldGen       total 209920K, used 162142K [0x00000000a0c00000, 0x00000000ad900000, 0x00000000e0400000)
  object space 209920K, 77% used [0x00000000a0c00000,0x00000000aaa578f0,0x00000000ad900000)
 Metaspace       used 17966K, capacity 18185K, committed 18432K, reserved 1067008K
  class space    used 1714K, capacity 1761K, committed 1792K, reserved 1048576K
}
Event: 19.972 GC heap before
{Heap before GC invocations=37 (full 3):
 PSYoungGen      total 385536K, used 359552K [0x00000000e0400000, 0x00000000f9580000, 0x0000000100000000)
  eden space 359424K, 100% used [0x00000000e0400000,0x00000000f6300000,0x00000000f6300000)
  from space 26112K, 0% used [0x00000000f6300000,0x00000000f6320000,0x00000000f7c80000)
  to   space 24576K, 0% used [0x00000000f7d80000,0x00000000f7d80000,0x00000000f9580000)
 ParOldGen       total 209920K, used 162142K [0x00000000a0c00000, 0x00000000ad900000, 0x00000000e0400000)
  object space 209920K, 77% used [0x00000000a0c00000,0x00000000aaa578f0,0x00000000ad900000)
 Metaspace       used 17986K, capacity 18185K, committed 18432K, reserved 1067008K
  class space    used 1714K, capacity 1761K, committed 1792K, reserved 1048576K
Event: 19.976 GC heap after
Heap after GC invocations=37 (full 3):
 PSYoungGen      total 386560K, used 8292K [0x00000000e0400000, 0x00000000f9600000, 0x0000000100000000)
  eden space 361984K, 0% used [0x00000000e0400000,0x00000000e0400000,0x00000000f6580000)
  from space 24576K, 33% used [0x00000000f7d80000,0x00000000f8599010,0x00000000f9580000)
  to   space 24576K, 0% used [0x00000000f6580000,0x00000000f6580000,0x00000000f7d80000)
 ParOldGen       total 209920K, used 162150K [0x00000000a0c00000, 0x00000000ad900000, 0x00000000e0400000)
  object space 209920K, 77% used [0x00000000a0c00000,0x00000000aaa598f0,0x00000000ad900000)
 Metaspace       used 17986K, capacity 18185K, committed 18432K, reserved 1067008K
  class space    used 1714K, capacity 1761K, committed 1792K, reserved 1048576K
}
Event: 20.614 GC heap before
{Heap before GC invocations=38 (full 3):
 PSYoungGen      total 386560K, used 369648K [0x00000000e0400000, 0x00000000f9600000, 0x0000000100000000)
  eden space 361984K, 99% used [0x00000000e0400000,0x00000000f64e3130,0x00000000f6580000)
  from space 24576K, 33% used [0x00000000f7d80000,0x00000000f8599010,0x00000000f9580000)
  to   space 24576K, 0% used [0x00000000f6580000,0x00000000f6580000,0x00000000f7d80000)
 ParOldGen       total 209920K, used 162150K [0x00000000a0c00000, 0x00000000ad900000, 0x00000000e0400000)
  object space 209920K, 77% used [0x00000000a0c00000,0x00000000aaa598f0,0x00000000ad900000)
 Metaspace       used 18002K, capacity 18185K, committed 18432K, reserved 1067008K
  class space    used 1714K, capacity 1761K, committed 1792K, reserved 1048576K
Event: 20.619 GC heap after
Heap after GC invocations=38 (full 3):
 PSYoungGen      total 386560K, used 9076K [0x00000000e0400000, 0x00000000f9880000, 0x0000000100000000)
  eden space 361984K, 0% used [0x00000000e0400000,0x00000000e0400000,0x00000000f6580000)
  from space 24576K, 36% used [0x00000000f6580000,0x00000000f6e5d020,0x00000000f7d80000)
  to   space 24064K, 0% used [0x00000000f8100000,0x00000000f8100000,0x00000000f9880000)
 ParOldGen       total 209920K, used 162150K [0x00000000a0c00000, 0x00000000ad900000, 0x00000000e0400000)
  object space 209920K, 77% used [0x00000000a0c00000,0x00000000aaa598f0,0x00000000ad900000)
 Metaspace       used 18002K, capacity 18185K, committed 18432K, reserved 1067008K
  class space    used 1714K, capacity 1761K, committed 1792K, reserved 1048576K
}
Event: 21.266 GC heap before
{Heap before GC invocations=39 (full 3):
 PSYoungGen      total 386560K, used 369589K [0x00000000e0400000, 0x00000000f9880000, 0x0000000100000000)
  eden space 361984K, 99% used [0x00000000e0400000,0x00000000f64107d0,0x00000000f6580000)
  from space 24576K, 36% used [0x00000000f6580000,0x00000000f6e5d020,0x00000000f7d80000)
  to   space 24064K, 0% used [0x00000000f8100000,0x00000000f8100000,0x00000000f9880000)
 ParOldGen       total 209920K, used 162150K [0x00000000a0c00000, 0x00000000ad900000, 0x00000000e0400000)
  object space 209920K, 77% used [0x00000000a0c00000,0x00000000aaa598f0,0x00000000ad900000)
 Metaspace       used 18002K, capacity 18185K, committed 18432K, reserved 1067008K
  class space    used 1714K, capacity 1761K, committed 1792K, reserved 1048576K
Event: 21.268 GC heap after
Heap after GC invocations=39 (full 3):
 PSYoungGen      total 387072K, used 224K [0x00000000e0400000, 0x00000000f9600000, 0x0000000100000000)
  eden space 365568K, 0% used [0x00000000e0400000,0x00000000e0400000,0x00000000f6900000)
  from space 21504K, 1% used [0x00000000f8100000,0x00000000f8138000,0x00000000f9600000)
  to   space 23040K, 0% used [0x00000000f6900000,0x00000000f6900000,0x00000000f7f80000)
 ParOldGen       total 209920K, used 162198K [0x00000000a0c00000, 0x00000000ad900000, 0x00000000e0400000)
  object space 209920K, 77% used [0x00000000a0c00000,0x00000000aaa658f0,0x00000000ad900000)
 Metaspace       used 18002K, capacity 18185K, committed 18432K, reserved 1067008K
  class space    used 1714K, capacity 1761K, committed 1792K, reserved 1048576K
}

