# JRE version: Java(TM) SE Runtime Environment (8.0_25-b18) (build 1.8.0_25-b18)
# Java VM: Java HotSpot(TM) 64-Bit Server VM (25.25-b02 mixed mode windows-amd64 compressed oops)
Heap:
 PSYoungGen      total 519680K, used 182302K [0x00000000e0400000, 0x0000000100000000, 0x0000000100000000)
  eden space 519168K, 35% used [0x00000000e0400000,0x00000000eb5dfbe0,0x00000000fff00000)
  from space 512K, 31% used [0x00000000fff00000,0x00000000fff28000,0x00000000fff80000)
  to   space 512K, 0% used [0x00000000fff80000,0x00000000fff80000,0x0000000100000000)
 ParOldGen       total 320000K, used 172029K [0x00000000a0c00000, 0x00000000b4480000, 0x00000000e0400000)
  object space 320000K, 53% used [0x00000000a0c00000,0x00000000ab3ff768,0x00000000b4480000)
 Metaspace       used 18674K, capacity 18889K, committed 19072K, reserved 1067008K
  class space    used 1775K, capacity 1825K, committed 1920K, reserved 1048576K
GC Heap History (10 events):
Event: 121.080 GC heap before
{Heap before GC invocations=255 (full 5):
 PSYoungGen      total 519680K, used 516301K [0x00000000e0400000, 0x0000000100000000, 0x0000000100000000)
  eden space 519168K, 99% used [0x00000000e0400000,0x00000000ffc03518,0x00000000fff00000)
  from space 512K, 37% used [0x00000000fff00000,0x00000000fff30000,0x00000000fff80000)
  to   space 512K, 0% used [0x00000000fff80000,0x00000000fff80000,0x0000000100000000)
 ParOldGen       total 283136K, used 262921K [0x00000000a0c00000, 0x00000000b2080000, 0x00000000e0400000)
  object space 283136K, 92% used [0x00000000a0c00000,0x00000000b0cc24a8,0x00000000b2080000)
 Metaspace       used 18673K, capacity 18889K, committed 19072K, reserved 1067008K
  class space    used 1775K, capacity 1825K, committed 1920K, reserved 1048576K
Event: 121.081 GC heap after
Heap after GC invocations=255 (full 5):
 PSYoungGen      total 519680K, used 160K [0x00000000e0400000, 0x0000000100000000, 0x0000000100000000)
  eden space 519168K, 0% used [0x00000000e0400000,0x00000000e0400000,0x00000000fff00000)
  from space 512K, 31% used [0x00000000fff80000,0x00000000fffa8000,0x0000000100000000)
  to   space 512K, 0% used [0x00000000fff00000,0x00000000fff00000,0x00000000fff80000)
 ParOldGen       total 283136K, used 262921K [0x00000000a0c00000, 0x00000000b2080000, 0x00000000e0400000)
  object space 283136K, 92% used [0x00000000a0c00000,0x00000000b0cc24a8,0x00000000b2080000)
 Metaspace       used 18673K, capacity 18889K, committed 19072K, reserved 1067008K
  class space    used 1775K, capacity 1825K, committed 1920K, reserved 1048576K
}
Event: 121.783 GC heap before
{Heap before GC invocations=256 (full 5):
 PSYoungGen      total 519680K, used 518771K [0x00000000e0400000, 0x0000000100000000, 0x0000000100000000)
  eden space 519168K, 99% used [0x00000000e0400000,0x00000000ffe74e80,0x00000000fff00000)
  from space 512K, 31% used [0x00000000fff80000,0x00000000fffa8000,0x0000000100000000)
  to   space 512K, 0% used [0x00000000fff00000,0x00000000fff00000,0x00000000fff80000)
 ParOldGen       total 283136K, used 262921K [0x00000000a0c00000, 0x00000000b2080000, 0x00000000e0400000)
  object space 283136K, 92% used [0x00000000a0c00000,0x00000000b0cc24a8,0x00000000b2080000)
 Metaspace       used 18673K, capacity 18889K, committed 19072K, reserved 1067008K
  class space    used 1775K, capacity 1825K, committed 1920K, reserved 1048576K
Event: 121.788 GC heap after
Heap after GC invocations=256 (full 5):
 PSYoungGen      total 519680K, used 192K [0x00000000e0400000, 0x0000000100000000, 0x0000000100000000)
  eden space 519168K, 0% used [0x00000000e0400000,0x00000000e0400000,0x00000000fff00000)
  from space 512K, 37% used [0x00000000fff00000,0x00000000fff30000,0x00000000fff80000)
  to   space 512K, 0% used [0x00000000fff80000,0x00000000fff80000,0x0000000100000000)
 ParOldGen       total 283136K, used 271029K [0x00000000a0c00000, 0x00000000b2080000, 0x00000000e0400000)
  object space 283136K, 95% used [0x00000000a0c00000,0x00000000b14ad4b8,0x00000000b2080000)
 Metaspace       used 18673K, capacity 18889K, committed 19072K, reserved 1067008K
  class space    used 1775K, capacity 1825K, committed 1920K, reserved 1048576K
}
Event: 121.788 GC heap before
{Heap before GC invocations=257 (full 6):
 PSYoungGen      total 519680K, used 192K [0x00000000e0400000, 0x0000000100000000, 0x0000000100000000)
  eden space 519168K, 0% used [0x00000000e0400000,0x00000000e0400000,0x00000000fff00000)
  from space 512K, 37% used [0x00000000fff00000,0x00000000fff30000,0x00000000fff80000)
  to   space 512K, 0% used [0x00000000fff80000,0x00000000fff80000,0x0000000100000000)
 ParOldGen       total 283136K, used 271029K [0x00000000a0c00000, 0x00000000b2080000, 0x00000000e0400000)
  object space 283136K, 95% used [0x00000000a0c00000,0x00000000b14ad4b8,0x00000000b2080000)
 Metaspace       used 18673K, capacity 18889K, committed 19072K, reserved 1067008K
  class space    used 1775K, capacity 1825K, committed 1920K, reserved 1048576K
Event: 121.835 GC heap after
Heap after GC invocations=257 (full 6):
 PSYoungGen      total 519680K, used 0K [0x00000000e0400000, 0x0000000100000000, 0x0000000100000000)
  eden space 519168K, 0% used [0x00000000e0400000,0x00000000e0400000,0x00000000fff00000)
  from space 512K, 0% used [0x00000000fff00000,0x00000000fff00000,0x00000000fff80000)
  to   space 512K, 0% used [0x00000000fff80000,0x00000000fff80000,0x0000000100000000)
 ParOldGen       total 320000K, used 163929K [0x00000000a0c00000, 0x00000000b4480000, 0x00000000e0400000)
  object space 320000K, 51% used [0x00000000a0c00000,0x00000000aac16758,0x00000000b4480000)
 Metaspace       used 18673K, capacity 18889K, committed 19072K, reserved 1067008K
  class space    used 1775K, capacity 1825K, committed 1920K, reserved 1048576K
}
Event: 122.539 GC heap before
{Heap before GC invocations=258 (full 6):
 PSYoungGen      total 519680K, used 519168K [0x00000000e0400000, 0x0000000100000000, 0x0000000100000000)
  eden space 519168K, 100% used [0x00000000e0400000,0x00000000fff00000,0x00000000fff00000)
  from space 512K, 0% used [0x00000000fff00000,0x00000000fff00000,0x00000000fff80000)
  to   space 512K, 0% used [0x00000000fff80000,0x00000000fff80000,0x0000000100000000)
 ParOldGen       total 320000K, used 163929K [0x00000000a0c00000, 0x00000000b4480000, 0x00000000e0400000)
  object space 320000K, 51% used [0x00000000a0c00000,0x00000000aac16758,0x00000000b4480000)
 Metaspace       used 18673K, capacity 18889K, committed 19072K, reserved 1067008K
  class space    used 1775K, capacity 1825K, committed 1920K, reserved 1048576K
Event: 122.540 GC heap after
Heap after GC invocations=258 (full 6):
 PSYoungGen      total 519680K, used 160K [0x00000000e0400000, 0x0000000100000000, 0x0000000100000000)
  eden space 519168K, 0% used [0x00000000e0400000,0x00000000e0400000,0x00000000fff00000)
  from space 512K, 31% used [0x00000000fff80000,0x00000000fffa8000,0x0000000100000000)
  to   space 512K, 0% used [0x00000000fff00000,0x00000000fff00000,0x00000000fff80000)
 ParOldGen       total 320000K, used 163929K [0x00000000a0c00000, 0x00000000b4480000, 0x00000000e0400000)
  object space 320000K, 51% used [0x00000000a0c00000,0x00000000aac16758,0x00000000b4480000)
 Metaspace       used 18673K, capacity 18889K, committed 19072K, reserved 1067008K
  class space    used 1775K, capacity 1825K, committed 1920K, reserved 1048576K
}
Event: 123.181 GC heap before
{Heap before GC invocations=259 (full 6):
 PSYoungGen      total 519680K, used 519328K [0x00000000e0400000, 0x0000000100000000, 0x0000000100000000)
  eden space 519168K, 100% used [0x00000000e0400000,0x00000000fff00000,0x00000000fff00000)
  from space 512K, 31% used [0x00000000fff80000,0x00000000fffa8000,0x0000000100000000)
  to   space 512K, 0% used [0x00000000fff00000,0x00000000fff00000,0x00000000fff80000)
 ParOldGen       total 320000K, used 163929K [0x00000000a0c00000, 0x00000000b4480000, 0x00000000e0400000)
  object space 320000K, 51% used [0x00000000a0c00000,0x00000000aac16758,0x00000000b4480000)
 Metaspace       used 18673K, capacity 18889K, committed 19072K, reserved 1067008K
  class space    used 1775K, capacity 1825K, committed 1920K, reserved 1048576K
Event: 123.183 GC heap after
Heap after GC invocations=259 (full 6):
 PSYoungGen      total 519680K, used 160K [0x00000000e0400000, 0x0000000100000000, 0x0000000100000000)
  eden space 519168K, 0% used [0x00000000e0400000,0x00000000e0400000,0x00000000fff00000)
  from space 512K, 31% used [0x00000000fff00000,0x00000000fff28000,0x00000000fff80000)
  to   space 512K, 0% used [0x00000000fff80000,0x00000000fff80000,0x0000000100000000)
 ParOldGen       total 320000K, used 172029K [0x00000000a0c00000, 0x00000000b4480000, 0x00000000e0400000)
  object space 320000K, 53% used [0x00000000a0c00000,0x00000000ab3ff768,0x00000000b4480000)
 Metaspace       used 18673K, capacity 18889K, committed 19072K, reserved 1067008K
  class space    used 1775K, capacity 1825K, committed 1920K, reserved 1048576K
}

