# JRE version: Java(TM) SE Runtime Environment (8.0_25-b18) (build 1.8.0_25-b18)
# Java VM: Java HotSpot(TM) 64-Bit Server VM (25.25-b02 mixed mode windows-amd64 compressed oops)
Heap:
 PSYoungGen      total 368128K, used 89295K [0x00000000e0400000, 0x00000000f7880000, 0x0000000100000000)
  eden space 355840K, 25% used [0x00000000e0400000,0x00000000e5b0bcf8,0x00000000f5f80000)
  from space 12288K, 1% used [0x00000000f5f80000,0x00000000f5fa8000,0x00000000f6b80000)
  to   space 11776K, 0% used [0x00000000f6d00000,0x00000000f6d00000,0x00000000f7880000)
 ParOldGen       total 228864K, used 155483K [0x00000000a0c00000, 0x00000000aeb80000, 0x00000000e0400000)
  object space 228864K, 67% used [0x00000000a0c00000,0x00000000aa3d6f90,0x00000000aeb80000)
 Metaspace       used 18022K, capacity 18185K, committed 18432K, reserved 1067008K
  class space    used 1723K, capacity 1761K, committed 1792K, reserved 1048576K
GC Heap History (10 events):
Event: 24.391 GC heap before
{Heap before GC invocations=60 (full 3):
 PSYoungGen      total 366080K, used 360004K [0x00000000e0400000, 0x00000000f7b00000, 0x0000000100000000)
  eden space 351744K, 100% used [0x00000000e0400000,0x00000000f5b80000,0x00000000f5b80000)
  from space 14336K, 57% used [0x00000000f6a80000,0x00000000f7291010,0x00000000f7880000)
  to   space 15360K, 0% used [0x00000000f5b80000,0x00000000f5b80000,0x00000000f6a80000)
 ParOldGen       total 228864K, used 155483K [0x00000000a0c00000, 0x00000000aeb80000, 0x00000000e0400000)
  object space 228864K, 67% used [0x00000000a0c00000,0x00000000aa3d6f90,0x00000000aeb80000)
 Metaspace       used 17984K, capacity 18185K, committed 18432K, reserved 1067008K
  class space    used 1711K, capacity 1761K, committed 1792K, reserved 1048576K
Event: 24.393 GC heap after
Heap after GC invocations=60 (full 3):
 PSYoungGen      total 367104K, used 96K [0x00000000e0400000, 0x00000000f7a00000, 0x0000000100000000)
  eden space 351744K, 0% used [0x00000000e0400000,0x00000000e0400000,0x00000000f5b80000)
  from space 15360K, 0% used [0x00000000f5b80000,0x00000000f5b98000,0x00000000f6a80000)
  to   space 14336K, 0% used [0x00000000f6c00000,0x00000000f6c00000,0x00000000f7a00000)
 ParOldGen       total 228864K, used 155483K [0x00000000a0c00000, 0x00000000aeb80000, 0x00000000e0400000)
  object space 228864K, 67% used [0x00000000a0c00000,0x00000000aa3d6f90,0x00000000aeb80000)
 Metaspace       used 17984K, capacity 18185K, committed 18432K, reserved 1067008K
  class space    used 1711K, capacity 1761K, committed 1792K, reserved 1048576K
}
Event: 24.892 GC heap before
{Heap before GC invocations=61 (full 3):
 PSYoungGen      total 367104K, used 351840K [0x00000000e0400000, 0x00000000f7a00000, 0x0000000100000000)
  eden space 351744K, 100% used [0x00000000e0400000,0x00000000f5b80000,0x00000000f5b80000)
  from space 15360K, 0% used [0x00000000f5b80000,0x00000000f5b98000,0x00000000f6a80000)
  to   space 14336K, 0% used [0x00000000f6c00000,0x00000000f6c00000,0x00000000f7a00000)
 ParOldGen       total 228864K, used 155483K [0x00000000a0c00000, 0x00000000aeb80000, 0x00000000e0400000)
  object space 228864K, 67% used [0x00000000a0c00000,0x00000000aa3d6f90,0x00000000aeb80000)
 Metaspace       used 17984K, capacity 18185K, committed 18432K, reserved 1067008K
  class space    used 1711K, capacity 1761K, committed 1792K, reserved 1048576K
Event: 24.893 GC heap after
Heap after GC invocations=61 (full 3):
 PSYoungGen      total 366592K, used 128K [0x00000000e0400000, 0x00000000f7880000, 0x0000000100000000)
  eden space 353792K, 0% used [0x00000000e0400000,0x00000000e0400000,0x00000000f5d80000)
  from space 12800K, 1% used [0x00000000f6c00000,0x00000000f6c20000,0x00000000f7880000)
  to   space 13824K, 0% used [0x00000000f5d80000,0x00000000f5d80000,0x00000000f6b00000)
 ParOldGen       total 228864K, used 155483K [0x00000000a0c00000, 0x00000000aeb80000, 0x00000000e0400000)
  object space 228864K, 67% used [0x00000000a0c00000,0x00000000aa3d6f90,0x00000000aeb80000)
 Metaspace       used 17984K, capacity 18185K, committed 18432K, reserved 1067008K
  class space    used 1711K, capacity 1761K, committed 1792K, reserved 1048576K
}
Event: 25.336 GC heap before
{Heap before GC invocations=62 (full 3):
 PSYoungGen      total 366592K, used 353920K [0x00000000e0400000, 0x00000000f7880000, 0x0000000100000000)
  eden space 353792K, 100% used [0x00000000e0400000,0x00000000f5d80000,0x00000000f5d80000)
  from space 12800K, 1% used [0x00000000f6c00000,0x00000000f6c20000,0x00000000f7880000)
  to   space 13824K, 0% used [0x00000000f5d80000,0x00000000f5d80000,0x00000000f6b00000)
 ParOldGen       total 228864K, used 155483K [0x00000000a0c00000, 0x00000000aeb80000, 0x00000000e0400000)
  object space 228864K, 67% used [0x00000000a0c00000,0x00000000aa3d6f90,0x00000000aeb80000)
 Metaspace       used 17984K, capacity 18185K, committed 18432K, reserved 1067008K
  class space    used 1711K, capacity 1761K, committed 1792K, reserved 1048576K
Event: 25.337 GC heap after
Heap after GC invocations=62 (full 3):
 PSYoungGen      total 367616K, used 128K [0x00000000e0400000, 0x00000000f7980000, 0x0000000100000000)
  eden space 353792K, 0% used [0x00000000e0400000,0x00000000e0400000,0x00000000f5d80000)
  from space 13824K, 0% used [0x00000000f5d80000,0x00000000f5da0000,0x00000000f6b00000)
  to   space 13312K, 0% used [0x00000000f6c80000,0x00000000f6c80000,0x00000000f7980000)
 ParOldGen       total 228864K, used 155483K [0x00000000a0c00000, 0x00000000aeb80000, 0x00000000e0400000)
  object space 228864K, 67% used [0x00000000a0c00000,0x00000000aa3d6f90,0x00000000aeb80000)
 Metaspace       used 17984K, capacity 18185K, committed 18432K, reserved 1067008K
  class space    used 1711K, capacity 1761K, committed 1792K, reserved 1048576K
}
Event: 25.806 GC heap before
{Heap before GC invocations=63 (full 3):
 PSYoungGen      total 367616K, used 353920K [0x00000000e0400000, 0x00000000f7980000, 0x0000000100000000)
  eden space 353792K, 100% used [0x00000000e0400000,0x00000000f5d80000,0x00000000f5d80000)
  from space 13824K, 0% used [0x00000000f5d80000,0x00000000f5da0000,0x00000000f6b00000)
  to   space 13312K, 0% used [0x00000000f6c80000,0x00000000f6c80000,0x00000000f7980000)
 ParOldGen       total 228864K, used 155483K [0x00000000a0c00000, 0x00000000aeb80000, 0x00000000e0400000)
  object space 228864K, 67% used [0x00000000a0c00000,0x00000000aa3d6f90,0x00000000aeb80000)
 Metaspace       used 17984K, capacity 18185K, committed 18432K, reserved 1067008K
  class space    used 1711K, capacity 1761K, committed 1792K, reserved 1048576K
Event: 25.807 GC heap after
Heap after GC invocations=63 (full 3):
 PSYoungGen      total 367104K, used 128K [0x00000000e0400000, 0x00000000f7780000, 0x0000000100000000)
  eden space 355840K, 0% used [0x00000000e0400000,0x00000000e0400000,0x00000000f5f80000)
  from space 11264K, 1% used [0x00000000f6c80000,0x00000000f6ca0000,0x00000000f7780000)
  to   space 12288K, 0% used [0x00000000f5f80000,0x00000000f5f80000,0x00000000f6b80000)
 ParOldGen       total 228864K, used 155483K [0x00000000a0c00000, 0x00000000aeb80000, 0x00000000e0400000)
  object space 228864K, 67% used [0x00000000a0c00000,0x00000000aa3d6f90,0x00000000aeb80000)
 Metaspace       used 17984K, capacity 18185K, committed 18432K, reserved 1067008K
  class space    used 1711K, capacity 1761K, committed 1792K, reserved 1048576K
}
Event: 26.287 GC heap before
{Heap before GC invocations=64 (full 3):
 PSYoungGen      total 367104K, used 350531K [0x00000000e0400000, 0x00000000f7780000, 0x0000000100000000)
  eden space 355840K, 98% used [0x00000000e0400000,0x00000000f5a30c80,0x00000000f5f80000)
  from space 11264K, 1% used [0x00000000f6c80000,0x00000000f6ca0000,0x00000000f7780000)
  to   space 12288K, 0% used [0x00000000f5f80000,0x00000000f5f80000,0x00000000f6b80000)
 ParOldGen       total 228864K, used 155483K [0x00000000a0c00000, 0x00000000aeb80000, 0x00000000e0400000)
  object space 228864K, 67% used [0x00000000a0c00000,0x00000000aa3d6f90,0x00000000aeb80000)
 Metaspace       used 17987K, capacity 18185K, committed 18432K, reserved 1067008K
  class space    used 1711K, capacity 1761K, committed 1792K, reserved 1048576K
Event: 26.288 GC heap after
Heap after GC invocations=64 (full 3):
 PSYoungGen      total 368128K, used 160K [0x00000000e0400000, 0x00000000f7880000, 0x0000000100000000)
  eden space 355840K, 0% used [0x00000000e0400000,0x00000000e0400000,0x00000000f5f80000)
  from space 12288K, 1% used [0x00000000f5f80000,0x00000000f5fa8000,0x00000000f6b80000)
  to   space 11776K, 0% used [0x00000000f6d00000,0x00000000f6d00000,0x00000000f7880000)
 ParOldGen       total 228864K, used 155483K [0x00000000a0c00000, 0x00000000aeb80000, 0x00000000e0400000)
  object space 228864K, 67% used [0x00000000a0c00000,0x00000000aa3d6f90,0x00000000aeb80000)
 Metaspace       used 17987K, capacity 18185K, committed 18432K, reserved 1067008K
  class space    used 1711K, capacity 1761K, committed 1792K, reserved 1048576K
}

