# JRE version: Java(TM) SE Runtime Environment (8.0_25-b18) (build 1.8.0_25-b18)
# Java VM: Java HotSpot(TM) 64-Bit Server VM (25.25-b02 mixed mode windows-amd64 compressed oops)
Heap:
 PSYoungGen      total 364544K, used 277167K [0x00000000e0400000, 0x00000000fa080000, 0x0000000100000000)
  eden space 317952K, 87% used [0x00000000e0400000,0x00000000f1273ea0,0x00000000f3a80000)
  from space 46592K, 0% used [0x00000000f7300000,0x00000000f7338000,0x00000000fa080000)
  to   space 52224K, 0% used [0x00000000f3a80000,0x00000000f3a80000,0x00000000f6d80000)
 ParOldGen       total 222208K, used 154051K [0x00000000a0c00000, 0x00000000ae500000, 0x00000000e0400000)
  object space 222208K, 69% used [0x00000000a0c00000,0x00000000aa270e98,0x00000000ae500000)
 Metaspace       used 18043K, capacity 18249K, committed 18432K, reserved 1067008K
  class space    used 1723K, capacity 1761K, committed 1792K, reserved 1048576K
GC Heap History (10 events):
Event: 7.194 GC heap before
{Heap before GC invocations=17 (full 3):
 PSYoungGen      total 293888K, used 232331K [0x00000000e0400000, 0x00000000f8c00000, 0x0000000100000000)
  eden space 233984K, 99% used [0x00000000e0400000,0x00000000ee6b2c98,0x00000000ee880000)
  from space 59904K, 0% used [0x00000000ee880000,0x00000000ee8b0000,0x00000000f2300000)
  to   space 59904K, 0% used [0x00000000f5180000,0x00000000f5180000,0x00000000f8c00000)
 ParOldGen       total 222208K, used 154011K [0x00000000a0c00000, 0x00000000ae500000, 0x00000000e0400000)
  object space 222208K, 69% used [0x00000000a0c00000,0x00000000aa266e98,0x00000000ae500000)
 Metaspace       used 17650K, capacity 17857K, committed 17920K, reserved 1064960K
  class space    used 1722K, capacity 1761K, committed 1792K, reserved 1048576K
Event: 7.196 GC heap after
Heap after GC invocations=17 (full 3):
 PSYoungGen      total 323072K, used 224K [0x00000000e0400000, 0x00000000f8200000, 0x0000000100000000)
  eden space 273408K, 0% used [0x00000000e0400000,0x00000000e0400000,0x00000000f0f00000)
  from space 49664K, 0% used [0x00000000f5180000,0x00000000f51b8000,0x00000000f8200000)
  to   space 58880K, 0% used [0x00000000f0f00000,0x00000000f0f00000,0x00000000f4880000)
 ParOldGen       total 222208K, used 154019K [0x00000000a0c00000, 0x00000000ae500000, 0x00000000e0400000)
  object space 222208K, 69% used [0x00000000a0c00000,0x00000000aa268e98,0x00000000ae500000)
 Metaspace       used 17650K, capacity 17857K, committed 17920K, reserved 1064960K
  class space    used 1722K, capacity 1761K, committed 1792K, reserved 1048576K
}
Event: 8.292 GC heap before
{Heap before GC invocations=18 (full 3):
 PSYoungGen      total 323072K, used 273453K [0x00000000e0400000, 0x00000000f8200000, 0x0000000100000000)
  eden space 273408K, 99% used [0x00000000e0400000,0x00000000f0ed3650,0x00000000f0f00000)
  from space 49664K, 0% used [0x00000000f5180000,0x00000000f51b8000,0x00000000f8200000)
  to   space 58880K, 0% used [0x00000000f0f00000,0x00000000f0f00000,0x00000000f4880000)
 ParOldGen       total 222208K, used 154019K [0x00000000a0c00000, 0x00000000ae500000, 0x00000000e0400000)
  object space 222208K, 69% used [0x00000000a0c00000,0x00000000aa268e98,0x00000000ae500000)
 Metaspace       used 17781K, capacity 17993K, committed 18176K, reserved 1064960K
  class space    used 1722K, capacity 1761K, committed 1792K, reserved 1048576K
Event: 8.294 GC heap after
Heap after GC invocations=18 (full 3):
 PSYoungGen      total 332288K, used 192K [0x00000000e0400000, 0x00000000fa380000, 0x0000000100000000)
  eden space 273408K, 0% used [0x00000000e0400000,0x00000000e0400000,0x00000000f0f00000)
  from space 58880K, 0% used [0x00000000f0f00000,0x00000000f0f30000,0x00000000f4880000)
  to   space 57344K, 0% used [0x00000000f6b80000,0x00000000f6b80000,0x00000000fa380000)
 ParOldGen       total 222208K, used 154027K [0x00000000a0c00000, 0x00000000ae500000, 0x00000000e0400000)
  object space 222208K, 69% used [0x00000000a0c00000,0x00000000aa26ae98,0x00000000ae500000)
 Metaspace       used 17781K, capacity 17993K, committed 18176K, reserved 1064960K
  class space    used 1722K, capacity 1761K, committed 1792K, reserved 1048576K
}
Event: 9.394 GC heap before
{Heap before GC invocations=19 (full 3):
 PSYoungGen      total 332288K, used 273223K [0x00000000e0400000, 0x00000000fa380000, 0x0000000100000000)
  eden space 273408K, 99% used [0x00000000e0400000,0x00000000f0ea1de8,0x00000000f0f00000)
  from space 58880K, 0% used [0x00000000f0f00000,0x00000000f0f30000,0x00000000f4880000)
  to   space 57344K, 0% used [0x00000000f6b80000,0x00000000f6b80000,0x00000000fa380000)
 ParOldGen       total 222208K, used 154027K [0x00000000a0c00000, 0x00000000ae500000, 0x00000000e0400000)
  object space 222208K, 69% used [0x00000000a0c00000,0x00000000aa26ae98,0x00000000ae500000)
 Metaspace       used 17851K, capacity 18057K, committed 18176K, reserved 1064960K
  class space    used 1722K, capacity 1761K, committed 1792K, reserved 1048576K
Event: 9.396 GC heap after
Heap after GC invocations=19 (full 3):
 PSYoungGen      total 350720K, used 224K [0x00000000e0400000, 0x00000000f9980000, 0x0000000100000000)
  eden space 303616K, 0% used [0x00000000e0400000,0x00000000e0400000,0x00000000f2c80000)
  from space 47104K, 0% used [0x00000000f6b80000,0x00000000f6bb8000,0x00000000f9980000)
  to   space 55808K, 0% used [0x00000000f2c80000,0x00000000f2c80000,0x00000000f6300000)
 ParOldGen       total 222208K, used 154035K [0x00000000a0c00000, 0x00000000ae500000, 0x00000000e0400000)
  object space 222208K, 69% used [0x00000000a0c00000,0x00000000aa26ce98,0x00000000ae500000)
 Metaspace       used 17851K, capacity 18057K, committed 18176K, reserved 1064960K
  class space    used 1722K, capacity 1761K, committed 1792K, reserved 1048576K
}
Event: 10.594 GC heap before
{Heap before GC invocations=20 (full 3):
 PSYoungGen      total 350720K, used 298046K [0x00000000e0400000, 0x00000000f9980000, 0x0000000100000000)
  eden space 303616K, 98% used [0x00000000e0400000,0x00000000f26d7b38,0x00000000f2c80000)
  from space 47104K, 0% used [0x00000000f6b80000,0x00000000f6bb8000,0x00000000f9980000)
  to   space 55808K, 0% used [0x00000000f2c80000,0x00000000f2c80000,0x00000000f6300000)
 ParOldGen       total 222208K, used 154035K [0x00000000a0c00000, 0x00000000ae500000, 0x00000000e0400000)
  object space 222208K, 69% used [0x00000000a0c00000,0x00000000aa26ce98,0x00000000ae500000)
 Metaspace       used 17913K, capacity 18121K, committed 18176K, reserved 1064960K
  class space    used 1722K, capacity 1761K, committed 1792K, reserved 1048576K
Event: 10.595 GC heap after
Heap after GC invocations=20 (full 3):
 PSYoungGen      total 359424K, used 192K [0x00000000e0400000, 0x00000000fa800000, 0x0000000100000000)
  eden space 303616K, 0% used [0x00000000e0400000,0x00000000e0400000,0x00000000f2c80000)
  from space 55808K, 0% used [0x00000000f2c80000,0x00000000f2cb0000,0x00000000f6300000)
  to   space 54272K, 0% used [0x00000000f7300000,0x00000000f7300000,0x00000000fa800000)
 ParOldGen       total 222208K, used 154043K [0x00000000a0c00000, 0x00000000ae500000, 0x00000000e0400000)
  object space 222208K, 69% used [0x00000000a0c00000,0x00000000aa26ee98,0x00000000ae500000)
 Metaspace       used 17913K, capacity 18121K, committed 18176K, reserved 1064960K
  class space    used 1722K, capacity 1761K, committed 1792K, reserved 1048576K
}
Event: 11.795 GC heap before
{Heap before GC invocations=21 (full 3):
 PSYoungGen      total 359424K, used 298073K [0x00000000e0400000, 0x00000000fa800000, 0x0000000100000000)
  eden space 303616K, 98% used [0x00000000e0400000,0x00000000f26e67f8,0x00000000f2c80000)
  from space 55808K, 0% used [0x00000000f2c80000,0x00000000f2cb0000,0x00000000f6300000)
  to   space 54272K, 0% used [0x00000000f7300000,0x00000000f7300000,0x00000000fa800000)
 ParOldGen       total 222208K, used 154043K [0x00000000a0c00000, 0x00000000ae500000, 0x00000000e0400000)
  object space 222208K, 69% used [0x00000000a0c00000,0x00000000aa26ee98,0x00000000ae500000)
 Metaspace       used 17942K, capacity 18185K, committed 18432K, reserved 1067008K
  class space    used 1722K, capacity 1761K, committed 1792K, reserved 1048576K
Event: 11.796 GC heap after
Heap after GC invocations=21 (full 3):
 PSYoungGen      total 364544K, used 224K [0x00000000e0400000, 0x00000000fa080000, 0x0000000100000000)
  eden space 317952K, 0% used [0x00000000e0400000,0x00000000e0400000,0x00000000f3a80000)
  from space 46592K, 0% used [0x00000000f7300000,0x00000000f7338000,0x00000000fa080000)
  to   space 52224K, 0% used [0x00000000f3a80000,0x00000000f3a80000,0x00000000f6d80000)
 ParOldGen       total 222208K, used 154051K [0x00000000a0c00000, 0x00000000ae500000, 0x00000000e0400000)
  object space 222208K, 69% used [0x00000000a0c00000,0x00000000aa270e98,0x00000000ae500000)
 Metaspace       used 17942K, capacity 18185K, committed 18432K, reserved 1067008K
  class space    used 1722K, capacity 1761K, committed 1792K, reserved 1048576K
}

