# JRE version: Java(TM) SE Runtime Environment (8.0_25-b18) (build 1.8.0_25-b18)
# Java VM: Java HotSpot(TM) 64-Bit Server VM (25.25-b02 mixed mode windows-amd64 compressed oops)
Heap:
 PSYoungGen      total 408064K, used 36159K [0x00000000e0400000, 0x0000000100000000, 0x0000000100000000)
  eden space 407552K, 8% used [0x00000000e0400000,0x00000000e2727e48,0x00000000f9200000)
  from space 512K, 31% used [0x00000000f9200000,0x00000000f9228000,0x00000000f9280000)
  to   space 57856K, 0% used [0x00000000fc780000,0x00000000fc780000,0x0000000100000000)
 ParOldGen       total 210432K, used 155868K [0x00000000a0c00000, 0x00000000ad980000, 0x00000000e0400000)
  object space 210432K, 74% used [0x00000000a0c00000,0x00000000aa4370e0,0x00000000ad980000)
 Metaspace       used 17976K, capacity 18217K, committed 18560K, reserved 1067008K
  class space    used 1737K, capacity 1793K, committed 1920K, reserved 1048576K
GC Heap History (10 events):
Event: 11.392 GC heap before
{Heap before GC invocations=23 (full 2):
 PSYoungGen      total 446976K, used 434353K [0x00000000e0400000, 0x00000000fed00000, 0x0000000100000000)
  eden space 398848K, 98% used [0x00000000e0400000,0x00000000f81cbe80,0x00000000f8980000)
  from space 48128K, 90% used [0x00000000fba80000,0x00000000fe4e07a0,0x00000000fe980000)
  to   space 50176K, 0% used [0x00000000f8980000,0x00000000f8980000,0x00000000fba80000)
 ParOldGen       total 210432K, used 120465K [0x00000000a0c00000, 0x00000000ad980000, 0x00000000e0400000)
  object space 210432K, 57% used [0x00000000a0c00000,0x00000000a81a4480,0x00000000ad980000)
 Metaspace       used 17766K, capacity 17961K, committed 18304K, reserved 1064960K
  class space    used 1723K, capacity 1793K, committed 1920K, reserved 1048576K
Event: 11.402 GC heap after
Heap after GC invocations=23 (full 2):
 PSYoungGen      total 449024K, used 15037K [0x00000000e0400000, 0x0000000100000000, 0x0000000100000000)
  eden space 398848K, 0% used [0x00000000e0400000,0x00000000e0400000,0x00000000f8980000)
  from space 50176K, 29% used [0x00000000f8980000,0x00000000f982f750,0x00000000fba80000)
  to   space 52224K, 0% used [0x00000000fcd00000,0x00000000fcd00000,0x0000000100000000)
 ParOldGen       total 210432K, used 140894K [0x00000000a0c00000, 0x00000000ad980000, 0x00000000e0400000)
  object space 210432K, 66% used [0x00000000a0c00000,0x00000000a95979c0,0x00000000ad980000)
 Metaspace       used 17766K, capacity 17961K, committed 18304K, reserved 1064960K
  class space    used 1723K, capacity 1793K, committed 1920K, reserved 1048576K
}
Event: 12.725 GC heap before
{Heap before GC invocations=24 (full 2):
 PSYoungGen      total 449024K, used 410631K [0x00000000e0400000, 0x0000000100000000, 0x0000000100000000)
  eden space 398848K, 99% used [0x00000000e0400000,0x00000000f86525b0,0x00000000f8980000)
  from space 50176K, 29% used [0x00000000f8980000,0x00000000f982f750,0x00000000fba80000)
  to   space 52224K, 0% used [0x00000000fcd00000,0x00000000fcd00000,0x0000000100000000)
 ParOldGen       total 210432K, used 140894K [0x00000000a0c00000, 0x00000000ad980000, 0x00000000e0400000)
  object space 210432K, 66% used [0x00000000a0c00000,0x00000000a95979c0,0x00000000ad980000)
 Metaspace       used 17844K, capacity 18089K, committed 18304K, reserved 1064960K
  class space    used 1723K, capacity 1793K, committed 1920K, reserved 1048576K
Event: 12.729 GC heap after
Heap after GC invocations=24 (full 2):
 PSYoungGen      total 464896K, used 10189K [0x00000000e0400000, 0x0000000100000000, 0x0000000100000000)
  eden space 412672K, 0% used [0x00000000e0400000,0x00000000e0400000,0x00000000f9700000)
  from space 52224K, 19% used [0x00000000fcd00000,0x00000000fd6f3750,0x0000000100000000)
  to   space 53760K, 0% used [0x00000000f9700000,0x00000000f9700000,0x00000000fcb80000)
 ParOldGen       total 210432K, used 145774K [0x00000000a0c00000, 0x00000000ad980000, 0x00000000e0400000)
  object space 210432K, 69% used [0x00000000a0c00000,0x00000000a9a5b9d0,0x00000000ad980000)
 Metaspace       used 17844K, capacity 18089K, committed 18304K, reserved 1064960K
  class space    used 1723K, capacity 1793K, committed 1920K, reserved 1048576K
}
Event: 14.094 GC heap before
{Heap before GC invocations=25 (full 2):
 PSYoungGen      total 464896K, used 422590K [0x00000000e0400000, 0x0000000100000000, 0x0000000100000000)
  eden space 412672K, 99% used [0x00000000e0400000,0x00000000f96bc1f8,0x00000000f9700000)
  from space 52224K, 19% used [0x00000000fcd00000,0x00000000fd6f3750,0x0000000100000000)
  to   space 53760K, 0% used [0x00000000f9700000,0x00000000f9700000,0x00000000fcb80000)
 ParOldGen       total 210432K, used 145774K [0x00000000a0c00000, 0x00000000ad980000, 0x00000000e0400000)
  object space 210432K, 69% used [0x00000000a0c00000,0x00000000a9a5b9d0,0x00000000ad980000)
 Metaspace       used 17848K, capacity 18089K, committed 18304K, reserved 1064960K
  class space    used 1723K, capacity 1793K, committed 1920K, reserved 1048576K
Event: 14.099 GC heap after
Heap after GC invocations=25 (full 2):
 PSYoungGen      total 466432K, used 17240K [0x00000000e0400000, 0x0000000100000000, 0x0000000100000000)
  eden space 412672K, 0% used [0x00000000e0400000,0x00000000e0400000,0x00000000f9700000)
  from space 53760K, 32% used [0x00000000f9700000,0x00000000fa7d6030,0x00000000fcb80000)
  to   space 53760K, 0% used [0x00000000fcb80000,0x00000000fcb80000,0x0000000100000000)
 ParOldGen       total 210432K, used 146856K [0x00000000a0c00000, 0x00000000ad980000, 0x00000000e0400000)
  object space 210432K, 69% used [0x00000000a0c00000,0x00000000a9b6a0c0,0x00000000ad980000)
 Metaspace       used 17848K, capacity 18089K, committed 18304K, reserved 1064960K
  class space    used 1723K, capacity 1793K, committed 1920K, reserved 1048576K
}
Event: 15.491 GC heap before
{Heap before GC invocations=26 (full 2):
 PSYoungGen      total 466432K, used 422823K [0x00000000e0400000, 0x0000000100000000, 0x0000000100000000)
  eden space 412672K, 98% used [0x00000000e0400000,0x00000000f9013db8,0x00000000f9700000)
  from space 53760K, 32% used [0x00000000f9700000,0x00000000fa7d6030,0x00000000fcb80000)
  to   space 53760K, 0% used [0x00000000fcb80000,0x00000000fcb80000,0x0000000100000000)
 ParOldGen       total 210432K, used 146856K [0x00000000a0c00000, 0x00000000ad980000, 0x00000000e0400000)
  object space 210432K, 69% used [0x00000000a0c00000,0x00000000a9b6a0c0,0x00000000ad980000)
 Metaspace       used 17907K, capacity 18153K, committed 18304K, reserved 1064960K
  class space    used 1723K, capacity 1793K, committed 1920K, reserved 1048576K
Event: 15.495 GC heap after
Heap after GC invocations=26 (full 2):
 PSYoungGen      total 461312K, used 192K [0x00000000e0400000, 0x0000000100000000, 0x0000000100000000)
  eden space 407552K, 0% used [0x00000000e0400000,0x00000000e0400000,0x00000000f9200000)
  from space 53760K, 0% used [0x00000000fcb80000,0x00000000fcbb0000,0x0000000100000000)
  to   space 56320K, 0% used [0x00000000f9200000,0x00000000f9200000,0x00000000fc900000)
 ParOldGen       total 210432K, used 155836K [0x00000000a0c00000, 0x00000000ad980000, 0x00000000e0400000)
  object space 210432K, 74% used [0x00000000a0c00000,0x00000000aa42f0e0,0x00000000ad980000)
 Metaspace       used 17907K, capacity 18153K, committed 18304K, reserved 1064960K
  class space    used 1723K, capacity 1793K, committed 1920K, reserved 1048576K
}
Event: 16.858 GC heap before
{Heap before GC invocations=27 (full 2):
 PSYoungGen      total 461312K, used 403166K [0x00000000e0400000, 0x0000000100000000, 0x0000000100000000)
  eden space 407552K, 98% used [0x00000000e0400000,0x00000000f8d87bc8,0x00000000f9200000)
  from space 53760K, 0% used [0x00000000fcb80000,0x00000000fcbb0000,0x0000000100000000)
  to   space 56320K, 0% used [0x00000000f9200000,0x00000000f9200000,0x00000000fc900000)
 ParOldGen       total 210432K, used 155836K [0x00000000a0c00000, 0x00000000ad980000, 0x00000000e0400000)
  object space 210432K, 74% used [0x00000000a0c00000,0x00000000aa42f0e0,0x00000000ad980000)
 Metaspace       used 17924K, capacity 18153K, committed 18304K, reserved 1064960K
  class space    used 1723K, capacity 1793K, committed 1920K, reserved 1048576K
Event: 16.859 GC heap after
Heap after GC invocations=27 (full 2):
 PSYoungGen      total 408064K, used 160K [0x00000000e0400000, 0x0000000100000000, 0x0000000100000000)
  eden space 407552K, 0% used [0x00000000e0400000,0x00000000e0400000,0x00000000f9200000)
  from space 512K, 31% used [0x00000000f9200000,0x00000000f9228000,0x00000000f9280000)
  to   space 57856K, 0% used [0x00000000fc780000,0x00000000fc780000,0x0000000100000000)
 ParOldGen       total 210432K, used 155868K [0x00000000a0c00000, 0x00000000ad980000, 0x00000000e0400000)
  object space 210432K, 74% used [0x00000000a0c00000,0x00000000aa4370e0,0x00000000ad980000)
 Metaspace       used 17924K, capacity 18153K, committed 18304K, reserved 1064960K
  class space    used 1723K, capacity 1793K, committed 1920K, reserved 1048576K
}

