# JRE version: Java(TM) SE Runtime Environment (8.0_25-b18) (build 1.8.0_25-b18)
# Java VM: Java HotSpot(TM) 64-Bit Server VM (25.25-b02 mixed mode windows-amd64 compressed oops)
Heap:
 PSYoungGen      total 297984K, used 216022K [0x00000000e0400000, 0x00000000f4800000, 0x0000000100000000)
  eden space 265728K, 81% used [0x00000000e0400000,0x00000000ed645918,0x00000000f0780000)
  from space 32256K, 2% used [0x00000000f2780000,0x00000000f2830000,0x00000000f4700000)
  to   space 32768K, 0% used [0x00000000f0780000,0x00000000f0780000,0x00000000f2780000)
 ParOldGen       total 227840K, used 154975K [0x00000000a0c00000, 0x00000000aea80000, 0x00000000e0400000)
  object space 227840K, 68% used [0x00000000a0c00000,0x00000000aa357d68,0x00000000aea80000)
 Metaspace       used 18462K, capacity 18661K, committed 18816K, reserved 1067008K
  class space    used 1756K, capacity 1793K, committed 1920K, reserved 1048576K
GC Heap History (10 events):
Event: 12.568 GC heap before
{Heap before GC invocations=25 (full 3):
 PSYoungGen      total 292864K, used 257326K [0x00000000e0400000, 0x00000000f4d80000, 0x0000000100000000)
  eden space 252416K, 98% used [0x00000000e0400000,0x00000000ef5de910,0x00000000efa80000)
  from space 40448K, 23% used [0x00000000efa80000,0x00000000f03ed020,0x00000000f2200000)
  to   space 38912K, 0% used [0x00000000f2780000,0x00000000f2780000,0x00000000f4d80000)
 ParOldGen       total 227840K, used 145955K [0x00000000a0c00000, 0x00000000aea80000, 0x00000000e0400000)
  object space 227840K, 64% used [0x00000000a0c00000,0x00000000a9a88d48,0x00000000aea80000)
 Metaspace       used 18418K, capacity 18661K, committed 18816K, reserved 1067008K
  class space    used 1756K, capacity 1793K, committed 1920K, reserved 1048576K
Event: 12.571 GC heap after
Heap after GC invocations=25 (full 3):
 PSYoungGen      total 293376K, used 9620K [0x00000000e0400000, 0x00000000f4980000, 0x0000000100000000)
  eden space 258560K, 0% used [0x00000000e0400000,0x00000000e0400000,0x00000000f0080000)
  from space 34816K, 27% used [0x00000000f2780000,0x00000000f30e5020,0x00000000f4980000)
  to   space 37376K, 0% used [0x00000000f0080000,0x00000000f0080000,0x00000000f2500000)
 ParOldGen       total 227840K, used 145963K [0x00000000a0c00000, 0x00000000aea80000, 0x00000000e0400000)
  object space 227840K, 64% used [0x00000000a0c00000,0x00000000a9a8ad48,0x00000000aea80000)
 Metaspace       used 18418K, capacity 18661K, committed 18816K, reserved 1067008K
  class space    used 1756K, capacity 1793K, committed 1920K, reserved 1048576K
}
Event: 13.501 GC heap before
{Heap before GC invocations=26 (full 3):
 PSYoungGen      total 293376K, used 261347K [0x00000000e0400000, 0x00000000f4980000, 0x0000000100000000)
  eden space 258560K, 97% used [0x00000000e0400000,0x00000000ef9d3e50,0x00000000f0080000)
  from space 34816K, 27% used [0x00000000f2780000,0x00000000f30e5020,0x00000000f4980000)
  to   space 37376K, 0% used [0x00000000f0080000,0x00000000f0080000,0x00000000f2500000)
 ParOldGen       total 227840K, used 145963K [0x00000000a0c00000, 0x00000000aea80000, 0x00000000e0400000)
  object space 227840K, 64% used [0x00000000a0c00000,0x00000000a9a8ad48,0x00000000aea80000)
 Metaspace       used 18436K, capacity 18661K, committed 18816K, reserved 1067008K
  class space    used 1756K, capacity 1793K, committed 1920K, reserved 1048576K
Event: 13.504 GC heap after
Heap after GC invocations=26 (full 3):
 PSYoungGen      total 295936K, used 9684K [0x00000000e0400000, 0x00000000f4b00000, 0x0000000100000000)
  eden space 258560K, 0% used [0x00000000e0400000,0x00000000e0400000,0x00000000f0080000)
  from space 37376K, 25% used [0x00000000f0080000,0x00000000f09f5020,0x00000000f2500000)
  to   space 35328K, 0% used [0x00000000f2880000,0x00000000f2880000,0x00000000f4b00000)
 ParOldGen       total 227840K, used 145971K [0x00000000a0c00000, 0x00000000aea80000, 0x00000000e0400000)
  object space 227840K, 64% used [0x00000000a0c00000,0x00000000a9a8cd48,0x00000000aea80000)
 Metaspace       used 18436K, capacity 18661K, committed 18816K, reserved 1067008K
  class space    used 1756K, capacity 1793K, committed 1920K, reserved 1048576K
}
Event: 14.435 GC heap before
{Heap before GC invocations=27 (full 3):
 PSYoungGen      total 295936K, used 261407K [0x00000000e0400000, 0x00000000f4b00000, 0x0000000100000000)
  eden space 258560K, 97% used [0x00000000e0400000,0x00000000ef9d2e60,0x00000000f0080000)
  from space 37376K, 25% used [0x00000000f0080000,0x00000000f09f5020,0x00000000f2500000)
  to   space 35328K, 0% used [0x00000000f2880000,0x00000000f2880000,0x00000000f4b00000)
 ParOldGen       total 227840K, used 145971K [0x00000000a0c00000, 0x00000000aea80000, 0x00000000e0400000)
  object space 227840K, 64% used [0x00000000a0c00000,0x00000000a9a8cd48,0x00000000aea80000)
 Metaspace       used 18451K, capacity 18661K, committed 18816K, reserved 1067008K
  class space    used 1756K, capacity 1793K, committed 1920K, reserved 1048576K
Event: 14.438 GC heap after
Heap after GC invocations=27 (full 3):
 PSYoungGen      total 294400K, used 9652K [0x00000000e0400000, 0x00000000f4700000, 0x0000000100000000)
  eden space 263168K, 0% used [0x00000000e0400000,0x00000000e0400000,0x00000000f0500000)
  from space 31232K, 30% used [0x00000000f2880000,0x00000000f31ed020,0x00000000f4700000)
  to   space 33792K, 0% used [0x00000000f0500000,0x00000000f0500000,0x00000000f2600000)
 ParOldGen       total 227840K, used 145971K [0x00000000a0c00000, 0x00000000aea80000, 0x00000000e0400000)
  object space 227840K, 64% used [0x00000000a0c00000,0x00000000a9a8cd48,0x00000000aea80000)
 Metaspace       used 18451K, capacity 18661K, committed 18816K, reserved 1067008K
  class space    used 1756K, capacity 1793K, committed 1920K, reserved 1048576K
}
Event: 15.401 GC heap before
{Heap before GC invocations=28 (full 3):
 PSYoungGen      total 294400K, used 270751K [0x00000000e0400000, 0x00000000f4700000, 0x0000000100000000)
  eden space 263168K, 99% used [0x00000000e0400000,0x00000000f02fac60,0x00000000f0500000)
  from space 31232K, 30% used [0x00000000f2880000,0x00000000f31ed020,0x00000000f4700000)
  to   space 33792K, 0% used [0x00000000f0500000,0x00000000f0500000,0x00000000f2600000)
 ParOldGen       total 227840K, used 145971K [0x00000000a0c00000, 0x00000000aea80000, 0x00000000e0400000)
  object space 227840K, 64% used [0x00000000a0c00000,0x00000000a9a8cd48,0x00000000aea80000)
 Metaspace       used 18451K, capacity 18661K, committed 18816K, reserved 1067008K
  class space    used 1756K, capacity 1793K, committed 1920K, reserved 1048576K
Event: 15.404 GC heap after
Heap after GC invocations=28 (full 3):
 PSYoungGen      total 296960K, used 9620K [0x00000000e0400000, 0x00000000f4700000, 0x0000000100000000)
  eden space 263168K, 0% used [0x00000000e0400000,0x00000000e0400000,0x00000000f0500000)
  from space 33792K, 28% used [0x00000000f0500000,0x00000000f0e65020,0x00000000f2600000)
  to   space 32256K, 0% used [0x00000000f2780000,0x00000000f2780000,0x00000000f4700000)
 ParOldGen       total 227840K, used 145979K [0x00000000a0c00000, 0x00000000aea80000, 0x00000000e0400000)
  object space 227840K, 64% used [0x00000000a0c00000,0x00000000a9a8ed48,0x00000000aea80000)
 Metaspace       used 18451K, capacity 18661K, committed 18816K, reserved 1067008K
  class space    used 1756K, capacity 1793K, committed 1920K, reserved 1048576K
}
Event: 16.367 GC heap before
{Heap before GC invocations=29 (full 3):
 PSYoungGen      total 296960K, used 271532K [0x00000000e0400000, 0x00000000f4700000, 0x0000000100000000)
  eden space 263168K, 99% used [0x00000000e0400000,0x00000000f03c6130,0x00000000f0500000)
  from space 33792K, 28% used [0x00000000f0500000,0x00000000f0e65020,0x00000000f2600000)
  to   space 32256K, 0% used [0x00000000f2780000,0x00000000f2780000,0x00000000f4700000)
 ParOldGen       total 227840K, used 145979K [0x00000000a0c00000, 0x00000000aea80000, 0x00000000e0400000)
  object space 227840K, 64% used [0x00000000a0c00000,0x00000000a9a8ed48,0x00000000aea80000)
 Metaspace       used 18455K, capacity 18661K, committed 18816K, reserved 1067008K
  class space    used 1756K, capacity 1793K, committed 1920K, reserved 1048576K
Event: 16.372 GC heap after
Heap after GC invocations=29 (full 3):
 PSYoungGen      total 297984K, used 704K [0x00000000e0400000, 0x00000000f4800000, 0x0000000100000000)
  eden space 265728K, 0% used [0x00000000e0400000,0x00000000e0400000,0x00000000f0780000)
  from space 32256K, 2% used [0x00000000f2780000,0x00000000f2830000,0x00000000f4700000)
  to   space 32768K, 0% used [0x00000000f0780000,0x00000000f0780000,0x00000000f2780000)
 ParOldGen       total 227840K, used 154975K [0x00000000a0c00000, 0x00000000aea80000, 0x00000000e0400000)
  object space 227840K, 68% used [0x00000000a0c00000,0x00000000aa357d68,0x00000000aea80000)
 Metaspace       used 18455K, capacity 18661K, committed 18816K, reserved 1067008K
  class space    used 1756K, capacity 1793K, committed 1920K, reserved 1048576K
}

