# JRE version: Java(TM) SE Runtime Environment (8.0_25-b18) (build 1.8.0_25-b18)
# Java VM: Java HotSpot(TM) 64-Bit Server VM (25.25-b02 mixed mode windows-amd64 compressed oops)
Heap:
 PSYoungGen      total 314880K, used 274024K [0x00000000e0400000, 0x00000000f7a00000, 0x0000000100000000)
  eden space 266240K, 99% used [0x00000000e0400000,0x00000000f06b5368,0x00000000f0800000)
  from space 48640K, 18% used [0x00000000f4a80000,0x00000000f5365020,0x00000000f7a00000)
  to   space 58368K, 0% used [0x00000000f0800000,0x00000000f0800000,0x00000000f4100000)
 ParOldGen       total 223744K, used 154897K [0x00000000a0c00000, 0x00000000ae680000, 0x00000000e0400000)
  object space 223744K, 69% used [0x00000000a0c00000,0x00000000aa3447b8,0x00000000ae680000)
 Metaspace       used 17789K, capacity 18025K, committed 18304K, reserved 1064960K
  class space    used 1730K, capacity 1793K, committed 1920K, reserved 1048576K
GC Heap History (10 events):
Event: 4.043 GC heap before
{Heap before GC invocations=13 (full 3):
 PSYoungGen      total 237568K, used 9108K [0x00000000e0400000, 0x00000000f2a00000, 0x0000000100000000)
  eden space 181248K, 0% used [0x00000000e0400000,0x00000000e0400000,0x00000000eb500000)
  from space 56320K, 16% used [0x00000000ef300000,0x00000000efbe5020,0x00000000f2a00000)
  to   space 59904K, 0% used [0x00000000eb500000,0x00000000eb500000,0x00000000eef80000)
 ParOldGen       total 148992K, used 148008K [0x00000000a0c00000, 0x00000000a9d80000, 0x00000000e0400000)
  object space 148992K, 99% used [0x00000000a0c00000,0x00000000a9c8a2d8,0x00000000a9d80000)
 Metaspace       used 17497K, capacity 17761K, committed 18048K, reserved 1064960K
  class space    used 1718K, capacity 1793K, committed 1920K, reserved 1048576K
Event: 4.290 GC heap after
Heap after GC invocations=13 (full 3):
 PSYoungGen      total 237568K, used 8950K [0x00000000e0400000, 0x00000000f2a00000, 0x0000000100000000)
  eden space 181248K, 0% used [0x00000000e0400000,0x00000000e0400000,0x00000000eb500000)
  from space 56320K, 15% used [0x00000000ef300000,0x00000000efbbd938,0x00000000f2a00000)
  to   space 59904K, 0% used [0x00000000eb500000,0x00000000eb500000,0x00000000eef80000)
 ParOldGen       total 223744K, used 145861K [0x00000000a0c00000, 0x00000000ae680000, 0x00000000e0400000)
  object space 223744K, 65% used [0x00000000a0c00000,0x00000000a9a71798,0x00000000ae680000)
 Metaspace       used 17497K, capacity 17761K, committed 18048K, reserved 1064960K
  class space    used 1718K, capacity 1793K, committed 1920K, reserved 1048576K
}
Event: 4.858 GC heap before
{Heap before GC invocations=14 (full 3):
 PSYoungGen      total 237568K, used 187881K [0x00000000e0400000, 0x00000000f2a00000, 0x0000000100000000)
  eden space 181248K, 98% used [0x00000000e0400000,0x00000000eb2bcb40,0x00000000eb500000)
  from space 56320K, 15% used [0x00000000ef300000,0x00000000efbbd938,0x00000000f2a00000)
  to   space 59904K, 0% used [0x00000000eb500000,0x00000000eb500000,0x00000000eef80000)
 ParOldGen       total 223744K, used 145861K [0x00000000a0c00000, 0x00000000ae680000, 0x00000000e0400000)
  object space 223744K, 65% used [0x00000000a0c00000,0x00000000a9a71798,0x00000000ae680000)
 Metaspace       used 17535K, capacity 17761K, committed 18048K, reserved 1064960K
  class space    used 1718K, capacity 1793K, committed 1920K, reserved 1048576K
Event: 4.866 GC heap after
Heap after GC invocations=14 (full 3):
 PSYoungGen      total 241152K, used 128K [0x00000000e0400000, 0x00000000f5f00000, 0x0000000100000000)
  eden space 181248K, 0% used [0x00000000e0400000,0x00000000e0400000,0x00000000eb500000)
  from space 59904K, 0% used [0x00000000eb500000,0x00000000eb520000,0x00000000eef80000)
  to   space 60928K, 0% used [0x00000000f2380000,0x00000000f2380000,0x00000000f5f00000)
 ParOldGen       total 223744K, used 154841K [0x00000000a0c00000, 0x00000000ae680000, 0x00000000e0400000)
  object space 223744K, 69% used [0x00000000a0c00000,0x00000000aa3367b8,0x00000000ae680000)
 Metaspace       used 17535K, capacity 17761K, committed 18048K, reserved 1064960K
  class space    used 1718K, capacity 1793K, committed 1920K, reserved 1048576K
}
Event: 5.460 GC heap before
{Heap before GC invocations=15 (full 3):
 PSYoungGen      total 241152K, used 178998K [0x00000000e0400000, 0x00000000f5f00000, 0x0000000100000000)
  eden space 181248K, 98% used [0x00000000e0400000,0x00000000eb2ad900,0x00000000eb500000)
  from space 59904K, 0% used [0x00000000eb500000,0x00000000eb520000,0x00000000eef80000)
  to   space 60928K, 0% used [0x00000000f2380000,0x00000000f2380000,0x00000000f5f00000)
 ParOldGen       total 223744K, used 154841K [0x00000000a0c00000, 0x00000000ae680000, 0x00000000e0400000)
  object space 223744K, 69% used [0x00000000a0c00000,0x00000000aa3367b8,0x00000000ae680000)
 Metaspace       used 17585K, capacity 17761K, committed 18048K, reserved 1064960K
  class space    used 1730K, capacity 1793K, committed 1920K, reserved 1048576K
Event: 5.461 GC heap after
Heap after GC invocations=15 (full 3):
 PSYoungGen      total 280064K, used 224K [0x00000000e0400000, 0x00000000f5800000, 0x0000000100000000)
  eden space 226304K, 0% used [0x00000000e0400000,0x00000000e0400000,0x00000000ee100000)
  from space 53760K, 0% used [0x00000000f2380000,0x00000000f23b8000,0x00000000f5800000)
  to   space 60928K, 0% used [0x00000000ee100000,0x00000000ee100000,0x00000000f1c80000)
 ParOldGen       total 223744K, used 154881K [0x00000000a0c00000, 0x00000000ae680000, 0x00000000e0400000)
  object space 223744K, 69% used [0x00000000a0c00000,0x00000000aa3407b8,0x00000000ae680000)
 Metaspace       used 17585K, capacity 17761K, committed 18048K, reserved 1064960K
  class space    used 1730K, capacity 1793K, committed 1920K, reserved 1048576K
}
Event: 6.192 GC heap before
{Heap before GC invocations=16 (full 3):
 PSYoungGen      total 280064K, used 219212K [0x00000000e0400000, 0x00000000f5800000, 0x0000000100000000)
  eden space 226304K, 96% used [0x00000000e0400000,0x00000000ed9db3f8,0x00000000ee100000)
  from space 53760K, 0% used [0x00000000f2380000,0x00000000f23b8000,0x00000000f5800000)
  to   space 60928K, 0% used [0x00000000ee100000,0x00000000ee100000,0x00000000f1c80000)
 ParOldGen       total 223744K, used 154881K [0x00000000a0c00000, 0x00000000ae680000, 0x00000000e0400000)
  object space 223744K, 69% used [0x00000000a0c00000,0x00000000aa3407b8,0x00000000ae680000)
 Metaspace       used 17628K, capacity 17889K, committed 18048K, reserved 1064960K
  class space    used 1730K, capacity 1793K, committed 1920K, reserved 1048576K
Event: 6.194 GC heap after
Heap after GC invocations=16 (full 3):
 PSYoungGen      total 287232K, used 192K [0x00000000e0400000, 0x00000000f8600000, 0x0000000100000000)
  eden space 226304K, 0% used [0x00000000e0400000,0x00000000e0400000,0x00000000ee100000)
  from space 60928K, 0% used [0x00000000ee100000,0x00000000ee130000,0x00000000f1c80000)
  to   space 60928K, 0% used [0x00000000f4a80000,0x00000000f4a80000,0x00000000f8600000)
 ParOldGen       total 223744K, used 154889K [0x00000000a0c00000, 0x00000000ae680000, 0x00000000e0400000)
  object space 223744K, 69% used [0x00000000a0c00000,0x00000000aa3427b8,0x00000000ae680000)
 Metaspace       used 17628K, capacity 17889K, committed 18048K, reserved 1064960K
  class space    used 1730K, capacity 1793K, committed 1920K, reserved 1048576K
}
Event: 6.930 GC heap before
{Heap before GC invocations=17 (full 3):
 PSYoungGen      total 287232K, used 226022K [0x00000000e0400000, 0x00000000f8600000, 0x0000000100000000)
  eden space 226304K, 99% used [0x00000000e0400000,0x00000000ee0898b8,0x00000000ee100000)
  from space 60928K, 0% used [0x00000000ee100000,0x00000000ee130000,0x00000000f1c80000)
  to   space 60928K, 0% used [0x00000000f4a80000,0x00000000f4a80000,0x00000000f8600000)
 ParOldGen       total 223744K, used 154889K [0x00000000a0c00000, 0x00000000ae680000, 0x00000000e0400000)
  object space 223744K, 69% used [0x00000000a0c00000,0x00000000aa3427b8,0x00000000ae680000)
 Metaspace       used 17661K, capacity 17889K, committed 18048K, reserved 1064960K
  class space    used 1730K, capacity 1793K, committed 1920K, reserved 1048576K
Event: 6.935 GC heap after
Heap after GC invocations=17 (full 3):
 PSYoungGen      total 314880K, used 9108K [0x00000000e0400000, 0x00000000f7a00000, 0x0000000100000000)
  eden space 266240K, 0% used [0x00000000e0400000,0x00000000e0400000,0x00000000f0800000)
  from space 48640K, 18% used [0x00000000f4a80000,0x00000000f5365020,0x00000000f7a00000)
  to   space 58368K, 0% used [0x00000000f0800000,0x00000000f0800000,0x00000000f4100000)
 ParOldGen       total 223744K, used 154897K [0x00000000a0c00000, 0x00000000ae680000, 0x00000000e0400000)
  object space 223744K, 69% used [0x00000000a0c00000,0x00000000aa3447b8,0x00000000ae680000)
 Metaspace       used 17661K, capacity 17889K, committed 18048K, reserved 1064960K
  class space    used 1730K, capacity 1793K, committed 1920K, reserved 1048576K
}

