# JRE version: Java(TM) SE Runtime Environment (8.0_25-b18) (build 1.8.0_25-b18)
# Java VM: Java HotSpot(TM) 64-Bit Server VM (25.25-b02 mixed mode windows-amd64 compressed oops)
Heap:
 PSYoungGen      total 414208K, used 58917K [0x00000000e0400000, 0x00000000fad80000, 0x0000000100000000)
  eden space 393216K, 14% used [0x00000000e0400000,0x00000000e3d596c8,0x00000000f8400000)
  from space 20992K, 0% used [0x00000000f8400000,0x00000000f8430000,0x00000000f9880000)
  to   space 19968K, 0% used [0x00000000f9a00000,0x00000000f9a00000,0x00000000fad80000)
 ParOldGen       total 226816K, used 155239K [0x00000000a0c00000, 0x00000000ae980000, 0x00000000e0400000)
  object space 226816K, 68% used [0x00000000a0c00000,0x00000000aa399e00,0x00000000ae980000)
 Metaspace       used 17959K, capacity 18213K, committed 18560K, reserved 1067008K
  class space    used 1732K, capacity 1793K, committed 1920K, reserved 1048576K
GC Heap History (10 events):
Event: 18.839 GC heap before
{Heap before GC invocations=42 (full 3):
 PSYoungGen      total 410624K, used 394987K [0x00000000e0400000, 0x00000000fad00000, 0x0000000100000000)
  eden space 387072K, 99% used [0x00000000e0400000,0x00000000f7da1d78,0x00000000f7e00000)
  from space 23552K, 35% used [0x00000000f9600000,0x00000000f9e19010,0x00000000fad00000)
  to   space 24064K, 0% used [0x00000000f7e00000,0x00000000f7e00000,0x00000000f9580000)
 ParOldGen       total 226816K, used 155159K [0x00000000a0c00000, 0x00000000ae980000, 0x00000000e0400000)
  object space 226816K, 68% used [0x00000000a0c00000,0x00000000aa385e00,0x00000000ae980000)
 Metaspace       used 17922K, capacity 18213K, committed 18560K, reserved 1067008K
  class space    used 1721K, capacity 1793K, committed 1920K, reserved 1048576K
Event: 18.841 GC heap after
Heap after GC invocations=42 (full 3):
 PSYoungGen      total 411136K, used 9140K [0x00000000e0400000, 0x00000000fb000000, 0x0000000100000000)
  eden space 387072K, 0% used [0x00000000e0400000,0x00000000e0400000,0x00000000f7e00000)
  from space 24064K, 37% used [0x00000000f7e00000,0x00000000f86ed020,0x00000000f9580000)
  to   space 23552K, 0% used [0x00000000f9900000,0x00000000f9900000,0x00000000fb000000)
 ParOldGen       total 226816K, used 155191K [0x00000000a0c00000, 0x00000000ae980000, 0x00000000e0400000)
  object space 226816K, 68% used [0x00000000a0c00000,0x00000000aa38de00,0x00000000ae980000)
 Metaspace       used 17922K, capacity 18213K, committed 18560K, reserved 1067008K
  class space    used 1721K, capacity 1793K, committed 1920K, reserved 1048576K
}
Event: 19.459 GC heap before
{Heap before GC invocations=43 (full 3):
 PSYoungGen      total 411136K, used 396212K [0x00000000e0400000, 0x00000000fb000000, 0x0000000100000000)
  eden space 387072K, 100% used [0x00000000e0400000,0x00000000f7e00000,0x00000000f7e00000)
  from space 24064K, 37% used [0x00000000f7e00000,0x00000000f86ed020,0x00000000f9580000)
  to   space 23552K, 0% used [0x00000000f9900000,0x00000000f9900000,0x00000000fb000000)
 ParOldGen       total 226816K, used 155191K [0x00000000a0c00000, 0x00000000ae980000, 0x00000000e0400000)
  object space 226816K, 68% used [0x00000000a0c00000,0x00000000aa38de00,0x00000000ae980000)
 Metaspace       used 17922K, capacity 18213K, committed 18560K, reserved 1067008K
  class space    used 1721K, capacity 1793K, committed 1920K, reserved 1048576K
Event: 19.460 GC heap after
Heap after GC invocations=43 (full 3):
 PSYoungGen      total 412672K, used 224K [0x00000000e0400000, 0x00000000fae80000, 0x0000000100000000)
  eden space 390656K, 0% used [0x00000000e0400000,0x00000000e0400000,0x00000000f8180000)
  from space 22016K, 1% used [0x00000000f9900000,0x00000000f9938000,0x00000000fae80000)
  to   space 23040K, 0% used [0x00000000f8180000,0x00000000f8180000,0x00000000f9800000)
 ParOldGen       total 226816K, used 155231K [0x00000000a0c00000, 0x00000000ae980000, 0x00000000e0400000)
  object space 226816K, 68% used [0x00000000a0c00000,0x00000000aa397e00,0x00000000ae980000)
 Metaspace       used 17922K, capacity 18213K, committed 18560K, reserved 1067008K
  class space    used 1721K, capacity 1793K, committed 1920K, reserved 1048576K
}
Event: 20.081 GC heap before
{Heap before GC invocations=44 (full 3):
 PSYoungGen      total 412672K, used 390880K [0x00000000e0400000, 0x00000000fae80000, 0x0000000100000000)
  eden space 390656K, 100% used [0x00000000e0400000,0x00000000f8180000,0x00000000f8180000)
  from space 22016K, 1% used [0x00000000f9900000,0x00000000f9938000,0x00000000fae80000)
  to   space 23040K, 0% used [0x00000000f8180000,0x00000000f8180000,0x00000000f9800000)
 ParOldGen       total 226816K, used 155231K [0x00000000a0c00000, 0x00000000ae980000, 0x00000000e0400000)
  object space 226816K, 68% used [0x00000000a0c00000,0x00000000aa397e00,0x00000000ae980000)
 Metaspace       used 17922K, capacity 18213K, committed 18560K, reserved 1067008K
  class space    used 1721K, capacity 1793K, committed 1920K, reserved 1048576K
Event: 20.082 GC heap after
Heap after GC invocations=44 (full 3):
 PSYoungGen      total 413696K, used 224K [0x00000000e0400000, 0x00000000faf00000, 0x0000000100000000)
  eden space 390656K, 0% used [0x00000000e0400000,0x00000000e0400000,0x00000000f8180000)
  from space 23040K, 0% used [0x00000000f8180000,0x00000000f81b8000,0x00000000f9800000)
  to   space 22016K, 0% used [0x00000000f9980000,0x00000000f9980000,0x00000000faf00000)
 ParOldGen       total 226816K, used 155231K [0x00000000a0c00000, 0x00000000ae980000, 0x00000000e0400000)
  object space 226816K, 68% used [0x00000000a0c00000,0x00000000aa397e00,0x00000000ae980000)
 Metaspace       used 17922K, capacity 18213K, committed 18560K, reserved 1067008K
  class space    used 1721K, capacity 1793K, committed 1920K, reserved 1048576K
}
Event: 20.685 GC heap before
{Heap before GC invocations=45 (full 3):
 PSYoungGen      total 413696K, used 390880K [0x00000000e0400000, 0x00000000faf00000, 0x0000000100000000)
  eden space 390656K, 100% used [0x00000000e0400000,0x00000000f8180000,0x00000000f8180000)
  from space 23040K, 0% used [0x00000000f8180000,0x00000000f81b8000,0x00000000f9800000)
  to   space 22016K, 0% used [0x00000000f9980000,0x00000000f9980000,0x00000000faf00000)
 ParOldGen       total 226816K, used 155231K [0x00000000a0c00000, 0x00000000ae980000, 0x00000000e0400000)
  object space 226816K, 68% used [0x00000000a0c00000,0x00000000aa397e00,0x00000000ae980000)
 Metaspace       used 17924K, capacity 18213K, committed 18560K, reserved 1067008K
  class space    used 1721K, capacity 1793K, committed 1920K, reserved 1048576K
Event: 20.686 GC heap after
Heap after GC invocations=45 (full 3):
 PSYoungGen      total 413184K, used 192K [0x00000000e0400000, 0x00000000fad00000, 0x0000000100000000)
  eden space 393216K, 0% used [0x00000000e0400000,0x00000000e0400000,0x00000000f8400000)
  from space 19968K, 0% used [0x00000000f9980000,0x00000000f99b0000,0x00000000fad00000)
  to   space 20992K, 0% used [0x00000000f8400000,0x00000000f8400000,0x00000000f9880000)
 ParOldGen       total 226816K, used 155231K [0x00000000a0c00000, 0x00000000ae980000, 0x00000000e0400000)
  object space 226816K, 68% used [0x00000000a0c00000,0x00000000aa397e00,0x00000000ae980000)
 Metaspace       used 17924K, capacity 18213K, committed 18560K, reserved 1067008K
  class space    used 1721K, capacity 1793K, committed 1920K, reserved 1048576K
}
Event: 21.303 GC heap before
{Heap before GC invocations=46 (full 3):
 PSYoungGen      total 413184K, used 393408K [0x00000000e0400000, 0x00000000fad00000, 0x0000000100000000)
  eden space 393216K, 100% used [0x00000000e0400000,0x00000000f8400000,0x00000000f8400000)
  from space 19968K, 0% used [0x00000000f9980000,0x00000000f99b0000,0x00000000fad00000)
  to   space 20992K, 0% used [0x00000000f8400000,0x00000000f8400000,0x00000000f9880000)
 ParOldGen       total 226816K, used 155231K [0x00000000a0c00000, 0x00000000ae980000, 0x00000000e0400000)
  object space 226816K, 68% used [0x00000000a0c00000,0x00000000aa397e00,0x00000000ae980000)
 Metaspace       used 17924K, capacity 18213K, committed 18560K, reserved 1067008K
  class space    used 1721K, capacity 1793K, committed 1920K, reserved 1048576K
Event: 21.304 GC heap after
Heap after GC invocations=46 (full 3):
 PSYoungGen      total 414208K, used 192K [0x00000000e0400000, 0x00000000fad80000, 0x0000000100000000)
  eden space 393216K, 0% used [0x00000000e0400000,0x00000000e0400000,0x00000000f8400000)
  from space 20992K, 0% used [0x00000000f8400000,0x00000000f8430000,0x00000000f9880000)
  to   space 19968K, 0% used [0x00000000f9a00000,0x00000000f9a00000,0x00000000fad80000)
 ParOldGen       total 226816K, used 155239K [0x00000000a0c00000, 0x00000000ae980000, 0x00000000e0400000)
  object space 226816K, 68% used [0x00000000a0c00000,0x00000000aa399e00,0x00000000ae980000)
 Metaspace       used 17924K, capacity 18213K, committed 18560K, reserved 1067008K
  class space    used 1721K, capacity 1793K, committed 1920K, reserved 1048576K
}

