# JRE version: Java(TM) SE Runtime Environment (8.0_31-b13) (build 1.8.0_31-b13)
# Java VM: Java HotSpot(TM) 64-Bit Server VM (25.31-b07 mixed mode windows-amd64 compressed oops)
Heap:
 PSYoungGen      total 623616K, used 317221K [0x000000076b300000, 0x000000079b380000, 0x00000007c0000000)
  eden space 551424K, 57% used [0x000000076b300000,0x000000077e8b1780,0x000000078cd80000)
  from space 72192K, 0% used [0x000000078cd80000,0x000000078cd98000,0x0000000791400000)
  to   space 70144K, 0% used [0x0000000796f00000,0x0000000796f00000,0x000000079b380000)
 ParOldGen       total 302592K, used 164593K [0x00000006c1800000, 0x00000006d3f80000, 0x000000076b300000)
  object space 302592K, 54% used [0x00000006c1800000,0x00000006cb8bc700,0x00000006d3f80000)
 Metaspace       used 17739K, capacity 17971K, committed 18304K, reserved 1064960K
  class space    used 1728K, capacity 1794K, committed 1920K, reserved 1048576K
GC Heap History (10 events):
Event: 5.956 GC heap before
{Heap before GC invocations=10 (full 1):
 PSYoungGen      total 418816K, used 362852K [0x000000076b300000, 0x000000078a600000, 0x00000007c0000000)
  eden space 355328K, 99% used [0x000000076b300000,0x0000000780b855f8,0x0000000780e00000)
  from space 63488K, 15% used [0x0000000786800000,0x00000007871d3b90,0x000000078a600000)
  to   space 77824K, 0% used [0x0000000780e00000,0x0000000780e00000,0x0000000785a00000)
 ParOldGen       total 302592K, used 154590K [0x00000006c1800000, 0x00000006d3f80000, 0x000000076b300000)
  object space 302592K, 51% used [0x00000006c1800000,0x00000006caef79b0,0x00000006d3f80000)
 Metaspace       used 17610K, capacity 17835K, committed 18048K, reserved 1064960K
  class space    used 1717K, capacity 1794K, committed 1920K, reserved 1048576K
Event: 5.962 GC heap after
Heap after GC invocations=10 (full 1):
 PSYoungGen      total 433152K, used 9284K [0x000000076b300000, 0x0000000791100000, 0x00000007c0000000)
  eden space 355328K, 0% used [0x000000076b300000,0x000000076b300000,0x0000000780e00000)
  from space 77824K, 11% used [0x0000000780e00000,0x0000000781711050,0x0000000785a00000)
  to   space 75776K, 0% used [0x000000078c700000,0x000000078c700000,0x0000000791100000)
 ParOldGen       total 302592K, used 155373K [0x00000006c1800000, 0x00000006d3f80000, 0x000000076b300000)
  object space 302592K, 51% used [0x00000006c1800000,0x00000006cafbb610,0x00000006d3f80000)
 Metaspace       used 17610K, capacity 17835K, committed 18048K, reserved 1064960K
  class space    used 1717K, capacity 1794K, committed 1920K, reserved 1048576K
}
Event: 6.523 GC heap before
{Heap before GC invocations=11 (full 1):
 PSYoungGen      total 433152K, used 364612K [0x000000076b300000, 0x0000000791100000, 0x00000007c0000000)
  eden space 355328K, 100% used [0x000000076b300000,0x0000000780e00000,0x0000000780e00000)
  from space 77824K, 11% used [0x0000000780e00000,0x0000000781711050,0x0000000785a00000)
  to   space 75776K, 0% used [0x000000078c700000,0x000000078c700000,0x0000000791100000)
 ParOldGen       total 302592K, used 155373K [0x00000006c1800000, 0x00000006d3f80000, 0x000000076b300000)
  object space 302592K, 51% used [0x00000006c1800000,0x00000006cafbb610,0x00000006d3f80000)
 Metaspace       used 17628K, capacity 17899K, committed 18048K, reserved 1064960K
  class space    used 1717K, capacity 1794K, committed 1920K, reserved 1048576K
Event: 6.528 GC heap after
Heap after GC invocations=11 (full 1):
 PSYoungGen      total 519168K, used 128K [0x000000076b300000, 0x0000000790400000, 0x00000007c0000000)
  eden space 456704K, 0% used [0x000000076b300000,0x000000076b300000,0x0000000787100000)
  from space 62464K, 0% used [0x000000078c700000,0x000000078c720000,0x0000000790400000)
  to   space 75264K, 0% used [0x0000000787100000,0x0000000787100000,0x000000078ba80000)
 ParOldGen       total 302592K, used 164585K [0x00000006c1800000, 0x00000006d3f80000, 0x000000076b300000)
  object space 302592K, 54% used [0x00000006c1800000,0x00000006cb8ba700,0x00000006d3f80000)
 Metaspace       used 17628K, capacity 17899K, committed 18048K, reserved 1064960K
  class space    used 1717K, capacity 1794K, committed 1920K, reserved 1048576K
}
Event: 7.250 GC heap before
{Heap before GC invocations=12 (full 1):
 PSYoungGen      total 519168K, used 456832K [0x000000076b300000, 0x0000000790400000, 0x00000007c0000000)
  eden space 456704K, 100% used [0x000000076b300000,0x0000000787100000,0x0000000787100000)
  from space 62464K, 0% used [0x000000078c700000,0x000000078c720000,0x0000000790400000)
  to   space 75264K, 0% used [0x0000000787100000,0x0000000787100000,0x000000078ba80000)
 ParOldGen       total 302592K, used 164585K [0x00000006c1800000, 0x00000006d3f80000, 0x000000076b300000)
  object space 302592K, 54% used [0x00000006c1800000,0x00000006cb8ba700,0x00000006d3f80000)
 Metaspace       used 17636K, capacity 17899K, committed 18048K, reserved 1064960K
  class space    used 1717K, capacity 1794K, committed 1920K, reserved 1048576K
Event: 7.252 GC heap after
Heap after GC invocations=12 (full 1):
 PSYoungGen      total 531968K, used 64K [0x000000076b300000, 0x0000000796f00000, 0x00000007c0000000)
  eden space 456704K, 0% used [0x000000076b300000,0x000000076b300000,0x0000000787100000)
  from space 75264K, 0% used [0x0000000787100000,0x0000000787110000,0x000000078ba80000)
  to   space 74240K, 0% used [0x0000000792680000,0x0000000792680000,0x0000000796f00000)
 ParOldGen       total 302592K, used 164585K [0x00000006c1800000, 0x00000006d3f80000, 0x000000076b300000)
  object space 302592K, 54% used [0x00000006c1800000,0x00000006cb8ba700,0x00000006d3f80000)
 Metaspace       used 17636K, capacity 17899K, committed 18048K, reserved 1064960K
  class space    used 1717K, capacity 1794K, committed 1920K, reserved 1048576K
}
Event: 7.985 GC heap before
{Heap before GC invocations=13 (full 1):
 PSYoungGen      total 531968K, used 456768K [0x000000076b300000, 0x0000000796f00000, 0x00000007c0000000)
  eden space 456704K, 100% used [0x000000076b300000,0x0000000787100000,0x0000000787100000)
  from space 75264K, 0% used [0x0000000787100000,0x0000000787110000,0x000000078ba80000)
  to   space 74240K, 0% used [0x0000000792680000,0x0000000792680000,0x0000000796f00000)
 ParOldGen       total 302592K, used 164585K [0x00000006c1800000, 0x00000006d3f80000, 0x000000076b300000)
  object space 302592K, 54% used [0x00000006c1800000,0x00000006cb8ba700,0x00000006d3f80000)
 Metaspace       used 17646K, capacity 17899K, committed 18048K, reserved 1064960K
  class space    used 1717K, capacity 1794K, committed 1920K, reserved 1048576K
Event: 7.987 GC heap after
Heap after GC invocations=13 (full 1):
 PSYoungGen      total 604672K, used 192K [0x000000076b300000, 0x0000000795a80000, 0x00000007c0000000)
  eden space 551424K, 0% used [0x000000076b300000,0x000000076b300000,0x000000078cd80000)
  from space 53248K, 0% used [0x0000000792680000,0x00000007926b0000,0x0000000795a80000)
  to   space 72192K, 0% used [0x000000078cd80000,0x000000078cd80000,0x0000000791400000)
 ParOldGen       total 302592K, used 164585K [0x00000006c1800000, 0x00000006d3f80000, 0x000000076b300000)
  object space 302592K, 54% used [0x00000006c1800000,0x00000006cb8ba700,0x00000006d3f80000)
 Metaspace       used 17646K, capacity 17899K, committed 18048K, reserved 1064960K
  class space    used 1717K, capacity 1794K, committed 1920K, reserved 1048576K
}
Event: 8.857 GC heap before
{Heap before GC invocations=14 (full 1):
 PSYoungGen      total 604672K, used 548057K [0x000000076b300000, 0x0000000795a80000, 0x00000007c0000000)
  eden space 551424K, 99% used [0x000000076b300000,0x000000078ca06518,0x000000078cd80000)
  from space 53248K, 0% used [0x0000000792680000,0x00000007926b0000,0x0000000795a80000)
  to   space 72192K, 0% used [0x000000078cd80000,0x000000078cd80000,0x0000000791400000)
 ParOldGen       total 302592K, used 164585K [0x00000006c1800000, 0x00000006d3f80000, 0x000000076b300000)
  object space 302592K, 54% used [0x00000006c1800000,0x00000006cb8ba700,0x00000006d3f80000)
 Metaspace       used 17691K, capacity 17963K, committed 18304K, reserved 1064960K
  class space    used 1717K, capacity 1794K, committed 1920K, reserved 1048576K
Event: 8.859 GC heap after
Heap after GC invocations=14 (full 1):
 PSYoungGen      total 623616K, used 96K [0x000000076b300000, 0x000000079b380000, 0x00000007c0000000)
  eden space 551424K, 0% used [0x000000076b300000,0x000000076b300000,0x000000078cd80000)
  from space 72192K, 0% used [0x000000078cd80000,0x000000078cd98000,0x0000000791400000)
  to   space 70144K, 0% used [0x0000000796f00000,0x0000000796f00000,0x000000079b380000)
 ParOldGen       total 302592K, used 164593K [0x00000006c1800000, 0x00000006d3f80000, 0x000000076b300000)
  object space 302592K, 54% used [0x00000006c1800000,0x00000006cb8bc700,0x00000006d3f80000)
 Metaspace       used 17691K, capacity 17963K, committed 18304K, reserved 1064960K
  class space    used 1717K, capacity 1794K, committed 1920K, reserved 1048576K
}

