# JRE version: Java(TM) SE Runtime Environment (8.0_25-b18) (build 1.8.0_25-b18)
# Java VM: Java HotSpot(TM) 64-Bit Server VM (25.25-b02 mixed mode windows-amd64 compressed oops)
Heap:
 PSYoungGen      total 518656K, used 399156K [0x00000000e0400000, 0x0000000100000000, 0x0000000100000000)
  eden space 518144K, 76% used [0x00000000e0400000,0x00000000f894d2c8,0x00000000ffe00000)
  from space 512K, 100% used [0x00000000fff80000,0x0000000100000000,0x0000000100000000)
  to   space 1024K, 0% used [0x00000000ffe00000,0x00000000ffe00000,0x00000000fff00000)
 ParOldGen       total 241664K, used 204907K [0x00000000a0c00000, 0x00000000af800000, 0x00000000e0400000)
  object space 241664K, 84% used [0x00000000a0c00000,0x00000000ad41aea0,0x00000000af800000)
 Metaspace       used 18445K, capacity 18665K, committed 18816K, reserved 1067008K
  class space    used 1757K, capacity 1793K, committed 1920K, reserved 1048576K
GC Heap History (10 events):
Event: 78.945 GC heap before
{Heap before GC invocations=132 (full 4):
 PSYoungGen      total 519168K, used 514815K [0x00000000e0400000, 0x0000000100000000, 0x0000000100000000)
  eden space 518656K, 99% used [0x00000000e0400000,0x00000000ffa97ce0,0x00000000ffe80000)
  from space 512K, 31% used [0x00000000ffe80000,0x00000000ffea8000,0x00000000fff00000)
  to   space 512K, 0% used [0x00000000fff80000,0x00000000fff80000,0x0000000100000000)
 ParOldGen       total 241664K, used 196616K [0x00000000a0c00000, 0x00000000af800000, 0x00000000e0400000)
  object space 241664K, 81% used [0x00000000a0c00000,0x00000000acc020a0,0x00000000af800000)
 Metaspace       used 17960K, capacity 18185K, committed 18432K, reserved 1067008K
  class space    used 1706K, capacity 1761K, committed 1792K, reserved 1048576K
Event: 78.947 GC heap after
Heap after GC invocations=132 (full 4):
 PSYoungGen      total 519680K, used 128K [0x00000000e0400000, 0x0000000100000000, 0x0000000100000000)
  eden space 519168K, 0% used [0x00000000e0400000,0x00000000e0400000,0x00000000fff00000)
  from space 512K, 25% used [0x00000000fff80000,0x00000000fffa0000,0x0000000100000000)
  to   space 512K, 0% used [0x00000000fff00000,0x00000000fff00000,0x00000000fff80000)
 ParOldGen       total 241664K, used 196616K [0x00000000a0c00000, 0x00000000af800000, 0x00000000e0400000)
  object space 241664K, 81% used [0x00000000a0c00000,0x00000000acc020a0,0x00000000af800000)
 Metaspace       used 17960K, capacity 18185K, committed 18432K, reserved 1067008K
  class space    used 1706K, capacity 1761K, committed 1792K, reserved 1048576K
}
Event: 79.641 GC heap before
{Heap before GC invocations=133 (full 4):
 PSYoungGen      total 519680K, used 519296K [0x00000000e0400000, 0x0000000100000000, 0x0000000100000000)
  eden space 519168K, 100% used [0x00000000e0400000,0x00000000fff00000,0x00000000fff00000)
  from space 512K, 25% used [0x00000000fff80000,0x00000000fffa0000,0x0000000100000000)
  to   space 512K, 0% used [0x00000000fff00000,0x00000000fff00000,0x00000000fff80000)
 ParOldGen       total 241664K, used 196616K [0x00000000a0c00000, 0x00000000af800000, 0x00000000e0400000)
  object space 241664K, 81% used [0x00000000a0c00000,0x00000000acc020a0,0x00000000af800000)
 Metaspace       used 17960K, capacity 18185K, committed 18432K, reserved 1067008K
  class space    used 1706K, capacity 1761K, committed 1792K, reserved 1048576K
Event: 79.643 GC heap after
Heap after GC invocations=133 (full 4):
 PSYoungGen      total 519680K, used 128K [0x00000000e0400000, 0x0000000100000000, 0x0000000100000000)
  eden space 519168K, 0% used [0x00000000e0400000,0x00000000e0400000,0x00000000fff00000)
  from space 512K, 25% used [0x00000000fff00000,0x00000000fff20000,0x00000000fff80000)
  to   space 512K, 0% used [0x00000000fff80000,0x00000000fff80000,0x0000000100000000)
 ParOldGen       total 241664K, used 196616K [0x00000000a0c00000, 0x00000000af800000, 0x00000000e0400000)
  object space 241664K, 81% used [0x00000000a0c00000,0x00000000acc020a0,0x00000000af800000)
 Metaspace       used 17960K, capacity 18185K, committed 18432K, reserved 1067008K
  class space    used 1706K, capacity 1761K, committed 1792K, reserved 1048576K
}
Event: 80.350 GC heap before
{Heap before GC invocations=134 (full 4):
 PSYoungGen      total 519680K, used 519296K [0x00000000e0400000, 0x0000000100000000, 0x0000000100000000)
  eden space 519168K, 100% used [0x00000000e0400000,0x00000000fff00000,0x00000000fff00000)
  from space 512K, 25% used [0x00000000fff00000,0x00000000fff20000,0x00000000fff80000)
  to   space 512K, 0% used [0x00000000fff80000,0x00000000fff80000,0x0000000100000000)
 ParOldGen       total 241664K, used 196616K [0x00000000a0c00000, 0x00000000af800000, 0x00000000e0400000)
  object space 241664K, 81% used [0x00000000a0c00000,0x00000000acc020a0,0x00000000af800000)
 Metaspace       used 17960K, capacity 18185K, committed 18432K, reserved 1067008K
  class space    used 1706K, capacity 1761K, committed 1792K, reserved 1048576K
Event: 80.352 GC heap after
Heap after GC invocations=134 (full 4):
 PSYoungGen      total 519680K, used 128K [0x00000000e0400000, 0x0000000100000000, 0x0000000100000000)
  eden space 519168K, 0% used [0x00000000e0400000,0x00000000e0400000,0x00000000fff00000)
  from space 512K, 25% used [0x00000000fff80000,0x00000000fffa0000,0x0000000100000000)
  to   space 512K, 0% used [0x00000000fff00000,0x00000000fff00000,0x00000000fff80000)
 ParOldGen       total 241664K, used 204716K [0x00000000a0c00000, 0x00000000af800000, 0x00000000e0400000)
  object space 241664K, 84% used [0x00000000a0c00000,0x00000000ad3eb0b0,0x00000000af800000)
 Metaspace       used 17960K, capacity 18185K, committed 18432K, reserved 1067008K
  class space    used 1706K, capacity 1761K, committed 1792K, reserved 1048576K
}
Event: 81.011 GC heap before
{Heap before GC invocations=135 (full 4):
 PSYoungGen      total 519680K, used 515981K [0x00000000e0400000, 0x0000000100000000, 0x0000000100000000)
  eden space 519168K, 99% used [0x00000000e0400000,0x00000000ffbc34b8,0x00000000fff00000)
  from space 512K, 25% used [0x00000000fff80000,0x00000000fffa0000,0x0000000100000000)
  to   space 512K, 0% used [0x00000000fff00000,0x00000000fff00000,0x00000000fff80000)
 ParOldGen       total 241664K, used 204716K [0x00000000a0c00000, 0x00000000af800000, 0x00000000e0400000)
  object space 241664K, 84% used [0x00000000a0c00000,0x00000000ad3eb0b0,0x00000000af800000)
 Metaspace       used 17960K, capacity 18185K, committed 18432K, reserved 1067008K
  class space    used 1706K, capacity 1761K, committed 1792K, reserved 1048576K
Event: 81.012 GC heap after
Heap after GC invocations=135 (full 4):
 PSYoungGen      total 519680K, used 160K [0x00000000e0400000, 0x0000000100000000, 0x0000000100000000)
  eden space 519168K, 0% used [0x00000000e0400000,0x00000000e0400000,0x00000000fff00000)
  from space 512K, 31% used [0x00000000fff00000,0x00000000fff28000,0x00000000fff80000)
  to   space 512K, 0% used [0x00000000fff80000,0x00000000fff80000,0x0000000100000000)
 ParOldGen       total 241664K, used 204716K [0x00000000a0c00000, 0x00000000af800000, 0x00000000e0400000)
  object space 241664K, 84% used [0x00000000a0c00000,0x00000000ad3eb0b0,0x00000000af800000)
 Metaspace       used 17960K, capacity 18185K, committed 18432K, reserved 1067008K
  class space    used 1706K, capacity 1761K, committed 1792K, reserved 1048576K
}
Event: 82.331 GC heap before
{Heap before GC invocations=136 (full 4):
 PSYoungGen      total 519680K, used 519328K [0x00000000e0400000, 0x0000000100000000, 0x0000000100000000)
  eden space 519168K, 100% used [0x00000000e0400000,0x00000000fff00000,0x00000000fff00000)
  from space 512K, 31% used [0x00000000fff00000,0x00000000fff28000,0x00000000fff80000)
  to   space 512K, 0% used [0x00000000fff80000,0x00000000fff80000,0x0000000100000000)
 ParOldGen       total 241664K, used 204716K [0x00000000a0c00000, 0x00000000af800000, 0x00000000e0400000)
  object space 241664K, 84% used [0x00000000a0c00000,0x00000000ad3eb0b0,0x00000000af800000)
 Metaspace       used 18423K, capacity 18665K, committed 18816K, reserved 1067008K
  class space    used 1757K, capacity 1793K, committed 1920K, reserved 1048576K
Event: 82.332 GC heap after
Heap after GC invocations=136 (full 4):
 PSYoungGen      total 518656K, used 512K [0x00000000e0400000, 0x0000000100000000, 0x0000000100000000)
  eden space 518144K, 0% used [0x00000000e0400000,0x00000000e0400000,0x00000000ffe00000)
  from space 512K, 100% used [0x00000000fff80000,0x0000000100000000,0x0000000100000000)
  to   space 1024K, 0% used [0x00000000ffe00000,0x00000000ffe00000,0x00000000fff00000)
 ParOldGen       total 241664K, used 204907K [0x00000000a0c00000, 0x00000000af800000, 0x00000000e0400000)
  object space 241664K, 84% used [0x00000000a0c00000,0x00000000ad41aea0,0x00000000af800000)
 Metaspace       used 18423K, capacity 18665K, committed 18816K, reserved 1067008K
  class space    used 1757K, capacity 1793K, committed 1920K, reserved 1048576K
}

