# JRE version: Java(TM) SE Runtime Environment (8.0_25-b18) (build 1.8.0_25-b18)
# Java VM: Java HotSpot(TM) 64-Bit Server VM (25.25-b02 mixed mode windows-amd64 compressed oops)
Heap:
 PSYoungGen      total 400896K, used 57344K [0x00000000e0400000, 0x00000000fb600000, 0x0000000100000000)
  eden space 365568K, 15% used [0x00000000e0400000,0x00000000e3bd0018,0x00000000f6900000)
  from space 35328K, 0% used [0x00000000f9380000,0x00000000f93b0000,0x00000000fb600000)
  to   space 39424K, 0% used [0x00000000f6900000,0x00000000f6900000,0x00000000f8f80000)
 ParOldGen       total 222208K, used 154948K [0x00000000a0c00000, 0x00000000ae500000, 0x00000000e0400000)
  object space 222208K, 69% used [0x00000000a0c00000,0x00000000aa351198,0x00000000ae500000)
 Metaspace       used 17941K, capacity 18153K, committed 18304K, reserved 1064960K
  class space    used 1734K, capacity 1793K, committed 1920K, reserved 1048576K
GC Heap History (10 events):
Event: 16.222 GC heap before
{Heap before GC invocations=23 (full 3):
 PSYoungGen      total 393216K, used 332237K [0x00000000e0400000, 0x00000000fc480000, 0x0000000100000000)
  eden space 338432K, 98% used [0x00000000e0400000,0x00000000f48436b0,0x00000000f4e80000)
  from space 54784K, 0% used [0x00000000f4e80000,0x00000000f4eb0000,0x00000000f8400000)
  to   space 52736K, 0% used [0x00000000f9100000,0x00000000f9100000,0x00000000fc480000)
 ParOldGen       total 222208K, used 154908K [0x00000000a0c00000, 0x00000000ae500000, 0x00000000e0400000)
  object space 222208K, 69% used [0x00000000a0c00000,0x00000000aa347198,0x00000000ae500000)
 Metaspace       used 17878K, capacity 18153K, committed 18304K, reserved 1064960K
  class space    used 1723K, capacity 1793K, committed 1920K, reserved 1048576K
Event: 16.224 GC heap after
Heap after GC invocations=23 (full 3):
 PSYoungGen      total 395264K, used 224K [0x00000000e0400000, 0x00000000fbc80000, 0x0000000100000000)
  eden space 350720K, 0% used [0x00000000e0400000,0x00000000e0400000,0x00000000f5a80000)
  from space 44544K, 0% used [0x00000000f9100000,0x00000000f9138000,0x00000000fbc80000)
  to   space 50176K, 0% used [0x00000000f5a80000,0x00000000f5a80000,0x00000000f8b80000)
 ParOldGen       total 222208K, used 154916K [0x00000000a0c00000, 0x00000000ae500000, 0x00000000e0400000)
  object space 222208K, 69% used [0x00000000a0c00000,0x00000000aa349198,0x00000000ae500000)
 Metaspace       used 17878K, capacity 18153K, committed 18304K, reserved 1064960K
  class space    used 1723K, capacity 1793K, committed 1920K, reserved 1048576K
}
Event: 17.490 GC heap before
{Heap before GC invocations=24 (full 3):
 PSYoungGen      total 395264K, used 346097K [0x00000000e0400000, 0x00000000fbc80000, 0x0000000100000000)
  eden space 350720K, 98% used [0x00000000e0400000,0x00000000f55c4738,0x00000000f5a80000)
  from space 44544K, 0% used [0x00000000f9100000,0x00000000f9138000,0x00000000fbc80000)
  to   space 50176K, 0% used [0x00000000f5a80000,0x00000000f5a80000,0x00000000f8b80000)
 ParOldGen       total 222208K, used 154916K [0x00000000a0c00000, 0x00000000ae500000, 0x00000000e0400000)
  object space 222208K, 69% used [0x00000000a0c00000,0x00000000aa349198,0x00000000ae500000)
 Metaspace       used 17902K, capacity 18153K, committed 18304K, reserved 1064960K
  class space    used 1723K, capacity 1793K, committed 1920K, reserved 1048576K
Event: 17.492 GC heap after
Heap after GC invocations=24 (full 3):
 PSYoungGen      total 400896K, used 192K [0x00000000e0400000, 0x00000000fc100000, 0x0000000100000000)
  eden space 350720K, 0% used [0x00000000e0400000,0x00000000e0400000,0x00000000f5a80000)
  from space 50176K, 0% used [0x00000000f5a80000,0x00000000f5ab0000,0x00000000f8b80000)
  to   space 47616K, 0% used [0x00000000f9280000,0x00000000f9280000,0x00000000fc100000)
 ParOldGen       total 222208K, used 154924K [0x00000000a0c00000, 0x00000000ae500000, 0x00000000e0400000)
  object space 222208K, 69% used [0x00000000a0c00000,0x00000000aa34b198,0x00000000ae500000)
 Metaspace       used 17902K, capacity 18153K, committed 18304K, reserved 1064960K
  class space    used 1723K, capacity 1793K, committed 1920K, reserved 1048576K
}
Event: 18.757 GC heap before
{Heap before GC invocations=25 (full 3):
 PSYoungGen      total 400896K, used 345014K [0x00000000e0400000, 0x00000000fc100000, 0x0000000100000000)
  eden space 350720K, 98% used [0x00000000e0400000,0x00000000f54bda20,0x00000000f5a80000)
  from space 50176K, 0% used [0x00000000f5a80000,0x00000000f5ab0000,0x00000000f8b80000)
  to   space 47616K, 0% used [0x00000000f9280000,0x00000000f9280000,0x00000000fc100000)
 ParOldGen       total 222208K, used 154924K [0x00000000a0c00000, 0x00000000ae500000, 0x00000000e0400000)
  object space 222208K, 69% used [0x00000000a0c00000,0x00000000aa34b198,0x00000000ae500000)
 Metaspace       used 17937K, capacity 18153K, committed 18304K, reserved 1064960K
  class space    used 1734K, capacity 1793K, committed 1920K, reserved 1048576K
Event: 18.759 GC heap after
Heap after GC invocations=25 (full 3):
 PSYoungGen      total 399872K, used 224K [0x00000000e0400000, 0x00000000fba80000, 0x0000000100000000)
  eden space 358912K, 0% used [0x00000000e0400000,0x00000000e0400000,0x00000000f6280000)
  from space 40960K, 0% used [0x00000000f9280000,0x00000000f92b8000,0x00000000fba80000)
  to   space 45056K, 0% used [0x00000000f6280000,0x00000000f6280000,0x00000000f8e80000)
 ParOldGen       total 222208K, used 154932K [0x00000000a0c00000, 0x00000000ae500000, 0x00000000e0400000)
  object space 222208K, 69% used [0x00000000a0c00000,0x00000000aa34d198,0x00000000ae500000)
 Metaspace       used 17937K, capacity 18153K, committed 18304K, reserved 1064960K
  class space    used 1734K, capacity 1793K, committed 1920K, reserved 1048576K
}
Event: 20.062 GC heap before
{Heap before GC invocations=26 (full 3):
 PSYoungGen      total 399872K, used 359105K [0x00000000e0400000, 0x00000000fba80000, 0x0000000100000000)
  eden space 358912K, 99% used [0x00000000e0400000,0x00000000f6278598,0x00000000f6280000)
  from space 40960K, 0% used [0x00000000f9280000,0x00000000f92b8000,0x00000000fba80000)
  to   space 45056K, 0% used [0x00000000f6280000,0x00000000f6280000,0x00000000f8e80000)
 ParOldGen       total 222208K, used 154932K [0x00000000a0c00000, 0x00000000ae500000, 0x00000000e0400000)
  object space 222208K, 69% used [0x00000000a0c00000,0x00000000aa34d198,0x00000000ae500000)
 Metaspace       used 17938K, capacity 18153K, committed 18304K, reserved 1064960K
  class space    used 1734K, capacity 1793K, committed 1920K, reserved 1048576K
Event: 20.069 GC heap after
Heap after GC invocations=26 (full 3):
 PSYoungGen      total 403968K, used 8324K [0x00000000e0400000, 0x00000000fbc80000, 0x0000000100000000)
  eden space 358912K, 0% used [0x00000000e0400000,0x00000000e0400000,0x00000000f6280000)
  from space 45056K, 18% used [0x00000000f6280000,0x00000000f6aa1010,0x00000000f8e80000)
  to   space 41984K, 0% used [0x00000000f9380000,0x00000000f9380000,0x00000000fbc80000)
 ParOldGen       total 222208K, used 154940K [0x00000000a0c00000, 0x00000000ae500000, 0x00000000e0400000)
  object space 222208K, 69% used [0x00000000a0c00000,0x00000000aa34f198,0x00000000ae500000)
 Metaspace       used 17938K, capacity 18153K, committed 18304K, reserved 1064960K
  class space    used 1734K, capacity 1793K, committed 1920K, reserved 1048576K
}
Event: 21.391 GC heap before
{Heap before GC invocations=27 (full 3):
 PSYoungGen      total 403968K, used 360483K [0x00000000e0400000, 0x00000000fbc80000, 0x0000000100000000)
  eden space 358912K, 98% used [0x00000000e0400000,0x00000000f5be7e70,0x00000000f6280000)
  from space 45056K, 18% used [0x00000000f6280000,0x00000000f6aa1010,0x00000000f8e80000)
  to   space 41984K, 0% used [0x00000000f9380000,0x00000000f9380000,0x00000000fbc80000)
 ParOldGen       total 222208K, used 154940K [0x00000000a0c00000, 0x00000000ae500000, 0x00000000e0400000)
  object space 222208K, 69% used [0x00000000a0c00000,0x00000000aa34f198,0x00000000ae500000)
 Metaspace       used 17940K, capacity 18153K, committed 18304K, reserved 1064960K
  class space    used 1734K, capacity 1793K, committed 1920K, reserved 1048576K
Event: 21.393 GC heap after
Heap after GC invocations=27 (full 3):
 PSYoungGen      total 400896K, used 192K [0x00000000e0400000, 0x00000000fb600000, 0x0000000100000000)
  eden space 365568K, 0% used [0x00000000e0400000,0x00000000e0400000,0x00000000f6900000)
  from space 35328K, 0% used [0x00000000f9380000,0x00000000f93b0000,0x00000000fb600000)
  to   space 39424K, 0% used [0x00000000f6900000,0x00000000f6900000,0x00000000f8f80000)
 ParOldGen       total 222208K, used 154948K [0x00000000a0c00000, 0x00000000ae500000, 0x00000000e0400000)
  object space 222208K, 69% used [0x00000000a0c00000,0x00000000aa351198,0x00000000ae500000)
 Metaspace       used 17940K, capacity 18153K, committed 18304K, reserved 1064960K
  class space    used 1734K, capacity 1793K, committed 1920K, reserved 1048576K
}

