# JRE version: Java(TM) SE Runtime Environment (8.0_25-b18) (build 1.8.0_25-b18)
# Java VM: Java HotSpot(TM) 64-Bit Server VM (25.25-b02 mixed mode windows-amd64 compressed oops)
Heap:
 PSYoungGen      total 331264K, used 180149K [0x00000000e0400000, 0x00000000f7b80000, 0x0000000100000000)
  eden space 287232K, 59% used [0x00000000e0400000,0x00000000eab085c0,0x00000000f1c80000)
  from space 44032K, 20% used [0x00000000f5080000,0x00000000f5965020,0x00000000f7b80000)
  to   space 48640K, 0% used [0x00000000f1c80000,0x00000000f1c80000,0x00000000f4c00000)
 ParOldGen       total 224768K, used 145913K [0x00000000a0c00000, 0x00000000ae780000, 0x00000000e0400000)
  object space 224768K, 64% used [0x00000000a0c00000,0x00000000a9a7e730,0x00000000ae780000)
 Metaspace       used 17619K, capacity 17821K, committed 18048K, reserved 1064960K
  class space    used 1732K, capacity 1793K, committed 1920K, reserved 1048576K
GC Heap History (10 events):
Event: 4.967 GC heap before
{Heap before GC invocations=17 (full 3):
 PSYoungGen      total 259072K, used 206804K [0x00000000e0400000, 0x00000000f6180000, 0x0000000100000000)
  eden space 197632K, 100% used [0x00000000e0400000,0x00000000ec500000,0x00000000ec500000)
  from space 61440K, 14% used [0x00000000ec500000,0x00000000ecdf5020,0x00000000f0100000)
  to   space 59392K, 0% used [0x00000000f2780000,0x00000000f2780000,0x00000000f6180000)
 ParOldGen       total 224768K, used 145881K [0x00000000a0c00000, 0x00000000ae780000, 0x00000000e0400000)
  object space 224768K, 64% used [0x00000000a0c00000,0x00000000a9a76730,0x00000000ae780000)
 Metaspace       used 17517K, capacity 17757K, committed 18048K, reserved 1064960K
  class space    used 1721K, capacity 1793K, committed 1920K, reserved 1048576K
Event: 4.974 GC heap after
Heap after GC invocations=17 (full 3):
 PSYoungGen      total 285184K, used 9140K [0x00000000e0400000, 0x00000000f5900000, 0x0000000100000000)
  eden space 234496K, 0% used [0x00000000e0400000,0x00000000e0400000,0x00000000ee900000)
  from space 50688K, 18% used [0x00000000f2780000,0x00000000f306d020,0x00000000f5900000)
  to   space 57344K, 0% used [0x00000000ee900000,0x00000000ee900000,0x00000000f2100000)
 ParOldGen       total 224768K, used 145889K [0x00000000a0c00000, 0x00000000ae780000, 0x00000000e0400000)
  object space 224768K, 64% used [0x00000000a0c00000,0x00000000a9a78730,0x00000000ae780000)
 Metaspace       used 17517K, capacity 17757K, committed 18048K, reserved 1064960K
  class space    used 1721K, capacity 1793K, committed 1920K, reserved 1048576K
}
Event: 5.367 GC heap before
{Heap before GC invocations=18 (full 3):
 PSYoungGen      total 285184K, used 243636K [0x00000000e0400000, 0x00000000f5900000, 0x0000000100000000)
  eden space 234496K, 100% used [0x00000000e0400000,0x00000000ee900000,0x00000000ee900000)
  from space 50688K, 18% used [0x00000000f2780000,0x00000000f306d020,0x00000000f5900000)
  to   space 57344K, 0% used [0x00000000ee900000,0x00000000ee900000,0x00000000f2100000)
 ParOldGen       total 224768K, used 145889K [0x00000000a0c00000, 0x00000000ae780000, 0x00000000e0400000)
  object space 224768K, 64% used [0x00000000a0c00000,0x00000000a9a78730,0x00000000ae780000)
 Metaspace       used 17534K, capacity 17757K, committed 18048K, reserved 1064960K
  class space    used 1721K, capacity 1793K, committed 1920K, reserved 1048576K
Event: 5.372 GC heap after
Heap after GC invocations=18 (full 3):
 PSYoungGen      total 291840K, used 9076K [0x00000000e0400000, 0x00000000f7a00000, 0x0000000100000000)
  eden space 234496K, 0% used [0x00000000e0400000,0x00000000e0400000,0x00000000ee900000)
  from space 57344K, 15% used [0x00000000ee900000,0x00000000ef1dd020,0x00000000f2100000)
  to   space 55808K, 0% used [0x00000000f4380000,0x00000000f4380000,0x00000000f7a00000)
 ParOldGen       total 224768K, used 145897K [0x00000000a0c00000, 0x00000000ae780000, 0x00000000e0400000)
  object space 224768K, 64% used [0x00000000a0c00000,0x00000000a9a7a730,0x00000000ae780000)
 Metaspace       used 17534K, capacity 17757K, committed 18048K, reserved 1064960K
  class space    used 1721K, capacity 1793K, committed 1920K, reserved 1048576K
}
Event: 5.722 GC heap before
{Heap before GC invocations=19 (full 3):
 PSYoungGen      total 291840K, used 243572K [0x00000000e0400000, 0x00000000f7a00000, 0x0000000100000000)
  eden space 234496K, 100% used [0x00000000e0400000,0x00000000ee900000,0x00000000ee900000)
  from space 57344K, 15% used [0x00000000ee900000,0x00000000ef1dd020,0x00000000f2100000)
  to   space 55808K, 0% used [0x00000000f4380000,0x00000000f4380000,0x00000000f7a00000)
 ParOldGen       total 224768K, used 145897K [0x00000000a0c00000, 0x00000000ae780000, 0x00000000e0400000)
  object space 224768K, 64% used [0x00000000a0c00000,0x00000000a9a7a730,0x00000000ae780000)
 Metaspace       used 17551K, capacity 17821K, committed 18048K, reserved 1064960K
  class space    used 1721K, capacity 1793K, committed 1920K, reserved 1048576K
Event: 5.729 GC heap after
Heap after GC invocations=19 (full 3):
 PSYoungGen      total 313856K, used 17240K [0x00000000e0400000, 0x00000000f7000000, 0x0000000100000000)
  eden space 268288K, 0% used [0x00000000e0400000,0x00000000e0400000,0x00000000f0a00000)
  from space 45568K, 37% used [0x00000000f4380000,0x00000000f5456030,0x00000000f7000000)
  to   space 52224K, 0% used [0x00000000f0a00000,0x00000000f0a00000,0x00000000f3d00000)
 ParOldGen       total 224768K, used 145905K [0x00000000a0c00000, 0x00000000ae780000, 0x00000000e0400000)
  object space 224768K, 64% used [0x00000000a0c00000,0x00000000a9a7c730,0x00000000ae780000)
 Metaspace       used 17551K, capacity 17821K, committed 18048K, reserved 1064960K
  class space    used 1721K, capacity 1793K, committed 1920K, reserved 1048576K
}
Event: 6.162 GC heap before
{Heap before GC invocations=20 (full 3):
 PSYoungGen      total 313856K, used 285528K [0x00000000e0400000, 0x00000000f7000000, 0x0000000100000000)
  eden space 268288K, 100% used [0x00000000e0400000,0x00000000f0a00000,0x00000000f0a00000)
  from space 45568K, 37% used [0x00000000f4380000,0x00000000f5456030,0x00000000f7000000)
  to   space 52224K, 0% used [0x00000000f0a00000,0x00000000f0a00000,0x00000000f3d00000)
 ParOldGen       total 224768K, used 145905K [0x00000000a0c00000, 0x00000000ae780000, 0x00000000e0400000)
  object space 224768K, 64% used [0x00000000a0c00000,0x00000000a9a7c730,0x00000000ae780000)
 Metaspace       used 17554K, capacity 17821K, committed 18048K, reserved 1064960K
  class space    used 1721K, capacity 1793K, committed 1920K, reserved 1048576K
Event: 6.167 GC heap after
Heap after GC invocations=20 (full 3):
 PSYoungGen      total 320512K, used 9172K [0x00000000e0400000, 0x00000000f8180000, 0x0000000100000000)
  eden space 268288K, 0% used [0x00000000e0400000,0x00000000e0400000,0x00000000f0a00000)
  from space 52224K, 17% used [0x00000000f0a00000,0x00000000f12f5020,0x00000000f3d00000)
  to   space 50176K, 0% used [0x00000000f5080000,0x00000000f5080000,0x00000000f8180000)
 ParOldGen       total 224768K, used 145905K [0x00000000a0c00000, 0x00000000ae780000, 0x00000000e0400000)
  object space 224768K, 64% used [0x00000000a0c00000,0x00000000a9a7c730,0x00000000ae780000)
 Metaspace       used 17554K, capacity 17821K, committed 18048K, reserved 1064960K
  class space    used 1721K, capacity 1793K, committed 1920K, reserved 1048576K
}
Event: 6.581 GC heap before
{Heap before GC invocations=21 (full 3):
 PSYoungGen      total 320512K, used 277460K [0x00000000e0400000, 0x00000000f8180000, 0x0000000100000000)
  eden space 268288K, 100% used [0x00000000e0400000,0x00000000f0a00000,0x00000000f0a00000)
  from space 52224K, 17% used [0x00000000f0a00000,0x00000000f12f5020,0x00000000f3d00000)
  to   space 50176K, 0% used [0x00000000f5080000,0x00000000f5080000,0x00000000f8180000)
 ParOldGen       total 224768K, used 145905K [0x00000000a0c00000, 0x00000000ae780000, 0x00000000e0400000)
  object space 224768K, 64% used [0x00000000a0c00000,0x00000000a9a7c730,0x00000000ae780000)
 Metaspace       used 17583K, capacity 17821K, committed 18048K, reserved 1064960K
  class space    used 1721K, capacity 1793K, committed 1920K, reserved 1048576K
Event: 6.585 GC heap after
Heap after GC invocations=21 (full 3):
 PSYoungGen      total 331264K, used 9108K [0x00000000e0400000, 0x00000000f7b80000, 0x0000000100000000)
  eden space 287232K, 0% used [0x00000000e0400000,0x00000000e0400000,0x00000000f1c80000)
  from space 44032K, 20% used [0x00000000f5080000,0x00000000f5965020,0x00000000f7b80000)
  to   space 48640K, 0% used [0x00000000f1c80000,0x00000000f1c80000,0x00000000f4c00000)
 ParOldGen       total 224768K, used 145913K [0x00000000a0c00000, 0x00000000ae780000, 0x00000000e0400000)
  object space 224768K, 64% used [0x00000000a0c00000,0x00000000a9a7e730,0x00000000ae780000)
 Metaspace       used 17583K, capacity 17821K, committed 18048K, reserved 1064960K
  class space    used 1721K, capacity 1793K, committed 1920K, reserved 1048576K
}

