# JRE version: Java(TM) SE Runtime Environment (8.0_25-b18) (build 1.8.0_25-b18)
# Java VM: Java HotSpot(TM) 64-Bit Server VM (25.25-b02 mixed mode windows-amd64 compressed oops)
Heap:
 PSYoungGen      total 489472K, used 350820K [0x00000000e0400000, 0x00000000fea80000, 0x0000000100000000)
  eden space 483328K, 72% used [0x00000000e0400000,0x00000000f5a79278,0x00000000fdc00000)
  from space 6144K, 2% used [0x00000000fdc00000,0x00000000fdc20000,0x00000000fe200000)
  to   space 6144K, 0% used [0x00000000fe480000,0x00000000fe480000,0x00000000fea80000)
 ParOldGen       total 208896K, used 156523K [0x00000000a0c00000, 0x00000000ad800000, 0x00000000e0400000)
  object space 208896K, 74% used [0x00000000a0c00000,0x00000000aa4dafc0,0x00000000ad800000)
 Metaspace       used 18737K, capacity 18963K, committed 19072K, reserved 1067008K
  class space    used 1774K, capacity 1826K, committed 1920K, reserved 1048576K
GC Heap History (10 events):
Event: 34.114 GC heap before
{Heap before GC invocations=60 (full 3):
 PSYoungGen      total 485376K, used 474467K [0x00000000e0400000, 0x00000000fe700000, 0x0000000100000000)
  eden space 478208K, 99% used [0x00000000e0400000,0x00000000fd318da8,0x00000000fd700000)
  from space 7168K, 3% used [0x00000000fe000000,0x00000000fe040000,0x00000000fe700000)
  to   space 8192K, 0% used [0x00000000fd700000,0x00000000fd700000,0x00000000fdf00000)
 ParOldGen       total 208896K, used 156379K [0x00000000a0c00000, 0x00000000ad800000, 0x00000000e0400000)
  object space 208896K, 74% used [0x00000000a0c00000,0x00000000aa4b6fc0,0x00000000ad800000)
 Metaspace       used 18729K, capacity 18957K, committed 19072K, reserved 1067008K
  class space    used 1773K, capacity 1825K, committed 1920K, reserved 1048576K
Event: 34.116 GC heap after
Heap after GC invocations=60 (full 3):
 PSYoungGen      total 486400K, used 224K [0x00000000e0400000, 0x00000000fe880000, 0x0000000100000000)
  eden space 478208K, 0% used [0x00000000e0400000,0x00000000e0400000,0x00000000fd700000)
  from space 8192K, 2% used [0x00000000fd700000,0x00000000fd738000,0x00000000fdf00000)
  to   space 7680K, 0% used [0x00000000fe100000,0x00000000fe100000,0x00000000fe880000)
 ParOldGen       total 208896K, used 156411K [0x00000000a0c00000, 0x00000000ad800000, 0x00000000e0400000)
  object space 208896K, 74% used [0x00000000a0c00000,0x00000000aa4befc0,0x00000000ad800000)
 Metaspace       used 18729K, capacity 18957K, committed 19072K, reserved 1067008K
  class space    used 1773K, capacity 1825K, committed 1920K, reserved 1048576K
}
Event: 34.848 GC heap before
{Heap before GC invocations=61 (full 3):
 PSYoungGen      total 486400K, used 474326K [0x00000000e0400000, 0x00000000fe880000, 0x0000000100000000)
  eden space 478208K, 99% used [0x00000000e0400000,0x00000000fd2fd8f8,0x00000000fd700000)
  from space 8192K, 2% used [0x00000000fd700000,0x00000000fd738000,0x00000000fdf00000)
  to   space 7680K, 0% used [0x00000000fe100000,0x00000000fe100000,0x00000000fe880000)
 ParOldGen       total 208896K, used 156411K [0x00000000a0c00000, 0x00000000ad800000, 0x00000000e0400000)
  object space 208896K, 74% used [0x00000000a0c00000,0x00000000aa4befc0,0x00000000ad800000)
 Metaspace       used 18729K, capacity 18957K, committed 19072K, reserved 1067008K
  class space    used 1773K, capacity 1825K, committed 1920K, reserved 1048576K
Event: 34.849 GC heap after
Heap after GC invocations=61 (full 3):
 PSYoungGen      total 487424K, used 224K [0x00000000e0400000, 0x00000000fe780000, 0x0000000100000000)
  eden space 480768K, 0% used [0x00000000e0400000,0x00000000e0400000,0x00000000fd980000)
  from space 6656K, 3% used [0x00000000fe100000,0x00000000fe138000,0x00000000fe780000)
  to   space 7168K, 0% used [0x00000000fd980000,0x00000000fd980000,0x00000000fe080000)
 ParOldGen       total 208896K, used 156443K [0x00000000a0c00000, 0x00000000ad800000, 0x00000000e0400000)
  object space 208896K, 74% used [0x00000000a0c00000,0x00000000aa4c6fc0,0x00000000ad800000)
 Metaspace       used 18729K, capacity 18957K, committed 19072K, reserved 1067008K
  class space    used 1773K, capacity 1825K, committed 1920K, reserved 1048576K
}
Event: 35.581 GC heap before
{Heap before GC invocations=62 (full 3):
 PSYoungGen      total 487424K, used 475413K [0x00000000e0400000, 0x00000000fe780000, 0x0000000100000000)
  eden space 480768K, 98% used [0x00000000e0400000,0x00000000fd40d710,0x00000000fd980000)
  from space 6656K, 3% used [0x00000000fe100000,0x00000000fe138000,0x00000000fe780000)
  to   space 7168K, 0% used [0x00000000fd980000,0x00000000fd980000,0x00000000fe080000)
 ParOldGen       total 208896K, used 156443K [0x00000000a0c00000, 0x00000000ad800000, 0x00000000e0400000)
  object space 208896K, 74% used [0x00000000a0c00000,0x00000000aa4c6fc0,0x00000000ad800000)
 Metaspace       used 18730K, capacity 18957K, committed 19072K, reserved 1067008K
  class space    used 1773K, capacity 1825K, committed 1920K, reserved 1048576K
Event: 35.582 GC heap after
Heap after GC invocations=62 (full 3):
 PSYoungGen      total 487936K, used 192K [0x00000000e0400000, 0x00000000fe900000, 0x0000000100000000)
  eden space 480768K, 0% used [0x00000000e0400000,0x00000000e0400000,0x00000000fd980000)
  from space 7168K, 2% used [0x00000000fd980000,0x00000000fd9b0000,0x00000000fe080000)
  to   space 6656K, 0% used [0x00000000fe280000,0x00000000fe280000,0x00000000fe900000)
 ParOldGen       total 208896K, used 156475K [0x00000000a0c00000, 0x00000000ad800000, 0x00000000e0400000)
  object space 208896K, 74% used [0x00000000a0c00000,0x00000000aa4cefc0,0x00000000ad800000)
 Metaspace       used 18730K, capacity 18957K, committed 19072K, reserved 1067008K
  class space    used 1773K, capacity 1825K, committed 1920K, reserved 1048576K
}
Event: 36.312 GC heap before
{Heap before GC invocations=63 (full 3):
 PSYoungGen      total 487936K, used 474922K [0x00000000e0400000, 0x00000000fe900000, 0x0000000100000000)
  eden space 480768K, 98% used [0x00000000e0400000,0x00000000fd39a9f0,0x00000000fd980000)
  from space 7168K, 2% used [0x00000000fd980000,0x00000000fd9b0000,0x00000000fe080000)
  to   space 6656K, 0% used [0x00000000fe280000,0x00000000fe280000,0x00000000fe900000)
 ParOldGen       total 208896K, used 156475K [0x00000000a0c00000, 0x00000000ad800000, 0x00000000e0400000)
  object space 208896K, 74% used [0x00000000a0c00000,0x00000000aa4cefc0,0x00000000ad800000)
 Metaspace       used 18730K, capacity 18957K, committed 19072K, reserved 1067008K
  class space    used 1773K, capacity 1825K, committed 1920K, reserved 1048576K
Event: 36.314 GC heap after
Heap after GC invocations=63 (full 3):
 PSYoungGen      total 488960K, used 192K [0x00000000e0400000, 0x00000000fe800000, 0x0000000100000000)
  eden space 483328K, 0% used [0x00000000e0400000,0x00000000e0400000,0x00000000fdc00000)
  from space 5632K, 3% used [0x00000000fe280000,0x00000000fe2b0000,0x00000000fe800000)
  to   space 6144K, 0% used [0x00000000fdc00000,0x00000000fdc00000,0x00000000fe200000)
 ParOldGen       total 208896K, used 156507K [0x00000000a0c00000, 0x00000000ad800000, 0x00000000e0400000)
  object space 208896K, 74% used [0x00000000a0c00000,0x00000000aa4d6fc0,0x00000000ad800000)
 Metaspace       used 18730K, capacity 18957K, committed 19072K, reserved 1067008K
  class space    used 1773K, capacity 1825K, committed 1920K, reserved 1048576K
}
Event: 37.070 GC heap before
{Heap before GC invocations=64 (full 3):
 PSYoungGen      total 488960K, used 483520K [0x00000000e0400000, 0x00000000fe800000, 0x0000000100000000)
  eden space 483328K, 100% used [0x00000000e0400000,0x00000000fdc00000,0x00000000fdc00000)
  from space 5632K, 3% used [0x00000000fe280000,0x00000000fe2b0000,0x00000000fe800000)
  to   space 6144K, 0% used [0x00000000fdc00000,0x00000000fdc00000,0x00000000fe200000)
 ParOldGen       total 208896K, used 156507K [0x00000000a0c00000, 0x00000000ad800000, 0x00000000e0400000)
  object space 208896K, 74% used [0x00000000a0c00000,0x00000000aa4d6fc0,0x00000000ad800000)
 Metaspace       used 18730K, capacity 18957K, committed 19072K, reserved 1067008K
  class space    used 1773K, capacity 1825K, committed 1920K, reserved 1048576K
Event: 37.072 GC heap after
Heap after GC invocations=64 (full 3):
 PSYoungGen      total 489472K, used 128K [0x00000000e0400000, 0x00000000fea80000, 0x0000000100000000)
  eden space 483328K, 0% used [0x00000000e0400000,0x00000000e0400000,0x00000000fdc00000)
  from space 6144K, 2% used [0x00000000fdc00000,0x00000000fdc20000,0x00000000fe200000)
  to   space 6144K, 0% used [0x00000000fe480000,0x00000000fe480000,0x00000000fea80000)
 ParOldGen       total 208896K, used 156523K [0x00000000a0c00000, 0x00000000ad800000, 0x00000000e0400000)
  object space 208896K, 74% used [0x00000000a0c00000,0x00000000aa4dafc0,0x00000000ad800000)
 Metaspace       used 18730K, capacity 18957K, committed 19072K, reserved 1067008K
  class space    used 1773K, capacity 1825K, committed 1920K, reserved 1048576K
}

