# JRE version: Java(TM) SE Runtime Environment (8.0_25-b18) (build 1.8.0_25-b18)
# Java VM: Java HotSpot(TM) 64-Bit Server VM (25.25-b02 mixed mode windows-amd64 compressed oops)
Heap:
 PSYoungGen      total 335360K, used 288804K [0x00000000e0400000, 0x00000000f6f00000, 0x0000000100000000)
  eden space 301568K, 92% used [0x00000000e0400000,0x00000000f1407d58,0x00000000f2a80000)
  from space 33792K, 30% used [0x00000000f2a80000,0x00000000f3481508,0x00000000f4b80000)
  to   space 32256K, 0% used [0x00000000f4f80000,0x00000000f4f80000,0x00000000f6f00000)
 ParOldGen       total 227840K, used 145954K [0x00000000a0c00000, 0x00000000aea80000, 0x00000000e0400000)
  object space 227840K, 64% used [0x00000000a0c00000,0x00000000a9a88890,0x00000000aea80000)
 Metaspace       used 17964K, capacity 18189K, committed 18432K, reserved 1067008K
  class space    used 1717K, capacity 1761K, committed 1792K, reserved 1048576K
GC Heap History (10 events):
Event: 13.169 GC heap before
{Heap before GC invocations=24 (full 3):
 PSYoungGen      total 323072K, used 287484K [0x00000000e0400000, 0x00000000f6b00000, 0x0000000100000000)
  eden space 285696K, 97% used [0x00000000e0400000,0x00000000f13da250,0x00000000f1b00000)
  from space 37376K, 24% used [0x00000000f4680000,0x00000000f4f65020,0x00000000f6b00000)
  to   space 40960K, 0% used [0x00000000f1b00000,0x00000000f1b00000,0x00000000f4300000)
 ParOldGen       total 227840K, used 145938K [0x00000000a0c00000, 0x00000000aea80000, 0x00000000e0400000)
  object space 227840K, 64% used [0x00000000a0c00000,0x00000000a9a84890,0x00000000aea80000)
 Metaspace       used 17903K, capacity 18125K, committed 18176K, reserved 1064960K
  class space    used 1705K, capacity 1761K, committed 1792K, reserved 1048576K
Event: 13.173 GC heap after
Heap after GC invocations=24 (full 3):
 PSYoungGen      total 326656K, used 9172K [0x00000000e0400000, 0x00000000f7100000, 0x0000000100000000)
  eden space 285696K, 0% used [0x00000000e0400000,0x00000000e0400000,0x00000000f1b00000)
  from space 40960K, 22% used [0x00000000f1b00000,0x00000000f23f5020,0x00000000f4300000)
  to   space 38912K, 0% used [0x00000000f4b00000,0x00000000f4b00000,0x00000000f7100000)
 ParOldGen       total 227840K, used 145938K [0x00000000a0c00000, 0x00000000aea80000, 0x00000000e0400000)
  object space 227840K, 64% used [0x00000000a0c00000,0x00000000a9a84890,0x00000000aea80000)
 Metaspace       used 17903K, capacity 18125K, committed 18176K, reserved 1064960K
  class space    used 1705K, capacity 1761K, committed 1792K, reserved 1048576K
}
Event: 14.203 GC heap before
{Heap before GC invocations=25 (full 3):
 PSYoungGen      total 326656K, used 287572K [0x00000000e0400000, 0x00000000f7100000, 0x0000000100000000)
  eden space 285696K, 97% used [0x00000000e0400000,0x00000000f13e00a8,0x00000000f1b00000)
  from space 40960K, 22% used [0x00000000f1b00000,0x00000000f23f5020,0x00000000f4300000)
  to   space 38912K, 0% used [0x00000000f4b00000,0x00000000f4b00000,0x00000000f7100000)
 ParOldGen       total 227840K, used 145938K [0x00000000a0c00000, 0x00000000aea80000, 0x00000000e0400000)
  object space 227840K, 64% used [0x00000000a0c00000,0x00000000a9a84890,0x00000000aea80000)
 Metaspace       used 17920K, capacity 18189K, committed 18432K, reserved 1067008K
  class space    used 1705K, capacity 1761K, committed 1792K, reserved 1048576K
Event: 14.207 GC heap after
Heap after GC invocations=25 (full 3):
 PSYoungGen      total 328704K, used 9108K [0x00000000e0400000, 0x00000000f6c80000, 0x0000000100000000)
  eden space 294400K, 0% used [0x00000000e0400000,0x00000000e0400000,0x00000000f2380000)
  from space 34304K, 26% used [0x00000000f4b00000,0x00000000f53e5020,0x00000000f6c80000)
  to   space 37376K, 0% used [0x00000000f2380000,0x00000000f2380000,0x00000000f4800000)
 ParOldGen       total 227840K, used 145938K [0x00000000a0c00000, 0x00000000aea80000, 0x00000000e0400000)
  object space 227840K, 64% used [0x00000000a0c00000,0x00000000a9a84890,0x00000000aea80000)
 Metaspace       used 17920K, capacity 18189K, committed 18432K, reserved 1067008K
  class space    used 1705K, capacity 1761K, committed 1792K, reserved 1048576K
}
Event: 15.268 GC heap before
{Heap before GC invocations=26 (full 3):
 PSYoungGen      total 328704K, used 296630K [0x00000000e0400000, 0x00000000f6c80000, 0x0000000100000000)
  eden space 294400K, 97% used [0x00000000e0400000,0x00000000f1cc8870,0x00000000f2380000)
  from space 34304K, 26% used [0x00000000f4b00000,0x00000000f53e5020,0x00000000f6c80000)
  to   space 37376K, 0% used [0x00000000f2380000,0x00000000f2380000,0x00000000f4800000)
 ParOldGen       total 227840K, used 145938K [0x00000000a0c00000, 0x00000000aea80000, 0x00000000e0400000)
  object space 227840K, 64% used [0x00000000a0c00000,0x00000000a9a84890,0x00000000aea80000)
 Metaspace       used 17920K, capacity 18189K, committed 18432K, reserved 1067008K
  class space    used 1705K, capacity 1761K, committed 1792K, reserved 1048576K
Event: 15.273 GC heap after
Heap after GC invocations=26 (full 3):
 PSYoungGen      total 331776K, used 9172K [0x00000000e0400000, 0x00000000f7180000, 0x0000000100000000)
  eden space 294400K, 0% used [0x00000000e0400000,0x00000000e0400000,0x00000000f2380000)
  from space 37376K, 24% used [0x00000000f2380000,0x00000000f2c75020,0x00000000f4800000)
  to   space 35840K, 0% used [0x00000000f4e80000,0x00000000f4e80000,0x00000000f7180000)
 ParOldGen       total 227840K, used 145946K [0x00000000a0c00000, 0x00000000aea80000, 0x00000000e0400000)
  object space 227840K, 64% used [0x00000000a0c00000,0x00000000a9a86890,0x00000000aea80000)
 Metaspace       used 17920K, capacity 18189K, committed 18432K, reserved 1067008K
  class space    used 1705K, capacity 1761K, committed 1792K, reserved 1048576K
}
Event: 16.235 GC heap before
{Heap before GC invocations=27 (full 3):
 PSYoungGen      total 331776K, used 302131K [0x00000000e0400000, 0x00000000f7180000, 0x0000000100000000)
  eden space 294400K, 99% used [0x00000000e0400000,0x00000000f2217df8,0x00000000f2380000)
  from space 37376K, 24% used [0x00000000f2380000,0x00000000f2c75020,0x00000000f4800000)
  to   space 35840K, 0% used [0x00000000f4e80000,0x00000000f4e80000,0x00000000f7180000)
 ParOldGen       total 227840K, used 145946K [0x00000000a0c00000, 0x00000000aea80000, 0x00000000e0400000)
  object space 227840K, 64% used [0x00000000a0c00000,0x00000000a9a86890,0x00000000aea80000)
 Metaspace       used 17959K, capacity 18189K, committed 18432K, reserved 1067008K
  class space    used 1717K, capacity 1761K, committed 1792K, reserved 1048576K
Event: 16.240 GC heap after
Heap after GC invocations=27 (full 3):
 PSYoungGen      total 332288K, used 9945K [0x00000000e0400000, 0x00000000f6c80000, 0x0000000100000000)
  eden space 301568K, 0% used [0x00000000e0400000,0x00000000e0400000,0x00000000f2a80000)
  from space 30720K, 32% used [0x00000000f4e80000,0x00000000f5836700,0x00000000f6c80000)
  to   space 33792K, 0% used [0x00000000f2a80000,0x00000000f2a80000,0x00000000f4b80000)
 ParOldGen       total 227840K, used 145954K [0x00000000a0c00000, 0x00000000aea80000, 0x00000000e0400000)
  object space 227840K, 64% used [0x00000000a0c00000,0x00000000a9a88890,0x00000000aea80000)
 Metaspace       used 17959K, capacity 18189K, committed 18432K, reserved 1067008K
  class space    used 1717K, capacity 1761K, committed 1792K, reserved 1048576K
}
Event: 17.269 GC heap before
{Heap before GC invocations=28 (full 3):
 PSYoungGen      total 332288K, used 303702K [0x00000000e0400000, 0x00000000f6c80000, 0x0000000100000000)
  eden space 301568K, 97% used [0x00000000e0400000,0x00000000f22df278,0x00000000f2a80000)
  from space 30720K, 32% used [0x00000000f4e80000,0x00000000f5836700,0x00000000f6c80000)
  to   space 33792K, 0% used [0x00000000f2a80000,0x00000000f2a80000,0x00000000f4b80000)
 ParOldGen       total 227840K, used 145954K [0x00000000a0c00000, 0x00000000aea80000, 0x00000000e0400000)
  object space 227840K, 64% used [0x00000000a0c00000,0x00000000a9a88890,0x00000000aea80000)
 Metaspace       used 17963K, capacity 18189K, committed 18432K, reserved 1067008K
  class space    used 1717K, capacity 1761K, committed 1792K, reserved 1048576K
Event: 17.276 GC heap after
Heap after GC invocations=28 (full 3):
 PSYoungGen      total 335360K, used 10245K [0x00000000e0400000, 0x00000000f6f00000, 0x0000000100000000)
  eden space 301568K, 0% used [0x00000000e0400000,0x00000000e0400000,0x00000000f2a80000)
  from space 33792K, 30% used [0x00000000f2a80000,0x00000000f3481508,0x00000000f4b80000)
  to   space 32256K, 0% used [0x00000000f4f80000,0x00000000f4f80000,0x00000000f6f00000)
 ParOldGen       total 227840K, used 145954K [0x00000000a0c00000, 0x00000000aea80000, 0x00000000e0400000)
  object space 227840K, 64% used [0x00000000a0c00000,0x00000000a9a88890,0x00000000aea80000)
 Metaspace       used 17963K, capacity 18189K, committed 18432K, reserved 1067008K
  class space    used 1717K, capacity 1761K, committed 1792K, reserved 1048576K
}

