# JRE version: Java(TM) SE Runtime Environment (8.0_25-b18) (build 1.8.0_25-b18)
# Java VM: Java HotSpot(TM) 64-Bit Server VM (25.25-b02 mixed mode windows-amd64 compressed oops)
Heap:
 PSYoungGen      total 411648K, used 237306K [0x00000000e0400000, 0x00000000f9700000, 0x0000000100000000)
  eden space 411136K, 57% used [0x00000000e0400000,0x00000000eeb9e908,0x00000000f9580000)
  from space 512K, 25% used [0x00000000f9600000,0x00000000f9620000,0x00000000f9680000)
  to   space 512K, 0% used [0x00000000f9580000,0x00000000f9580000,0x00000000f9600000)
 ParOldGen       total 248832K, used 188428K [0x00000000a0c00000, 0x00000000aff00000, 0x00000000e0400000)
  object space 248832K, 75% used [0x00000000a0c00000,0x00000000ac4030f0,0x00000000aff00000)
 Metaspace       used 18677K, capacity 18857K, committed 19072K, reserved 1067008K
  class space    used 1762K, capacity 1793K, committed 1920K, reserved 1048576K
GC Heap History (10 events):
Event: 83.686 GC heap before
{Heap before GC invocations=166 (full 4):
 PSYoungGen      total 405504K, used 405184K [0x00000000e0400000, 0x00000000f9280000, 0x0000000100000000)
  eden space 404992K, 100% used [0x00000000e0400000,0x00000000f8f80000,0x00000000f8f80000)
  from space 512K, 37% used [0x00000000f8f80000,0x00000000f8fb0000,0x00000000f9000000)
  to   space 512K, 0% used [0x00000000f9200000,0x00000000f9200000,0x00000000f9280000)
 ParOldGen       total 248832K, used 180328K [0x00000000a0c00000, 0x00000000aff00000, 0x00000000e0400000)
  object space 248832K, 72% used [0x00000000a0c00000,0x00000000abc1a0e0,0x00000000aff00000)
 Metaspace       used 18677K, capacity 18857K, committed 19072K, reserved 1067008K
  class space    used 1762K, capacity 1793K, committed 1920K, reserved 1048576K
Event: 83.687 GC heap after
Heap after GC invocations=166 (full 4):
 PSYoungGen      total 407552K, used 160K [0x00000000e0400000, 0x00000000f9280000, 0x0000000100000000)
  eden space 407040K, 0% used [0x00000000e0400000,0x00000000e0400000,0x00000000f9180000)
  from space 512K, 31% used [0x00000000f9200000,0x00000000f9228000,0x00000000f9280000)
  to   space 512K, 0% used [0x00000000f9180000,0x00000000f9180000,0x00000000f9200000)
 ParOldGen       total 248832K, used 180328K [0x00000000a0c00000, 0x00000000aff00000, 0x00000000e0400000)
  object space 248832K, 72% used [0x00000000a0c00000,0x00000000abc1a0e0,0x00000000aff00000)
 Metaspace       used 18677K, capacity 18857K, committed 19072K, reserved 1067008K
  class space    used 1762K, capacity 1793K, committed 1920K, reserved 1048576K
}
Event: 84.290 GC heap before
{Heap before GC invocations=167 (full 4):
 PSYoungGen      total 407552K, used 407200K [0x00000000e0400000, 0x00000000f9280000, 0x0000000100000000)
  eden space 407040K, 100% used [0x00000000e0400000,0x00000000f9180000,0x00000000f9180000)
  from space 512K, 31% used [0x00000000f9200000,0x00000000f9228000,0x00000000f9280000)
  to   space 512K, 0% used [0x00000000f9180000,0x00000000f9180000,0x00000000f9200000)
 ParOldGen       total 248832K, used 180328K [0x00000000a0c00000, 0x00000000aff00000, 0x00000000e0400000)
  object space 248832K, 72% used [0x00000000a0c00000,0x00000000abc1a0e0,0x00000000aff00000)
 Metaspace       used 18677K, capacity 18857K, committed 19072K, reserved 1067008K
  class space    used 1762K, capacity 1793K, committed 1920K, reserved 1048576K
Event: 84.293 GC heap after
Heap after GC invocations=167 (full 4):
 PSYoungGen      total 407552K, used 96K [0x00000000e0400000, 0x00000000f9500000, 0x0000000100000000)
  eden space 407040K, 0% used [0x00000000e0400000,0x00000000e0400000,0x00000000f9180000)
  from space 512K, 18% used [0x00000000f9180000,0x00000000f9198000,0x00000000f9200000)
  to   space 512K, 0% used [0x00000000f9480000,0x00000000f9480000,0x00000000f9500000)
 ParOldGen       total 248832K, used 188428K [0x00000000a0c00000, 0x00000000aff00000, 0x00000000e0400000)
  object space 248832K, 75% used [0x00000000a0c00000,0x00000000ac4030f0,0x00000000aff00000)
 Metaspace       used 18677K, capacity 18857K, committed 19072K, reserved 1067008K
  class space    used 1762K, capacity 1793K, committed 1920K, reserved 1048576K
}
Event: 84.934 GC heap before
{Heap before GC invocations=168 (full 4):
 PSYoungGen      total 407552K, used 407136K [0x00000000e0400000, 0x00000000f9500000, 0x0000000100000000)
  eden space 407040K, 100% used [0x00000000e0400000,0x00000000f9180000,0x00000000f9180000)
  from space 512K, 18% used [0x00000000f9180000,0x00000000f9198000,0x00000000f9200000)
  to   space 512K, 0% used [0x00000000f9480000,0x00000000f9480000,0x00000000f9500000)
 ParOldGen       total 248832K, used 188428K [0x00000000a0c00000, 0x00000000aff00000, 0x00000000e0400000)
  object space 248832K, 75% used [0x00000000a0c00000,0x00000000ac4030f0,0x00000000aff00000)
 Metaspace       used 18677K, capacity 18857K, committed 19072K, reserved 1067008K
  class space    used 1762K, capacity 1793K, committed 1920K, reserved 1048576K
Event: 84.935 GC heap after
Heap after GC invocations=168 (full 4):
 PSYoungGen      total 409600K, used 128K [0x00000000e0400000, 0x00000000f9500000, 0x0000000100000000)
  eden space 409088K, 0% used [0x00000000e0400000,0x00000000e0400000,0x00000000f9380000)
  from space 512K, 25% used [0x00000000f9480000,0x00000000f94a0000,0x00000000f9500000)
  to   space 512K, 0% used [0x00000000f9400000,0x00000000f9400000,0x00000000f9480000)
 ParOldGen       total 248832K, used 188428K [0x00000000a0c00000, 0x00000000aff00000, 0x00000000e0400000)
  object space 248832K, 75% used [0x00000000a0c00000,0x00000000ac4030f0,0x00000000aff00000)
 Metaspace       used 18677K, capacity 18857K, committed 19072K, reserved 1067008K
  class space    used 1762K, capacity 1793K, committed 1920K, reserved 1048576K
}
Event: 85.582 GC heap before
{Heap before GC invocations=169 (full 4):
 PSYoungGen      total 409600K, used 409216K [0x00000000e0400000, 0x00000000f9500000, 0x0000000100000000)
  eden space 409088K, 100% used [0x00000000e0400000,0x00000000f9380000,0x00000000f9380000)
  from space 512K, 25% used [0x00000000f9480000,0x00000000f94a0000,0x00000000f9500000)
  to   space 512K, 0% used [0x00000000f9400000,0x00000000f9400000,0x00000000f9480000)
 ParOldGen       total 248832K, used 188428K [0x00000000a0c00000, 0x00000000aff00000, 0x00000000e0400000)
  object space 248832K, 75% used [0x00000000a0c00000,0x00000000ac4030f0,0x00000000aff00000)
 Metaspace       used 18677K, capacity 18857K, committed 19072K, reserved 1067008K
  class space    used 1762K, capacity 1793K, committed 1920K, reserved 1048576K
Event: 85.584 GC heap after
Heap after GC invocations=169 (full 4):
 PSYoungGen      total 410112K, used 96K [0x00000000e0400000, 0x00000000f9680000, 0x0000000100000000)
  eden space 409600K, 0% used [0x00000000e0400000,0x00000000e0400000,0x00000000f9400000)
  from space 512K, 18% used [0x00000000f9400000,0x00000000f9418000,0x00000000f9480000)
  to   space 512K, 0% used [0x00000000f9600000,0x00000000f9600000,0x00000000f9680000)
 ParOldGen       total 248832K, used 188428K [0x00000000a0c00000, 0x00000000aff00000, 0x00000000e0400000)
  object space 248832K, 75% used [0x00000000a0c00000,0x00000000ac4030f0,0x00000000aff00000)
 Metaspace       used 18677K, capacity 18857K, committed 19072K, reserved 1067008K
  class space    used 1762K, capacity 1793K, committed 1920K, reserved 1048576K
}
Event: 86.218 GC heap before
{Heap before GC invocations=170 (full 4):
 PSYoungGen      total 410112K, used 409696K [0x00000000e0400000, 0x00000000f9680000, 0x0000000100000000)
  eden space 409600K, 100% used [0x00000000e0400000,0x00000000f9400000,0x00000000f9400000)
  from space 512K, 18% used [0x00000000f9400000,0x00000000f9418000,0x00000000f9480000)
  to   space 512K, 0% used [0x00000000f9600000,0x00000000f9600000,0x00000000f9680000)
 ParOldGen       total 248832K, used 188428K [0x00000000a0c00000, 0x00000000aff00000, 0x00000000e0400000)
  object space 248832K, 75% used [0x00000000a0c00000,0x00000000ac4030f0,0x00000000aff00000)
 Metaspace       used 18677K, capacity 18857K, committed 19072K, reserved 1067008K
  class space    used 1762K, capacity 1793K, committed 1920K, reserved 1048576K
Event: 86.220 GC heap after
Heap after GC invocations=170 (full 4):
 PSYoungGen      total 411648K, used 128K [0x00000000e0400000, 0x00000000f9700000, 0x0000000100000000)
  eden space 411136K, 0% used [0x00000000e0400000,0x00000000e0400000,0x00000000f9580000)
  from space 512K, 25% used [0x00000000f9600000,0x00000000f9620000,0x00000000f9680000)
  to   space 512K, 0% used [0x00000000f9580000,0x00000000f9580000,0x00000000f9600000)
 ParOldGen       total 248832K, used 188428K [0x00000000a0c00000, 0x00000000aff00000, 0x00000000e0400000)
  object space 248832K, 75% used [0x00000000a0c00000,0x00000000ac4030f0,0x00000000aff00000)
 Metaspace       used 18677K, capacity 18857K, committed 19072K, reserved 1067008K
  class space    used 1762K, capacity 1793K, committed 1920K, reserved 1048576K
}

