# JRE version: Java(TM) SE Runtime Environment (8.0_25-b18) (build 1.8.0_25-b18)
# Java VM: Java HotSpot(TM) 64-Bit Server VM (25.25-b02 mixed mode windows-amd64 compressed oops)
Heap:
 PSYoungGen      total 435200K, used 89006K [0x00000000e0400000, 0x00000000fd300000, 0x0000000100000000)
  eden space 400384K, 22% used [0x00000000e0400000,0x00000000e5ab3bf0,0x00000000f8b00000)
  from space 34816K, 0% used [0x00000000fb100000,0x00000000fb138000,0x00000000fd300000)
  to   space 36864K, 0% used [0x00000000f8b00000,0x00000000f8b00000,0x00000000faf00000)
 ParOldGen       total 210944K, used 156457K [0x00000000a0c00000, 0x00000000ada00000, 0x00000000e0400000)
  object space 210944K, 74% used [0x00000000a0c00000,0x00000000aa4ca748,0x00000000ada00000)
 Metaspace       used 17953K, capacity 18185K, committed 18432K, reserved 1067008K
  class space    used 1722K, capacity 1761K, committed 1792K, reserved 1048576K
GC Heap History (10 events):
Event: 34.281 GC heap before
{Heap before GC invocations=36 (full 2):
 PSYoungGen      total 397824K, used 397600K [0x00000000e0400000, 0x00000000fe680000, 0x0000000100000000)
  eden space 397312K, 100% used [0x00000000e0400000,0x00000000f8800000,0x00000000f8800000)
  from space 512K, 56% used [0x00000000f8800000,0x00000000f8848000,0x00000000f8880000)
  to   space 47616K, 0% used [0x00000000fb800000,0x00000000fb800000,0x00000000fe680000)
 ParOldGen       total 210944K, used 156217K [0x00000000a0c00000, 0x00000000ada00000, 0x00000000e0400000)
  object space 210944K, 74% used [0x00000000a0c00000,0x00000000aa48e748,0x00000000ada00000)
 Metaspace       used 17952K, capacity 18185K, committed 18432K, reserved 1067008K
  class space    used 1722K, capacity 1761K, committed 1792K, reserved 1048576K
Event: 34.282 GC heap after
Heap after GC invocations=36 (full 2):
 PSYoungGen      total 441344K, used 192K [0x00000000e0400000, 0x00000000fe200000, 0x0000000100000000)
  eden space 398336K, 0% used [0x00000000e0400000,0x00000000e0400000,0x00000000f8900000)
  from space 43008K, 0% used [0x00000000fb800000,0x00000000fb830000,0x00000000fe200000)
  to   space 45568K, 0% used [0x00000000f8900000,0x00000000f8900000,0x00000000fb580000)
 ParOldGen       total 210944K, used 156241K [0x00000000a0c00000, 0x00000000ada00000, 0x00000000e0400000)
  object space 210944K, 74% used [0x00000000a0c00000,0x00000000aa494748,0x00000000ada00000)
 Metaspace       used 17952K, capacity 18185K, committed 18432K, reserved 1067008K
  class space    used 1722K, capacity 1761K, committed 1792K, reserved 1048576K
}
Event: 35.625 GC heap before
{Heap before GC invocations=37 (full 2):
 PSYoungGen      total 441344K, used 393821K [0x00000000e0400000, 0x00000000fe200000, 0x0000000100000000)
  eden space 398336K, 98% used [0x00000000e0400000,0x00000000f8467570,0x00000000f8900000)
  from space 43008K, 0% used [0x00000000fb800000,0x00000000fb830000,0x00000000fe200000)
  to   space 45568K, 0% used [0x00000000f8900000,0x00000000f8900000,0x00000000fb580000)
 ParOldGen       total 210944K, used 156241K [0x00000000a0c00000, 0x00000000ada00000, 0x00000000e0400000)
  object space 210944K, 74% used [0x00000000a0c00000,0x00000000aa494748,0x00000000ada00000)
 Metaspace       used 17952K, capacity 18185K, committed 18432K, reserved 1067008K
  class space    used 1722K, capacity 1761K, committed 1792K, reserved 1048576K
Event: 35.627 GC heap after
Heap after GC invocations=37 (full 2):
 PSYoungGen      total 398848K, used 224K [0x00000000e0400000, 0x00000000fdf00000, 0x0000000100000000)
  eden space 398336K, 0% used [0x00000000e0400000,0x00000000e0400000,0x00000000f8900000)
  from space 512K, 43% used [0x00000000f8900000,0x00000000f8938000,0x00000000f8980000)
  to   space 43520K, 0% used [0x00000000fb480000,0x00000000fb480000,0x00000000fdf00000)
 ParOldGen       total 210944K, used 156297K [0x00000000a0c00000, 0x00000000ada00000, 0x00000000e0400000)
  object space 210944K, 74% used [0x00000000a0c00000,0x00000000aa4a2748,0x00000000ada00000)
 Metaspace       used 17952K, capacity 18185K, committed 18432K, reserved 1067008K
  class space    used 1722K, capacity 1761K, committed 1792K, reserved 1048576K
}
Event: 36.957 GC heap before
{Heap before GC invocations=38 (full 2):
 PSYoungGen      total 398848K, used 394254K [0x00000000e0400000, 0x00000000fdf00000, 0x0000000100000000)
  eden space 398336K, 98% used [0x00000000e0400000,0x00000000f84cb990,0x00000000f8900000)
  from space 512K, 43% used [0x00000000f8900000,0x00000000f8938000,0x00000000f8980000)
  to   space 43520K, 0% used [0x00000000fb480000,0x00000000fb480000,0x00000000fdf00000)
 ParOldGen       total 210944K, used 156297K [0x00000000a0c00000, 0x00000000ada00000, 0x00000000e0400000)
  object space 210944K, 74% used [0x00000000a0c00000,0x00000000aa4a2748,0x00000000ada00000)
 Metaspace       used 17952K, capacity 18185K, committed 18432K, reserved 1067008K
  class space    used 1722K, capacity 1761K, committed 1792K, reserved 1048576K
Event: 36.958 GC heap after
Heap after GC invocations=38 (full 2):
 PSYoungGen      total 437760K, used 224K [0x00000000e0400000, 0x00000000fda00000, 0x0000000100000000)
  eden space 399360K, 0% used [0x00000000e0400000,0x00000000e0400000,0x00000000f8a00000)
  from space 38400K, 0% used [0x00000000fb480000,0x00000000fb4b8000,0x00000000fda00000)
  to   space 40960K, 0% used [0x00000000f8a00000,0x00000000f8a00000,0x00000000fb200000)
 ParOldGen       total 210944K, used 156353K [0x00000000a0c00000, 0x00000000ada00000, 0x00000000e0400000)
  object space 210944K, 74% used [0x00000000a0c00000,0x00000000aa4b0748,0x00000000ada00000)
 Metaspace       used 17952K, capacity 18185K, committed 18432K, reserved 1067008K
  class space    used 1722K, capacity 1761K, committed 1792K, reserved 1048576K
}
Event: 38.291 GC heap before
{Heap before GC invocations=39 (full 2):
 PSYoungGen      total 437760K, used 393067K [0x00000000e0400000, 0x00000000fda00000, 0x0000000100000000)
  eden space 399360K, 98% used [0x00000000e0400000,0x00000000f83a2f20,0x00000000f8a00000)
  from space 38400K, 0% used [0x00000000fb480000,0x00000000fb4b8000,0x00000000fda00000)
  to   space 40960K, 0% used [0x00000000f8a00000,0x00000000f8a00000,0x00000000fb200000)
 ParOldGen       total 210944K, used 156353K [0x00000000a0c00000, 0x00000000ada00000, 0x00000000e0400000)
  object space 210944K, 74% used [0x00000000a0c00000,0x00000000aa4b0748,0x00000000ada00000)
 Metaspace       used 17952K, capacity 18185K, committed 18432K, reserved 1067008K
  class space    used 1722K, capacity 1761K, committed 1792K, reserved 1048576K
Event: 38.292 GC heap after
Heap after GC invocations=39 (full 2):
 PSYoungGen      total 399872K, used 224K [0x00000000e0400000, 0x00000000fd700000, 0x0000000100000000)
  eden space 399360K, 0% used [0x00000000e0400000,0x00000000e0400000,0x00000000f8a00000)
  from space 512K, 43% used [0x00000000f8a00000,0x00000000f8a38000,0x00000000f8a80000)
  to   space 38912K, 0% used [0x00000000fb100000,0x00000000fb100000,0x00000000fd700000)
 ParOldGen       total 210944K, used 156401K [0x00000000a0c00000, 0x00000000ada00000, 0x00000000e0400000)
  object space 210944K, 74% used [0x00000000a0c00000,0x00000000aa4bc748,0x00000000ada00000)
 Metaspace       used 17952K, capacity 18185K, committed 18432K, reserved 1067008K
  class space    used 1722K, capacity 1761K, committed 1792K, reserved 1048576K
}
Event: 39.625 GC heap before
{Heap before GC invocations=40 (full 2):
 PSYoungGen      total 399872K, used 393145K [0x00000000e0400000, 0x00000000fd700000, 0x0000000100000000)
  eden space 399360K, 98% used [0x00000000e0400000,0x00000000f83b6630,0x00000000f8a00000)
  from space 512K, 43% used [0x00000000f8a00000,0x00000000f8a38000,0x00000000f8a80000)
  to   space 38912K, 0% used [0x00000000fb100000,0x00000000fb100000,0x00000000fd700000)
 ParOldGen       total 210944K, used 156401K [0x00000000a0c00000, 0x00000000ada00000, 0x00000000e0400000)
  object space 210944K, 74% used [0x00000000a0c00000,0x00000000aa4bc748,0x00000000ada00000)
 Metaspace       used 17952K, capacity 18185K, committed 18432K, reserved 1067008K
  class space    used 1722K, capacity 1761K, committed 1792K, reserved 1048576K
Event: 39.626 GC heap after
Heap after GC invocations=40 (full 2):
 PSYoungGen      total 435200K, used 224K [0x00000000e0400000, 0x00000000fd300000, 0x0000000100000000)
  eden space 400384K, 0% used [0x00000000e0400000,0x00000000e0400000,0x00000000f8b00000)
  from space 34816K, 0% used [0x00000000fb100000,0x00000000fb138000,0x00000000fd300000)
  to   space 36864K, 0% used [0x00000000f8b00000,0x00000000f8b00000,0x00000000faf00000)
 ParOldGen       total 210944K, used 156457K [0x00000000a0c00000, 0x00000000ada00000, 0x00000000e0400000)
  object space 210944K, 74% used [0x00000000a0c00000,0x00000000aa4ca748,0x00000000ada00000)
 Metaspace       used 17952K, capacity 18185K, committed 18432K, reserved 1067008K
  class space    used 1722K, capacity 1761K, committed 1792K, reserved 1048576K
}

