# JRE version: Java(TM) SE Runtime Environment (8.0_25-b18) (build 1.8.0_25-b18)
# Java VM: Java HotSpot(TM) 64-Bit Server VM (25.25-b02 mixed mode windows-amd64 compressed oops)
Heap:
 PSYoungGen      total 513536K, used 378196K [0x00000000e0400000, 0x00000000fff80000, 0x0000000100000000)
  eden space 508416K, 74% used [0x00000000e0400000,0x00000000f7535060,0x00000000ff480000)
  from space 5120K, 2% used [0x00000000ff480000,0x00000000ff4a0000,0x00000000ff980000)
  to   space 4608K, 0% used [0x00000000ffb00000,0x00000000ffb00000,0x00000000fff80000)
 ParOldGen       total 207872K, used 179919K [0x00000000a0c00000, 0x00000000ad700000, 0x00000000e0400000)
  object space 207872K, 86% used [0x00000000a0c00000,0x00000000abbb3c98,0x00000000ad700000)
 Metaspace       used 18044K, capacity 18217K, committed 18560K, reserved 1067008K
  class space    used 1735K, capacity 1793K, committed 1920K, reserved 1048576K
GC Heap History (10 events):
Event: 39.525 GC heap before
{Heap before GC invocations=66 (full 3):
 PSYoungGen      total 510976K, used 505472K [0x00000000e0400000, 0x00000000ffe80000, 0x0000000100000000)
  eden space 505344K, 100% used [0x00000000e0400000,0x00000000ff180000,0x00000000ff180000)
  from space 5632K, 2% used [0x00000000ff900000,0x00000000ff920000,0x00000000ffe80000)
  to   space 6656K, 0% used [0x00000000ff180000,0x00000000ff180000,0x00000000ff800000)
 ParOldGen       total 207872K, used 163719K [0x00000000a0c00000, 0x00000000ad700000, 0x00000000e0400000)
  object space 207872K, 78% used [0x00000000a0c00000,0x00000000aabe1c78,0x00000000ad700000)
 Metaspace       used 18009K, capacity 18217K, committed 18560K, reserved 1067008K
  class space    used 1723K, capacity 1793K, committed 1920K, reserved 1048576K
Event: 39.530 GC heap after
Heap after GC invocations=66 (full 3):
 PSYoungGen      total 512000K, used 64K [0x00000000e0400000, 0x0000000100000000, 0x0000000100000000)
  eden space 505344K, 0% used [0x00000000e0400000,0x00000000e0400000,0x00000000ff180000)
  from space 6656K, 0% used [0x00000000ff180000,0x00000000ff190000,0x00000000ff800000)
  to   space 6144K, 0% used [0x00000000ffa00000,0x00000000ffa00000,0x0000000100000000)
 ParOldGen       total 207872K, used 171819K [0x00000000a0c00000, 0x00000000ad700000, 0x00000000e0400000)
  object space 207872K, 82% used [0x00000000a0c00000,0x00000000ab3cac88,0x00000000ad700000)
 Metaspace       used 18009K, capacity 18217K, committed 18560K, reserved 1067008K
  class space    used 1723K, capacity 1793K, committed 1920K, reserved 1048576K
}
Event: 41.991 GC heap before
{Heap before GC invocations=67 (full 3):
 PSYoungGen      total 512000K, used 504583K [0x00000000e0400000, 0x0000000100000000, 0x0000000100000000)
  eden space 505344K, 99% used [0x00000000e0400000,0x00000000ff0b1cd0,0x00000000ff180000)
  from space 6656K, 0% used [0x00000000ff180000,0x00000000ff190000,0x00000000ff800000)
  to   space 6144K, 0% used [0x00000000ffa00000,0x00000000ffa00000,0x0000000100000000)
 ParOldGen       total 207872K, used 171819K [0x00000000a0c00000, 0x00000000ad700000, 0x00000000e0400000)
  object space 207872K, 82% used [0x00000000a0c00000,0x00000000ab3cac88,0x00000000ad700000)
 Metaspace       used 18009K, capacity 18217K, committed 18560K, reserved 1067008K
  class space    used 1723K, capacity 1793K, committed 1920K, reserved 1048576K
Event: 41.995 GC heap after
Heap after GC invocations=67 (full 3):
 PSYoungGen      total 513024K, used 944K [0x00000000e0400000, 0x00000000fff80000, 0x0000000100000000)
  eden space 507392K, 0% used [0x00000000e0400000,0x00000000e0400000,0x00000000ff380000)
  from space 5632K, 16% used [0x00000000ffa00000,0x00000000ffaec010,0x00000000fff80000)
  to   space 6144K, 0% used [0x00000000ff380000,0x00000000ff380000,0x00000000ff980000)
 ParOldGen       total 207872K, used 179919K [0x00000000a0c00000, 0x00000000ad700000, 0x00000000e0400000)
  object space 207872K, 86% used [0x00000000a0c00000,0x00000000abbb3c98,0x00000000ad700000)
 Metaspace       used 18009K, capacity 18217K, committed 18560K, reserved 1067008K
  class space    used 1723K, capacity 1793K, committed 1920K, reserved 1048576K
}
Event: 45.453 GC heap before
{Heap before GC invocations=68 (full 3):
 PSYoungGen      total 513024K, used 508168K [0x00000000e0400000, 0x00000000fff80000, 0x0000000100000000)
  eden space 507392K, 99% used [0x00000000e0400000,0x00000000ff356338,0x00000000ff380000)
  from space 5632K, 16% used [0x00000000ffa00000,0x00000000ffaec010,0x00000000fff80000)
  to   space 6144K, 0% used [0x00000000ff380000,0x00000000ff380000,0x00000000ff980000)
 ParOldGen       total 207872K, used 179919K [0x00000000a0c00000, 0x00000000ad700000, 0x00000000e0400000)
  object space 207872K, 86% used [0x00000000a0c00000,0x00000000abbb3c98,0x00000000ad700000)
 Metaspace       used 18009K, capacity 18217K, committed 18560K, reserved 1067008K
  class space    used 1723K, capacity 1793K, committed 1920K, reserved 1048576K
Event: 45.454 GC heap after
Heap after GC invocations=68 (full 3):
 PSYoungGen      total 513536K, used 128K [0x00000000e0400000, 0x00000000fff80000, 0x0000000100000000)
  eden space 507392K, 0% used [0x00000000e0400000,0x00000000e0400000,0x00000000ff380000)
  from space 6144K, 2% used [0x00000000ff380000,0x00000000ff3a0000,0x00000000ff980000)
  to   space 5632K, 0% used [0x00000000ffa00000,0x00000000ffa00000,0x00000000fff80000)
 ParOldGen       total 207872K, used 179919K [0x00000000a0c00000, 0x00000000ad700000, 0x00000000e0400000)
  object space 207872K, 86% used [0x00000000a0c00000,0x00000000abbb3c98,0x00000000ad700000)
 Metaspace       used 18009K, capacity 18217K, committed 18560K, reserved 1067008K
  class space    used 1723K, capacity 1793K, committed 1920K, reserved 1048576K
}
Event: 49.187 GC heap before
{Heap before GC invocations=69 (full 3):
 PSYoungGen      total 513536K, used 503055K [0x00000000e0400000, 0x00000000fff80000, 0x0000000100000000)
  eden space 507392K, 99% used [0x00000000e0400000,0x00000000fef23d38,0x00000000ff380000)
  from space 6144K, 2% used [0x00000000ff380000,0x00000000ff3a0000,0x00000000ff980000)
  to   space 5632K, 0% used [0x00000000ffa00000,0x00000000ffa00000,0x00000000fff80000)
 ParOldGen       total 207872K, used 179919K [0x00000000a0c00000, 0x00000000ad700000, 0x00000000e0400000)
  object space 207872K, 86% used [0x00000000a0c00000,0x00000000abbb3c98,0x00000000ad700000)
 Metaspace       used 18009K, capacity 18217K, committed 18560K, reserved 1067008K
  class space    used 1723K, capacity 1793K, committed 1920K, reserved 1048576K
Event: 49.188 GC heap after
Heap after GC invocations=69 (full 3):
 PSYoungGen      total 513024K, used 128K [0x00000000e0400000, 0x00000000ffe80000, 0x0000000100000000)
  eden space 508416K, 0% used [0x00000000e0400000,0x00000000e0400000,0x00000000ff480000)
  from space 4608K, 2% used [0x00000000ffa00000,0x00000000ffa20000,0x00000000ffe80000)
  to   space 5120K, 0% used [0x00000000ff480000,0x00000000ff480000,0x00000000ff980000)
 ParOldGen       total 207872K, used 179919K [0x00000000a0c00000, 0x00000000ad700000, 0x00000000e0400000)
  object space 207872K, 86% used [0x00000000a0c00000,0x00000000abbb3c98,0x00000000ad700000)
 Metaspace       used 18009K, capacity 18217K, committed 18560K, reserved 1067008K
  class space    used 1723K, capacity 1793K, committed 1920K, reserved 1048576K
}
Event: 52.588 GC heap before
{Heap before GC invocations=70 (full 3):
 PSYoungGen      total 513024K, used 503153K [0x00000000e0400000, 0x00000000ffe80000, 0x0000000100000000)
  eden space 508416K, 98% used [0x00000000e0400000,0x00000000fef3c6b0,0x00000000ff480000)
  from space 4608K, 2% used [0x00000000ffa00000,0x00000000ffa20000,0x00000000ffe80000)
  to   space 5120K, 0% used [0x00000000ff480000,0x00000000ff480000,0x00000000ff980000)
 ParOldGen       total 207872K, used 179919K [0x00000000a0c00000, 0x00000000ad700000, 0x00000000e0400000)
  object space 207872K, 86% used [0x00000000a0c00000,0x00000000abbb3c98,0x00000000ad700000)
 Metaspace       used 18009K, capacity 18217K, committed 18560K, reserved 1067008K
  class space    used 1723K, capacity 1793K, committed 1920K, reserved 1048576K
Event: 52.589 GC heap after
Heap after GC invocations=70 (full 3):
 PSYoungGen      total 513536K, used 128K [0x00000000e0400000, 0x00000000fff80000, 0x0000000100000000)
  eden space 508416K, 0% used [0x00000000e0400000,0x00000000e0400000,0x00000000ff480000)
  from space 5120K, 2% used [0x00000000ff480000,0x00000000ff4a0000,0x00000000ff980000)
  to   space 4608K, 0% used [0x00000000ffb00000,0x00000000ffb00000,0x00000000fff80000)
 ParOldGen       total 207872K, used 179919K [0x00000000a0c00000, 0x00000000ad700000, 0x00000000e0400000)
  object space 207872K, 86% used [0x00000000a0c00000,0x00000000abbb3c98,0x00000000ad700000)
 Metaspace       used 18009K, capacity 18217K, committed 18560K, reserved 1067008K
  class space    used 1723K, capacity 1793K, committed 1920K, reserved 1048576K
}

